Namespace(data_dir='data', dataset='amazon-computers', device=0, seed=123, cpu=False, epochs=500, runs=10, train_prop=0.5, valid_prop=0.25, protocol='semi', rand_split=True, rand_split_class=False, label_num_per_class=20, valid_num=500, test_num=500, directed=False, method='gcn', hidden_channels=64, num_layers=4, num_heads=1, alpha=0.5, use_bn=False, use_residual=False, use_graph=False, use_weight=False, use_init=False, use_act=False, attention='gcn', lr=0.01, weight_decay=0.0005, dropout=0.5, display_step=50, no_feat_norm=False, patience=200, graph_weight=0.8, ours_weight_decay=None, ours_use_weight=False, ours_use_residual=False, ours_use_act=False, backbone='gcn', ours_layers=2, ours_dropout=None, aggregate='add', hops=1, gat_heads=8, out_heads=1, lamda=0.1, num_elayers=2, encoder_emdim=768, num_partitions=10, num_reps=4, partition_method='metis', no_pse=False, local_only=False, global_only=False)
amazon-computers
amazon-computers: nodes=13752, edges=491722, feats=767, classes=10
features shape=torch.Size([13752, 767])
num nodes 13752 | num classes 10 | num node feats 767
Epoch: 00, Loss: 2.3027, Train: 37.89%, Valid: 37.00%, Test: 37.26%
Epoch: 50, Loss: 1.5432, Train: 43.79%, Valid: 43.51%, Test: 42.47%
Epoch: 100, Loss: 1.2596, Train: 59.66%, Valid: 57.94%, Test: 57.65%
Epoch: 150, Loss: 1.1225, Train: 63.21%, Valid: 61.46%, Test: 60.50%
Epoch: 200, Loss: 0.9355, Train: 68.14%, Valid: 66.55%, Test: 66.03%
Epoch: 250, Loss: 0.8024, Train: 73.08%, Valid: 71.67%, Test: 69.95%
Epoch: 300, Loss: 0.7428, Train: 80.09%, Valid: 77.87%, Test: 77.17%
Epoch: 350, Loss: 0.6611, Train: 81.65%, Valid: 78.80%, Test: 78.48%
Epoch: 400, Loss: 0.6162, Train: 82.69%, Valid: 80.31%, Test: 79.81%
Epoch: 450, Loss: 0.5931, Train: 83.10%, Valid: 79.90%, Test: 79.35%
Run 01:Highest Train: 84.37 Highest Valid: 81.65 Highest Test: 81.53 Chosen epoch: 486
Final Train: 83.99 Final Test: 81.09
Epoch: 00, Loss: 2.3026, Train: 37.27%, Valid: 37.26%, Test: 38.22%
Epoch: 50, Loss: 1.4439, Train: 47.03%, Valid: 48.25%, Test: 47.38%
Epoch: 100, Loss: 1.2066, Train: 60.56%, Valid: 62.30%, Test: 60.73%
Epoch: 150, Loss: 1.0814, Train: 63.90%, Valid: 64.69%, Test: 63.26%
Epoch: 200, Loss: 0.9694, Train: 67.64%, Valid: 68.32%, Test: 66.87%
Epoch: 250, Loss: 0.8570, Train: 71.67%, Valid: 72.37%, Test: 72.31%
Epoch: 300, Loss: 0.7377, Train: 78.87%, Valid: 79.93%, Test: 79.46%
Epoch: 350, Loss: 0.7119, Train: 78.11%, Valid: 78.97%, Test: 78.45%
Epoch: 400, Loss: 0.7005, Train: 81.27%, Valid: 81.53%, Test: 81.59%
Epoch: 450, Loss: 0.6326, Train: 82.34%, Valid: 82.58%, Test: 82.29%
Run 02:Highest Train: 83.54 Highest Valid: 83.65 Highest Test: 83.92 Chosen epoch: 488
Final Train: 83.54 Final Test: 83.89
Epoch: 00, Loss: 2.3026, Train: 37.73%, Valid: 36.21%, Test: 38.37%
Epoch: 50, Loss: 1.3940, Train: 53.14%, Valid: 52.56%, Test: 54.42%
Epoch: 100, Loss: 1.1920, Train: 62.04%, Valid: 61.75%, Test: 63.44%
Epoch: 150, Loss: 1.0690, Train: 62.09%, Valid: 62.30%, Test: 63.53%
Epoch: 200, Loss: 1.0016, Train: 64.99%, Valid: 64.83%, Test: 66.20%
Epoch: 250, Loss: 0.8531, Train: 69.72%, Valid: 69.23%, Test: 70.71%
Epoch: 300, Loss: 0.7371, Train: 78.64%, Valid: 77.08%, Test: 78.68%
Epoch: 350, Loss: 0.6829, Train: 80.58%, Valid: 78.85%, Test: 80.31%
Epoch: 400, Loss: 0.6730, Train: 82.10%, Valid: 80.28%, Test: 81.70%
Epoch: 450, Loss: 0.6208, Train: 83.26%, Valid: 80.92%, Test: 82.69%
Run 03:Highest Train: 84.74 Highest Valid: 82.61 Highest Test: 84.21 Chosen epoch: 495
Final Train: 84.69 Final Test: 84.21
Epoch: 00, Loss: 2.3027, Train: 36.84%, Valid: 37.67%, Test: 38.69%
Epoch: 50, Loss: 1.4952, Train: 45.64%, Valid: 44.82%, Test: 45.96%
Epoch: 100, Loss: 1.2016, Train: 60.03%, Valid: 59.66%, Test: 60.24%
Epoch: 150, Loss: 1.1731, Train: 61.79%, Valid: 62.25%, Test: 62.68%
Epoch: 200, Loss: 0.8851, Train: 69.76%, Valid: 69.05%, Test: 69.72%
Epoch: 250, Loss: 0.7392, Train: 78.32%, Valid: 77.81%, Test: 78.77%
Epoch: 300, Loss: 0.6893, Train: 78.08%, Valid: 76.38%, Test: 77.75%
Epoch: 350, Loss: 0.6419, Train: 81.75%, Valid: 80.34%, Test: 81.62%
Epoch: 400, Loss: 0.6826, Train: 77.85%, Valid: 77.23%, Test: 78.07%
Epoch: 450, Loss: 0.6196, Train: 82.17%, Valid: 80.60%, Test: 79.84%
Run 04:Highest Train: 84.61 Highest Valid: 83.25 Highest Test: 83.30 Chosen epoch: 499
Final Train: 84.24 Final Test: 83.30
Epoch: 00, Loss: 2.3030, Train: 36.98%, Valid: 38.80%, Test: 37.26%
Epoch: 50, Loss: 1.4940, Train: 46.41%, Valid: 47.27%, Test: 46.80%
Epoch: 100, Loss: 1.2355, Train: 52.73%, Valid: 53.84%, Test: 52.50%
Epoch: 150, Loss: 1.1324, Train: 63.31%, Valid: 62.59%, Test: 61.40%
Epoch: 200, Loss: 1.0050, Train: 67.09%, Valid: 66.20%, Test: 64.60%
Epoch: 250, Loss: 0.8534, Train: 70.06%, Valid: 70.22%, Test: 67.68%
Epoch: 300, Loss: 0.7281, Train: 78.58%, Valid: 78.74%, Test: 77.92%
Epoch: 350, Loss: 0.7219, Train: 81.06%, Valid: 80.69%, Test: 79.78%
Epoch: 400, Loss: 0.6357, Train: 81.53%, Valid: 81.36%, Test: 80.69%
Epoch: 450, Loss: 0.6109, Train: 82.87%, Valid: 82.52%, Test: 81.82%
Run 05:Highest Train: 83.92 Highest Valid: 83.13 Highest Test: 82.23 Chosen epoch: 459
Final Train: 83.92 Final Test: 81.94
Epoch: 00, Loss: 2.3023, Train: 37.36%, Valid: 37.32%, Test: 37.99%
Epoch: 50, Loss: 1.4749, Train: 42.23%, Valid: 42.18%, Test: 42.99%
Epoch: 100, Loss: 1.1393, Train: 61.82%, Valid: 61.37%, Test: 59.86%
Epoch: 150, Loss: 1.0606, Train: 64.76%, Valid: 64.25%, Test: 63.29%
Epoch: 200, Loss: 0.9269, Train: 70.04%, Valid: 70.19%, Test: 69.66%
Epoch: 250, Loss: 0.7718, Train: 78.00%, Valid: 77.55%, Test: 77.72%
Epoch: 300, Loss: 0.6835, Train: 79.64%, Valid: 78.59%, Test: 78.80%
Epoch: 350, Loss: 0.6302, Train: 82.29%, Valid: 81.36%, Test: 80.89%
Epoch: 400, Loss: 0.5896, Train: 84.67%, Valid: 82.93%, Test: 82.87%
Epoch: 450, Loss: 0.6337, Train: 82.13%, Valid: 81.06%, Test: 81.33%
Run 06:Highest Train: 84.99 Highest Valid: 83.28 Highest Test: 83.54 Chosen epoch: 403
Final Train: 84.73 Final Test: 83.54
Epoch: 00, Loss: 2.3030, Train: 37.54%, Valid: 36.94%, Test: 37.29%
Epoch: 50, Loss: 1.7330, Train: 37.70%, Valid: 37.09%, Test: 37.55%
Epoch: 100, Loss: 1.2626, Train: 60.44%, Valid: 59.22%, Test: 60.47%
Epoch: 150, Loss: 1.0795, Train: 65.04%, Valid: 63.53%, Test: 65.76%
Epoch: 200, Loss: 0.9490, Train: 69.14%, Valid: 67.36%, Test: 68.41%
Epoch: 250, Loss: 0.7796, Train: 76.08%, Valid: 74.55%, Test: 74.90%
Epoch: 300, Loss: 0.7655, Train: 74.80%, Valid: 73.24%, Test: 74.52%
Epoch: 350, Loss: 0.5666, Train: 85.01%, Valid: 82.96%, Test: 83.89%
Epoch: 400, Loss: 0.5280, Train: 84.87%, Valid: 83.16%, Test: 83.36%
Epoch: 450, Loss: 0.5200, Train: 84.08%, Valid: 81.88%, Test: 82.52%
Run 07:Highest Train: 86.53 Highest Valid: 85.17 Highest Test: 85.81 Chosen epoch: 463
Final Train: 86.34 Final Test: 85.81
Epoch: 00, Loss: 2.3025, Train: 37.55%, Valid: 38.69%, Test: 36.24%
Epoch: 50, Loss: 1.6330, Train: 37.55%, Valid: 38.69%, Test: 36.24%
Epoch: 100, Loss: 1.3492, Train: 55.32%, Valid: 55.99%, Test: 53.37%
Epoch: 150, Loss: 1.1793, Train: 60.79%, Valid: 62.22%, Test: 59.60%
Epoch: 200, Loss: 1.1139, Train: 63.22%, Valid: 64.51%, Test: 61.66%
Epoch: 250, Loss: 1.0441, Train: 64.79%, Valid: 65.71%, Test: 63.35%
Epoch: 300, Loss: 0.9749, Train: 65.75%, Valid: 66.49%, Test: 64.25%
Epoch: 350, Loss: 0.8595, Train: 74.13%, Valid: 75.28%, Test: 72.95%
Epoch: 400, Loss: 0.7270, Train: 77.18%, Valid: 77.34%, Test: 75.07%
Epoch: 450, Loss: 0.6826, Train: 78.39%, Valid: 78.39%, Test: 76.32%
Run 08:Highest Train: 81.30 Highest Valid: 81.70 Highest Test: 79.41 Chosen epoch: 495
Final Train: 81.22 Final Test: 79.14
Epoch: 00, Loss: 2.3025, Train: 37.43%, Valid: 38.19%, Test: 36.71%
Epoch: 50, Loss: 1.6839, Train: 37.54%, Valid: 38.28%, Test: 36.82%
Epoch: 100, Loss: 1.3524, Train: 55.25%, Valid: 55.09%, Test: 54.07%
Epoch: 150, Loss: 1.2298, Train: 58.78%, Valid: 58.52%, Test: 57.94%
Epoch: 200, Loss: 1.1007, Train: 61.84%, Valid: 61.23%, Test: 60.56%
Epoch: 250, Loss: 1.0121, Train: 66.52%, Valid: 66.70%, Test: 65.59%
Epoch: 300, Loss: 0.8355, Train: 75.41%, Valid: 74.55%, Test: 75.19%
Epoch: 350, Loss: 0.7145, Train: 79.48%, Valid: 78.30%, Test: 78.88%
Epoch: 400, Loss: 0.6529, Train: 81.46%, Valid: 80.02%, Test: 80.02%
Epoch: 450, Loss: 0.6453, Train: 79.29%, Valid: 78.24%, Test: 77.92%
Run 09:Highest Train: 83.48 Highest Valid: 81.59 Highest Test: 81.85 Chosen epoch: 488
Final Train: 83.48 Final Test: 81.85
Epoch: 00, Loss: 2.3029, Train: 37.45%, Valid: 37.14%, Test: 37.99%
Epoch: 50, Loss: 1.8931, Train: 37.45%, Valid: 37.14%, Test: 37.99%
Epoch: 100, Loss: 1.5078, Train: 44.79%, Valid: 44.53%, Test: 45.64%
Epoch: 150, Loss: 1.3026, Train: 56.21%, Valid: 56.28%, Test: 57.04%
Epoch: 200, Loss: 1.1524, Train: 55.48%, Valid: 55.15%, Test: 55.99%
Epoch: 250, Loss: 1.0231, Train: 66.84%, Valid: 65.10%, Test: 66.75%
Epoch: 300, Loss: 0.9217, Train: 70.00%, Valid: 69.98%, Test: 70.16%
Epoch: 350, Loss: 0.7635, Train: 75.58%, Valid: 73.39%, Test: 74.99%
Epoch: 400, Loss: 0.7744, Train: 80.48%, Valid: 77.66%, Test: 79.35%
Epoch: 450, Loss: 0.6329, Train: 82.62%, Valid: 79.64%, Test: 81.85%
Run 10:Highest Train: 83.49 Highest Valid: 80.95 Highest Test: 82.49 Chosen epoch: 477
Final Train: 83.35 Final Test: 82.29
10 runs: Highest Train: 84.10 ± 1.35 Highest val epoch:476
Highest Test: 82.83 ± 1.75 Final Test: 82.71 ± 1.86
