Namespace(data_dir='data', dataset='cora', device=0, seed=123, cpu=False, epochs=500, runs=3, train_prop=0.5, valid_prop=0.25, protocol='semi', rand_split=False, rand_split_class=True, label_num_per_class=20, valid_num=500, test_num=1000, directed=False, method='gcn', hidden_channels=64, num_layers=4, num_heads=1, alpha=0.5, use_bn=False, use_residual=False, use_graph=False, use_weight=False, use_init=False, use_act=False, attention='gcn', lr=0.01, weight_decay=0.0005, dropout=0.5, display_step=50, no_feat_norm=False, patience=200, graph_weight=0.8, ours_weight_decay=None, ours_use_weight=False, ours_use_residual=False, ours_use_act=False, backbone='gcn', ours_layers=2, ours_dropout=None, aggregate='add', hops=1, gat_heads=8, out_heads=1, lamda=0.1, num_elayers=2, encoder_emdim=768, num_partitions=10, num_reps=4, partition_method='metis', no_pse=False, local_only=False, global_only=False)
cora
Num nodes: 2708
train:torch.Size([140]), valid:torch.Size([500]), test:torch.Size([1000])
features shape=torch.Size([2708, 1433])
num nodes 2708 | num classes 7 | num node feats 1433
Epoch: 00, Loss: 1.9456, Train: 15.71%, Valid: 15.80%, Test: 16.30%
Epoch: 50, Loss: 0.0954, Train: 99.29%, Valid: 75.80%, Test: 80.80%
Epoch: 100, Loss: 0.0824, Train: 100.00%, Valid: 73.40%, Test: 77.80%
Epoch: 150, Loss: 0.0766, Train: 100.00%, Valid: 76.60%, Test: 81.00%
Epoch: 200, Loss: 0.0330, Train: 100.00%, Valid: 75.60%, Test: 79.30%
Epoch: 250, Loss: 0.0598, Train: 100.00%, Valid: 76.40%, Test: 80.10%
Epoch: 300, Loss: 0.0363, Train: 100.00%, Valid: 75.00%, Test: 78.80%
Run 01:Highest Train: 100.00 Highest Valid: 78.20 Highest Test: 81.90 Chosen epoch: 139
Final Train: 100.00 Final Test: 81.00
Epoch: 00, Loss: 1.9460, Train: 15.00%, Valid: 14.80%, Test: 18.10%
Epoch: 50, Loss: 0.2535, Train: 99.29%, Valid: 76.40%, Test: 80.10%
Epoch: 100, Loss: 0.1149, Train: 100.00%, Valid: 77.40%, Test: 79.70%
Epoch: 150, Loss: 0.0642, Train: 100.00%, Valid: 77.60%, Test: 80.90%
Epoch: 200, Loss: 0.0276, Train: 100.00%, Valid: 77.40%, Test: 79.50%
Epoch: 250, Loss: 0.0681, Train: 100.00%, Valid: 76.80%, Test: 80.80%
Epoch: 300, Loss: 0.0302, Train: 100.00%, Valid: 75.20%, Test: 79.90%
Epoch: 350, Loss: 0.0214, Train: 99.29%, Valid: 76.60%, Test: 79.70%
Epoch: 400, Loss: 0.0408, Train: 100.00%, Valid: 74.00%, Test: 75.30%
Epoch: 450, Loss: 0.0471, Train: 100.00%, Valid: 75.20%, Test: 79.00%
Run 02:Highest Train: 100.00 Highest Valid: 80.20 Highest Test: 81.70 Chosen epoch: 427
Final Train: 100.00 Final Test: 81.10
Epoch: 00, Loss: 1.9461, Train: 15.00%, Valid: 17.00%, Test: 16.30%
Epoch: 50, Loss: 0.2037, Train: 92.86%, Valid: 72.20%, Test: 74.60%
Epoch: 100, Loss: 0.0797, Train: 99.29%, Valid: 76.40%, Test: 79.40%
Epoch: 150, Loss: 0.0553, Train: 98.57%, Valid: 70.60%, Test: 73.80%
Epoch: 200, Loss: 0.0300, Train: 100.00%, Valid: 75.00%, Test: 80.00%
Epoch: 250, Loss: 0.0343, Train: 100.00%, Valid: 75.60%, Test: 80.10%
Epoch: 300, Loss: 0.0410, Train: 100.00%, Valid: 73.20%, Test: 78.40%
Epoch: 350, Loss: 0.0415, Train: 100.00%, Valid: 74.40%, Test: 79.30%
Epoch: 400, Loss: 0.0261, Train: 100.00%, Valid: 73.00%, Test: 77.30%
Epoch: 450, Loss: 0.0209, Train: 100.00%, Valid: 75.60%, Test: 79.50%
Run 03:Highest Train: 100.00 Highest Valid: 79.60 Highest Test: 82.40 Chosen epoch: 430
Final Train: 100.00 Final Test: 82.20
3 runs: Highest Train: 100.00 ± 0.00 Highest val epoch:429
Highest Test: 82.00 ± 0.36 Final Test: 81.43 ± 0.67
