Namespace(data_dir='data', dataset='amazon-computers', device=0, seed=123, cpu=False, epochs=500, runs=3, train_prop=0.5, valid_prop=0.25, protocol='semi', rand_split=True, rand_split_class=False, label_num_per_class=20, valid_num=500, test_num=500, directed=False, method='pcgt', hidden_channels=64, num_layers=4, num_heads=1, alpha=0.5, use_bn=False, use_residual=True, use_graph=True, use_weight=False, use_init=False, use_act=False, attention='gcn', lr=0.01, weight_decay=0.0005, dropout=0.5, display_step=50, no_feat_norm=True, patience=200, graph_weight=0.8, ours_weight_decay=0.001, ours_use_weight=False, ours_use_residual=False, ours_use_act=False, backbone='gcn', ours_layers=1, ours_dropout=0.2, aggregate='add', hops=1, gat_heads=8, out_heads=1, lamda=0.1, num_elayers=2, encoder_emdim=768, num_partitions=10, num_reps=4, partition_method='metis', no_pse=False, local_only=False, global_only=False)
amazon-computers
amazon-computers: nodes=13752, edges=491722, feats=767, classes=10
features shape=torch.Size([13752, 767])
num nodes 13752 | num classes 10 | num node feats 767
Computing 10 partitions using metis...
Partitions: 10, Boundary nodes: 9239/13752 (67.2%)
Intra-partition edges: 357678/491722 (72.7%)
Epoch: 00, Loss: 2.2263, Train: 37.89%, Valid: 37.00%, Test: 37.26% [α=0.50,β=0.99]
Epoch: 50, Loss: 0.5851, Train: 85.43%, Valid: 83.04%, Test: 83.04% [α=0.57,β=1.14]
Epoch: 100, Loss: 0.3208, Train: 91.93%, Valid: 87.46%, Test: 87.90% [α=0.60,β=1.37]
Epoch: 150, Loss: 0.2411, Train: 94.20%, Valid: 88.28%, Test: 88.63% [α=0.62,β=1.56]
Epoch: 200, Loss: 0.2300, Train: 94.08%, Valid: 87.99%, Test: 88.10% [α=0.64,β=1.76]
Epoch: 250, Loss: 0.1534, Train: 96.38%, Valid: 88.39%, Test: 88.39% [α=0.66,β=1.93]
Epoch: 300, Loss: 0.1343, Train: 97.50%, Valid: 89.38%, Test: 89.35% [α=0.68,β=2.12]
Epoch: 350, Loss: 0.2969, Train: 91.99%, Valid: 87.23%, Test: 86.71% [α=0.72,β=2.29]
Epoch: 400, Loss: 0.1907, Train: 95.33%, Valid: 87.84%, Test: 88.10% [α=0.71,β=2.45]
Epoch: 450, Loss: 0.1221, Train: 97.93%, Valid: 88.80%, Test: 88.69% [α=0.72,β=2.62]
Run 01:Highest Train: 98.43 Highest Valid: 89.73 Highest Test: 89.70 Chosen epoch: 304
Final Train: 97.66 Final Test: 89.12
Epoch: 00, Loss: 2.3118, Train: 37.27%, Valid: 37.26%, Test: 38.22% [α=0.50,β=1.00]
Epoch: 50, Loss: 0.5120, Train: 85.67%, Valid: 84.15%, Test: 84.64% [α=0.64,β=1.64]
Epoch: 100, Loss: 0.5353, Train: 85.88%, Valid: 82.93%, Test: 83.16% [α=0.68,β=2.02]
Epoch: 150, Loss: 0.2429, Train: 94.11%, Valid: 87.46%, Test: 88.22% [α=0.71,β=2.30]
Epoch: 200, Loss: 0.2903, Train: 93.57%, Valid: 86.27%, Test: 87.29% [α=0.75,β=2.57]
Epoch: 250, Loss: 0.2577, Train: 94.74%, Valid: 86.45%, Test: 87.55% [α=0.77,β=2.78]
Epoch: 300, Loss: 0.3052, Train: 90.01%, Valid: 84.61%, Test: 84.90% [α=0.80,β=2.96]
Epoch: 350, Loss: 0.1416, Train: 96.70%, Valid: 87.67%, Test: 88.13% [α=0.81,β=3.13]
Epoch: 400, Loss: 0.1499, Train: 97.64%, Valid: 88.25%, Test: 88.45% [α=0.82,β=3.30]
Epoch: 450, Loss: 0.7623, Train: 77.39%, Valid: 75.13%, Test: 75.95% [α=0.84,β=3.44]
Run 02:Highest Train: 98.52 Highest Valid: 88.51 Highest Test: 88.80 Chosen epoch: 257
Final Train: 95.91 Final Test: 88.34
Epoch: 00, Loss: 2.2806, Train: 37.73%, Valid: 36.21%, Test: 38.37% [α=0.50,β=1.00]
Epoch: 50, Loss: 0.4742, Train: 87.32%, Valid: 85.11%, Test: 86.01% [α=0.63,β=1.63]
Epoch: 100, Loss: 0.4764, Train: 73.41%, Valid: 69.90%, Test: 70.16% [α=0.65,β=2.00]
Epoch: 150, Loss: 0.3164, Train: 92.10%, Valid: 87.61%, Test: 88.66% [α=0.69,β=2.31]
Epoch: 200, Loss: 0.2780, Train: 93.09%, Valid: 87.29%, Test: 88.05% [α=0.70,β=2.56]
Epoch: 250, Loss: 0.3653, Train: 92.12%, Valid: 85.46%, Test: 86.82% [α=0.73,β=2.77]
Run 03:Highest Train: 95.22 Highest Valid: 88.22 Highest Test: 88.89 Chosen epoch: 83
Final Train: 91.83 Final Test: 88.19
3 runs: Highest Train: 97.39 ± 1.88 Highest val epoch:82
Highest Test: 89.13 ± 0.50 Final Test: 88.55 ± 0.50
