Namespace(data_dir='data', dataset='deezer-europe', device=0, seed=42, cpu=False, epochs=500, runs=3, train_prop=0.5, valid_prop=0.25, protocol='semi', rand_split=True, rand_split_class=False, label_num_per_class=20, valid_num=500, test_num=500, directed=False, method='pcgt', hidden_channels=96, num_layers=2, num_heads=1, alpha=0.5, use_bn=False, use_residual=False, use_graph=True, use_weight=False, use_init=False, use_act=False, attention='gcn', lr=0.01, weight_decay=5e-05, dropout=0.4, display_step=50, no_feat_norm=False, patience=200, graph_weight=0.5, ours_weight_decay=5e-05, ours_use_weight=False, ours_use_residual=True, ours_use_act=False, backbone='gcn', ours_layers=1, ours_dropout=0.4, aggregate='add', hops=1, gat_heads=8, out_heads=1, lamda=0.1, num_elayers=2, encoder_emdim=768, num_partitions=20, num_reps=4, partition_method='metis', no_pse=False, local_only=False, global_only=False)
deezer-europe
features shape=torch.Size([28281, 31241])
num nodes 28281 | num classes 2 | num node feats 31241
Computing 20 partitions using metis...
Partitions: 20, Boundary nodes: 14754/28281 (52.2%)
Intra-partition edges: 133312/185504 (71.9%)
Epoch: 00, Loss: 0.6944, Train: 55.91%, Valid: 56.01%, Test: 54.86% [α=0.50,β=0.99]
Epoch: 50, Loss: 0.2097, Train: 94.33%, Valid: 65.57%, Test: 64.25% [α=0.52,β=1.41]
Epoch: 100, Loss: 0.1136, Train: 98.39%, Valid: 64.31%, Test: 62.93% [α=0.54,β=1.74]
Epoch: 150, Loss: 0.0592, Train: 99.52%, Valid: 63.58%, Test: 62.47% [α=0.55,β=2.01]
Epoch: 200, Loss: 0.0423, Train: 99.61%, Valid: 63.42%, Test: 62.34% [α=0.56,β=2.19]
Run 01:Highest Train: 99.62 Highest Valid: 67.17 Highest Test: 66.44 Chosen epoch: 12
Final Train: 78.27 Final Test: 66.40
Epoch: 00, Loss: 0.6968, Train: 56.24%, Valid: 55.76%, Test: 55.01% [α=0.50,β=1.00]
Epoch: 50, Loss: 0.1577, Train: 96.80%, Valid: 64.78%, Test: 64.46% [α=0.50,β=1.62]
Epoch: 100, Loss: 0.0722, Train: 99.14%, Valid: 63.14%, Test: 63.29% [α=0.53,β=2.10]
Epoch: 150, Loss: 0.2092, Train: 95.75%, Valid: 63.85%, Test: 64.43% [α=0.53,β=2.28]
Epoch: 200, Loss: 0.1139, Train: 98.96%, Valid: 63.64%, Test: 64.15% [α=0.54,β=2.55]
Run 02:Highest Train: 99.41 Highest Valid: 67.81 Highest Test: 67.35 Chosen epoch: 12
Final Train: 76.99 Final Test: 66.85
Epoch: 00, Loss: 0.6918, Train: 55.75%, Valid: 55.87%, Test: 55.30% [α=0.50,β=1.00]
Epoch: 50, Loss: 0.1773, Train: 94.69%, Valid: 65.05%, Test: 65.29% [α=0.50,β=1.35]
Epoch: 100, Loss: 0.1197, Train: 98.42%, Valid: 64.20%, Test: 64.52% [α=0.51,β=1.66]
Epoch: 150, Loss: 0.0774, Train: 99.21%, Valid: 64.44%, Test: 64.12% [α=0.52,β=1.91]
Epoch: 200, Loss: 0.1005, Train: 99.05%, Valid: 64.79%, Test: 64.12% [α=0.52,β=2.16]
Run 03:Highest Train: 99.43 Highest Valid: 67.10 Highest Test: 66.69 Chosen epoch: 20
Final Train: 81.44 Final Test: 66.64
3 runs: Highest Train: 99.48 ± 0.12 Highest val epoch:19
Highest Test: 66.83 ± 0.47 Final Test: 66.63 ± 0.23
