Namespace(data_dir='data', dataset='deezer-europe', device=0, seed=123, cpu=False, epochs=500, runs=3, train_prop=0.5, valid_prop=0.25, protocol='semi', rand_split=True, rand_split_class=False, label_num_per_class=20, valid_num=500, test_num=500, directed=False, method='sgformer', hidden_channels=96, num_layers=2, num_heads=1, alpha=0.5, use_bn=False, use_residual=False, use_graph=True, use_weight=False, use_init=False, use_act=False, attention='gcn', lr=0.01, weight_decay=5e-05, dropout=0.4, display_step=50, no_feat_norm=False, patience=200, graph_weight=0.8, ours_weight_decay=5e-05, ours_use_weight=False, ours_use_residual=True, ours_use_act=False, backbone='gcn', ours_layers=1, ours_dropout=0.4, aggregate='add', hops=1, gat_heads=8, out_heads=1, lamda=0.1, num_elayers=2, encoder_emdim=768, num_partitions=10, num_reps=4, partition_method='metis', no_pse=False, local_only=False, global_only=False)
deezer-europe
features shape=torch.Size([28281, 31241])
num nodes 28281 | num classes 2 | num node feats 31241
Epoch: 00, Loss: 0.6934, Train: 55.97%, Valid: 55.05%, Test: 55.68%
Epoch: 50, Loss: 0.2103, Train: 95.09%, Valid: 63.90%, Test: 63.47%
Epoch: 100, Loss: 0.1157, Train: 98.28%, Valid: 62.96%, Test: 62.13%
Epoch: 150, Loss: 0.0682, Train: 99.45%, Valid: 62.26%, Test: 61.73%
Epoch: 200, Loss: 0.0748, Train: 99.34%, Valid: 62.39%, Test: 62.27%
Run 01:Highest Train: 99.50 Highest Valid: 67.24 Highest Test: 66.13 Chosen epoch: 20
Final Train: 80.47 Final Test: 66.13
Epoch: 00, Loss: 0.6922, Train: 55.65%, Valid: 55.88%, Test: 55.49%
Epoch: 50, Loss: 0.2618, Train: 92.19%, Valid: 65.59%, Test: 66.03%
Epoch: 100, Loss: 0.1399, Train: 98.01%, Valid: 62.94%, Test: 63.02%
Epoch: 150, Loss: 0.1096, Train: 98.95%, Valid: 62.14%, Test: 62.47%
Epoch: 200, Loss: 0.0902, Train: 99.17%, Valid: 60.96%, Test: 61.79%
Run 02:Highest Train: 99.30 Highest Valid: 67.99 Highest Test: 67.60 Chosen epoch: 31
Final Train: 84.04 Final Test: 67.25
Epoch: 00, Loss: 0.6950, Train: 55.56%, Valid: 55.15%, Test: 56.44%
Epoch: 50, Loss: 0.2146, Train: 95.31%, Valid: 64.95%, Test: 64.01%
Epoch: 100, Loss: 0.1202, Train: 98.68%, Valid: 63.31%, Test: 61.89%
Epoch: 150, Loss: 0.1051, Train: 99.00%, Valid: 62.96%, Test: 62.14%
Epoch: 200, Loss: 0.0817, Train: 99.29%, Valid: 62.94%, Test: 62.11%
Run 03:Highest Train: 99.38 Highest Valid: 66.00 Highest Test: 67.25 Chosen epoch: 29
Final Train: 88.98 Final Test: 66.43
3 runs: Highest Train: 99.39 ± 0.10 Highest val epoch:28
Highest Test: 66.99 ± 0.77 Final Test: 66.60 ± 0.58
