Namespace(data_dir='data', dataset='coauthor-cs', device=0, seed=123, cpu=False, epochs=500, runs=3, train_prop=0.5, valid_prop=0.25, protocol='semi', rand_split=True, rand_split_class=False, label_num_per_class=20, valid_num=500, test_num=500, directed=False, method='gcn', hidden_channels=64, num_layers=4, num_heads=1, alpha=0.5, use_bn=False, use_residual=False, use_graph=False, use_weight=False, use_init=False, use_act=False, attention='gcn', lr=0.01, weight_decay=0.0005, dropout=0.5, display_step=50, no_feat_norm=False, patience=200, graph_weight=0.8, ours_weight_decay=None, ours_use_weight=False, ours_use_residual=False, ours_use_act=False, backbone='gcn', ours_layers=2, ours_dropout=None, aggregate='add', hops=1, gat_heads=8, out_heads=1, lamda=0.1, num_elayers=2, encoder_emdim=768, num_partitions=10, num_reps=4, partition_method='metis', no_pse=False, local_only=False, global_only=False)
coauthor-cs
coauthor-cs: nodes=18333, edges=163788, feats=6805, classes=15
features shape=torch.Size([18333, 6805])
num nodes 18333 | num classes 15 | num node feats 6805
Epoch: 00, Loss: 2.7081, Train: 22.90%, Valid: 22.76%, Test: 21.68%
Epoch: 50, Loss: 1.0065, Train: 74.82%, Valid: 74.58%, Test: 75.11%
Epoch: 100, Loss: 0.5572, Train: 86.72%, Valid: 85.56%, Test: 85.73%
Epoch: 150, Loss: 0.4340, Train: 90.42%, Valid: 88.85%, Test: 89.09%
Epoch: 200, Loss: 0.3765, Train: 90.74%, Valid: 89.02%, Test: 89.31%
Epoch: 250, Loss: 0.3581, Train: 91.52%, Valid: 89.61%, Test: 90.14%
Epoch: 300, Loss: 0.3441, Train: 92.44%, Valid: 90.77%, Test: 90.99%
Epoch: 350, Loss: 0.3265, Train: 92.41%, Valid: 90.42%, Test: 91.01%
Epoch: 400, Loss: 0.3126, Train: 92.88%, Valid: 91.10%, Test: 91.51%
Epoch: 450, Loss: 0.3111, Train: 92.78%, Valid: 90.86%, Test: 91.12%
Run 01:Highest Train: 93.26 Highest Valid: 91.32 Highest Test: 91.71 Chosen epoch: 485
Final Train: 93.12 Final Test: 91.71
Epoch: 00, Loss: 2.7080, Train: 22.19%, Valid: 23.11%, Test: 22.75%
Epoch: 50, Loss: 0.6970, Train: 82.48%, Valid: 81.32%, Test: 81.87%
Epoch: 100, Loss: 0.4894, Train: 88.81%, Valid: 87.19%, Test: 87.35%
Epoch: 150, Loss: 0.3727, Train: 91.89%, Valid: 89.55%, Test: 89.90%
Epoch: 200, Loss: 0.3500, Train: 92.62%, Valid: 90.12%, Test: 90.18%
Epoch: 250, Loss: 0.3329, Train: 92.86%, Valid: 90.03%, Test: 90.51%
Epoch: 300, Loss: 0.3282, Train: 93.00%, Valid: 90.46%, Test: 90.45%
Epoch: 350, Loss: 0.3270, Train: 93.01%, Valid: 90.22%, Test: 90.79%
Epoch: 400, Loss: 0.3077, Train: 92.89%, Valid: 90.18%, Test: 90.62%
Epoch: 450, Loss: 0.3069, Train: 93.61%, Valid: 91.01%, Test: 90.90%
Run 02:Highest Train: 93.61 Highest Valid: 91.23 Highest Test: 91.19 Chosen epoch: 486
Final Train: 93.41 Final Test: 90.95
Epoch: 00, Loss: 2.7080, Train: 21.90%, Valid: 24.37%, Test: 22.08%
Epoch: 50, Loss: 0.7469, Train: 81.56%, Valid: 81.69%, Test: 81.65%
Epoch: 100, Loss: 0.4572, Train: 88.83%, Valid: 88.98%, Test: 87.87%
Epoch: 150, Loss: 0.3892, Train: 91.22%, Valid: 90.05%, Test: 89.03%
Epoch: 200, Loss: 0.3513, Train: 92.16%, Valid: 91.75%, Test: 90.62%
Epoch: 250, Loss: 0.3233, Train: 92.71%, Valid: 92.28%, Test: 90.97%
Epoch: 300, Loss: 0.3085, Train: 92.74%, Valid: 92.43%, Test: 91.34%
Epoch: 350, Loss: 0.2952, Train: 93.37%, Valid: 92.62%, Test: 91.62%
Epoch: 400, Loss: 0.2946, Train: 93.31%, Valid: 92.76%, Test: 91.45%
Epoch: 450, Loss: 0.2820, Train: 93.42%, Valid: 92.60%, Test: 91.51%
Run 03:Highest Train: 93.65 Highest Valid: 92.97 Highest Test: 91.71 Chosen epoch: 436
Final Train: 93.48 Final Test: 91.47
3 runs: Highest Train: 93.50 ± 0.22 Highest val epoch:435
Highest Test: 91.54 ± 0.30 Final Test: 91.38 ± 0.39
