Namespace(data_dir='../data', dataset='squirrel', device=0, seed=123, cpu=False, epochs=500, runs=3, train_prop=0.5, valid_prop=0.25, protocol='semi', rand_split=False, rand_split_class=False, label_num_per_class=20, valid_num=500, test_num=500, directed=False, method='gcn', hidden_channels=64, num_layers=4, num_heads=1, alpha=0.5, use_bn=False, use_residual=False, use_graph=False, use_weight=False, use_init=False, use_act=False, attention='gcn', lr=0.01, weight_decay=0.0005, dropout=0.5, display_step=50, no_feat_norm=False, patience=200, graph_weight=0.8, ours_weight_decay=None, ours_use_weight=False, ours_use_residual=False, ours_use_act=False, backbone='gcn', ours_layers=2, ours_dropout=None, aggregate='add', hops=1, gat_heads=8, out_heads=1, lamda=0.1, num_elayers=2, encoder_emdim=768, num_partitions=10, num_reps=4, partition_method='metis', no_pse=False, local_only=False, global_only=False)
squirrel
features shape=torch.Size([2223, 2089])
num nodes 2223 | num classes 5 | num node feats 2089
Epoch: 00, Loss: 1.6094, Train: 32.95%, Valid: 35.10%, Test: 34.73%
Epoch: 50, Loss: 1.5093, Train: 34.66%, Valid: 35.79%, Test: 36.28%
Epoch: 100, Loss: 1.4090, Train: 40.08%, Valid: 34.96%, Test: 39.16%
Epoch: 150, Loss: 1.3241, Train: 41.88%, Valid: 36.49%, Test: 41.59%
Epoch: 200, Loss: 1.2938, Train: 40.93%, Valid: 36.21%, Test: 40.49%
Epoch: 250, Loss: 1.2644, Train: 47.48%, Valid: 39.00%, Test: 39.60%
Epoch: 300, Loss: 1.2519, Train: 48.15%, Valid: 40.25%, Test: 40.04%
Epoch: 350, Loss: 1.4204, Train: 44.06%, Valid: 35.52%, Test: 36.50%
Epoch: 400, Loss: 1.2161, Train: 49.48%, Valid: 39.69%, Test: 41.37%
Epoch: 450, Loss: 1.1988, Train: 50.90%, Valid: 39.42%, Test: 40.93%
Run 01:Highest Train: 52.23 Highest Valid: 42.06 Highest Test: 43.36 Chosen epoch: 483
Final Train: 49.95 Final Test: 40.93
Epoch: 00, Loss: 1.6095, Train: 21.48%, Valid: 21.43%, Test: 23.02%
Epoch: 50, Loss: 1.4980, Train: 37.41%, Valid: 37.71%, Test: 35.44%
Epoch: 100, Loss: 1.3772, Train: 41.76%, Valid: 39.14%, Test: 40.18%
Epoch: 150, Loss: 1.3158, Train: 44.54%, Valid: 41.29%, Test: 39.28%
Epoch: 200, Loss: 1.2534, Train: 47.41%, Valid: 39.86%, Test: 38.60%
Epoch: 250, Loss: 1.2372, Train: 48.43%, Valid: 41.14%, Test: 39.50%
Epoch: 300, Loss: 1.2299, Train: 48.80%, Valid: 39.86%, Test: 40.18%
Epoch: 350, Loss: 1.2020, Train: 47.78%, Valid: 40.57%, Test: 40.63%
Epoch: 400, Loss: 1.1953, Train: 49.35%, Valid: 41.00%, Test: 40.41%
Epoch: 450, Loss: 1.1728, Train: 46.30%, Valid: 39.71%, Test: 40.18%
Run 02:Highest Train: 52.22 Highest Valid: 42.43 Highest Test: 41.99 Chosen epoch: 321
Final Train: 47.78 Final Test: 40.18
Epoch: 00, Loss: 1.6095, Train: 33.14%, Valid: 33.20%, Test: 37.33%
Epoch: 50, Loss: 1.4293, Train: 40.02%, Valid: 35.54%, Test: 31.33%
Epoch: 100, Loss: 1.3507, Train: 43.46%, Valid: 36.64%, Test: 37.33%
Epoch: 150, Loss: 1.3163, Train: 46.80%, Valid: 38.15%, Test: 37.33%
Epoch: 200, Loss: 1.2963, Train: 44.70%, Valid: 37.88%, Test: 41.78%
Epoch: 250, Loss: 1.2542, Train: 49.38%, Valid: 40.22%, Test: 36.00%
Epoch: 300, Loss: 1.2365, Train: 49.47%, Valid: 39.26%, Test: 40.44%
Epoch: 350, Loss: 1.1983, Train: 50.24%, Valid: 40.50%, Test: 38.00%
Epoch: 400, Loss: 1.1836, Train: 51.00%, Valid: 39.53%, Test: 37.78%
Run 03:Highest Train: 52.34 Highest Valid: 40.91 Highest Test: 42.44 Chosen epoch: 234
Final Train: 48.62 Final Test: 37.78
3 runs: Highest Train: 52.26 ± 0.07 Highest val epoch:233
Highest Test: 42.60 ± 0.70 Final Test: 39.63 ± 1.65
