Namespace(data_dir='data', dataset='coauthor-physics', device=0, seed=123, cpu=False, epochs=500, runs=3, train_prop=0.5, valid_prop=0.25, protocol='semi', rand_split=True, rand_split_class=False, label_num_per_class=20, valid_num=500, test_num=500, directed=False, method='pcgt', hidden_channels=64, num_layers=4, num_heads=1, alpha=0.5, use_bn=False, use_residual=True, use_graph=True, use_weight=False, use_init=False, use_act=False, attention='gcn', lr=0.01, weight_decay=0.0005, dropout=0.5, display_step=50, no_feat_norm=True, patience=200, graph_weight=0.8, ours_weight_decay=0.001, ours_use_weight=False, ours_use_residual=False, ours_use_act=False, backbone='gcn', ours_layers=1, ours_dropout=0.2, aggregate='add', hops=1, gat_heads=8, out_heads=1, lamda=0.1, num_elayers=2, encoder_emdim=768, num_partitions=20, num_reps=4, partition_method='metis', no_pse=False, local_only=False, global_only=False)
coauthor-physics
coauthor-physics: nodes=34493, edges=495924, feats=8415, classes=5
features shape=torch.Size([34493, 8415])
num nodes 34493 | num classes 5 | num node feats 8415
Computing 20 partitions using metis...
Partitions: 20, Boundary nodes: 24164/34493 (70.1%)
Intra-partition edges: 351542/495924 (70.9%)
Epoch: 00, Loss: 1.6523, Train: 50.53%, Valid: 50.83%, Test: 50.21% [α=0.50,β=0.99]
Epoch: 50, Loss: 0.0707, Train: 97.94%, Valid: 95.99%, Test: 96.45% [α=0.52,β=1.25]
Epoch: 100, Loss: 0.0675, Train: 97.86%, Valid: 96.28%, Test: 96.28% [α=0.53,β=1.42]
Epoch: 150, Loss: 0.0392, Train: 98.95%, Valid: 96.30%, Test: 96.53% [α=0.55,β=1.61]
Epoch: 200, Loss: 0.0564, Train: 97.87%, Valid: 95.77%, Test: 95.86% [α=0.56,β=1.76]
Epoch: 250, Loss: 0.0301, Train: 99.41%, Valid: 96.37%, Test: 96.71% [α=0.56,β=1.96]
Epoch: 300, Loss: 0.0279, Train: 99.34%, Valid: 96.36%, Test: 96.60% [α=0.56,β=2.14]
Epoch: 350, Loss: 0.0718, Train: 97.93%, Valid: 96.31%, Test: 96.36% [α=0.53,β=2.43]
Run 01:Highest Train: 99.69 Highest Valid: 96.63 Highest Test: 96.80 Chosen epoch: 153
Final Train: 99.13 Final Test: 96.45
Epoch: 00, Loss: 1.5754, Train: 50.68%, Valid: 50.89%, Test: 49.84% [α=0.50,β=1.01]
Epoch: 50, Loss: 0.0699, Train: 98.05%, Valid: 96.60%, Test: 96.08% [α=0.50,β=1.58]
Epoch: 100, Loss: 0.0633, Train: 98.39%, Valid: 96.59%, Test: 96.15% [α=0.48,β=1.80]
Epoch: 150, Loss: 0.0513, Train: 98.92%, Valid: 96.93%, Test: 96.16% [α=0.45,β=2.03]
Epoch: 200, Loss: 0.0295, Train: 99.20%, Valid: 96.49%, Test: 95.96% [α=0.41,β=2.20]
Epoch: 250, Loss: 0.0268, Train: 99.48%, Valid: 96.82%, Test: 96.09% [α=0.37,β=2.34]
Epoch: 300, Loss: 0.0253, Train: 99.61%, Valid: 96.82%, Test: 96.31% [α=0.35,β=2.46]
Epoch: 350, Loss: 0.0222, Train: 99.77%, Valid: 96.98%, Test: 96.10% [α=0.34,β=2.58]
Epoch: 400, Loss: 0.0254, Train: 99.80%, Valid: 96.85%, Test: 96.25% [α=0.32,β=2.67]
Epoch: 450, Loss: 0.0463, Train: 99.42%, Valid: 96.36%, Test: 95.84% [α=0.32,β=2.77]
Run 02:Highest Train: 99.84 Highest Valid: 97.10 Highest Test: 96.54 Chosen epoch: 496
Final Train: 99.34 Final Test: 96.28
Epoch: 00, Loss: 1.6384, Train: 55.00%, Valid: 56.33%, Test: 55.64% [α=0.50,β=1.00]
Epoch: 50, Loss: 0.1207, Train: 96.77%, Valid: 96.08%, Test: 96.00% [α=0.46,β=1.95]
Epoch: 100, Loss: 0.0579, Train: 98.75%, Valid: 96.52%, Test: 96.41% [α=0.45,β=2.17]
Epoch: 150, Loss: 0.0458, Train: 99.18%, Valid: 96.60%, Test: 96.34% [α=0.44,β=2.30]
Epoch: 200, Loss: 0.0439, Train: 99.37%, Valid: 96.60%, Test: 96.37% [α=0.43,β=2.43]
Epoch: 250, Loss: 0.0378, Train: 99.29%, Valid: 96.58%, Test: 96.44% [α=0.40,β=2.52]
Epoch: 300, Loss: 0.0298, Train: 99.58%, Valid: 96.65%, Test: 96.32% [α=0.37,β=2.62]
Epoch: 350, Loss: 0.0291, Train: 99.65%, Valid: 96.81%, Test: 96.50% [α=0.35,β=2.69]
Epoch: 400, Loss: 0.0354, Train: 98.40%, Valid: 95.93%, Test: 95.80% [α=0.34,β=2.75]
Epoch: 450, Loss: 0.0254, Train: 99.66%, Valid: 96.58%, Test: 96.54% [α=0.32,β=2.81]
Run 03:Highest Train: 99.81 Highest Valid: 96.90 Highest Test: 96.70 Chosen epoch: 321
Final Train: 99.57 Final Test: 96.47
3 runs: Highest Train: 99.78 ± 0.08 Highest val epoch:320
Highest Test: 96.68 ± 0.13 Final Test: 96.40 ± 0.11
