Namespace(data_dir='../data', dataset='film', device=0, seed=123, cpu=False, epochs=500, runs=3, train_prop=0.5, valid_prop=0.25, protocol='semi', rand_split=False, rand_split_class=False, label_num_per_class=20, valid_num=500, test_num=500, directed=False, method='sgformer', hidden_channels=64, num_layers=4, num_heads=1, alpha=0.5, use_bn=False, use_residual=True, use_graph=True, use_weight=False, use_init=False, use_act=False, attention='gcn', lr=0.01, weight_decay=0.0005, dropout=0.5, display_step=50, no_feat_norm=True, patience=200, graph_weight=0.8, ours_weight_decay=0.001, ours_use_weight=False, ours_use_residual=False, ours_use_act=False, backbone='gcn', ours_layers=1, ours_dropout=0.3, aggregate='add', hops=1, gat_heads=8, out_heads=1, lamda=0.1, num_elayers=2, encoder_emdim=768, num_partitions=10, num_reps=4, partition_method='metis', no_pse=False, local_only=False, global_only=False)
film
(7600, 932)
Num nodes: 7600
features shape=torch.Size([7600, 932])
num nodes 7600 | num classes 5 | num node feats 932
Epoch: 00, Loss: 1.6267, Train: 23.30%, Valid: 23.97%, Test: 25.07%
Epoch: 50, Loss: 1.5298, Train: 30.10%, Valid: 29.98%, Test: 29.61%
Epoch: 100, Loss: 1.4510, Train: 36.71%, Valid: 36.64%, Test: 33.88%
Epoch: 150, Loss: 1.4249, Train: 37.09%, Valid: 36.92%, Test: 34.47%
Epoch: 200, Loss: 1.4109, Train: 38.38%, Valid: 38.82%, Test: 35.66%
Epoch: 250, Loss: 1.4056, Train: 38.29%, Valid: 37.99%, Test: 35.00%
Epoch: 300, Loss: 1.3996, Train: 38.43%, Valid: 38.36%, Test: 35.66%
Epoch: 350, Loss: 1.4000, Train: 38.84%, Valid: 38.73%, Test: 35.66%
Epoch: 400, Loss: 1.3946, Train: 38.87%, Valid: 38.77%, Test: 35.13%
Epoch: 450, Loss: 1.3941, Train: 39.25%, Valid: 38.94%, Test: 35.79%
Run 01:Highest Train: 40.02 Highest Valid: 39.51 Highest Test: 37.37 Chosen epoch: 272
Final Train: 39.23 Final Test: 37.37
Epoch: 00, Loss: 1.6137, Train: 25.99%, Valid: 26.32%, Test: 24.80%
Epoch: 50, Loss: 1.4242, Train: 37.23%, Valid: 36.68%, Test: 34.74%
Epoch: 100, Loss: 1.4141, Train: 37.99%, Valid: 36.92%, Test: 35.13%
Epoch: 150, Loss: 1.4049, Train: 38.43%, Valid: 36.97%, Test: 35.66%
Epoch: 200, Loss: 1.4041, Train: 38.46%, Valid: 36.97%, Test: 34.93%
Run 02:Highest Train: 39.17 Highest Valid: 37.54 Highest Test: 36.18 Chosen epoch: 31
Final Train: 37.64 Final Test: 35.79
Epoch: 00, Loss: 1.6020, Train: 25.82%, Valid: 25.53%, Test: 26.45%
Epoch: 50, Loss: 1.4083, Train: 37.39%, Valid: 37.21%, Test: 37.04%
Epoch: 100, Loss: 1.4005, Train: 37.94%, Valid: 36.76%, Test: 37.17%
Epoch: 150, Loss: 1.3974, Train: 38.27%, Valid: 36.76%, Test: 37.30%
Epoch: 200, Loss: 1.4006, Train: 38.29%, Valid: 37.05%, Test: 36.97%
Run 03:Highest Train: 39.17 Highest Valid: 37.42 Highest Test: 37.63 Chosen epoch: 42
Final Train: 37.97 Final Test: 37.11
3 runs: Highest Train: 39.46 ± 0.49 Highest val epoch:41
Highest Test: 37.06 ± 0.77 Final Test: 36.75 ± 0.85
