Namespace(data_dir='data', dataset='deezer-europe', device=0, seed=123, cpu=False, epochs=500, runs=3, train_prop=0.5, valid_prop=0.25, protocol='semi', rand_split=True, rand_split_class=False, label_num_per_class=20, valid_num=500, test_num=500, directed=False, method='gcn', hidden_channels=96, num_layers=2, num_heads=1, alpha=0.5, use_bn=False, use_residual=False, use_graph=False, use_weight=False, use_init=False, use_act=False, attention='gcn', lr=0.01, weight_decay=5e-05, dropout=0.4, display_step=50, no_feat_norm=False, patience=200, graph_weight=0.8, ours_weight_decay=None, ours_use_weight=False, ours_use_residual=False, ours_use_act=False, backbone='gcn', ours_layers=2, ours_dropout=None, aggregate='add', hops=1, gat_heads=8, out_heads=1, lamda=0.1, num_elayers=2, encoder_emdim=768, num_partitions=10, num_reps=4, partition_method='metis', no_pse=False, local_only=False, global_only=False)
deezer-europe
features shape=torch.Size([28281, 31241])
num nodes 28281 | num classes 2 | num node feats 31241
Epoch: 00, Loss: 0.6936, Train: 55.97%, Valid: 55.05%, Test: 55.68%
Epoch: 50, Loss: 0.4884, Train: 78.25%, Valid: 63.17%, Test: 61.65%
Epoch: 100, Loss: 0.4036, Train: 82.72%, Valid: 62.25%, Test: 61.11%
Epoch: 150, Loss: 0.3540, Train: 84.85%, Valid: 60.24%, Test: 59.02%
Epoch: 200, Loss: 0.3359, Train: 86.69%, Valid: 60.04%, Test: 58.94%
Run 01:Highest Train: 89.57 Highest Valid: 63.80 Highest Test: 62.57 Chosen epoch: 26
Final Train: 71.19 Final Test: 62.44
Epoch: 00, Loss: 0.6932, Train: 55.66%, Valid: 55.87%, Test: 55.49%
Epoch: 50, Loss: 0.4323, Train: 80.79%, Valid: 60.95%, Test: 61.91%
Epoch: 100, Loss: 0.3638, Train: 86.17%, Valid: 59.76%, Test: 60.40%
Epoch: 150, Loss: 0.3447, Train: 88.04%, Valid: 58.44%, Test: 59.06%
Epoch: 200, Loss: 0.2987, Train: 87.39%, Valid: 59.42%, Test: 60.09%
Run 02:Highest Train: 90.71 Highest Valid: 62.35 Highest Test: 63.29 Chosen epoch: 16
Final Train: 70.35 Final Test: 63.29
Epoch: 00, Loss: 0.6928, Train: 55.55%, Valid: 55.15%, Test: 56.44%
Epoch: 50, Loss: 0.4369, Train: 79.16%, Valid: 61.44%, Test: 62.58%
Epoch: 100, Loss: 0.3978, Train: 76.68%, Valid: 56.69%, Test: 56.06%
Epoch: 150, Loss: 0.3587, Train: 84.77%, Valid: 60.50%, Test: 60.95%
Epoch: 200, Loss: 0.3010, Train: 87.95%, Valid: 59.18%, Test: 58.63%
Run 03:Highest Train: 91.56 Highest Valid: 62.76 Highest Test: 63.12 Chosen epoch: 32
Final Train: 77.94 Final Test: 63.07
3 runs: Highest Train: 90.61 ± 1.00 Highest val epoch:31
Highest Test: 62.99 ± 0.38 Final Test: 62.93 ± 0.44
