Namespace(data_dir='../data', dataset='squirrel', device=0, seed=123, cpu=False, epochs=500, runs=3, train_prop=0.5, valid_prop=0.25, protocol='semi', rand_split=False, rand_split_class=False, label_num_per_class=20, valid_num=500, test_num=500, directed=False, method='sgformer', hidden_channels=64, num_layers=8, num_heads=1, alpha=0.5, use_bn=False, use_residual=False, use_graph=True, use_weight=False, use_init=False, use_act=False, attention='gcn', lr=0.001, weight_decay=0.0005, dropout=0.3, display_step=50, no_feat_norm=False, patience=200, graph_weight=0.8, ours_weight_decay=0.0005, ours_use_weight=False, ours_use_residual=True, ours_use_act=True, backbone='gcn', ours_layers=1, ours_dropout=0.3, aggregate='add', hops=1, gat_heads=8, out_heads=1, lamda=0.1, num_elayers=2, encoder_emdim=768, num_partitions=10, num_reps=4, partition_method='metis', no_pse=False, local_only=False, global_only=False)
squirrel
features shape=torch.Size([2223, 2089])
num nodes 2223 | num classes 5 | num node feats 2089
Epoch: 00, Loss: 1.6047, Train: 17.85%, Valid: 17.13%, Test: 19.03%
Epoch: 50, Loss: 1.5414, Train: 32.95%, Valid: 35.10%, Test: 34.73%
Epoch: 100, Loss: 1.4461, Train: 37.13%, Valid: 37.88%, Test: 35.62%
Epoch: 150, Loss: 1.3799, Train: 40.55%, Valid: 39.42%, Test: 36.73%
Epoch: 200, Loss: 1.3498, Train: 42.45%, Valid: 40.95%, Test: 37.83%
Epoch: 250, Loss: 1.3385, Train: 42.83%, Valid: 41.23%, Test: 39.82%
Epoch: 300, Loss: 1.3360, Train: 43.11%, Valid: 41.09%, Test: 38.94%
Epoch: 350, Loss: 1.3175, Train: 44.82%, Valid: 43.59%, Test: 39.82%
Epoch: 400, Loss: 1.3029, Train: 44.35%, Valid: 44.01%, Test: 41.81%
Epoch: 450, Loss: 1.2836, Train: 45.87%, Valid: 43.73%, Test: 41.37%
Run 01:Highest Train: 48.34 Highest Valid: 45.13 Highest Test: 42.70 Chosen epoch: 414
Final Train: 44.92 Final Test: 42.04
Epoch: 00, Loss: 1.5770, Train: 32.22%, Valid: 35.57%, Test: 35.89%
Epoch: 50, Loss: 1.3792, Train: 39.44%, Valid: 40.00%, Test: 39.28%
Epoch: 100, Loss: 1.3156, Train: 42.50%, Valid: 42.57%, Test: 41.31%
Epoch: 150, Loss: 1.2731, Train: 45.09%, Valid: 41.86%, Test: 38.37%
Epoch: 200, Loss: 1.2477, Train: 46.57%, Valid: 41.86%, Test: 39.05%
Epoch: 250, Loss: 1.1969, Train: 50.93%, Valid: 42.71%, Test: 39.73%
Epoch: 300, Loss: 1.1901, Train: 50.46%, Valid: 43.00%, Test: 40.63%
Epoch: 350, Loss: 1.2211, Train: 52.22%, Valid: 44.00%, Test: 39.95%
Run 02:Highest Train: 54.72 Highest Valid: 45.14 Highest Test: 43.79 Chosen epoch: 187
Final Train: 49.35 Final Test: 39.95
Epoch: 00, Loss: 1.5558, Train: 33.14%, Valid: 33.20%, Test: 37.33%
Epoch: 50, Loss: 1.3420, Train: 43.27%, Valid: 37.33%, Test: 41.78%
Epoch: 100, Loss: 1.2813, Train: 48.14%, Valid: 38.98%, Test: 44.89%
Epoch: 150, Loss: 1.2465, Train: 51.00%, Valid: 40.63%, Test: 44.22%
Epoch: 200, Loss: 1.1966, Train: 53.10%, Valid: 41.32%, Test: 42.89%
Epoch: 250, Loss: 1.1722, Train: 53.01%, Valid: 39.81%, Test: 43.33%
Epoch: 300, Loss: 1.1665, Train: 56.26%, Valid: 41.46%, Test: 42.67%
Epoch: 350, Loss: 1.1243, Train: 57.12%, Valid: 41.46%, Test: 42.00%
Epoch: 400, Loss: 1.1389, Train: 58.93%, Valid: 41.32%, Test: 40.89%
Epoch: 450, Loss: 1.1146, Train: 58.36%, Valid: 40.50%, Test: 42.00%
Run 03:Highest Train: 59.12 Highest Valid: 43.25 Highest Test: 46.22 Chosen epoch: 257
Final Train: 55.49 Final Test: 43.78
3 runs: Highest Train: 54.06 ± 5.42 Highest val epoch:256
Highest Test: 44.24 ± 1.80 Final Test: 41.92 ± 1.91
