Namespace(data_dir='data', dataset='pubmed', device=0, seed=123, cpu=False, epochs=500, runs=3, train_prop=0.5, valid_prop=0.25, protocol='semi', rand_split=False, rand_split_class=True, label_num_per_class=20, valid_num=500, test_num=1000, directed=False, method='sgformer', hidden_channels=64, num_layers=4, num_heads=1, alpha=0.5, use_bn=False, use_residual=True, use_graph=True, use_weight=False, use_init=False, use_act=False, attention='gcn', lr=0.005, weight_decay=0.0005, dropout=0.5, display_step=50, no_feat_norm=True, patience=200, graph_weight=0.8, ours_weight_decay=0.01, ours_use_weight=False, ours_use_residual=False, ours_use_act=False, backbone='gcn', ours_layers=1, ours_dropout=0.3, aggregate='add', hops=1, gat_heads=8, out_heads=1, lamda=0.1, num_elayers=2, encoder_emdim=768, num_partitions=10, num_reps=4, partition_method='metis', no_pse=False, local_only=False, global_only=False)
pubmed
Num nodes: 19717
train:torch.Size([60]), valid:torch.Size([500]), test:torch.Size([1000])
features shape=torch.Size([19717, 500])
num nodes 19717 | num classes 3 | num node feats 500
Epoch: 00, Loss: 1.0984, Train: 33.33%, Valid: 23.20%, Test: 21.60%
Epoch: 50, Loss: 0.0388, Train: 98.33%, Valid: 77.20%, Test: 77.70%
Epoch: 100, Loss: 0.0028, Train: 100.00%, Valid: 76.60%, Test: 78.70%
Epoch: 150, Loss: 0.0022, Train: 100.00%, Valid: 74.40%, Test: 76.60%
Epoch: 200, Loss: 0.0070, Train: 100.00%, Valid: 75.40%, Test: 75.90%
Run 01:Highest Train: 100.00 Highest Valid: 79.60 Highest Test: 80.50 Chosen epoch: 31
Final Train: 95.00 Final Test: 80.30
Epoch: 00, Loss: 1.1109, Train: 33.33%, Valid: 41.80%, Test: 38.80%
Epoch: 50, Loss: 0.0191, Train: 100.00%, Valid: 71.80%, Test: 73.80%
Epoch: 100, Loss: 0.0015, Train: 100.00%, Valid: 74.80%, Test: 75.90%
Epoch: 150, Loss: 0.0015, Train: 100.00%, Valid: 76.00%, Test: 77.50%
Epoch: 200, Loss: 0.0061, Train: 100.00%, Valid: 74.00%, Test: 74.70%
Run 02:Highest Train: 100.00 Highest Valid: 78.00 Highest Test: 79.70 Chosen epoch: 45
Final Train: 100.00 Final Test: 79.40
Epoch: 00, Loss: 1.1380, Train: 33.33%, Valid: 41.80%, Test: 38.80%
Epoch: 50, Loss: 0.0012, Train: 100.00%, Valid: 76.20%, Test: 77.90%
Epoch: 100, Loss: 0.0018, Train: 100.00%, Valid: 77.20%, Test: 78.70%
Epoch: 150, Loss: 0.0048, Train: 100.00%, Valid: 74.00%, Test: 76.80%
Epoch: 200, Loss: 0.0024, Train: 100.00%, Valid: 72.80%, Test: 74.20%
Epoch: 250, Loss: 0.0052, Train: 100.00%, Valid: 73.00%, Test: 74.40%
Epoch: 300, Loss: 0.0021, Train: 100.00%, Valid: 74.20%, Test: 74.10%
Epoch: 350, Loss: 0.0014, Train: 100.00%, Valid: 74.40%, Test: 75.60%
Epoch: 400, Loss: 0.0249, Train: 100.00%, Valid: 74.80%, Test: 76.40%
Epoch: 450, Loss: 0.0014, Train: 100.00%, Valid: 74.00%, Test: 76.90%
Run 03:Highest Train: 100.00 Highest Valid: 78.40 Highest Test: 79.30 Chosen epoch: 286
Final Train: 100.00 Final Test: 78.60
3 runs: Highest Train: 100.00 ± 0.00 Highest val epoch:285
Highest Test: 79.83 ± 0.61 Final Test: 79.43 ± 0.85
