Namespace(data_dir='data', dataset='amazon-photo', device=0, seed=123, cpu=False, epochs=500, runs=3, train_prop=0.5, valid_prop=0.25, protocol='semi', rand_split=True, rand_split_class=False, label_num_per_class=20, valid_num=500, test_num=500, directed=False, method='sgformer', hidden_channels=64, num_layers=4, num_heads=1, alpha=0.5, use_bn=False, use_residual=True, use_graph=True, use_weight=False, use_init=False, use_act=False, attention='gcn', lr=0.01, weight_decay=0.0005, dropout=0.5, display_step=50, no_feat_norm=True, patience=200, graph_weight=0.8, ours_weight_decay=0.001, ours_use_weight=False, ours_use_residual=False, ours_use_act=False, backbone='gcn', ours_layers=1, ours_dropout=0.2, aggregate='add', hops=1, gat_heads=8, out_heads=1, lamda=0.1, num_elayers=2, encoder_emdim=768, num_partitions=10, num_reps=4, partition_method='metis', no_pse=False, local_only=False, global_only=False)
amazon-photo
Downloading https://github.com/shchur/gnn-benchmark/raw/master/data/npz/amazon_electronics_photo.npz
Processing...
Done!
amazon-photo: nodes=7650, edges=238162, feats=745, classes=8
features shape=torch.Size([7650, 745])
num nodes 7650 | num classes 8 | num node feats 745
Epoch: 00, Loss: 2.0886, Train: 21.65%, Valid: 23.48%, Test: 21.38%
Epoch: 50, Loss: 0.2334, Train: 96.08%, Valid: 92.52%, Test: 93.78%
Epoch: 100, Loss: 0.1163, Train: 97.91%, Valid: 93.83%, Test: 94.46%
Epoch: 150, Loss: 0.7682, Train: 78.25%, Valid: 77.09%, Test: 77.21%
Epoch: 200, Loss: 0.1548, Train: 97.36%, Valid: 93.15%, Test: 94.62%
Epoch: 250, Loss: 0.1158, Train: 98.17%, Valid: 93.62%, Test: 94.93%
Epoch: 300, Loss: 0.1017, Train: 98.46%, Valid: 93.83%, Test: 94.88%
Run 01:Highest Train: 98.72 Highest Valid: 94.14 Highest Test: 95.24 Chosen epoch: 120
Final Train: 98.38 Final Test: 94.82
Epoch: 00, Loss: 2.1148, Train: 30.54%, Valid: 31.33%, Test: 32.04%
Epoch: 50, Loss: 0.4843, Train: 93.49%, Valid: 92.15%, Test: 92.00%
Epoch: 100, Loss: 0.2383, Train: 95.97%, Valid: 94.30%, Test: 94.09%
Epoch: 150, Loss: 0.1687, Train: 97.39%, Valid: 94.67%, Test: 94.51%
Epoch: 200, Loss: 0.2570, Train: 95.35%, Valid: 91.95%, Test: 92.52%
Epoch: 250, Loss: 0.1390, Train: 98.51%, Valid: 94.87%, Test: 95.03%
Epoch: 300, Loss: 0.1160, Train: 98.85%, Valid: 94.87%, Test: 95.24%
Epoch: 350, Loss: 0.0928, Train: 99.01%, Valid: 94.87%, Test: 94.98%
Epoch: 400, Loss: 0.0910, Train: 98.98%, Valid: 94.87%, Test: 94.93%
Epoch: 450, Loss: 0.0819, Train: 98.95%, Valid: 94.40%, Test: 94.98%
Run 02:Highest Train: 99.19 Highest Valid: 95.35 Highest Test: 95.35 Chosen epoch: 252
Final Train: 98.43 Final Test: 95.24
Epoch: 00, Loss: 2.3271, Train: 24.89%, Valid: 26.41%, Test: 25.30%
Epoch: 50, Loss: 0.4729, Train: 93.49%, Valid: 91.27%, Test: 90.12%
Epoch: 100, Loss: 0.2338, Train: 97.28%, Valid: 92.83%, Test: 93.31%
Epoch: 150, Loss: 0.1847, Train: 98.30%, Valid: 93.57%, Test: 93.73%
Epoch: 200, Loss: 0.1400, Train: 98.51%, Valid: 94.09%, Test: 94.20%
Epoch: 250, Loss: 0.1351, Train: 98.64%, Valid: 93.57%, Test: 93.94%
Epoch: 300, Loss: 0.1179, Train: 98.98%, Valid: 94.09%, Test: 94.09%
Epoch: 350, Loss: 0.1126, Train: 99.11%, Valid: 94.46%, Test: 94.20%
Epoch: 400, Loss: 0.0945, Train: 99.22%, Valid: 94.82%, Test: 94.72%
Epoch: 450, Loss: 0.0865, Train: 99.22%, Valid: 94.61%, Test: 94.67%
Run 03:Highest Train: 99.42 Highest Valid: 95.03 Highest Test: 94.77 Chosen epoch: 476
Final Train: 99.42 Final Test: 94.41
3 runs: Highest Train: 99.11 ± 0.36 Highest val epoch:475
Highest Test: 95.12 ± 0.31 Final Test: 94.82 ± 0.42
