Namespace(data_dir='data', dataset='pubmed', device=0, seed=123, cpu=False, epochs=500, runs=3, train_prop=0.5, valid_prop=0.25, protocol='semi', rand_split=False, rand_split_class=True, label_num_per_class=20, valid_num=500, test_num=1000, directed=False, method='pcgt', hidden_channels=64, num_layers=2, num_heads=1, alpha=0.5, use_bn=False, use_residual=True, use_graph=True, use_weight=False, use_init=False, use_act=False, attention='gcn', lr=0.01, weight_decay=0.0005, dropout=0.5, display_step=50, no_feat_norm=True, patience=200, graph_weight=0.8, ours_weight_decay=0.01, ours_use_weight=False, ours_use_residual=False, ours_use_act=False, backbone='gcn', ours_layers=1, ours_dropout=0.3, aggregate='add', hops=1, gat_heads=8, out_heads=1, lamda=0.1, num_elayers=2, encoder_emdim=768, num_partitions=50, num_reps=4, partition_method='metis', no_pse=False, local_only=False, global_only=False)
pubmed
Num nodes: 19717
train:torch.Size([60]), valid:torch.Size([500]), test:torch.Size([1000])
features shape=torch.Size([19717, 500])
num nodes 19717 | num classes 3 | num node feats 500
Computing 50 partitions using metis...
Partitions: 50, Boundary nodes: 7044/19717 (35.7%)
Intra-partition edges: 65946/88648 (74.4%)
Epoch: 00, Loss: 1.0999, Train: 61.67%, Valid: 38.40%, Test: 38.00% [α=0.50,β=0.99]
Epoch: 50, Loss: 0.0095, Train: 100.00%, Valid: 74.60%, Test: 78.10% [α=0.54,β=1.02]
Epoch: 100, Loss: 0.0150, Train: 100.00%, Valid: 75.80%, Test: 78.30% [α=0.51,β=0.69]
Epoch: 150, Loss: 0.0214, Train: 100.00%, Valid: 74.60%, Test: 77.00% [α=0.50,β=0.43]
Epoch: 200, Loss: 0.0132, Train: 100.00%, Valid: 73.60%, Test: 74.50% [α=0.50,β=0.24]
Run 01:Highest Train: 100.00 Highest Valid: 79.40 Highest Test: 81.10 Chosen epoch: 12
Final Train: 96.67 Final Test: 79.80
Epoch: 00, Loss: 1.0976, Train: 33.33%, Valid: 23.20%, Test: 21.50% [α=0.50,β=1.00]
Epoch: 50, Loss: 0.0062, Train: 100.00%, Valid: 74.20%, Test: 77.00% [α=0.55,β=1.04]
Epoch: 100, Loss: 0.0111, Train: 100.00%, Valid: 74.20%, Test: 75.50% [α=0.50,β=0.62]
Epoch: 150, Loss: 0.0091, Train: 100.00%, Valid: 75.20%, Test: 77.40% [α=0.50,β=0.35]
Epoch: 200, Loss: 0.0079, Train: 100.00%, Valid: 75.20%, Test: 76.90% [α=0.50,β=0.19]
Run 02:Highest Train: 100.00 Highest Valid: 78.80 Highest Test: 80.80 Chosen epoch: 21
Final Train: 100.00 Final Test: 80.40
Epoch: 00, Loss: 1.0999, Train: 33.33%, Valid: 41.80%, Test: 38.80% [α=0.50,β=1.00]
Epoch: 50, Loss: 0.0318, Train: 100.00%, Valid: 71.00%, Test: 74.40% [α=0.55,β=1.10]
Epoch: 100, Loss: 0.0105, Train: 100.00%, Valid: 72.80%, Test: 76.50% [α=0.50,β=0.66]
Epoch: 150, Loss: 0.0070, Train: 100.00%, Valid: 74.20%, Test: 78.20% [α=0.50,β=0.38]
Epoch: 200, Loss: 0.0080, Train: 100.00%, Valid: 75.20%, Test: 78.10% [α=0.50,β=0.22]
Run 03:Highest Train: 100.00 Highest Valid: 81.20 Highest Test: 82.10 Chosen epoch: 17
Final Train: 98.33 Final Test: 82.10
3 runs: Highest Train: 100.00 ± 0.00 Highest val epoch:16
Highest Test: 81.33 ± 0.68 Final Test: 80.77 ± 1.19
