Namespace(data_dir='data', dataset='amazon-computers', device=0, seed=123, cpu=False, epochs=500, runs=3, train_prop=0.5, valid_prop=0.25, protocol='semi', rand_split=True, rand_split_class=False, label_num_per_class=20, valid_num=500, test_num=500, directed=False, method='sgformer', hidden_channels=64, num_layers=4, num_heads=1, alpha=0.5, use_bn=False, use_residual=True, use_graph=True, use_weight=False, use_init=False, use_act=False, attention='gcn', lr=0.01, weight_decay=0.0005, dropout=0.5, display_step=50, no_feat_norm=True, patience=200, graph_weight=0.8, ours_weight_decay=0.001, ours_use_weight=False, ours_use_residual=False, ours_use_act=False, backbone='gcn', ours_layers=1, ours_dropout=0.2, aggregate='add', hops=1, gat_heads=8, out_heads=1, lamda=0.1, num_elayers=2, encoder_emdim=768, num_partitions=10, num_reps=4, partition_method='metis', no_pse=False, local_only=False, global_only=False)
amazon-computers
Downloading https://github.com/shchur/gnn-benchmark/raw/master/data/npz/amazon_electronics_computers.npz
Processing...
Done!
amazon-computers: nodes=13752, edges=491722, feats=767, classes=10
features shape=torch.Size([13752, 767])
num nodes 13752 | num classes 10 | num node feats 767
Epoch: 00, Loss: 2.3164, Train: 37.87%, Valid: 37.00%, Test: 37.26%
Epoch: 50, Loss: 0.5128, Train: 85.05%, Valid: 82.26%, Test: 82.78%
Epoch: 100, Loss: 0.3306, Train: 91.61%, Valid: 87.52%, Test: 87.93%
Epoch: 150, Loss: 0.3627, Train: 90.97%, Valid: 87.09%, Test: 88.05%
Epoch: 200, Loss: 0.2497, Train: 93.11%, Valid: 88.39%, Test: 88.60%
Epoch: 250, Loss: 0.2217, Train: 93.94%, Valid: 88.71%, Test: 89.09%
Epoch: 300, Loss: 0.2141, Train: 94.71%, Valid: 89.27%, Test: 89.12%
Epoch: 350, Loss: 0.2083, Train: 94.91%, Valid: 88.28%, Test: 88.45%
Epoch: 400, Loss: 0.2428, Train: 94.66%, Valid: 89.01%, Test: 89.24%
Run 01:Highest Train: 95.96 Highest Valid: 90.23 Highest Test: 90.40 Chosen epoch: 236
Final Train: 94.95 Final Test: 90.08
Epoch: 00, Loss: 2.4466, Train: 16.16%, Valid: 16.46%, Test: 16.06%
Epoch: 50, Loss: 1.1339, Train: 67.92%, Valid: 67.95%, Test: 67.63%
Epoch: 100, Loss: 0.8291, Train: 81.24%, Valid: 78.91%, Test: 78.65%
Epoch: 150, Loss: 0.5726, Train: 87.22%, Valid: 82.90%, Test: 84.03%
Epoch: 200, Loss: 0.4976, Train: 89.56%, Valid: 85.22%, Test: 85.49%
Epoch: 250, Loss: 0.4402, Train: 91.20%, Valid: 85.51%, Test: 85.81%
Epoch: 300, Loss: 0.3951, Train: 90.15%, Valid: 85.46%, Test: 85.46%
Epoch: 350, Loss: 0.3250, Train: 93.28%, Valid: 87.52%, Test: 88.10%
Epoch: 400, Loss: 0.4221, Train: 91.03%, Valid: 85.75%, Test: 85.92%
Epoch: 450, Loss: 0.3533, Train: 93.34%, Valid: 86.27%, Test: 86.79%
Run 02:Highest Train: 95.16 Highest Valid: 88.13 Highest Test: 88.57 Chosen epoch: 342
Final Train: 93.94 Final Test: 88.02
Epoch: 00, Loss: 2.3339, Train: 37.73%, Valid: 36.21%, Test: 38.37%
Epoch: 50, Loss: 1.1559, Train: 74.27%, Valid: 72.72%, Test: 74.72%
Epoch: 100, Loss: 0.9389, Train: 81.24%, Valid: 77.25%, Test: 78.91%
Epoch: 150, Loss: 0.8124, Train: 84.90%, Valid: 79.20%, Test: 80.74%
Epoch: 200, Loss: 0.7834, Train: 83.42%, Valid: 77.78%, Test: 79.00%
Epoch: 250, Loss: 0.6857, Train: 85.81%, Valid: 79.29%, Test: 81.01%
Epoch: 300, Loss: 0.5147, Train: 91.11%, Valid: 84.99%, Test: 85.81%
Epoch: 350, Loss: 0.5184, Train: 90.40%, Valid: 84.21%, Test: 85.08%
Epoch: 400, Loss: 0.4915, Train: 91.24%, Valid: 84.90%, Test: 85.49%
Epoch: 450, Loss: 0.4486, Train: 92.42%, Valid: 85.54%, Test: 86.15%
Run 03:Highest Train: 92.66 Highest Valid: 86.18 Highest Test: 86.68 Chosen epoch: 495
Final Train: 92.47 Final Test: 86.21
3 runs: Highest Train: 94.59 ± 1.72 Highest val epoch:494
Highest Test: 88.55 ± 1.86 Final Test: 88.10 ± 1.94
