Namespace(data_dir='../data', dataset='amazon-photo', device=0, seed=123, cpu=True, epochs=500, runs=10, train_prop=0.5, valid_prop=0.25, protocol='semi', rand_split=True, rand_split_class=False, label_num_per_class=20, valid_num=500, test_num=500, directed=False, method='ours', hidden_channels=64, num_layers=4, num_heads=1, alpha=0.5, use_bn=False, use_residual=True, use_graph=True, use_weight=False, use_init=False, use_act=False, attention='gcn', lr=0.01, weight_decay=0.0005, dropout=0.5, display_step=50, no_feat_norm=True, patience=200, graph_weight=0.8, ours_weight_decay=0.001, ours_use_weight=False, ours_use_residual=False, ours_use_act=False, backbone='gcn', ours_layers=1, ours_dropout=0.2, aggregate='add', hops=1, gat_heads=8, out_heads=1, lamda=0.1, num_elayers=2, encoder_emdim=768, num_partitions=10, num_reps=4, partition_method='metis', no_pse=False, local_only=False, global_only=False)
amazon-photo
amazon-photo: nodes=7650, edges=238162, feats=745, classes=8
features shape=torch.Size([7650, 745])
num nodes 7650 | num classes 8 | num node feats 745
Epoch: 00, Loss: 2.0645, Train: 21.65%, Valid: 23.48%, Test: 21.43%
Epoch: 50, Loss: 0.2147, Train: 95.79%, Valid: 92.57%, Test: 93.57%
Epoch: 100, Loss: 0.1172, Train: 97.88%, Valid: 93.36%, Test: 94.82%
Epoch: 150, Loss: 0.0925, Train: 98.01%, Valid: 93.57%, Test: 93.88%
Epoch: 200, Loss: 0.0690, Train: 98.95%, Valid: 93.36%, Test: 95.03%
Epoch: 250, Loss: 0.8446, Train: 82.22%, Valid: 79.13%, Test: 80.50%
Epoch: 300, Loss: 0.2409, Train: 96.81%, Valid: 92.15%, Test: 93.20%
Epoch: 350, Loss: 0.1584, Train: 98.46%, Valid: 93.20%, Test: 93.67%
Epoch: 400, Loss: 0.0979, Train: 99.11%, Valid: 93.78%, Test: 94.15%
Run 01:Highest Train: 99.22 Highest Valid: 94.30 Highest Test: 95.40 Chosen epoch: 215
Final Train: 98.95 Final Test: 95.03
Epoch: 00, Loss: 2.1062, Train: 22.41%, Valid: 21.29%, Test: 22.11%
Epoch: 50, Loss: 0.5287, Train: 91.45%, Valid: 89.12%, Test: 89.81%
Epoch: 100, Loss: 0.2595, Train: 96.16%, Valid: 93.93%, Test: 93.83%
Epoch: 150, Loss: 0.1902, Train: 97.02%, Valid: 93.93%, Test: 94.30%
Epoch: 200, Loss: 0.1613, Train: 97.88%, Valid: 94.46%, Test: 94.72%
Epoch: 250, Loss: 0.1352, Train: 98.04%, Valid: 94.82%, Test: 94.82%
Epoch: 300, Loss: 0.1173, Train: 98.17%, Valid: 95.14%, Test: 94.82%
Epoch: 350, Loss: 0.1371, Train: 96.68%, Valid: 92.94%, Test: 93.05%
Epoch: 400, Loss: 0.2604, Train: 96.10%, Valid: 93.41%, Test: 92.37%
Epoch: 450, Loss: 0.1897, Train: 97.96%, Valid: 94.61%, Test: 94.25%
Run 02:Highest Train: 98.82 Highest Valid: 95.61 Highest Test: 95.24 Chosen epoch: 278
Final Train: 98.25 Final Test: 95.24
Epoch: 00, Loss: 2.4693, Train: 11.97%, Valid: 11.98%, Test: 12.08%
Epoch: 50, Loss: 0.9377, Train: 84.94%, Valid: 81.69%, Test: 80.24%
Epoch: 100, Loss: 0.6983, Train: 90.95%, Valid: 86.82%, Test: 86.25%
Epoch: 150, Loss: 0.4687, Train: 95.16%, Valid: 90.95%, Test: 90.12%
Epoch: 200, Loss: 0.4640, Train: 95.90%, Valid: 89.85%, Test: 89.28%
Epoch: 250, Loss: 0.4062, Train: 96.92%, Valid: 90.22%, Test: 89.55%
Epoch: 300, Loss: 0.3387, Train: 97.73%, Valid: 91.16%, Test: 91.37%
Epoch: 350, Loss: 0.2711, Train: 97.49%, Valid: 91.06%, Test: 91.43%
Epoch: 400, Loss: 0.2740, Train: 98.51%, Valid: 91.95%, Test: 91.64%
Epoch: 450, Loss: 0.2445, Train: 98.67%, Valid: 92.15%, Test: 92.11%
Run 03:Highest Train: 98.82 Highest Valid: 92.83 Highest Test: 92.58 Chosen epoch: 424
Final Train: 97.96 Final Test: 92.00
Epoch: 00, Loss: 2.1931, Train: 21.70%, Valid: 22.12%, Test: 22.84%
Epoch: 50, Loss: 0.5792, Train: 87.74%, Valid: 85.98%, Test: 87.04%
Epoch: 100, Loss: 0.2654, Train: 95.95%, Valid: 94.09%, Test: 94.30%
Epoch: 150, Loss: 0.2092, Train: 97.02%, Valid: 94.35%, Test: 94.62%
Epoch: 200, Loss: 0.1622, Train: 97.57%, Valid: 94.61%, Test: 95.14%
Epoch: 250, Loss: 0.1467, Train: 97.05%, Valid: 93.20%, Test: 94.15%
Epoch: 300, Loss: 0.1325, Train: 98.41%, Valid: 94.77%, Test: 95.50%
Epoch: 350, Loss: 0.1228, Train: 98.48%, Valid: 94.82%, Test: 95.71%
Epoch: 400, Loss: 0.1105, Train: 98.75%, Valid: 94.82%, Test: 95.71%
Run 04:Highest Train: 98.88 Highest Valid: 94.98 Highest Test: 96.13 Chosen epoch: 224
Final Train: 98.01 Final Test: 95.66
Epoch: 00, Loss: 2.2558, Train: 23.27%, Valid: 25.00%, Test: 24.52%
Epoch: 50, Loss: 0.3965, Train: 92.37%, Valid: 90.43%, Test: 91.74%
Epoch: 100, Loss: 0.2403, Train: 96.29%, Valid: 94.35%, Test: 94.46%
Epoch: 150, Loss: 0.1940, Train: 96.50%, Valid: 94.09%, Test: 94.93%
Epoch: 200, Loss: 0.1497, Train: 98.04%, Valid: 95.03%, Test: 95.61%
Epoch: 250, Loss: 0.1628, Train: 98.14%, Valid: 95.29%, Test: 95.40%
Epoch: 300, Loss: 0.1274, Train: 98.22%, Valid: 95.24%, Test: 95.61%
Epoch: 350, Loss: 0.1193, Train: 98.46%, Valid: 95.24%, Test: 95.45%
Epoch: 400, Loss: 0.1247, Train: 98.51%, Valid: 95.19%, Test: 95.66%
Epoch: 450, Loss: 0.1119, Train: 98.72%, Valid: 95.29%, Test: 96.08%
Run 05:Highest Train: 98.93 Highest Valid: 95.87 Highest Test: 96.55 Chosen epoch: 424
Final Train: 98.51 Final Test: 95.40
Epoch: 00, Loss: 2.2483, Train: 27.95%, Valid: 26.46%, Test: 28.59%
Epoch: 50, Loss: 0.4247, Train: 90.82%, Valid: 89.59%, Test: 88.34%
Epoch: 100, Loss: 0.2387, Train: 96.73%, Valid: 94.87%, Test: 93.62%
Epoch: 150, Loss: 0.1692, Train: 97.93%, Valid: 95.50%, Test: 94.30%
Epoch: 200, Loss: 0.1426, Train: 98.38%, Valid: 96.08%, Test: 94.62%
Epoch: 250, Loss: 0.1239, Train: 98.88%, Valid: 96.23%, Test: 94.98%
Epoch: 300, Loss: 0.1017, Train: 98.90%, Valid: 96.29%, Test: 95.30%
Epoch: 350, Loss: 0.1006, Train: 99.11%, Valid: 96.44%, Test: 95.35%
Epoch: 400, Loss: 0.0870, Train: 99.08%, Valid: 96.44%, Test: 95.24%
Epoch: 450, Loss: 0.1074, Train: 98.67%, Valid: 95.92%, Test: 95.40%
Run 06:Highest Train: 99.32 Highest Valid: 96.65 Highest Test: 95.77 Chosen epoch: 383
Final Train: 99.06 Final Test: 95.24
Epoch: 00, Loss: 2.1582, Train: 18.93%, Valid: 19.25%, Test: 18.45%
Epoch: 50, Loss: 0.7835, Train: 88.24%, Valid: 85.51%, Test: 85.94%
Epoch: 100, Loss: 0.4677, Train: 92.86%, Valid: 89.70%, Test: 89.86%
Epoch: 150, Loss: 0.3277, Train: 96.34%, Valid: 92.15%, Test: 93.10%
Epoch: 200, Loss: 0.2508, Train: 97.12%, Valid: 92.68%, Test: 93.10%
Epoch: 250, Loss: 0.1816, Train: 98.35%, Valid: 94.77%, Test: 95.03%
Epoch: 300, Loss: 0.1780, Train: 97.86%, Valid: 93.57%, Test: 94.09%
Epoch: 350, Loss: 0.1557, Train: 98.69%, Valid: 94.51%, Test: 95.35%
Epoch: 400, Loss: 0.1280, Train: 98.17%, Valid: 94.61%, Test: 94.56%
Epoch: 450, Loss: 0.1270, Train: 98.01%, Valid: 94.40%, Test: 94.20%
Run 07:Highest Train: 98.90 Highest Valid: 95.14 Highest Test: 95.56 Chosen epoch: 397
Final Train: 98.46 Final Test: 94.77
Epoch: 00, Loss: 2.3597, Train: 21.91%, Valid: 21.86%, Test: 20.49%
Epoch: 50, Loss: 0.4302, Train: 94.14%, Valid: 91.11%, Test: 92.11%
Epoch: 100, Loss: 0.2204, Train: 96.60%, Valid: 94.14%, Test: 94.51%
Epoch: 150, Loss: 0.1865, Train: 97.49%, Valid: 94.56%, Test: 94.77%
Epoch: 200, Loss: 0.1730, Train: 97.78%, Valid: 94.09%, Test: 95.14%
Epoch: 250, Loss: 0.1392, Train: 97.96%, Valid: 93.99%, Test: 94.51%
Epoch: 300, Loss: 0.1433, Train: 98.04%, Valid: 94.25%, Test: 94.77%
Epoch: 350, Loss: 0.1293, Train: 98.14%, Valid: 94.46%, Test: 95.24%
Epoch: 400, Loss: 0.1383, Train: 98.04%, Valid: 93.88%, Test: 94.72%
Epoch: 450, Loss: 0.1128, Train: 98.43%, Valid: 94.82%, Test: 95.14%
Run 08:Highest Train: 98.95 Highest Valid: 95.19 Highest Test: 96.03 Chosen epoch: 433
Final Train: 98.54 Final Test: 95.50
Epoch: 00, Loss: 2.2889, Train: 23.24%, Valid: 23.33%, Test: 22.58%
Epoch: 50, Loss: 0.8783, Train: 81.02%, Valid: 79.86%, Test: 78.31%
Epoch: 100, Loss: 0.4256, Train: 93.83%, Valid: 91.11%, Test: 90.33%
Epoch: 150, Loss: 0.3431, Train: 96.24%, Valid: 92.00%, Test: 91.64%
Epoch: 200, Loss: 0.2202, Train: 97.59%, Valid: 93.67%, Test: 92.79%
Epoch: 250, Loss: 0.4497, Train: 92.84%, Valid: 86.92%, Test: 87.35%
Epoch: 300, Loss: 0.1742, Train: 98.01%, Valid: 94.25%, Test: 92.89%
Epoch: 350, Loss: 0.1617, Train: 98.20%, Valid: 93.72%, Test: 93.62%
Epoch: 400, Loss: 0.1515, Train: 98.35%, Valid: 94.56%, Test: 94.25%
Epoch: 450, Loss: 0.1302, Train: 98.35%, Valid: 94.72%, Test: 94.25%
Run 09:Highest Train: 98.64 Highest Valid: 95.08 Highest Test: 94.82 Chosen epoch: 461
Final Train: 98.30 Final Test: 94.51
Epoch: 00, Loss: 2.0921, Train: 22.75%, Valid: 24.22%, Test: 22.22%
Epoch: 50, Loss: 0.9026, Train: 82.30%, Valid: 82.22%, Test: 79.35%
Epoch: 100, Loss: 0.5388, Train: 92.16%, Valid: 89.49%, Test: 88.50%
Epoch: 150, Loss: 0.4613, Train: 93.59%, Valid: 90.53%, Test: 89.34%
Epoch: 200, Loss: 0.3458, Train: 95.19%, Valid: 91.79%, Test: 90.43%
Epoch: 250, Loss: 0.3447, Train: 96.03%, Valid: 92.21%, Test: 90.85%
Epoch: 300, Loss: 0.2800, Train: 96.78%, Valid: 92.89%, Test: 91.74%
Epoch: 350, Loss: 0.2576, Train: 97.20%, Valid: 93.62%, Test: 92.26%
Epoch: 400, Loss: 0.2112, Train: 97.25%, Valid: 94.30%, Test: 92.94%
Epoch: 450, Loss: 0.1957, Train: 97.88%, Valid: 94.67%, Test: 93.00%
Run 10:Highest Train: 98.22 Highest Valid: 95.03 Highest Test: 93.94 Chosen epoch: 450
Final Train: 97.83 Final Test: 93.41
10 runs: Highest Train: 98.87 ± 0.30 Highest val epoch:449
Highest Test: 95.20 ± 1.18 Final Test: 94.68 ± 1.14
