Namespace(data_dir='data', dataset='amazon-photo', device=0, seed=123, cpu=False, epochs=500, runs=10, train_prop=0.5, valid_prop=0.25, protocol='semi', rand_split=True, rand_split_class=False, label_num_per_class=20, valid_num=500, test_num=500, directed=False, method='gcn', hidden_channels=64, num_layers=4, num_heads=1, alpha=0.5, use_bn=False, use_residual=False, use_graph=False, use_weight=False, use_init=False, use_act=False, attention='gcn', lr=0.01, weight_decay=0.0005, dropout=0.5, display_step=50, no_feat_norm=False, patience=200, graph_weight=0.8, ours_weight_decay=None, ours_use_weight=False, ours_use_residual=False, ours_use_act=False, backbone='gcn', ours_layers=2, ours_dropout=None, aggregate='add', hops=1, gat_heads=8, out_heads=1, lamda=0.1, num_elayers=2, encoder_emdim=768, num_partitions=10, num_reps=4, partition_method='metis', no_pse=False, local_only=False, global_only=False)
amazon-photo
amazon-photo: nodes=7650, edges=238162, feats=745, classes=8
features shape=torch.Size([7650, 745])
num nodes 7650 | num classes 8 | num node feats 745
Epoch: 00, Loss: 2.0794, Train: 21.65%, Valid: 23.48%, Test: 21.38%
Epoch: 50, Loss: 1.4028, Train: 46.27%, Valid: 46.65%, Test: 46.31%
Epoch: 100, Loss: 0.8699, Train: 70.46%, Valid: 68.88%, Test: 70.15%
Epoch: 150, Loss: 0.5044, Train: 88.58%, Valid: 86.04%, Test: 86.72%
Epoch: 200, Loss: 0.4276, Train: 90.12%, Valid: 87.13%, Test: 88.29%
Epoch: 250, Loss: 0.4099, Train: 91.08%, Valid: 87.50%, Test: 89.18%
Epoch: 300, Loss: 0.3778, Train: 91.37%, Valid: 88.13%, Test: 89.34%
Epoch: 350, Loss: 0.3935, Train: 90.56%, Valid: 86.98%, Test: 88.66%
Epoch: 400, Loss: 0.3714, Train: 91.40%, Valid: 87.76%, Test: 89.02%
Epoch: 450, Loss: 0.3569, Train: 92.05%, Valid: 88.81%, Test: 90.33%
Run 01:Highest Train: 92.37 Highest Valid: 89.23 Highest Test: 90.64 Chosen epoch: 499
Final Train: 92.37 Final Test: 90.49
Epoch: 00, Loss: 2.0795, Train: 20.60%, Valid: 21.76%, Test: 22.69%
Epoch: 50, Loss: 1.5912, Train: 40.86%, Valid: 41.79%, Test: 42.39%
Epoch: 100, Loss: 1.1831, Train: 62.54%, Valid: 62.97%, Test: 62.00%
Epoch: 150, Loss: 0.8290, Train: 75.74%, Valid: 75.52%, Test: 74.70%
Epoch: 200, Loss: 0.6417, Train: 82.14%, Valid: 81.38%, Test: 81.39%
Epoch: 250, Loss: 0.4978, Train: 87.50%, Valid: 86.35%, Test: 86.88%
Epoch: 300, Loss: 0.4673, Train: 83.76%, Valid: 83.00%, Test: 82.75%
Epoch: 350, Loss: 0.4116, Train: 90.20%, Valid: 88.91%, Test: 88.92%
Epoch: 400, Loss: 0.4019, Train: 91.19%, Valid: 89.80%, Test: 89.70%
Epoch: 450, Loss: 0.3838, Train: 90.27%, Valid: 89.12%, Test: 89.13%
Run 02:Highest Train: 92.13 Highest Valid: 90.59 Highest Test: 90.59 Chosen epoch: 442
Final Train: 91.82 Final Test: 90.17
Epoch: 00, Loss: 2.0793, Train: 24.89%, Valid: 26.41%, Test: 25.30%
Epoch: 50, Loss: 1.3433, Train: 49.10%, Valid: 48.01%, Test: 46.68%
Epoch: 100, Loss: 0.8387, Train: 73.02%, Valid: 72.28%, Test: 69.47%
Epoch: 150, Loss: 0.6692, Train: 80.55%, Valid: 80.96%, Test: 77.78%
Epoch: 200, Loss: 0.6153, Train: 84.10%, Valid: 83.21%, Test: 81.18%
Epoch: 250, Loss: 0.5049, Train: 86.14%, Valid: 85.41%, Test: 83.32%
Epoch: 300, Loss: 0.4618, Train: 87.48%, Valid: 85.88%, Test: 83.95%
Epoch: 350, Loss: 0.4097, Train: 88.44%, Valid: 86.77%, Test: 85.42%
Epoch: 400, Loss: 0.4133, Train: 89.31%, Valid: 88.18%, Test: 86.15%
Epoch: 450, Loss: 0.3907, Train: 90.25%, Valid: 88.34%, Test: 87.25%
Run 03:Highest Train: 91.29 Highest Valid: 89.38 Highest Test: 88.81 Chosen epoch: 469
Final Train: 90.20 Final Test: 87.04
Epoch: 00, Loss: 2.0797, Train: 25.12%, Valid: 24.95%, Test: 24.46%
Epoch: 50, Loss: 1.2089, Train: 46.30%, Valid: 47.80%, Test: 47.05%
Epoch: 100, Loss: 0.8623, Train: 76.18%, Valid: 75.73%, Test: 75.59%
Epoch: 150, Loss: 0.6420, Train: 82.07%, Valid: 82.27%, Test: 82.12%
Epoch: 200, Loss: 0.5055, Train: 86.75%, Valid: 87.13%, Test: 87.45%
Epoch: 250, Loss: 0.4178, Train: 89.75%, Valid: 89.23%, Test: 89.91%
Epoch: 300, Loss: 0.3956, Train: 88.16%, Valid: 88.08%, Test: 88.40%
Epoch: 350, Loss: 0.3605, Train: 90.93%, Valid: 90.17%, Test: 90.96%
Epoch: 400, Loss: 0.3356, Train: 91.32%, Valid: 90.85%, Test: 91.17%
Epoch: 450, Loss: 0.3301, Train: 91.24%, Valid: 91.00%, Test: 90.90%
Run 04:Highest Train: 92.34 Highest Valid: 91.63 Highest Test: 92.37 Chosen epoch: 475
Final Train: 92.29 Final Test: 92.21
Epoch: 00, Loss: 2.0797, Train: 25.36%, Valid: 26.62%, Test: 26.97%
Epoch: 50, Loss: 1.3264, Train: 50.80%, Valid: 50.63%, Test: 52.74%
Epoch: 100, Loss: 0.9535, Train: 67.40%, Valid: 67.36%, Test: 67.64%
Epoch: 150, Loss: 0.8049, Train: 77.28%, Valid: 77.67%, Test: 77.78%
Epoch: 200, Loss: 0.6102, Train: 84.84%, Valid: 85.46%, Test: 85.47%
Epoch: 250, Loss: 0.5165, Train: 88.10%, Valid: 88.28%, Test: 88.66%
Epoch: 300, Loss: 0.5175, Train: 88.00%, Valid: 88.70%, Test: 89.18%
Epoch: 350, Loss: 0.4317, Train: 89.44%, Valid: 89.64%, Test: 90.17%
Epoch: 400, Loss: 0.4348, Train: 89.96%, Valid: 90.17%, Test: 91.01%
Epoch: 450, Loss: 0.3849, Train: 91.37%, Valid: 91.53%, Test: 92.21%
Run 05:Highest Train: 91.50 Highest Valid: 91.84 Highest Test: 92.37 Chosen epoch: 490
Final Train: 91.16 Final Test: 92.21
Epoch: 00, Loss: 2.0795, Train: 25.99%, Valid: 25.37%, Test: 24.15%
Epoch: 50, Loss: 1.6406, Train: 50.67%, Valid: 48.80%, Test: 50.18%
Epoch: 100, Loss: 1.0195, Train: 69.46%, Valid: 68.88%, Test: 68.84%
Epoch: 150, Loss: 0.8732, Train: 71.08%, Valid: 71.91%, Test: 70.57%
Epoch: 200, Loss: 0.8086, Train: 79.48%, Valid: 78.92%, Test: 78.83%
Epoch: 250, Loss: 0.6347, Train: 81.33%, Valid: 82.22%, Test: 81.70%
Epoch: 300, Loss: 0.5135, Train: 80.65%, Valid: 79.45%, Test: 79.19%
Epoch: 350, Loss: 0.4614, Train: 89.36%, Valid: 89.91%, Test: 88.03%
Epoch: 400, Loss: 0.4511, Train: 89.49%, Valid: 90.32%, Test: 88.55%
Epoch: 450, Loss: 0.4143, Train: 89.39%, Valid: 89.80%, Test: 88.08%
Run 06:Highest Train: 90.51 Highest Valid: 91.06 Highest Test: 89.39 Chosen epoch: 481
Final Train: 90.48 Final Test: 88.97
Epoch: 00, Loss: 2.0796, Train: 22.09%, Valid: 22.44%, Test: 21.54%
Epoch: 50, Loss: 1.5484, Train: 44.55%, Valid: 44.09%, Test: 44.54%
Epoch: 100, Loss: 0.8214, Train: 74.30%, Valid: 71.97%, Test: 73.55%
Epoch: 150, Loss: 0.6000, Train: 83.76%, Valid: 82.37%, Test: 83.22%
Epoch: 200, Loss: 0.4623, Train: 89.07%, Valid: 87.45%, Test: 88.34%
Epoch: 250, Loss: 0.3837, Train: 90.17%, Valid: 89.12%, Test: 89.55%
Epoch: 300, Loss: 0.3486, Train: 90.54%, Valid: 89.23%, Test: 89.81%
Epoch: 350, Loss: 0.3881, Train: 90.88%, Valid: 89.23%, Test: 89.81%
Epoch: 400, Loss: 0.3370, Train: 91.95%, Valid: 90.59%, Test: 91.01%
Epoch: 450, Loss: 0.3141, Train: 92.55%, Valid: 91.37%, Test: 91.37%
Run 07:Highest Train: 92.84 Highest Valid: 91.68 Highest Test: 92.11 Chosen epoch: 450
Final Train: 92.76 Final Test: 91.32
Epoch: 00, Loss: 2.0795, Train: 27.63%, Valid: 27.14%, Test: 28.70%
Epoch: 50, Loss: 1.9165, Train: 27.08%, Valid: 25.84%, Test: 26.66%
Epoch: 100, Loss: 1.1933, Train: 52.76%, Valid: 52.72%, Test: 51.75%
Epoch: 150, Loss: 0.9559, Train: 77.62%, Valid: 76.67%, Test: 75.64%
Epoch: 200, Loss: 0.5283, Train: 86.07%, Valid: 85.30%, Test: 83.64%
Epoch: 250, Loss: 0.5569, Train: 87.37%, Valid: 86.35%, Test: 85.68%
Epoch: 300, Loss: 0.4143, Train: 91.01%, Valid: 89.44%, Test: 88.81%
Epoch: 350, Loss: 0.3943, Train: 88.60%, Valid: 87.60%, Test: 86.41%
Epoch: 400, Loss: 0.3662, Train: 91.53%, Valid: 90.01%, Test: 89.60%
Epoch: 450, Loss: 0.3674, Train: 91.92%, Valid: 90.27%, Test: 89.70%
Run 08:Highest Train: 92.65 Highest Valid: 91.37 Highest Test: 90.75 Chosen epoch: 487
Final Train: 92.65 Final Test: 90.59
Epoch: 00, Loss: 2.0793, Train: 26.01%, Valid: 24.32%, Test: 25.04%
Epoch: 50, Loss: 1.7373, Train: 42.67%, Valid: 42.57%, Test: 42.50%
Epoch: 100, Loss: 1.1481, Train: 68.10%, Valid: 67.42%, Test: 67.28%
Epoch: 150, Loss: 0.7702, Train: 78.59%, Valid: 79.13%, Test: 78.99%
Epoch: 200, Loss: 0.5490, Train: 87.01%, Valid: 85.98%, Test: 86.72%
Epoch: 250, Loss: 0.4314, Train: 90.04%, Valid: 88.81%, Test: 88.60%
Epoch: 300, Loss: 0.4423, Train: 90.48%, Valid: 89.23%, Test: 88.81%
Epoch: 350, Loss: 0.4055, Train: 89.86%, Valid: 88.86%, Test: 88.29%
Epoch: 400, Loss: 0.3726, Train: 91.61%, Valid: 90.27%, Test: 89.86%
Epoch: 450, Loss: 0.3675, Train: 91.58%, Valid: 90.59%, Test: 90.12%
Run 09:Highest Train: 92.21 Highest Valid: 91.11 Highest Test: 90.70 Chosen epoch: 480
Final Train: 92.00 Final Test: 90.70
Epoch: 00, Loss: 2.0796, Train: 24.92%, Valid: 24.32%, Test: 25.93%
Epoch: 50, Loss: 1.9282, Train: 25.15%, Valid: 24.48%, Test: 26.08%
Epoch: 100, Loss: 1.9137, Train: 26.82%, Valid: 26.20%, Test: 27.86%
Epoch: 150, Loss: 1.3594, Train: 46.51%, Valid: 47.33%, Test: 46.99%
Epoch: 200, Loss: 0.8433, Train: 76.10%, Valid: 76.05%, Test: 75.95%
Epoch: 250, Loss: 0.4786, Train: 85.96%, Valid: 84.62%, Test: 84.37%
Epoch: 300, Loss: 0.4037, Train: 89.62%, Valid: 89.54%, Test: 88.55%
Epoch: 350, Loss: 0.4327, Train: 90.51%, Valid: 89.80%, Test: 89.39%
Epoch: 400, Loss: 0.3802, Train: 91.03%, Valid: 90.12%, Test: 89.55%
Epoch: 450, Loss: 0.3451, Train: 91.48%, Valid: 90.53%, Test: 90.17%
Run 10:Highest Train: 91.84 Highest Valid: 91.68 Highest Test: 91.01 Chosen epoch: 449
Final Train: 91.61 Final Test: 90.64
10 runs: Highest Train: 91.97 ± 0.70 Highest val epoch:448
Highest Test: 90.87 ± 1.18 Final Test: 90.43 ± 1.53
