Namespace(data_dir='../data', dataset='amazon-photo', device=0, seed=123, cpu=True, epochs=500, runs=10, train_prop=0.5, valid_prop=0.25, protocol='semi', rand_split=True, rand_split_class=False, label_num_per_class=20, valid_num=500, test_num=500, directed=False, method='pcgt', hidden_channels=64, num_layers=4, num_heads=1, alpha=0.5, use_bn=False, use_residual=True, use_graph=True, use_weight=False, use_init=False, use_act=False, attention='gcn', lr=0.01, weight_decay=0.0005, dropout=0.5, display_step=50, no_feat_norm=True, patience=200, graph_weight=0.8, ours_weight_decay=0.001, ours_use_weight=False, ours_use_residual=False, ours_use_act=False, backbone='gcn', ours_layers=1, ours_dropout=0.2, aggregate='add', hops=1, gat_heads=8, out_heads=1, lamda=0.1, num_elayers=2, encoder_emdim=768, num_partitions=10, num_reps=4, partition_method='metis', no_pse=False, local_only=False, global_only=False)
amazon-photo
amazon-photo: nodes=7650, edges=238162, feats=745, classes=8
features shape=torch.Size([7650, 745])
num nodes 7650 | num classes 8 | num node feats 745
Computing 10 partitions using metis...
Partitions: 10, Boundary nodes: 4493/7650 (58.7%)
Intra-partition edges: 194018/238162 (81.5%)
Epoch: 00, Loss: 2.0601, Train: 21.65%, Valid: 23.48%, Test: 21.38% [α=0.50,β=0.99]
Epoch: 50, Loss: 0.1755, Train: 95.97%, Valid: 92.15%, Test: 93.36% [α=0.56,β=1.26]
Epoch: 100, Loss: 0.0755, Train: 98.67%, Valid: 93.67%, Test: 94.51% [α=0.59,β=1.42]
Epoch: 150, Loss: 0.0437, Train: 99.53%, Valid: 94.14%, Test: 94.51% [α=0.62,β=1.58]
Epoch: 200, Loss: 0.0310, Train: 99.79%, Valid: 93.62%, Test: 94.51% [α=0.65,β=1.72]
Epoch: 250, Loss: 0.2119, Train: 96.39%, Valid: 91.84%, Test: 92.63% [α=0.74,β=1.68]
Epoch: 300, Loss: 0.0773, Train: 99.06%, Valid: 92.99%, Test: 93.41% [α=0.73,β=1.88]
Epoch: 350, Loss: 0.0417, Train: 99.95%, Valid: 93.46%, Test: 94.25% [α=0.72,β=2.00]
Run 01:Highest Train: 99.95 Highest Valid: 94.30 Highest Test: 95.09 Chosen epoch: 157
Final Train: 99.40 Final Test: 94.56
Epoch: 00, Loss: 2.0922, Train: 22.35%, Valid: 21.29%, Test: 22.16% [α=0.50,β=1.00]
Epoch: 50, Loss: 0.2322, Train: 95.45%, Valid: 94.14%, Test: 93.36% [α=0.59,β=1.41]
Epoch: 100, Loss: 0.1047, Train: 98.25%, Valid: 95.08%, Test: 94.98% [α=0.58,β=1.58]
Epoch: 150, Loss: 0.1277, Train: 91.03%, Valid: 86.14%, Test: 86.46% [α=0.59,β=1.72]
Epoch: 200, Loss: 0.1451, Train: 97.88%, Valid: 93.83%, Test: 94.72% [α=0.64,β=1.96]
Epoch: 250, Loss: 0.0720, Train: 99.19%, Valid: 94.04%, Test: 94.67% [α=0.64,β=2.11]
Run 02:Highest Train: 99.56 Highest Valid: 95.45 Highest Test: 95.14 Chosen epoch: 67
Final Train: 96.84 Final Test: 94.25
Epoch: 00, Loss: 2.0843, Train: 23.95%, Valid: 24.90%, Test: 23.99% [α=0.50,β=1.00]
Epoch: 50, Loss: 0.2278, Train: 94.85%, Valid: 92.15%, Test: 92.16% [α=0.62,β=1.48]
Epoch: 100, Loss: 0.1092, Train: 98.30%, Valid: 94.04%, Test: 93.67% [α=0.62,β=1.66]
Epoch: 150, Loss: 0.0827, Train: 99.16%, Valid: 94.25%, Test: 94.15% [α=0.64,β=1.82]
Epoch: 200, Loss: 0.0527, Train: 99.37%, Valid: 93.62%, Test: 93.73% [α=0.66,β=1.96]
Epoch: 250, Loss: 0.0344, Train: 99.90%, Valid: 94.51%, Test: 94.35% [α=0.68,β=2.09]
Epoch: 300, Loss: 2.0051, Train: 89.25%, Valid: 84.36%, Test: 85.36% [α=0.70,β=2.20]
Epoch: 350, Loss: 0.0939, Train: 98.61%, Valid: 93.72%, Test: 93.73% [α=0.70,β=2.39]
Run 03:Highest Train: 99.95 Highest Valid: 94.56 Highest Test: 94.46 Chosen epoch: 181
Final Train: 99.66 Final Test: 94.20
Epoch: 00, Loss: 2.1361, Train: 21.67%, Valid: 21.97%, Test: 22.84% [α=0.50,β=1.00]
Epoch: 50, Loss: 0.2622, Train: 93.75%, Valid: 92.15%, Test: 93.31% [α=0.64,β=1.62]
Epoch: 100, Loss: 0.0782, Train: 98.75%, Valid: 94.04%, Test: 95.19% [α=0.66,β=1.86]
Epoch: 150, Loss: 0.0429, Train: 99.66%, Valid: 94.30%, Test: 95.14% [α=0.68,β=2.00]
Epoch: 200, Loss: 0.0323, Train: 99.90%, Valid: 94.35%, Test: 95.09% [α=0.70,β=2.12]
Epoch: 250, Loss: 0.0235, Train: 99.90%, Valid: 94.30%, Test: 95.71% [α=0.72,β=2.22]
Epoch: 300, Loss: 0.0255, Train: 99.92%, Valid: 94.67%, Test: 95.50% [α=0.74,β=2.30]
Epoch: 350, Loss: 0.0229, Train: 100.00%, Valid: 94.04%, Test: 95.14% [α=0.75,β=2.38]
Epoch: 400, Loss: 0.8709, Train: 51.76%, Valid: 51.15%, Test: 51.54% [α=0.76,β=2.46]
Epoch: 450, Loss: 0.3202, Train: 90.64%, Valid: 89.75%, Test: 90.28% [α=0.67,β=2.11]
Run 04:Highest Train: 100.00 Highest Valid: 94.72 Highest Test: 95.77 Chosen epoch: 302
Final Train: 99.90 Final Test: 95.30
Epoch: 00, Loss: 2.0876, Train: 25.31%, Valid: 24.01%, Test: 26.92% [α=0.50,β=1.00]
Epoch: 50, Loss: 0.2759, Train: 93.57%, Valid: 92.73%, Test: 92.79% [α=0.56,β=1.34]
Epoch: 100, Loss: 0.1193, Train: 97.88%, Valid: 94.72%, Test: 95.40% [α=0.57,β=1.49]
Epoch: 150, Loss: 0.0630, Train: 99.40%, Valid: 95.29%, Test: 95.45% [α=0.58,β=1.58]
Epoch: 200, Loss: 0.1572, Train: 98.56%, Valid: 94.51%, Test: 94.35% [α=0.60,β=1.68]
Epoch: 250, Loss: 0.0365, Train: 99.76%, Valid: 94.67%, Test: 95.40% [α=0.61,β=1.78]
Epoch: 300, Loss: 0.0322, Train: 99.90%, Valid: 94.61%, Test: 95.24% [α=0.63,β=1.83]
Epoch: 350, Loss: 0.0226, Train: 99.90%, Valid: 94.82%, Test: 95.09% [α=0.64,β=1.88]
Run 05:Highest Train: 99.97 Highest Valid: 95.35 Highest Test: 95.82 Chosen epoch: 175
Final Train: 99.53 Final Test: 95.71
Epoch: 00, Loss: 2.0875, Train: 22.20%, Valid: 20.61%, Test: 23.16% [α=0.50,β=1.00]
Epoch: 50, Loss: 0.2507, Train: 94.82%, Valid: 94.93%, Test: 93.47% [α=0.56,β=1.30]
Epoch: 100, Loss: 0.1463, Train: 97.78%, Valid: 95.40%, Test: 94.15% [α=0.57,β=1.46]
Epoch: 150, Loss: 0.0632, Train: 99.29%, Valid: 95.40%, Test: 94.41% [α=0.58,β=1.58]
Epoch: 200, Loss: 0.6004, Train: 88.10%, Valid: 87.66%, Test: 87.04% [α=0.69,β=1.32]
Epoch: 250, Loss: 0.2131, Train: 95.82%, Valid: 95.14%, Test: 93.57% [α=0.71,β=1.63]
Epoch: 300, Loss: 0.1433, Train: 97.93%, Valid: 95.40%, Test: 94.09% [α=0.70,β=1.86]
Run 06:Highest Train: 99.48 Highest Valid: 95.97 Highest Test: 95.03 Chosen epoch: 112
Final Train: 98.12 Final Test: 95.03
Epoch: 00, Loss: 2.0929, Train: 22.09%, Valid: 22.44%, Test: 21.54% [α=0.50,β=1.00]
Epoch: 50, Loss: 0.3387, Train: 92.03%, Valid: 91.06%, Test: 92.05% [α=0.59,β=1.36]
Epoch: 100, Loss: 0.1306, Train: 97.25%, Valid: 94.61%, Test: 94.67% [α=0.59,β=1.53]
Epoch: 150, Loss: 0.0804, Train: 98.20%, Valid: 93.93%, Test: 93.94% [α=0.59,β=1.62]
Epoch: 200, Loss: 0.0471, Train: 99.66%, Valid: 94.46%, Test: 95.09% [α=0.60,β=1.70]
Epoch: 250, Loss: 0.0379, Train: 99.82%, Valid: 94.40%, Test: 95.19% [α=0.62,β=1.76]
Epoch: 300, Loss: 0.0371, Train: 99.84%, Valid: 94.35%, Test: 95.19% [α=0.64,β=1.82]
Run 07:Highest Train: 99.90 Highest Valid: 95.08 Highest Test: 95.50 Chosen epoch: 150
Final Train: 98.95 Final Test: 95.35
Epoch: 00, Loss: 2.1279, Train: 21.80%, Valid: 22.02%, Test: 21.48% [α=0.50,β=1.00]
Epoch: 50, Loss: 0.3660, Train: 93.02%, Valid: 91.00%, Test: 91.43% [α=0.60,β=1.37]
Epoch: 100, Loss: 0.1373, Train: 97.62%, Valid: 93.99%, Test: 94.51% [α=0.60,β=1.56]
Epoch: 150, Loss: 0.0676, Train: 99.19%, Valid: 93.78%, Test: 94.51% [α=0.61,β=1.67]
Epoch: 200, Loss: 0.0559, Train: 99.56%, Valid: 93.72%, Test: 94.56% [α=0.63,β=1.77]
Epoch: 250, Loss: 0.0639, Train: 99.50%, Valid: 93.62%, Test: 94.56% [α=0.65,β=1.85]
Epoch: 300, Loss: 0.0764, Train: 99.22%, Valid: 93.41%, Test: 93.83% [α=0.67,β=1.92]
Run 08:Highest Train: 99.92 Highest Valid: 94.67 Highest Test: 95.14 Chosen epoch: 133
Final Train: 98.88 Final Test: 94.88
Epoch: 00, Loss: 2.0805, Train: 31.50%, Valid: 30.96%, Test: 31.05% [α=0.50,β=1.00]
Epoch: 50, Loss: 0.3025, Train: 92.18%, Valid: 92.68%, Test: 91.53% [α=0.58,β=1.37]
Epoch: 100, Loss: 0.1201, Train: 97.80%, Valid: 95.45%, Test: 95.03% [α=0.59,β=1.53]
Epoch: 150, Loss: 0.0808, Train: 98.93%, Valid: 95.55%, Test: 95.19% [α=0.60,β=1.64]
Epoch: 200, Loss: 0.0498, Train: 99.50%, Valid: 95.50%, Test: 95.24% [α=0.62,β=1.74]
Epoch: 250, Loss: 0.0409, Train: 99.69%, Valid: 95.50%, Test: 95.09% [α=0.65,β=1.82]
Epoch: 300, Loss: 0.7518, Train: 84.81%, Valid: 84.36%, Test: 83.48% [α=0.59,β=1.68]
Run 09:Highest Train: 99.74 Highest Valid: 95.92 Highest Test: 95.56 Chosen epoch: 120
Final Train: 98.48 Final Test: 95.03
Epoch: 00, Loss: 2.0606, Train: 38.04%, Valid: 39.23%, Test: 38.06% [α=0.50,β=1.00]
Epoch: 50, Loss: 0.2026, Train: 95.56%, Valid: 94.67%, Test: 93.83% [α=0.55,β=1.31]
Epoch: 100, Loss: 0.1003, Train: 98.12%, Valid: 95.19%, Test: 94.62% [α=0.56,β=1.42]
Epoch: 150, Loss: 0.0577, Train: 99.35%, Valid: 95.08%, Test: 94.35% [α=0.58,β=1.51]
Epoch: 200, Loss: 0.0458, Train: 99.53%, Valid: 95.29%, Test: 94.46% [α=0.60,β=1.58]
Epoch: 250, Loss: 0.0419, Train: 99.56%, Valid: 95.03%, Test: 94.15% [α=0.61,β=1.66]
Epoch: 300, Loss: 0.8542, Train: 75.92%, Valid: 76.10%, Test: 73.86% [α=0.56,β=1.43]
Run 10:Highest Train: 99.74 Highest Valid: 95.55 Highest Test: 95.19 Chosen epoch: 148
Final Train: 99.22 Final Test: 94.67
10 runs: Highest Train: 99.82 ± 0.18 Highest val epoch:147
Highest Test: 95.27 ± 0.40 Final Test: 94.90 ± 0.49
