Namespace(data_dir='../data', dataset='coauthor-cs', device=0, seed=123, cpu=True, epochs=500, runs=10, train_prop=0.5, valid_prop=0.25, protocol='semi', rand_split=True, rand_split_class=False, label_num_per_class=20, valid_num=500, test_num=500, directed=False, method='pcgt', hidden_channels=64, num_layers=4, num_heads=1, alpha=0.5, use_bn=False, use_residual=True, use_graph=True, use_weight=False, use_init=False, use_act=False, attention='gcn', lr=0.01, weight_decay=0.0005, dropout=0.5, display_step=50, no_feat_norm=True, patience=200, graph_weight=0.8, ours_weight_decay=0.001, ours_use_weight=False, ours_use_residual=False, ours_use_act=False, backbone='gcn', ours_layers=1, ours_dropout=0.2, aggregate='add', hops=1, gat_heads=8, out_heads=1, lamda=0.1, num_elayers=2, encoder_emdim=768, num_partitions=15, num_reps=4, partition_method='metis', no_pse=False, local_only=False, global_only=False)
coauthor-cs
coauthor-cs: nodes=18333, edges=163788, feats=6805, classes=15
features shape=torch.Size([18333, 6805])
num nodes 18333 | num classes 15 | num node feats 6805
Computing 15 partitions using metis...
Partitions: 15, Boundary nodes: 9937/18333 (54.2%)
Intra-partition edges: 130044/163788 (79.4%)
Epoch: 00, Loss: 2.7321, Train: 28.52%, Valid: 27.75%, Test: 27.51% [α=0.50,β=1.01]
Epoch: 50, Loss: 0.1233, Train: 98.10%, Valid: 93.45%, Test: 93.43% [α=0.50,β=1.35]
Epoch: 100, Loss: 0.0648, Train: 98.92%, Valid: 93.41%, Test: 93.50% [α=0.49,β=1.49]
Epoch: 150, Loss: 0.0465, Train: 99.40%, Valid: 93.21%, Test: 93.17% [α=0.45,β=1.61]
Epoch: 200, Loss: 0.0547, Train: 99.14%, Valid: 93.08%, Test: 93.61% [α=0.41,β=1.71]
Epoch: 250, Loss: 0.0405, Train: 99.61%, Valid: 93.10%, Test: 93.65% [α=0.38,β=1.83]
Epoch: 300, Loss: 0.0568, Train: 99.33%, Valid: 93.91%, Test: 93.91% [α=0.40,β=2.12]
Epoch: 350, Loss: 0.0448, Train: 99.79%, Valid: 93.89%, Test: 93.91% [α=0.39,β=2.32]
Epoch: 400, Loss: 0.0334, Train: 99.93%, Valid: 93.34%, Test: 93.72% [α=0.38,β=2.46]
Epoch: 450, Loss: 0.0328, Train: 99.81%, Valid: 93.72%, Test: 93.65% [α=0.34,β=2.56]
Run 01:Highest Train: 99.93 Highest Valid: 94.28 Highest Test: 94.35 Chosen epoch: 315
Final Train: 99.65 Final Test: 94.09
Epoch: 00, Loss: 2.7262, Train: 22.56%, Valid: 20.49%, Test: 20.88% [α=0.50,β=1.00]
Epoch: 50, Loss: 0.1056, Train: 98.42%, Valid: 94.07%, Test: 94.28% [α=0.46,β=1.80]
Epoch: 100, Loss: 0.0542, Train: 99.52%, Valid: 94.02%, Test: 94.00% [α=0.50,β=2.17]
Epoch: 150, Loss: 0.0443, Train: 99.29%, Valid: 94.39%, Test: 94.07% [α=0.53,β=2.42]
Epoch: 200, Loss: 0.0446, Train: 99.87%, Valid: 94.35%, Test: 94.31% [α=0.55,β=2.64]
Epoch: 250, Loss: 0.0378, Train: 99.78%, Valid: 93.74%, Test: 94.48% [α=0.54,β=2.83]
Epoch: 300, Loss: 0.0303, Train: 99.72%, Valid: 94.11%, Test: 94.33% [α=0.52,β=3.00]
Epoch: 350, Loss: 0.0337, Train: 98.97%, Valid: 93.41%, Test: 93.35% [α=0.50,β=3.17]
Epoch: 400, Loss: 0.0372, Train: 99.61%, Valid: 93.74%, Test: 94.04% [α=0.49,β=3.32]
Epoch: 450, Loss: 0.0264, Train: 99.93%, Valid: 94.39%, Test: 94.35% [α=0.49,β=3.47]
Run 02:Highest Train: 99.98 Highest Valid: 94.68 Highest Test: 94.81 Chosen epoch: 424
Final Train: 99.90 Final Test: 94.72
Epoch: 00, Loss: 2.7130, Train: 23.94%, Valid: 25.11%, Test: 24.06% [α=0.50,β=1.00]
Epoch: 50, Loss: 0.0915, Train: 98.49%, Valid: 94.74%, Test: 94.90% [α=0.49,β=1.86]
Epoch: 100, Loss: 0.0657, Train: 99.35%, Valid: 94.85%, Test: 94.76% [α=0.49,β=2.25]
Epoch: 150, Loss: 0.0471, Train: 99.41%, Valid: 94.35%, Test: 94.26% [α=0.48,β=2.54]
Epoch: 200, Loss: 0.0458, Train: 99.74%, Valid: 94.96%, Test: 94.63% [α=0.46,β=2.77]
Epoch: 250, Loss: 0.0463, Train: 99.66%, Valid: 95.07%, Test: 94.66% [α=0.44,β=2.97]
Epoch: 300, Loss: 0.0398, Train: 99.80%, Valid: 94.59%, Test: 94.98% [α=0.43,β=3.15]
Run 03:Highest Train: 99.93 Highest Valid: 95.27 Highest Test: 95.33 Chosen epoch: 114
Final Train: 99.45 Final Test: 95.05
Epoch: 00, Loss: 2.7005, Train: 13.83%, Valid: 13.05%, Test: 14.38% [α=0.50,β=1.00]
Epoch: 50, Loss: 0.1205, Train: 97.86%, Valid: 94.46%, Test: 94.96% [α=0.47,β=1.96]
Epoch: 100, Loss: 0.0572, Train: 99.40%, Valid: 94.44%, Test: 94.66% [α=0.49,β=2.41]
Epoch: 150, Loss: 0.0470, Train: 99.78%, Valid: 94.44%, Test: 94.59% [α=0.50,β=2.69]
Epoch: 200, Loss: 0.0358, Train: 99.73%, Valid: 94.94%, Test: 94.92% [α=0.50,β=2.92]
Epoch: 250, Loss: 0.0442, Train: 99.88%, Valid: 94.46%, Test: 94.57% [α=0.50,β=3.12]
Epoch: 300, Loss: 0.0334, Train: 99.90%, Valid: 94.61%, Test: 94.94% [α=0.49,β=3.31]
Run 04:Highest Train: 99.97 Highest Valid: 95.13 Highest Test: 95.33 Chosen epoch: 109
Final Train: 99.44 Final Test: 95.00
Epoch: 00, Loss: 2.7325, Train: 13.36%, Valid: 13.35%, Test: 12.81% [α=0.50,β=1.00]
Epoch: 50, Loss: 0.1209, Train: 97.94%, Valid: 94.63%, Test: 94.15% [α=0.47,β=1.90]
Epoch: 100, Loss: 0.0926, Train: 98.95%, Valid: 94.48%, Test: 93.96% [α=0.49,β=2.30]
Epoch: 150, Loss: 0.2449, Train: 96.44%, Valid: 92.25%, Test: 92.26% [α=0.51,β=2.60]
Epoch: 200, Loss: 0.0480, Train: 99.65%, Valid: 94.81%, Test: 94.39% [α=0.53,β=3.00]
Epoch: 250, Loss: 0.0409, Train: 99.80%, Valid: 94.87%, Test: 94.57% [α=0.54,β=3.27]
Epoch: 300, Loss: 0.0406, Train: 99.23%, Valid: 94.20%, Test: 94.09% [α=0.54,β=3.49]
Epoch: 350, Loss: 0.0326, Train: 99.84%, Valid: 95.07%, Test: 94.70% [α=0.54,β=3.68]
Epoch: 400, Loss: 0.0325, Train: 99.90%, Valid: 94.96%, Test: 94.72% [α=0.54,β=3.85]
Epoch: 450, Loss: 0.0256, Train: 99.88%, Valid: 94.85%, Test: 94.87% [α=0.53,β=4.00]
Run 05:Highest Train: 99.98 Highest Valid: 95.27 Highest Test: 95.14 Chosen epoch: 259
Final Train: 99.86 Final Test: 94.48
Epoch: 00, Loss: 2.7358, Train: 17.73%, Valid: 16.74%, Test: 17.36% [α=0.50,β=1.00]
Epoch: 50, Loss: 0.0989, Train: 98.44%, Valid: 94.50%, Test: 95.14% [α=0.51,β=1.82]
Epoch: 100, Loss: 0.0617, Train: 99.52%, Valid: 94.46%, Test: 95.38% [α=0.55,β=2.19]
Epoch: 150, Loss: 0.0495, Train: 99.62%, Valid: 94.55%, Test: 95.09% [α=0.56,β=2.46]
Epoch: 200, Loss: 0.0459, Train: 99.77%, Valid: 94.57%, Test: 95.11% [α=0.57,β=2.73]
Epoch: 250, Loss: 0.0406, Train: 99.64%, Valid: 93.83%, Test: 94.52% [α=0.56,β=2.94]
Epoch: 300, Loss: 0.0501, Train: 99.21%, Valid: 94.00%, Test: 94.92% [α=0.56,β=3.14]
Epoch: 350, Loss: 0.0407, Train: 99.65%, Valid: 93.85%, Test: 94.87% [α=0.55,β=3.33]
Epoch: 400, Loss: 0.0695, Train: 98.92%, Valid: 94.11%, Test: 94.57% [α=0.55,β=3.51]
Epoch: 450, Loss: 0.0378, Train: 99.73%, Valid: 94.28%, Test: 95.40% [α=0.55,β=3.71]
Run 06:Highest Train: 99.99 Highest Valid: 94.87 Highest Test: 95.55 Chosen epoch: 458
Final Train: 99.95 Final Test: 95.48
Epoch: 00, Loss: 2.7046, Train: 23.57%, Valid: 23.15%, Test: 23.41% [α=0.50,β=1.00]
Epoch: 50, Loss: 0.1089, Train: 98.61%, Valid: 93.85%, Test: 94.00% [α=0.43,β=2.00]
Epoch: 100, Loss: 0.0626, Train: 99.38%, Valid: 93.74%, Test: 94.31% [α=0.47,β=2.44]
Epoch: 150, Loss: 0.0447, Train: 99.47%, Valid: 93.56%, Test: 94.52% [α=0.49,β=2.72]
Epoch: 200, Loss: 0.0368, Train: 99.84%, Valid: 93.96%, Test: 94.63% [α=0.51,β=3.01]
Epoch: 250, Loss: 0.0380, Train: 99.74%, Valid: 93.85%, Test: 94.55% [α=0.50,β=3.23]
Epoch: 300, Loss: 0.0378, Train: 99.88%, Valid: 94.02%, Test: 94.79% [α=0.50,β=3.44]
Epoch: 350, Loss: 0.0301, Train: 99.91%, Valid: 94.04%, Test: 94.72% [α=0.48,β=3.61]
Epoch: 400, Loss: 0.0296, Train: 99.87%, Valid: 93.78%, Test: 94.50% [α=0.47,β=3.78]
Epoch: 450, Loss: 0.0310, Train: 99.84%, Valid: 94.02%, Test: 94.81% [α=0.47,β=3.94]
Run 07:Highest Train: 99.99 Highest Valid: 94.52 Highest Test: 95.14 Chosen epoch: 444
Final Train: 99.95 Final Test: 94.94
Epoch: 00, Loss: 2.7230, Train: 4.11%, Valid: 3.56%, Test: 4.52% [α=0.50,β=0.99]
Epoch: 50, Loss: 0.1204, Train: 97.65%, Valid: 94.28%, Test: 94.02% [α=0.51,β=1.62]
Epoch: 100, Loss: 0.0785, Train: 98.89%, Valid: 94.13%, Test: 93.96% [α=0.53,β=1.96]
Epoch: 150, Loss: 0.0571, Train: 99.24%, Valid: 94.50%, Test: 94.28% [α=0.54,β=2.21]
Epoch: 200, Loss: 0.0482, Train: 99.61%, Valid: 94.20%, Test: 93.94% [α=0.53,β=2.43]
Epoch: 250, Loss: 0.0732, Train: 99.72%, Valid: 94.26%, Test: 94.04% [α=0.52,β=2.62]
Epoch: 300, Loss: 0.0395, Train: 99.73%, Valid: 94.31%, Test: 94.22% [α=0.52,β=2.80]
Epoch: 350, Loss: 0.0464, Train: 99.52%, Valid: 94.26%, Test: 93.72% [α=0.51,β=2.99]
Epoch: 400, Loss: 0.0360, Train: 99.91%, Valid: 94.59%, Test: 94.44% [α=0.50,β=3.18]
Epoch: 450, Loss: 0.0442, Train: 99.90%, Valid: 94.57%, Test: 94.35% [α=0.49,β=3.32]
Run 08:Highest Train: 99.96 Highest Valid: 94.87 Highest Test: 94.85 Chosen epoch: 356
Final Train: 99.57 Final Test: 94.00
Epoch: 00, Loss: 2.7095, Train: 13.99%, Valid: 13.83%, Test: 15.23% [α=0.50,β=1.00]
Epoch: 50, Loss: 0.1194, Train: 97.23%, Valid: 94.09%, Test: 94.22% [α=0.49,β=1.84]
Epoch: 100, Loss: 0.0615, Train: 99.36%, Valid: 94.72%, Test: 94.63% [α=0.51,β=2.22]
Epoch: 150, Loss: 0.0602, Train: 99.65%, Valid: 94.44%, Test: 94.44% [α=0.52,β=2.46]
Epoch: 200, Loss: 0.0493, Train: 99.66%, Valid: 94.79%, Test: 94.50% [α=0.52,β=2.67]
Epoch: 250, Loss: 0.0326, Train: 99.59%, Valid: 94.44%, Test: 94.52% [α=0.51,β=2.86]
Epoch: 300, Loss: 0.0302, Train: 99.85%, Valid: 94.96%, Test: 94.26% [α=0.48,β=3.01]
Epoch: 350, Loss: 0.0420, Train: 99.76%, Valid: 94.35%, Test: 94.18% [α=0.48,β=3.19]
Epoch: 400, Loss: 0.0468, Train: 99.61%, Valid: 94.11%, Test: 94.20% [α=0.47,β=3.38]
Run 09:Highest Train: 99.92 Highest Valid: 95.24 Highest Test: 95.14 Chosen epoch: 206
Final Train: 99.76 Final Test: 94.70
Epoch: 00, Loss: 2.7056, Train: 28.04%, Valid: 28.26%, Test: 29.25% [α=0.50,β=1.00]
Epoch: 50, Loss: 0.1005, Train: 98.45%, Valid: 94.46%, Test: 94.55% [α=0.50,β=1.90]
Epoch: 100, Loss: 0.0564, Train: 99.28%, Valid: 94.04%, Test: 94.15% [α=0.52,β=2.27]
Epoch: 150, Loss: 0.0537, Train: 99.51%, Valid: 94.70%, Test: 94.26% [α=0.51,β=2.51]
Epoch: 200, Loss: 0.0610, Train: 99.24%, Valid: 93.74%, Test: 94.48% [α=0.51,β=2.74]
Epoch: 250, Loss: 0.0594, Train: 99.74%, Valid: 94.04%, Test: 94.37% [α=0.50,β=2.94]
Epoch: 300, Loss: 0.0472, Train: 99.38%, Valid: 94.04%, Test: 94.02% [α=0.48,β=3.09]
Run 10:Highest Train: 99.96 Highest Valid: 94.70 Highest Test: 94.94 Chosen epoch: 151
Final Train: 99.51 Final Test: 94.26
10 runs: Highest Train: 99.96 ± 0.02 Highest val epoch:150
Highest Test: 95.06 ± 0.34 Final Test: 94.67 ± 0.47
