Namespace(data_dir='../data', dataset='chameleon', device=0, seed=123, cpu=False, epochs=500, runs=5, train_prop=0.5, valid_prop=0.25, protocol='semi', rand_split=False, rand_split_class=False, label_num_per_class=20, valid_num=500, test_num=500, directed=False, method='pcgt', hidden_channels=64, num_layers=2, num_heads=1, alpha=0.5, use_bn=False, use_residual=True, use_graph=True, use_weight=False, use_init=False, use_act=False, attention='gcn', lr=0.01, weight_decay=0.001, dropout=0.5, display_step=50, no_feat_norm=True, patience=200, graph_weight=0.8, learn_graph_weight=False, ours_weight_decay=0.01, ours_use_weight=False, ours_use_residual=False, ours_use_act=False, backbone='gcn', ours_layers=1, ours_dropout=0.3, aggregate='add', hops=1, gat_heads=8, out_heads=1, lamda=0.1, num_elayers=2, encoder_emdim=768, num_partitions=10, num_reps=2, partition_method='metis', no_pse=False, local_only=False, global_only=False)
chameleon
features shape=torch.Size([890, 2325])
num nodes 890 | num classes 5 | num node feats 2325
Computing 10 partitions using metis...
Partitions: 10, Boundary nodes: 549/890 (61.7%)
Intra-partition edges: 13982/17708 (79.0%)
Epoch: 00, Loss: 1.6086, Train: 31.05%, Valid: 24.39%, Test: 28.87% [α=0.50,β=0.99]
Epoch: 50, Loss: 0.3387, Train: 93.89%, Valid: 43.21%, Test: 45.88% [α=0.50,β=1.50]
Epoch: 100, Loss: 0.2156, Train: 98.78%, Valid: 43.21%, Test: 45.36% [α=0.50,β=2.02]
Epoch: 150, Loss: 0.1373, Train: 99.51%, Valid: 45.64%, Test: 43.30% [α=0.50,β=2.37]
Epoch: 200, Loss: 0.1213, Train: 99.02%, Valid: 44.95%, Test: 42.27% [α=0.50,β=2.62]
Epoch: 250, Loss: 0.1007, Train: 99.76%, Valid: 47.04%, Test: 44.33% [α=0.50,β=2.82]
Epoch: 300, Loss: 0.0983, Train: 100.00%, Valid: 46.34%, Test: 41.24% [α=0.50,β=2.96]
Epoch: 350, Loss: 0.0874, Train: 99.76%, Valid: 46.69%, Test: 44.85% [α=0.50,β=3.09]
Epoch: 400, Loss: 0.0989, Train: 100.00%, Valid: 47.04%, Test: 45.36% [α=0.50,β=3.18]
Epoch: 450, Loss: 0.1011, Train: 99.76%, Valid: 46.69%, Test: 44.85% [α=0.50,β=3.26]
Run 01:Highest Train: 100.00 Highest Valid: 50.52 Highest Test: 50.00 Chosen epoch: 493
Final Train: 99.76 Final Test: 46.39
Epoch: 00, Loss: 1.5992, Train: 32.32%, Valid: 24.17%, Test: 26.09% [α=0.50,β=1.00]
Epoch: 50, Loss: 0.3485, Train: 92.74%, Valid: 39.74%, Test: 38.51% [α=0.50,β=1.60]
Epoch: 100, Loss: 0.1564, Train: 98.59%, Valid: 38.74%, Test: 41.61% [α=0.50,β=2.40]
Epoch: 150, Loss: 0.1107, Train: 99.06%, Valid: 35.76%, Test: 40.37% [α=0.50,β=2.77]
Epoch: 200, Loss: 0.0980, Train: 99.77%, Valid: 40.07%, Test: 42.24% [α=0.50,β=2.98]
Epoch: 250, Loss: 0.1179, Train: 99.30%, Valid: 39.07%, Test: 40.99% [α=0.50,β=3.11]
Epoch: 300, Loss: 0.1029, Train: 99.53%, Valid: 39.74%, Test: 42.24% [α=0.50,β=3.20]
Run 02:Highest Train: 100.00 Highest Valid: 43.05 Highest Test: 47.20 Chosen epoch: 103
Final Train: 99.77 Final Test: 44.10
Epoch: 00, Loss: 1.5971, Train: 29.86%, Valid: 26.21%, Test: 22.47% [α=0.50,β=1.00]
Epoch: 50, Loss: 0.3186, Train: 93.36%, Valid: 45.52%, Test: 39.89% [α=0.51,β=1.63]
Epoch: 100, Loss: 0.1326, Train: 99.05%, Valid: 42.76%, Test: 40.45% [α=0.51,β=2.40]
Epoch: 150, Loss: 0.1199, Train: 99.53%, Valid: 44.48%, Test: 41.01% [α=0.51,β=2.72]
Epoch: 200, Loss: 0.1044, Train: 99.53%, Valid: 43.79%, Test: 40.45% [α=0.50,β=2.90]
Epoch: 250, Loss: 0.0886, Train: 99.29%, Valid: 42.76%, Test: 38.76% [α=0.50,β=3.02]
Epoch: 300, Loss: 0.0978, Train: 99.76%, Valid: 45.17%, Test: 38.76% [α=0.50,β=3.11]
Run 03:Highest Train: 100.00 Highest Valid: 49.66 Highest Test: 45.51 Chosen epoch: 103
Final Train: 98.58 Final Test: 42.13
Epoch: 00, Loss: 1.6103, Train: 15.05%, Valid: 14.97%, Test: 15.76% [α=0.50,β=1.00]
Epoch: 50, Loss: 0.3022, Train: 93.69%, Valid: 41.16%, Test: 44.02% [α=0.52,β=1.58]
Epoch: 100, Loss: 0.1546, Train: 98.30%, Valid: 39.46%, Test: 40.76% [α=0.51,β=2.37]
Epoch: 150, Loss: 0.1160, Train: 99.51%, Valid: 42.52%, Test: 46.20% [α=0.50,β=2.72]
Epoch: 200, Loss: 0.1096, Train: 99.27%, Valid: 43.20%, Test: 45.65% [α=0.50,β=2.92]
Epoch: 250, Loss: 0.0974, Train: 99.76%, Valid: 45.24%, Test: 44.57% [α=0.50,β=3.06]
Run 04:Highest Train: 100.00 Highest Valid: 46.94 Highest Test: 48.37 Chosen epoch: 74
Final Train: 99.27 Final Test: 45.65
Epoch: 00, Loss: 1.6076, Train: 24.32%, Valid: 26.12%, Test: 25.27% [α=0.50,β=1.00]
Epoch: 50, Loss: 0.3654, Train: 93.41%, Valid: 39.93%, Test: 45.05% [α=0.49,β=1.56]
Epoch: 100, Loss: 0.1544, Train: 99.09%, Valid: 45.52%, Test: 46.15% [α=0.50,β=2.37]
Epoch: 150, Loss: 0.1180, Train: 99.77%, Valid: 41.42%, Test: 41.76% [α=0.50,β=2.72]
Epoch: 200, Loss: 0.1024, Train: 100.00%, Valid: 43.28%, Test: 42.86% [α=0.50,β=2.92]
Epoch: 250, Loss: 0.0985, Train: 100.00%, Valid: 41.04%, Test: 47.80% [α=0.50,β=3.05]
Run 05:Highest Train: 100.00 Highest Valid: 47.01 Highest Test: 49.45 Chosen epoch: 76
Final Train: 97.95 Final Test: 45.05
5 runs: Highest Train: 100.00 ± 0.00 Highest val epoch:75
Highest Test: 48.11 ± 1.81 Final Test: 44.67 ± 1.65
