Namespace(data_dir='../data', dataset='chameleon', device=0, seed=123, cpu=False, epochs=500, runs=5, train_prop=0.5, valid_prop=0.25, protocol='semi', rand_split=False, rand_split_class=False, label_num_per_class=20, valid_num=500, test_num=500, directed=False, method='pcgt', hidden_channels=64, num_layers=2, num_heads=1, alpha=0.5, use_bn=False, use_residual=True, use_graph=True, use_weight=False, use_init=False, use_act=False, attention='gcn', lr=0.01, weight_decay=0.001, dropout=0.5, display_step=50, no_feat_norm=True, patience=200, graph_weight=0.8, learn_graph_weight=False, ours_weight_decay=0.01, ours_use_weight=False, ours_use_residual=False, ours_use_act=False, backbone='gcn', ours_layers=1, ours_dropout=0.3, aggregate='add', hops=1, gat_heads=8, out_heads=1, lamda=0.1, num_elayers=2, encoder_emdim=768, num_partitions=10, num_reps=4, partition_method='metis', no_pse=False, local_only=False, global_only=False)
chameleon
features shape=torch.Size([890, 2325])
num nodes 890 | num classes 5 | num node feats 2325
Computing 10 partitions using metis...
Partitions: 10, Boundary nodes: 549/890 (61.7%)
Intra-partition edges: 13982/17708 (79.0%)
Epoch: 00, Loss: 1.6086, Train: 31.05%, Valid: 24.39%, Test: 28.87% [α=0.50,β=0.99]
Epoch: 50, Loss: 0.3329, Train: 92.42%, Valid: 41.81%, Test: 45.36% [α=0.50,β=1.50]
Epoch: 100, Loss: 0.2160, Train: 98.53%, Valid: 43.90%, Test: 43.81% [α=0.50,β=2.01]
Epoch: 150, Loss: 0.1506, Train: 99.76%, Valid: 46.34%, Test: 43.81% [α=0.50,β=2.37]
Epoch: 200, Loss: 0.1090, Train: 99.27%, Valid: 44.60%, Test: 44.33% [α=0.50,β=2.62]
Epoch: 250, Loss: 0.1103, Train: 99.76%, Valid: 45.99%, Test: 44.33% [α=0.50,β=2.82]
Epoch: 300, Loss: 0.1004, Train: 99.76%, Valid: 47.39%, Test: 40.21% [α=0.50,β=2.97]
Run 01:Highest Train: 100.00 Highest Valid: 49.83 Highest Test: 50.52 Chosen epoch: 134
Final Train: 99.27 Final Test: 45.36
Epoch: 00, Loss: 1.6041, Train: 18.27%, Valid: 21.19%, Test: 18.01% [α=0.50,β=1.00]
Epoch: 50, Loss: 0.4043, Train: 92.74%, Valid: 38.74%, Test: 39.13% [α=0.51,β=1.48]
Epoch: 100, Loss: 0.1557, Train: 99.06%, Valid: 38.74%, Test: 41.61% [α=0.50,β=2.23]
Epoch: 150, Loss: 0.1376, Train: 99.30%, Valid: 38.08%, Test: 41.61% [α=0.50,β=2.59]
Epoch: 200, Loss: 0.1089, Train: 100.00%, Valid: 39.74%, Test: 39.13% [α=0.50,β=2.83]
Epoch: 250, Loss: 0.1017, Train: 99.53%, Valid: 41.39%, Test: 39.13% [α=0.50,β=2.98]
Run 02:Highest Train: 100.00 Highest Valid: 42.72 Highest Test: 46.58 Chosen epoch: 70
Final Train: 96.72 Final Test: 45.34
Epoch: 00, Loss: 1.6096, Train: 18.01%, Valid: 16.21%, Test: 24.16% [α=0.50,β=1.00]
Epoch: 50, Loss: 0.3468, Train: 93.13%, Valid: 44.83%, Test: 38.20% [α=0.51,β=1.51]
Epoch: 100, Loss: 0.1526, Train: 99.05%, Valid: 47.24%, Test: 39.33% [α=0.50,β=2.25]
Epoch: 150, Loss: 0.1109, Train: 99.53%, Valid: 47.59%, Test: 38.76% [α=0.50,β=2.59]
Epoch: 200, Loss: 0.1117, Train: 99.29%, Valid: 44.83%, Test: 38.76% [α=0.50,β=2.79]
Epoch: 250, Loss: 0.0935, Train: 99.76%, Valid: 44.48%, Test: 38.76% [α=0.50,β=2.93]
Run 03:Highest Train: 100.00 Highest Valid: 50.34 Highest Test: 43.82 Chosen epoch: 72
Final Train: 97.39 Final Test: 40.45
Epoch: 00, Loss: 1.6239, Train: 15.05%, Valid: 14.63%, Test: 15.76% [α=0.50,β=1.00]
Epoch: 50, Loss: 0.3883, Train: 92.72%, Valid: 40.82%, Test: 45.65% [α=0.52,β=1.50]
Epoch: 100, Loss: 0.1588, Train: 99.03%, Valid: 40.48%, Test: 42.93% [α=0.51,β=2.28]
Epoch: 150, Loss: 0.1399, Train: 99.51%, Valid: 41.84%, Test: 44.02% [α=0.51,β=2.62]
Epoch: 200, Loss: 0.1082, Train: 99.51%, Valid: 43.54%, Test: 41.30% [α=0.50,β=2.83]
Epoch: 250, Loss: 0.0940, Train: 100.00%, Valid: 43.20%, Test: 42.39% [α=0.50,β=2.97]
Epoch: 300, Loss: 0.1123, Train: 99.27%, Valid: 39.80%, Test: 43.48% [α=0.50,β=3.08]
Run 04:Highest Train: 100.00 Highest Valid: 46.94 Highest Test: 48.37 Chosen epoch: 145
Final Train: 99.51 Final Test: 45.11
Epoch: 00, Loss: 1.6211, Train: 17.50%, Valid: 13.06%, Test: 12.09% [α=0.50,β=1.00]
Epoch: 50, Loss: 0.3641, Train: 92.73%, Valid: 44.78%, Test: 43.96% [α=0.50,β=1.46]
Epoch: 100, Loss: 0.1812, Train: 99.09%, Valid: 44.03%, Test: 46.15% [α=0.50,β=2.26]
Epoch: 150, Loss: 0.1177, Train: 99.77%, Valid: 44.40%, Test: 46.70% [α=0.50,β=2.62]
Epoch: 200, Loss: 0.1217, Train: 99.09%, Valid: 46.64%, Test: 44.51% [α=0.50,β=2.84]
Epoch: 250, Loss: 0.1037, Train: 99.77%, Valid: 44.78%, Test: 45.05% [α=0.50,β=2.98]
Epoch: 300, Loss: 0.1116, Train: 100.00%, Valid: 42.91%, Test: 45.05% [α=0.50,β=3.08]
Epoch: 350, Loss: 0.1010, Train: 100.00%, Valid: 44.40%, Test: 47.25% [α=0.50,β=3.15]
Run 05:Highest Train: 100.00 Highest Valid: 47.76 Highest Test: 48.90 Chosen epoch: 161
Final Train: 99.77 Final Test: 46.70
5 runs: Highest Train: 100.00 ± 0.00 Highest val epoch:160
Highest Test: 47.64 ± 2.55 Final Test: 44.59 ± 2.40
