Namespace(data_dir='../data', dataset='chameleon', device=0, seed=123, cpu=False, epochs=500, runs=5, train_prop=0.5, valid_prop=0.25, protocol='semi', rand_split=False, rand_split_class=False, label_num_per_class=20, valid_num=500, test_num=500, directed=False, method='pcgt', hidden_channels=64, num_layers=2, num_heads=1, alpha=0.5, use_bn=False, use_residual=True, use_graph=True, use_weight=False, use_init=False, use_act=False, attention='gcn', lr=0.01, weight_decay=0.001, dropout=0.5, display_step=50, no_feat_norm=True, patience=200, graph_weight=0.8, learn_graph_weight=False, ours_weight_decay=0.01, ours_use_weight=False, ours_use_residual=False, ours_use_act=False, backbone='gcn', ours_layers=1, ours_dropout=0.3, aggregate='add', hops=1, gat_heads=8, out_heads=1, lamda=0.1, num_elayers=2, encoder_emdim=768, num_partitions=10, num_reps=8, partition_method='metis', no_pse=False, local_only=False, global_only=False)
chameleon
features shape=torch.Size([890, 2325])
num nodes 890 | num classes 5 | num node feats 2325
Computing 10 partitions using metis...
Partitions: 10, Boundary nodes: 549/890 (61.7%)
Intra-partition edges: 13982/17708 (79.0%)
Epoch: 00, Loss: 1.6086, Train: 31.05%, Valid: 24.74%, Test: 28.87% [α=0.50,β=0.99]
Epoch: 50, Loss: 0.3301, Train: 92.42%, Valid: 43.21%, Test: 44.85% [α=0.50,β=1.50]
Epoch: 100, Loss: 0.2226, Train: 98.78%, Valid: 44.60%, Test: 44.85% [α=0.50,β=2.01]
Epoch: 150, Loss: 0.1340, Train: 99.51%, Valid: 46.69%, Test: 43.81% [α=0.50,β=2.36]
Epoch: 200, Loss: 0.1224, Train: 99.02%, Valid: 46.69%, Test: 43.30% [α=0.50,β=2.62]
Epoch: 250, Loss: 0.1011, Train: 99.76%, Valid: 44.25%, Test: 42.78% [α=0.50,β=2.82]
Epoch: 300, Loss: 0.1016, Train: 100.00%, Valid: 44.60%, Test: 43.30% [α=0.50,β=2.97]
Run 01:Highest Train: 100.00 Highest Valid: 48.78 Highest Test: 50.00 Chosen epoch: 110
Final Train: 98.78 Final Test: 45.36
Epoch: 00, Loss: 1.6015, Train: 29.98%, Valid: 23.84%, Test: 26.09% [α=0.50,β=1.00]
Epoch: 50, Loss: 0.4137, Train: 91.33%, Valid: 36.75%, Test: 39.75% [α=0.51,β=1.46]
Epoch: 100, Loss: 0.1691, Train: 98.13%, Valid: 40.40%, Test: 42.86% [α=0.50,β=2.19]
Epoch: 150, Loss: 0.1327, Train: 100.00%, Valid: 38.74%, Test: 40.37% [α=0.50,β=2.56]
Epoch: 200, Loss: 0.1326, Train: 99.77%, Valid: 35.76%, Test: 39.13% [α=0.50,β=2.79]
Epoch: 250, Loss: 0.1211, Train: 99.77%, Valid: 36.75%, Test: 41.61% [α=0.50,β=2.96]
Epoch: 300, Loss: 0.1032, Train: 99.77%, Valid: 39.07%, Test: 42.24% [α=0.50,β=3.07]
Epoch: 350, Loss: 0.1007, Train: 100.00%, Valid: 39.07%, Test: 40.99% [α=0.50,β=3.16]
Run 02:Highest Train: 100.00 Highest Valid: 43.05 Highest Test: 47.83 Chosen epoch: 171
Final Train: 99.53 Final Test: 39.75
Epoch: 00, Loss: 1.6145, Train: 21.09%, Valid: 15.52%, Test: 20.22% [α=0.50,β=1.00]
Epoch: 50, Loss: 0.3213, Train: 95.02%, Valid: 43.79%, Test: 39.33% [α=0.51,β=1.56]
Epoch: 100, Loss: 0.1399, Train: 98.82%, Valid: 44.14%, Test: 37.08% [α=0.50,β=2.31]
Epoch: 150, Loss: 0.1168, Train: 99.53%, Valid: 47.59%, Test: 42.70% [α=0.50,β=2.64]
Epoch: 200, Loss: 0.1036, Train: 99.76%, Valid: 43.45%, Test: 38.76% [α=0.50,β=2.83]
Epoch: 250, Loss: 0.1006, Train: 99.76%, Valid: 45.52%, Test: 38.76% [α=0.50,β=2.97]
Run 03:Highest Train: 100.00 Highest Valid: 49.31 Highest Test: 43.26 Chosen epoch: 66
Final Train: 97.39 Final Test: 40.45
Epoch: 00, Loss: 1.6163, Train: 15.05%, Valid: 14.63%, Test: 15.76% [α=0.50,β=1.00]
Epoch: 50, Loss: 0.3982, Train: 95.15%, Valid: 41.84%, Test: 46.74% [α=0.52,β=1.53]
Epoch: 100, Loss: 0.1289, Train: 97.57%, Valid: 42.18%, Test: 44.02% [α=0.50,β=2.31]
Epoch: 150, Loss: 0.1206, Train: 99.51%, Valid: 42.52%, Test: 45.11% [α=0.50,β=2.64]
Epoch: 200, Loss: 0.0969, Train: 99.76%, Valid: 43.88%, Test: 42.93% [α=0.50,β=2.85]
Run 04:Highest Train: 100.00 Highest Valid: 47.62 Highest Test: 50.00 Chosen epoch: 45
Final Train: 89.56 Final Test: 50.00
Epoch: 00, Loss: 1.6039, Train: 22.05%, Valid: 25.37%, Test: 24.18% [α=0.50,β=1.00]
Epoch: 50, Loss: 0.3926, Train: 88.18%, Valid: 43.28%, Test: 42.86% [α=0.50,β=1.46]
Epoch: 100, Loss: 0.1628, Train: 98.41%, Valid: 45.52%, Test: 48.35% [α=0.50,β=2.27]
Epoch: 150, Loss: 0.1201, Train: 99.55%, Valid: 44.78%, Test: 47.80% [α=0.50,β=2.62]
Epoch: 200, Loss: 0.1362, Train: 99.32%, Valid: 43.66%, Test: 45.05% [α=0.50,β=2.83]
Epoch: 250, Loss: 0.1008, Train: 99.32%, Valid: 43.66%, Test: 46.15% [α=0.50,β=2.98]
Run 05:Highest Train: 100.00 Highest Valid: 48.13 Highest Test: 52.20 Chosen epoch: 62
Final Train: 94.77 Final Test: 47.25
5 runs: Highest Train: 100.00 ± 0.00 Highest val epoch:61
Highest Test: 48.66 ± 3.39 Final Test: 44.56 ± 4.40
