Namespace(data_dir='../data', dataset='cora', device=0, seed=123, cpu=False, epochs=500, runs=5, train_prop=0.5, valid_prop=0.25, protocol='semi', rand_split=False, rand_split_class=True, label_num_per_class=20, valid_num=500, test_num=1000, directed=False, method='pcgt', hidden_channels=64, num_layers=2, num_heads=1, alpha=0.5, use_bn=False, use_residual=True, use_graph=True, use_weight=False, use_init=False, use_act=False, attention='gcn', lr=0.01, weight_decay=0.0005, dropout=0.4, display_step=50, no_feat_norm=True, patience=200, graph_weight=0.8, learn_graph_weight=False, ours_weight_decay=0.001, ours_use_weight=False, ours_use_residual=False, ours_use_act=False, backbone='gcn', ours_layers=1, ours_dropout=0.2, aggregate='add', hops=1, gat_heads=8, out_heads=1, lamda=0.1, num_elayers=2, encoder_emdim=768, num_partitions=10, num_reps=2, partition_method='metis', no_pse=False, local_only=False, global_only=False)
cora
Num nodes: 2708
train:torch.Size([140]), valid:torch.Size([500]), test:torch.Size([1000])
features shape=torch.Size([2708, 1433])
num nodes 2708 | num classes 7 | num node feats 1433
Computing 10 partitions using metis...
Partitions: 10, Boundary nodes: 674/2708 (24.9%)
Intra-partition edges: 9382/10556 (88.9%)
Epoch: 00, Loss: 1.9471, Train: 92.14%, Valid: 64.60%, Test: 66.30% [α=0.50,β=0.99]
Epoch: 50, Loss: 0.0093, Train: 100.00%, Valid: 78.20%, Test: 82.80% [α=0.54,β=1.17]
Epoch: 100, Loss: 0.0072, Train: 100.00%, Valid: 78.40%, Test: 81.90% [α=0.54,β=1.18]
Epoch: 150, Loss: 0.0079, Train: 100.00%, Valid: 78.40%, Test: 81.90% [α=0.54,β=1.19]
Epoch: 200, Loss: 0.0077, Train: 100.00%, Valid: 79.60%, Test: 82.00% [α=0.53,β=1.19]
Epoch: 250, Loss: 0.0055, Train: 100.00%, Valid: 79.20%, Test: 82.80% [α=0.53,β=1.20]
Run 01:Highest Train: 100.00 Highest Valid: 80.80 Highest Test: 84.20 Chosen epoch: 67
Final Train: 100.00 Final Test: 82.70
Epoch: 00, Loss: 1.9516, Train: 30.71%, Valid: 17.60%, Test: 19.80% [α=0.50,β=1.00]
Epoch: 50, Loss: 0.0033, Train: 100.00%, Valid: 79.20%, Test: 81.80% [α=0.57,β=1.36]
Epoch: 100, Loss: 0.0024, Train: 100.00%, Valid: 77.60%, Test: 82.00% [α=0.56,β=1.36]
Epoch: 150, Loss: 0.0057, Train: 100.00%, Valid: 78.60%, Test: 83.70% [α=0.55,β=1.35]
Epoch: 200, Loss: 0.0052, Train: 100.00%, Valid: 78.00%, Test: 83.40% [α=0.54,β=1.36]
Run 02:Highest Train: 100.00 Highest Valid: 80.60 Highest Test: 84.10 Chosen epoch: 8
Final Train: 100.00 Final Test: 84.10
Epoch: 00, Loss: 1.9479, Train: 42.86%, Valid: 28.00%, Test: 28.20% [α=0.50,β=1.00]
Epoch: 50, Loss: 0.0020, Train: 100.00%, Valid: 75.40%, Test: 79.40% [α=0.57,β=1.35]
Epoch: 100, Loss: 0.0023, Train: 100.00%, Valid: 76.40%, Test: 80.90% [α=0.56,β=1.35]
Epoch: 150, Loss: 0.0032, Train: 100.00%, Valid: 77.60%, Test: 81.60% [α=0.55,β=1.35]
Epoch: 200, Loss: 0.0040, Train: 100.00%, Valid: 79.00%, Test: 82.10% [α=0.54,β=1.35]
Run 03:Highest Train: 100.00 Highest Valid: 81.60 Highest Test: 85.30 Chosen epoch: 9
Final Train: 100.00 Final Test: 84.90
Epoch: 00, Loss: 1.9483, Train: 28.57%, Valid: 23.80%, Test: 22.50% [α=0.50,β=1.00]
Epoch: 50, Loss: 0.0069, Train: 100.00%, Valid: 73.60%, Test: 75.60% [α=0.58,β=1.39]
Epoch: 100, Loss: 0.0047, Train: 100.00%, Valid: 77.20%, Test: 80.10% [α=0.57,β=1.38]
Epoch: 150, Loss: 0.0054, Train: 100.00%, Valid: 79.00%, Test: 82.90% [α=0.56,β=1.38]
Epoch: 200, Loss: 0.0048, Train: 100.00%, Valid: 78.80%, Test: 82.50% [α=0.55,β=1.38]
Run 04:Highest Train: 100.00 Highest Valid: 81.80 Highest Test: 84.20 Chosen epoch: 36
Final Train: 100.00 Final Test: 84.20
Epoch: 00, Loss: 1.9501, Train: 41.43%, Valid: 19.80%, Test: 20.70% [α=0.50,β=1.00]
Epoch: 50, Loss: 0.0080, Train: 100.00%, Valid: 73.80%, Test: 77.20% [α=0.57,β=1.45]
Epoch: 100, Loss: 0.0032, Train: 100.00%, Valid: 76.00%, Test: 79.90% [α=0.56,β=1.45]
Epoch: 150, Loss: 0.0036, Train: 100.00%, Valid: 77.20%, Test: 81.80% [α=0.55,β=1.44]
Epoch: 200, Loss: 0.0054, Train: 100.00%, Valid: 77.80%, Test: 81.30% [α=0.55,β=1.44]
Run 05:Highest Train: 100.00 Highest Valid: 80.40 Highest Test: 83.70 Chosen epoch: 8
Final Train: 99.29 Final Test: 81.60
5 runs: Highest Train: 100.00 ± 0.00 Highest val epoch:7
Highest Test: 84.30 ± 0.60 Final Test: 83.50 ± 1.33
