Namespace(data_dir='../data', dataset='squirrel', device=0, seed=123, cpu=False, epochs=500, runs=5, train_prop=0.5, valid_prop=0.25, protocol='semi', rand_split=False, rand_split_class=False, label_num_per_class=20, valid_num=500, test_num=500, directed=False, method='pcgt', hidden_channels=64, num_layers=4, num_heads=1, alpha=0.5, use_bn=False, use_residual=True, use_graph=True, use_weight=False, use_init=False, use_act=False, attention='gcn', lr=0.01, weight_decay=0.0005, dropout=0.5, display_step=50, no_feat_norm=True, patience=200, graph_weight=0.8, learn_graph_weight=False, ours_weight_decay=0.01, ours_use_weight=False, ours_use_residual=False, ours_use_act=False, backbone='gcn', ours_layers=1, ours_dropout=0.3, aggregate='add', hops=1, gat_heads=8, out_heads=1, lamda=0.1, num_elayers=2, encoder_emdim=768, num_partitions=10, num_reps=8, partition_method='metis', no_pse=False, local_only=False, global_only=False)
squirrel
features shape=torch.Size([2223, 2089])
num nodes 2223 | num classes 5 | num node feats 2089
Computing 10 partitions using metis...
Partitions: 10, Boundary nodes: 1850/2223 (83.2%)
Intra-partition edges: 58952/93996 (62.7%)
Epoch: 00, Loss: 1.6277, Train: 18.71%, Valid: 11.70%, Test: 12.39% [α=0.50,β=0.99]
Epoch: 50, Loss: 0.8555, Train: 67.62%, Valid: 42.20%, Test: 45.58% [α=0.51,β=1.50]
Epoch: 100, Loss: 0.5718, Train: 90.60%, Valid: 42.48%, Test: 47.35% [α=0.50,β=2.11]
Epoch: 150, Loss: 0.3277, Train: 94.97%, Valid: 40.11%, Test: 43.58% [α=0.50,β=2.56]
Epoch: 200, Loss: 0.3348, Train: 96.68%, Valid: 42.48%, Test: 43.36% [α=0.50,β=2.89]
Epoch: 250, Loss: 0.2414, Train: 98.01%, Valid: 39.83%, Test: 41.15% [α=0.49,β=3.15]
Run 01:Highest Train: 98.39 Highest Valid: 45.26 Highest Test: 49.56 Chosen epoch: 73
Final Train: 85.57 Final Test: 44.47
Epoch: 00, Loss: 1.6078, Train: 26.39%, Valid: 27.71%, Test: 27.77% [α=0.50,β=1.00]
Epoch: 50, Loss: 1.3256, Train: 43.06%, Valid: 39.14%, Test: 36.79% [α=0.51,β=1.05]
Epoch: 100, Loss: 0.8397, Train: 75.09%, Valid: 43.14%, Test: 42.21% [α=0.50,β=1.57]
Epoch: 150, Loss: 0.5185, Train: 92.50%, Valid: 39.14%, Test: 43.34% [α=0.50,β=2.31]
Epoch: 200, Loss: 0.3406, Train: 96.94%, Valid: 39.43%, Test: 39.95% [α=0.50,β=2.80]
Epoch: 250, Loss: 0.2868, Train: 95.65%, Valid: 39.43%, Test: 42.44% [α=0.50,β=3.13]
Epoch: 300, Loss: 0.2555, Train: 97.13%, Valid: 39.00%, Test: 43.79% [α=0.49,β=3.37]
Run 02:Highest Train: 98.24 Highest Valid: 44.43 Highest Test: 46.73 Chosen epoch: 120
Final Train: 86.67 Final Test: 44.24
Epoch: 00, Loss: 1.5977, Train: 35.34%, Valid: 33.06%, Test: 36.67% [α=0.50,β=1.00]
Epoch: 50, Loss: 1.2395, Train: 50.62%, Valid: 39.94%, Test: 40.89% [α=0.51,β=1.08]
Epoch: 100, Loss: 0.9600, Train: 53.49%, Valid: 36.64%, Test: 39.33% [α=0.51,β=1.62]
Epoch: 150, Loss: 0.4451, Train: 88.44%, Valid: 39.26%, Test: 44.67% [α=0.50,β=2.38]
Epoch: 200, Loss: 0.3472, Train: 95.61%, Valid: 38.02%, Test: 41.33% [α=0.49,β=2.85]
Epoch: 250, Loss: 0.2819, Train: 97.42%, Valid: 37.33%, Test: 40.00% [α=0.49,β=3.16]
Run 03:Highest Train: 98.19 Highest Valid: 44.21 Highest Test: 46.44 Chosen epoch: 69
Final Train: 64.76 Final Test: 42.89
Epoch: 00, Loss: 1.6029, Train: 20.57%, Valid: 19.21%, Test: 17.56% [α=0.50,β=1.00]
Epoch: 50, Loss: 1.1478, Train: 50.75%, Valid: 37.45%, Test: 39.78% [α=0.50,β=1.10]
Epoch: 100, Loss: 0.7905, Train: 76.23%, Valid: 38.57%, Test: 39.56% [α=0.50,β=1.63]
Epoch: 150, Loss: 0.4540, Train: 93.49%, Valid: 40.95%, Test: 43.11% [α=0.50,β=2.36]
Epoch: 200, Loss: 0.3392, Train: 95.85%, Valid: 38.57%, Test: 42.44% [α=0.50,β=2.83]
Epoch: 250, Loss: 0.3106, Train: 95.94%, Valid: 38.15%, Test: 41.33% [α=0.49,β=3.15]
Run 04:Highest Train: 97.26 Highest Valid: 45.30 Highest Test: 47.56 Chosen epoch: 64
Final Train: 59.62 Final Test: 43.78
Epoch: 00, Loss: 1.5921, Train: 34.12%, Valid: 32.82%, Test: 35.63% [α=0.50,β=1.00]
Epoch: 50, Loss: 1.2738, Train: 51.85%, Valid: 37.69%, Test: 40.76% [α=0.51,β=1.08]
Epoch: 100, Loss: 0.8547, Train: 76.11%, Valid: 40.33%, Test: 42.09% [α=0.51,β=1.56]
Epoch: 150, Loss: 0.4795, Train: 89.76%, Valid: 37.41%, Test: 43.43% [α=0.50,β=2.27]
Epoch: 200, Loss: 0.3441, Train: 94.50%, Valid: 34.77%, Test: 40.09% [α=0.50,β=2.77]
Epoch: 250, Loss: 0.2980, Train: 96.87%, Valid: 34.49%, Test: 38.75% [α=0.50,β=3.10]
Run 05:Highest Train: 97.54 Highest Valid: 41.45 Highest Test: 43.65 Chosen epoch: 84
Final Train: 67.39 Final Test: 40.76
5 runs: Highest Train: 97.92 ± 0.49 Highest val epoch:83
Highest Test: 46.79 ± 2.13 Final Test: 43.23 ± 1.51
