Namespace(data_dir='../data', dataset='squirrel', device=0, seed=123, cpu=False, epochs=500, runs=10, train_prop=0.5, valid_prop=0.25, protocol='semi', rand_split=False, rand_split_class=False, label_num_per_class=20, valid_num=500, test_num=500, directed=False, method='pcgt', hidden_channels=64, num_layers=4, num_heads=1, alpha=0.5, use_bn=False, use_residual=True, use_graph=True, use_weight=False, use_init=False, use_act=False, attention='gcn', lr=0.01, weight_decay=0.0005, dropout=0.5, display_step=50, no_feat_norm=True, patience=200, graph_weight=0.8, learn_graph_weight=False, ours_weight_decay=0.01, ours_use_weight=False, ours_use_residual=False, ours_use_act=False, backbone='gcn', ours_layers=1, ours_dropout=0.3, aggregate='add', hops=1, gat_heads=8, out_heads=1, lamda=0.1, num_elayers=2, encoder_emdim=768, num_partitions=5, num_reps=4, partition_method='metis', no_pse=False, local_only=False, global_only=False)
squirrel
features shape=torch.Size([2223, 2089])
num nodes 2223 | num classes 5 | num node feats 2089
Computing 5 partitions using metis...
Partitions: 5, Boundary nodes: 1708/2223 (76.8%)
Intra-partition edges: 77020/93996 (81.9%)
Epoch: 00, Loss: 1.6271, Train: 16.05%, Valid: 13.37%, Test: 12.61% [α=0.50,β=0.99]
Epoch: 50, Loss: 0.9366, Train: 72.17%, Valid: 42.34%, Test: 46.24% [α=0.51,β=1.48]
Epoch: 100, Loss: 0.5198, Train: 90.69%, Valid: 42.90%, Test: 44.47% [α=0.50,β=2.12]
Epoch: 150, Loss: 0.3443, Train: 92.88%, Valid: 41.50%, Test: 42.92% [α=0.50,β=2.59]
Epoch: 200, Loss: 0.3431, Train: 94.97%, Valid: 43.04%, Test: 42.48% [α=0.49,β=2.94]
Epoch: 250, Loss: 0.2342, Train: 97.82%, Valid: 43.04%, Test: 42.04% [α=0.50,β=3.23]
Epoch: 300, Loss: 0.3581, Train: 94.78%, Valid: 38.16%, Test: 41.37% [α=0.49,β=3.45]
Run 01:Highest Train: 98.58 Highest Valid: 44.43 Highest Test: 48.89 Chosen epoch: 128
Final Train: 92.97 Final Test: 45.58
Epoch: 00, Loss: 1.6178, Train: 23.52%, Valid: 22.14%, Test: 24.15% [α=0.50,β=1.00]
Epoch: 50, Loss: 1.2249, Train: 50.00%, Valid: 42.00%, Test: 40.86% [α=0.50,β=1.08]
Epoch: 100, Loss: 0.8092, Train: 81.48%, Valid: 43.43%, Test: 45.15% [α=0.50,β=1.64]
Epoch: 150, Loss: 0.4174, Train: 92.13%, Valid: 41.86%, Test: 42.89% [α=0.50,β=2.39]
Epoch: 200, Loss: 0.3040, Train: 95.83%, Valid: 42.71%, Test: 42.89% [α=0.50,β=2.88]
Epoch: 250, Loss: 0.2487, Train: 97.31%, Valid: 40.00%, Test: 41.53% [α=0.50,β=3.21]
Run 02:Highest Train: 98.33 Highest Valid: 44.57 Highest Test: 46.95 Chosen epoch: 96
Final Train: 68.06 Final Test: 43.57
Epoch: 00, Loss: 1.5990, Train: 24.93%, Valid: 22.31%, Test: 20.67% [α=0.50,β=1.00]
Epoch: 50, Loss: 1.3111, Train: 36.68%, Valid: 35.81%, Test: 40.22% [α=0.51,β=1.08]
Epoch: 100, Loss: 0.7499, Train: 79.66%, Valid: 41.87%, Test: 45.33% [α=0.50,β=1.68]
Epoch: 150, Loss: 0.4095, Train: 93.31%, Valid: 38.98%, Test: 37.56% [α=0.50,β=2.44]
Epoch: 200, Loss: 0.3191, Train: 94.56%, Valid: 40.77%, Test: 44.00% [α=0.50,β=2.92]
Epoch: 250, Loss: 0.2635, Train: 97.90%, Valid: 38.15%, Test: 36.89% [α=0.50,β=3.23]
Run 03:Highest Train: 98.38 Highest Valid: 45.04 Highest Test: 47.11 Chosen epoch: 99
Final Train: 81.09 Final Test: 43.11
Epoch: 00, Loss: 1.6225, Train: 11.23%, Valid: 10.52%, Test: 12.22% [α=0.50,β=1.00]
Epoch: 50, Loss: 1.2646, Train: 52.45%, Valid: 39.41%, Test: 41.78% [α=0.51,β=1.08]
Epoch: 100, Loss: 0.8596, Train: 73.68%, Valid: 43.06%, Test: 41.11% [α=0.51,β=1.66]
Epoch: 150, Loss: 0.4885, Train: 68.96%, Valid: 37.03%, Test: 42.67% [α=0.50,β=2.42]
Epoch: 200, Loss: 0.3098, Train: 96.60%, Valid: 38.29%, Test: 40.67% [α=0.50,β=2.91]
Epoch: 250, Loss: 0.2577, Train: 96.89%, Valid: 37.87%, Test: 40.22% [α=0.50,β=3.22]
Run 04:Highest Train: 97.83 Highest Valid: 44.60 Highest Test: 46.44 Chosen epoch: 84
Final Train: 71.13 Final Test: 44.22
Epoch: 00, Loss: 1.6120, Train: 23.41%, Valid: 22.95%, Test: 23.16% [α=0.50,β=1.00]
Epoch: 50, Loss: 1.2958, Train: 45.97%, Valid: 37.83%, Test: 40.76% [α=0.50,β=1.06]
Epoch: 100, Loss: 0.8331, Train: 73.65%, Valid: 38.80%, Test: 40.53% [α=0.50,β=1.56]
Epoch: 150, Loss: 0.4426, Train: 91.18%, Valid: 38.39%, Test: 41.87% [α=0.50,β=2.30]
Epoch: 200, Loss: 0.3185, Train: 92.13%, Valid: 36.86%, Test: 40.53% [α=0.50,β=2.80]
Epoch: 250, Loss: 0.2823, Train: 97.25%, Valid: 36.30%, Test: 39.87% [α=0.50,β=3.11]
Run 05:Highest Train: 97.73 Highest Valid: 42.28 Highest Test: 45.21 Chosen epoch: 96
Final Train: 77.54 Final Test: 43.43
Epoch: 00, Loss: 1.6072, Train: 14.76%, Valid: 13.60%, Test: 14.95% [α=0.50,β=1.00]
Epoch: 50, Loss: 1.2163, Train: 54.69%, Valid: 37.63%, Test: 41.32% [α=0.50,β=1.09]
Epoch: 100, Loss: 0.7586, Train: 83.19%, Valid: 40.81%, Test: 42.86% [α=0.50,β=1.69]
Epoch: 150, Loss: 0.4396, Train: 89.23%, Valid: 39.65%, Test: 39.34% [α=0.50,β=2.46]
Epoch: 200, Loss: 0.2926, Train: 96.01%, Valid: 36.90%, Test: 38.24% [α=0.50,β=2.93]
Epoch: 250, Loss: 0.2514, Train: 96.94%, Valid: 38.06%, Test: 37.58% [α=0.50,β=3.22]
Epoch: 300, Loss: 0.2421, Train: 97.49%, Valid: 36.90%, Test: 39.12% [α=0.50,β=3.45]
Run 06:Highest Train: 97.77 Highest Valid: 41.68 Highest Test: 43.52 Chosen epoch: 123
Final Train: 90.25 Final Test: 38.90
Epoch: 00, Loss: 1.6177, Train: 14.65%, Valid: 14.31%, Test: 13.00% [α=0.50,β=1.00]
Epoch: 50, Loss: 1.1876, Train: 49.86%, Valid: 40.17%, Test: 37.89% [α=0.50,β=1.10]
Epoch: 100, Loss: 0.6820, Train: 82.58%, Valid: 42.63%, Test: 38.34% [α=0.50,β=1.79]
Epoch: 150, Loss: 0.3881, Train: 93.73%, Valid: 40.17%, Test: 39.69% [α=0.50,β=2.52]
Epoch: 200, Loss: 0.2894, Train: 95.67%, Valid: 39.16%, Test: 38.79% [α=0.50,β=2.97]
Epoch: 250, Loss: 0.2336, Train: 98.06%, Valid: 38.73%, Test: 39.46% [α=0.50,β=3.25]
Run 07:Highest Train: 98.62 Highest Valid: 45.23 Highest Test: 44.84 Chosen epoch: 81
Final Train: 77.14 Final Test: 41.26
Epoch: 00, Loss: 1.6042, Train: 24.17%, Valid: 22.60%, Test: 21.94% [α=0.50,β=1.00]
Epoch: 50, Loss: 1.1701, Train: 55.19%, Valid: 41.81%, Test: 38.80% [α=0.49,β=1.10]
Epoch: 100, Loss: 0.6646, Train: 79.54%, Valid: 42.49%, Test: 41.34% [α=0.50,β=1.79]
Epoch: 150, Loss: 0.3609, Train: 93.82%, Valid: 38.70%, Test: 39.72% [α=0.50,β=2.50]
Epoch: 200, Loss: 0.2911, Train: 96.67%, Valid: 37.48%, Test: 38.11% [α=0.50,β=2.92]
Epoch: 250, Loss: 0.2457, Train: 98.00%, Valid: 36.27%, Test: 37.88% [α=0.50,β=3.20]
Run 08:Highest Train: 98.19 Highest Valid: 44.79 Highest Test: 42.73 Chosen epoch: 89
Final Train: 79.54 Final Test: 39.26
Epoch: 00, Loss: 1.5988, Train: 32.60%, Valid: 34.88%, Test: 35.82% [α=0.50,β=1.00]
Epoch: 50, Loss: 1.2327, Train: 51.67%, Valid: 38.21%, Test: 38.30% [α=0.51,β=1.09]
Epoch: 100, Loss: 0.7150, Train: 78.17%, Valid: 41.10%, Test: 40.58% [α=0.50,β=1.77]
Epoch: 150, Loss: 0.3991, Train: 93.04%, Valid: 40.81%, Test: 39.75% [α=0.50,β=2.51]
Epoch: 200, Loss: 0.2726, Train: 93.90%, Valid: 38.49%, Test: 35.40% [α=0.50,β=2.95]
Epoch: 250, Loss: 0.2733, Train: 96.57%, Valid: 38.78%, Test: 38.72% [α=0.50,β=3.24]
Run 09:Highest Train: 97.81 Highest Valid: 43.13 Highest Test: 43.06 Chosen epoch: 64
Final Train: 65.78 Final Test: 40.17
Epoch: 00, Loss: 1.6017, Train: 32.40%, Valid: 33.70%, Test: 31.73% [α=0.50,β=1.00]
Epoch: 50, Loss: 1.2223, Train: 51.40%, Valid: 43.11%, Test: 40.62% [α=0.50,β=1.10]
Epoch: 100, Loss: 0.6765, Train: 77.65%, Valid: 42.70%, Test: 38.70% [α=0.50,β=1.79]
Epoch: 150, Loss: 0.3853, Train: 93.39%, Valid: 40.93%, Test: 37.50% [α=0.50,β=2.53]
Epoch: 200, Loss: 0.3281, Train: 96.55%, Valid: 38.06%, Test: 37.26% [α=0.50,β=2.97]
Epoch: 250, Loss: 0.2346, Train: 97.39%, Valid: 37.24%, Test: 36.06% [α=0.50,β=3.25]
Run 10:Highest Train: 98.14 Highest Valid: 45.29 Highest Test: 44.23 Chosen epoch: 90
Final Train: 77.09 Final Test: 42.07
10 runs: Highest Train: 98.14 ± 0.34 Highest val epoch:89
Highest Test: 45.30 ± 2.01 Final Test: 42.16 ± 2.22
