Namespace(data_dir='../data', dataset='squirrel', device=0, seed=123, cpu=False, epochs=500, runs=10, train_prop=0.5, valid_prop=0.25, protocol='semi', rand_split=False, rand_split_class=False, label_num_per_class=20, valid_num=500, test_num=500, directed=False, method='pcgt', hidden_channels=64, num_layers=4, num_heads=1, alpha=0.5, use_bn=False, use_residual=True, use_graph=True, use_weight=False, use_init=False, use_act=False, attention='gcn', lr=0.01, weight_decay=0.0005, dropout=0.5, display_step=50, no_feat_norm=True, patience=200, graph_weight=0.8, learn_graph_weight=False, ours_weight_decay=0.01, ours_use_weight=False, ours_use_residual=False, ours_use_act=False, backbone='gcn', ours_layers=1, ours_dropout=0.3, aggregate='add', hops=1, gat_heads=8, out_heads=1, lamda=0.1, num_elayers=2, encoder_emdim=768, num_partitions=10, num_reps=4, partition_method='metis', no_pse=False, local_only=False, global_only=False)
squirrel
features shape=torch.Size([2223, 2089])
num nodes 2223 | num classes 5 | num node feats 2089
Computing 10 partitions using metis...
Partitions: 10, Boundary nodes: 1835/2223 (82.5%)
Intra-partition edges: 63472/93996 (67.5%)
Epoch: 00, Loss: 1.6230, Train: 23.55%, Valid: 23.12%, Test: 22.57% [α=0.50,β=0.99]
Epoch: 50, Loss: 0.8921, Train: 70.18%, Valid: 40.53%, Test: 47.12% [α=0.53,β=1.48]
Epoch: 100, Loss: 0.5164, Train: 91.07%, Valid: 40.95%, Test: 45.13% [α=0.51,β=2.12]
Epoch: 150, Loss: 0.3562, Train: 95.82%, Valid: 39.14%, Test: 42.92% [α=0.50,β=2.59]
Epoch: 200, Loss: 0.2802, Train: 96.77%, Valid: 39.14%, Test: 43.36% [α=0.49,β=2.94]
Epoch: 250, Loss: 0.2414, Train: 97.91%, Valid: 37.88%, Test: 42.04% [α=0.50,β=3.20]
Run 01:Highest Train: 98.58 Highest Valid: 44.43 Highest Test: 48.23 Chosen epoch: 91
Final Train: 89.27 Final Test: 45.80
Epoch: 00, Loss: 1.6205, Train: 16.30%, Valid: 13.14%, Test: 11.96% [α=0.50,β=1.00]
Epoch: 50, Loss: 1.2376, Train: 50.09%, Valid: 39.57%, Test: 43.79% [α=0.51,β=1.07]
Epoch: 100, Loss: 0.7550, Train: 80.83%, Valid: 41.57%, Test: 44.47% [α=0.50,β=1.67]
Epoch: 150, Loss: 0.4048, Train: 92.22%, Valid: 41.71%, Test: 42.89% [α=0.50,β=2.42]
Epoch: 200, Loss: 0.3206, Train: 96.11%, Valid: 41.57%, Test: 44.47% [α=0.50,β=2.89]
Epoch: 250, Loss: 0.2649, Train: 97.31%, Valid: 37.43%, Test: 41.31% [α=0.49,β=3.20]
Run 02:Highest Train: 98.24 Highest Valid: 44.57 Highest Test: 46.50 Chosen epoch: 94
Final Train: 74.63 Final Test: 42.66
Epoch: 00, Loss: 1.5985, Train: 25.02%, Valid: 22.04%, Test: 20.67% [α=0.50,β=1.00]
Epoch: 50, Loss: 1.2290, Train: 52.91%, Valid: 40.63%, Test: 42.89% [α=0.51,β=1.09]
Epoch: 100, Loss: 0.8152, Train: 81.38%, Valid: 42.29%, Test: 45.56% [α=0.50,β=1.71]
Epoch: 150, Loss: 0.4943, Train: 91.02%, Valid: 41.60%, Test: 43.33% [α=0.49,β=2.46]
Epoch: 200, Loss: 0.3511, Train: 94.84%, Valid: 40.36%, Test: 43.33% [α=0.50,β=2.95]
Epoch: 250, Loss: 0.2854, Train: 96.75%, Valid: 39.81%, Test: 41.11% [α=0.50,β=3.26]
Epoch: 300, Loss: 0.2536, Train: 96.66%, Valid: 37.19%, Test: 40.44% [α=0.49,β=3.48]
Epoch: 350, Loss: 0.2239, Train: 98.28%, Valid: 38.98%, Test: 40.44% [α=0.49,β=3.64]
Run 03:Highest Train: 98.47 Highest Valid: 43.39 Highest Test: 47.78 Chosen epoch: 177
Final Train: 93.60 Final Test: 42.44
Epoch: 00, Loss: 1.6108, Train: 19.53%, Valid: 18.65%, Test: 20.67% [α=0.50,β=1.00]
Epoch: 50, Loss: 1.2871, Train: 47.45%, Valid: 39.83%, Test: 43.11% [α=0.51,β=1.08]
Epoch: 100, Loss: 0.7271, Train: 76.79%, Valid: 42.64%, Test: 43.11% [α=0.50,β=1.69]
Epoch: 150, Loss: 0.4337, Train: 94.72%, Valid: 39.97%, Test: 42.67% [α=0.50,β=2.46]
Epoch: 200, Loss: 0.3642, Train: 96.79%, Valid: 35.48%, Test: 38.22% [α=0.48,β=2.94]
Epoch: 250, Loss: 0.2718, Train: 97.83%, Valid: 37.59%, Test: 38.89% [α=0.49,β=3.24]
Run 04:Highest Train: 98.11 Highest Valid: 44.32 Highest Test: 46.44 Chosen epoch: 94
Final Train: 79.15 Final Test: 42.22
Epoch: 00, Loss: 1.6143, Train: 16.68%, Valid: 19.75%, Test: 17.59% [α=0.50,β=1.00]
Epoch: 50, Loss: 1.3253, Train: 51.47%, Valid: 38.80%, Test: 41.20% [α=0.52,β=1.09]
Epoch: 100, Loss: 0.8273, Train: 75.26%, Valid: 38.94%, Test: 42.54% [α=0.51,β=1.64]
Epoch: 150, Loss: 0.4341, Train: 91.75%, Valid: 37.97%, Test: 43.65% [α=0.50,β=2.39]
Epoch: 200, Loss: 0.3369, Train: 96.40%, Valid: 35.74%, Test: 41.65% [α=0.50,β=2.88]
Epoch: 250, Loss: 0.2751, Train: 96.68%, Valid: 34.08%, Test: 39.64% [α=0.50,β=3.18]
Run 05:Highest Train: 98.01 Highest Valid: 40.75 Highest Test: 46.10 Chosen epoch: 95
Final Train: 77.82 Final Test: 42.76
Epoch: 00, Loss: 1.6249, Train: 23.49%, Valid: 22.72%, Test: 23.30% [α=0.50,β=1.00]
Epoch: 50, Loss: 1.1610, Train: 50.42%, Valid: 37.77%, Test: 40.00% [α=0.50,β=1.10]
Epoch: 100, Loss: 0.7516, Train: 82.64%, Valid: 38.64%, Test: 41.98% [α=0.51,β=1.75]
Epoch: 150, Loss: 0.4298, Train: 93.22%, Valid: 37.92%, Test: 40.22% [α=0.50,β=2.54]
Epoch: 200, Loss: 0.3272, Train: 96.01%, Valid: 37.63%, Test: 40.44% [α=0.49,β=3.01]
Epoch: 250, Loss: 0.2874, Train: 96.84%, Valid: 38.21%, Test: 39.56% [α=0.49,β=3.31]
Run 06:Highest Train: 97.77 Highest Valid: 40.38 Highest Test: 45.05 Chosen epoch: 61
Final Train: 62.02 Final Test: 43.30
Epoch: 00, Loss: 1.5992, Train: 33.27%, Valid: 35.55%, Test: 33.41% [α=0.50,β=1.00]
Epoch: 50, Loss: 1.1813, Train: 51.89%, Valid: 40.90%, Test: 40.13% [α=0.51,β=1.11]
Epoch: 100, Loss: 0.7128, Train: 79.17%, Valid: 44.80%, Test: 42.83% [α=0.51,β=1.75]
Epoch: 150, Loss: 0.3939, Train: 93.18%, Valid: 38.87%, Test: 38.79% [α=0.50,β=2.48]
Epoch: 200, Loss: 0.3128, Train: 96.77%, Valid: 38.29%, Test: 39.01% [α=0.50,β=2.93]
Epoch: 250, Loss: 0.2445, Train: 97.60%, Valid: 36.99%, Test: 36.32% [α=0.50,β=3.23]
Run 07:Highest Train: 98.53 Highest Valid: 45.66 Highest Test: 43.95 Chosen epoch: 87
Final Train: 79.35 Final Test: 41.48
Epoch: 00, Loss: 1.6339, Train: 12.56%, Valid: 15.97%, Test: 16.40% [α=0.50,β=1.00]
Epoch: 50, Loss: 1.1967, Train: 55.76%, Valid: 42.90%, Test: 39.95% [α=0.51,β=1.10]
Epoch: 100, Loss: 0.7060, Train: 85.73%, Valid: 43.03%, Test: 40.18% [α=0.51,β=1.73]
Epoch: 150, Loss: 0.4111, Train: 94.20%, Valid: 40.32%, Test: 39.26% [α=0.51,β=2.44]
Epoch: 200, Loss: 0.3237, Train: 95.34%, Valid: 37.08%, Test: 36.95% [α=0.50,β=2.89]
Epoch: 250, Loss: 0.2998, Train: 96.96%, Valid: 38.57%, Test: 37.64% [α=0.50,β=3.19]
Run 08:Highest Train: 98.10 Highest Valid: 43.44 Highest Test: 42.26 Chosen epoch: 96
Final Train: 80.02 Final Test: 40.42
Epoch: 00, Loss: 1.6208, Train: 10.10%, Valid: 10.42%, Test: 11.59% [α=0.50,β=1.00]
Epoch: 50, Loss: 1.2454, Train: 44.52%, Valid: 37.34%, Test: 38.51% [α=0.50,β=1.09]
Epoch: 100, Loss: 0.7239, Train: 83.22%, Valid: 41.10%, Test: 42.03% [α=0.51,β=1.73]
Epoch: 150, Loss: 0.4049, Train: 93.99%, Valid: 38.21%, Test: 38.72% [α=0.50,β=2.50]
Epoch: 200, Loss: 0.3056, Train: 95.14%, Valid: 39.07%, Test: 38.30% [α=0.50,β=2.96]
Epoch: 250, Loss: 0.2606, Train: 96.57%, Valid: 39.22%, Test: 39.54% [α=0.50,β=3.26]
Epoch: 300, Loss: 0.2576, Train: 97.81%, Valid: 38.06%, Test: 39.13% [α=0.50,β=3.47]
Run 09:Highest Train: 98.57 Highest Valid: 42.11 Highest Test: 43.89 Chosen epoch: 129
Final Train: 90.28 Final Test: 40.58
Epoch: 00, Loss: 1.6144, Train: 14.99%, Valid: 12.96%, Test: 15.62% [α=0.50,β=1.00]
Epoch: 50, Loss: 1.2458, Train: 55.12%, Valid: 39.70%, Test: 39.66% [α=0.51,β=1.08]
Epoch: 100, Loss: 0.7029, Train: 81.94%, Valid: 42.97%, Test: 37.74% [α=0.50,β=1.75]
Epoch: 150, Loss: 0.3744, Train: 91.81%, Valid: 41.75%, Test: 38.70% [α=0.50,β=2.50]
Epoch: 200, Loss: 0.3751, Train: 93.58%, Valid: 41.47%, Test: 34.86% [α=0.49,β=2.96]
Epoch: 250, Loss: 0.2404, Train: 96.74%, Valid: 40.52%, Test: 37.98% [α=0.50,β=3.26]
Run 10:Highest Train: 97.95 Highest Valid: 45.84 Highest Test: 42.55 Chosen epoch: 97
Final Train: 82.87 Final Test: 40.62
10 runs: Highest Train: 98.23 ± 0.29 Highest val epoch:96
Highest Test: 45.28 ± 2.08 Final Test: 42.23 ± 1.62
