Namespace(data_dir='../data', dataset='citeseer', device=0, seed=123, cpu=False, epochs=500, runs=10, train_prop=0.5, valid_prop=0.25, protocol='semi', rand_split=False, rand_split_class=True, label_num_per_class=20, valid_num=500, test_num=1000, directed=False, method='pcgt', hidden_channels=64, num_layers=2, num_heads=1, alpha=0.5, use_bn=False, use_residual=True, use_graph=True, use_weight=False, use_init=False, use_act=False, attention='gcn', lr=0.01, weight_decay=0.01, dropout=0.5, display_step=100, no_feat_norm=True, patience=200, graph_weight=0.7, ours_weight_decay=0.01, ours_use_weight=False, ours_use_residual=False, ours_use_act=False, backbone='gcn', ours_layers=1, ours_dropout=0.3, aggregate='add', hops=1, gat_heads=8, out_heads=1, lamda=0.1, num_elayers=2, encoder_emdim=768, num_partitions=20, num_reps=4, partition_method='metis', no_pse=False, local_only=False, global_only=False)
citeseer
Num nodes: 3327
train:torch.Size([120]), valid:torch.Size([500]), test:torch.Size([1000])
features shape=torch.Size([3327, 3703])
num nodes 3327 | num classes 6 | num node feats 3703
Computing 20 partitions using metis...
Partitions: 20, Boundary nodes: 376/3327 (11.3%)
Intra-partition edges: 8428/9104 (92.6%)
Epoch: 00, Loss: 1.7903, Train: 94.17%, Valid: 57.00%, Test: 60.50% [α=0.50,β=0.99]
Epoch: 100, Loss: 0.0641, Train: 100.00%, Valid: 66.80%, Test: 71.50% [α=0.54,β=1.54]
Epoch: 200, Loss: 0.0630, Train: 100.00%, Valid: 64.20%, Test: 68.50% [α=0.54,β=2.16]
Run 01:Highest Train: 100.00 Highest Valid: 70.00 Highest Test: 73.30 Chosen epoch: 36
Final Train: 100.00 Final Test: 71.30
Epoch: 00, Loss: 1.7962, Train: 31.67%, Valid: 21.40%, Test: 21.40% [α=0.50,β=1.00]
Epoch: 100, Loss: 0.0635, Train: 100.00%, Valid: 66.80%, Test: 72.30% [α=0.54,β=1.81]
Epoch: 200, Loss: 0.0549, Train: 100.00%, Valid: 65.00%, Test: 70.90% [α=0.54,β=2.40]
Run 02:Highest Train: 100.00 Highest Valid: 69.80 Highest Test: 73.30 Chosen epoch: 51
Final Train: 100.00 Final Test: 72.70
Epoch: 00, Loss: 1.7952, Train: 26.67%, Valid: 17.20%, Test: 18.80% [α=0.50,β=1.00]
Epoch: 100, Loss: 0.0665, Train: 100.00%, Valid: 66.00%, Test: 71.70% [α=0.54,β=1.87]
Epoch: 200, Loss: 0.0630, Train: 100.00%, Valid: 64.60%, Test: 70.80% [α=0.54,β=2.51]
Run 03:Highest Train: 100.00 Highest Valid: 69.60 Highest Test: 73.00 Chosen epoch: 15
Final Train: 99.17 Final Test: 72.40
Epoch: 00, Loss: 1.7899, Train: 59.17%, Valid: 25.80%, Test: 28.50% [α=0.50,β=1.00]
Epoch: 100, Loss: 0.0717, Train: 100.00%, Valid: 67.20%, Test: 71.30% [α=0.55,β=1.91]
Epoch: 200, Loss: 0.0541, Train: 100.00%, Valid: 65.80%, Test: 68.20% [α=0.54,β=2.55]
Run 04:Highest Train: 100.00 Highest Valid: 69.40 Highest Test: 73.30 Chosen epoch: 99
Final Train: 100.00 Final Test: 72.20
Epoch: 00, Loss: 1.7944, Train: 31.67%, Valid: 23.80%, Test: 24.10% [α=0.50,β=1.00]
Epoch: 100, Loss: 0.0499, Train: 100.00%, Valid: 67.60%, Test: 72.20% [α=0.54,β=1.95]
Epoch: 200, Loss: 0.0732, Train: 100.00%, Valid: 66.40%, Test: 71.00% [α=0.54,β=2.64]
Run 05:Highest Train: 100.00 Highest Valid: 70.00 Highest Test: 73.00 Chosen epoch: 38
Final Train: 100.00 Final Test: 72.10
Epoch: 00, Loss: 1.7977, Train: 20.00%, Valid: 22.40%, Test: 23.10% [α=0.50,β=1.00]
Epoch: 100, Loss: 0.0601, Train: 100.00%, Valid: 66.20%, Test: 71.90% [α=0.54,β=2.00]
Epoch: 200, Loss: 0.0657, Train: 100.00%, Valid: 65.00%, Test: 69.00% [α=0.54,β=2.67]
Run 06:Highest Train: 100.00 Highest Valid: 69.20 Highest Test: 73.50 Chosen epoch: 98
Final Train: 100.00 Final Test: 72.80
Epoch: 00, Loss: 1.7926, Train: 45.00%, Valid: 26.80%, Test: 28.30% [α=0.50,β=1.00]
Epoch: 100, Loss: 0.0625, Train: 100.00%, Valid: 66.40%, Test: 70.00% [α=0.54,β=2.01]
Epoch: 200, Loss: 0.0842, Train: 100.00%, Valid: 65.60%, Test: 70.10% [α=0.55,β=2.69]
Run 07:Highest Train: 100.00 Highest Valid: 70.00 Highest Test: 73.90 Chosen epoch: 79
Final Train: 100.00 Final Test: 72.10
Epoch: 00, Loss: 1.7953, Train: 40.00%, Valid: 16.00%, Test: 19.10% [α=0.50,β=1.00]
Epoch: 100, Loss: 0.0628, Train: 100.00%, Valid: 66.40%, Test: 70.10% [α=0.55,β=2.07]
Epoch: 200, Loss: 0.0616, Train: 100.00%, Valid: 65.80%, Test: 70.20% [α=0.54,β=2.76]
Run 08:Highest Train: 100.00 Highest Valid: 70.80 Highest Test: 72.60 Chosen epoch: 50
Final Train: 100.00 Final Test: 71.50
Epoch: 00, Loss: 1.7918, Train: 34.17%, Valid: 21.60%, Test: 25.80% [α=0.50,β=1.00]
Epoch: 100, Loss: 0.0501, Train: 100.00%, Valid: 64.60%, Test: 69.60% [α=0.55,β=2.06]
Epoch: 200, Loss: 0.0706, Train: 100.00%, Valid: 65.60%, Test: 67.90% [α=0.55,β=2.74]
Run 09:Highest Train: 100.00 Highest Valid: 69.00 Highest Test: 72.60 Chosen epoch: 51
Final Train: 100.00 Final Test: 72.10
Epoch: 00, Loss: 1.7918, Train: 21.67%, Valid: 22.80%, Test: 22.70% [α=0.50,β=1.00]
Epoch: 100, Loss: 0.0648, Train: 100.00%, Valid: 66.80%, Test: 71.40% [α=0.54,β=2.04]
Epoch: 200, Loss: 0.0665, Train: 100.00%, Valid: 65.00%, Test: 69.00% [α=0.54,β=2.72]
Run 10:Highest Train: 100.00 Highest Valid: 69.60 Highest Test: 72.70 Chosen epoch: 38
Final Train: 100.00 Final Test: 72.30
10 runs: Highest Train: 100.00 ± 0.00 Highest val epoch:37
Highest Test: 73.12 ± 0.42 Final Test: 72.15 ± 0.47
