Namespace(data_dir='../data', dataset='deezer-europe', device=0, seed=42, cpu=False, epochs=500, runs=5, train_prop=0.5, valid_prop=0.25, protocol='semi', rand_split=True, rand_split_class=False, label_num_per_class=20, valid_num=500, test_num=500, directed=False, method='pcgt', hidden_channels=96, num_layers=2, num_heads=1, alpha=0.5, use_bn=False, use_residual=False, use_graph=True, use_weight=False, use_init=False, use_act=False, attention='gcn', lr=0.01, weight_decay=5e-05, dropout=0.4, display_step=100, no_feat_norm=False, patience=200, graph_weight=0.5, ours_weight_decay=5e-05, ours_use_weight=False, ours_use_residual=True, ours_use_act=False, backbone='gcn', ours_layers=1, ours_dropout=0.4, aggregate='add', hops=1, gat_heads=8, out_heads=1, lamda=0.1, num_elayers=2, encoder_emdim=768, num_partitions=20, num_reps=4, partition_method='metis', no_pse=False, local_only=False, global_only=False)
deezer-europe
features shape=torch.Size([28281, 31241])
num nodes 28281 | num classes 2 | num node feats 31241
Computing 20 partitions using metis...
Partitions: 20, Boundary nodes: 14754/28281 (52.2%)
Intra-partition edges: 133312/185504 (71.9%)
Epoch: 00, Loss: 0.6944, Train: 55.91%, Valid: 56.01%, Test: 54.86% [α=0.50,β=0.99]
Epoch: 100, Loss: 0.1037, Train: 98.51%, Valid: 64.29%, Test: 63.82% [α=0.54,β=1.73]
Epoch: 200, Loss: 0.0496, Train: 99.53%, Valid: 64.61%, Test: 62.98% [α=0.55,β=2.13]
Run 01:Highest Train: 99.59 Highest Valid: 67.17 Highest Test: 66.44 Chosen epoch: 12
Final Train: 78.27 Final Test: 66.40
Epoch: 00, Loss: 0.6968, Train: 56.15%, Valid: 55.66%, Test: 54.97% [α=0.50,β=1.00]
Epoch: 100, Loss: 0.0965, Train: 98.99%, Valid: 64.19%, Test: 64.88% [α=0.52,β=2.13]
Epoch: 200, Loss: 0.0485, Train: 99.57%, Valid: 63.78%, Test: 63.57% [α=0.57,β=2.66]
Run 02:Highest Train: 99.61 Highest Valid: 67.68 Highest Test: 67.85 Chosen epoch: 12
Final Train: 77.88 Final Test: 66.95
Epoch: 00, Loss: 0.6918, Train: 55.76%, Valid: 55.87%, Test: 55.30% [α=0.50,β=1.00]
Epoch: 100, Loss: 0.1045, Train: 97.48%, Valid: 63.25%, Test: 63.34% [α=0.52,β=2.08]
Epoch: 200, Loss: 0.1358, Train: 97.77%, Valid: 64.43%, Test: 64.70% [α=0.57,β=2.75]
Run 03:Highest Train: 99.46 Highest Valid: 67.75 Highest Test: 67.85 Chosen epoch: 25
Final Train: 81.27 Final Test: 67.85
Epoch: 00, Loss: 0.6894, Train: 56.13%, Valid: 55.88%, Test: 54.52% [α=0.50,β=1.00]
Epoch: 100, Loss: 0.0920, Train: 99.02%, Valid: 64.02%, Test: 65.01% [α=0.52,β=2.05]
Epoch: 200, Loss: 0.0580, Train: 99.48%, Valid: 63.13%, Test: 64.45% [α=0.55,β=2.62]
Run 04:Highest Train: 99.66 Highest Valid: 66.52 Highest Test: 66.72 Chosen epoch: 28
Final Train: 82.66 Final Test: 66.17
Epoch: 00, Loss: 0.6944, Train: 53.76%, Valid: 51.87%, Test: 53.39% [α=0.50,β=1.00]
Epoch: 100, Loss: 0.1534, Train: 94.64%, Valid: 65.19%, Test: 64.12% [α=0.52,β=2.13]
Epoch: 200, Loss: 0.0654, Train: 99.44%, Valid: 64.20%, Test: 63.05% [α=0.56,β=2.44]
Run 05:Highest Train: 99.55 Highest Valid: 66.96 Highest Test: 66.92 Chosen epoch: 30
Final Train: 85.39 Final Test: 66.68
5 runs: Highest Train: 99.57 ± 0.07 Highest val epoch:29
Highest Test: 67.16 ± 0.66 Final Test: 66.81 ± 0.65
