Namespace(data_dir='../data', dataset='film', device=0, seed=123, cpu=False, epochs=500, runs=10, train_prop=0.5, valid_prop=0.25, protocol='semi', rand_split=False, rand_split_class=False, label_num_per_class=20, valid_num=500, test_num=500, directed=False, method='pcgt', hidden_channels=64, num_layers=2, num_heads=1, alpha=0.5, use_bn=False, use_residual=True, use_graph=True, use_weight=False, use_init=False, use_act=False, attention='gcn', lr=0.05, weight_decay=0.0005, dropout=0.5, display_step=100, no_feat_norm=True, patience=200, graph_weight=0.5, ours_weight_decay=0.01, ours_use_weight=False, ours_use_residual=False, ours_use_act=False, backbone='gcn', ours_layers=1, ours_dropout=0.3, aggregate='add', hops=1, gat_heads=8, out_heads=1, lamda=0.1, num_elayers=2, encoder_emdim=768, num_partitions=5, num_reps=4, partition_method='metis', no_pse=False, local_only=False, global_only=False)
film
(7600, 932)
Num nodes: 7600
features shape=torch.Size([7600, 932])
num nodes 7600 | num classes 5 | num node feats 932
Computing 5 partitions using metis...
Partitions: 5, Boundary nodes: 4321/7600 (56.9%)
Intra-partition edges: 45286/60918 (74.3%)
Epoch: 00, Loss: 1.6034, Train: 23.30%, Valid: 23.97%, Test: 25.13% [α=0.49,β=0.95]
Epoch: 100, Loss: 1.3549, Train: 43.59%, Valid: 36.97%, Test: 37.83% [α=0.49,β=2.05]
Epoch: 200, Loss: 1.3399, Train: 36.10%, Valid: 32.85%, Test: 32.43% [α=0.49,β=2.24]
Epoch: 300, Loss: 1.3034, Train: 47.15%, Valid: 36.72%, Test: 37.24% [α=0.50,β=2.40]
Epoch: 400, Loss: 1.3355, Train: 39.31%, Valid: 33.47%, Test: 34.34% [α=0.49,β=2.23]
Run 01:Highest Train: 47.94 Highest Valid: 38.69 Highest Test: 38.62 Chosen epoch: 299
Final Train: 46.33 Final Test: 36.51
Epoch: 00, Loss: 1.6198, Train: 23.27%, Valid: 24.96%, Test: 23.95% [α=0.50,β=0.99]
Epoch: 100, Loss: 1.5606, Train: 31.36%, Valid: 28.54%, Test: 28.95% [α=0.50,β=1.22]
Epoch: 200, Loss: 1.3538, Train: 44.27%, Valid: 36.47%, Test: 34.74% [α=0.50,β=2.11]
Epoch: 300, Loss: 1.3715, Train: 45.04%, Valid: 38.20%, Test: 34.41% [α=0.50,β=2.00]
Epoch: 400, Loss: 1.3429, Train: 40.43%, Valid: 35.44%, Test: 33.09% [α=0.50,β=2.01]
Run 02:Highest Train: 47.86 Highest Valid: 38.90 Highest Test: 36.45 Chosen epoch: 323
Final Train: 45.97 Final Test: 34.08
Epoch: 00, Loss: 1.6009, Train: 23.85%, Valid: 23.48%, Test: 24.61% [α=0.50,β=0.98]
Epoch: 100, Loss: 1.3598, Train: 42.52%, Valid: 36.60%, Test: 36.84% [α=0.50,β=-2.18]
Epoch: 200, Loss: 1.3077, Train: 42.46%, Valid: 35.90%, Test: 36.12% [α=0.51,β=-2.43]
Epoch: 300, Loss: 1.2921, Train: 47.81%, Valid: 36.88%, Test: 36.71% [α=0.52,β=-2.58]
Epoch: 400, Loss: 1.2815, Train: 46.60%, Valid: 37.58%, Test: 37.50% [α=0.51,β=-2.58]
Run 03:Highest Train: 48.49 Highest Valid: 38.90 Highest Test: 38.82 Chosen epoch: 338
Final Train: 46.52 Final Test: 37.89
Epoch: 00, Loss: 1.6094, Train: 25.08%, Valid: 25.53%, Test: 25.33% [α=0.50,β=1.00]
Epoch: 100, Loss: 1.4020, Train: 36.49%, Valid: 34.87%, Test: 33.95% [α=0.50,β=2.02]
Epoch: 200, Loss: 1.3373, Train: 42.85%, Valid: 37.42%, Test: 35.53% [α=0.50,β=2.12]
Run 04:Highest Train: 47.53 Highest Valid: 38.73 Highest Test: 38.03 Chosen epoch: 81
Final Train: 40.02 Final Test: 36.25
Epoch: 00, Loss: 1.6085, Train: 26.40%, Valid: 26.36%, Test: 23.75% [α=0.50,β=0.98]
Epoch: 100, Loss: 1.5231, Train: 32.89%, Valid: 31.13%, Test: 28.95% [α=0.50,β=0.83]
Epoch: 200, Loss: 1.3431, Train: 44.27%, Valid: 36.31%, Test: 35.66% [α=0.50,β=1.89]
Epoch: 300, Loss: 1.3184, Train: 45.42%, Valid: 35.90%, Test: 35.53% [α=0.50,β=2.10]
Epoch: 400, Loss: 1.3401, Train: 35.86%, Valid: 31.66%, Test: 30.20% [α=0.49,β=2.17]
Run 05:Highest Train: 49.07 Highest Valid: 37.62 Highest Test: 37.11 Chosen epoch: 365
Final Train: 46.71 Final Test: 35.72
Epoch: 00, Loss: 1.5980, Train: 26.37%, Valid: 25.04%, Test: 25.92% [α=0.50,β=1.01]
Epoch: 100, Loss: 1.4875, Train: 31.11%, Valid: 27.51%, Test: 30.13% [α=0.51,β=0.14]
Epoch: 200, Loss: 1.4015, Train: 35.83%, Valid: 32.11%, Test: 32.17% [α=0.50,β=1.38]
Epoch: 300, Loss: 1.3434, Train: 43.64%, Valid: 35.94%, Test: 35.13% [α=0.50,β=1.84]
Epoch: 400, Loss: 1.4077, Train: 42.32%, Valid: 35.90%, Test: 35.33% [α=0.50,β=1.78]
Run 06:Highest Train: 46.27 Highest Valid: 37.25 Highest Test: 36.97 Chosen epoch: 468
Final Train: 45.42 Final Test: 35.26
Epoch: 00, Loss: 1.6070, Train: 24.26%, Valid: 23.89%, Test: 23.09% [α=0.50,β=1.00]
Epoch: 100, Loss: 1.4657, Train: 35.72%, Valid: 30.26%, Test: 31.18% [α=0.50,β=-0.08]
Epoch: 200, Loss: 1.5160, Train: 33.53%, Valid: 28.82%, Test: 28.09% [α=0.51,β=-0.40]
Epoch: 300, Loss: 1.3463, Train: 36.71%, Valid: 33.96%, Test: 31.18% [α=0.51,β=-2.13]
Epoch: 400, Loss: 1.3108, Train: 46.55%, Valid: 37.75%, Test: 35.20% [α=0.52,β=-2.36]
Run 07:Highest Train: 47.64 Highest Valid: 38.65 Highest Test: 37.70 Chosen epoch: 405
Final Train: 47.64 Final Test: 34.67
Epoch: 00, Loss: 1.6126, Train: 26.62%, Valid: 25.37%, Test: 24.80% [α=0.50,β=0.99]
Epoch: 100, Loss: 1.4052, Train: 35.01%, Valid: 31.37%, Test: 30.33% [α=0.50,β=1.81]
Epoch: 200, Loss: 1.3316, Train: 42.19%, Valid: 35.03%, Test: 34.21% [α=0.50,β=2.16]
Epoch: 300, Loss: 1.3000, Train: 42.76%, Valid: 35.12%, Test: 35.07% [α=0.50,β=2.19]
Epoch: 400, Loss: 1.3420, Train: 44.11%, Valid: 35.20%, Test: 36.64% [α=0.50,β=1.99]
Run 08:Highest Train: 46.90 Highest Valid: 36.64 Highest Test: 38.55 Chosen epoch: 449
Final Train: 46.11 Final Test: 36.78
Epoch: 00, Loss: 1.6198, Train: 26.34%, Valid: 26.03%, Test: 24.41% [α=0.50,β=0.98]
Epoch: 100, Loss: 1.4641, Train: 35.14%, Valid: 32.03%, Test: 33.09% [α=0.50,β=0.87]
Epoch: 200, Loss: 1.3819, Train: 41.89%, Valid: 35.98%, Test: 34.01% [α=0.49,β=1.79]
Epoch: 300, Loss: 1.3415, Train: 37.55%, Valid: 32.89%, Test: 32.96% [α=0.50,β=2.19]
Epoch: 400, Loss: 1.3640, Train: 37.34%, Valid: 33.68%, Test: 34.28% [α=0.49,β=2.10]
Run 09:Highest Train: 45.26 Highest Valid: 38.53 Highest Test: 38.68 Chosen epoch: 409
Final Train: 44.02 Final Test: 38.29
Epoch: 00, Loss: 1.6038, Train: 24.89%, Valid: 26.23%, Test: 27.57% [α=0.50,β=0.99]
Epoch: 100, Loss: 1.3821, Train: 38.49%, Valid: 35.07%, Test: 36.05% [α=0.50,β=-1.78]
Epoch: 200, Loss: 1.3474, Train: 45.53%, Valid: 37.66%, Test: 37.63% [α=0.52,β=-2.35]
Epoch: 300, Loss: 1.3200, Train: 46.57%, Valid: 36.84%, Test: 37.11% [α=0.52,β=-2.35]
Epoch: 400, Loss: 1.3194, Train: 44.00%, Valid: 35.90%, Test: 38.03% [α=0.50,β=-2.53]
Run 10:Highest Train: 49.40 Highest Valid: 38.32 Highest Test: 39.08 Chosen epoch: 356
Final Train: 47.45 Final Test: 37.37
10 runs: Highest Train: 47.64 ± 1.25 Highest val epoch:355
Highest Test: 38.00 ± 0.90 Final Test: 36.28 ± 1.37
