
============================================================
Dataset: deezer-europe, K=20
============================================================
deezer-europe
Homophily h = 0.5251
  Epoch   0: Loss=0.7303 Test=55.9% ['α=0.50,β=0.99']
  Epoch  50: Loss=0.3192 Test=65.5% ['α=0.44,β=1.16']
  Epoch 100: Loss=0.1645 Test=64.6% ['α=0.38,β=0.86']
  Epoch 150: Loss=0.0940 Test=64.1% ['α=0.30,β=0.31']
  Epoch 200: Loss=0.0701 Test=62.9% ['α=0.24,β=-0.19']
  Epoch 250: Loss=0.0649 Test=64.1% ['α=0.19,β=-0.61']
  Epoch 299: Loss=0.0473 Test=64.0% ['α=0.17,β=-0.75']

  FINAL: h=0.5251, α=0.1716, β=-0.7500

============================================================
Dataset: coauthor-cs, K=15
============================================================
coauthor-cs
coauthor-cs: nodes=18333, edges=163788, feats=6805, classes=15
Homophily h = 0.8081
  Epoch   0: Loss=2.7507 Test=42.0% ['α=0.50,β=0.99']
  Epoch  50: Loss=0.1296 Test=93.4% ['α=0.47,β=1.30']
  Epoch 100: Loss=0.0676 Test=93.6% ['α=0.46,β=1.50']
  Epoch 150: Loss=0.0597 Test=93.5% ['α=0.43,β=1.66']
  Epoch 200: Loss=0.0555 Test=93.5% ['α=0.39,β=1.80']
  Epoch 250: Loss=0.0398 Test=93.6% ['α=0.36,β=1.94']
  Epoch 299: Loss=0.0579 Test=93.8% ['α=0.36,β=2.08']

  FINAL: h=0.8081, α=0.3646, β=2.0833

============================================================
Dataset: coauthor-physics, K=20
============================================================
coauthor-physics
coauthor-physics: nodes=34493, edges=495924, feats=8415, classes=5
Homophily h = 0.9314
  Epoch   0: Loss=1.5977 Test=61.3% ['α=0.50,β=0.99']
  Epoch  50: Loss=0.0758 Test=96.2% ['α=0.47,β=1.18']
  Epoch 100: Loss=0.0531 Test=96.1% ['α=0.45,β=1.30']
  Epoch 150: Loss=0.0466 Test=96.1% ['α=0.45,β=1.44']
  Epoch 200: Loss=0.0635 Test=96.2% ['α=0.45,β=1.69']
  Epoch 250: Loss=0.0387 Test=96.3% ['α=0.46,β=1.92']
  Epoch 299: Loss=0.0274 Test=96.4% ['α=0.45,β=2.09']

  FINAL: h=0.9314, α=0.4530, β=2.0911

============================================================
Dataset: amazon-computers, K=10
============================================================
amazon-computers
amazon-computers: nodes=13752, edges=491722, feats=767, classes=10
Homophily h = 0.7772
  Epoch   0: Loss=2.3841 Test=37.3% ['α=0.50,β=0.99']
  Epoch  50: Loss=0.4801 Test=83.9% ['α=0.54,β=1.21']
  Epoch 100: Loss=0.2841 Test=88.7% ['α=0.53,β=1.35']
  Epoch 150: Loss=0.4065 Test=85.9% ['α=0.56,β=1.59']
  Epoch 200: Loss=0.2065 Test=89.4% ['α=0.57,β=1.77']
  Epoch 250: Loss=0.1643 Test=89.4% ['α=0.59,β=1.94']
  Epoch 299: Loss=0.1462 Test=88.4% ['α=0.61,β=2.12']

  FINAL: h=0.7772, α=0.6144, β=2.1215

============================================================
Dataset: amazon-photo, K=10
============================================================
amazon-photo
amazon-photo: nodes=7650, edges=238162, feats=745, classes=8
Homophily h = 0.8272
  Epoch   0: Loss=2.1182 Test=21.4% ['α=0.50,β=0.99']
  Epoch  50: Loss=0.2143 Test=93.2% ['α=0.53,β=1.23']
  Epoch 100: Loss=0.0752 Test=94.8% ['α=0.52,β=1.36']
  Epoch 150: Loss=0.0483 Test=94.9% ['α=0.54,β=1.51']
  Epoch 200: Loss=0.0399 Test=94.7% ['α=0.58,β=1.64']
  Epoch 250: Loss=0.2460 Test=92.8% ['α=0.63,β=1.63']
  Epoch 299: Loss=0.1173 Test=94.6% ['α=0.63,β=1.75']

  FINAL: h=0.8272, α=0.6258, β=1.7531

======================================================================
Dataset                     h          β          α    Nodes
======================================================================
coauthor-physics       0.9314     2.0911     0.4530    34493
amazon-photo           0.8272     1.7531     0.6258     7650
coauthor-cs            0.8081     2.0833     0.3646    18333
amazon-computers       0.7772     2.1215     0.6144    13752
deezer-europe          0.5251    -0.7500     0.1716    28281
======================================================================

Pearson correlation(h, β) = 0.9182
