Namespace(data_dir='../data', dataset='chameleon', device=0, seed=42, cpu=False, epochs=500, runs=1, train_prop=0.5, valid_prop=0.25, protocol='semi', rand_split=False, rand_split_class=False, label_num_per_class=20, valid_num=500, test_num=500, directed=False, method='sgformer', hidden_channels=64, num_layers=2, num_heads=1, alpha=0.5, use_bn=False, use_residual=False, use_graph=False, use_weight=False, use_init=False, use_act=False, attention='gcn', lr=0.01, weight_decay=0.0005, dropout=0.5, display_step=1, no_feat_norm=False, patience=200, graph_weight=0.8, ours_weight_decay=0.0005, ours_use_weight=False, ours_use_residual=False, ours_use_act=False, backbone='gcn', ours_layers=2, ours_dropout=0.5, aggregate='add', hops=1, gat_heads=8, out_heads=1, lamda=0.1, num_elayers=2, encoder_emdim=768, num_partitions=10, num_reps=4, partition_method='metis', no_pse=False, local_only=False, global_only=False)
chameleon
features shape=torch.Size([890, 2325])
num nodes 890 | num classes 5 | num node feats 2325
Epoch: 00, Loss: 1.6116, Train: 27.87%, Valid: 29.27%, Test: 22.68%
Epoch: 01, Loss: 1.6067, Train: 27.87%, Valid: 29.27%, Test: 22.68%
Epoch: 02, Loss: 1.5995, Train: 27.87%, Valid: 29.27%, Test: 22.68%
Epoch: 03, Loss: 1.5940, Train: 27.87%, Valid: 29.27%, Test: 22.68%
Epoch: 04, Loss: 1.5844, Train: 27.87%, Valid: 29.27%, Test: 22.68%
Epoch: 05, Loss: 1.5747, Train: 27.87%, Valid: 29.27%, Test: 22.68%
Epoch: 06, Loss: 1.5644, Train: 27.87%, Valid: 29.27%, Test: 22.68%
Epoch: 07, Loss: 1.5674, Train: 27.87%, Valid: 29.27%, Test: 22.68%
Epoch: 08, Loss: 1.5566, Train: 27.87%, Valid: 29.27%, Test: 22.68%
Epoch: 09, Loss: 1.5399, Train: 27.87%, Valid: 29.27%, Test: 22.68%
Epoch: 10, Loss: 1.5333, Train: 27.87%, Valid: 29.27%, Test: 22.68%
Epoch: 11, Loss: 1.5317, Train: 27.87%, Valid: 29.27%, Test: 22.68%
Epoch: 12, Loss: 1.5419, Train: 27.87%, Valid: 29.27%, Test: 22.68%
Epoch: 13, Loss: 1.5085, Train: 27.87%, Valid: 29.27%, Test: 22.68%
Epoch: 14, Loss: 1.5079, Train: 27.87%, Valid: 29.27%, Test: 22.68%
Epoch: 15, Loss: 1.5100, Train: 28.61%, Valid: 28.57%, Test: 22.68%
Epoch: 16, Loss: 1.4750, Train: 30.56%, Valid: 28.22%, Test: 23.20%
Epoch: 17, Loss: 1.4709, Train: 35.21%, Valid: 26.83%, Test: 23.20%
Epoch: 18, Loss: 1.4620, Train: 42.05%, Valid: 25.44%, Test: 23.71%
Epoch: 19, Loss: 1.4409, Train: 45.72%, Valid: 25.78%, Test: 23.71%
Epoch: 20, Loss: 1.4352, Train: 47.43%, Valid: 25.78%, Test: 24.23%
Epoch: 21, Loss: 1.4349, Train: 48.17%, Valid: 26.13%, Test: 25.26%
Epoch: 22, Loss: 1.4039, Train: 49.88%, Valid: 26.13%, Test: 25.26%
Epoch: 23, Loss: 1.3922, Train: 50.37%, Valid: 26.13%, Test: 25.26%
Epoch: 24, Loss: 1.3708, Train: 50.37%, Valid: 26.13%, Test: 25.26%
Epoch: 25, Loss: 1.3613, Train: 51.34%, Valid: 26.13%, Test: 25.26%
Epoch: 26, Loss: 1.3601, Train: 52.81%, Valid: 25.78%, Test: 25.26%
Epoch: 27, Loss: 1.3370, Train: 54.28%, Valid: 25.09%, Test: 25.77%
Epoch: 28, Loss: 1.2900, Train: 55.75%, Valid: 24.74%, Test: 26.29%
Epoch: 29, Loss: 1.2951, Train: 58.68%, Valid: 25.44%, Test: 25.77%
Epoch: 30, Loss: 1.2860, Train: 62.35%, Valid: 26.13%, Test: 26.29%
Epoch: 31, Loss: 1.2381, Train: 64.79%, Valid: 27.87%, Test: 27.32%
Epoch: 32, Loss: 1.2617, Train: 67.73%, Valid: 28.57%, Test: 26.80%
Epoch: 33, Loss: 1.2337, Train: 70.66%, Valid: 27.53%, Test: 26.29%
Epoch: 34, Loss: 1.2069, Train: 73.11%, Valid: 29.27%, Test: 26.80%
Epoch: 35, Loss: 1.1699, Train: 76.04%, Valid: 29.27%, Test: 27.84%
Epoch: 36, Loss: 1.1822, Train: 78.24%, Valid: 28.57%, Test: 27.84%
Epoch: 37, Loss: 1.1447, Train: 80.20%, Valid: 27.53%, Test: 27.32%
Epoch: 38, Loss: 1.1400, Train: 81.42%, Valid: 27.18%, Test: 26.80%
Epoch: 39, Loss: 1.1024, Train: 84.60%, Valid: 26.83%, Test: 26.80%
Epoch: 40, Loss: 1.0937, Train: 87.29%, Valid: 26.13%, Test: 26.80%
Epoch: 41, Loss: 1.0921, Train: 89.00%, Valid: 26.13%, Test: 27.84%
Epoch: 42, Loss: 1.0904, Train: 89.98%, Valid: 25.78%, Test: 26.80%
Epoch: 43, Loss: 1.0699, Train: 90.71%, Valid: 25.78%, Test: 26.80%
Epoch: 44, Loss: 1.0530, Train: 91.93%, Valid: 26.83%, Test: 27.32%
Epoch: 45, Loss: 1.0464, Train: 93.15%, Valid: 28.22%, Test: 27.84%
Epoch: 46, Loss: 1.0345, Train: 93.15%, Valid: 28.57%, Test: 28.35%
Epoch: 47, Loss: 1.0180, Train: 93.40%, Valid: 28.22%, Test: 27.32%
Epoch: 48, Loss: 1.0042, Train: 93.40%, Valid: 28.22%, Test: 26.80%
Epoch: 49, Loss: 0.9449, Train: 93.89%, Valid: 28.22%, Test: 26.29%
Epoch: 50, Loss: 0.9666, Train: 94.13%, Valid: 27.87%, Test: 25.77%
Epoch: 51, Loss: 0.9560, Train: 94.38%, Valid: 27.87%, Test: 24.74%
Epoch: 52, Loss: 0.9169, Train: 95.11%, Valid: 27.53%, Test: 25.77%
Epoch: 53, Loss: 0.9396, Train: 95.35%, Valid: 28.22%, Test: 25.77%
Epoch: 54, Loss: 0.8742, Train: 95.84%, Valid: 27.87%, Test: 26.80%
Epoch: 55, Loss: 0.8955, Train: 96.09%, Valid: 28.92%, Test: 26.80%
Epoch: 56, Loss: 0.8885, Train: 96.33%, Valid: 28.57%, Test: 26.80%
Epoch: 57, Loss: 0.8924, Train: 96.58%, Valid: 26.83%, Test: 27.84%
Epoch: 58, Loss: 0.8957, Train: 96.82%, Valid: 26.83%, Test: 27.32%
Epoch: 59, Loss: 0.8665, Train: 97.07%, Valid: 26.48%, Test: 25.77%
Epoch: 60, Loss: 0.8750, Train: 97.07%, Valid: 28.57%, Test: 25.77%
Epoch: 61, Loss: 0.8271, Train: 97.07%, Valid: 29.27%, Test: 27.84%
Epoch: 62, Loss: 0.8434, Train: 97.07%, Valid: 28.57%, Test: 28.35%
Epoch: 63, Loss: 0.8265, Train: 97.07%, Valid: 28.57%, Test: 27.84%
Epoch: 64, Loss: 0.8167, Train: 97.07%, Valid: 28.92%, Test: 27.84%
Epoch: 65, Loss: 0.8087, Train: 97.07%, Valid: 28.92%, Test: 28.35%
Epoch: 66, Loss: 0.8048, Train: 97.07%, Valid: 28.92%, Test: 28.35%
Epoch: 67, Loss: 0.7768, Train: 97.07%, Valid: 27.87%, Test: 26.29%
Epoch: 68, Loss: 0.7501, Train: 97.07%, Valid: 28.92%, Test: 26.29%
Epoch: 69, Loss: 0.7964, Train: 97.31%, Valid: 28.92%, Test: 25.77%
Epoch: 70, Loss: 0.7856, Train: 97.56%, Valid: 28.57%, Test: 26.29%
Epoch: 71, Loss: 0.7475, Train: 97.56%, Valid: 29.27%, Test: 25.77%
Epoch: 72, Loss: 0.7898, Train: 97.56%, Valid: 28.92%, Test: 25.77%
Epoch: 73, Loss: 0.7415, Train: 97.56%, Valid: 28.92%, Test: 26.80%
Epoch: 74, Loss: 0.7494, Train: 97.56%, Valid: 28.92%, Test: 27.84%
Epoch: 75, Loss: 0.7332, Train: 97.80%, Valid: 28.92%, Test: 27.32%
Epoch: 76, Loss: 0.7067, Train: 97.80%, Valid: 29.27%, Test: 27.32%
Epoch: 77, Loss: 0.7515, Train: 97.80%, Valid: 29.27%, Test: 27.32%
Epoch: 78, Loss: 0.7325, Train: 97.80%, Valid: 29.27%, Test: 27.84%
Epoch: 79, Loss: 0.7479, Train: 97.80%, Valid: 29.27%, Test: 28.35%
Epoch: 80, Loss: 0.7266, Train: 97.80%, Valid: 29.62%, Test: 28.35%
Epoch: 81, Loss: 0.7414, Train: 97.80%, Valid: 29.27%, Test: 27.84%
Epoch: 82, Loss: 0.7054, Train: 97.80%, Valid: 29.97%, Test: 29.38%
Epoch: 83, Loss: 0.7331, Train: 97.80%, Valid: 30.31%, Test: 28.87%
Epoch: 84, Loss: 0.6554, Train: 97.80%, Valid: 30.66%, Test: 28.87%
Epoch: 85, Loss: 0.7391, Train: 97.80%, Valid: 29.97%, Test: 29.38%
Epoch: 86, Loss: 0.7123, Train: 97.80%, Valid: 29.62%, Test: 29.38%
Epoch: 87, Loss: 0.6856, Train: 97.80%, Valid: 29.27%, Test: 29.38%
Epoch: 88, Loss: 0.7691, Train: 97.80%, Valid: 28.92%, Test: 28.87%
Epoch: 89, Loss: 0.7009, Train: 97.80%, Valid: 29.27%, Test: 28.87%
Epoch: 90, Loss: 0.6792, Train: 97.80%, Valid: 31.01%, Test: 28.35%
Epoch: 91, Loss: 0.6540, Train: 97.80%, Valid: 29.97%, Test: 27.84%
Epoch: 92, Loss: 0.6802, Train: 97.80%, Valid: 30.66%, Test: 28.87%
Epoch: 93, Loss: 0.7111, Train: 97.80%, Valid: 30.31%, Test: 28.87%
Epoch: 94, Loss: 0.6996, Train: 97.80%, Valid: 30.66%, Test: 28.87%
Epoch: 95, Loss: 0.6656, Train: 97.80%, Valid: 30.66%, Test: 30.41%
Epoch: 96, Loss: 0.6787, Train: 97.80%, Valid: 30.66%, Test: 29.90%
Epoch: 97, Loss: 0.7053, Train: 97.80%, Valid: 30.66%, Test: 30.41%
Epoch: 98, Loss: 0.6725, Train: 97.80%, Valid: 30.66%, Test: 30.93%
Epoch: 99, Loss: 0.6788, Train: 97.80%, Valid: 30.31%, Test: 30.41%
Epoch: 100, Loss: 0.6510, Train: 97.80%, Valid: 29.27%, Test: 29.90%
Epoch: 101, Loss: 0.6528, Train: 97.80%, Valid: 29.62%, Test: 29.90%
Epoch: 102, Loss: 0.6674, Train: 97.80%, Valid: 29.97%, Test: 28.87%
Epoch: 103, Loss: 0.6507, Train: 97.80%, Valid: 30.31%, Test: 29.38%
Epoch: 104, Loss: 0.6172, Train: 97.80%, Valid: 30.31%, Test: 29.90%
Epoch: 105, Loss: 0.6315, Train: 97.80%, Valid: 30.31%, Test: 29.38%
Epoch: 106, Loss: 0.5966, Train: 97.80%, Valid: 29.97%, Test: 28.87%
Epoch: 107, Loss: 0.6231, Train: 97.80%, Valid: 29.97%, Test: 29.38%
Epoch: 108, Loss: 0.6480, Train: 97.80%, Valid: 30.31%, Test: 29.38%
Epoch: 109, Loss: 0.6116, Train: 97.80%, Valid: 30.31%, Test: 29.38%
Epoch: 110, Loss: 0.6159, Train: 97.80%, Valid: 29.97%, Test: 28.87%
Epoch: 111, Loss: 0.6334, Train: 97.80%, Valid: 29.97%, Test: 28.87%
Epoch: 112, Loss: 0.6501, Train: 97.80%, Valid: 29.27%, Test: 29.38%
Epoch: 113, Loss: 0.6018, Train: 97.80%, Valid: 29.27%, Test: 29.90%
Epoch: 114, Loss: 0.6351, Train: 97.80%, Valid: 29.62%, Test: 29.90%
Epoch: 115, Loss: 0.6356, Train: 97.80%, Valid: 29.62%, Test: 29.38%
Epoch: 116, Loss: 0.6111, Train: 97.80%, Valid: 29.62%, Test: 29.38%
Epoch: 117, Loss: 0.5884, Train: 97.80%, Valid: 30.31%, Test: 28.87%
Epoch: 118, Loss: 0.6264, Train: 97.80%, Valid: 30.31%, Test: 27.84%
Epoch: 119, Loss: 0.5761, Train: 97.80%, Valid: 29.97%, Test: 28.87%
Epoch: 120, Loss: 0.5818, Train: 97.80%, Valid: 30.31%, Test: 28.87%
Epoch: 121, Loss: 0.6422, Train: 97.80%, Valid: 30.66%, Test: 28.87%
Epoch: 122, Loss: 0.6134, Train: 97.80%, Valid: 30.31%, Test: 29.38%
Epoch: 123, Loss: 0.6250, Train: 97.80%, Valid: 30.66%, Test: 29.90%
Epoch: 124, Loss: 0.5846, Train: 97.80%, Valid: 30.66%, Test: 29.38%
Epoch: 125, Loss: 0.5698, Train: 97.80%, Valid: 31.01%, Test: 29.38%
Epoch: 126, Loss: 0.6155, Train: 97.80%, Valid: 30.31%, Test: 28.35%
Epoch: 127, Loss: 0.6501, Train: 97.80%, Valid: 29.97%, Test: 29.38%
Epoch: 128, Loss: 0.5377, Train: 97.80%, Valid: 29.27%, Test: 30.93%
Epoch: 129, Loss: 0.6215, Train: 97.80%, Valid: 29.27%, Test: 30.41%
Epoch: 130, Loss: 0.5816, Train: 97.80%, Valid: 29.62%, Test: 30.41%
Epoch: 131, Loss: 0.5856, Train: 97.80%, Valid: 30.31%, Test: 29.90%
Epoch: 132, Loss: 0.6617, Train: 97.80%, Valid: 30.66%, Test: 29.38%
Epoch: 133, Loss: 0.6026, Train: 97.80%, Valid: 30.31%, Test: 29.38%
Epoch: 134, Loss: 0.5677, Train: 97.80%, Valid: 30.31%, Test: 29.90%
Epoch: 135, Loss: 0.6209, Train: 97.80%, Valid: 30.31%, Test: 29.90%
Epoch: 136, Loss: 0.5647, Train: 97.80%, Valid: 30.31%, Test: 29.38%
Epoch: 137, Loss: 0.6075, Train: 97.80%, Valid: 29.62%, Test: 29.90%
Epoch: 138, Loss: 0.6379, Train: 97.80%, Valid: 29.97%, Test: 29.38%
Epoch: 139, Loss: 0.5723, Train: 97.80%, Valid: 30.31%, Test: 30.41%
Epoch: 140, Loss: 0.6199, Train: 97.80%, Valid: 29.97%, Test: 30.41%
Epoch: 141, Loss: 0.6045, Train: 97.80%, Valid: 29.62%, Test: 30.41%
Epoch: 142, Loss: 0.6044, Train: 97.80%, Valid: 29.97%, Test: 31.96%
Epoch: 143, Loss: 0.5964, Train: 97.80%, Valid: 29.62%, Test: 32.47%
Epoch: 144, Loss: 0.5700, Train: 97.80%, Valid: 29.97%, Test: 30.41%
Epoch: 145, Loss: 0.6096, Train: 97.80%, Valid: 30.66%, Test: 29.38%
Epoch: 146, Loss: 0.5644, Train: 97.80%, Valid: 30.31%, Test: 28.87%
Epoch: 147, Loss: 0.5636, Train: 97.80%, Valid: 29.97%, Test: 28.87%
Epoch: 148, Loss: 0.6164, Train: 97.80%, Valid: 29.62%, Test: 29.38%
Epoch: 149, Loss: 0.5826, Train: 97.80%, Valid: 29.97%, Test: 30.41%
Epoch: 150, Loss: 0.5965, Train: 97.80%, Valid: 30.31%, Test: 29.38%
Epoch: 151, Loss: 0.5550, Train: 97.80%, Valid: 29.97%, Test: 29.90%
Epoch: 152, Loss: 0.5692, Train: 97.80%, Valid: 29.97%, Test: 30.41%
Epoch: 153, Loss: 0.5722, Train: 97.80%, Valid: 29.97%, Test: 30.41%
Epoch: 154, Loss: 0.5422, Train: 97.80%, Valid: 30.31%, Test: 30.41%
Epoch: 155, Loss: 0.5793, Train: 97.80%, Valid: 30.66%, Test: 30.41%
Epoch: 156, Loss: 0.5746, Train: 97.80%, Valid: 30.66%, Test: 30.41%
Epoch: 157, Loss: 0.6073, Train: 97.80%, Valid: 30.31%, Test: 29.90%
Epoch: 158, Loss: 0.5638, Train: 97.80%, Valid: 29.97%, Test: 29.38%
Epoch: 159, Loss: 0.5842, Train: 97.80%, Valid: 29.97%, Test: 29.90%
Epoch: 160, Loss: 0.5793, Train: 97.80%, Valid: 29.97%, Test: 29.90%
Epoch: 161, Loss: 0.5840, Train: 97.80%, Valid: 29.97%, Test: 29.38%
Epoch: 162, Loss: 0.6024, Train: 97.80%, Valid: 30.66%, Test: 28.87%
Epoch: 163, Loss: 0.5898, Train: 97.80%, Valid: 30.66%, Test: 28.87%
Epoch: 164, Loss: 0.5867, Train: 97.80%, Valid: 30.66%, Test: 28.87%
Epoch: 165, Loss: 0.5435, Train: 97.80%, Valid: 30.66%, Test: 29.38%
Epoch: 166, Loss: 0.5662, Train: 97.80%, Valid: 30.66%, Test: 29.38%
Epoch: 167, Loss: 0.5707, Train: 97.80%, Valid: 30.66%, Test: 29.38%
Epoch: 168, Loss: 0.5320, Train: 97.80%, Valid: 30.31%, Test: 29.38%
Epoch: 169, Loss: 0.5315, Train: 97.80%, Valid: 30.31%, Test: 28.35%
Epoch: 170, Loss: 0.5217, Train: 97.80%, Valid: 29.97%, Test: 28.35%
Epoch: 171, Loss: 0.5362, Train: 97.80%, Valid: 29.97%, Test: 28.35%
Epoch: 172, Loss: 0.5969, Train: 97.80%, Valid: 30.31%, Test: 28.35%
Epoch: 173, Loss: 0.5728, Train: 97.80%, Valid: 30.66%, Test: 29.38%
Epoch: 174, Loss: 0.5348, Train: 97.80%, Valid: 30.66%, Test: 29.38%
Epoch: 175, Loss: 0.5476, Train: 97.80%, Valid: 31.01%, Test: 29.38%
Epoch: 176, Loss: 0.5447, Train: 97.80%, Valid: 29.97%, Test: 29.38%
Epoch: 177, Loss: 0.5403, Train: 97.80%, Valid: 29.97%, Test: 28.87%
Epoch: 178, Loss: 0.5253, Train: 97.80%, Valid: 30.31%, Test: 29.38%
Epoch: 179, Loss: 0.5400, Train: 97.80%, Valid: 30.31%, Test: 28.87%
Epoch: 180, Loss: 0.5622, Train: 97.80%, Valid: 30.31%, Test: 28.87%
Epoch: 181, Loss: 0.5179, Train: 97.80%, Valid: 29.97%, Test: 28.87%
Epoch: 182, Loss: 0.5608, Train: 97.80%, Valid: 29.97%, Test: 28.35%
Epoch: 183, Loss: 0.5577, Train: 97.80%, Valid: 30.66%, Test: 28.35%
Epoch: 184, Loss: 0.5612, Train: 97.80%, Valid: 31.01%, Test: 28.87%
Epoch: 185, Loss: 0.4907, Train: 97.80%, Valid: 31.36%, Test: 29.38%
Epoch: 186, Loss: 0.5391, Train: 97.80%, Valid: 31.36%, Test: 29.38%
Epoch: 187, Loss: 0.6160, Train: 97.80%, Valid: 31.71%, Test: 29.38%
Epoch: 188, Loss: 0.5337, Train: 97.80%, Valid: 31.36%, Test: 29.38%
Epoch: 189, Loss: 0.5241, Train: 97.80%, Valid: 31.01%, Test: 29.38%
Epoch: 190, Loss: 0.5647, Train: 97.80%, Valid: 30.31%, Test: 29.90%
Epoch: 191, Loss: 0.5546, Train: 97.80%, Valid: 29.97%, Test: 29.90%
Epoch: 192, Loss: 0.4700, Train: 97.80%, Valid: 29.97%, Test: 29.90%
Epoch: 193, Loss: 0.5440, Train: 97.80%, Valid: 29.97%, Test: 29.90%
Epoch: 194, Loss: 0.5195, Train: 97.80%, Valid: 29.97%, Test: 29.90%
Epoch: 195, Loss: 0.5192, Train: 97.80%, Valid: 29.62%, Test: 29.90%
Epoch: 196, Loss: 0.5354, Train: 97.80%, Valid: 29.97%, Test: 29.38%
Epoch: 197, Loss: 0.5025, Train: 97.80%, Valid: 30.31%, Test: 29.38%
Epoch: 198, Loss: 0.5731, Train: 97.80%, Valid: 30.31%, Test: 29.90%
Epoch: 199, Loss: 0.5343, Train: 97.80%, Valid: 30.31%, Test: 29.90%
Epoch: 200, Loss: 0.5426, Train: 97.80%, Valid: 29.62%, Test: 29.90%
Epoch: 201, Loss: 0.5472, Train: 97.80%, Valid: 29.97%, Test: 30.41%
Epoch: 202, Loss: 0.5057, Train: 97.80%, Valid: 29.62%, Test: 30.41%
Epoch: 203, Loss: 0.5596, Train: 97.80%, Valid: 29.62%, Test: 30.41%
Epoch: 204, Loss: 0.5627, Train: 97.80%, Valid: 29.27%, Test: 30.41%
Epoch: 205, Loss: 0.5114, Train: 97.80%, Valid: 28.92%, Test: 30.41%
Epoch: 206, Loss: 0.5222, Train: 97.80%, Valid: 28.92%, Test: 30.93%
Epoch: 207, Loss: 0.5454, Train: 97.80%, Valid: 28.92%, Test: 30.41%
Epoch: 208, Loss: 0.4969, Train: 97.80%, Valid: 29.27%, Test: 31.44%
Epoch: 209, Loss: 0.5419, Train: 97.80%, Valid: 28.92%, Test: 30.93%
Epoch: 210, Loss: 0.5385, Train: 97.80%, Valid: 28.57%, Test: 30.93%
Epoch: 211, Loss: 0.4764, Train: 97.80%, Valid: 29.27%, Test: 30.93%
Epoch: 212, Loss: 0.5263, Train: 97.80%, Valid: 29.27%, Test: 29.90%
Epoch: 213, Loss: 0.5526, Train: 97.80%, Valid: 29.27%, Test: 29.90%
Epoch: 214, Loss: 0.5030, Train: 97.80%, Valid: 29.62%, Test: 29.38%
Epoch: 215, Loss: 0.5250, Train: 97.80%, Valid: 29.27%, Test: 29.38%
Epoch: 216, Loss: 0.5321, Train: 97.80%, Valid: 29.27%, Test: 28.87%
Epoch: 217, Loss: 0.5419, Train: 97.80%, Valid: 28.92%, Test: 28.87%
Epoch: 218, Loss: 0.5272, Train: 97.80%, Valid: 28.92%, Test: 29.38%
Epoch: 219, Loss: 0.5219, Train: 97.80%, Valid: 28.57%, Test: 29.38%
Epoch: 220, Loss: 0.5421, Train: 97.80%, Valid: 28.92%, Test: 28.87%
Epoch: 221, Loss: 0.5520, Train: 97.80%, Valid: 28.92%, Test: 28.87%
Epoch: 222, Loss: 0.5192, Train: 97.80%, Valid: 29.27%, Test: 28.87%
Epoch: 223, Loss: 0.5338, Train: 97.80%, Valid: 29.62%, Test: 29.38%
Epoch: 224, Loss: 0.5577, Train: 97.80%, Valid: 28.92%, Test: 29.90%
Epoch: 225, Loss: 0.5296, Train: 97.80%, Valid: 29.97%, Test: 30.41%
Epoch: 226, Loss: 0.5256, Train: 97.80%, Valid: 29.97%, Test: 30.41%
Epoch: 227, Loss: 0.5093, Train: 97.80%, Valid: 29.97%, Test: 30.41%
Epoch: 228, Loss: 0.5319, Train: 97.80%, Valid: 29.97%, Test: 30.41%
Epoch: 229, Loss: 0.5066, Train: 97.80%, Valid: 30.31%, Test: 30.93%
Epoch: 230, Loss: 0.5118, Train: 97.80%, Valid: 29.97%, Test: 30.93%
Epoch: 231, Loss: 0.5099, Train: 97.80%, Valid: 29.97%, Test: 29.90%
Epoch: 232, Loss: 0.5269, Train: 97.80%, Valid: 29.62%, Test: 29.38%
Epoch: 233, Loss: 0.5152, Train: 97.80%, Valid: 29.62%, Test: 29.38%
Epoch: 234, Loss: 0.5217, Train: 97.80%, Valid: 29.62%, Test: 29.38%
Epoch: 235, Loss: 0.4754, Train: 97.80%, Valid: 29.97%, Test: 28.87%
Epoch: 236, Loss: 0.5237, Train: 97.80%, Valid: 29.97%, Test: 28.87%
Epoch: 237, Loss: 0.5380, Train: 97.80%, Valid: 29.62%, Test: 30.41%
Epoch: 238, Loss: 0.4907, Train: 97.80%, Valid: 30.31%, Test: 29.90%
Epoch: 239, Loss: 0.5740, Train: 97.80%, Valid: 29.97%, Test: 30.41%
Epoch: 240, Loss: 0.5290, Train: 97.80%, Valid: 29.97%, Test: 30.93%
Epoch: 241, Loss: 0.5275, Train: 97.80%, Valid: 29.97%, Test: 31.44%
Epoch: 242, Loss: 0.5164, Train: 97.80%, Valid: 30.31%, Test: 31.44%
Epoch: 243, Loss: 0.5380, Train: 97.80%, Valid: 29.97%, Test: 31.44%
Epoch: 244, Loss: 0.5506, Train: 97.80%, Valid: 29.62%, Test: 30.93%
Epoch: 245, Loss: 0.5267, Train: 97.80%, Valid: 29.62%, Test: 30.41%
Epoch: 246, Loss: 0.5277, Train: 97.80%, Valid: 29.62%, Test: 30.41%
Epoch: 247, Loss: 0.5073, Train: 97.80%, Valid: 29.62%, Test: 29.90%
Epoch: 248, Loss: 0.4941, Train: 97.80%, Valid: 29.62%, Test: 29.90%
Epoch: 249, Loss: 0.5377, Train: 97.80%, Valid: 30.66%, Test: 29.38%
Epoch: 250, Loss: 0.5065, Train: 97.80%, Valid: 30.66%, Test: 29.38%
Epoch: 251, Loss: 0.5287, Train: 97.80%, Valid: 30.31%, Test: 28.87%
Epoch: 252, Loss: 0.5232, Train: 97.80%, Valid: 30.31%, Test: 28.35%
Epoch: 253, Loss: 0.5519, Train: 97.80%, Valid: 29.97%, Test: 28.87%
Epoch: 254, Loss: 0.4985, Train: 97.80%, Valid: 30.31%, Test: 29.38%
Epoch: 255, Loss: 0.5008, Train: 97.80%, Valid: 30.66%, Test: 29.38%
Epoch: 256, Loss: 0.5458, Train: 97.80%, Valid: 29.97%, Test: 28.87%
Epoch: 257, Loss: 0.5356, Train: 97.80%, Valid: 29.97%, Test: 29.90%
Epoch: 258, Loss: 0.5298, Train: 97.80%, Valid: 29.97%, Test: 29.90%
Epoch: 259, Loss: 0.5056, Train: 97.80%, Valid: 30.31%, Test: 29.38%
Epoch: 260, Loss: 0.5430, Train: 97.80%, Valid: 30.31%, Test: 29.38%
Epoch: 261, Loss: 0.5279, Train: 97.80%, Valid: 30.31%, Test: 30.41%
Epoch: 262, Loss: 0.5251, Train: 97.80%, Valid: 30.31%, Test: 29.90%
Epoch: 263, Loss: 0.4905, Train: 97.80%, Valid: 30.66%, Test: 29.90%
Epoch: 264, Loss: 0.5334, Train: 97.80%, Valid: 30.66%, Test: 28.87%
Epoch: 265, Loss: 0.5105, Train: 97.80%, Valid: 30.66%, Test: 29.38%
Epoch: 266, Loss: 0.5088, Train: 97.80%, Valid: 30.66%, Test: 28.87%
Epoch: 267, Loss: 0.4912, Train: 97.80%, Valid: 29.97%, Test: 28.87%
Epoch: 268, Loss: 0.4974, Train: 97.80%, Valid: 29.97%, Test: 27.84%
Epoch: 269, Loss: 0.5331, Train: 97.80%, Valid: 29.97%, Test: 27.84%
Epoch: 270, Loss: 0.5252, Train: 97.80%, Valid: 29.97%, Test: 27.32%
Epoch: 271, Loss: 0.4998, Train: 97.80%, Valid: 29.62%, Test: 28.35%
Epoch: 272, Loss: 0.5200, Train: 97.80%, Valid: 29.62%, Test: 28.87%
Epoch: 273, Loss: 0.5167, Train: 97.80%, Valid: 30.31%, Test: 28.87%
Epoch: 274, Loss: 0.5033, Train: 97.80%, Valid: 30.31%, Test: 29.38%
Epoch: 275, Loss: 0.4871, Train: 97.80%, Valid: 29.97%, Test: 29.38%
Epoch: 276, Loss: 0.5029, Train: 97.80%, Valid: 30.31%, Test: 28.87%
Epoch: 277, Loss: 0.5582, Train: 97.80%, Valid: 29.62%, Test: 28.87%
Epoch: 278, Loss: 0.5234, Train: 97.80%, Valid: 29.62%, Test: 29.38%
Epoch: 279, Loss: 0.4749, Train: 97.80%, Valid: 29.62%, Test: 29.38%
Epoch: 280, Loss: 0.5059, Train: 97.80%, Valid: 29.27%, Test: 29.90%
Epoch: 281, Loss: 0.5186, Train: 97.80%, Valid: 29.27%, Test: 29.90%
Epoch: 282, Loss: 0.5063, Train: 97.80%, Valid: 29.97%, Test: 28.87%
Epoch: 283, Loss: 0.5174, Train: 97.80%, Valid: 30.31%, Test: 28.87%
Epoch: 284, Loss: 0.5165, Train: 97.80%, Valid: 30.31%, Test: 28.87%
Epoch: 285, Loss: 0.5162, Train: 97.80%, Valid: 30.66%, Test: 28.87%
Epoch: 286, Loss: 0.5170, Train: 97.80%, Valid: 29.97%, Test: 28.87%
Epoch: 287, Loss: 0.5399, Train: 97.80%, Valid: 29.27%, Test: 28.35%
Epoch: 288, Loss: 0.5062, Train: 97.80%, Valid: 29.27%, Test: 28.35%
Epoch: 289, Loss: 0.5360, Train: 97.80%, Valid: 29.27%, Test: 28.35%
Epoch: 290, Loss: 0.4737, Train: 97.80%, Valid: 28.92%, Test: 28.35%
Epoch: 291, Loss: 0.4780, Train: 97.80%, Valid: 29.62%, Test: 29.38%
Epoch: 292, Loss: 0.5618, Train: 97.80%, Valid: 29.97%, Test: 29.90%
Epoch: 293, Loss: 0.5128, Train: 97.80%, Valid: 29.62%, Test: 29.90%
Epoch: 294, Loss: 0.5390, Train: 97.80%, Valid: 29.62%, Test: 30.41%
Epoch: 295, Loss: 0.5472, Train: 97.80%, Valid: 29.27%, Test: 30.41%
Epoch: 296, Loss: 0.5118, Train: 97.80%, Valid: 29.27%, Test: 30.41%
Epoch: 297, Loss: 0.4387, Train: 97.80%, Valid: 29.27%, Test: 29.90%
Epoch: 298, Loss: 0.5018, Train: 97.80%, Valid: 29.27%, Test: 29.90%
Epoch: 299, Loss: 0.4933, Train: 97.80%, Valid: 29.27%, Test: 30.93%
Epoch: 300, Loss: 0.5108, Train: 97.80%, Valid: 29.27%, Test: 29.38%
Epoch: 301, Loss: 0.5514, Train: 97.80%, Valid: 29.62%, Test: 29.38%
Epoch: 302, Loss: 0.5238, Train: 97.80%, Valid: 29.97%, Test: 29.38%
Epoch: 303, Loss: 0.5039, Train: 97.80%, Valid: 30.66%, Test: 29.90%
Epoch: 304, Loss: 0.5089, Train: 97.80%, Valid: 31.01%, Test: 29.90%
Epoch: 305, Loss: 0.4950, Train: 97.80%, Valid: 31.01%, Test: 29.38%
Epoch: 306, Loss: 0.5358, Train: 97.80%, Valid: 31.01%, Test: 29.38%
Epoch: 307, Loss: 0.5219, Train: 97.80%, Valid: 30.66%, Test: 29.38%
Epoch: 308, Loss: 0.4990, Train: 97.80%, Valid: 31.01%, Test: 30.41%
Epoch: 309, Loss: 0.5319, Train: 97.80%, Valid: 31.01%, Test: 30.41%
Epoch: 310, Loss: 0.5030, Train: 97.80%, Valid: 30.66%, Test: 30.41%
Epoch: 311, Loss: 0.4937, Train: 97.80%, Valid: 31.01%, Test: 29.90%
Epoch: 312, Loss: 0.5009, Train: 97.80%, Valid: 31.01%, Test: 29.90%
Epoch: 313, Loss: 0.4784, Train: 97.80%, Valid: 30.66%, Test: 29.38%
Epoch: 314, Loss: 0.4847, Train: 97.80%, Valid: 30.31%, Test: 28.87%
Epoch: 315, Loss: 0.5425, Train: 97.80%, Valid: 30.31%, Test: 28.87%
Epoch: 316, Loss: 0.5134, Train: 97.80%, Valid: 30.31%, Test: 28.87%
Epoch: 317, Loss: 0.5158, Train: 97.80%, Valid: 30.31%, Test: 28.87%
Epoch: 318, Loss: 0.5152, Train: 97.80%, Valid: 31.01%, Test: 28.35%
Epoch: 319, Loss: 0.5345, Train: 97.80%, Valid: 31.36%, Test: 28.87%
Epoch: 320, Loss: 0.4656, Train: 97.80%, Valid: 31.01%, Test: 29.90%
Epoch: 321, Loss: 0.5176, Train: 97.80%, Valid: 30.31%, Test: 30.41%
Epoch: 322, Loss: 0.5193, Train: 97.80%, Valid: 31.01%, Test: 30.41%
Epoch: 323, Loss: 0.5047, Train: 97.80%, Valid: 31.01%, Test: 29.90%
Epoch: 324, Loss: 0.5101, Train: 97.80%, Valid: 30.66%, Test: 30.41%
Epoch: 325, Loss: 0.4814, Train: 97.80%, Valid: 31.01%, Test: 30.41%
Epoch: 326, Loss: 0.5016, Train: 97.80%, Valid: 31.36%, Test: 31.44%
Epoch: 327, Loss: 0.4883, Train: 97.80%, Valid: 31.36%, Test: 30.41%
Epoch: 328, Loss: 0.4888, Train: 97.80%, Valid: 31.36%, Test: 29.38%
Epoch: 329, Loss: 0.4648, Train: 97.80%, Valid: 31.01%, Test: 29.38%
Epoch: 330, Loss: 0.4858, Train: 97.80%, Valid: 30.66%, Test: 29.90%
Epoch: 331, Loss: 0.5102, Train: 97.80%, Valid: 30.31%, Test: 29.90%
Epoch: 332, Loss: 0.5382, Train: 97.80%, Valid: 31.01%, Test: 29.90%
Epoch: 333, Loss: 0.5034, Train: 97.80%, Valid: 31.01%, Test: 30.93%
Epoch: 334, Loss: 0.5081, Train: 97.80%, Valid: 30.66%, Test: 31.44%
Epoch: 335, Loss: 0.4767, Train: 97.80%, Valid: 30.31%, Test: 30.93%
Epoch: 336, Loss: 0.5128, Train: 97.80%, Valid: 30.31%, Test: 30.93%
Epoch: 337, Loss: 0.5182, Train: 97.80%, Valid: 30.31%, Test: 30.93%
Epoch: 338, Loss: 0.4703, Train: 97.80%, Valid: 30.31%, Test: 30.93%
Epoch: 339, Loss: 0.4954, Train: 97.80%, Valid: 29.27%, Test: 30.93%
Epoch: 340, Loss: 0.4928, Train: 97.80%, Valid: 29.27%, Test: 30.41%
Epoch: 341, Loss: 0.4674, Train: 97.80%, Valid: 29.97%, Test: 30.41%
Epoch: 342, Loss: 0.4951, Train: 97.80%, Valid: 29.97%, Test: 29.90%
Epoch: 343, Loss: 0.5141, Train: 97.80%, Valid: 29.97%, Test: 30.41%
Epoch: 344, Loss: 0.4794, Train: 97.80%, Valid: 29.97%, Test: 30.41%
Epoch: 345, Loss: 0.5075, Train: 97.80%, Valid: 30.31%, Test: 30.93%
Epoch: 346, Loss: 0.5188, Train: 97.80%, Valid: 30.66%, Test: 31.44%
Epoch: 347, Loss: 0.5032, Train: 97.80%, Valid: 30.66%, Test: 31.44%
Epoch: 348, Loss: 0.5074, Train: 97.80%, Valid: 31.01%, Test: 30.93%
Epoch: 349, Loss: 0.5097, Train: 97.80%, Valid: 31.01%, Test: 30.93%
Epoch: 350, Loss: 0.4948, Train: 97.80%, Valid: 31.01%, Test: 30.93%
Epoch: 351, Loss: 0.4956, Train: 97.80%, Valid: 31.01%, Test: 30.41%
Epoch: 352, Loss: 0.4741, Train: 97.80%, Valid: 31.01%, Test: 30.93%
Epoch: 353, Loss: 0.4470, Train: 97.80%, Valid: 30.66%, Test: 30.93%
Epoch: 354, Loss: 0.4684, Train: 97.80%, Valid: 30.66%, Test: 30.93%
Epoch: 355, Loss: 0.5038, Train: 97.80%, Valid: 30.66%, Test: 30.93%
Epoch: 356, Loss: 0.5439, Train: 97.80%, Valid: 30.66%, Test: 30.93%
Epoch: 357, Loss: 0.5241, Train: 97.80%, Valid: 30.66%, Test: 30.93%
Epoch: 358, Loss: 0.4950, Train: 97.80%, Valid: 30.31%, Test: 30.93%
Epoch: 359, Loss: 0.4995, Train: 97.80%, Valid: 30.31%, Test: 30.93%
Epoch: 360, Loss: 0.5214, Train: 97.80%, Valid: 30.66%, Test: 30.93%
Epoch: 361, Loss: 0.4508, Train: 97.80%, Valid: 30.66%, Test: 30.41%
Epoch: 362, Loss: 0.4468, Train: 97.80%, Valid: 31.01%, Test: 30.41%
Epoch: 363, Loss: 0.4814, Train: 97.80%, Valid: 31.36%, Test: 29.38%
Epoch: 364, Loss: 0.5049, Train: 97.80%, Valid: 31.01%, Test: 29.38%
Epoch: 365, Loss: 0.5006, Train: 97.80%, Valid: 31.01%, Test: 29.38%
Epoch: 366, Loss: 0.4971, Train: 97.80%, Valid: 30.66%, Test: 29.90%
Epoch: 367, Loss: 0.4871, Train: 97.80%, Valid: 30.31%, Test: 30.93%
Epoch: 368, Loss: 0.5063, Train: 97.80%, Valid: 30.31%, Test: 30.93%
Epoch: 369, Loss: 0.4608, Train: 97.80%, Valid: 30.31%, Test: 30.93%
Epoch: 370, Loss: 0.4701, Train: 97.80%, Valid: 30.66%, Test: 30.93%
Epoch: 371, Loss: 0.5002, Train: 97.80%, Valid: 30.66%, Test: 30.93%
Epoch: 372, Loss: 0.4739, Train: 97.80%, Valid: 31.01%, Test: 30.93%
Epoch: 373, Loss: 0.5264, Train: 97.80%, Valid: 31.01%, Test: 30.41%
Epoch: 374, Loss: 0.4960, Train: 97.80%, Valid: 30.31%, Test: 30.41%
Epoch: 375, Loss: 0.5016, Train: 97.80%, Valid: 30.31%, Test: 30.41%
Epoch: 376, Loss: 0.5004, Train: 97.80%, Valid: 30.31%, Test: 30.41%
Epoch: 377, Loss: 0.4634, Train: 97.80%, Valid: 30.31%, Test: 30.41%
Epoch: 378, Loss: 0.4953, Train: 97.80%, Valid: 30.31%, Test: 30.41%
Epoch: 379, Loss: 0.4712, Train: 97.80%, Valid: 30.31%, Test: 30.41%
Epoch: 380, Loss: 0.4686, Train: 97.80%, Valid: 29.62%, Test: 30.41%
Epoch: 381, Loss: 0.4966, Train: 97.80%, Valid: 29.62%, Test: 30.41%
Epoch: 382, Loss: 0.5102, Train: 97.80%, Valid: 29.97%, Test: 29.38%
Epoch: 383, Loss: 0.4804, Train: 97.80%, Valid: 30.31%, Test: 29.90%
Epoch: 384, Loss: 0.4566, Train: 97.80%, Valid: 30.66%, Test: 30.41%
Epoch: 385, Loss: 0.4966, Train: 97.80%, Valid: 30.31%, Test: 30.93%
Epoch: 386, Loss: 0.4858, Train: 97.80%, Valid: 30.66%, Test: 31.44%
Run 01:Highest Train: 97.80 Highest Valid: 31.71 Highest Test: 32.47 Chosen epoch: 188
Final Train: 97.80 Final Test: 29.38
1 runs: Highest Train: 97.80 ± nan Highest val epoch:187
Highest Test: 32.47 ± nan Final Test: 29.38 ± nan
