Namespace(data_dir='../data', dataset='chameleon', device=0, seed=42, cpu=False, epochs=500, runs=1, train_prop=0.5, valid_prop=0.25, protocol='semi', rand_split=False, rand_split_class=False, label_num_per_class=20, valid_num=500, test_num=500, directed=False, method='pcgt', hidden_channels=64, num_layers=2, num_heads=1, alpha=0.5, use_bn=False, use_residual=False, use_graph=False, use_weight=False, use_init=False, use_act=False, attention='gcn', lr=0.01, weight_decay=0.0005, dropout=0.5, display_step=1, no_feat_norm=False, patience=200, graph_weight=0.8, ours_weight_decay=0.0005, ours_use_weight=False, ours_use_residual=False, ours_use_act=False, backbone='gcn', ours_layers=2, ours_dropout=0.5, aggregate='add', hops=1, gat_heads=8, out_heads=1, lamda=0.1, num_elayers=2, encoder_emdim=768, num_partitions=10, num_reps=4, partition_method='metis', no_pse=False, local_only=False, global_only=False)
chameleon
features shape=torch.Size([890, 2325])
num nodes 890 | num classes 5 | num node feats 2325
Computing 10 partitions using metis...
Partitions: 10, Boundary nodes: 549/890 (61.7%)
Intra-partition edges: 13982/17708 (79.0%)
Epoch: 00, Loss: 1.6099, Train: 35.70%, Valid: 35.89%, Test: 30.93% [α=0.50,β=0.99,α=0.50,β=0.99]
Epoch: 01, Loss: 1.5743, Train: 38.14%, Valid: 38.33%, Test: 33.51% [α=0.50,β=1.00,α=0.50,β=0.99]
Epoch: 02, Loss: 1.5526, Train: 38.14%, Valid: 39.72%, Test: 32.99% [α=0.51,β=1.00,α=0.51,β=1.00]
Epoch: 03, Loss: 1.5283, Train: 38.14%, Valid: 39.72%, Test: 32.99% [α=0.51,β=1.01,α=0.51,β=1.01]
Epoch: 04, Loss: 1.5172, Train: 38.14%, Valid: 39.72%, Test: 32.99% [α=0.51,β=1.02,α=0.51,β=1.02]
Epoch: 05, Loss: 1.4850, Train: 38.14%, Valid: 39.72%, Test: 32.99% [α=0.51,β=1.03,α=0.51,β=1.03]
Epoch: 06, Loss: 1.4619, Train: 38.14%, Valid: 39.72%, Test: 32.99% [α=0.52,β=1.04,α=0.52,β=1.04]
Epoch: 07, Loss: 1.4356, Train: 39.85%, Valid: 39.37%, Test: 32.99% [α=0.52,β=1.05,α=0.52,β=1.05]
Epoch: 08, Loss: 1.4258, Train: 39.61%, Valid: 37.63%, Test: 31.96% [α=0.52,β=1.06,α=0.52,β=1.06]
Epoch: 09, Loss: 1.4177, Train: 40.59%, Valid: 38.33%, Test: 31.96% [α=0.52,β=1.07,α=0.52,β=1.07]
Epoch: 10, Loss: 1.4013, Train: 40.59%, Valid: 38.33%, Test: 31.96% [α=0.52,β=1.08,α=0.53,β=1.07]
Epoch: 11, Loss: 1.4289, Train: 41.56%, Valid: 36.93%, Test: 31.96% [α=0.52,β=1.08,α=0.53,β=1.08]
Epoch: 12, Loss: 1.4051, Train: 43.52%, Valid: 37.63%, Test: 34.02% [α=0.53,β=1.09,α=0.53,β=1.08]
Epoch: 13, Loss: 1.4126, Train: 42.54%, Valid: 36.59%, Test: 32.47% [α=0.52,β=1.09,α=0.53,β=1.08]
Epoch: 14, Loss: 1.4059, Train: 41.08%, Valid: 36.59%, Test: 32.99% [α=0.52,β=1.09,α=0.53,β=1.08]
Epoch: 15, Loss: 1.3900, Train: 40.59%, Valid: 36.59%, Test: 32.99% [α=0.52,β=1.09,α=0.53,β=1.08]
Epoch: 16, Loss: 1.3921, Train: 41.56%, Valid: 36.59%, Test: 34.02% [α=0.52,β=1.08,α=0.52,β=1.08]
Epoch: 17, Loss: 1.3762, Train: 42.30%, Valid: 36.59%, Test: 33.51% [α=0.52,β=1.08,α=0.52,β=1.07]
Epoch: 18, Loss: 1.3929, Train: 43.28%, Valid: 36.24%, Test: 34.02% [α=0.52,β=1.08,α=0.52,β=1.07]
Epoch: 19, Loss: 1.3645, Train: 44.01%, Valid: 36.24%, Test: 35.05% [α=0.52,β=1.08,α=0.52,β=1.07]
Epoch: 20, Loss: 1.3716, Train: 46.21%, Valid: 35.89%, Test: 34.54% [α=0.51,β=1.08,α=0.52,β=1.07]
Epoch: 21, Loss: 1.3724, Train: 50.61%, Valid: 37.63%, Test: 34.02% [α=0.51,β=1.09,α=0.52,β=1.07]
Epoch: 22, Loss: 1.3635, Train: 52.81%, Valid: 39.37%, Test: 32.99% [α=0.51,β=1.09,α=0.52,β=1.08]
Epoch: 23, Loss: 1.3655, Train: 52.32%, Valid: 40.42%, Test: 32.47% [α=0.51,β=1.10,α=0.52,β=1.08]
Epoch: 24, Loss: 1.3493, Train: 52.32%, Valid: 40.42%, Test: 31.44% [α=0.51,β=1.11,α=0.52,β=1.09]
Epoch: 25, Loss: 1.3590, Train: 52.08%, Valid: 40.42%, Test: 31.96% [α=0.51,β=1.11,α=0.51,β=1.09]
Epoch: 26, Loss: 1.3488, Train: 53.55%, Valid: 41.11%, Test: 31.96% [α=0.51,β=1.12,α=0.51,β=1.10]
Epoch: 27, Loss: 1.3595, Train: 55.01%, Valid: 41.11%, Test: 31.96% [α=0.50,β=1.13,α=0.51,β=1.11]
Epoch: 28, Loss: 1.3226, Train: 55.50%, Valid: 40.77%, Test: 31.96% [α=0.50,β=1.14,α=0.51,β=1.12]
Epoch: 29, Loss: 1.2901, Train: 57.95%, Valid: 40.77%, Test: 30.41% [α=0.50,β=1.15,α=0.51,β=1.13]
Epoch: 30, Loss: 1.3060, Train: 60.39%, Valid: 40.07%, Test: 30.93% [α=0.50,β=1.16,α=0.51,β=1.14]
Epoch: 31, Loss: 1.2981, Train: 62.10%, Valid: 39.72%, Test: 30.41% [α=0.50,β=1.17,α=0.51,β=1.15]
Epoch: 32, Loss: 1.2826, Train: 63.08%, Valid: 37.63%, Test: 31.44% [α=0.50,β=1.19,α=0.51,β=1.16]
Epoch: 33, Loss: 1.2596, Train: 63.57%, Valid: 37.63%, Test: 29.90% [α=0.50,β=1.20,α=0.51,β=1.17]
Epoch: 34, Loss: 1.2402, Train: 63.33%, Valid: 37.28%, Test: 29.90% [α=0.49,β=1.21,α=0.51,β=1.19]
Epoch: 35, Loss: 1.2477, Train: 63.33%, Valid: 37.63%, Test: 29.38% [α=0.49,β=1.22,α=0.51,β=1.20]
Epoch: 36, Loss: 1.1974, Train: 64.30%, Valid: 37.98%, Test: 30.41% [α=0.49,β=1.24,α=0.50,β=1.21]
Epoch: 37, Loss: 1.1945, Train: 67.24%, Valid: 37.63%, Test: 31.96% [α=0.49,β=1.25,α=0.50,β=1.22]
Epoch: 38, Loss: 1.2013, Train: 67.73%, Valid: 35.19%, Test: 31.96% [α=0.49,β=1.26,α=0.50,β=1.24]
Epoch: 39, Loss: 1.1654, Train: 70.42%, Valid: 36.24%, Test: 31.44% [α=0.48,β=1.28,α=0.50,β=1.25]
Epoch: 40, Loss: 1.1268, Train: 72.62%, Valid: 34.49%, Test: 30.93% [α=0.48,β=1.29,α=0.50,β=1.26]
Epoch: 41, Loss: 1.1367, Train: 73.84%, Valid: 34.84%, Test: 29.90% [α=0.48,β=1.30,α=0.49,β=1.28]
Epoch: 42, Loss: 1.0970, Train: 75.31%, Valid: 34.15%, Test: 29.90% [α=0.48,β=1.32,α=0.49,β=1.29]
Epoch: 43, Loss: 1.1450, Train: 76.04%, Valid: 35.19%, Test: 30.41% [α=0.48,β=1.33,α=0.49,β=1.30]
Epoch: 44, Loss: 1.0168, Train: 78.48%, Valid: 35.19%, Test: 28.87% [α=0.47,β=1.35,α=0.49,β=1.32]
Epoch: 45, Loss: 1.0517, Train: 80.44%, Valid: 34.84%, Test: 28.87% [α=0.47,β=1.36,α=0.48,β=1.33]
Epoch: 46, Loss: 1.0031, Train: 83.62%, Valid: 33.80%, Test: 29.90% [α=0.47,β=1.38,α=0.48,β=1.34]
Epoch: 47, Loss: 0.9848, Train: 84.35%, Valid: 31.01%, Test: 30.93% [α=0.47,β=1.39,α=0.48,β=1.36]
Epoch: 48, Loss: 0.9538, Train: 86.06%, Valid: 31.71%, Test: 31.44% [α=0.47,β=1.41,α=0.47,β=1.37]
Epoch: 49, Loss: 0.9184, Train: 87.78%, Valid: 31.36%, Test: 32.99% [α=0.46,β=1.42,α=0.47,β=1.39]
Epoch: 50, Loss: 0.8618, Train: 89.24%, Valid: 32.75%, Test: 31.44% [α=0.46,β=1.44,α=0.47,β=1.40]
Epoch: 51, Loss: 0.8838, Train: 89.49%, Valid: 31.71%, Test: 31.44% [α=0.46,β=1.45,α=0.47,β=1.42]
Epoch: 52, Loss: 0.8611, Train: 90.22%, Valid: 31.36%, Test: 30.93% [α=0.46,β=1.47,α=0.46,β=1.43]
Epoch: 53, Loss: 0.8262, Train: 90.71%, Valid: 33.10%, Test: 31.44% [α=0.46,β=1.48,α=0.46,β=1.44]
Epoch: 54, Loss: 0.8397, Train: 90.71%, Valid: 33.10%, Test: 32.99% [α=0.45,β=1.50,α=0.46,β=1.46]
Epoch: 55, Loss: 0.7785, Train: 91.20%, Valid: 33.45%, Test: 35.57% [α=0.45,β=1.51,α=0.45,β=1.47]
Epoch: 56, Loss: 0.8472, Train: 91.69%, Valid: 33.10%, Test: 33.51% [α=0.45,β=1.52,α=0.45,β=1.49]
Epoch: 57, Loss: 0.7794, Train: 92.42%, Valid: 33.45%, Test: 31.44% [α=0.45,β=1.54,α=0.45,β=1.50]
Epoch: 58, Loss: 0.7560, Train: 92.91%, Valid: 31.01%, Test: 31.44% [α=0.44,β=1.55,α=0.45,β=1.51]
Epoch: 59, Loss: 0.7552, Train: 93.64%, Valid: 33.45%, Test: 28.87% [α=0.44,β=1.56,α=0.44,β=1.52]
Epoch: 60, Loss: 0.7331, Train: 94.38%, Valid: 33.10%, Test: 31.44% [α=0.44,β=1.58,α=0.44,β=1.54]
Epoch: 61, Loss: 0.6874, Train: 94.87%, Valid: 33.80%, Test: 32.47% [α=0.44,β=1.59,α=0.44,β=1.55]
Epoch: 62, Loss: 0.6816, Train: 94.62%, Valid: 32.75%, Test: 30.93% [α=0.43,β=1.60,α=0.44,β=1.56]
Epoch: 63, Loss: 0.7417, Train: 95.11%, Valid: 32.06%, Test: 32.47% [α=0.43,β=1.61,α=0.43,β=1.58]
Epoch: 64, Loss: 0.6546, Train: 94.38%, Valid: 32.06%, Test: 33.51% [α=0.43,β=1.62,α=0.43,β=1.59]
Epoch: 65, Loss: 0.7356, Train: 95.11%, Valid: 31.71%, Test: 35.05% [α=0.43,β=1.63,α=0.43,β=1.60]
Epoch: 66, Loss: 0.6881, Train: 96.33%, Valid: 30.66%, Test: 34.02% [α=0.42,β=1.64,α=0.43,β=1.61]
Epoch: 67, Loss: 0.6758, Train: 96.33%, Valid: 30.66%, Test: 33.51% [α=0.42,β=1.65,α=0.43,β=1.62]
Epoch: 68, Loss: 0.7063, Train: 97.07%, Valid: 30.31%, Test: 34.54% [α=0.42,β=1.66,α=0.42,β=1.63]
Epoch: 69, Loss: 0.6846, Train: 96.58%, Valid: 31.36%, Test: 32.47% [α=0.41,β=1.67,α=0.42,β=1.64]
Epoch: 70, Loss: 0.6548, Train: 95.84%, Valid: 29.62%, Test: 31.44% [α=0.41,β=1.68,α=0.42,β=1.65]
Epoch: 71, Loss: 0.6930, Train: 95.84%, Valid: 30.31%, Test: 30.93% [α=0.41,β=1.69,α=0.42,β=1.66]
Epoch: 72, Loss: 0.6101, Train: 96.58%, Valid: 29.97%, Test: 30.93% [α=0.41,β=1.70,α=0.41,β=1.67]
Epoch: 73, Loss: 0.6602, Train: 97.31%, Valid: 30.31%, Test: 34.02% [α=0.40,β=1.71,α=0.41,β=1.68]
Epoch: 74, Loss: 0.6134, Train: 97.07%, Valid: 30.66%, Test: 35.05% [α=0.40,β=1.72,α=0.41,β=1.69]
Epoch: 75, Loss: 0.6041, Train: 97.07%, Valid: 30.31%, Test: 35.05% [α=0.40,β=1.73,α=0.41,β=1.70]
Epoch: 76, Loss: 0.5786, Train: 97.07%, Valid: 31.36%, Test: 31.96% [α=0.40,β=1.74,α=0.41,β=1.71]
Epoch: 77, Loss: 0.5733, Train: 97.56%, Valid: 31.36%, Test: 31.96% [α=0.39,β=1.75,α=0.40,β=1.71]
Epoch: 78, Loss: 0.5471, Train: 97.31%, Valid: 31.36%, Test: 29.38% [α=0.39,β=1.76,α=0.40,β=1.72]
Epoch: 79, Loss: 0.5954, Train: 97.31%, Valid: 32.06%, Test: 30.93% [α=0.39,β=1.77,α=0.40,β=1.73]
Epoch: 80, Loss: 0.6164, Train: 97.56%, Valid: 32.75%, Test: 31.96% [α=0.39,β=1.77,α=0.40,β=1.74]
Epoch: 81, Loss: 0.6109, Train: 97.56%, Valid: 29.97%, Test: 32.99% [α=0.38,β=1.78,α=0.40,β=1.75]
Epoch: 82, Loss: 0.5632, Train: 97.56%, Valid: 29.62%, Test: 32.99% [α=0.38,β=1.79,α=0.39,β=1.75]
Epoch: 83, Loss: 0.5640, Train: 97.56%, Valid: 29.97%, Test: 34.02% [α=0.38,β=1.79,α=0.39,β=1.76]
Epoch: 84, Loss: 0.5747, Train: 97.80%, Valid: 30.66%, Test: 33.51% [α=0.38,β=1.80,α=0.39,β=1.77]
Epoch: 85, Loss: 0.4707, Train: 97.80%, Valid: 31.01%, Test: 32.99% [α=0.37,β=1.81,α=0.39,β=1.77]
Epoch: 86, Loss: 0.5465, Train: 98.04%, Valid: 32.40%, Test: 32.99% [α=0.37,β=1.81,α=0.38,β=1.78]
Epoch: 87, Loss: 0.5526, Train: 98.04%, Valid: 31.71%, Test: 31.96% [α=0.37,β=1.82,α=0.38,β=1.79]
Epoch: 88, Loss: 0.5515, Train: 98.04%, Valid: 31.01%, Test: 32.47% [α=0.37,β=1.83,α=0.38,β=1.79]
Epoch: 89, Loss: 0.5529, Train: 98.04%, Valid: 30.66%, Test: 31.44% [α=0.36,β=1.83,α=0.38,β=1.80]
Epoch: 90, Loss: 0.5373, Train: 97.56%, Valid: 29.97%, Test: 31.44% [α=0.36,β=1.84,α=0.38,β=1.81]
Epoch: 91, Loss: 0.5094, Train: 97.80%, Valid: 30.31%, Test: 29.38% [α=0.36,β=1.84,α=0.37,β=1.81]
Epoch: 92, Loss: 0.5143, Train: 97.56%, Valid: 33.45%, Test: 33.51% [α=0.35,β=1.85,α=0.37,β=1.82]
Epoch: 93, Loss: 0.5433, Train: 97.56%, Valid: 33.10%, Test: 33.51% [α=0.35,β=1.86,α=0.37,β=1.83]
Epoch: 94, Loss: 0.5213, Train: 98.04%, Valid: 33.10%, Test: 34.54% [α=0.35,β=1.86,α=0.37,β=1.83]
Epoch: 95, Loss: 0.4570, Train: 98.53%, Valid: 32.75%, Test: 35.05% [α=0.35,β=1.87,α=0.37,β=1.84]
Epoch: 96, Loss: 0.5073, Train: 98.29%, Valid: 32.40%, Test: 34.54% [α=0.34,β=1.87,α=0.37,β=1.84]
Epoch: 97, Loss: 0.4320, Train: 98.29%, Valid: 33.10%, Test: 32.47% [α=0.34,β=1.88,α=0.36,β=1.85]
Epoch: 98, Loss: 0.5355, Train: 98.29%, Valid: 32.06%, Test: 29.38% [α=0.34,β=1.89,α=0.36,β=1.86]
Epoch: 99, Loss: 0.4555, Train: 98.04%, Valid: 30.31%, Test: 28.87% [α=0.34,β=1.89,α=0.36,β=1.86]
Epoch: 100, Loss: 0.4880, Train: 98.29%, Valid: 28.57%, Test: 30.93% [α=0.33,β=1.90,α=0.36,β=1.87]
Epoch: 101, Loss: 0.4764, Train: 97.80%, Valid: 28.92%, Test: 32.99% [α=0.33,β=1.90,α=0.36,β=1.87]
Epoch: 102, Loss: 0.5242, Train: 97.80%, Valid: 29.27%, Test: 32.47% [α=0.33,β=1.91,α=0.36,β=1.88]
Epoch: 103, Loss: 0.4521, Train: 97.80%, Valid: 28.57%, Test: 32.47% [α=0.33,β=1.92,α=0.35,β=1.89]
Epoch: 104, Loss: 0.4429, Train: 98.29%, Valid: 30.31%, Test: 30.93% [α=0.32,β=1.92,α=0.35,β=1.89]
Epoch: 105, Loss: 0.4910, Train: 98.04%, Valid: 29.62%, Test: 30.93% [α=0.32,β=1.93,α=0.35,β=1.90]
Epoch: 106, Loss: 0.5021, Train: 98.29%, Valid: 29.97%, Test: 31.44% [α=0.32,β=1.94,α=0.35,β=1.90]
Epoch: 107, Loss: 0.4543, Train: 98.29%, Valid: 29.97%, Test: 30.41% [α=0.32,β=1.94,α=0.35,β=1.91]
Epoch: 108, Loss: 0.4735, Train: 98.29%, Valid: 27.87%, Test: 29.38% [α=0.31,β=1.95,α=0.34,β=1.91]
Epoch: 109, Loss: 0.5012, Train: 98.29%, Valid: 28.22%, Test: 30.93% [α=0.31,β=1.95,α=0.34,β=1.92]
Epoch: 110, Loss: 0.4212, Train: 97.80%, Valid: 28.92%, Test: 31.44% [α=0.31,β=1.96,α=0.34,β=1.92]
Epoch: 111, Loss: 0.4617, Train: 97.80%, Valid: 33.10%, Test: 31.96% [α=0.31,β=1.96,α=0.34,β=1.93]
Epoch: 112, Loss: 0.4255, Train: 97.80%, Valid: 32.06%, Test: 32.47% [α=0.30,β=1.97,α=0.34,β=1.93]
Epoch: 113, Loss: 0.4668, Train: 97.80%, Valid: 30.66%, Test: 31.44% [α=0.30,β=1.97,α=0.34,β=1.94]
Epoch: 114, Loss: 0.4214, Train: 98.29%, Valid: 30.31%, Test: 29.90% [α=0.30,β=1.98,α=0.34,β=1.94]
Epoch: 115, Loss: 0.4269, Train: 98.04%, Valid: 29.62%, Test: 30.41% [α=0.30,β=1.98,α=0.33,β=1.95]
Epoch: 116, Loss: 0.4393, Train: 98.04%, Valid: 29.97%, Test: 28.87% [α=0.29,β=1.99,α=0.33,β=1.95]
Epoch: 117, Loss: 0.4447, Train: 98.29%, Valid: 33.10%, Test: 30.93% [α=0.29,β=1.99,α=0.33,β=1.95]
Epoch: 118, Loss: 0.4413, Train: 98.29%, Valid: 31.71%, Test: 29.90% [α=0.29,β=1.99,α=0.33,β=1.96]
Epoch: 119, Loss: 0.4274, Train: 98.53%, Valid: 33.10%, Test: 33.51% [α=0.29,β=2.00,α=0.33,β=1.96]
Epoch: 120, Loss: 0.4204, Train: 98.53%, Valid: 31.71%, Test: 32.47% [α=0.28,β=2.00,α=0.33,β=1.97]
Epoch: 121, Loss: 0.3981, Train: 98.53%, Valid: 31.36%, Test: 31.44% [α=0.28,β=2.01,α=0.33,β=1.97]
Epoch: 122, Loss: 0.4755, Train: 98.53%, Valid: 29.62%, Test: 30.93% [α=0.28,β=2.01,α=0.33,β=1.97]
Epoch: 123, Loss: 0.4269, Train: 98.53%, Valid: 31.01%, Test: 29.38% [α=0.28,β=2.01,α=0.32,β=1.98]
Epoch: 124, Loss: 0.3934, Train: 98.53%, Valid: 31.01%, Test: 28.87% [α=0.27,β=2.02,α=0.32,β=1.98]
Epoch: 125, Loss: 0.4093, Train: 98.53%, Valid: 31.71%, Test: 28.87% [α=0.27,β=2.02,α=0.32,β=1.99]
Epoch: 126, Loss: 0.4348, Train: 98.53%, Valid: 32.06%, Test: 30.41% [α=0.27,β=2.03,α=0.32,β=1.99]
Epoch: 127, Loss: 0.4239, Train: 98.53%, Valid: 29.62%, Test: 32.47% [α=0.27,β=2.03,α=0.32,β=1.99]
Epoch: 128, Loss: 0.4177, Train: 98.53%, Valid: 29.27%, Test: 32.47% [α=0.26,β=2.04,α=0.32,β=2.00]
Epoch: 129, Loss: 0.4124, Train: 98.53%, Valid: 30.31%, Test: 31.44% [α=0.26,β=2.04,α=0.32,β=2.00]
Epoch: 130, Loss: 0.3489, Train: 98.53%, Valid: 31.36%, Test: 30.41% [α=0.26,β=2.05,α=0.32,β=2.00]
Epoch: 131, Loss: 0.4376, Train: 98.53%, Valid: 30.66%, Test: 29.38% [α=0.26,β=2.05,α=0.32,β=2.01]
Epoch: 132, Loss: 0.4593, Train: 98.53%, Valid: 29.62%, Test: 28.87% [α=0.26,β=2.05,α=0.31,β=2.01]
Epoch: 133, Loss: 0.4364, Train: 98.29%, Valid: 29.27%, Test: 29.90% [α=0.25,β=2.06,α=0.31,β=2.01]
Epoch: 134, Loss: 0.4458, Train: 98.29%, Valid: 29.97%, Test: 29.38% [α=0.25,β=2.06,α=0.31,β=2.02]
Epoch: 135, Loss: 0.4464, Train: 98.53%, Valid: 32.06%, Test: 29.38% [α=0.25,β=2.06,α=0.31,β=2.02]
Epoch: 136, Loss: 0.4184, Train: 97.80%, Valid: 32.40%, Test: 32.47% [α=0.25,β=2.07,α=0.31,β=2.02]
Epoch: 137, Loss: 0.4113, Train: 98.53%, Valid: 35.54%, Test: 30.93% [α=0.25,β=2.07,α=0.31,β=2.03]
Epoch: 138, Loss: 0.4567, Train: 98.29%, Valid: 33.45%, Test: 31.96% [α=0.24,β=2.07,α=0.31,β=2.03]
Epoch: 139, Loss: 0.4394, Train: 97.80%, Valid: 32.40%, Test: 30.93% [α=0.24,β=2.08,α=0.31,β=2.03]
Epoch: 140, Loss: 0.4345, Train: 97.56%, Valid: 32.06%, Test: 29.90% [α=0.24,β=2.08,α=0.31,β=2.03]
Epoch: 141, Loss: 0.4248, Train: 98.29%, Valid: 32.40%, Test: 30.93% [α=0.24,β=2.08,α=0.31,β=2.04]
Epoch: 142, Loss: 0.4728, Train: 98.29%, Valid: 33.45%, Test: 28.35% [α=0.24,β=2.09,α=0.31,β=2.04]
Epoch: 143, Loss: 0.4775, Train: 98.29%, Valid: 32.75%, Test: 29.38% [α=0.23,β=2.09,α=0.30,β=2.04]
Epoch: 144, Loss: 0.4272, Train: 98.29%, Valid: 32.06%, Test: 29.90% [α=0.23,β=2.09,α=0.30,β=2.04]
Epoch: 145, Loss: 0.3384, Train: 98.29%, Valid: 33.80%, Test: 30.93% [α=0.23,β=2.10,α=0.30,β=2.04]
Epoch: 146, Loss: 0.3931, Train: 98.29%, Valid: 32.40%, Test: 32.47% [α=0.23,β=2.10,α=0.30,β=2.05]
Epoch: 147, Loss: 0.4439, Train: 98.53%, Valid: 32.40%, Test: 31.96% [α=0.23,β=2.10,α=0.30,β=2.05]
Epoch: 148, Loss: 0.3700, Train: 98.53%, Valid: 33.10%, Test: 31.44% [α=0.22,β=2.11,α=0.30,β=2.05]
Epoch: 149, Loss: 0.4416, Train: 98.53%, Valid: 32.40%, Test: 29.90% [α=0.22,β=2.11,α=0.30,β=2.06]
Epoch: 150, Loss: 0.3958, Train: 98.53%, Valid: 32.75%, Test: 31.44% [α=0.22,β=2.11,α=0.30,β=2.06]
Epoch: 151, Loss: 0.3868, Train: 98.53%, Valid: 32.75%, Test: 32.47% [α=0.22,β=2.12,α=0.30,β=2.06]
Epoch: 152, Loss: 0.4256, Train: 98.53%, Valid: 32.06%, Test: 31.96% [α=0.22,β=2.12,α=0.30,β=2.06]
Epoch: 153, Loss: 0.4279, Train: 98.53%, Valid: 31.36%, Test: 31.96% [α=0.22,β=2.12,α=0.29,β=2.06]
Epoch: 154, Loss: 0.4476, Train: 98.53%, Valid: 31.01%, Test: 31.44% [α=0.21,β=2.12,α=0.29,β=2.07]
Epoch: 155, Loss: 0.3812, Train: 98.53%, Valid: 28.92%, Test: 31.96% [α=0.21,β=2.13,α=0.29,β=2.07]
Epoch: 156, Loss: 0.4412, Train: 98.53%, Valid: 28.22%, Test: 30.93% [α=0.21,β=2.13,α=0.29,β=2.07]
Epoch: 157, Loss: 0.3744, Train: 98.04%, Valid: 28.92%, Test: 29.38% [α=0.21,β=2.13,α=0.29,β=2.07]
Epoch: 158, Loss: 0.4354, Train: 98.53%, Valid: 28.22%, Test: 29.90% [α=0.21,β=2.14,α=0.29,β=2.07]
Epoch: 159, Loss: 0.3542, Train: 98.04%, Valid: 27.53%, Test: 29.38% [α=0.21,β=2.14,α=0.29,β=2.08]
Epoch: 160, Loss: 0.4262, Train: 97.80%, Valid: 27.53%, Test: 28.87% [α=0.20,β=2.14,α=0.29,β=2.08]
Epoch: 161, Loss: 0.4499, Train: 98.29%, Valid: 27.87%, Test: 29.90% [α=0.20,β=2.15,α=0.29,β=2.08]
Epoch: 162, Loss: 0.3466, Train: 98.53%, Valid: 28.92%, Test: 29.38% [α=0.20,β=2.15,α=0.29,β=2.08]
Epoch: 163, Loss: 0.3627, Train: 98.53%, Valid: 31.71%, Test: 31.44% [α=0.20,β=2.15,α=0.29,β=2.08]
Epoch: 164, Loss: 0.4241, Train: 98.53%, Valid: 33.45%, Test: 31.44% [α=0.20,β=2.16,α=0.29,β=2.09]
Epoch: 165, Loss: 0.3692, Train: 98.29%, Valid: 34.84%, Test: 32.99% [α=0.20,β=2.16,α=0.29,β=2.09]
Epoch: 166, Loss: 0.3661, Train: 97.80%, Valid: 34.15%, Test: 33.51% [α=0.20,β=2.16,α=0.28,β=2.09]
Epoch: 167, Loss: 0.4180, Train: 97.80%, Valid: 33.80%, Test: 33.51% [α=0.19,β=2.16,α=0.28,β=2.09]
Epoch: 168, Loss: 0.3760, Train: 98.53%, Valid: 34.49%, Test: 31.44% [α=0.19,β=2.17,α=0.28,β=2.10]
Epoch: 169, Loss: 0.4363, Train: 98.53%, Valid: 33.80%, Test: 29.38% [α=0.19,β=2.17,α=0.28,β=2.10]
Epoch: 170, Loss: 0.3486, Train: 98.53%, Valid: 31.36%, Test: 27.84% [α=0.19,β=2.17,α=0.28,β=2.10]
Epoch: 171, Loss: 0.3896, Train: 98.04%, Valid: 30.66%, Test: 30.41% [α=0.19,β=2.17,α=0.28,β=2.10]
Epoch: 172, Loss: 0.3716, Train: 98.04%, Valid: 31.01%, Test: 29.90% [α=0.19,β=2.18,α=0.28,β=2.10]
Epoch: 173, Loss: 0.4658, Train: 98.04%, Valid: 31.71%, Test: 31.96% [α=0.19,β=2.18,α=0.28,β=2.10]
Epoch: 174, Loss: 0.4365, Train: 98.04%, Valid: 30.66%, Test: 32.99% [α=0.19,β=2.18,α=0.28,β=2.11]
Epoch: 175, Loss: 0.3557, Train: 98.29%, Valid: 30.66%, Test: 31.44% [α=0.18,β=2.18,α=0.28,β=2.11]
Epoch: 176, Loss: 0.3970, Train: 98.53%, Valid: 30.31%, Test: 31.44% [α=0.18,β=2.19,α=0.28,β=2.11]
Epoch: 177, Loss: 0.3850, Train: 98.04%, Valid: 32.06%, Test: 29.90% [α=0.18,β=2.19,α=0.28,β=2.11]
Epoch: 178, Loss: 0.4070, Train: 98.53%, Valid: 31.71%, Test: 30.93% [α=0.18,β=2.19,α=0.28,β=2.11]
Epoch: 179, Loss: 0.4031, Train: 98.53%, Valid: 31.36%, Test: 31.96% [α=0.18,β=2.19,α=0.28,β=2.11]
Epoch: 180, Loss: 0.3934, Train: 98.29%, Valid: 31.01%, Test: 30.93% [α=0.18,β=2.20,α=0.28,β=2.11]
Epoch: 181, Loss: 0.4239, Train: 97.31%, Valid: 29.62%, Test: 30.93% [α=0.18,β=2.20,α=0.28,β=2.12]
Epoch: 182, Loss: 0.4430, Train: 98.04%, Valid: 30.66%, Test: 30.93% [α=0.18,β=2.20,α=0.28,β=2.12]
Epoch: 183, Loss: 0.4072, Train: 98.53%, Valid: 30.31%, Test: 28.87% [α=0.17,β=2.20,α=0.28,β=2.12]
Epoch: 184, Loss: 0.3837, Train: 98.29%, Valid: 32.06%, Test: 29.90% [α=0.17,β=2.20,α=0.28,β=2.12]
Epoch: 185, Loss: 0.3830, Train: 98.29%, Valid: 33.10%, Test: 29.90% [α=0.17,β=2.21,α=0.28,β=2.12]
Epoch: 186, Loss: 0.4354, Train: 98.53%, Valid: 31.01%, Test: 30.93% [α=0.17,β=2.21,α=0.28,β=2.12]
Epoch: 187, Loss: 0.3794, Train: 98.29%, Valid: 34.15%, Test: 30.41% [α=0.17,β=2.21,α=0.28,β=2.12]
Epoch: 188, Loss: 0.3980, Train: 98.29%, Valid: 31.36%, Test: 30.41% [α=0.17,β=2.21,α=0.28,β=2.12]
Epoch: 189, Loss: 0.4498, Train: 98.29%, Valid: 31.36%, Test: 28.87% [α=0.17,β=2.21,α=0.28,β=2.12]
Epoch: 190, Loss: 0.4300, Train: 98.29%, Valid: 32.40%, Test: 30.41% [α=0.17,β=2.22,α=0.28,β=2.12]
Epoch: 191, Loss: 0.4084, Train: 98.53%, Valid: 32.40%, Test: 30.93% [α=0.17,β=2.22,α=0.28,β=2.12]
Epoch: 192, Loss: 0.3652, Train: 98.04%, Valid: 30.66%, Test: 29.90% [α=0.16,β=2.22,α=0.27,β=2.12]
Epoch: 193, Loss: 0.4551, Train: 97.80%, Valid: 27.87%, Test: 30.41% [α=0.16,β=2.22,α=0.28,β=2.12]
Epoch: 194, Loss: 0.4049, Train: 98.29%, Valid: 27.87%, Test: 29.90% [α=0.16,β=2.22,α=0.28,β=2.12]
Epoch: 195, Loss: 0.4676, Train: 98.29%, Valid: 30.31%, Test: 30.93% [α=0.16,β=2.23,α=0.28,β=2.12]
Epoch: 196, Loss: 0.3623, Train: 98.53%, Valid: 30.31%, Test: 29.38% [α=0.16,β=2.23,α=0.28,β=2.12]
Epoch: 197, Loss: 0.4120, Train: 98.53%, Valid: 29.27%, Test: 28.35% [α=0.16,β=2.23,α=0.28,β=2.13]
Epoch: 198, Loss: 0.3460, Train: 98.29%, Valid: 31.71%, Test: 30.93% [α=0.16,β=2.24,α=0.28,β=2.13]
Epoch: 199, Loss: 0.4571, Train: 98.04%, Valid: 32.40%, Test: 32.47% [α=0.16,β=2.24,α=0.28,β=2.13]
Epoch: 200, Loss: 0.3803, Train: 98.04%, Valid: 32.06%, Test: 33.51% [α=0.16,β=2.24,α=0.28,β=2.13]
Epoch: 201, Loss: 0.3634, Train: 97.80%, Valid: 28.57%, Test: 32.99% [α=0.16,β=2.24,α=0.28,β=2.13]
Epoch: 202, Loss: 0.4158, Train: 97.80%, Valid: 28.57%, Test: 30.93% [α=0.15,β=2.25,α=0.28,β=2.13]
Epoch: 203, Loss: 0.3854, Train: 98.53%, Valid: 31.01%, Test: 30.41% [α=0.15,β=2.25,α=0.28,β=2.13]
Epoch: 204, Loss: 0.3501, Train: 98.53%, Valid: 31.36%, Test: 30.41% [α=0.15,β=2.25,α=0.28,β=2.13]
Epoch: 205, Loss: 0.3849, Train: 98.53%, Valid: 31.01%, Test: 29.90% [α=0.15,β=2.26,α=0.28,β=2.14]
Epoch: 206, Loss: 0.4514, Train: 98.53%, Valid: 32.75%, Test: 31.44% [α=0.15,β=2.26,α=0.28,β=2.14]
Epoch: 207, Loss: 0.3496, Train: 98.29%, Valid: 34.49%, Test: 32.47% [α=0.15,β=2.26,α=0.28,β=2.14]
Epoch: 208, Loss: 0.3698, Train: 97.80%, Valid: 29.27%, Test: 31.96% [α=0.15,β=2.27,α=0.27,β=2.14]
Epoch: 209, Loss: 0.3907, Train: 98.29%, Valid: 30.66%, Test: 31.96% [α=0.15,β=2.27,α=0.27,β=2.14]
Epoch: 210, Loss: 0.3631, Train: 98.29%, Valid: 31.36%, Test: 30.93% [α=0.15,β=2.27,α=0.27,β=2.15]
Epoch: 211, Loss: 0.3340, Train: 98.53%, Valid: 28.22%, Test: 28.35% [α=0.15,β=2.27,α=0.27,β=2.15]
Epoch: 212, Loss: 0.3550, Train: 98.29%, Valid: 27.87%, Test: 28.87% [α=0.15,β=2.28,α=0.27,β=2.15]
Epoch: 213, Loss: 0.3397, Train: 98.04%, Valid: 28.22%, Test: 27.84% [α=0.14,β=2.28,α=0.27,β=2.15]
Epoch: 214, Loss: 0.4063, Train: 98.29%, Valid: 29.62%, Test: 31.44% [α=0.14,β=2.28,α=0.27,β=2.15]
Epoch: 215, Loss: 0.3448, Train: 98.04%, Valid: 29.62%, Test: 32.99% [α=0.14,β=2.28,α=0.27,β=2.16]
Epoch: 216, Loss: 0.3687, Train: 98.04%, Valid: 28.92%, Test: 31.44% [α=0.14,β=2.29,α=0.27,β=2.16]
Epoch: 217, Loss: 0.4389, Train: 98.04%, Valid: 29.62%, Test: 30.93% [α=0.14,β=2.29,α=0.27,β=2.16]
Epoch: 218, Loss: 0.4145, Train: 98.53%, Valid: 32.40%, Test: 30.93% [α=0.14,β=2.29,α=0.27,β=2.16]
Epoch: 219, Loss: 0.4466, Train: 98.53%, Valid: 29.97%, Test: 29.90% [α=0.14,β=2.29,α=0.27,β=2.16]
Epoch: 220, Loss: 0.4319, Train: 98.53%, Valid: 28.92%, Test: 27.84% [α=0.14,β=2.29,α=0.27,β=2.16]
Epoch: 221, Loss: 0.4347, Train: 98.29%, Valid: 28.22%, Test: 28.87% [α=0.14,β=2.29,α=0.27,β=2.16]
Epoch: 222, Loss: 0.4258, Train: 98.53%, Valid: 29.62%, Test: 27.84% [α=0.14,β=2.29,α=0.27,β=2.16]
Epoch: 223, Loss: 0.3722, Train: 98.53%, Valid: 31.36%, Test: 32.47% [α=0.14,β=2.29,α=0.27,β=2.16]
Epoch: 224, Loss: 0.3479, Train: 98.53%, Valid: 32.40%, Test: 34.54% [α=0.14,β=2.29,α=0.27,β=2.16]
Epoch: 225, Loss: 0.4083, Train: 98.53%, Valid: 33.80%, Test: 33.51% [α=0.13,β=2.29,α=0.27,β=2.16]
Run 01:Highest Train: 98.53 Highest Valid: 41.11 Highest Test: 35.57 Chosen epoch: 27
Final Train: 53.55 Final Test: 31.96
1 runs: Highest Train: 98.53 ± nan Highest val epoch:26
Highest Test: 35.57 ± nan Final Test: 31.96 ± nan
