Namespace(data_dir='../data', dataset='squirrel', device=0, seed=42, cpu=False, epochs=500, runs=1, train_prop=0.5, valid_prop=0.25, protocol='semi', rand_split=False, rand_split_class=False, label_num_per_class=20, valid_num=500, test_num=500, directed=False, method='pcgt', hidden_channels=64, num_layers=4, num_heads=1, alpha=0.5, use_bn=False, use_residual=False, use_graph=False, use_weight=False, use_init=False, use_act=False, attention='gcn', lr=0.01, weight_decay=0.0005, dropout=0.5, display_step=1, no_feat_norm=False, patience=200, graph_weight=0.8, ours_weight_decay=0.0005, ours_use_weight=False, ours_use_residual=False, ours_use_act=False, backbone='gcn', ours_layers=2, ours_dropout=0.5, aggregate='add', hops=1, gat_heads=8, out_heads=1, lamda=0.1, num_elayers=2, encoder_emdim=768, num_partitions=10, num_reps=4, partition_method='metis', no_pse=False, local_only=False, global_only=False)
squirrel
features shape=torch.Size([2223, 2089])
num nodes 2223 | num classes 5 | num node feats 2089
Computing 10 partitions using metis...
Partitions: 10, Boundary nodes: 1850/2223 (83.2%)
Intra-partition edges: 58952/93996 (62.7%)
Epoch: 00, Loss: 1.6125, Train: 32.95%, Valid: 35.10%, Test: 34.73% [α=0.50,β=0.99,α=0.50,β=0.99]
Epoch: 01, Loss: 1.5689, Train: 32.95%, Valid: 35.10%, Test: 34.73% [α=0.50,β=1.00,α=0.50,β=1.00]
Epoch: 02, Loss: 1.5420, Train: 32.95%, Valid: 35.10%, Test: 34.73% [α=0.50,β=1.00,α=0.51,β=1.00]
Epoch: 03, Loss: 1.5303, Train: 32.95%, Valid: 35.10%, Test: 34.73% [α=0.50,β=1.01,α=0.51,β=1.01]
Epoch: 04, Loss: 1.5262, Train: 32.95%, Valid: 35.10%, Test: 34.73% [α=0.50,β=1.01,α=0.51,β=1.01]
Epoch: 05, Loss: 1.5287, Train: 32.95%, Valid: 35.10%, Test: 34.73% [α=0.51,β=1.00,α=0.51,β=1.00]
Epoch: 06, Loss: 1.5063, Train: 33.05%, Valid: 35.10%, Test: 34.51% [α=0.51,β=1.00,α=0.52,β=1.00]
Epoch: 07, Loss: 1.5036, Train: 34.19%, Valid: 34.68%, Test: 35.40% [α=0.51,β=1.00,α=0.52,β=0.99]
Epoch: 08, Loss: 1.4893, Train: 35.42%, Valid: 34.12%, Test: 33.63% [α=0.51,β=1.00,α=0.52,β=0.99]
Epoch: 09, Loss: 1.4972, Train: 35.52%, Valid: 32.59%, Test: 32.30% [α=0.52,β=1.00,α=0.52,β=0.99]
Epoch: 10, Loss: 1.4941, Train: 34.95%, Valid: 32.73%, Test: 32.30% [α=0.52,β=1.00,α=0.52,β=0.99]
Epoch: 11, Loss: 1.4931, Train: 35.71%, Valid: 32.73%, Test: 32.96% [α=0.52,β=1.01,α=0.53,β=1.00]
Epoch: 12, Loss: 1.4893, Train: 36.09%, Valid: 33.15%, Test: 33.41% [α=0.52,β=1.01,α=0.53,β=1.00]
Epoch: 13, Loss: 1.4929, Train: 36.09%, Valid: 33.57%, Test: 33.41% [α=0.52,β=1.01,α=0.53,β=1.00]
Epoch: 14, Loss: 1.4872, Train: 35.99%, Valid: 32.45%, Test: 32.52% [α=0.52,β=1.01,α=0.53,β=1.00]
Epoch: 15, Loss: 1.4769, Train: 35.80%, Valid: 32.59%, Test: 31.86% [α=0.52,β=1.01,α=0.53,β=1.00]
Epoch: 16, Loss: 1.4869, Train: 35.80%, Valid: 32.31%, Test: 31.64% [α=0.52,β=1.01,α=0.53,β=0.99]
Epoch: 17, Loss: 1.4811, Train: 36.75%, Valid: 31.89%, Test: 30.75% [α=0.52,β=1.01,α=0.53,β=0.99]
Epoch: 18, Loss: 1.4803, Train: 37.51%, Valid: 32.59%, Test: 29.65% [α=0.52,β=1.01,α=0.53,β=0.99]
Epoch: 19, Loss: 1.4869, Train: 36.94%, Valid: 32.73%, Test: 30.09% [α=0.51,β=1.01,α=0.53,β=0.99]
Epoch: 20, Loss: 1.4842, Train: 36.56%, Valid: 32.73%, Test: 31.64% [α=0.51,β=1.01,α=0.52,β=0.98]
Epoch: 21, Loss: 1.4841, Train: 36.28%, Valid: 32.59%, Test: 32.52% [α=0.51,β=1.01,α=0.52,β=0.98]
Epoch: 22, Loss: 1.4768, Train: 36.94%, Valid: 33.98%, Test: 34.07% [α=0.51,β=1.01,α=0.52,β=0.98]
Epoch: 23, Loss: 1.4657, Train: 35.04%, Valid: 34.26%, Test: 34.96% [α=0.51,β=1.02,α=0.52,β=0.98]
Epoch: 24, Loss: 1.4728, Train: 35.14%, Valid: 34.26%, Test: 35.40% [α=0.50,β=1.02,α=0.52,β=0.98]
Epoch: 25, Loss: 1.4645, Train: 35.52%, Valid: 34.12%, Test: 35.18% [α=0.50,β=1.02,α=0.52,β=0.98]
Epoch: 26, Loss: 1.4681, Train: 35.99%, Valid: 33.57%, Test: 34.96% [α=0.50,β=1.03,α=0.52,β=0.99]
Epoch: 27, Loss: 1.4635, Train: 36.09%, Valid: 33.15%, Test: 34.51% [α=0.50,β=1.04,α=0.52,β=0.99]
Epoch: 28, Loss: 1.4685, Train: 35.80%, Valid: 32.87%, Test: 33.85% [α=0.50,β=1.05,α=0.51,β=1.00]
Epoch: 29, Loss: 1.4623, Train: 35.99%, Valid: 33.29%, Test: 33.85% [α=0.50,β=1.05,α=0.51,β=1.01]
Epoch: 30, Loss: 1.4591, Train: 36.56%, Valid: 33.01%, Test: 33.19% [α=0.50,β=1.06,α=0.51,β=1.01]
Epoch: 31, Loss: 1.4572, Train: 37.32%, Valid: 33.57%, Test: 33.63% [α=0.49,β=1.07,α=0.51,β=1.02]
Epoch: 32, Loss: 1.4482, Train: 37.42%, Valid: 33.43%, Test: 33.19% [α=0.49,β=1.08,α=0.51,β=1.03]
Epoch: 33, Loss: 1.4528, Train: 37.99%, Valid: 33.98%, Test: 32.74% [α=0.49,β=1.10,α=0.51,β=1.04]
Epoch: 34, Loss: 1.4500, Train: 39.32%, Valid: 33.84%, Test: 32.52% [α=0.49,β=1.11,α=0.51,β=1.05]
Epoch: 35, Loss: 1.4311, Train: 40.65%, Valid: 34.12%, Test: 33.19% [α=0.49,β=1.12,α=0.51,β=1.06]
Epoch: 36, Loss: 1.4493, Train: 41.22%, Valid: 32.59%, Test: 32.08% [α=0.49,β=1.13,α=0.51,β=1.07]
Epoch: 37, Loss: 1.4351, Train: 41.79%, Valid: 32.59%, Test: 31.64% [α=0.49,β=1.14,α=0.51,β=1.09]
Epoch: 38, Loss: 1.4239, Train: 42.55%, Valid: 32.45%, Test: 30.53% [α=0.48,β=1.15,α=0.51,β=1.10]
Epoch: 39, Loss: 1.4340, Train: 43.02%, Valid: 32.73%, Test: 30.97% [α=0.48,β=1.17,α=0.51,β=1.11]
Epoch: 40, Loss: 1.4273, Train: 43.11%, Valid: 32.59%, Test: 31.64% [α=0.48,β=1.18,α=0.50,β=1.12]
Epoch: 41, Loss: 1.4224, Train: 43.02%, Valid: 33.01%, Test: 31.42% [α=0.48,β=1.19,α=0.50,β=1.13]
Epoch: 42, Loss: 1.4158, Train: 43.40%, Valid: 33.15%, Test: 31.42% [α=0.48,β=1.21,α=0.50,β=1.15]
Epoch: 43, Loss: 1.4006, Train: 43.59%, Valid: 32.59%, Test: 32.30% [α=0.47,β=1.22,α=0.50,β=1.16]
Epoch: 44, Loss: 1.3978, Train: 45.01%, Valid: 32.87%, Test: 32.08% [α=0.47,β=1.23,α=0.50,β=1.17]
Epoch: 45, Loss: 1.3815, Train: 46.25%, Valid: 32.73%, Test: 31.86% [α=0.47,β=1.25,α=0.50,β=1.19]
Epoch: 46, Loss: 1.3868, Train: 48.81%, Valid: 31.34%, Test: 30.97% [α=0.47,β=1.26,α=0.50,β=1.20]
Epoch: 47, Loss: 1.4001, Train: 49.48%, Valid: 30.78%, Test: 30.53% [α=0.46,β=1.28,α=0.49,β=1.22]
Epoch: 48, Loss: 1.3672, Train: 48.91%, Valid: 31.75%, Test: 31.86% [α=0.46,β=1.29,α=0.49,β=1.23]
Epoch: 49, Loss: 1.3662, Train: 49.76%, Valid: 32.17%, Test: 32.52% [α=0.46,β=1.30,α=0.49,β=1.24]
Epoch: 50, Loss: 1.3598, Train: 51.76%, Valid: 31.48%, Test: 30.97% [α=0.46,β=1.32,α=0.49,β=1.26]
Epoch: 51, Loss: 1.3341, Train: 56.32%, Valid: 29.94%, Test: 30.97% [α=0.46,β=1.33,α=0.49,β=1.27]
Epoch: 52, Loss: 1.3520, Train: 59.64%, Valid: 29.94%, Test: 30.97% [α=0.45,β=1.35,α=0.49,β=1.29]
Epoch: 53, Loss: 1.3405, Train: 58.69%, Valid: 31.62%, Test: 31.42% [α=0.45,β=1.37,α=0.49,β=1.31]
Epoch: 54, Loss: 1.3264, Train: 57.93%, Valid: 30.78%, Test: 30.53% [α=0.45,β=1.38,α=0.49,β=1.32]
Epoch: 55, Loss: 1.3036, Train: 58.97%, Valid: 30.64%, Test: 30.09% [α=0.45,β=1.40,α=0.48,β=1.34]
Epoch: 56, Loss: 1.2991, Train: 59.92%, Valid: 30.22%, Test: 30.53% [α=0.45,β=1.41,α=0.48,β=1.35]
Epoch: 57, Loss: 1.2913, Train: 60.59%, Valid: 30.08%, Test: 29.42% [α=0.44,β=1.43,α=0.48,β=1.37]
Epoch: 58, Loss: 1.2963, Train: 62.77%, Valid: 31.06%, Test: 30.75% [α=0.44,β=1.44,α=0.48,β=1.38]
Epoch: 59, Loss: 1.2464, Train: 63.44%, Valid: 30.36%, Test: 30.97% [α=0.44,β=1.46,α=0.48,β=1.40]
Epoch: 60, Loss: 1.2707, Train: 62.11%, Valid: 29.94%, Test: 31.19% [α=0.44,β=1.47,α=0.48,β=1.41]
Epoch: 61, Loss: 1.2462, Train: 64.39%, Valid: 29.11%, Test: 30.53% [α=0.43,β=1.49,α=0.48,β=1.43]
Epoch: 62, Loss: 1.2370, Train: 64.29%, Valid: 29.11%, Test: 30.97% [α=0.43,β=1.50,α=0.47,β=1.44]
Epoch: 63, Loss: 1.2354, Train: 62.87%, Valid: 29.25%, Test: 30.53% [α=0.43,β=1.52,α=0.47,β=1.46]
Epoch: 64, Loss: 1.2159, Train: 62.77%, Valid: 30.36%, Test: 29.87% [α=0.43,β=1.53,α=0.47,β=1.47]
Epoch: 65, Loss: 1.2352, Train: 67.14%, Valid: 29.67%, Test: 30.75% [α=0.42,β=1.55,α=0.47,β=1.49]
Epoch: 66, Loss: 1.2209, Train: 69.42%, Valid: 28.83%, Test: 31.19% [α=0.42,β=1.56,α=0.47,β=1.50]
Epoch: 67, Loss: 1.1937, Train: 69.42%, Valid: 30.08%, Test: 31.42% [α=0.42,β=1.58,α=0.47,β=1.52]
Epoch: 68, Loss: 1.1956, Train: 67.71%, Valid: 29.53%, Test: 30.75% [α=0.41,β=1.59,α=0.46,β=1.53]
Epoch: 69, Loss: 1.1627, Train: 68.28%, Valid: 28.41%, Test: 30.97% [α=0.41,β=1.61,α=0.46,β=1.55]
Epoch: 70, Loss: 1.1554, Train: 72.08%, Valid: 28.27%, Test: 31.42% [α=0.41,β=1.62,α=0.46,β=1.56]
Epoch: 71, Loss: 1.1618, Train: 75.69%, Valid: 30.08%, Test: 31.19% [α=0.41,β=1.63,α=0.46,β=1.57]
Epoch: 72, Loss: 1.1528, Train: 74.26%, Valid: 30.50%, Test: 31.19% [α=0.40,β=1.65,α=0.46,β=1.59]
Epoch: 73, Loss: 1.1113, Train: 79.11%, Valid: 30.08%, Test: 30.97% [α=0.40,β=1.66,α=0.45,β=1.60]
Epoch: 74, Loss: 1.1445, Train: 75.97%, Valid: 28.55%, Test: 31.86% [α=0.40,β=1.68,α=0.45,β=1.62]
Epoch: 75, Loss: 1.1003, Train: 73.22%, Valid: 28.27%, Test: 32.30% [α=0.39,β=1.69,α=0.45,β=1.63]
Epoch: 76, Loss: 1.1236, Train: 73.69%, Valid: 28.83%, Test: 31.86% [α=0.39,β=1.70,α=0.45,β=1.64]
Epoch: 77, Loss: 1.0938, Train: 77.30%, Valid: 27.86%, Test: 30.97% [α=0.39,β=1.72,α=0.44,β=1.66]
Epoch: 78, Loss: 1.0621, Train: 78.35%, Valid: 27.99%, Test: 31.86% [α=0.38,β=1.73,α=0.44,β=1.67]
Epoch: 79, Loss: 1.1032, Train: 78.82%, Valid: 27.99%, Test: 30.53% [α=0.38,β=1.74,α=0.44,β=1.68]
Epoch: 80, Loss: 1.0927, Train: 77.87%, Valid: 28.69%, Test: 29.65% [α=0.38,β=1.76,α=0.44,β=1.70]
Epoch: 81, Loss: 1.0754, Train: 78.73%, Valid: 28.27%, Test: 28.54% [α=0.37,β=1.77,α=0.43,β=1.71]
Epoch: 82, Loss: 1.0387, Train: 81.96%, Valid: 28.83%, Test: 30.09% [α=0.37,β=1.78,α=0.43,β=1.72]
Epoch: 83, Loss: 1.0743, Train: 82.24%, Valid: 30.08%, Test: 30.53% [α=0.37,β=1.80,α=0.43,β=1.74]
Epoch: 84, Loss: 1.0310, Train: 84.05%, Valid: 28.27%, Test: 31.19% [α=0.37,β=1.81,α=0.42,β=1.75]
Epoch: 85, Loss: 1.0435, Train: 84.05%, Valid: 27.30%, Test: 30.31% [α=0.36,β=1.82,α=0.42,β=1.76]
Epoch: 86, Loss: 1.0182, Train: 81.67%, Valid: 28.55%, Test: 30.53% [α=0.36,β=1.83,α=0.42,β=1.77]
Epoch: 87, Loss: 1.0186, Train: 81.01%, Valid: 28.13%, Test: 31.86% [α=0.36,β=1.85,α=0.42,β=1.78]
Epoch: 88, Loss: 1.0125, Train: 82.62%, Valid: 27.30%, Test: 31.64% [α=0.35,β=1.86,α=0.41,β=1.80]
Epoch: 89, Loss: 0.9923, Train: 83.67%, Valid: 27.99%, Test: 30.53% [α=0.35,β=1.87,α=0.41,β=1.81]
Epoch: 90, Loss: 0.9827, Train: 83.10%, Valid: 30.64%, Test: 29.87% [α=0.35,β=1.88,α=0.41,β=1.82]
Epoch: 91, Loss: 1.0162, Train: 84.05%, Valid: 29.39%, Test: 29.65% [α=0.34,β=1.89,α=0.40,β=1.83]
Epoch: 92, Loss: 0.9584, Train: 86.04%, Valid: 28.27%, Test: 30.31% [α=0.34,β=1.90,α=0.40,β=1.84]
Epoch: 93, Loss: 1.0122, Train: 86.99%, Valid: 27.72%, Test: 29.87% [α=0.34,β=1.92,α=0.40,β=1.85]
Epoch: 94, Loss: 0.9660, Train: 88.51%, Valid: 27.72%, Test: 27.88% [α=0.33,β=1.93,α=0.39,β=1.86]
Epoch: 95, Loss: 0.9642, Train: 89.17%, Valid: 27.72%, Test: 29.87% [α=0.33,β=1.94,α=0.39,β=1.88]
Epoch: 96, Loss: 0.9423, Train: 88.22%, Valid: 26.88%, Test: 29.65% [α=0.33,β=1.95,α=0.39,β=1.89]
Epoch: 97, Loss: 0.9458, Train: 88.89%, Valid: 27.99%, Test: 29.20% [α=0.32,β=1.96,α=0.39,β=1.90]
Epoch: 98, Loss: 0.9813, Train: 89.17%, Valid: 27.99%, Test: 29.87% [α=0.32,β=1.97,α=0.38,β=1.91]
Epoch: 99, Loss: 0.9660, Train: 89.65%, Valid: 27.99%, Test: 30.75% [α=0.32,β=1.98,α=0.38,β=1.92]
Epoch: 100, Loss: 0.9183, Train: 90.41%, Valid: 26.74%, Test: 29.87% [α=0.32,β=1.99,α=0.38,β=1.93]
Epoch: 101, Loss: 0.9128, Train: 89.55%, Valid: 27.72%, Test: 29.20% [α=0.31,β=2.01,α=0.38,β=1.94]
Epoch: 102, Loss: 0.9403, Train: 87.27%, Valid: 28.41%, Test: 31.19% [α=0.31,β=2.02,α=0.37,β=1.95]
Epoch: 103, Loss: 0.9168, Train: 89.27%, Valid: 27.58%, Test: 30.97% [α=0.31,β=2.03,α=0.37,β=1.96]
Epoch: 104, Loss: 0.9150, Train: 91.55%, Valid: 26.46%, Test: 31.64% [α=0.30,β=2.04,α=0.37,β=1.97]
Epoch: 105, Loss: 0.8915, Train: 93.26%, Valid: 26.88%, Test: 31.64% [α=0.30,β=2.05,α=0.36,β=1.98]
Epoch: 106, Loss: 0.8886, Train: 93.26%, Valid: 27.58%, Test: 29.87% [α=0.30,β=2.06,α=0.36,β=2.00]
Epoch: 107, Loss: 0.8964, Train: 89.65%, Valid: 27.99%, Test: 29.65% [α=0.30,β=2.07,α=0.36,β=2.01]
Epoch: 108, Loss: 0.8777, Train: 90.41%, Valid: 26.74%, Test: 29.42% [α=0.29,β=2.08,α=0.36,β=2.02]
Epoch: 109, Loss: 0.9292, Train: 91.36%, Valid: 25.63%, Test: 29.87% [α=0.29,β=2.09,α=0.36,β=2.03]
Epoch: 110, Loss: 0.9037, Train: 92.02%, Valid: 26.32%, Test: 29.87% [α=0.29,β=2.10,α=0.35,β=2.04]
Epoch: 111, Loss: 0.8695, Train: 93.73%, Valid: 27.99%, Test: 29.87% [α=0.29,β=2.11,α=0.35,β=2.05]
Epoch: 112, Loss: 0.8674, Train: 94.68%, Valid: 27.72%, Test: 30.09% [α=0.28,β=2.12,α=0.35,β=2.06]
Epoch: 113, Loss: 0.8521, Train: 95.06%, Valid: 26.18%, Test: 28.54% [α=0.28,β=2.13,α=0.35,β=2.06]
Epoch: 114, Loss: 0.8701, Train: 94.21%, Valid: 26.74%, Test: 29.20% [α=0.28,β=2.14,α=0.34,β=2.07]
Epoch: 115, Loss: 0.8637, Train: 93.73%, Valid: 28.27%, Test: 29.65% [α=0.28,β=2.15,α=0.34,β=2.08]
Epoch: 116, Loss: 0.8520, Train: 92.31%, Valid: 27.86%, Test: 29.42% [α=0.27,β=2.16,α=0.34,β=2.09]
Epoch: 117, Loss: 0.9091, Train: 92.88%, Valid: 26.32%, Test: 30.75% [α=0.27,β=2.17,α=0.34,β=2.10]
Epoch: 118, Loss: 0.8597, Train: 94.87%, Valid: 26.04%, Test: 28.54% [α=0.27,β=2.18,α=0.34,β=2.11]
Epoch: 119, Loss: 0.8698, Train: 96.11%, Valid: 27.30%, Test: 28.10% [α=0.27,β=2.18,α=0.33,β=2.12]
Epoch: 120, Loss: 0.8116, Train: 95.73%, Valid: 27.30%, Test: 28.98% [α=0.26,β=2.19,α=0.33,β=2.13]
Epoch: 121, Loss: 0.7860, Train: 96.39%, Valid: 27.16%, Test: 28.32% [α=0.26,β=2.20,α=0.33,β=2.13]
Epoch: 122, Loss: 0.8235, Train: 95.73%, Valid: 26.18%, Test: 29.42% [α=0.26,β=2.21,α=0.33,β=2.14]
Epoch: 123, Loss: 0.8090, Train: 93.73%, Valid: 24.79%, Test: 29.65% [α=0.26,β=2.22,α=0.33,β=2.15]
Epoch: 124, Loss: 0.8111, Train: 93.54%, Valid: 25.21%, Test: 28.76% [α=0.25,β=2.23,α=0.33,β=2.16]
Epoch: 125, Loss: 0.8340, Train: 95.73%, Valid: 26.18%, Test: 29.87% [α=0.25,β=2.24,α=0.33,β=2.17]
Epoch: 126, Loss: 0.7943, Train: 95.92%, Valid: 26.88%, Test: 28.76% [α=0.25,β=2.25,α=0.33,β=2.17]
Epoch: 127, Loss: 0.8212, Train: 95.92%, Valid: 27.58%, Test: 28.98% [α=0.25,β=2.26,α=0.33,β=2.18]
Epoch: 128, Loss: 0.8403, Train: 96.68%, Valid: 26.88%, Test: 28.76% [α=0.25,β=2.27,α=0.33,β=2.19]
Epoch: 129, Loss: 0.7919, Train: 96.87%, Valid: 25.49%, Test: 29.65% [α=0.24,β=2.28,α=0.33,β=2.19]
Epoch: 130, Loss: 0.7840, Train: 97.06%, Valid: 26.60%, Test: 29.42% [α=0.24,β=2.28,α=0.33,β=2.20]
Epoch: 131, Loss: 0.7511, Train: 95.16%, Valid: 27.86%, Test: 28.54% [α=0.24,β=2.29,α=0.33,β=2.20]
Epoch: 132, Loss: 0.7614, Train: 95.35%, Valid: 27.16%, Test: 29.87% [α=0.24,β=2.30,α=0.33,β=2.21]
Epoch: 133, Loss: 0.7508, Train: 96.68%, Valid: 26.60%, Test: 30.75% [α=0.23,β=2.31,α=0.33,β=2.22]
Epoch: 134, Loss: 0.7721, Train: 96.01%, Valid: 25.21%, Test: 29.87% [α=0.23,β=2.32,α=0.33,β=2.22]
Epoch: 135, Loss: 0.7948, Train: 95.82%, Valid: 26.88%, Test: 30.75% [α=0.23,β=2.33,α=0.33,β=2.23]
Epoch: 136, Loss: 0.7584, Train: 93.45%, Valid: 28.83%, Test: 28.98% [α=0.23,β=2.33,α=0.33,β=2.23]
Epoch: 137, Loss: 0.7979, Train: 96.58%, Valid: 28.41%, Test: 29.65% [α=0.23,β=2.34,α=0.33,β=2.24]
Epoch: 138, Loss: 0.7427, Train: 97.53%, Valid: 26.46%, Test: 28.76% [α=0.22,β=2.35,α=0.33,β=2.24]
Epoch: 139, Loss: 0.7795, Train: 97.63%, Valid: 27.02%, Test: 28.76% [α=0.22,β=2.36,α=0.33,β=2.25]
Epoch: 140, Loss: 0.7445, Train: 96.49%, Valid: 27.16%, Test: 28.98% [α=0.22,β=2.37,α=0.33,β=2.25]
Epoch: 141, Loss: 0.7376, Train: 96.96%, Valid: 25.91%, Test: 29.20% [α=0.22,β=2.37,α=0.33,β=2.26]
Epoch: 142, Loss: 0.7621, Train: 97.25%, Valid: 25.49%, Test: 28.76% [α=0.21,β=2.38,α=0.33,β=2.26]
Epoch: 143, Loss: 0.7729, Train: 97.91%, Valid: 26.32%, Test: 28.98% [α=0.21,β=2.39,α=0.34,β=2.27]
Epoch: 144, Loss: 0.7936, Train: 96.87%, Valid: 27.99%, Test: 28.54% [α=0.21,β=2.40,α=0.34,β=2.27]
Epoch: 145, Loss: 0.7379, Train: 94.59%, Valid: 28.83%, Test: 29.65% [α=0.21,β=2.41,α=0.34,β=2.28]
Epoch: 146, Loss: 0.7569, Train: 96.39%, Valid: 26.18%, Test: 29.42% [α=0.21,β=2.42,α=0.34,β=2.28]
Epoch: 147, Loss: 0.7264, Train: 96.68%, Valid: 25.21%, Test: 29.42% [α=0.21,β=2.42,α=0.34,β=2.28]
Epoch: 148, Loss: 0.7925, Train: 97.53%, Valid: 26.04%, Test: 29.87% [α=0.20,β=2.43,α=0.34,β=2.29]
Epoch: 149, Loss: 0.7952, Train: 97.72%, Valid: 28.83%, Test: 30.53% [α=0.20,β=2.44,α=0.34,β=2.29]
Epoch: 150, Loss: 0.7547, Train: 97.63%, Valid: 28.27%, Test: 29.65% [α=0.20,β=2.45,α=0.34,β=2.29]
Epoch: 151, Loss: 0.7575, Train: 97.44%, Valid: 27.30%, Test: 29.20% [α=0.20,β=2.45,α=0.34,β=2.30]
Epoch: 152, Loss: 0.7497, Train: 97.34%, Valid: 26.60%, Test: 28.32% [α=0.20,β=2.46,α=0.34,β=2.30]
Epoch: 153, Loss: 0.7577, Train: 96.68%, Valid: 26.32%, Test: 28.10% [α=0.19,β=2.46,α=0.34,β=2.30]
Epoch: 154, Loss: 0.7243, Train: 97.25%, Valid: 26.74%, Test: 29.87% [α=0.19,β=2.47,α=0.34,β=2.31]
Epoch: 155, Loss: 0.7165, Train: 98.01%, Valid: 27.30%, Test: 28.32% [α=0.19,β=2.48,α=0.35,β=2.31]
Epoch: 156, Loss: 0.7369, Train: 98.10%, Valid: 28.13%, Test: 29.42% [α=0.19,β=2.48,α=0.35,β=2.31]
Epoch: 157, Loss: 0.7228, Train: 98.10%, Valid: 27.86%, Test: 28.76% [α=0.19,β=2.49,α=0.35,β=2.32]
Epoch: 158, Loss: 0.6993, Train: 98.39%, Valid: 27.30%, Test: 29.20% [α=0.19,β=2.50,α=0.35,β=2.32]
Epoch: 159, Loss: 0.7159, Train: 97.63%, Valid: 26.74%, Test: 30.09% [α=0.19,β=2.51,α=0.35,β=2.32]
Epoch: 160, Loss: 0.7419, Train: 97.91%, Valid: 25.77%, Test: 29.20% [α=0.18,β=2.51,α=0.35,β=2.33]
Epoch: 161, Loss: 0.6783, Train: 98.01%, Valid: 25.35%, Test: 29.65% [α=0.18,β=2.52,α=0.35,β=2.33]
Epoch: 162, Loss: 0.7104, Train: 97.82%, Valid: 25.63%, Test: 29.20% [α=0.18,β=2.53,α=0.35,β=2.34]
Epoch: 163, Loss: 0.7092, Train: 96.77%, Valid: 25.63%, Test: 29.87% [α=0.18,β=2.53,α=0.35,β=2.34]
Epoch: 164, Loss: 0.7229, Train: 96.58%, Valid: 26.32%, Test: 30.53% [α=0.18,β=2.54,α=0.35,β=2.34]
Epoch: 165, Loss: 0.7060, Train: 97.44%, Valid: 26.74%, Test: 28.98% [α=0.18,β=2.55,α=0.35,β=2.35]
Epoch: 166, Loss: 0.6961, Train: 97.34%, Valid: 25.49%, Test: 28.54% [α=0.18,β=2.56,α=0.35,β=2.35]
Epoch: 167, Loss: 0.7462, Train: 97.25%, Valid: 26.46%, Test: 29.42% [α=0.17,β=2.56,α=0.35,β=2.35]
Epoch: 168, Loss: 0.7101, Train: 97.53%, Valid: 28.97%, Test: 29.65% [α=0.17,β=2.57,α=0.35,β=2.36]
Epoch: 169, Loss: 0.7019, Train: 97.44%, Valid: 29.25%, Test: 30.75% [α=0.17,β=2.57,α=0.35,β=2.36]
Epoch: 170, Loss: 0.7101, Train: 98.10%, Valid: 28.55%, Test: 28.98% [α=0.17,β=2.58,α=0.35,β=2.36]
Epoch: 171, Loss: 0.6949, Train: 98.39%, Valid: 26.32%, Test: 28.32% [α=0.17,β=2.59,α=0.35,β=2.36]
Epoch: 172, Loss: 0.6849, Train: 98.29%, Valid: 25.63%, Test: 28.76% [α=0.17,β=2.59,α=0.35,β=2.37]
Epoch: 173, Loss: 0.7049, Train: 98.48%, Valid: 26.60%, Test: 29.65% [α=0.17,β=2.60,α=0.35,β=2.37]
Epoch: 174, Loss: 0.6755, Train: 98.10%, Valid: 26.60%, Test: 28.10% [α=0.17,β=2.61,α=0.36,β=2.37]
Epoch: 175, Loss: 0.6951, Train: 97.91%, Valid: 24.79%, Test: 28.76% [α=0.17,β=2.61,α=0.36,β=2.38]
Epoch: 176, Loss: 0.6692, Train: 97.34%, Valid: 24.79%, Test: 29.20% [α=0.16,β=2.62,α=0.36,β=2.38]
Epoch: 177, Loss: 0.6838, Train: 97.82%, Valid: 25.07%, Test: 29.20% [α=0.16,β=2.63,α=0.36,β=2.38]
Epoch: 178, Loss: 0.7055, Train: 97.91%, Valid: 27.58%, Test: 28.98% [α=0.16,β=2.64,α=0.36,β=2.39]
Epoch: 179, Loss: 0.7307, Train: 98.29%, Valid: 27.02%, Test: 27.88% [α=0.16,β=2.64,α=0.36,β=2.39]
Epoch: 180, Loss: 0.6745, Train: 98.10%, Valid: 25.21%, Test: 26.99% [α=0.16,β=2.65,α=0.36,β=2.39]
Epoch: 181, Loss: 0.6762, Train: 97.91%, Valid: 25.91%, Test: 26.99% [α=0.16,β=2.65,α=0.36,β=2.39]
Epoch: 182, Loss: 0.7071, Train: 97.34%, Valid: 25.63%, Test: 28.10% [α=0.16,β=2.66,α=0.36,β=2.40]
Epoch: 183, Loss: 0.6647, Train: 97.82%, Valid: 27.16%, Test: 28.98% [α=0.16,β=2.67,α=0.36,β=2.40]
Epoch: 184, Loss: 0.6745, Train: 98.58%, Valid: 27.58%, Test: 27.65% [α=0.16,β=2.67,α=0.36,β=2.40]
Epoch: 185, Loss: 0.6553, Train: 98.20%, Valid: 26.60%, Test: 29.42% [α=0.15,β=2.68,α=0.36,β=2.40]
Epoch: 186, Loss: 0.7260, Train: 98.20%, Valid: 26.60%, Test: 29.65% [α=0.15,β=2.69,α=0.36,β=2.41]
Epoch: 187, Loss: 0.6664, Train: 98.20%, Valid: 27.16%, Test: 30.09% [α=0.15,β=2.69,α=0.36,β=2.41]
Epoch: 188, Loss: 0.6493, Train: 96.77%, Valid: 28.41%, Test: 30.31% [α=0.15,β=2.70,α=0.36,β=2.41]
Epoch: 189, Loss: 0.6956, Train: 98.10%, Valid: 26.88%, Test: 29.87% [α=0.15,β=2.71,α=0.36,β=2.41]
Epoch: 190, Loss: 0.7055, Train: 98.39%, Valid: 25.35%, Test: 28.10% [α=0.15,β=2.71,α=0.36,β=2.42]
Epoch: 191, Loss: 0.6581, Train: 98.29%, Valid: 25.91%, Test: 28.10% [α=0.15,β=2.72,α=0.36,β=2.42]
Epoch: 192, Loss: 0.6848, Train: 98.58%, Valid: 27.16%, Test: 26.33% [α=0.15,β=2.72,α=0.36,β=2.42]
Epoch: 193, Loss: 0.6525, Train: 97.63%, Valid: 28.13%, Test: 29.20% [α=0.15,β=2.73,α=0.36,β=2.42]
Epoch: 194, Loss: 0.6727, Train: 98.29%, Valid: 27.58%, Test: 28.10% [α=0.15,β=2.73,α=0.36,β=2.42]
Epoch: 195, Loss: 0.7049, Train: 98.39%, Valid: 26.60%, Test: 28.10% [α=0.15,β=2.74,α=0.36,β=2.42]
Epoch: 196, Loss: 0.6983, Train: 98.39%, Valid: 26.74%, Test: 29.42% [α=0.14,β=2.74,α=0.36,β=2.42]
Epoch: 197, Loss: 0.6701, Train: 98.20%, Valid: 27.30%, Test: 29.87% [α=0.14,β=2.75,α=0.36,β=2.42]
Epoch: 198, Loss: 0.6402, Train: 97.91%, Valid: 27.30%, Test: 30.75% [α=0.14,β=2.75,α=0.36,β=2.42]
Epoch: 199, Loss: 0.6658, Train: 96.77%, Valid: 27.30%, Test: 30.09% [α=0.14,β=2.75,α=0.36,β=2.43]
Run 01:Highest Train: 98.58 Highest Valid: 35.10 Highest Test: 35.40 Chosen epoch: 1
Final Train: 32.95 Final Test: 34.73
1 runs: Highest Train: 98.58 ± nan Highest val epoch:0
Highest Test: 35.40 ± nan Final Test: 34.73 ± nan
