Namespace(data_dir='../data', dataset='squirrel', device=0, seed=42, cpu=False, epochs=500, runs=1, train_prop=0.5, valid_prop=0.25, protocol='semi', rand_split=False, rand_split_class=False, label_num_per_class=20, valid_num=500, test_num=500, directed=False, method='sgformer', hidden_channels=64, num_layers=2, num_heads=1, alpha=0.5, use_bn=False, use_residual=False, use_graph=False, use_weight=False, use_init=False, use_act=False, attention='gcn', lr=0.01, weight_decay=0.0005, dropout=0.5, display_step=1, no_feat_norm=False, patience=200, graph_weight=0.8, ours_weight_decay=0.0005, ours_use_weight=False, ours_use_residual=False, ours_use_act=False, backbone='gcn', ours_layers=2, ours_dropout=0.5, aggregate='add', hops=1, gat_heads=8, out_heads=1, lamda=0.1, num_elayers=2, encoder_emdim=768, num_partitions=10, num_reps=4, partition_method='metis', no_pse=False, local_only=False, global_only=False)
squirrel
features shape=torch.Size([2223, 2089])
num nodes 2223 | num classes 5 | num node feats 2089
Epoch: 00, Loss: 1.5956, Train: 32.95%, Valid: 35.10%, Test: 34.73%
Epoch: 01, Loss: 1.5880, Train: 32.95%, Valid: 35.10%, Test: 34.73%
Epoch: 02, Loss: 1.5776, Train: 32.95%, Valid: 35.10%, Test: 34.73%
Epoch: 03, Loss: 1.5707, Train: 32.95%, Valid: 35.10%, Test: 34.73%
Epoch: 04, Loss: 1.5602, Train: 32.95%, Valid: 35.10%, Test: 34.73%
Epoch: 05, Loss: 1.5515, Train: 32.95%, Valid: 35.10%, Test: 34.73%
Epoch: 06, Loss: 1.5403, Train: 32.95%, Valid: 35.10%, Test: 34.73%
Epoch: 07, Loss: 1.5343, Train: 32.95%, Valid: 35.10%, Test: 34.73%
Epoch: 08, Loss: 1.5256, Train: 32.95%, Valid: 35.10%, Test: 34.73%
Epoch: 09, Loss: 1.5308, Train: 32.95%, Valid: 35.10%, Test: 34.73%
Epoch: 10, Loss: 1.5150, Train: 32.95%, Valid: 35.10%, Test: 34.73%
Epoch: 11, Loss: 1.5117, Train: 32.95%, Valid: 35.10%, Test: 34.73%
Epoch: 12, Loss: 1.5205, Train: 32.95%, Valid: 35.10%, Test: 34.73%
Epoch: 13, Loss: 1.5174, Train: 32.95%, Valid: 35.10%, Test: 34.73%
Epoch: 14, Loss: 1.5049, Train: 32.95%, Valid: 35.10%, Test: 34.73%
Epoch: 15, Loss: 1.4989, Train: 32.95%, Valid: 35.10%, Test: 34.73%
Epoch: 16, Loss: 1.4896, Train: 32.95%, Valid: 35.10%, Test: 34.73%
Epoch: 17, Loss: 1.4875, Train: 32.95%, Valid: 35.10%, Test: 34.73%
Epoch: 18, Loss: 1.4818, Train: 32.95%, Valid: 35.10%, Test: 34.73%
Epoch: 19, Loss: 1.4674, Train: 33.14%, Valid: 35.10%, Test: 34.73%
Epoch: 20, Loss: 1.4636, Train: 33.33%, Valid: 35.10%, Test: 34.73%
Epoch: 21, Loss: 1.4691, Train: 33.71%, Valid: 34.96%, Test: 34.73%
Epoch: 22, Loss: 1.4578, Train: 34.09%, Valid: 34.96%, Test: 34.96%
Epoch: 23, Loss: 1.4496, Train: 34.57%, Valid: 34.96%, Test: 34.96%
Epoch: 24, Loss: 1.4448, Train: 34.85%, Valid: 35.24%, Test: 34.96%
Epoch: 25, Loss: 1.4351, Train: 35.23%, Valid: 34.96%, Test: 34.96%
Epoch: 26, Loss: 1.4342, Train: 35.33%, Valid: 34.82%, Test: 34.29%
Epoch: 27, Loss: 1.4251, Train: 35.61%, Valid: 34.82%, Test: 34.07%
Epoch: 28, Loss: 1.4268, Train: 36.75%, Valid: 34.82%, Test: 34.07%
Epoch: 29, Loss: 1.4097, Train: 37.51%, Valid: 34.54%, Test: 34.07%
Epoch: 30, Loss: 1.4134, Train: 37.89%, Valid: 34.26%, Test: 33.63%
Epoch: 31, Loss: 1.3989, Train: 38.94%, Valid: 34.26%, Test: 33.85%
Epoch: 32, Loss: 1.3898, Train: 39.41%, Valid: 33.84%, Test: 34.07%
Epoch: 33, Loss: 1.3722, Train: 40.08%, Valid: 33.98%, Test: 33.19%
Epoch: 34, Loss: 1.3718, Train: 40.93%, Valid: 33.70%, Test: 33.63%
Epoch: 35, Loss: 1.3770, Train: 41.88%, Valid: 33.57%, Test: 33.63%
Epoch: 36, Loss: 1.3677, Train: 42.92%, Valid: 32.59%, Test: 33.19%
Epoch: 37, Loss: 1.3419, Train: 43.97%, Valid: 33.01%, Test: 32.30%
Epoch: 38, Loss: 1.3514, Train: 44.54%, Valid: 32.03%, Test: 31.86%
Epoch: 39, Loss: 1.3335, Train: 45.87%, Valid: 31.75%, Test: 31.64%
Epoch: 40, Loss: 1.3420, Train: 46.72%, Valid: 32.31%, Test: 30.97%
Epoch: 41, Loss: 1.3240, Train: 47.67%, Valid: 31.89%, Test: 30.97%
Epoch: 42, Loss: 1.3274, Train: 48.53%, Valid: 31.75%, Test: 30.97%
Epoch: 43, Loss: 1.3244, Train: 49.86%, Valid: 31.75%, Test: 30.75%
Epoch: 44, Loss: 1.3088, Train: 50.43%, Valid: 31.89%, Test: 30.53%
Epoch: 45, Loss: 1.3112, Train: 51.00%, Valid: 31.62%, Test: 30.31%
Epoch: 46, Loss: 1.2911, Train: 51.47%, Valid: 31.48%, Test: 30.31%
Epoch: 47, Loss: 1.2926, Train: 52.04%, Valid: 31.75%, Test: 30.31%
Epoch: 48, Loss: 1.2806, Train: 52.33%, Valid: 31.75%, Test: 30.53%
Epoch: 49, Loss: 1.2764, Train: 52.52%, Valid: 31.62%, Test: 30.09%
Epoch: 50, Loss: 1.2595, Train: 53.18%, Valid: 31.62%, Test: 29.87%
Epoch: 51, Loss: 1.2572, Train: 53.85%, Valid: 31.34%, Test: 30.09%
Epoch: 52, Loss: 1.2458, Train: 54.70%, Valid: 31.62%, Test: 30.31%
Epoch: 53, Loss: 1.2449, Train: 56.32%, Valid: 31.20%, Test: 30.31%
Epoch: 54, Loss: 1.2421, Train: 57.26%, Valid: 30.36%, Test: 30.31%
Epoch: 55, Loss: 1.2332, Train: 58.50%, Valid: 30.50%, Test: 30.75%
Epoch: 56, Loss: 1.2507, Train: 58.78%, Valid: 30.50%, Test: 30.97%
Epoch: 57, Loss: 1.2288, Train: 59.45%, Valid: 30.92%, Test: 30.75%
Epoch: 58, Loss: 1.2182, Train: 59.64%, Valid: 30.78%, Test: 30.97%
Epoch: 59, Loss: 1.2252, Train: 59.73%, Valid: 30.78%, Test: 30.31%
Epoch: 60, Loss: 1.2010, Train: 60.59%, Valid: 30.36%, Test: 30.09%
Epoch: 61, Loss: 1.1885, Train: 62.20%, Valid: 29.94%, Test: 29.65%
Epoch: 62, Loss: 1.1959, Train: 63.15%, Valid: 29.53%, Test: 29.42%
Epoch: 63, Loss: 1.1782, Train: 64.58%, Valid: 29.81%, Test: 28.54%
Epoch: 64, Loss: 1.1843, Train: 65.91%, Valid: 30.08%, Test: 28.76%
Epoch: 65, Loss: 1.1738, Train: 66.29%, Valid: 29.39%, Test: 28.32%
Epoch: 66, Loss: 1.1818, Train: 66.19%, Valid: 30.08%, Test: 28.32%
Epoch: 67, Loss: 1.1658, Train: 65.81%, Valid: 29.81%, Test: 28.32%
Epoch: 68, Loss: 1.1608, Train: 65.91%, Valid: 29.25%, Test: 28.98%
Epoch: 69, Loss: 1.1402, Train: 66.48%, Valid: 29.39%, Test: 29.20%
Epoch: 70, Loss: 1.1680, Train: 67.14%, Valid: 28.97%, Test: 29.20%
Epoch: 71, Loss: 1.1539, Train: 68.57%, Valid: 28.55%, Test: 29.20%
Epoch: 72, Loss: 1.1302, Train: 69.90%, Valid: 28.69%, Test: 29.20%
Epoch: 73, Loss: 1.1393, Train: 71.70%, Valid: 28.41%, Test: 29.65%
Epoch: 74, Loss: 1.1369, Train: 72.36%, Valid: 28.69%, Test: 29.42%
Epoch: 75, Loss: 1.1292, Train: 72.55%, Valid: 28.41%, Test: 29.65%
Epoch: 76, Loss: 1.1317, Train: 72.55%, Valid: 28.41%, Test: 29.65%
Epoch: 77, Loss: 1.1153, Train: 73.03%, Valid: 28.27%, Test: 29.65%
Epoch: 78, Loss: 1.1343, Train: 73.69%, Valid: 28.55%, Test: 29.65%
Epoch: 79, Loss: 1.1002, Train: 74.45%, Valid: 28.83%, Test: 29.42%
Epoch: 80, Loss: 1.1046, Train: 74.64%, Valid: 28.97%, Test: 28.76%
Epoch: 81, Loss: 1.1109, Train: 74.83%, Valid: 27.58%, Test: 28.54%
Epoch: 82, Loss: 1.0996, Train: 75.02%, Valid: 27.44%, Test: 28.10%
Epoch: 83, Loss: 1.0935, Train: 75.12%, Valid: 27.16%, Test: 28.54%
Epoch: 84, Loss: 1.0844, Train: 75.02%, Valid: 26.88%, Test: 28.76%
Epoch: 85, Loss: 1.1023, Train: 75.97%, Valid: 27.16%, Test: 28.54%
Epoch: 86, Loss: 1.0962, Train: 77.30%, Valid: 27.02%, Test: 28.76%
Epoch: 87, Loss: 1.0884, Train: 77.97%, Valid: 27.30%, Test: 29.87%
Epoch: 88, Loss: 1.0775, Train: 78.06%, Valid: 28.27%, Test: 29.65%
Epoch: 89, Loss: 1.0692, Train: 77.78%, Valid: 28.27%, Test: 29.42%
Epoch: 90, Loss: 1.0770, Train: 77.78%, Valid: 27.86%, Test: 28.54%
Epoch: 91, Loss: 1.0579, Train: 77.49%, Valid: 28.27%, Test: 28.32%
Epoch: 92, Loss: 1.0250, Train: 77.40%, Valid: 28.83%, Test: 29.20%
Epoch: 93, Loss: 1.0501, Train: 77.40%, Valid: 28.83%, Test: 28.76%
Epoch: 94, Loss: 1.0672, Train: 78.73%, Valid: 27.30%, Test: 28.76%
Epoch: 95, Loss: 1.0619, Train: 79.77%, Valid: 27.58%, Test: 28.54%
Epoch: 96, Loss: 1.0572, Train: 80.53%, Valid: 27.58%, Test: 27.43%
Epoch: 97, Loss: 1.0472, Train: 80.63%, Valid: 27.72%, Test: 27.43%
Epoch: 98, Loss: 1.0486, Train: 81.10%, Valid: 27.99%, Test: 28.32%
Epoch: 99, Loss: 1.0409, Train: 80.82%, Valid: 27.30%, Test: 28.76%
Epoch: 100, Loss: 1.0580, Train: 80.44%, Valid: 27.16%, Test: 29.87%
Epoch: 101, Loss: 1.0210, Train: 80.06%, Valid: 27.30%, Test: 29.87%
Epoch: 102, Loss: 1.0322, Train: 79.39%, Valid: 27.72%, Test: 29.87%
Epoch: 103, Loss: 1.0256, Train: 80.15%, Valid: 27.72%, Test: 30.09%
Epoch: 104, Loss: 1.0264, Train: 81.29%, Valid: 27.72%, Test: 29.65%
Epoch: 105, Loss: 1.0248, Train: 81.86%, Valid: 27.86%, Test: 28.32%
Epoch: 106, Loss: 1.0104, Train: 82.72%, Valid: 27.99%, Test: 28.54%
Epoch: 107, Loss: 1.0267, Train: 82.81%, Valid: 28.13%, Test: 28.10%
Epoch: 108, Loss: 1.0156, Train: 82.43%, Valid: 27.99%, Test: 27.65%
Epoch: 109, Loss: 1.0123, Train: 81.67%, Valid: 27.86%, Test: 28.10%
Epoch: 110, Loss: 1.0029, Train: 81.48%, Valid: 27.99%, Test: 28.10%
Epoch: 111, Loss: 0.9868, Train: 81.39%, Valid: 27.58%, Test: 28.32%
Epoch: 112, Loss: 1.0008, Train: 81.77%, Valid: 27.58%, Test: 28.10%
Epoch: 113, Loss: 1.0151, Train: 82.05%, Valid: 27.72%, Test: 28.10%
Epoch: 114, Loss: 0.9707, Train: 82.62%, Valid: 28.27%, Test: 27.65%
Epoch: 115, Loss: 1.0018, Train: 83.19%, Valid: 28.55%, Test: 27.65%
Epoch: 116, Loss: 0.9701, Train: 83.67%, Valid: 28.41%, Test: 27.65%
Epoch: 117, Loss: 1.0169, Train: 83.86%, Valid: 28.13%, Test: 27.88%
Epoch: 118, Loss: 0.9880, Train: 83.95%, Valid: 27.72%, Test: 27.65%
Epoch: 119, Loss: 0.9996, Train: 83.67%, Valid: 27.16%, Test: 28.54%
Epoch: 120, Loss: 0.9741, Train: 83.57%, Valid: 27.16%, Test: 28.54%
Epoch: 121, Loss: 0.9819, Train: 83.86%, Valid: 27.72%, Test: 28.32%
Epoch: 122, Loss: 0.9602, Train: 83.95%, Valid: 27.99%, Test: 27.65%
Epoch: 123, Loss: 0.9577, Train: 84.14%, Valid: 28.13%, Test: 27.65%
Epoch: 124, Loss: 0.9908, Train: 84.52%, Valid: 28.13%, Test: 27.21%
Epoch: 125, Loss: 0.9746, Train: 85.00%, Valid: 27.58%, Test: 27.43%
Epoch: 126, Loss: 0.9511, Train: 85.00%, Valid: 27.44%, Test: 27.65%
Epoch: 127, Loss: 0.9626, Train: 85.09%, Valid: 27.44%, Test: 27.21%
Epoch: 128, Loss: 0.9532, Train: 84.90%, Valid: 27.58%, Test: 27.21%
Epoch: 129, Loss: 0.9800, Train: 84.71%, Valid: 27.72%, Test: 26.99%
Epoch: 130, Loss: 0.9290, Train: 84.81%, Valid: 27.58%, Test: 26.99%
Epoch: 131, Loss: 0.9584, Train: 85.66%, Valid: 27.30%, Test: 26.99%
Epoch: 132, Loss: 0.9579, Train: 85.75%, Valid: 27.30%, Test: 27.43%
Epoch: 133, Loss: 0.9504, Train: 85.94%, Valid: 27.30%, Test: 27.65%
Epoch: 134, Loss: 0.9496, Train: 86.32%, Valid: 27.44%, Test: 27.65%
Epoch: 135, Loss: 0.9508, Train: 86.13%, Valid: 27.30%, Test: 27.65%
Epoch: 136, Loss: 0.9462, Train: 85.85%, Valid: 27.30%, Test: 28.54%
Epoch: 137, Loss: 0.9316, Train: 85.85%, Valid: 27.02%, Test: 27.88%
Epoch: 138, Loss: 0.9384, Train: 86.04%, Valid: 27.44%, Test: 27.43%
Epoch: 139, Loss: 0.9346, Train: 86.51%, Valid: 27.44%, Test: 27.43%
Epoch: 140, Loss: 0.9490, Train: 86.80%, Valid: 27.58%, Test: 27.21%
Epoch: 141, Loss: 0.9436, Train: 87.56%, Valid: 27.30%, Test: 26.77%
Epoch: 142, Loss: 0.9172, Train: 87.08%, Valid: 27.30%, Test: 26.77%
Epoch: 143, Loss: 0.9367, Train: 87.08%, Valid: 27.30%, Test: 26.77%
Epoch: 144, Loss: 0.9336, Train: 86.99%, Valid: 27.44%, Test: 26.77%
Epoch: 145, Loss: 0.9138, Train: 87.18%, Valid: 27.44%, Test: 26.99%
Epoch: 146, Loss: 0.9176, Train: 87.08%, Valid: 27.58%, Test: 26.99%
Epoch: 147, Loss: 0.9063, Train: 87.18%, Valid: 26.88%, Test: 26.77%
Epoch: 148, Loss: 0.9248, Train: 87.56%, Valid: 26.88%, Test: 26.77%
Epoch: 149, Loss: 0.9244, Train: 88.41%, Valid: 27.44%, Test: 27.21%
Epoch: 150, Loss: 0.9227, Train: 89.36%, Valid: 27.02%, Test: 27.43%
Epoch: 151, Loss: 0.9160, Train: 89.17%, Valid: 27.16%, Test: 26.77%
Epoch: 152, Loss: 0.9080, Train: 88.98%, Valid: 27.02%, Test: 26.77%
Epoch: 153, Loss: 0.9106, Train: 88.70%, Valid: 27.44%, Test: 26.33%
Epoch: 154, Loss: 0.8977, Train: 88.51%, Valid: 27.86%, Test: 26.11%
Epoch: 155, Loss: 0.9101, Train: 88.70%, Valid: 27.44%, Test: 26.33%
Epoch: 156, Loss: 0.9057, Train: 89.65%, Valid: 27.72%, Test: 26.99%
Epoch: 157, Loss: 0.8888, Train: 90.31%, Valid: 27.44%, Test: 26.99%
Epoch: 158, Loss: 0.8987, Train: 90.50%, Valid: 27.16%, Test: 27.21%
Epoch: 159, Loss: 0.9117, Train: 90.60%, Valid: 27.16%, Test: 27.88%
Epoch: 160, Loss: 0.9074, Train: 90.69%, Valid: 27.44%, Test: 27.43%
Epoch: 161, Loss: 0.9090, Train: 90.69%, Valid: 27.44%, Test: 27.43%
Epoch: 162, Loss: 0.9130, Train: 90.60%, Valid: 27.44%, Test: 27.21%
Epoch: 163, Loss: 0.8957, Train: 90.60%, Valid: 27.30%, Test: 27.21%
Epoch: 164, Loss: 0.9068, Train: 90.79%, Valid: 27.44%, Test: 26.77%
Epoch: 165, Loss: 0.8853, Train: 90.79%, Valid: 27.58%, Test: 26.11%
Epoch: 166, Loss: 0.8722, Train: 90.79%, Valid: 27.72%, Test: 26.33%
Epoch: 167, Loss: 0.8864, Train: 90.79%, Valid: 27.86%, Test: 26.55%
Epoch: 168, Loss: 0.8905, Train: 90.88%, Valid: 27.58%, Test: 26.99%
Epoch: 169, Loss: 0.8706, Train: 90.69%, Valid: 27.99%, Test: 26.99%
Epoch: 170, Loss: 0.8824, Train: 90.69%, Valid: 27.72%, Test: 27.43%
Epoch: 171, Loss: 0.8959, Train: 90.98%, Valid: 27.99%, Test: 27.43%
Epoch: 172, Loss: 0.8664, Train: 91.07%, Valid: 27.86%, Test: 27.43%
Epoch: 173, Loss: 0.8662, Train: 90.88%, Valid: 28.13%, Test: 27.43%
Epoch: 174, Loss: 0.8771, Train: 91.17%, Valid: 27.86%, Test: 27.21%
Epoch: 175, Loss: 0.8750, Train: 91.26%, Valid: 27.86%, Test: 27.43%
Epoch: 176, Loss: 0.8734, Train: 91.55%, Valid: 27.72%, Test: 27.43%
Epoch: 177, Loss: 0.8854, Train: 91.36%, Valid: 27.58%, Test: 28.10%
Epoch: 178, Loss: 0.8537, Train: 91.36%, Valid: 27.99%, Test: 28.10%
Epoch: 179, Loss: 0.8860, Train: 91.26%, Valid: 27.86%, Test: 28.10%
Epoch: 180, Loss: 0.8747, Train: 91.07%, Valid: 27.72%, Test: 27.88%
Epoch: 181, Loss: 0.8598, Train: 91.36%, Valid: 27.58%, Test: 27.65%
Epoch: 182, Loss: 0.8723, Train: 92.12%, Valid: 27.72%, Test: 27.88%
Epoch: 183, Loss: 0.8516, Train: 92.40%, Valid: 28.13%, Test: 28.10%
Epoch: 184, Loss: 0.8502, Train: 92.40%, Valid: 27.99%, Test: 28.10%
Epoch: 185, Loss: 0.8519, Train: 92.59%, Valid: 27.99%, Test: 28.10%
Epoch: 186, Loss: 0.8345, Train: 92.40%, Valid: 27.58%, Test: 27.88%
Epoch: 187, Loss: 0.8742, Train: 92.50%, Valid: 28.13%, Test: 27.65%
Epoch: 188, Loss: 0.8548, Train: 92.40%, Valid: 27.72%, Test: 27.88%
Epoch: 189, Loss: 0.8394, Train: 92.31%, Valid: 27.72%, Test: 27.88%
Epoch: 190, Loss: 0.8624, Train: 92.40%, Valid: 27.44%, Test: 27.65%
Epoch: 191, Loss: 0.8648, Train: 92.78%, Valid: 27.99%, Test: 27.65%
Epoch: 192, Loss: 0.8556, Train: 93.83%, Valid: 28.13%, Test: 27.65%
Epoch: 193, Loss: 0.8432, Train: 94.30%, Valid: 28.55%, Test: 27.88%
Epoch: 194, Loss: 0.8560, Train: 93.92%, Valid: 28.27%, Test: 27.43%
Epoch: 195, Loss: 0.8337, Train: 92.97%, Valid: 28.13%, Test: 27.21%
Epoch: 196, Loss: 0.8605, Train: 92.78%, Valid: 28.13%, Test: 27.21%
Epoch: 197, Loss: 0.8474, Train: 92.50%, Valid: 27.58%, Test: 27.21%
Epoch: 198, Loss: 0.8237, Train: 92.78%, Valid: 27.72%, Test: 27.65%
Epoch: 199, Loss: 0.8805, Train: 92.78%, Valid: 27.86%, Test: 27.65%
Epoch: 200, Loss: 0.8687, Train: 93.26%, Valid: 27.58%, Test: 27.88%
Epoch: 201, Loss: 0.8366, Train: 94.40%, Valid: 27.58%, Test: 27.88%
Epoch: 202, Loss: 0.8345, Train: 94.59%, Valid: 27.72%, Test: 27.88%
Epoch: 203, Loss: 0.8323, Train: 94.78%, Valid: 27.72%, Test: 27.65%
Epoch: 204, Loss: 0.8608, Train: 94.40%, Valid: 27.72%, Test: 27.88%
Epoch: 205, Loss: 0.8050, Train: 93.83%, Valid: 27.44%, Test: 27.43%
Epoch: 206, Loss: 0.8264, Train: 93.73%, Valid: 27.02%, Test: 27.21%
Epoch: 207, Loss: 0.8341, Train: 93.92%, Valid: 26.88%, Test: 27.88%
Epoch: 208, Loss: 0.8350, Train: 93.92%, Valid: 26.88%, Test: 28.10%
Epoch: 209, Loss: 0.8302, Train: 94.02%, Valid: 26.88%, Test: 28.32%
Epoch: 210, Loss: 0.8411, Train: 94.68%, Valid: 27.02%, Test: 28.54%
Epoch: 211, Loss: 0.8127, Train: 94.97%, Valid: 26.88%, Test: 28.10%
Epoch: 212, Loss: 0.8210, Train: 95.25%, Valid: 27.02%, Test: 27.88%
Epoch: 213, Loss: 0.8245, Train: 94.87%, Valid: 27.02%, Test: 27.21%
Epoch: 214, Loss: 0.8043, Train: 94.87%, Valid: 27.02%, Test: 26.99%
Epoch: 215, Loss: 0.8222, Train: 94.87%, Valid: 27.02%, Test: 27.43%
Epoch: 216, Loss: 0.8433, Train: 94.78%, Valid: 26.60%, Test: 26.55%
Epoch: 217, Loss: 0.8195, Train: 94.59%, Valid: 26.88%, Test: 26.33%
Epoch: 218, Loss: 0.8197, Train: 94.68%, Valid: 26.74%, Test: 27.21%
Epoch: 219, Loss: 0.8113, Train: 94.87%, Valid: 26.60%, Test: 27.21%
Epoch: 220, Loss: 0.8289, Train: 95.25%, Valid: 26.88%, Test: 27.43%
Epoch: 221, Loss: 0.8143, Train: 95.54%, Valid: 27.16%, Test: 27.88%
Epoch: 222, Loss: 0.8391, Train: 95.82%, Valid: 27.02%, Test: 27.43%
Epoch: 223, Loss: 0.8323, Train: 95.92%, Valid: 26.60%, Test: 27.21%
Run 01:Highest Train: 95.92 Highest Valid: 35.24 Highest Test: 34.96 Chosen epoch: 25
Final Train: 34.85 Final Test: 34.96
1 runs: Highest Train: 95.92 ± nan Highest val epoch:24
Highest Test: 34.96 ± nan Final Test: 34.96 ± nan
