[2026-03-25 05:09:24] === FIX: Chameleon ===
[2026-03-25 05:09:24] REMOVING broken log: ../logs/h100_round3/timing_chameleon_sgformer.log
[2026-03-25 05:09:24] START timing_chameleon_sgformer → ../logs/h100_round3/timing_chameleon_sgformer.log
Namespace(data_dir='../data', dataset='chameleon', device=0, seed=123, cpu=False, epochs=200, runs=3, train_prop=0.5, valid_prop=0.25, protocol='semi', rand_split=False, rand_split_class=False, label_num_per_class=20, valid_num=500, test_num=500, directed=False, method='sgformer', hidden_channels=64, num_layers=2, num_heads=1, alpha=0.5, use_bn=False, use_residual=False, use_graph=True, use_weight=False, use_init=False, use_act=False, attention='gcn', lr=0.001, weight_decay=0.001, dropout=0.6, display_step=50, no_feat_norm=False, patience=200, graph_weight=0.8, ours_weight_decay=0.001, ours_use_weight=False, ours_use_residual=True, ours_use_act=False, backbone='gcn', ours_layers=1, ours_dropout=0.6, aggregate='add', hops=1, gat_heads=8, out_heads=1, lamda=0.1, num_elayers=2, encoder_emdim=768, num_partitions=10, num_reps=4, partition_method='metis', no_pse=False, local_only=False, global_only=False)
chameleon
features shape=torch.Size([890, 2325])
num nodes 890 | num classes 5 | num node feats 2325
Epoch: 00, Loss: 1.6179, Train: 13.94%, Valid: 14.63%, Test: 18.04%
Epoch: 50, Loss: 1.5490, Train: 37.90%, Valid: 37.28%, Test: 30.93%
Epoch: 100, Loss: 1.3388, Train: 43.03%, Valid: 40.42%, Test: 34.54%
Epoch: 150, Loss: 1.1850, Train: 52.32%, Valid: 44.95%, Test: 43.81%
Run 01:Highest Train: 59.90 Highest Valid: 45.99 Highest Test: 47.94 Chosen epoch: 166
Final Train: 54.52 Final Test: 44.33
Epoch: 00, Loss: 1.6013, Train: 29.98%, Valid: 23.84%, Test: 26.09%
Epoch: 50, Loss: 1.2422, Train: 50.35%, Valid: 35.10%, Test: 38.51%
Epoch: 100, Loss: 1.0729, Train: 58.31%, Valid: 38.41%, Test: 40.37%
Epoch: 150, Loss: 0.9789, Train: 63.70%, Valid: 38.41%, Test: 42.24%
Run 02:Highest Train: 69.32 Highest Valid: 40.73 Highest Test: 44.72 Chosen epoch: 188
Final Train: 66.28 Final Test: 42.24
Epoch: 00, Loss: 1.6016, Train: 29.86%, Valid: 26.21%, Test: 22.47%
Epoch: 50, Loss: 1.2042, Train: 50.00%, Valid: 39.31%, Test: 32.02%
Epoch: 100, Loss: 1.0108, Train: 58.77%, Valid: 44.83%, Test: 37.08%
Epoch: 150, Loss: 0.9098, Train: 64.93%, Valid: 45.86%, Test: 38.76%
Run 03:Highest Train: 69.19 Highest Valid: 47.59 Highest Test: 42.70 Chosen epoch: 187
Final Train: 67.54 Final Test: 42.70
3 runs: Highest Train: 66.14 ± 5.40 Highest val epoch:186
Highest Test: 45.12 ± 2.64 Final Test: 43.09 ± 1.10
[2026-03-25 05:09:32] DONE  timing_chameleon_sgformer
[2026-03-25 05:09:32] REMOVING broken log: ../logs/h100_round3/timing_chameleon_pcgt.log
[2026-03-25 05:09:32] START timing_chameleon_pcgt → ../logs/h100_round3/timing_chameleon_pcgt.log
Namespace(data_dir='../data', dataset='chameleon', device=0, seed=123, cpu=False, epochs=500, runs=3, train_prop=0.5, valid_prop=0.25, protocol='semi', rand_split=False, rand_split_class=False, label_num_per_class=20, valid_num=500, test_num=500, directed=False, method='pcgt', hidden_channels=64, num_layers=2, num_heads=1, alpha=0.5, use_bn=False, use_residual=True, use_graph=True, use_weight=False, use_init=False, use_act=False, attention='gcn', lr=0.01, weight_decay=0.001, dropout=0.5, display_step=50, no_feat_norm=True, patience=200, graph_weight=0.8, ours_weight_decay=0.01, ours_use_weight=False, ours_use_residual=False, ours_use_act=False, backbone='gcn', ours_layers=1, ours_dropout=0.3, aggregate='add', hops=1, gat_heads=8, out_heads=1, lamda=0.1, num_elayers=2, encoder_emdim=768, num_partitions=10, num_reps=4, partition_method='metis', no_pse=False, local_only=False, global_only=False)
chameleon
features shape=torch.Size([890, 2325])
num nodes 890 | num classes 5 | num node feats 2325
Computing 10 partitions using metis...
Partitions: 10, Boundary nodes: 549/890 (61.7%)
Intra-partition edges: 13982/17708 (79.0%)
Epoch: 00, Loss: 1.6086, Train: 31.05%, Valid: 24.39%, Test: 28.87% [α=0.50,β=0.99]
Epoch: 50, Loss: 0.3329, Train: 92.42%, Valid: 41.81%, Test: 45.36% [α=0.50,β=1.50]
Epoch: 100, Loss: 0.2122, Train: 98.53%, Valid: 43.55%, Test: 44.33% [α=0.50,β=2.01]
Epoch: 150, Loss: 0.1433, Train: 99.76%, Valid: 44.95%, Test: 44.33% [α=0.50,β=2.37]
Epoch: 200, Loss: 0.1334, Train: 99.02%, Valid: 43.90%, Test: 43.30% [α=0.50,β=2.62]
Epoch: 250, Loss: 0.1026, Train: 99.76%, Valid: 45.99%, Test: 42.27% [α=0.50,β=2.82]
Epoch: 300, Loss: 0.0989, Train: 99.76%, Valid: 45.99%, Test: 41.75% [α=0.50,β=2.97]
Epoch: 350, Loss: 0.1034, Train: 99.51%, Valid: 48.78%, Test: 44.85% [α=0.50,β=3.09]
Epoch: 400, Loss: 0.0933, Train: 99.27%, Valid: 46.34%, Test: 42.27% [α=0.50,β=3.19]
Epoch: 450, Loss: 0.1128, Train: 99.76%, Valid: 46.34%, Test: 46.39% [α=0.50,β=3.26]
Run 01:Highest Train: 100.00 Highest Valid: 50.17 Highest Test: 50.52 Chosen epoch: 356
Final Train: 99.51 Final Test: 46.91
Epoch: 00, Loss: 1.5992, Train: 33.26%, Valid: 24.17%, Test: 27.33% [α=0.50,β=1.00]
Epoch: 50, Loss: 0.3921, Train: 92.04%, Valid: 39.07%, Test: 39.75% [α=0.50,β=1.62]
Epoch: 100, Loss: 0.1588, Train: 98.83%, Valid: 40.07%, Test: 45.96% [α=0.50,β=2.41]
Epoch: 150, Loss: 0.1116, Train: 99.77%, Valid: 37.75%, Test: 39.75% [α=0.50,β=2.76]
Epoch: 200, Loss: 0.1053, Train: 100.00%, Valid: 39.40%, Test: 41.61% [α=0.50,β=2.97]
Epoch: 250, Loss: 0.1015, Train: 99.77%, Valid: 39.40%, Test: 42.86% [α=0.50,β=3.11]
Run 02:Highest Train: 100.00 Highest Valid: 42.72 Highest Test: 47.20 Chosen epoch: 72
Final Train: 97.89 Final Test: 46.58
Epoch: 00, Loss: 1.5977, Train: 29.86%, Valid: 26.21%, Test: 22.47% [α=0.50,β=1.00]
Epoch: 50, Loss: 0.3279, Train: 94.08%, Valid: 45.86%, Test: 39.89% [α=0.51,β=1.60]
Epoch: 100, Loss: 0.1455, Train: 97.87%, Valid: 45.52%, Test: 41.01% [α=0.50,β=2.38]
Epoch: 150, Loss: 0.1472, Train: 99.76%, Valid: 46.90%, Test: 39.89% [α=0.50,β=2.71]
Epoch: 200, Loss: 0.1125, Train: 99.53%, Valid: 45.17%, Test: 39.89% [α=0.50,β=2.90]
Epoch: 250, Loss: 0.1114, Train: 99.76%, Valid: 46.55%, Test: 39.89% [α=0.50,β=3.02]
Run 03:Highest Train: 100.00 Highest Valid: 50.69 Highest Test: 44.38 Chosen epoch: 75
Final Train: 96.68 Final Test: 41.01
3 runs: Highest Train: 100.00 ± 0.00 Highest val epoch:74
Highest Test: 47.37 ± 3.07 Final Test: 44.83 ± 3.31
[2026-03-25 05:09:57] DONE  timing_chameleon_pcgt
[2026-03-25 05:09:57] === FIX: Squirrel ===
[2026-03-25 05:09:57] REMOVING broken log: ../logs/h100_round3/timing_squirrel_sgformer.log
[2026-03-25 05:09:57] START timing_squirrel_sgformer → ../logs/h100_round3/timing_squirrel_sgformer.log
Namespace(data_dir='../data', dataset='squirrel', device=0, seed=123, cpu=False, epochs=500, runs=3, train_prop=0.5, valid_prop=0.25, protocol='semi', rand_split=False, rand_split_class=False, label_num_per_class=20, valid_num=500, test_num=500, directed=False, method='sgformer', hidden_channels=64, num_layers=8, num_heads=1, alpha=0.5, use_bn=False, use_residual=False, use_graph=True, use_weight=False, use_init=False, use_act=False, attention='gcn', lr=0.001, weight_decay=0.0005, dropout=0.3, display_step=50, no_feat_norm=False, patience=200, graph_weight=0.8, ours_weight_decay=0.0005, ours_use_weight=False, ours_use_residual=True, ours_use_act=True, backbone='gcn', ours_layers=1, ours_dropout=0.3, aggregate='add', hops=1, gat_heads=8, out_heads=1, lamda=0.1, num_elayers=2, encoder_emdim=768, num_partitions=10, num_reps=4, partition_method='metis', no_pse=False, local_only=False, global_only=False)
squirrel
features shape=torch.Size([2223, 2089])
num nodes 2223 | num classes 5 | num node feats 2089
Epoch: 00, Loss: 1.6047, Train: 17.85%, Valid: 17.13%, Test: 19.03%
Epoch: 50, Loss: 1.5414, Train: 32.95%, Valid: 35.10%, Test: 34.73%
Epoch: 100, Loss: 1.4461, Train: 37.13%, Valid: 37.88%, Test: 35.62%
Epoch: 150, Loss: 1.3799, Train: 40.55%, Valid: 39.42%, Test: 36.73%
Epoch: 200, Loss: 1.3498, Train: 42.45%, Valid: 40.95%, Test: 37.83%
Epoch: 250, Loss: 1.3385, Train: 42.83%, Valid: 41.23%, Test: 39.82%
Epoch: 300, Loss: 1.3360, Train: 43.11%, Valid: 41.09%, Test: 38.94%
Epoch: 350, Loss: 1.3175, Train: 44.82%, Valid: 43.59%, Test: 39.82%
Epoch: 400, Loss: 1.3029, Train: 44.35%, Valid: 44.01%, Test: 41.81%
Epoch: 450, Loss: 1.2836, Train: 45.87%, Valid: 43.73%, Test: 41.37%
Run 01:Highest Train: 48.34 Highest Valid: 45.13 Highest Test: 42.70 Chosen epoch: 414
Final Train: 44.92 Final Test: 42.04
Epoch: 00, Loss: 1.5770, Train: 32.22%, Valid: 35.57%, Test: 35.89%
Epoch: 50, Loss: 1.3792, Train: 39.44%, Valid: 40.00%, Test: 39.28%
Epoch: 100, Loss: 1.3156, Train: 42.50%, Valid: 42.57%, Test: 41.31%
Epoch: 150, Loss: 1.2731, Train: 45.09%, Valid: 41.86%, Test: 38.37%
Epoch: 200, Loss: 1.2477, Train: 46.57%, Valid: 41.86%, Test: 39.05%
Epoch: 250, Loss: 1.1969, Train: 50.93%, Valid: 42.71%, Test: 39.73%
Epoch: 300, Loss: 1.1901, Train: 50.46%, Valid: 43.00%, Test: 40.63%
Epoch: 350, Loss: 1.2211, Train: 52.22%, Valid: 44.00%, Test: 39.95%
Run 02:Highest Train: 54.72 Highest Valid: 45.14 Highest Test: 43.79 Chosen epoch: 187
Final Train: 49.35 Final Test: 39.95
Epoch: 00, Loss: 1.5558, Train: 33.14%, Valid: 33.20%, Test: 37.33%
Epoch: 50, Loss: 1.3420, Train: 43.27%, Valid: 37.33%, Test: 41.78%
Epoch: 100, Loss: 1.2813, Train: 48.14%, Valid: 38.98%, Test: 44.89%
Epoch: 150, Loss: 1.2465, Train: 51.00%, Valid: 40.63%, Test: 44.22%
Epoch: 200, Loss: 1.1966, Train: 53.10%, Valid: 41.32%, Test: 42.89%
Epoch: 250, Loss: 1.1722, Train: 53.01%, Valid: 39.81%, Test: 43.33%
Epoch: 300, Loss: 1.1665, Train: 56.26%, Valid: 41.46%, Test: 42.67%
Epoch: 350, Loss: 1.1243, Train: 57.12%, Valid: 41.46%, Test: 42.00%
Epoch: 400, Loss: 1.1389, Train: 58.93%, Valid: 41.32%, Test: 40.89%
Epoch: 450, Loss: 1.1146, Train: 58.36%, Valid: 40.50%, Test: 42.00%
Run 03:Highest Train: 59.12 Highest Valid: 43.25 Highest Test: 46.22 Chosen epoch: 257
Final Train: 55.49 Final Test: 43.78
3 runs: Highest Train: 54.06 ± 5.42 Highest val epoch:256
Highest Test: 44.24 ± 1.80 Final Test: 41.92 ± 1.91
[2026-03-25 05:10:19] DONE  timing_squirrel_sgformer
[2026-03-25 05:10:19] REMOVING broken log: ../logs/h100_round3/timing_squirrel_pcgt.log
[2026-03-25 05:10:19] START timing_squirrel_pcgt → ../logs/h100_round3/timing_squirrel_pcgt.log
Namespace(data_dir='../data', dataset='squirrel', device=0, seed=123, cpu=False, epochs=500, runs=3, train_prop=0.5, valid_prop=0.25, protocol='semi', rand_split=False, rand_split_class=False, label_num_per_class=20, valid_num=500, test_num=500, directed=False, method='pcgt', hidden_channels=64, num_layers=4, num_heads=1, alpha=0.5, use_bn=False, use_residual=True, use_graph=True, use_weight=False, use_init=False, use_act=False, attention='gcn', lr=0.01, weight_decay=0.0005, dropout=0.5, display_step=50, no_feat_norm=True, patience=200, graph_weight=0.8, ours_weight_decay=0.01, ours_use_weight=False, ours_use_residual=False, ours_use_act=False, backbone='gcn', ours_layers=1, ours_dropout=0.3, aggregate='add', hops=1, gat_heads=8, out_heads=1, lamda=0.1, num_elayers=2, encoder_emdim=768, num_partitions=10, num_reps=4, partition_method='metis', no_pse=False, local_only=False, global_only=False)
squirrel
features shape=torch.Size([2223, 2089])
num nodes 2223 | num classes 5 | num node feats 2089
Computing 10 partitions using metis...
Partitions: 10, Boundary nodes: 1850/2223 (83.2%)
Intra-partition edges: 58952/93996 (62.7%)
Epoch: 00, Loss: 1.6277, Train: 18.90%, Valid: 11.56%, Test: 12.83% [α=0.50,β=0.99]
Epoch: 50, Loss: 0.8997, Train: 69.23%, Valid: 41.78%, Test: 45.80% [α=0.50,β=1.50]
Epoch: 100, Loss: 0.5646, Train: 86.99%, Valid: 40.25%, Test: 43.58% [α=0.50,β=2.12]
Epoch: 150, Loss: 0.3350, Train: 93.45%, Valid: 41.78%, Test: 44.25% [α=0.50,β=2.57]
Epoch: 200, Loss: 0.2952, Train: 96.68%, Valid: 42.34%, Test: 44.69% [α=0.50,β=2.90]
Epoch: 250, Loss: 0.2299, Train: 95.92%, Valid: 39.28%, Test: 40.93% [α=0.50,β=3.15]
Run 01:Highest Train: 98.39 Highest Valid: 45.54 Highest Test: 51.11 Chosen epoch: 71
Final Train: 82.72 Final Test: 51.11
Epoch: 00, Loss: 1.5936, Train: 32.22%, Valid: 35.57%, Test: 35.89% [α=0.50,β=1.00]
Epoch: 50, Loss: 1.2844, Train: 48.43%, Valid: 41.43%, Test: 37.92% [α=0.51,β=1.06]
Epoch: 100, Loss: 0.7836, Train: 81.94%, Valid: 40.57%, Test: 44.02% [α=0.50,β=1.59]
Epoch: 150, Loss: 0.4322, Train: 91.94%, Valid: 41.57%, Test: 44.92% [α=0.50,β=2.34]
Epoch: 200, Loss: 0.3091, Train: 96.94%, Valid: 38.14%, Test: 41.31% [α=0.49,β=2.81]
Epoch: 250, Loss: 0.2727, Train: 97.69%, Valid: 38.14%, Test: 42.89% [α=0.49,β=3.12]
Run 02:Highest Train: 98.24 Highest Valid: 44.57 Highest Test: 46.50 Chosen epoch: 83
Final Train: 70.09 Final Test: 43.57
Epoch: 00, Loss: 1.6160, Train: 24.93%, Valid: 22.31%, Test: 20.67% [α=0.50,β=1.00]
Epoch: 50, Loss: 1.3377, Train: 42.02%, Valid: 37.88%, Test: 42.89% [α=0.51,β=1.08]
Epoch: 100, Loss: 0.7895, Train: 81.18%, Valid: 42.70%, Test: 44.67% [α=0.50,β=1.64]
Epoch: 150, Loss: 0.4502, Train: 93.79%, Valid: 38.02%, Test: 39.56% [α=0.50,β=2.38]
Epoch: 200, Loss: 0.3237, Train: 95.32%, Valid: 38.57%, Test: 42.44% [α=0.50,β=2.84]
Epoch: 250, Loss: 0.2638, Train: 98.09%, Valid: 37.74%, Test: 40.89% [α=0.49,β=3.14]
Run 03:Highest Train: 98.28 Highest Valid: 43.53 Highest Test: 47.33 Chosen epoch: 96
Final Train: 79.37 Final Test: 44.00
3 runs: Highest Train: 98.30 ± 0.07 Highest val epoch:95
Highest Test: 48.31 ± 2.45 Final Test: 46.22 ± 4.23
[2026-03-25 05:10:42] DONE  timing_squirrel_pcgt
[2026-03-25 05:10:42] === FIX: Film ===
[2026-03-25 05:10:42] REMOVING broken log: ../logs/h100_round3/timing_film_sgformer.log
[2026-03-25 05:10:42] START timing_film_sgformer → ../logs/h100_round3/timing_film_sgformer.log
Namespace(data_dir='../data', dataset='film', device=0, seed=123, cpu=False, epochs=500, runs=3, train_prop=0.5, valid_prop=0.25, protocol='semi', rand_split=False, rand_split_class=False, label_num_per_class=20, valid_num=500, test_num=500, directed=False, method='sgformer', hidden_channels=64, num_layers=4, num_heads=1, alpha=0.5, use_bn=False, use_residual=True, use_graph=True, use_weight=False, use_init=False, use_act=False, attention='gcn', lr=0.01, weight_decay=0.0005, dropout=0.5, display_step=50, no_feat_norm=True, patience=200, graph_weight=0.8, ours_weight_decay=0.001, ours_use_weight=False, ours_use_residual=False, ours_use_act=False, backbone='gcn', ours_layers=1, ours_dropout=0.3, aggregate='add', hops=1, gat_heads=8, out_heads=1, lamda=0.1, num_elayers=2, encoder_emdim=768, num_partitions=10, num_reps=4, partition_method='metis', no_pse=False, local_only=False, global_only=False)
film
(7600, 932)
Num nodes: 7600
features shape=torch.Size([7600, 932])
num nodes 7600 | num classes 5 | num node feats 932
Epoch: 00, Loss: 1.6267, Train: 23.30%, Valid: 23.97%, Test: 25.07%
Epoch: 50, Loss: 1.5298, Train: 30.10%, Valid: 29.98%, Test: 29.61%
Epoch: 100, Loss: 1.4510, Train: 36.71%, Valid: 36.64%, Test: 33.88%
Epoch: 150, Loss: 1.4249, Train: 37.09%, Valid: 36.92%, Test: 34.47%
Epoch: 200, Loss: 1.4109, Train: 38.38%, Valid: 38.82%, Test: 35.66%
Epoch: 250, Loss: 1.4056, Train: 38.29%, Valid: 37.99%, Test: 35.00%
Epoch: 300, Loss: 1.3996, Train: 38.43%, Valid: 38.36%, Test: 35.66%
Epoch: 350, Loss: 1.4000, Train: 38.84%, Valid: 38.73%, Test: 35.66%
Epoch: 400, Loss: 1.3946, Train: 38.87%, Valid: 38.77%, Test: 35.13%
Epoch: 450, Loss: 1.3941, Train: 39.25%, Valid: 38.94%, Test: 35.79%
Run 01:Highest Train: 40.02 Highest Valid: 39.51 Highest Test: 37.37 Chosen epoch: 272
Final Train: 39.23 Final Test: 37.37
Epoch: 00, Loss: 1.6137, Train: 25.99%, Valid: 26.32%, Test: 24.80%
Epoch: 50, Loss: 1.4242, Train: 37.23%, Valid: 36.68%, Test: 34.74%
Epoch: 100, Loss: 1.4141, Train: 37.99%, Valid: 36.92%, Test: 35.13%
Epoch: 150, Loss: 1.4049, Train: 38.43%, Valid: 36.97%, Test: 35.66%
Epoch: 200, Loss: 1.4041, Train: 38.46%, Valid: 36.97%, Test: 34.93%
Run 02:Highest Train: 39.17 Highest Valid: 37.54 Highest Test: 36.18 Chosen epoch: 31
Final Train: 37.64 Final Test: 35.79
Epoch: 00, Loss: 1.6020, Train: 25.82%, Valid: 25.53%, Test: 26.45%
Epoch: 50, Loss: 1.4083, Train: 37.39%, Valid: 37.21%, Test: 37.04%
Epoch: 100, Loss: 1.4005, Train: 37.94%, Valid: 36.76%, Test: 37.17%
Epoch: 150, Loss: 1.3974, Train: 38.27%, Valid: 36.76%, Test: 37.30%
Epoch: 200, Loss: 1.4006, Train: 38.29%, Valid: 37.05%, Test: 36.97%
Run 03:Highest Train: 39.17 Highest Valid: 37.42 Highest Test: 37.63 Chosen epoch: 42
Final Train: 37.97 Final Test: 37.11
3 runs: Highest Train: 39.46 ± 0.49 Highest val epoch:41
Highest Test: 37.06 ± 0.77 Final Test: 36.75 ± 0.85
[2026-03-25 05:10:56] DONE  timing_film_sgformer
[2026-03-25 05:10:56] REMOVING broken log: ../logs/h100_round3/timing_film_pcgt.log
[2026-03-25 05:10:56] START timing_film_pcgt → ../logs/h100_round3/timing_film_pcgt.log
Namespace(data_dir='../data', dataset='film', device=0, seed=123, cpu=False, epochs=500, runs=3, train_prop=0.5, valid_prop=0.25, protocol='semi', rand_split=False, rand_split_class=False, label_num_per_class=20, valid_num=500, test_num=500, directed=False, method='pcgt', hidden_channels=64, num_layers=2, num_heads=1, alpha=0.5, use_bn=False, use_residual=True, use_graph=True, use_weight=False, use_init=False, use_act=False, attention='gcn', lr=0.05, weight_decay=0.0005, dropout=0.5, display_step=50, no_feat_norm=True, patience=200, graph_weight=0.5, ours_weight_decay=0.01, ours_use_weight=False, ours_use_residual=False, ours_use_act=False, backbone='gcn', ours_layers=1, ours_dropout=0.3, aggregate='add', hops=1, gat_heads=8, out_heads=1, lamda=0.1, num_elayers=2, encoder_emdim=768, num_partitions=5, num_reps=4, partition_method='metis', no_pse=False, local_only=False, global_only=False)
film
(7600, 932)
Num nodes: 7600
features shape=torch.Size([7600, 932])
num nodes 7600 | num classes 5 | num node feats 932
Computing 5 partitions using metis...
Partitions: 5, Boundary nodes: 4321/7600 (56.9%)
Intra-partition edges: 45286/60918 (74.3%)
Epoch: 00, Loss: 1.6034, Train: 23.30%, Valid: 23.97%, Test: 25.13% [α=0.49,β=0.95]
Epoch: 50, Loss: 1.4055, Train: 34.62%, Valid: 33.14%, Test: 32.30% [α=0.50,β=1.83]
Epoch: 100, Loss: 1.3619, Train: 39.28%, Valid: 35.49%, Test: 34.93% [α=0.49,β=2.02]
Epoch: 150, Loss: 1.3370, Train: 44.60%, Valid: 36.43%, Test: 35.92% [α=0.49,β=2.21]
Epoch: 200, Loss: 1.3479, Train: 43.45%, Valid: 37.71%, Test: 37.50% [α=0.50,β=2.02]
Epoch: 250, Loss: 1.3327, Train: 43.59%, Valid: 36.68%, Test: 36.51% [α=0.50,β=2.10]
Epoch: 300, Loss: 1.3244, Train: 46.13%, Valid: 37.34%, Test: 37.76% [α=0.50,β=2.23]
Epoch: 350, Loss: 1.3345, Train: 45.72%, Valid: 37.38%, Test: 36.91% [α=0.49,β=2.20]
Epoch: 400, Loss: 1.3107, Train: 43.06%, Valid: 36.18%, Test: 35.99% [α=0.49,β=2.40]
Epoch: 450, Loss: 1.2889, Train: 46.55%, Valid: 37.29%, Test: 37.30% [α=0.49,β=2.40]
Run 01:Highest Train: 48.30 Highest Valid: 38.77 Highest Test: 38.82 Chosen epoch: 313
Final Train: 47.07 Final Test: 36.05
Epoch: 00, Loss: 1.6314, Train: 18.06%, Valid: 19.65%, Test: 18.03% [α=0.50,β=0.97]
Epoch: 50, Loss: 1.5236, Train: 31.88%, Valid: 30.84%, Test: 29.47% [α=0.51,β=0.21]
Epoch: 100, Loss: 1.4959, Train: 32.48%, Valid: 31.91%, Test: 30.26% [α=0.51,β=0.50]
Epoch: 150, Loss: 1.3770, Train: 39.39%, Valid: 34.91%, Test: 34.54% [α=0.50,β=1.71]
Epoch: 200, Loss: 1.3612, Train: 43.34%, Valid: 34.87%, Test: 34.54% [α=0.50,β=1.88]
Epoch: 250, Loss: 1.3536, Train: 38.13%, Valid: 34.95%, Test: 33.49% [α=0.50,β=1.99]
Epoch: 300, Loss: 1.3296, Train: 45.81%, Valid: 36.97%, Test: 35.13% [α=0.50,β=2.07]
Epoch: 350, Loss: 1.3325, Train: 37.09%, Valid: 34.00%, Test: 32.63% [α=0.50,β=2.15]
Epoch: 400, Loss: 1.3473, Train: 46.11%, Valid: 37.25%, Test: 35.39% [α=0.51,β=2.02]
Epoch: 450, Loss: 1.3485, Train: 45.20%, Valid: 35.07%, Test: 35.39% [α=0.49,β=2.20]
Run 02:Highest Train: 47.72 Highest Valid: 38.86 Highest Test: 36.32 Chosen epoch: 410
Final Train: 45.97 Final Test: 35.46
Epoch: 00, Loss: 1.6080, Train: 23.99%, Valid: 23.27%, Test: 24.47% [α=0.50,β=1.00]
Epoch: 50, Loss: 1.5161, Train: 30.89%, Valid: 29.28%, Test: 28.75% [α=0.50,β=0.61]
Epoch: 100, Loss: 1.4160, Train: 37.97%, Valid: 34.54%, Test: 34.80% [α=0.50,β=1.73]
Epoch: 150, Loss: 1.3604, Train: 42.93%, Valid: 35.98%, Test: 35.39% [α=0.50,β=1.76]
Epoch: 200, Loss: 1.3336, Train: 40.10%, Valid: 34.25%, Test: 35.72% [α=0.50,β=1.94]
Epoch: 250, Loss: 1.3708, Train: 43.15%, Valid: 34.46%, Test: 34.80% [α=0.50,β=2.12]
Epoch: 300, Loss: 1.3836, Train: 41.64%, Valid: 35.73%, Test: 35.13% [α=0.50,β=1.85]
Epoch: 350, Loss: 1.3870, Train: 36.62%, Valid: 33.06%, Test: 32.89% [α=0.50,β=2.15]
Epoch: 400, Loss: 1.3569, Train: 35.69%, Valid: 32.24%, Test: 32.50% [α=0.50,β=1.96]
Epoch: 450, Loss: 1.3419, Train: 43.50%, Valid: 35.53%, Test: 36.64% [α=0.49,β=2.12]
Run 03:Highest Train: 47.01 Highest Valid: 38.45 Highest Test: 37.70 Chosen epoch: 388
Final Train: 47.01 Final Test: 36.45
3 runs: Highest Train: 47.68 ± 0.65 Highest val epoch:387
Highest Test: 37.61 ± 1.25 Final Test: 35.99 ± 0.50
[2026-03-25 05:11:22] DONE  timing_film_pcgt
[2026-03-25 05:11:22] === FIX: GCN Timing ===
[2026-03-25 05:11:22] REMOVING broken log: ../logs/h100_round3/timing_chameleon_gcn.log
[2026-03-25 05:11:22] START timing_chameleon_gcn → ../logs/h100_round3/timing_chameleon_gcn.log
Namespace(data_dir='../data', dataset='chameleon', device=0, seed=123, cpu=False, epochs=500, runs=3, train_prop=0.5, valid_prop=0.25, protocol='semi', rand_split=False, rand_split_class=False, label_num_per_class=20, valid_num=500, test_num=500, directed=False, method='gcn', hidden_channels=64, num_layers=2, num_heads=1, alpha=0.5, use_bn=False, use_residual=False, use_graph=False, use_weight=False, use_init=False, use_act=False, attention='gcn', lr=0.01, weight_decay=0.001, dropout=0.5, display_step=50, no_feat_norm=False, patience=200, graph_weight=0.8, ours_weight_decay=None, ours_use_weight=False, ours_use_residual=False, ours_use_act=False, backbone='gcn', ours_layers=2, ours_dropout=None, aggregate='add', hops=1, gat_heads=8, out_heads=1, lamda=0.1, num_elayers=2, encoder_emdim=768, num_partitions=10, num_reps=4, partition_method='metis', no_pse=False, local_only=False, global_only=False)
chameleon
features shape=torch.Size([890, 2325])
num nodes 890 | num classes 5 | num node feats 2325
Epoch: 00, Loss: 1.6099, Train: 36.43%, Valid: 33.80%, Test: 29.90%
Epoch: 50, Loss: 1.3085, Train: 49.63%, Valid: 40.77%, Test: 38.14%
Epoch: 100, Loss: 1.1970, Train: 57.95%, Valid: 44.60%, Test: 44.33%
Epoch: 150, Loss: 1.1469, Train: 60.15%, Valid: 46.34%, Test: 46.91%
Epoch: 200, Loss: 1.1131, Train: 61.86%, Valid: 47.74%, Test: 46.91%
Epoch: 250, Loss: 1.1106, Train: 62.84%, Valid: 47.04%, Test: 47.42%
Epoch: 300, Loss: 1.0943, Train: 60.64%, Valid: 46.69%, Test: 47.94%
Epoch: 350, Loss: 1.0915, Train: 61.37%, Valid: 45.30%, Test: 45.36%
Epoch: 400, Loss: 1.0861, Train: 62.59%, Valid: 45.99%, Test: 49.48%
Epoch: 450, Loss: 1.0898, Train: 62.84%, Valid: 45.99%, Test: 45.36%
Run 01:Highest Train: 64.79 Highest Valid: 49.48 Highest Test: 51.55 Chosen epoch: 348
Final Train: 63.08 Final Test: 50.52
Epoch: 00, Loss: 1.6099, Train: 25.76%, Valid: 24.50%, Test: 24.22%
Epoch: 50, Loss: 1.1743, Train: 56.67%, Valid: 37.75%, Test: 42.86%
Epoch: 100, Loss: 1.0734, Train: 63.00%, Valid: 36.09%, Test: 44.10%
Epoch: 150, Loss: 1.0334, Train: 65.34%, Valid: 36.09%, Test: 42.24%
Epoch: 200, Loss: 1.0369, Train: 65.11%, Valid: 36.09%, Test: 41.61%
Epoch: 250, Loss: 1.0265, Train: 64.64%, Valid: 35.43%, Test: 40.99%
Run 02:Highest Train: 67.92 Highest Valid: 39.40 Highest Test: 45.96 Chosen epoch: 68
Final Train: 60.89 Final Test: 40.99
Epoch: 00, Loss: 1.6096, Train: 30.09%, Valid: 26.55%, Test: 22.47%
Epoch: 50, Loss: 1.2287, Train: 54.03%, Valid: 43.10%, Test: 35.96%
Epoch: 100, Loss: 1.1085, Train: 59.24%, Valid: 45.17%, Test: 37.64%
Epoch: 150, Loss: 1.0760, Train: 62.32%, Valid: 44.83%, Test: 40.45%
Epoch: 200, Loss: 1.0721, Train: 61.61%, Valid: 42.41%, Test: 39.89%
Run 03:Highest Train: 63.74 Highest Valid: 46.55 Highest Test: 42.70 Chosen epoch: 32
Final Train: 51.42 Final Test: 33.71
3 runs: Highest Train: 65.48 ± 2.17 Highest val epoch:31
Highest Test: 46.74 ± 4.48 Final Test: 41.74 ± 8.43
[2026-03-25 05:11:30] DONE  timing_chameleon_gcn
[2026-03-25 05:11:30] REMOVING broken log: ../logs/h100_round3/timing_squirrel_gcn.log
[2026-03-25 05:11:30] START timing_squirrel_gcn → ../logs/h100_round3/timing_squirrel_gcn.log
Namespace(data_dir='../data', dataset='squirrel', device=0, seed=123, cpu=False, epochs=500, runs=3, train_prop=0.5, valid_prop=0.25, protocol='semi', rand_split=False, rand_split_class=False, label_num_per_class=20, valid_num=500, test_num=500, directed=False, method='gcn', hidden_channels=64, num_layers=4, num_heads=1, alpha=0.5, use_bn=False, use_residual=False, use_graph=False, use_weight=False, use_init=False, use_act=False, attention='gcn', lr=0.01, weight_decay=0.0005, dropout=0.5, display_step=50, no_feat_norm=False, patience=200, graph_weight=0.8, ours_weight_decay=None, ours_use_weight=False, ours_use_residual=False, ours_use_act=False, backbone='gcn', ours_layers=2, ours_dropout=None, aggregate='add', hops=1, gat_heads=8, out_heads=1, lamda=0.1, num_elayers=2, encoder_emdim=768, num_partitions=10, num_reps=4, partition_method='metis', no_pse=False, local_only=False, global_only=False)
squirrel
features shape=torch.Size([2223, 2089])
num nodes 2223 | num classes 5 | num node feats 2089
Epoch: 00, Loss: 1.6094, Train: 32.95%, Valid: 35.10%, Test: 34.73%
Epoch: 50, Loss: 1.5093, Train: 34.66%, Valid: 35.79%, Test: 36.28%
Epoch: 100, Loss: 1.4090, Train: 40.08%, Valid: 34.96%, Test: 39.16%
Epoch: 150, Loss: 1.3241, Train: 41.88%, Valid: 36.49%, Test: 41.59%
Epoch: 200, Loss: 1.2938, Train: 40.93%, Valid: 36.21%, Test: 40.49%
Epoch: 250, Loss: 1.2644, Train: 47.48%, Valid: 39.00%, Test: 39.60%
Epoch: 300, Loss: 1.2519, Train: 48.15%, Valid: 40.25%, Test: 40.04%
Epoch: 350, Loss: 1.4204, Train: 44.06%, Valid: 35.52%, Test: 36.50%
Epoch: 400, Loss: 1.2161, Train: 49.48%, Valid: 39.69%, Test: 41.37%
Epoch: 450, Loss: 1.1988, Train: 50.90%, Valid: 39.42%, Test: 40.93%
Run 01:Highest Train: 52.23 Highest Valid: 42.06 Highest Test: 43.36 Chosen epoch: 483
Final Train: 49.95 Final Test: 40.93
Epoch: 00, Loss: 1.6095, Train: 21.48%, Valid: 21.43%, Test: 23.02%
Epoch: 50, Loss: 1.4980, Train: 37.41%, Valid: 37.71%, Test: 35.44%
Epoch: 100, Loss: 1.3772, Train: 41.76%, Valid: 39.14%, Test: 40.18%
Epoch: 150, Loss: 1.3158, Train: 44.54%, Valid: 41.29%, Test: 39.28%
Epoch: 200, Loss: 1.2534, Train: 47.41%, Valid: 39.86%, Test: 38.60%
Epoch: 250, Loss: 1.2372, Train: 48.43%, Valid: 41.14%, Test: 39.50%
Epoch: 300, Loss: 1.2299, Train: 48.80%, Valid: 39.86%, Test: 40.18%
Epoch: 350, Loss: 1.2020, Train: 47.78%, Valid: 40.57%, Test: 40.63%
Epoch: 400, Loss: 1.1953, Train: 49.35%, Valid: 41.00%, Test: 40.41%
Epoch: 450, Loss: 1.1728, Train: 46.30%, Valid: 39.71%, Test: 40.18%
Run 02:Highest Train: 52.22 Highest Valid: 42.43 Highest Test: 41.99 Chosen epoch: 321
Final Train: 47.78 Final Test: 40.18
Epoch: 00, Loss: 1.6095, Train: 33.14%, Valid: 33.20%, Test: 37.33%
Epoch: 50, Loss: 1.4293, Train: 40.02%, Valid: 35.54%, Test: 31.33%
Epoch: 100, Loss: 1.3507, Train: 43.46%, Valid: 36.64%, Test: 37.33%
Epoch: 150, Loss: 1.3163, Train: 46.80%, Valid: 38.15%, Test: 37.33%
Epoch: 200, Loss: 1.2963, Train: 44.70%, Valid: 37.88%, Test: 41.78%
Epoch: 250, Loss: 1.2542, Train: 49.38%, Valid: 40.22%, Test: 36.00%
Epoch: 300, Loss: 1.2365, Train: 49.47%, Valid: 39.26%, Test: 40.44%
Epoch: 350, Loss: 1.1983, Train: 50.24%, Valid: 40.50%, Test: 38.00%
Epoch: 400, Loss: 1.1836, Train: 51.00%, Valid: 39.53%, Test: 37.78%
Run 03:Highest Train: 52.34 Highest Valid: 40.91 Highest Test: 42.44 Chosen epoch: 234
Final Train: 48.62 Final Test: 37.78
3 runs: Highest Train: 52.26 ± 0.07 Highest val epoch:233
Highest Test: 42.60 ± 0.70 Final Test: 39.63 ± 1.65
[2026-03-25 05:11:43] DONE  timing_squirrel_gcn
[2026-03-25 05:11:43] START timing_film_gcn → ../logs/h100_round3/timing_film_gcn.log
Namespace(data_dir='../data', dataset='film', device=0, seed=123, cpu=False, epochs=500, runs=3, train_prop=0.5, valid_prop=0.25, protocol='semi', rand_split=False, rand_split_class=False, label_num_per_class=20, valid_num=500, test_num=500, directed=False, method='gcn', hidden_channels=64, num_layers=4, num_heads=1, alpha=0.5, use_bn=False, use_residual=False, use_graph=False, use_weight=False, use_init=False, use_act=False, attention='gcn', lr=0.01, weight_decay=0.0005, dropout=0.5, display_step=50, no_feat_norm=False, patience=200, graph_weight=0.8, ours_weight_decay=None, ours_use_weight=False, ours_use_residual=False, ours_use_act=False, backbone='gcn', ours_layers=2, ours_dropout=None, aggregate='add', hops=1, gat_heads=8, out_heads=1, lamda=0.1, num_elayers=2, encoder_emdim=768, num_partitions=10, num_reps=4, partition_method='metis', no_pse=False, local_only=False, global_only=False)
film
(7600, 932)
Num nodes: 7600
features shape=torch.Size([7600, 932])
num nodes 7600 | num classes 5 | num node feats 932
Epoch: 00, Loss: 1.6095, Train: 23.68%, Valid: 24.26%, Test: 24.93%
Epoch: 50, Loss: 1.5781, Train: 26.04%, Valid: 25.82%, Test: 25.46%
Epoch: 100, Loss: 1.5772, Train: 26.04%, Valid: 25.82%, Test: 25.46%
Epoch: 150, Loss: 1.5771, Train: 26.04%, Valid: 25.82%, Test: 25.46%
Epoch: 200, Loss: 1.5774, Train: 26.04%, Valid: 25.82%, Test: 25.46%
Run 01:Highest Train: 26.04 Highest Valid: 25.82 Highest Test: 25.46 Chosen epoch: 4
Final Train: 26.04 Final Test: 25.46
Epoch: 00, Loss: 1.6090, Train: 23.27%, Valid: 24.67%, Test: 24.08%
Epoch: 50, Loss: 1.5751, Train: 25.99%, Valid: 26.32%, Test: 24.80%
Epoch: 100, Loss: 1.5749, Train: 25.99%, Valid: 26.32%, Test: 24.80%
Epoch: 150, Loss: 1.5747, Train: 25.99%, Valid: 26.32%, Test: 24.80%
Epoch: 200, Loss: 1.5747, Train: 25.99%, Valid: 26.32%, Test: 24.80%
Run 02:Highest Train: 25.99 Highest Valid: 26.32 Highest Test: 24.80 Chosen epoch: 3
Final Train: 25.99 Final Test: 24.80
Epoch: 00, Loss: 1.6091, Train: 25.82%, Valid: 25.53%, Test: 26.45%
Epoch: 50, Loss: 1.5753, Train: 25.88%, Valid: 25.49%, Test: 26.32%
Epoch: 100, Loss: 1.5742, Train: 25.82%, Valid: 25.53%, Test: 26.45%
Epoch: 150, Loss: 1.5745, Train: 25.85%, Valid: 25.53%, Test: 26.45%
Run 03:Highest Train: 26.10 Highest Valid: 25.53 Highest Test: 26.45 Chosen epoch: 1
Final Train: 25.82 Final Test: 26.45
3 runs: Highest Train: 26.04 ± 0.05 Highest val epoch:0
Highest Test: 25.57 ± 0.83 Final Test: 25.57 ± 0.83
[2026-03-25 05:11:52] DONE  timing_film_gcn
[2026-03-25 05:11:52] === FIX SCRIPT DONE ===
timing_chameleon_gcn | Highest Test: 46.74 ± 4.48 Final Test: 41.74 ± 8.43
timing_chameleon_pcgt | Highest Test: 47.37 ± 3.07 Final Test: 44.83 ± 3.31
timing_chameleon_sgformer | Highest Test: 45.12 ± 2.64 Final Test: 43.09 ± 1.10
timing_squirrel_gcn | Highest Test: 42.60 ± 0.70 Final Test: 39.63 ± 1.65
timing_squirrel_pcgt | Highest Test: 48.31 ± 2.45 Final Test: 46.22 ± 4.23
timing_squirrel_sgformer | Highest Test: 44.24 ± 1.80 Final Test: 41.92 ± 1.91
timing_film_gcn | Highest Test: 25.57 ± 0.83 Final Test: 25.57 ± 0.83
timing_film_pcgt | Highest Test: 37.61 ± 1.25 Final Test: 35.99 ± 0.50
timing_film_sgformer | Highest Test: 37.06 ± 0.77 Final Test: 36.75 ± 0.85
