[2026-03-25 05:11:52] === Phase 2 SECTION 1: GAT Baselines ===
[2026-03-25 05:11:52] START gat_coauthor-cs → logs/h100_round3/gat_coauthor-cs.log
tee: logs/h100_round3/gat_coauthor-cs.log: No such file or directory
Namespace(data_dir='../data', dataset='coauthor-cs', device=0, seed=123, cpu=False, epochs=500, runs=10, train_prop=0.5, valid_prop=0.25, protocol='semi', rand_split=True, rand_split_class=False, label_num_per_class=20, valid_num=500, test_num=500, directed=False, method='gat', hidden_channels=64, num_layers=4, num_heads=1, alpha=0.5, use_bn=False, use_residual=False, use_graph=False, use_weight=False, use_init=False, use_act=False, attention='gcn', lr=0.01, weight_decay=0.0005, dropout=0.5, display_step=50, no_feat_norm=False, patience=200, graph_weight=0.8, ours_weight_decay=None, ours_use_weight=False, ours_use_residual=False, ours_use_act=False, backbone='gcn', ours_layers=2, ours_dropout=None, aggregate='add', hops=1, gat_heads=8, out_heads=1, lamda=0.1, num_elayers=2, encoder_emdim=768, num_partitions=10, num_reps=4, partition_method='metis', no_pse=False, local_only=False, global_only=False)
coauthor-cs
coauthor-cs: nodes=18333, edges=163788, feats=6805, classes=15
features shape=torch.Size([18333, 6805])
num nodes 18333 | num classes 15 | num node feats 6805
Epoch: 00, Loss: 2.7081, Train: 22.90%, Valid: 22.76%, Test: 21.68%
Epoch: 50, Loss: 0.4772, Train: 91.94%, Valid: 90.88%, Test: 90.58%
Epoch: 100, Loss: 0.4533, Train: 91.93%, Valid: 91.25%, Test: 90.99%
Epoch: 150, Loss: 0.4692, Train: 92.28%, Valid: 91.05%, Test: 91.12%
Epoch: 200, Loss: 0.4236, Train: 91.74%, Valid: 90.16%, Test: 90.23%
Epoch: 250, Loss: 0.4163, Train: 93.17%, Valid: 91.49%, Test: 91.54%
Epoch: 300, Loss: 0.4148, Train: 93.17%, Valid: 91.49%, Test: 91.51%
Epoch: 350, Loss: 0.4253, Train: 92.57%, Valid: 90.73%, Test: 90.62%
Epoch: 400, Loss: 0.4300, Train: 91.62%, Valid: 90.05%, Test: 90.14%
Epoch: 450, Loss: 0.3895, Train: 93.05%, Valid: 91.01%, Test: 91.45%
Run 01:Highest Train: 93.56 Highest Valid: 91.90 Highest Test: 91.99 Chosen epoch: 449
Final Train: 93.38 Final Test: 91.64
Epoch: 00, Loss: 2.7080, Train: 22.19%, Valid: 23.11%, Test: 22.75%
Epoch: 50, Loss: 2.7952, Train: 69.91%, Valid: 70.13%, Test: 70.03%
Epoch: 100, Loss: 0.5947, Train: 89.97%, Valid: 88.87%, Test: 89.22%
Epoch: 150, Loss: 0.5149, Train: 91.75%, Valid: 90.57%, Test: 90.95%
Epoch: 200, Loss: 0.4255, Train: 93.26%, Valid: 91.51%, Test: 91.40%
Epoch: 250, Loss: 0.4259, Train: 93.07%, Valid: 91.47%, Test: 91.38%
Epoch: 300, Loss: 0.4193, Train: 93.54%, Valid: 91.77%, Test: 91.67%
Epoch: 350, Loss: 0.4238, Train: 93.41%, Valid: 91.64%, Test: 91.69%
Epoch: 400, Loss: 0.4264, Train: 93.29%, Valid: 91.21%, Test: 91.82%
Epoch: 450, Loss: 0.4208, Train: 92.72%, Valid: 91.29%, Test: 91.56%
Run 02:Highest Train: 93.71 Highest Valid: 91.97 Highest Test: 92.10 Chosen epoch: 370
Final Train: 93.51 Final Test: 91.95
Epoch: 00, Loss: 2.7079, Train: 21.90%, Valid: 24.37%, Test: 22.08%
Epoch: 50, Loss: 0.6530, Train: 87.48%, Valid: 87.67%, Test: 87.00%
Epoch: 100, Loss: 0.5043, Train: 91.74%, Valid: 91.80%, Test: 90.71%
Epoch: 150, Loss: 0.4627, Train: 92.05%, Valid: 91.88%, Test: 90.84%
Epoch: 200, Loss: 0.4669, Train: 92.08%, Valid: 91.86%, Test: 90.62%
Epoch: 250, Loss: 0.4490, Train: 92.59%, Valid: 92.30%, Test: 91.14%
Epoch: 300, Loss: 0.4470, Train: 92.64%, Valid: 92.49%, Test: 91.06%
Epoch: 350, Loss: 0.4306, Train: 92.50%, Valid: 92.28%, Test: 91.08%
Epoch: 400, Loss: 0.4256, Train: 92.59%, Valid: 92.14%, Test: 90.75%
Run 03:Highest Train: 92.96 Highest Valid: 92.69 Highest Test: 91.40 Chosen epoch: 219
Final Train: 92.67 Final Test: 91.08
Epoch: 00, Loss: 2.7081, Train: 22.97%, Valid: 22.17%, Test: 22.14%
Epoch: 50, Loss: 0.5752, Train: 90.34%, Valid: 90.33%, Test: 90.58%
Epoch: 100, Loss: 0.4658, Train: 92.46%, Valid: 91.42%, Test: 91.60%
Epoch: 150, Loss: 0.4388, Train: 92.65%, Valid: 91.86%, Test: 92.10%
Epoch: 200, Loss: 0.4359, Train: 92.78%, Valid: 91.69%, Test: 92.12%
Epoch: 250, Loss: 0.4331, Train: 92.69%, Valid: 91.77%, Test: 92.19%
Epoch: 300, Loss: 0.4328, Train: 92.48%, Valid: 92.25%, Test: 92.23%
Epoch: 350, Loss: 0.4484, Train: 92.88%, Valid: 91.84%, Test: 92.04%
Epoch: 400, Loss: 0.4208, Train: 92.94%, Valid: 91.95%, Test: 92.06%
Epoch: 450, Loss: 0.4292, Train: 93.14%, Valid: 91.95%, Test: 92.17%
Run 04:Highest Train: 93.21 Highest Valid: 92.32 Highest Test: 92.47 Chosen epoch: 340
Final Train: 92.62 Final Test: 92.17
Epoch: 00, Loss: 2.7080, Train: 22.38%, Valid: 22.71%, Test: 22.77%
Epoch: 50, Loss: 0.5046, Train: 91.63%, Valid: 91.12%, Test: 90.62%
Epoch: 100, Loss: 0.4553, Train: 92.26%, Valid: 91.18%, Test: 91.23%
Epoch: 150, Loss: 0.4364, Train: 91.68%, Valid: 91.23%, Test: 90.60%
Epoch: 200, Loss: 0.4407, Train: 92.49%, Valid: 91.84%, Test: 91.19%
Epoch: 250, Loss: 0.4485, Train: 92.41%, Valid: 91.90%, Test: 91.10%
Epoch: 300, Loss: 0.4889, Train: 90.07%, Valid: 89.11%, Test: 89.20%
Epoch: 350, Loss: 0.4110, Train: 92.74%, Valid: 91.62%, Test: 91.23%
Run 05:Highest Train: 92.86 Highest Valid: 92.28 Highest Test: 91.75 Chosen epoch: 158
Final Train: 92.58 Final Test: 91.58
Epoch: 00, Loss: 2.7084, Train: 22.76%, Valid: 22.21%, Test: 22.51%
Epoch: 50, Loss: 0.4884, Train: 91.12%, Valid: 90.53%, Test: 90.82%
Epoch: 100, Loss: 0.4607, Train: 92.23%, Valid: 91.38%, Test: 91.75%
Epoch: 150, Loss: 0.4885, Train: 91.80%, Valid: 90.79%, Test: 91.03%
Epoch: 200, Loss: 0.4373, Train: 92.43%, Valid: 91.64%, Test: 91.91%
Epoch: 250, Loss: 0.5883, Train: 80.26%, Valid: 79.23%, Test: 78.84%
Epoch: 300, Loss: 0.4462, Train: 92.18%, Valid: 91.56%, Test: 91.73%
Epoch: 350, Loss: 0.4394, Train: 92.29%, Valid: 91.75%, Test: 92.15%
Epoch: 400, Loss: 0.4387, Train: 92.35%, Valid: 91.71%, Test: 91.73%
Run 06:Highest Train: 92.67 Highest Valid: 92.01 Highest Test: 92.30 Chosen epoch: 209
Final Train: 92.64 Final Test: 92.06
Epoch: 00, Loss: 2.7082, Train: 22.67%, Valid: 22.34%, Test: 22.56%
Epoch: 50, Loss: 0.4872, Train: 91.80%, Valid: 90.14%, Test: 91.43%
Epoch: 100, Loss: 0.4636, Train: 91.99%, Valid: 89.81%, Test: 90.90%
Epoch: 150, Loss: 0.4198, Train: 92.56%, Valid: 91.14%, Test: 91.47%
Epoch: 200, Loss: 6.4308, Train: 18.25%, Valid: 16.78%, Test: 17.54%
Epoch: 250, Loss: 2.8795, Train: 17.74%, Valid: 16.50%, Test: 17.71%
Epoch: 300, Loss: 2.2976, Train: 26.95%, Valid: 25.53%, Test: 25.98%
Run 07:Highest Train: 93.04 Highest Valid: 91.32 Highest Test: 91.95 Chosen epoch: 139
Final Train: 92.67 Final Test: 91.73
Epoch: 00, Loss: 2.7081, Train: 22.33%, Valid: 22.21%, Test: 23.36%
Epoch: 50, Loss: 1.6922, Train: 57.89%, Valid: 58.63%, Test: 59.75%
Epoch: 100, Loss: 0.8363, Train: 84.07%, Valid: 84.22%, Test: 83.55%
Epoch: 150, Loss: 0.6570, Train: 87.72%, Valid: 87.98%, Test: 87.37%
Epoch: 200, Loss: 0.5579, Train: 90.20%, Valid: 90.27%, Test: 89.92%
Epoch: 250, Loss: 0.5307, Train: 91.03%, Valid: 91.05%, Test: 90.51%
Epoch: 300, Loss: 0.5028, Train: 91.76%, Valid: 91.32%, Test: 91.23%
Epoch: 350, Loss: 0.4819, Train: 91.99%, Valid: 91.62%, Test: 91.58%
Epoch: 400, Loss: 0.4659, Train: 92.30%, Valid: 91.82%, Test: 91.80%
Epoch: 450, Loss: 0.4712, Train: 92.52%, Valid: 91.64%, Test: 91.58%
Run 08:Highest Train: 92.71 Highest Valid: 92.17 Highest Test: 92.19 Chosen epoch: 457
Final Train: 92.46 Final Test: 92.08
Epoch: 00, Loss: 2.7080, Train: 23.31%, Valid: 21.82%, Test: 21.79%
Epoch: 50, Loss: 1.6056, Train: 55.69%, Valid: 54.79%, Test: 56.35%
Epoch: 100, Loss: 0.7097, Train: 85.34%, Valid: 85.93%, Test: 85.86%
Epoch: 150, Loss: 0.5897, Train: 89.82%, Valid: 89.64%, Test: 89.83%
Epoch: 200, Loss: 0.5328, Train: 91.20%, Valid: 90.51%, Test: 90.71%
Epoch: 250, Loss: 0.5101, Train: 91.71%, Valid: 90.88%, Test: 91.23%
Epoch: 300, Loss: 0.4802, Train: 92.17%, Valid: 91.12%, Test: 91.51%
Epoch: 350, Loss: 0.4573, Train: 92.42%, Valid: 91.34%, Test: 91.75%
Epoch: 400, Loss: 0.4543, Train: 92.29%, Valid: 91.51%, Test: 91.40%
Epoch: 450, Loss: 0.4477, Train: 92.77%, Valid: 91.27%, Test: 91.97%
Run 09:Highest Train: 92.96 Highest Valid: 91.75 Highest Test: 92.15 Chosen epoch: 466
Final Train: 92.82 Final Test: 91.97
Epoch: 00, Loss: 2.7081, Train: 22.49%, Valid: 22.67%, Test: 22.60%
Epoch: 50, Loss: 1.3230, Train: 64.88%, Valid: 65.61%, Test: 65.38%
Epoch: 100, Loss: 0.6695, Train: 87.84%, Valid: 86.62%, Test: 87.59%
Epoch: 150, Loss: 0.4860, Train: 91.50%, Valid: 90.01%, Test: 91.30%
Epoch: 200, Loss: 0.4589, Train: 91.94%, Valid: 90.77%, Test: 91.14%
Epoch: 250, Loss: 0.4539, Train: 92.73%, Valid: 90.90%, Test: 91.54%
Epoch: 300, Loss: 0.4252, Train: 92.69%, Valid: 91.10%, Test: 91.62%
Epoch: 350, Loss: 0.4265, Train: 93.14%, Valid: 91.27%, Test: 91.69%
Epoch: 400, Loss: 0.4314, Train: 93.04%, Valid: 91.32%, Test: 91.84%
Epoch: 450, Loss: 0.4219, Train: 93.08%, Valid: 91.16%, Test: 91.67%
Run 10:Highest Train: 93.50 Highest Valid: 91.51 Highest Test: 92.08 Chosen epoch: 439
Final Train: 93.36 Final Test: 91.75
10 runs: Highest Train: 93.12 ± 0.36 Highest val epoch:438
Highest Test: 92.04 ± 0.30 Final Test: 91.80 ± 0.32
[2026-03-25 05:14:26] DONE  gat_coauthor-cs
[2026-03-25 05:14:26] START gat_coauthor-physics → logs/h100_round3/gat_coauthor-physics.log
tee: logs/h100_round3/gat_coauthor-physics.log: No such file or directory
Namespace(data_dir='../data', dataset='coauthor-physics', device=0, seed=123, cpu=False, epochs=500, runs=10, train_prop=0.5, valid_prop=0.25, protocol='semi', rand_split=True, rand_split_class=False, label_num_per_class=20, valid_num=500, test_num=500, directed=False, method='gat', hidden_channels=64, num_layers=4, num_heads=1, alpha=0.5, use_bn=False, use_residual=False, use_graph=False, use_weight=False, use_init=False, use_act=False, attention='gcn', lr=0.01, weight_decay=0.0005, dropout=0.5, display_step=50, no_feat_norm=False, patience=200, graph_weight=0.8, ours_weight_decay=None, ours_use_weight=False, ours_use_residual=False, ours_use_act=False, backbone='gcn', ours_layers=2, ours_dropout=None, aggregate='add', hops=1, gat_heads=8, out_heads=1, lamda=0.1, num_elayers=2, encoder_emdim=768, num_partitions=10, num_reps=4, partition_method='metis', no_pse=False, local_only=False, global_only=False)
coauthor-physics
coauthor-physics: nodes=34493, edges=495924, feats=8415, classes=5
features shape=torch.Size([34493, 8415])
num nodes 34493 | num classes 5 | num node feats 8415
Epoch: 00, Loss: 1.6097, Train: 50.53%, Valid: 50.82%, Test: 50.21%
Epoch: 50, Loss: 0.2086, Train: 95.52%, Valid: 94.94%, Test: 95.07%
Epoch: 100, Loss: 0.2037, Train: 95.68%, Valid: 95.08%, Test: 95.19%
Epoch: 150, Loss: 0.2112, Train: 95.59%, Valid: 95.00%, Test: 95.01%
Epoch: 200, Loss: 0.1953, Train: 95.74%, Valid: 95.13%, Test: 94.99%
Epoch: 250, Loss: 0.1996, Train: 95.91%, Valid: 94.93%, Test: 95.34%
Epoch: 300, Loss: 0.5880, Train: 94.57%, Valid: 93.80%, Test: 93.92%
Epoch: 350, Loss: 0.2483, Train: 95.52%, Valid: 94.82%, Test: 94.97%
Epoch: 400, Loss: 0.2112, Train: 95.81%, Valid: 95.09%, Test: 95.12%
Run 01:Highest Train: 96.01 Highest Valid: 95.36 Highest Test: 95.45 Chosen epoch: 242
Final Train: 95.93 Final Test: 95.19
Epoch: 00, Loss: 1.6095, Train: 50.68%, Valid: 50.89%, Test: 49.84%
Epoch: 50, Loss: 0.2684, Train: 94.65%, Valid: 94.54%, Test: 94.28%
Epoch: 100, Loss: 0.2235, Train: 95.40%, Valid: 95.13%, Test: 94.69%
Epoch: 150, Loss: 0.2115, Train: 95.51%, Valid: 95.33%, Test: 94.79%
Epoch: 200, Loss: 0.2128, Train: 95.60%, Valid: 95.23%, Test: 94.74%
Epoch: 250, Loss: 0.2083, Train: 95.61%, Valid: 95.38%, Test: 94.93%
Epoch: 300, Loss: 0.2017, Train: 95.74%, Valid: 95.43%, Test: 94.74%
Epoch: 350, Loss: 0.2057, Train: 95.71%, Valid: 95.56%, Test: 94.93%
Epoch: 400, Loss: 0.2056, Train: 95.73%, Valid: 95.54%, Test: 94.84%
Epoch: 450, Loss: 0.2007, Train: 95.78%, Valid: 95.52%, Test: 95.04%
Run 02:Highest Train: 95.89 Highest Valid: 95.65 Highest Test: 95.04 Chosen epoch: 474
Final Train: 95.77 Final Test: 95.01
Epoch: 00, Loss: 1.6097, Train: 50.19%, Valid: 51.25%, Test: 50.45%
Epoch: 50, Loss: 0.2552, Train: 94.91%, Valid: 94.71%, Test: 94.41%
Epoch: 100, Loss: 0.2132, Train: 95.56%, Valid: 95.26%, Test: 94.94%
Epoch: 150, Loss: 0.2131, Train: 95.63%, Valid: 95.26%, Test: 94.96%
Epoch: 200, Loss: 0.2040, Train: 95.67%, Valid: 95.20%, Test: 95.05%
Epoch: 250, Loss: 0.2023, Train: 95.77%, Valid: 95.37%, Test: 95.04%
Epoch: 300, Loss: 0.1962, Train: 95.81%, Valid: 95.49%, Test: 95.08%
Epoch: 350, Loss: 0.1965, Train: 95.84%, Valid: 95.42%, Test: 95.07%
Epoch: 400, Loss: 0.1932, Train: 95.72%, Valid: 95.43%, Test: 95.14%
Epoch: 450, Loss: 0.1914, Train: 95.84%, Valid: 95.47%, Test: 95.21%
Run 03:Highest Train: 95.94 Highest Valid: 95.60 Highest Test: 95.29 Chosen epoch: 444
Final Train: 95.94 Final Test: 95.06
Epoch: 00, Loss: 1.6107, Train: 50.96%, Valid: 50.14%, Test: 50.02%
Epoch: 50, Loss: 0.2227, Train: 95.41%, Valid: 95.11%, Test: 94.90%
Epoch: 100, Loss: 0.2089, Train: 95.69%, Valid: 95.36%, Test: 94.96%
Epoch: 150, Loss: 0.2026, Train: 95.73%, Valid: 95.36%, Test: 95.04%
Epoch: 200, Loss: 0.1984, Train: 95.73%, Valid: 95.34%, Test: 94.93%
Epoch: 250, Loss: 0.1966, Train: 95.84%, Valid: 95.44%, Test: 94.98%
Epoch: 300, Loss: 0.1945, Train: 95.96%, Valid: 95.48%, Test: 95.18%
Epoch: 350, Loss: 0.1958, Train: 95.61%, Valid: 95.05%, Test: 94.85%
Epoch: 400, Loss: 0.1943, Train: 95.94%, Valid: 95.45%, Test: 95.20%
Epoch: 450, Loss: 0.1944, Train: 95.86%, Valid: 95.40%, Test: 95.03%
Run 04:Highest Train: 96.05 Highest Valid: 95.57 Highest Test: 95.30 Chosen epoch: 418
Final Train: 95.97 Final Test: 95.15
Epoch: 00, Loss: 1.6096, Train: 50.27%, Valid: 50.49%, Test: 51.04%
Epoch: 50, Loss: 0.2311, Train: 95.12%, Valid: 94.45%, Test: 94.84%
Epoch: 100, Loss: 0.2103, Train: 95.50%, Valid: 94.76%, Test: 95.13%
Epoch: 150, Loss: 0.2063, Train: 95.61%, Valid: 94.91%, Test: 95.19%
Epoch: 200, Loss: 0.2080, Train: 94.72%, Valid: 93.95%, Test: 94.50%
Epoch: 250, Loss: 0.2003, Train: 95.76%, Valid: 94.89%, Test: 95.29%
Epoch: 300, Loss: 0.2055, Train: 95.59%, Valid: 94.74%, Test: 95.13%
Epoch: 350, Loss: 0.1943, Train: 95.84%, Valid: 94.94%, Test: 95.15%
Epoch: 400, Loss: 0.2001, Train: 95.78%, Valid: 94.86%, Test: 95.27%
Epoch: 450, Loss: 0.1997, Train: 95.52%, Valid: 94.41%, Test: 95.20%
Run 05:Highest Train: 95.95 Highest Valid: 95.06 Highest Test: 95.44 Chosen epoch: 492
Final Train: 95.80 Final Test: 95.26
Epoch: 00, Loss: 1.6101, Train: 50.61%, Valid: 51.13%, Test: 49.73%
Epoch: 50, Loss: 0.2213, Train: 95.21%, Valid: 95.07%, Test: 95.13%
Epoch: 100, Loss: 0.2133, Train: 95.44%, Valid: 95.12%, Test: 95.36%
Epoch: 150, Loss: 0.2176, Train: 95.38%, Valid: 95.13%, Test: 95.23%
Epoch: 200, Loss: 27.0735, Train: 64.46%, Valid: 65.27%, Test: 63.95%
Epoch: 250, Loss: 4.4558, Train: 50.61%, Valid: 51.13%, Test: 49.73%
Epoch: 300, Loss: 2.7204, Train: 50.61%, Valid: 51.13%, Test: 49.73%
Epoch: 350, Loss: 2.3957, Train: 50.61%, Valid: 51.13%, Test: 49.73%
Run 06:Highest Train: 95.72 Highest Valid: 95.33 Highest Test: 95.54 Chosen epoch: 177
Final Train: 95.61 Final Test: 95.30
Epoch: 00, Loss: 1.6102, Train: 50.16%, Valid: 50.56%, Test: 51.19%
Epoch: 50, Loss: 0.5440, Train: 83.73%, Valid: 83.49%, Test: 83.95%
Epoch: 100, Loss: 0.2812, Train: 93.80%, Valid: 93.58%, Test: 93.98%
Epoch: 150, Loss: 0.2496, Train: 94.49%, Valid: 94.33%, Test: 94.50%
Epoch: 200, Loss: 0.2390, Train: 94.68%, Valid: 94.51%, Test: 94.76%
Epoch: 250, Loss: 0.2379, Train: 94.93%, Valid: 94.77%, Test: 94.87%
Epoch: 300, Loss: 0.2274, Train: 95.05%, Valid: 94.94%, Test: 95.08%
Epoch: 350, Loss: 0.2172, Train: 95.14%, Valid: 94.98%, Test: 95.18%
Epoch: 400, Loss: 0.2209, Train: 95.18%, Valid: 95.00%, Test: 95.26%
Epoch: 450, Loss: 0.2166, Train: 95.22%, Valid: 95.00%, Test: 95.25%
Run 07:Highest Train: 95.32 Highest Valid: 95.18 Highest Test: 95.37 Chosen epoch: 478
Final Train: 95.30 Final Test: 95.27
Epoch: 00, Loss: 1.6089, Train: 50.07%, Valid: 50.38%, Test: 51.57%
Epoch: 50, Loss: 0.8511, Train: 67.26%, Valid: 67.51%, Test: 67.85%
Epoch: 100, Loss: 0.3877, Train: 92.14%, Valid: 92.04%, Test: 92.29%
Epoch: 150, Loss: 0.2638, Train: 94.28%, Valid: 94.06%, Test: 94.31%
Epoch: 200, Loss: 0.2376, Train: 94.82%, Valid: 94.97%, Test: 94.89%
Epoch: 250, Loss: 0.2254, Train: 95.05%, Valid: 95.14%, Test: 95.04%
Epoch: 300, Loss: 0.2141, Train: 95.27%, Valid: 95.27%, Test: 95.19%
Epoch: 350, Loss: 0.2143, Train: 95.38%, Valid: 95.34%, Test: 95.30%
Epoch: 400, Loss: 0.2061, Train: 95.46%, Valid: 95.35%, Test: 95.38%
Epoch: 450, Loss: 0.2099, Train: 95.60%, Valid: 95.41%, Test: 95.36%
Run 08:Highest Train: 95.63 Highest Valid: 95.49 Highest Test: 95.47 Chosen epoch: 484
Final Train: 95.54 Final Test: 95.36
Epoch: 00, Loss: 1.6095, Train: 50.12%, Valid: 51.57%, Test: 50.27%
Epoch: 50, Loss: 0.5577, Train: 79.54%, Valid: 80.54%, Test: 79.17%
Epoch: 100, Loss: 0.3009, Train: 93.72%, Valid: 93.76%, Test: 93.16%
Epoch: 150, Loss: 0.2524, Train: 94.91%, Valid: 94.76%, Test: 94.25%
Epoch: 200, Loss: 0.2250, Train: 95.31%, Valid: 94.96%, Test: 94.72%
Epoch: 250, Loss: 0.2094, Train: 95.43%, Valid: 95.07%, Test: 94.79%
Epoch: 300, Loss: 0.2096, Train: 95.58%, Valid: 95.15%, Test: 95.00%
Epoch: 350, Loss: 0.2019, Train: 95.68%, Valid: 95.25%, Test: 95.07%
Epoch: 400, Loss: 0.2036, Train: 95.71%, Valid: 95.23%, Test: 95.15%
Epoch: 450, Loss: 0.2087, Train: 95.71%, Valid: 95.23%, Test: 95.14%
Run 09:Highest Train: 95.83 Highest Valid: 95.34 Highest Test: 95.26 Chosen epoch: 481
Final Train: 95.83 Final Test: 95.26
Epoch: 00, Loss: 1.6090, Train: 50.49%, Valid: 50.28%, Test: 50.82%
Epoch: 50, Loss: 0.4890, Train: 88.22%, Valid: 88.08%, Test: 88.33%
Epoch: 100, Loss: 0.2463, Train: 94.58%, Valid: 94.42%, Test: 94.48%
Epoch: 150, Loss: 0.2224, Train: 95.11%, Valid: 94.79%, Test: 95.11%
Epoch: 200, Loss: 0.2080, Train: 95.36%, Valid: 95.00%, Test: 95.25%
Epoch: 250, Loss: 0.2040, Train: 95.61%, Valid: 94.99%, Test: 95.29%
Epoch: 300, Loss: 0.1993, Train: 95.65%, Valid: 95.18%, Test: 95.21%
Epoch: 350, Loss: 0.2038, Train: 95.73%, Valid: 95.19%, Test: 95.25%
Epoch: 400, Loss: 0.2005, Train: 95.73%, Valid: 95.27%, Test: 95.22%
Epoch: 450, Loss: 0.1951, Train: 95.80%, Valid: 95.18%, Test: 95.47%
Run 10:Highest Train: 95.91 Highest Valid: 95.37 Highest Test: 95.47 Chosen epoch: 453
Final Train: 95.91 Final Test: 95.29
10 runs: Highest Train: 95.83 ± 0.22 Highest val epoch:452
Highest Test: 95.36 ± 0.15 Final Test: 95.22 ± 0.11
[2026-03-25 05:20:26] DONE  gat_coauthor-physics
[2026-03-25 05:20:26] START gat_amazon-computers → logs/h100_round3/gat_amazon-computers.log
tee: logs/h100_round3/gat_amazon-computers.log: No such file or directory
Namespace(data_dir='../data', dataset='amazon-computers', device=0, seed=123, cpu=False, epochs=500, runs=10, train_prop=0.5, valid_prop=0.25, protocol='semi', rand_split=True, rand_split_class=False, label_num_per_class=20, valid_num=500, test_num=500, directed=False, method='gat', hidden_channels=64, num_layers=4, num_heads=1, alpha=0.5, use_bn=False, use_residual=False, use_graph=False, use_weight=False, use_init=False, use_act=False, attention='gcn', lr=0.01, weight_decay=0.0005, dropout=0.5, display_step=50, no_feat_norm=False, patience=200, graph_weight=0.8, ours_weight_decay=None, ours_use_weight=False, ours_use_residual=False, ours_use_act=False, backbone='gcn', ours_layers=2, ours_dropout=None, aggregate='add', hops=1, gat_heads=8, out_heads=1, lamda=0.1, num_elayers=2, encoder_emdim=768, num_partitions=10, num_reps=4, partition_method='metis', no_pse=False, local_only=False, global_only=False)
amazon-computers
amazon-computers: nodes=13752, edges=491722, feats=767, classes=10
features shape=torch.Size([13752, 767])
num nodes 13752 | num classes 10 | num node feats 767
Epoch: 00, Loss: 2.3040, Train: 37.89%, Valid: 37.00%, Test: 37.26%
Epoch: 50, Loss: 1.1773, Train: 59.35%, Valid: 57.16%, Test: 56.43%
Epoch: 100, Loss: 0.7749, Train: 78.26%, Valid: 76.53%, Test: 75.77%
Epoch: 150, Loss: 0.7066, Train: 81.11%, Valid: 78.94%, Test: 78.53%
Epoch: 200, Loss: 0.6901, Train: 80.50%, Valid: 78.91%, Test: 78.04%
Epoch: 250, Loss: 0.6125, Train: 83.03%, Valid: 81.21%, Test: 81.41%
Epoch: 300, Loss: 6.4919, Train: 37.89%, Valid: 37.00%, Test: 37.26%
Epoch: 350, Loss: 2.2764, Train: 3.33%, Valid: 3.90%, Test: 3.61%
Epoch: 400, Loss: 2.0238, Train: 15.53%, Valid: 16.00%, Test: 15.65%
Epoch: 450, Loss: 1.9830, Train: 37.89%, Valid: 37.00%, Test: 37.26%
Run 01:Highest Train: 84.54 Highest Valid: 82.49 Highest Test: 82.23 Chosen epoch: 257
Final Train: 84.54 Final Test: 82.23
Epoch: 00, Loss: 2.3031, Train: 37.27%, Valid: 37.26%, Test: 38.22%
Epoch: 50, Loss: 1.8955, Train: 37.27%, Valid: 37.26%, Test: 38.22%
Epoch: 100, Loss: 1.8007, Train: 37.35%, Valid: 37.29%, Test: 38.28%
Epoch: 150, Loss: 1.1996, Train: 68.38%, Valid: 70.62%, Test: 68.79%
Epoch: 200, Loss: 0.8573, Train: 72.86%, Valid: 73.71%, Test: 73.04%
Epoch: 250, Loss: 0.7530, Train: 78.07%, Valid: 78.13%, Test: 78.13%
Epoch: 300, Loss: 0.7678, Train: 79.30%, Valid: 80.28%, Test: 79.84%
Epoch: 350, Loss: 0.6865, Train: 82.01%, Valid: 82.23%, Test: 82.32%
Epoch: 400, Loss: 0.6731, Train: 81.33%, Valid: 81.01%, Test: 81.38%
Epoch: 450, Loss: 0.7729, Train: 75.74%, Valid: 76.56%, Test: 75.89%
Run 02:Highest Train: 83.39 Highest Valid: 83.54 Highest Test: 83.62 Chosen epoch: 390
Final Train: 83.39 Final Test: 83.62
Epoch: 00, Loss: 2.3016, Train: 37.73%, Valid: 36.21%, Test: 38.37%
Epoch: 50, Loss: 1.8750, Train: 37.73%, Valid: 36.21%, Test: 38.37%
Epoch: 100, Loss: 1.6073, Train: 40.65%, Valid: 39.27%, Test: 41.16%
Epoch: 150, Loss: 0.8633, Train: 73.15%, Valid: 72.77%, Test: 73.71%
Epoch: 200, Loss: 3.5038, Train: 51.31%, Valid: 51.08%, Test: 52.47%
Epoch: 250, Loss: 0.8043, Train: 76.02%, Valid: 75.42%, Test: 77.11%
Epoch: 300, Loss: 0.7011, Train: 80.89%, Valid: 80.34%, Test: 81.41%
Epoch: 350, Loss: 0.9716, Train: 73.21%, Valid: 72.83%, Test: 74.00%
Epoch: 400, Loss: 0.7117, Train: 79.22%, Valid: 77.87%, Test: 78.97%
Epoch: 450, Loss: 0.6517, Train: 82.16%, Valid: 80.22%, Test: 82.23%
Run 03:Highest Train: 83.16 Highest Valid: 82.29 Highest Test: 83.42 Chosen epoch: 299
Final Train: 82.77 Final Test: 83.28
Epoch: 00, Loss: 2.3020, Train: 36.84%, Valid: 37.67%, Test: 38.69%
Epoch: 50, Loss: 1.8438, Train: 36.84%, Valid: 37.67%, Test: 38.69%
Epoch: 100, Loss: 1.2083, Train: 55.28%, Valid: 54.65%, Test: 55.58%
Epoch: 150, Loss: 0.7951, Train: 75.58%, Valid: 75.39%, Test: 75.89%
Epoch: 200, Loss: 1.4542, Train: 55.95%, Valid: 56.11%, Test: 57.21%
Epoch: 250, Loss: 0.7138, Train: 80.40%, Valid: 79.99%, Test: 79.99%
Epoch: 300, Loss: 0.6618, Train: 83.45%, Valid: 82.66%, Test: 82.26%
Epoch: 350, Loss: 0.6590, Train: 82.14%, Valid: 81.33%, Test: 80.77%
Epoch: 400, Loss: 0.6427, Train: 81.49%, Valid: 80.45%, Test: 80.92%
Epoch: 450, Loss: 17.3241, Train: 4.12%, Valid: 3.37%, Test: 4.16%
Run 04:Highest Train: 84.82 Highest Valid: 84.12 Highest Test: 84.44 Chosen epoch: 403
Final Train: 84.82 Final Test: 84.44
Epoch: 00, Loss: 2.3030, Train: 36.98%, Valid: 38.80%, Test: 37.26%
Epoch: 50, Loss: 1.8936, Train: 36.98%, Valid: 38.80%, Test: 37.26%
Epoch: 100, Loss: 1.5986, Train: 50.71%, Valid: 51.54%, Test: 50.12%
Epoch: 150, Loss: 1.0626, Train: 69.88%, Valid: 70.86%, Test: 69.14%
Epoch: 200, Loss: 0.8535, Train: 73.37%, Valid: 74.17%, Test: 72.16%
Epoch: 250, Loss: 0.9760, Train: 71.45%, Valid: 71.50%, Test: 69.63%
Epoch: 300, Loss: 0.7275, Train: 78.96%, Valid: 79.46%, Test: 78.80%
Epoch: 350, Loss: 0.6821, Train: 81.18%, Valid: 81.30%, Test: 80.69%
Epoch: 400, Loss: 0.6252, Train: 83.45%, Valid: 83.36%, Test: 83.10%
Epoch: 450, Loss: 0.9646, Train: 66.61%, Valid: 66.55%, Test: 65.24%
Run 05:Highest Train: 84.15 Highest Valid: 84.00 Highest Test: 83.42 Chosen epoch: 444
Final Train: 84.15 Final Test: 83.33
Epoch: 00, Loss: 2.3029, Train: 37.36%, Valid: 37.32%, Test: 37.99%
Epoch: 50, Loss: 1.8832, Train: 37.36%, Valid: 37.32%, Test: 37.99%
Epoch: 100, Loss: 1.3913, Train: 63.95%, Valid: 63.61%, Test: 63.21%
Epoch: 150, Loss: 0.9842, Train: 71.58%, Valid: 71.50%, Test: 71.03%
Epoch: 200, Loss: 0.7584, Train: 76.59%, Valid: 76.61%, Test: 76.12%
Epoch: 250, Loss: 1.2252, Train: 62.80%, Valid: 62.25%, Test: 62.45%
Epoch: 300, Loss: 0.7383, Train: 78.01%, Valid: 77.81%, Test: 77.78%
Epoch: 350, Loss: 0.6867, Train: 75.89%, Valid: 75.39%, Test: 75.25%
Epoch: 400, Loss: 1.0385, Train: 66.11%, Valid: 66.52%, Test: 66.40%
Epoch: 450, Loss: 0.7269, Train: 80.67%, Valid: 79.41%, Test: 79.06%
Run 06:Highest Train: 83.62 Highest Valid: 83.54 Highest Test: 82.75 Chosen epoch: 396
Final Train: 83.20 Final Test: 82.34
Epoch: 00, Loss: 2.3034, Train: 37.70%, Valid: 37.09%, Test: 37.55%
Epoch: 50, Loss: 1.8760, Train: 37.70%, Valid: 37.09%, Test: 37.55%
Epoch: 100, Loss: 1.2851, Train: 64.70%, Valid: 64.08%, Test: 64.95%
Epoch: 150, Loss: 0.8082, Train: 76.29%, Valid: 75.74%, Test: 75.89%
Epoch: 200, Loss: 0.8986, Train: 74.21%, Valid: 73.53%, Test: 73.79%
Epoch: 250, Loss: 0.6919, Train: 80.61%, Valid: 79.23%, Test: 79.90%
Epoch: 300, Loss: 0.9278, Train: 65.85%, Valid: 64.08%, Test: 65.36%
Epoch: 350, Loss: 0.6723, Train: 81.59%, Valid: 79.90%, Test: 81.38%
Epoch: 400, Loss: 0.6566, Train: 80.74%, Valid: 79.20%, Test: 80.28%
Epoch: 450, Loss: 3.8512, Train: 14.31%, Valid: 14.11%, Test: 14.51%
Run 07:Highest Train: 84.44 Highest Valid: 82.61 Highest Test: 83.80 Chosen epoch: 420
Final Train: 83.94 Final Test: 83.62
Epoch: 00, Loss: 2.3028, Train: 37.55%, Valid: 38.69%, Test: 36.24%
Epoch: 50, Loss: 1.8260, Train: 37.55%, Valid: 38.69%, Test: 36.21%
Epoch: 100, Loss: 1.2519, Train: 67.50%, Valid: 68.03%, Test: 66.03%
Epoch: 150, Loss: 0.8363, Train: 73.18%, Valid: 74.05%, Test: 72.02%
Epoch: 200, Loss: 0.7358, Train: 77.94%, Valid: 78.36%, Test: 76.70%
Epoch: 250, Loss: 0.8720, Train: 73.72%, Valid: 74.99%, Test: 72.28%
Epoch: 300, Loss: 0.6765, Train: 79.71%, Valid: 80.72%, Test: 78.91%
Epoch: 350, Loss: 0.6798, Train: 78.72%, Valid: 79.49%, Test: 78.18%
Epoch: 400, Loss: 7.3464, Train: 37.55%, Valid: 38.69%, Test: 36.24%
Epoch: 450, Loss: 2.1975, Train: 37.55%, Valid: 38.69%, Test: 36.24%
Run 08:Highest Train: 82.49 Highest Valid: 83.25 Highest Test: 81.85 Chosen epoch: 335
Final Train: 81.73 Final Test: 81.21
Epoch: 00, Loss: 2.3022, Train: 37.51%, Valid: 38.25%, Test: 36.77%
Epoch: 50, Loss: 1.8816, Train: 37.51%, Valid: 38.25%, Test: 36.77%
Epoch: 100, Loss: 1.3461, Train: 61.88%, Valid: 61.52%, Test: 61.31%
Epoch: 150, Loss: 0.9497, Train: 71.61%, Valid: 71.52%, Test: 71.20%
Epoch: 200, Loss: 0.8211, Train: 74.33%, Valid: 74.23%, Test: 74.11%
Epoch: 250, Loss: 0.7769, Train: 77.63%, Valid: 75.95%, Test: 75.83%
Epoch: 300, Loss: 0.6793, Train: 82.46%, Valid: 80.98%, Test: 81.44%
Epoch: 350, Loss: 0.9513, Train: 67.63%, Valid: 66.93%, Test: 66.26%
Epoch: 400, Loss: 0.6332, Train: 82.59%, Valid: 81.12%, Test: 81.59%
Epoch: 450, Loss: 0.6555, Train: 83.65%, Valid: 81.88%, Test: 82.40%
Run 09:Highest Train: 84.96 Highest Valid: 83.22 Highest Test: 83.92 Chosen epoch: 453
Final Train: 84.96 Final Test: 83.77
Epoch: 00, Loss: 2.3024, Train: 37.45%, Valid: 37.14%, Test: 37.99%
Epoch: 50, Loss: 1.8876, Train: 37.45%, Valid: 37.14%, Test: 37.99%
Epoch: 100, Loss: 1.3991, Train: 57.50%, Valid: 58.06%, Test: 58.55%
Epoch: 150, Loss: 0.8435, Train: 73.92%, Valid: 73.18%, Test: 73.91%
Epoch: 200, Loss: 4.6338, Train: 26.86%, Valid: 25.54%, Test: 26.76%
Epoch: 250, Loss: 1.0660, Train: 71.03%, Valid: 70.88%, Test: 72.05%
Epoch: 300, Loss: 0.7004, Train: 80.99%, Valid: 79.38%, Test: 80.34%
Epoch: 350, Loss: 0.6394, Train: 82.33%, Valid: 80.98%, Test: 82.08%
Epoch: 400, Loss: 0.6151, Train: 84.08%, Valid: 81.91%, Test: 83.07%
Epoch: 450, Loss: 0.6169, Train: 83.00%, Valid: 80.83%, Test: 82.75%
Run 10:Highest Train: 85.51 Highest Valid: 82.72 Highest Test: 84.26 Chosen epoch: 496
Final Train: 84.73 Final Test: 83.71
10 runs: Highest Train: 84.11 ± 0.93 Highest val epoch:495
Highest Test: 83.37 ± 0.85 Final Test: 83.16 ± 0.95
[2026-03-25 05:24:23] DONE  gat_amazon-computers
[2026-03-25 05:24:23] START gat_amazon-photo → logs/h100_round3/gat_amazon-photo.log
tee: logs/h100_round3/gat_amazon-photo.log: No such file or directory
Namespace(data_dir='../data', dataset='amazon-photo', device=0, seed=123, cpu=False, epochs=500, runs=10, train_prop=0.5, valid_prop=0.25, protocol='semi', rand_split=True, rand_split_class=False, label_num_per_class=20, valid_num=500, test_num=500, directed=False, method='gat', hidden_channels=64, num_layers=4, num_heads=1, alpha=0.5, use_bn=False, use_residual=False, use_graph=False, use_weight=False, use_init=False, use_act=False, attention='gcn', lr=0.01, weight_decay=0.0005, dropout=0.5, display_step=50, no_feat_norm=False, patience=200, graph_weight=0.8, ours_weight_decay=None, ours_use_weight=False, ours_use_residual=False, ours_use_act=False, backbone='gcn', ours_layers=2, ours_dropout=None, aggregate='add', hops=1, gat_heads=8, out_heads=1, lamda=0.1, num_elayers=2, encoder_emdim=768, num_partitions=10, num_reps=4, partition_method='metis', no_pse=False, local_only=False, global_only=False)
amazon-photo
amazon-photo: nodes=7650, edges=238162, feats=745, classes=8
features shape=torch.Size([7650, 745])
num nodes 7650 | num classes 8 | num node feats 745
Epoch: 00, Loss: 2.0798, Train: 25.57%, Valid: 24.27%, Test: 26.08%
Epoch: 50, Loss: 0.5228, Train: 85.70%, Valid: 83.37%, Test: 84.89%
Epoch: 100, Loss: 1.6030, Train: 80.94%, Valid: 79.81%, Test: 80.55%
Epoch: 150, Loss: 0.3996, Train: 91.71%, Valid: 88.76%, Test: 90.64%
Epoch: 200, Loss: 0.3759, Train: 92.34%, Valid: 88.81%, Test: 91.11%
Epoch: 250, Loss: 0.3696, Train: 92.29%, Valid: 89.54%, Test: 90.85%
Epoch: 300, Loss: 7.7334, Train: 9.54%, Valid: 9.73%, Test: 9.30%
Epoch: 350, Loss: 1.8789, Train: 25.75%, Valid: 26.31%, Test: 26.97%
Epoch: 400, Loss: 1.2016, Train: 52.68%, Valid: 52.93%, Test: 51.65%
Run 01:Highest Train: 92.97 Highest Valid: 90.06 Highest Test: 91.74 Chosen epoch: 218
Final Train: 92.44 Final Test: 91.11
Epoch: 00, Loss: 2.0792, Train: 24.60%, Valid: 26.36%, Test: 25.72%
Epoch: 50, Loss: 1.9210, Train: 29.70%, Valid: 31.69%, Test: 30.01%
Epoch: 100, Loss: 1.3157, Train: 59.14%, Valid: 60.30%, Test: 61.53%
Epoch: 150, Loss: 0.6808, Train: 84.13%, Valid: 84.73%, Test: 83.69%
Epoch: 200, Loss: 0.5230, Train: 87.06%, Valid: 87.40%, Test: 87.04%
Epoch: 250, Loss: 0.4418, Train: 89.99%, Valid: 89.44%, Test: 89.23%
Epoch: 300, Loss: 0.4557, Train: 90.43%, Valid: 90.17%, Test: 89.60%
Epoch: 350, Loss: 0.4524, Train: 83.66%, Valid: 83.73%, Test: 83.64%
Epoch: 400, Loss: 0.4176, Train: 91.35%, Valid: 90.43%, Test: 90.17%
Epoch: 450, Loss: 0.4170, Train: 91.03%, Valid: 90.32%, Test: 90.02%
Run 02:Highest Train: 91.92 Highest Valid: 91.21 Highest Test: 90.75 Chosen epoch: 474
Final Train: 91.82 Final Test: 90.54
Epoch: 00, Loss: 2.0793, Train: 24.86%, Valid: 26.31%, Test: 25.51%
Epoch: 50, Loss: 1.8507, Train: 42.46%, Valid: 42.52%, Test: 41.61%
Epoch: 100, Loss: 0.7932, Train: 77.05%, Valid: 76.57%, Test: 74.70%
Epoch: 150, Loss: 0.4623, Train: 89.86%, Valid: 88.70%, Test: 88.13%
Epoch: 200, Loss: 0.4381, Train: 89.83%, Valid: 89.44%, Test: 88.50%
Epoch: 250, Loss: 0.3963, Train: 91.08%, Valid: 89.17%, Test: 88.97%
Epoch: 300, Loss: 0.4144, Train: 88.60%, Valid: 87.29%, Test: 86.93%
Epoch: 350, Loss: 0.3977, Train: 91.29%, Valid: 90.01%, Test: 89.02%
Epoch: 400, Loss: 0.3817, Train: 90.90%, Valid: 90.85%, Test: 89.55%
Epoch: 450, Loss: 0.6550, Train: 86.59%, Valid: 86.19%, Test: 85.00%
Run 03:Highest Train: 92.03 Highest Valid: 90.95 Highest Test: 90.59 Chosen epoch: 367
Final Train: 91.53 Final Test: 90.22
Epoch: 00, Loss: 2.0801, Train: 25.49%, Valid: 25.52%, Test: 24.93%
Epoch: 50, Loss: 1.6723, Train: 42.56%, Valid: 42.78%, Test: 43.07%
Epoch: 100, Loss: 0.6391, Train: 86.85%, Valid: 87.03%, Test: 87.09%
Epoch: 150, Loss: 0.4569, Train: 84.92%, Valid: 86.04%, Test: 85.68%
Epoch: 200, Loss: 0.4130, Train: 90.20%, Valid: 90.27%, Test: 90.38%
Epoch: 250, Loss: 0.4118, Train: 90.80%, Valid: 90.53%, Test: 91.01%
Epoch: 300, Loss: 2.1955, Train: 48.37%, Valid: 49.06%, Test: 47.52%
Epoch: 350, Loss: 0.4393, Train: 89.75%, Valid: 89.44%, Test: 89.75%
Epoch: 400, Loss: 0.4111, Train: 91.01%, Valid: 90.85%, Test: 91.43%
Epoch: 450, Loss: 0.3894, Train: 91.42%, Valid: 91.27%, Test: 91.22%
Run 04:Highest Train: 91.92 Highest Valid: 91.89 Highest Test: 91.95 Chosen epoch: 499
Final Train: 91.79 Final Test: 91.95
Epoch: 00, Loss: 2.0798, Train: 25.28%, Valid: 24.01%, Test: 26.82%
Epoch: 50, Loss: 1.6973, Train: 41.28%, Valid: 41.47%, Test: 44.54%
Epoch: 100, Loss: 0.8075, Train: 79.11%, Valid: 80.86%, Test: 80.45%
Epoch: 150, Loss: 0.4730, Train: 87.66%, Valid: 88.49%, Test: 89.07%
Epoch: 200, Loss: 0.4211, Train: 89.54%, Valid: 89.49%, Test: 90.59%
Epoch: 250, Loss: 0.4298, Train: 90.30%, Valid: 90.59%, Test: 90.85%
Epoch: 300, Loss: 1.2195, Train: 67.63%, Valid: 67.31%, Test: 68.74%
Epoch: 350, Loss: 0.6977, Train: 83.16%, Valid: 83.63%, Test: 84.16%
Epoch: 400, Loss: 0.4049, Train: 90.38%, Valid: 91.27%, Test: 91.27%
Epoch: 450, Loss: 0.3868, Train: 91.11%, Valid: 91.27%, Test: 91.79%
Run 05:Highest Train: 91.66 Highest Valid: 92.26 Highest Test: 92.52 Chosen epoch: 372
Final Train: 90.93 Final Test: 91.64
Epoch: 00, Loss: 2.0806, Train: 26.04%, Valid: 25.37%, Test: 24.15%
Epoch: 50, Loss: 1.5935, Train: 43.71%, Valid: 41.63%, Test: 42.97%
Epoch: 100, Loss: 0.9041, Train: 74.09%, Valid: 73.01%, Test: 73.60%
Epoch: 150, Loss: 0.4799, Train: 89.10%, Valid: 89.91%, Test: 88.97%
Epoch: 200, Loss: 0.4273, Train: 89.25%, Valid: 89.59%, Test: 88.29%
Epoch: 250, Loss: 0.4480, Train: 89.93%, Valid: 91.42%, Test: 89.34%
Epoch: 300, Loss: 0.4169, Train: 90.80%, Valid: 92.15%, Test: 91.01%
Epoch: 350, Loss: 1.8516, Train: 60.92%, Valid: 59.57%, Test: 59.49%
Epoch: 400, Loss: 0.4220, Train: 89.70%, Valid: 90.64%, Test: 89.55%
Epoch: 450, Loss: 0.4000, Train: 90.95%, Valid: 92.00%, Test: 90.43%
Run 06:Highest Train: 91.32 Highest Valid: 92.52 Highest Test: 91.17 Chosen epoch: 313
Final Train: 91.29 Final Test: 91.17
Epoch: 00, Loss: 2.0789, Train: 25.54%, Valid: 24.95%, Test: 25.51%
Epoch: 50, Loss: 1.3446, Train: 51.06%, Valid: 49.53%, Test: 50.71%
Epoch: 100, Loss: 0.6087, Train: 85.96%, Valid: 85.93%, Test: 86.36%
Epoch: 150, Loss: 0.4503, Train: 90.30%, Valid: 89.44%, Test: 90.02%
Epoch: 200, Loss: 26.3623, Train: 4.81%, Valid: 4.45%, Test: 5.23%
Epoch: 250, Loss: 10.4024, Train: 12.76%, Valid: 12.71%, Test: 12.08%
Epoch: 300, Loss: 5.3029, Train: 22.09%, Valid: 22.44%, Test: 21.54%
Epoch: 350, Loss: 3.7644, Train: 22.09%, Valid: 22.44%, Test: 21.54%
Run 07:Highest Train: 90.51 Highest Valid: 90.12 Highest Test: 91.11 Chosen epoch: 165
Final Train: 90.51 Final Test: 91.11
Epoch: 00, Loss: 2.0786, Train: 25.36%, Valid: 24.74%, Test: 26.03%
Epoch: 50, Loss: 1.9174, Train: 25.36%, Valid: 24.74%, Test: 26.03%
Epoch: 100, Loss: 1.6844, Train: 43.29%, Valid: 43.41%, Test: 42.76%
Epoch: 150, Loss: 1.1260, Train: 58.30%, Valid: 57.37%, Test: 58.86%
Epoch: 200, Loss: 0.8351, Train: 71.90%, Valid: 70.82%, Test: 71.14%
Epoch: 250, Loss: 0.6141, Train: 88.00%, Valid: 87.19%, Test: 87.25%
Epoch: 300, Loss: 0.5501, Train: 87.66%, Valid: 87.40%, Test: 86.46%
Epoch: 350, Loss: 0.5523, Train: 88.10%, Valid: 87.03%, Test: 87.66%
Epoch: 400, Loss: 0.4709, Train: 89.46%, Valid: 87.97%, Test: 88.34%
Epoch: 450, Loss: 0.4895, Train: 89.36%, Valid: 88.49%, Test: 88.87%
Run 08:Highest Train: 91.37 Highest Valid: 89.54 Highest Test: 90.38 Chosen epoch: 437
Final Train: 91.16 Final Test: 89.96
Epoch: 00, Loss: 2.0792, Train: 25.96%, Valid: 24.42%, Test: 25.09%
Epoch: 50, Loss: 1.9192, Train: 26.01%, Valid: 24.37%, Test: 25.09%
Epoch: 100, Loss: 1.9064, Train: 26.04%, Valid: 24.37%, Test: 25.09%
Epoch: 150, Loss: 1.7718, Train: 42.27%, Valid: 42.00%, Test: 42.24%
Epoch: 200, Loss: 1.2062, Train: 55.08%, Valid: 53.24%, Test: 53.89%
Epoch: 250, Loss: 0.9398, Train: 79.40%, Valid: 80.33%, Test: 78.72%
Epoch: 300, Loss: 0.6695, Train: 81.36%, Valid: 81.85%, Test: 81.70%
Epoch: 350, Loss: 0.5984, Train: 87.08%, Valid: 88.23%, Test: 87.09%
Epoch: 400, Loss: 0.5244, Train: 89.12%, Valid: 89.07%, Test: 88.03%
Epoch: 450, Loss: 0.4828, Train: 88.92%, Valid: 89.75%, Test: 87.66%
Run 09:Highest Train: 91.03 Highest Valid: 90.90 Highest Test: 89.91 Chosen epoch: 493
Final Train: 90.72 Final Test: 89.91
Epoch: 00, Loss: 2.0795, Train: 25.18%, Valid: 24.48%, Test: 26.08%
Epoch: 50, Loss: 1.9282, Train: 25.31%, Valid: 24.74%, Test: 26.14%
Epoch: 100, Loss: 1.9024, Train: 25.36%, Valid: 24.74%, Test: 26.14%
Epoch: 150, Loss: 1.5268, Train: 42.82%, Valid: 43.36%, Test: 42.92%
Epoch: 200, Loss: 0.9041, Train: 78.25%, Valid: 78.40%, Test: 77.31%
Epoch: 250, Loss: 0.6336, Train: 84.94%, Valid: 84.26%, Test: 84.84%
Epoch: 300, Loss: 0.4757, Train: 89.80%, Valid: 89.64%, Test: 89.49%
Epoch: 350, Loss: 0.4361, Train: 90.07%, Valid: 90.43%, Test: 88.97%
Epoch: 400, Loss: 0.4248, Train: 90.98%, Valid: 91.47%, Test: 90.33%
Epoch: 450, Loss: 0.3981, Train: 90.51%, Valid: 89.80%, Test: 89.18%
Run 10:Highest Train: 91.50 Highest Valid: 92.00 Highest Test: 90.90 Chosen epoch: 474
Final Train: 91.29 Final Test: 90.80
10 runs: Highest Train: 91.62 ± 0.66 Highest val epoch:473
Highest Test: 91.10 ± 0.78 Final Test: 90.84 ± 0.69
[2026-03-25 05:26:29] DONE  gat_amazon-photo
[2026-03-25 05:26:29] === Phase 2 SECTION 2: ogbn-arxiv Timing ===
[2026-03-25 05:26:29] START timing_arxiv_sgformer → logs/h100_round3/timing_arxiv_sgformer.log
tee: logs/h100_round3/timing_arxiv_sgformer.log: No such file or directory
/teamspace/studios/this_studio/PCGT/large/logger.py:76: SyntaxWarning: invalid escape sequence '\p'
  f"{results.mean():.2f} $\pm$ {results.std():.2f} \n")
Namespace(dataset='ogbn-arxiv', sub_dataset='', data_dir='../data', device=0, seed=123, cpu=False, epochs=500, runs=1, directed=False, train_prop=0.5, valid_prop=0.25, protocol='semi', rand_split=False, rand_split_class=False, label_num_per_class=20, metric='acc', method='sgformer', hidden_channels=256, use_graph=True, aggregate='add', graph_weight=0.5, gnn_use_bn=True, gnn_use_residual=True, gnn_use_weight=True, gnn_use_init=False, gnn_use_act=True, gnn_num_layers=3, gnn_dropout=0.5, gnn_weight_decay=0.0, trans_num_heads=1, trans_use_weight=True, trans_use_bn=True, trans_use_residual=True, trans_use_act=False, trans_num_layers=1, trans_dropout=0.5, trans_weight_decay=0.0, lr=0.001, batch_size=10000, patience=200, display_step=1, eval_step=9, cached=False, print_prop=False, save_result=False, save_model=False, use_pretrained=False, save_att=False, model_dir='../../model/', hops=2, gat_heads=4, out_heads=1, num_partitions=500, partition_method='metis')
ogbn-arxiv
Downloading http://snap.stanford.edu/ogb/data/nodeproppred/arxiv.zip
  0%|          | 0/81 [00:00<?, ?it/s]Downloaded 0.00 GB:   0%|          | 0/81 [00:02<?, ?it/s]Downloaded 0.00 GB:   1%|          | 1/81 [00:02<02:55,  2.19s/it]Downloaded 0.00 GB:   1%|          | 1/81 [00:02<02:55,  2.19s/it]Downloaded 0.00 GB:   2%|▏         | 2/81 [00:02<01:40,  1.27s/it]Downloaded 0.00 GB:   2%|▏         | 2/81 [00:03<01:40,  1.27s/it]Downloaded 0.00 GB:   4%|▎         | 3/81 [00:03<01:04,  1.20it/s]Downloaded 0.00 GB:   4%|▎         | 3/81 [00:03<01:04,  1.20it/s]Downloaded 0.00 GB:   5%|▍         | 4/81 [00:03<00:43,  1.76it/s]Downloaded 0.00 GB:   5%|▍         | 4/81 [00:03<00:43,  1.76it/s]Downloaded 0.00 GB:   6%|▌         | 5/81 [00:03<00:36,  2.10it/s]Downloaded 0.01 GB:   6%|▌         | 5/81 [00:03<00:36,  2.10it/s]Downloaded 0.01 GB:   7%|▋         | 6/81 [00:03<00:27,  2.71it/s]Downloaded 0.01 GB:   7%|▋         | 6/81 [00:04<00:27,  2.71it/s]Downloaded 0.01 GB:   9%|▊         | 7/81 [00:04<00:25,  2.85it/s]Downloaded 0.01 GB:   9%|▊         | 7/81 [00:04<00:25,  2.85it/s]Downloaded 0.01 GB:  10%|▉         | 8/81 [00:04<00:24,  2.96it/s]Downloaded 0.01 GB:  10%|▉         | 8/81 [00:04<00:24,  2.96it/s]Downloaded 0.01 GB:  11%|█         | 9/81 [00:04<00:23,  3.05it/s]Downloaded 0.01 GB:  11%|█         | 9/81 [00:04<00:23,  3.05it/s]Downloaded 0.01 GB:  12%|█▏        | 10/81 [00:04<00:19,  3.60it/s]Downloaded 0.01 GB:  12%|█▏        | 10/81 [00:05<00:19,  3.60it/s]Downloaded 0.01 GB:  14%|█▎        | 11/81 [00:05<00:20,  3.48it/s]Downloaded 0.01 GB:  14%|█▎        | 11/81 [00:05<00:20,  3.48it/s]Downloaded 0.01 GB:  15%|█▍        | 12/81 [00:05<00:17,  4.01it/s]Downloaded 0.01 GB:  15%|█▍        | 12/81 [00:05<00:17,  4.01it/s]Downloaded 0.01 GB:  16%|█▌        | 13/81 [00:05<00:18,  3.75it/s]Downloaded 0.01 GB:  16%|█▌        | 13/81 [00:05<00:18,  3.75it/s]Downloaded 0.01 GB:  17%|█▋        | 14/81 [00:05<00:15,  4.25it/s]Downloaded 0.01 GB:  17%|█▋        | 14/81 [00:06<00:15,  4.25it/s]Downloaded 0.01 GB:  19%|█▊        | 15/81 [00:06<00:16,  3.89it/s]Downloaded 0.02 GB:  19%|█▊        | 15/81 [00:06<00:16,  3.89it/s]Downloaded 0.02 GB:  20%|█▉        | 16/81 [00:06<00:14,  4.39it/s]Downloaded 0.02 GB:  20%|█▉        | 16/81 [00:06<00:14,  4.39it/s]Downloaded 0.02 GB:  21%|██        | 17/81 [00:06<00:16,  3.99it/s]Downloaded 0.02 GB:  21%|██        | 17/81 [00:06<00:16,  3.99it/s]Downloaded 0.02 GB:  22%|██▏       | 18/81 [00:06<00:14,  4.45it/s]Downloaded 0.02 GB:  22%|██▏       | 18/81 [00:07<00:14,  4.45it/s]Downloaded 0.02 GB:  23%|██▎       | 19/81 [00:07<00:14,  4.19it/s]Downloaded 0.02 GB:  23%|██▎       | 19/81 [00:07<00:14,  4.19it/s]Downloaded 0.02 GB:  25%|██▍       | 20/81 [00:07<00:13,  4.43it/s]Downloaded 0.02 GB:  25%|██▍       | 20/81 [00:07<00:13,  4.43it/s]Downloaded 0.02 GB:  26%|██▌       | 21/81 [00:07<00:12,  4.85it/s]Downloaded 0.02 GB:  26%|██▌       | 21/81 [00:07<00:12,  4.85it/s]Downloaded 0.02 GB:  27%|██▋       | 22/81 [00:07<00:13,  4.25it/s]Downloaded 0.02 GB:  27%|██▋       | 22/81 [00:07<00:13,  4.25it/s]Downloaded 0.02 GB:  28%|██▊       | 23/81 [00:07<00:12,  4.68it/s]Downloaded 0.02 GB:  28%|██▊       | 23/81 [00:07<00:12,  4.68it/s]Downloaded 0.02 GB:  30%|██▉       | 24/81 [00:07<00:11,  5.06it/s]Downloaded 0.02 GB:  30%|██▉       | 24/81 [00:08<00:11,  5.06it/s]Downloaded 0.02 GB:  31%|███       | 25/81 [00:08<00:13,  4.29it/s]Downloaded 0.03 GB:  31%|███       | 25/81 [00:08<00:13,  4.29it/s]Downloaded 0.03 GB:  32%|███▏      | 26/81 [00:08<00:11,  4.74it/s]Downloaded 0.03 GB:  32%|███▏      | 26/81 [00:08<00:11,  4.74it/s]Downloaded 0.03 GB:  33%|███▎      | 27/81 [00:08<00:10,  5.11it/s]Downloaded 0.03 GB:  33%|███▎      | 27/81 [00:08<00:10,  5.11it/s]Downloaded 0.03 GB:  35%|███▍      | 28/81 [00:08<00:12,  4.37it/s]Downloaded 0.03 GB:  35%|███▍      | 28/81 [00:09<00:12,  4.37it/s]Downloaded 0.03 GB:  36%|███▌      | 29/81 [00:09<00:10,  4.80it/s]Downloaded 0.03 GB:  36%|███▌      | 29/81 [00:09<00:10,  4.80it/s]Downloaded 0.03 GB:  37%|███▋      | 30/81 [00:09<00:09,  5.16it/s]Downloaded 0.03 GB:  37%|███▋      | 30/81 [00:09<00:09,  5.16it/s]Downloaded 0.03 GB:  38%|███▊      | 31/81 [00:09<00:11,  4.40it/s]Downloaded 0.03 GB:  38%|███▊      | 31/81 [00:09<00:11,  4.40it/s]Downloaded 0.03 GB:  40%|███▉      | 32/81 [00:09<00:10,  4.82it/s]Downloaded 0.03 GB:  40%|███▉      | 32/81 [00:09<00:10,  4.82it/s]Downloaded 0.03 GB:  41%|████      | 33/81 [00:09<00:09,  5.17it/s]Downloaded 0.03 GB:  41%|████      | 33/81 [00:10<00:09,  5.17it/s]Downloaded 0.03 GB:  42%|████▏     | 34/81 [00:10<00:10,  4.41it/s]Downloaded 0.03 GB:  42%|████▏     | 34/81 [00:10<00:10,  4.41it/s]Downloaded 0.03 GB:  43%|████▎     | 35/81 [00:10<00:09,  4.84it/s]Downloaded 0.04 GB:  43%|████▎     | 35/81 [00:10<00:09,  4.84it/s]Downloaded 0.04 GB:  44%|████▍     | 36/81 [00:10<00:08,  5.19it/s]Downloaded 0.04 GB:  44%|████▍     | 36/81 [00:10<00:08,  5.19it/s]Downloaded 0.04 GB:  46%|████▌     | 37/81 [00:10<00:09,  4.42it/s]Downloaded 0.04 GB:  46%|████▌     | 37/81 [00:10<00:09,  4.42it/s]Downloaded 0.04 GB:  47%|████▋     | 38/81 [00:10<00:08,  4.83it/s]Downloaded 0.04 GB:  47%|████▋     | 38/81 [00:11<00:08,  4.83it/s]Downloaded 0.04 GB:  48%|████▊     | 39/81 [00:11<00:08,  5.18it/s]Downloaded 0.04 GB:  48%|████▊     | 39/81 [00:11<00:08,  5.18it/s]Downloaded 0.04 GB:  49%|████▉     | 40/81 [00:11<00:09,  4.42it/s]Downloaded 0.04 GB:  49%|████▉     | 40/81 [00:11<00:09,  4.42it/s]Downloaded 0.04 GB:  51%|█████     | 41/81 [00:11<00:08,  4.80it/s]Downloaded 0.04 GB:  51%|█████     | 41/81 [00:11<00:08,  4.80it/s]Downloaded 0.04 GB:  52%|█████▏    | 42/81 [00:11<00:07,  5.15it/s]Downloaded 0.04 GB:  52%|█████▏    | 42/81 [00:12<00:07,  5.15it/s]Downloaded 0.04 GB:  53%|█████▎    | 43/81 [00:12<00:08,  4.43it/s]Downloaded 0.04 GB:  53%|█████▎    | 43/81 [00:12<00:08,  4.43it/s]Downloaded 0.04 GB:  54%|█████▍    | 44/81 [00:12<00:07,  4.80it/s]Downloaded 0.04 GB:  54%|█████▍    | 44/81 [00:12<00:07,  4.80it/s]Downloaded 0.04 GB:  56%|█████▌    | 45/81 [00:12<00:06,  5.16it/s]Downloaded 0.04 GB:  56%|█████▌    | 45/81 [00:12<00:06,  5.16it/s]Downloaded 0.04 GB:  57%|█████▋    | 46/81 [00:12<00:07,  4.77it/s]Downloaded 0.05 GB:  57%|█████▋    | 46/81 [00:12<00:07,  4.77it/s]Downloaded 0.05 GB:  58%|█████▊    | 47/81 [00:12<00:07,  4.71it/s]Downloaded 0.05 GB:  58%|█████▊    | 47/81 [00:13<00:07,  4.71it/s]Downloaded 0.05 GB:  59%|█████▉    | 48/81 [00:13<00:06,  5.00it/s]Downloaded 0.05 GB:  59%|█████▉    | 48/81 [00:13<00:06,  5.00it/s]Downloaded 0.05 GB:  60%|██████    | 49/81 [00:13<00:06,  5.22it/s]Downloaded 0.05 GB:  60%|██████    | 49/81 [00:13<00:06,  5.22it/s]Downloaded 0.05 GB:  62%|██████▏   | 50/81 [00:13<00:06,  4.56it/s]Downloaded 0.05 GB:  62%|██████▏   | 50/81 [00:13<00:06,  4.56it/s]Downloaded 0.05 GB:  63%|██████▎   | 51/81 [00:13<00:06,  4.85it/s]Downloaded 0.05 GB:  63%|██████▎   | 51/81 [00:13<00:06,  4.85it/s]Downloaded 0.05 GB:  64%|██████▍   | 52/81 [00:13<00:05,  5.20it/s]Downloaded 0.05 GB:  64%|██████▍   | 52/81 [00:14<00:05,  5.20it/s]Downloaded 0.05 GB:  65%|██████▌   | 53/81 [00:14<00:06,  4.57it/s]Downloaded 0.05 GB:  65%|██████▌   | 53/81 [00:14<00:06,  4.57it/s]Downloaded 0.05 GB:  67%|██████▋   | 54/81 [00:14<00:05,  4.78it/s]Downloaded 0.05 GB:  67%|██████▋   | 54/81 [00:14<00:05,  4.78it/s]Downloaded 0.05 GB:  68%|██████▊   | 55/81 [00:14<00:05,  5.10it/s]Downloaded 0.05 GB:  68%|██████▊   | 55/81 [00:14<00:05,  5.10it/s]Downloaded 0.05 GB:  69%|██████▉   | 56/81 [00:14<00:05,  4.43it/s]Downloaded 0.06 GB:  69%|██████▉   | 56/81 [00:14<00:05,  4.43it/s]Downloaded 0.06 GB:  70%|███████   | 57/81 [00:14<00:05,  4.79it/s]Downloaded 0.06 GB:  70%|███████   | 57/81 [00:15<00:05,  4.79it/s]Downloaded 0.06 GB:  72%|███████▏  | 58/81 [00:15<00:04,  5.14it/s]Downloaded 0.06 GB:  72%|███████▏  | 58/81 [00:15<00:04,  5.14it/s]Downloaded 0.06 GB:  73%|███████▎  | 59/81 [00:15<00:04,  5.41it/s]Downloaded 0.06 GB:  73%|███████▎  | 59/81 [00:15<00:04,  5.41it/s]Downloaded 0.06 GB:  74%|███████▍  | 60/81 [00:15<00:04,  4.60it/s]Downloaded 0.06 GB:  74%|███████▍  | 60/81 [00:15<00:04,  4.60it/s]Downloaded 0.06 GB:  75%|███████▌  | 61/81 [00:15<00:04,  4.94it/s]Downloaded 0.06 GB:  75%|███████▌  | 61/81 [00:15<00:04,  4.94it/s]Downloaded 0.06 GB:  77%|███████▋  | 62/81 [00:15<00:03,  5.27it/s]Downloaded 0.06 GB:  77%|███████▋  | 62/81 [00:16<00:03,  5.27it/s]Downloaded 0.06 GB:  78%|███████▊  | 63/81 [00:16<00:03,  5.53it/s]Downloaded 0.06 GB:  78%|███████▊  | 63/81 [00:16<00:03,  5.53it/s]Downloaded 0.06 GB:  79%|███████▉  | 64/81 [00:16<00:03,  4.67it/s]Downloaded 0.06 GB:  79%|███████▉  | 64/81 [00:16<00:03,  4.67it/s]Downloaded 0.06 GB:  80%|████████  | 65/81 [00:16<00:03,  5.04it/s]Downloaded 0.06 GB:  80%|████████  | 65/81 [00:16<00:03,  5.04it/s]Downloaded 0.06 GB:  81%|████████▏ | 66/81 [00:16<00:02,  5.29it/s]Downloaded 0.07 GB:  81%|████████▏ | 66/81 [00:16<00:02,  5.29it/s]Downloaded 0.07 GB:  83%|████████▎ | 67/81 [00:16<00:02,  5.54it/s]Downloaded 0.07 GB:  83%|████████▎ | 67/81 [00:16<00:02,  5.54it/s]Downloaded 0.07 GB:  84%|████████▍ | 68/81 [00:16<00:02,  5.75it/s]Downloaded 0.07 GB:  84%|████████▍ | 68/81 [00:17<00:02,  5.75it/s]Downloaded 0.07 GB:  85%|████████▌ | 69/81 [00:17<00:02,  5.39it/s]Downloaded 0.07 GB:  85%|████████▌ | 69/81 [00:17<00:02,  5.39it/s]Downloaded 0.07 GB:  86%|████████▋ | 70/81 [00:17<00:02,  4.96it/s]Downloaded 0.07 GB:  86%|████████▋ | 70/81 [00:17<00:02,  4.96it/s]Downloaded 0.07 GB:  88%|████████▊ | 71/81 [00:17<00:01,  5.30it/s]Downloaded 0.07 GB:  88%|████████▊ | 71/81 [00:17<00:01,  5.30it/s]Downloaded 0.07 GB:  89%|████████▉ | 72/81 [00:17<00:01,  5.55it/s]Downloaded 0.07 GB:  89%|████████▉ | 72/81 [00:17<00:01,  5.55it/s]Downloaded 0.07 GB:  90%|█████████ | 73/81 [00:17<00:01,  5.69it/s]Downloaded 0.07 GB:  90%|█████████ | 73/81 [00:18<00:01,  5.69it/s]Downloaded 0.07 GB:  91%|█████████▏| 74/81 [00:18<00:01,  5.85it/s]Downloaded 0.07 GB:  91%|█████████▏| 74/81 [00:18<00:01,  5.85it/s]Downloaded 0.07 GB:  93%|█████████▎| 75/81 [00:18<00:01,  5.97it/s]Downloaded 0.07 GB:  93%|█████████▎| 75/81 [00:18<00:01,  5.97it/s]Downloaded 0.07 GB:  94%|█████████▍| 76/81 [00:18<00:00,  6.07it/s]Downloaded 0.08 GB:  94%|█████████▍| 76/81 [00:18<00:00,  6.07it/s]Downloaded 0.08 GB:  95%|█████████▌| 77/81 [00:18<00:00,  6.15it/s]Downloaded 0.08 GB:  95%|█████████▌| 77/81 [00:18<00:00,  6.15it/s]Downloaded 0.08 GB:  96%|█████████▋| 78/81 [00:18<00:00,  6.20it/s]Downloaded 0.08 GB:  96%|█████████▋| 78/81 [00:18<00:00,  6.20it/s]Downloaded 0.08 GB:  98%|█████████▊| 79/81 [00:18<00:00,  6.26it/s]Downloaded 0.08 GB:  98%|█████████▊| 79/81 [00:18<00:00,  6.26it/s]Downloaded 0.08 GB:  98%|█████████▊| 79/81 [00:18<00:00,  6.26it/s]Downloaded 0.08 GB: 100%|██████████| 81/81 [00:18<00:00,  4.29it/s]
Extracting ../dataogb/arxiv.zip
Loading necessary files...
This might take a while.
Processing graphs...
  0%|          | 0/1 [00:00<?, ?it/s]100%|██████████| 1/1 [00:00<00:00, 28149.69it/s]
Saving...
dataset ogbn-arxiv | num nodes 169343 | num edge 1166243 | num node feats 128 | num classes 40
MODEL: SGFormer(
  (trans_conv): TransConv(
    (convs): ModuleList(
      (0): TransConvLayer(
        (Wk): Linear(in_features=256, out_features=256, bias=True)
        (Wq): Linear(in_features=256, out_features=256, bias=True)
        (Wv): Linear(in_features=256, out_features=256, bias=True)
      )
    )
    (fcs): ModuleList(
      (0): Linear(in_features=128, out_features=256, bias=True)
    )
    (bns): ModuleList(
      (0-1): 2 x LayerNorm((256,), eps=1e-05, elementwise_affine=True)
    )
  )
  (graph_conv): GraphConv(
    (convs): ModuleList(
      (0-2): 3 x GraphConvLayer(
        (W): Linear(in_features=256, out_features=256, bias=True)
      )
    )
    (fcs): ModuleList(
      (0): Linear(in_features=128, out_features=256, bias=True)
    )
    (bns): ModuleList(
      (0-3): 4 x BatchNorm1d(256, eps=1e-05, momentum=0.1, affine=True, track_running_stats=True)
    )
  )
  (fc): Linear(in_features=256, out_features=40, bias=True)
)
Epoch: 00, Loss: 3.9840, Train: 7.55%, Valid: 4.38%, Test: 3.80%
Epoch: 09, Loss: 2.3168, Train: 13.79%, Valid: 23.94%, Test: 22.19%
Epoch: 18, Loss: 1.9384, Train: 29.78%, Valid: 36.02%, Test: 35.73%
Epoch: 27, Loss: 1.6813, Train: 39.11%, Valid: 44.53%, Test: 45.39%
Epoch: 36, Loss: 1.5047, Train: 54.38%, Valid: 56.09%, Test: 55.11%
Epoch: 45, Loss: 1.3964, Train: 61.14%, Valid: 61.52%, Test: 60.63%
Epoch: 54, Loss: 1.3176, Train: 64.19%, Valid: 64.08%, Test: 63.33%
Epoch: 63, Loss: 1.2615, Train: 65.89%, Valid: 65.86%, Test: 65.23%
Epoch: 72, Loss: 1.2176, Train: 67.32%, Valid: 67.04%, Test: 66.45%
Epoch: 81, Loss: 1.1758, Train: 68.62%, Valid: 67.98%, Test: 67.14%
Epoch: 90, Loss: 1.1469, Train: 69.46%, Valid: 68.63%, Test: 67.94%
Epoch: 99, Loss: 1.1193, Train: 70.25%, Valid: 69.09%, Test: 68.19%
Epoch: 108, Loss: 1.0949, Train: 70.96%, Valid: 69.67%, Test: 68.78%
Epoch: 117, Loss: 1.0697, Train: 71.47%, Valid: 70.05%, Test: 69.25%
Epoch: 126, Loss: 1.0569, Train: 71.97%, Valid: 70.32%, Test: 69.68%
Epoch: 135, Loss: 1.0377, Train: 72.30%, Valid: 70.63%, Test: 70.12%
Epoch: 144, Loss: 1.0227, Train: 72.77%, Valid: 70.88%, Test: 70.25%
Epoch: 153, Loss: 1.0092, Train: 73.23%, Valid: 71.16%, Test: 70.33%
Epoch: 162, Loss: 0.9992, Train: 73.49%, Valid: 71.15%, Test: 70.33%
Epoch: 171, Loss: 0.9807, Train: 73.98%, Valid: 71.55%, Test: 70.77%
Epoch: 180, Loss: 0.9699, Train: 74.28%, Valid: 71.55%, Test: 71.05%
Epoch: 189, Loss: 0.9641, Train: 74.62%, Valid: 71.76%, Test: 71.08%
Epoch: 198, Loss: 0.9520, Train: 74.91%, Valid: 72.03%, Test: 71.23%
Epoch: 207, Loss: 0.9463, Train: 75.14%, Valid: 72.06%, Test: 71.31%
Epoch: 216, Loss: 0.9328, Train: 75.38%, Valid: 72.10%, Test: 71.41%
Epoch: 225, Loss: 0.9266, Train: 75.67%, Valid: 72.18%, Test: 71.77%
Epoch: 234, Loss: 0.9195, Train: 75.87%, Valid: 72.33%, Test: 71.79%
Epoch: 243, Loss: 0.9066, Train: 76.12%, Valid: 72.37%, Test: 71.26%
Epoch: 252, Loss: 0.8995, Train: 76.35%, Valid: 72.46%, Test: 71.35%
Epoch: 261, Loss: 0.8946, Train: 76.56%, Valid: 72.63%, Test: 71.83%
Epoch: 270, Loss: 0.8854, Train: 76.67%, Valid: 72.70%, Test: 71.92%
Epoch: 279, Loss: 0.8806, Train: 76.90%, Valid: 72.90%, Test: 71.81%
Epoch: 288, Loss: 0.8713, Train: 77.02%, Valid: 72.72%, Test: 71.79%
Epoch: 297, Loss: 0.8672, Train: 77.07%, Valid: 72.77%, Test: 71.88%
Epoch: 306, Loss: 0.8603, Train: 77.40%, Valid: 72.69%, Test: 71.88%
Epoch: 315, Loss: 0.8580, Train: 77.57%, Valid: 72.99%, Test: 72.16%
Epoch: 324, Loss: 0.8526, Train: 77.74%, Valid: 72.91%, Test: 71.28%
Epoch: 333, Loss: 0.8463, Train: 77.68%, Valid: 72.90%, Test: 72.39%
Epoch: 342, Loss: 0.8429, Train: 77.93%, Valid: 73.03%, Test: 72.34%
Epoch: 351, Loss: 0.8380, Train: 78.20%, Valid: 73.01%, Test: 71.51%
Epoch: 360, Loss: 0.8358, Train: 78.31%, Valid: 73.00%, Test: 71.39%
Epoch: 369, Loss: 0.8295, Train: 78.32%, Valid: 73.03%, Test: 72.12%
Epoch: 378, Loss: 0.8231, Train: 78.63%, Valid: 73.43%, Test: 72.41%
Epoch: 387, Loss: 0.8223, Train: 78.71%, Valid: 73.24%, Test: 72.38%
Epoch: 396, Loss: 0.8182, Train: 78.76%, Valid: 73.27%, Test: 72.37%
Epoch: 405, Loss: 0.8114, Train: 79.01%, Valid: 73.22%, Test: 71.83%
Epoch: 414, Loss: 0.8077, Train: 79.10%, Valid: 73.20%, Test: 72.02%
Epoch: 423, Loss: 0.8056, Train: 79.16%, Valid: 73.30%, Test: 72.49%
Epoch: 432, Loss: 0.8007, Train: 79.39%, Valid: 73.49%, Test: 72.28%
Epoch: 441, Loss: 0.7995, Train: 79.51%, Valid: 73.37%, Test: 72.20%
Epoch: 450, Loss: 0.7937, Train: 79.54%, Valid: 73.56%, Test: 72.57%
Epoch: 459, Loss: 0.7916, Train: 79.71%, Valid: 73.38%, Test: 71.96%
Epoch: 468, Loss: 0.7869, Train: 79.76%, Valid: 73.43%, Test: 72.13%
Epoch: 477, Loss: 0.7863, Train: 79.88%, Valid: 73.65%, Test: 72.60%
Epoch: 486, Loss: 0.7836, Train: 79.87%, Valid: 73.59%, Test: 72.58%
Epoch: 495, Loss: 0.7775, Train: 80.08%, Valid: 73.55%, Test: 72.07%
Run 01:Highest Train: 80.08 Highest Valid: 73.65 Highest Test: 72.60
Chosen epoch: 54 Final Train: 79.88 Final Test: 72.60
Average epoch time: 56.76 ms
All runs:
Highest Train: 80.08 ± nan
Highest Test: 72.60 ± nan
Highest Valid: 73.65 ± nan
  Final Train: 79.88 ± nan
   Final Test: 72.60 ± nan
[2026-03-25 05:27:29] DONE  timing_arxiv_sgformer
[2026-03-25 05:27:29] START timing_arxiv_pcgt → logs/h100_round3/timing_arxiv_pcgt.log
tee: logs/h100_round3/timing_arxiv_pcgt.log: No such file or directory
Namespace(dataset='ogbn-arxiv', sub_dataset='', data_dir='../data', device=0, seed=123, cpu=False, epochs=500, runs=1, directed=False, train_prop=0.5, valid_prop=0.25, protocol='semi', rand_split=False, rand_split_class=False, label_num_per_class=20, metric='acc', method='pcgt', hidden_channels=256, use_graph=True, aggregate='add', graph_weight=0.5, gnn_use_bn=True, gnn_use_residual=True, gnn_use_weight=True, gnn_use_init=False, gnn_use_act=True, gnn_num_layers=3, gnn_dropout=0.5, gnn_weight_decay=0.0, trans_num_heads=1, trans_use_weight=True, trans_use_bn=True, trans_use_residual=True, trans_use_act=False, trans_num_layers=1, trans_dropout=0.5, trans_weight_decay=0.0, lr=0.001, batch_size=10000, patience=200, display_step=1, eval_step=9, cached=False, print_prop=False, save_result=False, save_model=False, use_pretrained=False, save_att=False, model_dir='../../model/', hops=2, gat_heads=4, out_heads=1, num_partitions=256, partition_method='metis')
ogbn-arxiv
dataset ogbn-arxiv | num nodes 169343 | num edge 1166243 | num node feats 128 | num classes 40
Computing 256 partitions using metis...
Partitions: 256, avg size: 661, max size: 681, boundary: 109448/169343 (64.6%)
MODEL: PCGTFormer(
  (pcgt_conv): PCGTConv(
    (fcs): ModuleList(
      (0): Linear(in_features=128, out_features=256, bias=True)
    )
    (bns): ModuleList(
      (0-1): 2 x LayerNorm((256,), eps=1e-05, elementwise_affine=True)
    )
    (partition_pe): Embedding(256, 256)
    (convs): ModuleList(
      (0): PCGTConvLayer(
        (Wq): Linear(in_features=256, out_features=256, bias=True)
        (Wk): Linear(in_features=256, out_features=256, bias=True)
        (Wv): Linear(in_features=256, out_features=256, bias=True)
      )
    )
  )
  (graph_conv): GraphConv(
    (convs): ModuleList(
      (0-2): 3 x GraphConvLayer(
        (W): Linear(in_features=256, out_features=256, bias=True)
      )
    )
    (fcs): ModuleList(
      (0): Linear(in_features=128, out_features=256, bias=True)
    )
    (bns): ModuleList(
      (0-3): 4 x BatchNorm1d(256, eps=1e-05, momentum=0.1, affine=True, track_running_stats=True)
    )
  )
  (fc): Linear(in_features=256, out_features=40, bias=True)
)
Epoch: 00, Loss: 3.8606, Train: 17.92%, Valid: 7.66%, Test: 5.89%
Epoch: 09, Loss: 2.3021, Train: 17.91%, Valid: 27.12%, Test: 26.30%
Epoch: 18, Loss: 1.8903, Train: 29.08%, Valid: 35.26%, Test: 35.15%
Epoch: 27, Loss: 1.5956, Train: 41.35%, Valid: 47.45%, Test: 48.90%
Epoch: 36, Loss: 1.4134, Train: 56.34%, Valid: 58.77%, Test: 58.97%
Epoch: 45, Loss: 1.2929, Train: 63.48%, Valid: 64.47%, Test: 64.13%
Epoch: 54, Loss: 1.2097, Train: 66.76%, Valid: 66.63%, Test: 65.85%
Epoch: 63, Loss: 1.1428, Train: 68.63%, Valid: 68.16%, Test: 67.11%
Epoch: 72, Loss: 1.0967, Train: 69.96%, Valid: 69.17%, Test: 68.06%
Epoch: 81, Loss: 1.0577, Train: 70.82%, Valid: 69.67%, Test: 68.64%
Epoch: 90, Loss: 1.0306, Train: 71.52%, Valid: 70.09%, Test: 68.98%
Epoch: 99, Loss: 1.0073, Train: 72.02%, Valid: 70.35%, Test: 69.05%
Epoch: 108, Loss: 0.9869, Train: 72.43%, Valid: 70.71%, Test: 69.64%
Epoch: 117, Loss: 0.9729, Train: 72.84%, Valid: 70.78%, Test: 69.85%
Epoch: 126, Loss: 0.9578, Train: 73.34%, Valid: 71.05%, Test: 70.00%
Epoch: 135, Loss: 0.9425, Train: 73.73%, Valid: 71.12%, Test: 69.85%
Epoch: 144, Loss: 0.9363, Train: 74.00%, Valid: 71.37%, Test: 70.12%
Epoch: 153, Loss: 0.9247, Train: 74.30%, Valid: 71.40%, Test: 70.24%
Epoch: 162, Loss: 0.9125, Train: 74.56%, Valid: 71.58%, Test: 70.26%
Epoch: 171, Loss: 0.9048, Train: 74.78%, Valid: 71.47%, Test: 70.39%
Epoch: 180, Loss: 0.8964, Train: 75.08%, Valid: 71.64%, Test: 70.36%
Epoch: 189, Loss: 0.8864, Train: 75.31%, Valid: 71.65%, Test: 70.20%
Epoch: 198, Loss: 0.8816, Train: 75.61%, Valid: 71.97%, Test: 70.63%
Epoch: 207, Loss: 0.8707, Train: 75.81%, Valid: 71.98%, Test: 70.55%
Epoch: 216, Loss: 0.8617, Train: 76.04%, Valid: 72.00%, Test: 70.57%
Epoch: 225, Loss: 0.8571, Train: 76.25%, Valid: 71.80%, Test: 70.28%
Epoch: 234, Loss: 0.8509, Train: 76.40%, Valid: 72.25%, Test: 70.79%
Epoch: 243, Loss: 0.8457, Train: 76.58%, Valid: 72.17%, Test: 70.73%
Epoch: 252, Loss: 0.8375, Train: 76.72%, Valid: 72.22%, Test: 70.82%
Epoch: 261, Loss: 0.8346, Train: 76.98%, Valid: 72.09%, Test: 70.18%
Epoch: 270, Loss: 0.8268, Train: 77.15%, Valid: 72.46%, Test: 71.00%
Epoch: 279, Loss: 0.8176, Train: 77.38%, Valid: 72.48%, Test: 71.22%
Epoch: 288, Loss: 0.8162, Train: 77.54%, Valid: 72.45%, Test: 70.98%
Epoch: 297, Loss: 0.8083, Train: 77.63%, Valid: 72.51%, Test: 71.32%
Epoch: 306, Loss: 0.8045, Train: 77.82%, Valid: 72.80%, Test: 71.53%
Epoch: 315, Loss: 0.8010, Train: 78.02%, Valid: 72.62%, Test: 71.06%
Epoch: 324, Loss: 0.7967, Train: 78.12%, Valid: 72.64%, Test: 71.40%
Epoch: 333, Loss: 0.7937, Train: 78.28%, Valid: 72.72%, Test: 70.92%
Epoch: 342, Loss: 0.7868, Train: 78.38%, Valid: 72.93%, Test: 71.80%
Epoch: 351, Loss: 0.7816, Train: 78.55%, Valid: 72.76%, Test: 71.16%
Epoch: 360, Loss: 0.7788, Train: 78.74%, Valid: 72.79%, Test: 71.41%
Epoch: 369, Loss: 0.7750, Train: 78.83%, Valid: 72.77%, Test: 71.17%
Epoch: 378, Loss: 0.7712, Train: 78.87%, Valid: 72.76%, Test: 71.59%
Epoch: 387, Loss: 0.7713, Train: 79.06%, Valid: 72.77%, Test: 71.11%
Epoch: 396, Loss: 0.7623, Train: 79.10%, Valid: 72.83%, Test: 71.65%
Epoch: 405, Loss: 0.7590, Train: 79.37%, Valid: 72.81%, Test: 71.37%
Epoch: 414, Loss: 0.7545, Train: 79.47%, Valid: 72.82%, Test: 71.17%
Epoch: 423, Loss: 0.7516, Train: 79.68%, Valid: 73.21%, Test: 72.03%
Epoch: 432, Loss: 0.7512, Train: 79.82%, Valid: 72.98%, Test: 71.42%
Epoch: 441, Loss: 0.7435, Train: 79.89%, Valid: 73.07%, Test: 71.77%
Epoch: 450, Loss: 0.7421, Train: 79.98%, Valid: 73.29%, Test: 72.17%
Epoch: 459, Loss: 0.7398, Train: 80.13%, Valid: 73.23%, Test: 71.94%
Epoch: 468, Loss: 0.7377, Train: 80.19%, Valid: 73.23%, Test: 71.95%
Epoch: 477, Loss: 0.7333, Train: 80.24%, Valid: 72.75%, Test: 71.39%
Epoch: 486, Loss: 0.7298, Train: 80.47%, Valid: 72.92%, Test: 71.10%
Epoch: 495, Loss: 0.7264, Train: 80.58%, Valid: 73.29%, Test: 71.97%
Run 01:Highest Train: 80.58 Highest Valid: 73.29 Highest Test: 72.17
Chosen epoch: 56 Final Train: 80.58 Final Test: 71.97
Average epoch time: 430.20 ms
All runs:
Highest Train: 80.58 ± nan
Highest Test: 72.17 ± nan
Highest Valid: 73.29 ± nan
  Final Train: 80.58 ± nan
   Final Test: 71.97 ± nan
[2026-03-25 05:31:21] DONE  timing_arxiv_pcgt
[2026-03-25 05:31:21] === Phase 2 SECTION 3: Missing GCN Timing ===
[2026-03-25 05:31:21] START timing_citeseer_gcn → logs/h100_round3/timing_citeseer_gcn.log
tee: logs/h100_round3/timing_citeseer_gcn.log: No such file or directory
Namespace(data_dir='../data', dataset='citeseer', device=0, seed=123, cpu=False, epochs=500, runs=3, train_prop=0.5, valid_prop=0.25, protocol='semi', rand_split=False, rand_split_class=True, label_num_per_class=20, valid_num=500, test_num=1000, directed=False, method='gcn', hidden_channels=64, num_layers=4, num_heads=1, alpha=0.5, use_bn=False, use_residual=False, use_graph=False, use_weight=False, use_init=False, use_act=False, attention='gcn', lr=0.01, weight_decay=0.01, dropout=0.5, display_step=50, no_feat_norm=False, patience=200, graph_weight=0.8, ours_weight_decay=None, ours_use_weight=False, ours_use_residual=False, ours_use_act=False, backbone='gcn', ours_layers=2, ours_dropout=None, aggregate='add', hops=1, gat_heads=8, out_heads=1, lamda=0.1, num_elayers=2, encoder_emdim=768, num_partitions=10, num_reps=4, partition_method='metis', no_pse=False, local_only=False, global_only=False)
citeseer
Num nodes: 3327
train:torch.Size([120]), valid:torch.Size([500]), test:torch.Size([1000])
features shape=torch.Size([3327, 3703])
num nodes 3327 | num classes 6 | num node feats 3703
Epoch: 00, Loss: 1.7918, Train: 16.67%, Valid: 16.00%, Test: 18.10%
Epoch: 50, Loss: 1.7896, Train: 20.83%, Valid: 16.40%, Test: 14.00%
Epoch: 100, Loss: 1.7906, Train: 17.50%, Valid: 17.80%, Test: 16.60%
Epoch: 150, Loss: 1.7927, Train: 17.50%, Valid: 18.60%, Test: 19.40%
Epoch: 200, Loss: 1.7872, Train: 17.50%, Valid: 19.20%, Test: 16.90%
Run 01:Highest Train: 23.33 Highest Valid: 23.60 Highest Test: 23.20 Chosen epoch: 17
Final Train: 17.50 Final Test: 22.20
Epoch: 00, Loss: 1.7918, Train: 16.67%, Valid: 7.80%, Test: 7.20%
Epoch: 50, Loss: 1.7883, Train: 17.50%, Valid: 18.80%, Test: 16.30%
Epoch: 100, Loss: 1.7896, Train: 17.50%, Valid: 18.80%, Test: 17.30%
Epoch: 150, Loss: 1.7893, Train: 19.17%, Valid: 16.40%, Test: 14.50%
Epoch: 200, Loss: 1.7924, Train: 17.50%, Valid: 17.40%, Test: 17.60%
Epoch: 250, Loss: 1.7942, Train: 20.00%, Valid: 21.60%, Test: 20.80%
Epoch: 300, Loss: 1.7901, Train: 23.33%, Valid: 17.00%, Test: 14.30%
Epoch: 350, Loss: 1.7885, Train: 18.33%, Valid: 19.00%, Test: 17.10%
Run 02:Highest Train: 23.33 Highest Valid: 23.40 Highest Test: 21.60 Chosen epoch: 180
Final Train: 22.50 Final Test: 21.10
Epoch: 00, Loss: 1.7918, Train: 16.67%, Valid: 7.80%, Test: 7.20%
Epoch: 50, Loss: 1.7886, Train: 17.50%, Valid: 13.20%, Test: 15.20%
Epoch: 100, Loss: 1.7880, Train: 17.50%, Valid: 16.20%, Test: 14.30%
Epoch: 150, Loss: 1.7868, Train: 18.33%, Valid: 18.00%, Test: 15.60%
Epoch: 200, Loss: 1.7967, Train: 18.33%, Valid: 17.60%, Test: 16.10%
Run 03:Highest Train: 24.17 Highest Valid: 24.40 Highest Test: 22.70 Chosen epoch: 11
Final Train: 19.17 Final Test: 22.70
3 runs: Highest Train: 23.61 ± 0.48 Highest val epoch:10
Highest Test: 22.50 ± 0.82 Final Test: 22.00 ± 0.82
[2026-03-25 05:31:30] DONE  timing_citeseer_gcn
[2026-03-25 05:31:30] === Phase 2 ALL DONE ===

[2026-03-25 05:31:30] === GAT RESULTS ===
  gat_* | 

[2026-03-25 05:31:30] === ARXIV TIMING ===
  timing_arxiv_* |  | 
