Namespace(data_dir='../data/', dataset='cora', device=0, seed=123, cpu=False, epochs=500, runs=5, train_prop=0.5, valid_prop=0.25, protocol='semi', rand_split=False, rand_split_class=True, label_num_per_class=20, valid_num=500, test_num=1000, directed=False, method='pcgt', hidden_channels=64, num_layers=4, num_heads=1, alpha=0.5, use_bn=False, use_residual=True, use_graph=True, use_weight=False, use_init=False, use_act=False, attention='gcn', lr=0.01, weight_decay=0.0005, dropout=0.5, display_step=50, no_feat_norm=True, patience=200, graph_weight=0.9, ours_weight_decay=0.001, ours_use_weight=False, ours_use_residual=False, ours_use_act=False, backbone='gcn', ours_layers=1, ours_dropout=0.2, aggregate='add', hops=1, gat_heads=8, out_heads=1, lamda=0.1, num_elayers=2, encoder_emdim=768, num_partitions=20, num_reps=4, partition_method='metis', no_pse=False, local_only=False, global_only=False)
cora
Num nodes: 2708
train:torch.Size([140]), valid:torch.Size([500]), test:torch.Size([1000])
features shape=torch.Size([2708, 1433])
num nodes 2708 | num classes 7 | num node feats 1433
Computing 20 partitions using metis...
Partitions: 20, Boundary nodes: 840/2708 (31.0%)
Intra-partition edges: 8952/10556 (84.8%)
Epoch: 00, Loss: 1.9494, Train: 19.29%, Valid: 15.40%, Test: 18.80% [α=0.50,β=0.99]
Epoch: 50, Loss: 0.0082, Train: 100.00%, Valid: 76.60%, Test: 79.60% [α=0.55,β=1.29]
Epoch: 100, Loss: 0.0696, Train: 100.00%, Valid: 77.00%, Test: 78.90% [α=0.54,β=1.33]
Epoch: 150, Loss: 0.0102, Train: 100.00%, Valid: 76.60%, Test: 79.40% [α=0.53,β=1.35]
Epoch: 200, Loss: 0.0224, Train: 100.00%, Valid: 77.60%, Test: 79.70% [α=0.52,β=1.37]
Run 01:Highest Train: 100.00 Highest Valid: 80.60 Highest Test: 83.00 Chosen epoch: 25
Final Train: 99.29 Final Test: 82.60
Epoch: 00, Loss: 1.9488, Train: 14.29%, Valid: 7.40%, Test: 6.30% [α=0.50,β=1.00]
Epoch: 50, Loss: 0.0134, Train: 99.29%, Valid: 79.00%, Test: 82.50% [α=0.67,β=1.68]
Epoch: 100, Loss: 0.0148, Train: 100.00%, Valid: 74.20%, Test: 79.40% [α=0.68,β=1.80]
Epoch: 150, Loss: 0.0351, Train: 100.00%, Valid: 76.40%, Test: 80.20% [α=0.67,β=1.85]
Epoch: 200, Loss: 0.0466, Train: 100.00%, Valid: 79.40%, Test: 81.70% [α=0.65,β=1.88]
Run 02:Highest Train: 100.00 Highest Valid: 83.00 Highest Test: 84.00 Chosen epoch: 15
Final Train: 97.86 Final Test: 84.00
Epoch: 00, Loss: 1.9462, Train: 15.00%, Valid: 28.40%, Test: 28.60% [α=0.50,β=1.00]
Epoch: 50, Loss: 0.0255, Train: 100.00%, Valid: 77.00%, Test: 82.50% [α=0.66,β=1.71]
Epoch: 100, Loss: 0.0136, Train: 100.00%, Valid: 76.60%, Test: 80.90% [α=0.67,β=1.82]
Epoch: 150, Loss: 0.0343, Train: 100.00%, Valid: 78.00%, Test: 81.90% [α=0.65,β=1.85]
Epoch: 200, Loss: 0.0083, Train: 100.00%, Valid: 76.40%, Test: 79.90% [α=0.64,β=1.89]
Run 03:Highest Train: 100.00 Highest Valid: 82.20 Highest Test: 84.30 Chosen epoch: 31
Final Train: 100.00 Final Test: 84.20
Epoch: 00, Loss: 1.9476, Train: 14.29%, Valid: 12.00%, Test: 11.40% [α=0.50,β=1.00]
Epoch: 50, Loss: 0.0286, Train: 100.00%, Valid: 77.00%, Test: 81.50% [α=0.66,β=1.69]
Epoch: 100, Loss: 0.0199, Train: 100.00%, Valid: 74.40%, Test: 79.40% [α=0.68,β=1.83]
Epoch: 150, Loss: 0.0142, Train: 100.00%, Valid: 79.60%, Test: 84.00% [α=0.67,β=1.90]
Epoch: 200, Loss: 0.0160, Train: 99.29%, Valid: 77.00%, Test: 80.20% [α=0.66,β=1.93]
Run 04:Highest Train: 100.00 Highest Valid: 81.00 Highest Test: 84.00 Chosen epoch: 40
Final Train: 100.00 Final Test: 84.00
Epoch: 00, Loss: 1.9490, Train: 14.29%, Valid: 12.20%, Test: 11.40% [α=0.50,β=1.00]
Epoch: 50, Loss: 0.0229, Train: 100.00%, Valid: 76.80%, Test: 81.40% [α=0.66,β=1.72]
Epoch: 100, Loss: 0.0146, Train: 100.00%, Valid: 77.40%, Test: 80.50% [α=0.67,β=1.85]
Epoch: 150, Loss: 0.0268, Train: 100.00%, Valid: 78.00%, Test: 82.60% [α=0.65,β=1.92]
Epoch: 200, Loss: 0.0088, Train: 100.00%, Valid: 77.60%, Test: 80.50% [α=0.63,β=1.96]
Run 05:Highest Train: 100.00 Highest Valid: 81.20 Highest Test: 85.00 Chosen epoch: 27
Final Train: 100.00 Final Test: 84.50
5 runs: Highest Train: 100.00 ± 0.00 Highest val epoch:26
Highest Test: 84.06 ± 0.72 Final Test: 83.86 ± 0.73
