Namespace(data_dir='../data/', dataset='cora', device=0, seed=123, cpu=False, epochs=500, runs=5, train_prop=0.5, valid_prop=0.25, protocol='semi', rand_split=False, rand_split_class=True, label_num_per_class=20, valid_num=500, test_num=1000, directed=False, method='pcgt', hidden_channels=64, num_layers=4, num_heads=1, alpha=0.5, use_bn=False, use_residual=True, use_graph=True, use_weight=False, use_init=False, use_act=False, attention='gcn', lr=0.01, weight_decay=0.0005, dropout=0.5, display_step=50, no_feat_norm=True, patience=200, graph_weight=0.7, ours_weight_decay=0.001, ours_use_weight=False, ours_use_residual=False, ours_use_act=False, backbone='gcn', ours_layers=1, ours_dropout=0.2, aggregate='add', hops=1, gat_heads=8, out_heads=1, lamda=0.1, num_elayers=2, encoder_emdim=768, num_partitions=20, num_reps=4, partition_method='metis', no_pse=False, local_only=False, global_only=False)
cora
Num nodes: 2708
train:torch.Size([140]), valid:torch.Size([500]), test:torch.Size([1000])
features shape=torch.Size([2708, 1433])
num nodes 2708 | num classes 7 | num node feats 1433
Computing 20 partitions using metis...
Partitions: 20, Boundary nodes: 840/2708 (31.0%)
Intra-partition edges: 8952/10556 (84.8%)
Epoch: 00, Loss: 1.9482, Train: 43.57%, Valid: 24.00%, Test: 25.00% [α=0.50,β=0.99]
Epoch: 50, Loss: 0.0071, Train: 100.00%, Valid: 77.40%, Test: 82.80% [α=0.55,β=1.22]
Epoch: 100, Loss: 0.0375, Train: 100.00%, Valid: 78.80%, Test: 79.80% [α=0.56,β=1.31]
Epoch: 150, Loss: 0.0034, Train: 100.00%, Valid: 78.60%, Test: 83.10% [α=0.57,β=1.41]
Epoch: 200, Loss: 0.0136, Train: 100.00%, Valid: 76.80%, Test: 80.20% [α=0.57,β=1.47]
Run 01:Highest Train: 100.00 Highest Valid: 82.80 Highest Test: 85.00 Chosen epoch: 9
Final Train: 98.57 Final Test: 85.00
Epoch: 00, Loss: 1.9538, Train: 37.14%, Valid: 24.80%, Test: 21.20% [α=0.50,β=1.00]
Epoch: 50, Loss: 0.0164, Train: 100.00%, Valid: 77.80%, Test: 77.50% [α=0.58,β=1.48]
Epoch: 100, Loss: 0.0050, Train: 100.00%, Valid: 79.60%, Test: 82.60% [α=0.60,β=1.57]
Epoch: 150, Loss: 0.0034, Train: 100.00%, Valid: 77.80%, Test: 82.40% [α=0.61,β=1.65]
Epoch: 200, Loss: 0.0158, Train: 100.00%, Valid: 78.60%, Test: 80.80% [α=0.61,β=1.70]
Epoch: 250, Loss: 0.0017, Train: 100.00%, Valid: 77.60%, Test: 81.30% [α=0.61,β=1.77]
Run 02:Highest Train: 100.00 Highest Valid: 81.40 Highest Test: 84.30 Chosen epoch: 53
Final Train: 100.00 Final Test: 80.70
Epoch: 00, Loss: 1.9489, Train: 20.71%, Valid: 8.60%, Test: 9.30% [α=0.50,β=1.00]
Epoch: 50, Loss: 0.0096, Train: 100.00%, Valid: 76.80%, Test: 74.70% [α=0.58,β=1.56]
Epoch: 100, Loss: 0.0154, Train: 100.00%, Valid: 80.20%, Test: 82.20% [α=0.61,β=1.68]
Epoch: 150, Loss: 0.0197, Train: 99.29%, Valid: 73.40%, Test: 76.50% [α=0.62,β=1.78]
Epoch: 200, Loss: 0.0079, Train: 100.00%, Valid: 78.20%, Test: 81.70% [α=0.63,β=1.90]
Epoch: 250, Loss: 0.0059, Train: 100.00%, Valid: 79.20%, Test: 81.70% [α=0.63,β=1.96]
Epoch: 300, Loss: 0.0070, Train: 100.00%, Valid: 78.60%, Test: 80.30% [α=0.63,β=2.03]
Run 03:Highest Train: 100.00 Highest Valid: 82.40 Highest Test: 83.60 Chosen epoch: 116
Final Train: 100.00 Final Test: 83.00
Epoch: 00, Loss: 1.9460, Train: 34.29%, Valid: 21.00%, Test: 19.60% [α=0.50,β=1.00]
Epoch: 50, Loss: 0.0080, Train: 100.00%, Valid: 81.60%, Test: 82.80% [α=0.60,β=1.52]
Epoch: 100, Loss: 0.0052, Train: 100.00%, Valid: 80.00%, Test: 82.20% [α=0.62,β=1.63]
Epoch: 150, Loss: 0.0123, Train: 100.00%, Valid: 79.20%, Test: 80.70% [α=0.63,β=1.74]
Epoch: 200, Loss: 0.0081, Train: 100.00%, Valid: 75.00%, Test: 78.00% [α=0.63,β=1.84]
Epoch: 250, Loss: 0.0027, Train: 100.00%, Valid: 77.20%, Test: 80.70% [α=0.63,β=1.93]
Run 04:Highest Train: 100.00 Highest Valid: 83.00 Highest Test: 83.50 Chosen epoch: 52
Final Train: 100.00 Final Test: 83.30
Epoch: 00, Loss: 1.9485, Train: 19.29%, Valid: 9.80%, Test: 7.70% [α=0.50,β=1.00]
Epoch: 50, Loss: 0.0076, Train: 100.00%, Valid: 77.80%, Test: 80.80% [α=0.58,β=1.60]
Epoch: 100, Loss: 0.0043, Train: 100.00%, Valid: 80.40%, Test: 82.70% [α=0.60,β=1.77]
Epoch: 150, Loss: 0.0068, Train: 100.00%, Valid: 77.40%, Test: 80.60% [α=0.60,β=1.85]
Epoch: 200, Loss: 0.0079, Train: 100.00%, Valid: 80.00%, Test: 82.80% [α=0.61,β=1.92]
Run 05:Highest Train: 100.00 Highest Valid: 82.00 Highest Test: 84.40 Chosen epoch: 11
Final Train: 98.57 Final Test: 81.10
5 runs: Highest Train: 100.00 ± 0.00 Highest val epoch:10
Highest Test: 84.16 ± 0.62 Final Test: 82.62 ± 1.75
