Namespace(data_dir='../data/', dataset='cora', device=0, seed=123, cpu=False, epochs=500, runs=5, train_prop=0.5, valid_prop=0.25, protocol='semi', rand_split=False, rand_split_class=True, label_num_per_class=20, valid_num=500, test_num=1000, directed=False, method='pcgt', hidden_channels=64, num_layers=4, num_heads=1, alpha=0.5, use_bn=False, use_residual=True, use_graph=True, use_weight=False, use_init=False, use_act=False, attention='gcn', lr=0.01, weight_decay=0.0005, dropout=0.5, display_step=50, no_feat_norm=True, patience=200, graph_weight=0.8, ours_weight_decay=0.001, ours_use_weight=False, ours_use_residual=False, ours_use_act=False, backbone='gcn', ours_layers=1, ours_dropout=0.2, aggregate='add', hops=1, gat_heads=8, out_heads=1, lamda=0.1, num_elayers=2, encoder_emdim=768, num_partitions=15, num_reps=4, partition_method='metis', no_pse=False, local_only=False, global_only=False)
cora
Num nodes: 2708
train:torch.Size([140]), valid:torch.Size([500]), test:torch.Size([1000])
features shape=torch.Size([2708, 1433])
num nodes 2708 | num classes 7 | num node feats 1433
Computing 15 partitions using metis...
Partitions: 15, Boundary nodes: 779/2708 (28.8%)
Intra-partition edges: 9146/10556 (86.6%)
Epoch: 00, Loss: 1.9499, Train: 27.14%, Valid: 18.40%, Test: 21.60% [α=0.50,β=0.99]
Epoch: 50, Loss: 0.0070, Train: 100.00%, Valid: 77.20%, Test: 82.40% [α=0.56,β=1.26]
Epoch: 100, Loss: 0.0394, Train: 100.00%, Valid: 76.40%, Test: 80.80% [α=0.56,β=1.35]
Epoch: 150, Loss: 0.0064, Train: 100.00%, Valid: 77.60%, Test: 79.60% [α=0.56,β=1.44]
Epoch: 200, Loss: 0.0043, Train: 100.00%, Valid: 78.60%, Test: 80.60% [α=0.56,β=1.51]
Run 01:Highest Train: 100.00 Highest Valid: 82.00 Highest Test: 84.20 Chosen epoch: 21
Final Train: 100.00 Final Test: 83.20
Epoch: 00, Loss: 1.9500, Train: 15.71%, Valid: 12.00%, Test: 11.40% [α=0.50,β=1.00]
Epoch: 50, Loss: 0.0101, Train: 100.00%, Valid: 80.40%, Test: 83.40% [α=0.64,β=1.60]
Epoch: 100, Loss: 0.0090, Train: 100.00%, Valid: 74.40%, Test: 79.30% [α=0.65,β=1.70]
Epoch: 150, Loss: 0.0062, Train: 100.00%, Valid: 77.00%, Test: 79.90% [α=0.65,β=1.79]
Epoch: 200, Loss: 0.0092, Train: 100.00%, Valid: 76.20%, Test: 80.00% [α=0.64,β=1.84]
Epoch: 250, Loss: 0.0066, Train: 100.00%, Valid: 79.40%, Test: 81.60% [α=0.62,β=1.90]
Run 02:Highest Train: 100.00 Highest Valid: 81.20 Highest Test: 85.10 Chosen epoch: 65
Final Train: 100.00 Final Test: 83.90
Epoch: 00, Loss: 1.9462, Train: 14.29%, Valid: 12.00%, Test: 11.40% [α=0.50,β=1.00]
Epoch: 50, Loss: 0.0185, Train: 100.00%, Valid: 81.00%, Test: 82.80% [α=0.63,β=1.65]
Epoch: 100, Loss: 0.0086, Train: 100.00%, Valid: 79.20%, Test: 82.80% [α=0.66,β=1.78]
Epoch: 150, Loss: 0.0100, Train: 100.00%, Valid: 80.00%, Test: 82.20% [α=0.66,β=1.88]
Epoch: 200, Loss: 0.0077, Train: 100.00%, Valid: 76.60%, Test: 79.50% [α=0.65,β=1.95]
Epoch: 250, Loss: 0.0083, Train: 100.00%, Valid: 78.20%, Test: 81.40% [α=0.64,β=2.00]
Run 03:Highest Train: 100.00 Highest Valid: 82.20 Highest Test: 84.00 Chosen epoch: 97
Final Train: 100.00 Final Test: 82.30
Epoch: 00, Loss: 1.9482, Train: 14.29%, Valid: 6.60%, Test: 7.80% [α=0.50,β=1.00]
Epoch: 50, Loss: 0.0273, Train: 100.00%, Valid: 80.60%, Test: 82.50% [α=0.60,β=1.62]
Epoch: 100, Loss: 0.0086, Train: 100.00%, Valid: 78.40%, Test: 81.70% [α=0.61,β=1.74]
Epoch: 150, Loss: 0.0120, Train: 100.00%, Valid: 76.00%, Test: 80.10% [α=0.61,β=1.81]
Epoch: 200, Loss: 0.0396, Train: 100.00%, Valid: 80.60%, Test: 84.20% [α=0.60,β=1.87]
Run 04:Highest Train: 100.00 Highest Valid: 82.80 Highest Test: 85.20 Chosen epoch: 40
Final Train: 100.00 Final Test: 82.40
Epoch: 00, Loss: 1.9466, Train: 19.29%, Valid: 17.80%, Test: 18.80% [α=0.50,β=1.00]
Epoch: 50, Loss: 0.0224, Train: 100.00%, Valid: 79.80%, Test: 81.00% [α=0.62,β=1.66]
Epoch: 100, Loss: 0.0151, Train: 100.00%, Valid: 75.00%, Test: 78.80% [α=0.64,β=1.79]
Epoch: 150, Loss: 0.0183, Train: 100.00%, Valid: 76.20%, Test: 79.80% [α=0.64,β=1.87]
Epoch: 200, Loss: 0.0129, Train: 100.00%, Valid: 79.80%, Test: 82.70% [α=0.63,β=1.95]
Epoch: 250, Loss: 0.0041, Train: 100.00%, Valid: 81.40%, Test: 84.80% [α=0.63,β=2.01]
Epoch: 300, Loss: 0.0049, Train: 100.00%, Valid: 79.40%, Test: 82.40% [α=0.62,β=2.03]
Epoch: 350, Loss: 0.0081, Train: 100.00%, Valid: 76.20%, Test: 80.40% [α=0.61,β=2.06]
Epoch: 400, Loss: 0.0044, Train: 100.00%, Valid: 79.00%, Test: 83.30% [α=0.60,β=2.10]
Run 05:Highest Train: 100.00 Highest Valid: 82.80 Highest Test: 85.50 Chosen epoch: 204
Final Train: 100.00 Final Test: 85.50
5 runs: Highest Train: 100.00 ± 0.00 Highest val epoch:203
Highest Test: 84.80 ± 0.66 Final Test: 83.46 ± 1.31
