Namespace(data_dir='../data/', dataset='cora', device=0, seed=123, cpu=False, epochs=500, runs=5, train_prop=0.5, valid_prop=0.25, protocol='semi', rand_split=False, rand_split_class=True, label_num_per_class=20, valid_num=500, test_num=1000, directed=False, method='pcgt', hidden_channels=64, num_layers=4, num_heads=1, alpha=0.5, use_bn=False, use_residual=True, use_graph=True, use_weight=False, use_init=False, use_act=False, attention='gcn', lr=0.01, weight_decay=0.0005, dropout=0.5, display_step=50, no_feat_norm=True, patience=200, graph_weight=0.8, ours_weight_decay=0.001, ours_use_weight=False, ours_use_residual=False, ours_use_act=False, backbone='gcn', ours_layers=1, ours_dropout=0.2, aggregate='add', hops=1, gat_heads=8, out_heads=1, lamda=0.1, num_elayers=2, encoder_emdim=768, num_partitions=10, num_reps=4, partition_method='metis', no_pse=False, local_only=False, global_only=False)
cora
Num nodes: 2708
train:torch.Size([140]), valid:torch.Size([500]), test:torch.Size([1000])
features shape=torch.Size([2708, 1433])
num nodes 2708 | num classes 7 | num node feats 1433
Computing 10 partitions using metis...
Partitions: 10, Boundary nodes: 674/2708 (24.9%)
Intra-partition edges: 9382/10556 (88.9%)
Epoch: 00, Loss: 1.9505, Train: 22.86%, Valid: 16.00%, Test: 19.80% [α=0.50,β=0.99]
Epoch: 50, Loss: 0.0241, Train: 100.00%, Valid: 79.00%, Test: 83.20% [α=0.55,β=1.26]
Epoch: 100, Loss: 0.0112, Train: 100.00%, Valid: 75.80%, Test: 80.60% [α=0.57,β=1.33]
Epoch: 150, Loss: 0.0162, Train: 100.00%, Valid: 78.20%, Test: 81.30% [α=0.57,β=1.46]
Epoch: 200, Loss: 0.0137, Train: 100.00%, Valid: 76.00%, Test: 80.50% [α=0.57,β=1.55]
Epoch: 250, Loss: 0.0066, Train: 100.00%, Valid: 77.60%, Test: 80.40% [α=0.56,β=1.62]
Epoch: 300, Loss: 0.0064, Train: 100.00%, Valid: 77.60%, Test: 80.90% [α=0.55,β=1.68]
Run 01:Highest Train: 100.00 Highest Valid: 81.80 Highest Test: 85.70 Chosen epoch: 112
Final Train: 100.00 Final Test: 81.20
Epoch: 00, Loss: 1.9486, Train: 15.71%, Valid: 12.00%, Test: 11.60% [α=0.50,β=1.00]
Epoch: 50, Loss: 0.0154, Train: 100.00%, Valid: 77.60%, Test: 81.10% [α=0.61,β=1.68]
Epoch: 100, Loss: 0.0070, Train: 100.00%, Valid: 77.00%, Test: 80.70% [α=0.63,β=1.83]
Epoch: 150, Loss: 0.0056, Train: 100.00%, Valid: 79.20%, Test: 81.30% [α=0.65,β=1.95]
Epoch: 200, Loss: 0.0066, Train: 99.29%, Valid: 78.00%, Test: 81.80% [α=0.64,β=2.02]
Epoch: 250, Loss: 0.0052, Train: 100.00%, Valid: 78.20%, Test: 81.80% [α=0.64,β=2.11]
Run 02:Highest Train: 100.00 Highest Valid: 80.40 Highest Test: 84.20 Chosen epoch: 75
Final Train: 100.00 Final Test: 81.60
Epoch: 00, Loss: 1.9487, Train: 17.14%, Valid: 6.60%, Test: 8.30% [α=0.50,β=1.00]
Epoch: 50, Loss: 0.0568, Train: 100.00%, Valid: 77.40%, Test: 80.50% [α=0.62,β=1.69]
Epoch: 100, Loss: 0.0102, Train: 100.00%, Valid: 79.00%, Test: 82.40% [α=0.64,β=1.83]
Epoch: 150, Loss: 0.0212, Train: 100.00%, Valid: 79.60%, Test: 81.40% [α=0.64,β=1.90]
Epoch: 200, Loss: 0.0067, Train: 100.00%, Valid: 77.80%, Test: 80.10% [α=0.63,β=1.96]
Epoch: 250, Loss: 0.0029, Train: 100.00%, Valid: 79.20%, Test: 82.40% [α=0.62,β=2.02]
Epoch: 300, Loss: 0.0034, Train: 100.00%, Valid: 78.00%, Test: 82.00% [α=0.61,β=2.06]
Run 03:Highest Train: 100.00 Highest Valid: 82.40 Highest Test: 84.30 Chosen epoch: 134
Final Train: 100.00 Final Test: 83.50
Epoch: 00, Loss: 1.9489, Train: 14.29%, Valid: 14.60%, Test: 11.40% [α=0.50,β=1.00]
Epoch: 50, Loss: 0.0117, Train: 100.00%, Valid: 75.40%, Test: 77.80% [α=0.64,β=1.72]
Epoch: 100, Loss: 0.0105, Train: 100.00%, Valid: 79.20%, Test: 81.00% [α=0.61,β=1.85]
Epoch: 150, Loss: 0.0043, Train: 100.00%, Valid: 76.80%, Test: 81.60% [α=0.62,β=1.91]
Epoch: 200, Loss: 0.0042, Train: 100.00%, Valid: 78.80%, Test: 81.10% [α=0.61,β=1.96]
Epoch: 250, Loss: 0.0041, Train: 100.00%, Valid: 79.60%, Test: 82.30% [α=0.61,β=2.01]
Epoch: 300, Loss: 0.0049, Train: 100.00%, Valid: 79.20%, Test: 81.30% [α=0.60,β=2.06]
Epoch: 350, Loss: 0.0106, Train: 100.00%, Valid: 77.20%, Test: 80.50% [α=0.60,β=2.11]
Run 04:Highest Train: 100.00 Highest Valid: 80.60 Highest Test: 83.70 Chosen epoch: 182
Final Train: 100.00 Final Test: 83.30
Epoch: 00, Loss: 1.9537, Train: 14.29%, Valid: 6.60%, Test: 7.80% [α=0.50,β=1.00]
Epoch: 50, Loss: 0.0339, Train: 100.00%, Valid: 77.00%, Test: 75.80% [α=0.63,β=1.75]
Epoch: 100, Loss: 0.0067, Train: 100.00%, Valid: 78.20%, Test: 78.90% [α=0.67,β=1.95]
Epoch: 150, Loss: 0.0061, Train: 100.00%, Valid: 77.00%, Test: 79.20% [α=0.68,β=2.08]
Epoch: 200, Loss: 0.0047, Train: 100.00%, Valid: 76.80%, Test: 78.30% [α=0.68,β=2.18]
Run 05:Highest Train: 100.00 Highest Valid: 81.60 Highest Test: 82.00 Chosen epoch: 17
Final Train: 100.00 Final Test: 81.50
5 runs: Highest Train: 100.00 ± 0.00 Highest val epoch:16
Highest Test: 83.98 ± 1.33 Final Test: 82.22 ± 1.09
