Namespace(data_dir='../data/', dataset='cora', device=0, seed=123, cpu=False, epochs=500, runs=5, train_prop=0.5, valid_prop=0.25, protocol='semi', rand_split=False, rand_split_class=True, label_num_per_class=20, valid_num=500, test_num=1000, directed=False, method='pcgt', hidden_channels=64, num_layers=4, num_heads=1, alpha=0.5, use_bn=False, use_residual=True, use_graph=True, use_weight=False, use_init=False, use_act=False, attention='gcn', lr=0.01, weight_decay=0.0005, dropout=0.5, display_step=50, no_feat_norm=True, patience=200, graph_weight=0.7, ours_weight_decay=0.001, ours_use_weight=False, ours_use_residual=False, ours_use_act=False, backbone='gcn', ours_layers=1, ours_dropout=0.2, aggregate='add', hops=1, gat_heads=8, out_heads=1, lamda=0.1, num_elayers=2, encoder_emdim=768, num_partitions=10, num_reps=4, partition_method='metis', no_pse=False, local_only=False, global_only=False)
cora
Num nodes: 2708
train:torch.Size([140]), valid:torch.Size([500]), test:torch.Size([1000])
features shape=torch.Size([2708, 1433])
num nodes 2708 | num classes 7 | num node feats 1433
Computing 10 partitions using metis...
Partitions: 10, Boundary nodes: 674/2708 (24.9%)
Intra-partition edges: 9382/10556 (88.9%)
Epoch: 00, Loss: 1.9509, Train: 35.71%, Valid: 19.80%, Test: 22.10% [α=0.50,β=0.99]
Epoch: 50, Loss: 0.0113, Train: 100.00%, Valid: 79.40%, Test: 83.20% [α=0.55,β=1.22]
Epoch: 100, Loss: 0.0087, Train: 100.00%, Valid: 77.40%, Test: 80.70% [α=0.56,β=1.31]
Epoch: 150, Loss: 0.0057, Train: 100.00%, Valid: 80.20%, Test: 83.60% [α=0.57,β=1.42]
Epoch: 200, Loss: 0.0142, Train: 100.00%, Valid: 76.00%, Test: 80.30% [α=0.57,β=1.50]
Run 01:Highest Train: 100.00 Highest Valid: 81.20 Highest Test: 84.70 Chosen epoch: 23
Final Train: 100.00 Final Test: 82.80
Epoch: 00, Loss: 1.9493, Train: 31.43%, Valid: 23.80%, Test: 19.10% [α=0.50,β=1.00]
Epoch: 50, Loss: 0.0080, Train: 100.00%, Valid: 79.60%, Test: 81.40% [α=0.59,β=1.50]
Epoch: 100, Loss: 0.0063, Train: 100.00%, Valid: 80.40%, Test: 82.20% [α=0.60,β=1.59]
Epoch: 150, Loss: 0.0085, Train: 100.00%, Valid: 78.20%, Test: 82.00% [α=0.60,β=1.67]
Epoch: 200, Loss: 0.0065, Train: 100.00%, Valid: 77.40%, Test: 80.90% [α=0.61,β=1.75]
Epoch: 250, Loss: 0.0045, Train: 100.00%, Valid: 78.80%, Test: 81.90% [α=0.60,β=1.81]
Run 02:Highest Train: 100.00 Highest Valid: 82.60 Highest Test: 84.60 Chosen epoch: 95
Final Train: 100.00 Final Test: 84.00
Epoch: 00, Loss: 1.9499, Train: 22.86%, Valid: 11.80%, Test: 12.70% [α=0.50,β=1.00]
Epoch: 50, Loss: 0.0100, Train: 100.00%, Valid: 78.20%, Test: 80.30% [α=0.57,β=1.54]
Epoch: 100, Loss: 0.0056, Train: 100.00%, Valid: 77.00%, Test: 80.50% [α=0.58,β=1.65]
Epoch: 150, Loss: 0.0099, Train: 100.00%, Valid: 72.00%, Test: 76.20% [α=0.60,β=1.78]
Epoch: 200, Loss: 0.0067, Train: 100.00%, Valid: 74.20%, Test: 79.60% [α=0.61,β=1.85]
Epoch: 250, Loss: 0.0037, Train: 100.00%, Valid: 78.60%, Test: 81.00% [α=0.61,β=1.92]
Epoch: 300, Loss: 0.0042, Train: 100.00%, Valid: 78.60%, Test: 82.10% [α=0.60,β=1.97]
Epoch: 350, Loss: 0.0107, Train: 100.00%, Valid: 79.00%, Test: 82.50% [α=0.60,β=2.02]
Epoch: 400, Loss: 0.0042, Train: 100.00%, Valid: 79.00%, Test: 82.30% [α=0.60,β=2.07]
Epoch: 450, Loss: 0.0213, Train: 100.00%, Valid: 77.60%, Test: 81.20% [α=0.60,β=2.13]
Run 03:Highest Train: 100.00 Highest Valid: 81.00 Highest Test: 83.70 Chosen epoch: 407
Final Train: 100.00 Final Test: 83.70
Epoch: 00, Loss: 1.9435, Train: 35.71%, Valid: 21.40%, Test: 21.30% [α=0.50,β=1.00]
Epoch: 50, Loss: 0.0225, Train: 100.00%, Valid: 74.40%, Test: 75.40% [α=0.55,β=1.67]
Epoch: 100, Loss: 0.0084, Train: 100.00%, Valid: 76.00%, Test: 78.00% [α=0.56,β=1.82]
Epoch: 150, Loss: 0.0055, Train: 100.00%, Valid: 78.00%, Test: 81.40% [α=0.57,β=1.93]
Epoch: 200, Loss: 0.0053, Train: 100.00%, Valid: 78.80%, Test: 81.90% [α=0.58,β=2.00]
Epoch: 250, Loss: 0.0043, Train: 100.00%, Valid: 80.40%, Test: 83.10% [α=0.58,β=2.06]
Run 04:Highest Train: 100.00 Highest Valid: 82.00 Highest Test: 83.90 Chosen epoch: 81
Final Train: 100.00 Final Test: 80.20
Epoch: 00, Loss: 1.9472, Train: 29.29%, Valid: 17.60%, Test: 21.00% [α=0.50,β=1.00]
Epoch: 50, Loss: 0.0322, Train: 100.00%, Valid: 67.00%, Test: 69.10% [α=0.53,β=1.82]
Epoch: 100, Loss: 0.0115, Train: 100.00%, Valid: 73.80%, Test: 74.20% [α=0.50,β=1.99]
Epoch: 150, Loss: 0.0064, Train: 100.00%, Valid: 78.20%, Test: 79.30% [α=0.52,β=2.11]
Epoch: 200, Loss: 0.0055, Train: 100.00%, Valid: 76.80%, Test: 79.10% [α=0.53,β=2.21]
Run 05:Highest Train: 100.00 Highest Valid: 81.60 Highest Test: 82.40 Chosen epoch: 16
Final Train: 100.00 Final Test: 82.40
5 runs: Highest Train: 100.00 ± 0.00 Highest val epoch:15
Highest Test: 83.86 ± 0.92 Final Test: 82.62 ± 1.50
