Namespace(data_dir='../data/', dataset='cora', device=0, seed=123, cpu=False, epochs=500, runs=5, train_prop=0.5, valid_prop=0.25, protocol='semi', rand_split=False, rand_split_class=True, label_num_per_class=20, valid_num=500, test_num=1000, directed=False, method='pcgt', hidden_channels=64, num_layers=4, num_heads=1, alpha=0.5, use_bn=False, use_residual=True, use_graph=True, use_weight=False, use_init=False, use_act=False, attention='gcn', lr=0.01, weight_decay=0.0005, dropout=0.5, display_step=50, no_feat_norm=True, patience=200, graph_weight=0.9, ours_weight_decay=0.001, ours_use_weight=False, ours_use_residual=False, ours_use_act=False, backbone='gcn', ours_layers=1, ours_dropout=0.2, aggregate='add', hops=1, gat_heads=8, out_heads=1, lamda=0.1, num_elayers=2, encoder_emdim=768, num_partitions=5, num_reps=4, partition_method='metis', no_pse=False, local_only=False, global_only=False)
cora
Num nodes: 2708
train:torch.Size([140]), valid:torch.Size([500]), test:torch.Size([1000])
features shape=torch.Size([2708, 1433])
num nodes 2708 | num classes 7 | num node feats 1433
Computing 5 partitions using metis...
Partitions: 5, Boundary nodes: 468/2708 (17.3%)
Intra-partition edges: 9818/10556 (93.0%)
Epoch: 00, Loss: 1.9487, Train: 18.57%, Valid: 15.00%, Test: 18.80% [α=0.50,β=0.99]
Epoch: 50, Loss: 0.0151, Train: 100.00%, Valid: 77.00%, Test: 80.50% [α=0.55,β=1.29]
Epoch: 100, Loss: 0.0133, Train: 100.00%, Valid: 75.00%, Test: 78.50% [α=0.53,β=1.34]
Epoch: 150, Loss: 0.0108, Train: 100.00%, Valid: 76.20%, Test: 79.50% [α=0.52,β=1.36]
Epoch: 200, Loss: 0.0223, Train: 100.00%, Valid: 75.00%, Test: 78.70% [α=0.51,β=1.38]
Run 01:Highest Train: 100.00 Highest Valid: 79.40 Highest Test: 84.00 Chosen epoch: 46
Final Train: 100.00 Final Test: 82.40
Epoch: 00, Loss: 1.9489, Train: 26.43%, Valid: 13.80%, Test: 14.50% [α=0.50,β=1.00]
Epoch: 50, Loss: 0.0389, Train: 100.00%, Valid: 78.20%, Test: 82.30% [α=0.68,β=1.75]
Epoch: 100, Loss: 0.0065, Train: 100.00%, Valid: 75.20%, Test: 78.40% [α=0.67,β=1.89]
Epoch: 150, Loss: 0.0251, Train: 99.29%, Valid: 78.60%, Test: 79.40% [α=0.64,β=1.95]
Epoch: 200, Loss: 0.0099, Train: 100.00%, Valid: 80.60%, Test: 81.20% [α=0.61,β=2.00]
Epoch: 250, Loss: 0.0257, Train: 100.00%, Valid: 74.20%, Test: 79.20% [α=0.59,β=2.04]
Epoch: 300, Loss: 0.0091, Train: 100.00%, Valid: 77.00%, Test: 80.30% [α=0.57,β=2.09]
Epoch: 350, Loss: 0.0324, Train: 100.00%, Valid: 77.80%, Test: 82.20% [α=0.55,β=2.15]
Run 02:Highest Train: 100.00 Highest Valid: 80.80 Highest Test: 84.10 Chosen epoch: 187
Final Train: 100.00 Final Test: 80.90
Epoch: 00, Loss: 1.9449, Train: 14.29%, Valid: 14.80%, Test: 18.10% [α=0.50,β=1.00]
Epoch: 50, Loss: 0.0228, Train: 100.00%, Valid: 78.40%, Test: 80.10% [α=0.64,β=1.74]
Epoch: 100, Loss: 0.0190, Train: 100.00%, Valid: 78.80%, Test: 81.10% [α=0.64,β=1.92]
Epoch: 150, Loss: 0.0383, Train: 99.29%, Valid: 78.20%, Test: 80.30% [α=0.62,β=1.96]
Epoch: 200, Loss: 0.0306, Train: 99.29%, Valid: 77.80%, Test: 80.90% [α=0.59,β=1.99]
Run 03:Highest Train: 100.00 Highest Valid: 80.80 Highest Test: 82.90 Chosen epoch: 41
Final Train: 99.29 Final Test: 82.10
Epoch: 00, Loss: 1.9499, Train: 15.00%, Valid: 7.40%, Test: 8.60% [α=0.50,β=1.00]
Epoch: 50, Loss: 0.0526, Train: 99.29%, Valid: 75.20%, Test: 78.20% [α=0.65,β=1.89]
Epoch: 100, Loss: 0.0120, Train: 100.00%, Valid: 74.40%, Test: 79.00% [α=0.66,β=2.12]
Epoch: 150, Loss: 0.0401, Train: 100.00%, Valid: 78.60%, Test: 81.90% [α=0.65,β=2.24]
Epoch: 200, Loss: 0.0064, Train: 100.00%, Valid: 78.60%, Test: 82.50% [α=0.63,β=2.31]
Epoch: 250, Loss: 0.0038, Train: 100.00%, Valid: 78.00%, Test: 81.00% [α=0.60,β=2.36]
Epoch: 300, Loss: 0.0081, Train: 100.00%, Valid: 76.20%, Test: 78.10% [α=0.58,β=2.41]
Epoch: 350, Loss: 0.0646, Train: 100.00%, Valid: 77.40%, Test: 79.80% [α=0.57,β=2.50]
Epoch: 400, Loss: 0.0086, Train: 100.00%, Valid: 78.00%, Test: 80.30% [α=0.55,β=2.53]
Run 04:Highest Train: 100.00 Highest Valid: 81.40 Highest Test: 84.20 Chosen epoch: 209
Final Train: 100.00 Final Test: 83.00
Epoch: 00, Loss: 1.9476, Train: 20.00%, Valid: 14.60%, Test: 11.40% [α=0.50,β=1.00]
Epoch: 50, Loss: 0.0142, Train: 100.00%, Valid: 78.20%, Test: 83.20% [α=0.65,β=1.77]
Epoch: 100, Loss: 0.0104, Train: 100.00%, Valid: 77.40%, Test: 82.10% [α=0.65,β=1.88]
Epoch: 150, Loss: 0.0290, Train: 100.00%, Valid: 75.80%, Test: 79.50% [α=0.62,β=1.91]
Epoch: 200, Loss: 0.0041, Train: 100.00%, Valid: 74.40%, Test: 78.00% [α=0.60,β=1.97]
Run 05:Highest Train: 100.00 Highest Valid: 80.60 Highest Test: 83.90 Chosen epoch: 23
Final Train: 99.29 Final Test: 83.90
5 runs: Highest Train: 100.00 ± 0.00 Highest val epoch:22
Highest Test: 83.82 ± 0.53 Final Test: 82.46 ± 1.11
