Namespace(data_dir='../data/', dataset='cora', device=0, seed=123, cpu=False, epochs=500, runs=5, train_prop=0.5, valid_prop=0.25, protocol='semi', rand_split=False, rand_split_class=True, label_num_per_class=20, valid_num=500, test_num=1000, directed=False, method='pcgt', hidden_channels=64, num_layers=4, num_heads=1, alpha=0.5, use_bn=False, use_residual=True, use_graph=True, use_weight=False, use_init=False, use_act=False, attention='gcn', lr=0.01, weight_decay=0.0005, dropout=0.5, display_step=50, no_feat_norm=True, patience=200, graph_weight=0.8, ours_weight_decay=0.001, ours_use_weight=False, ours_use_residual=False, ours_use_act=False, backbone='gcn', ours_layers=1, ours_dropout=0.2, aggregate='add', hops=1, gat_heads=8, out_heads=1, lamda=0.1, num_elayers=2, encoder_emdim=768, num_partitions=20, num_reps=4, partition_method='metis', no_pse=False, local_only=False, global_only=False)
cora
Num nodes: 2708
train:torch.Size([140]), valid:torch.Size([500]), test:torch.Size([1000])
features shape=torch.Size([2708, 1433])
num nodes 2708 | num classes 7 | num node feats 1433
Computing 20 partitions using metis...
Partitions: 20, Boundary nodes: 840/2708 (31.0%)
Intra-partition edges: 8952/10556 (84.8%)
Epoch: 00, Loss: 1.9488, Train: 28.57%, Valid: 20.00%, Test: 21.90% [α=0.50,β=0.99]
Epoch: 50, Loss: 0.0070, Train: 100.00%, Valid: 78.00%, Test: 82.20% [α=0.56,β=1.25]
Epoch: 100, Loss: 0.0043, Train: 100.00%, Valid: 77.20%, Test: 79.90% [α=0.57,β=1.33]
Epoch: 150, Loss: 0.0056, Train: 100.00%, Valid: 75.80%, Test: 79.90% [α=0.57,β=1.44]
Epoch: 200, Loss: 0.0049, Train: 100.00%, Valid: 75.00%, Test: 79.80% [α=0.56,β=1.51]
Run 01:Highest Train: 100.00 Highest Valid: 81.40 Highest Test: 83.30 Chosen epoch: 20
Final Train: 100.00 Final Test: 82.80
Epoch: 00, Loss: 1.9502, Train: 14.29%, Valid: 6.60%, Test: 7.80% [α=0.50,β=1.00]
Epoch: 50, Loss: 0.0190, Train: 100.00%, Valid: 78.80%, Test: 80.10% [α=0.63,β=1.62]
Epoch: 100, Loss: 0.0058, Train: 100.00%, Valid: 79.80%, Test: 82.40% [α=0.65,β=1.73]
Epoch: 150, Loss: 0.0102, Train: 100.00%, Valid: 78.60%, Test: 82.50% [α=0.65,β=1.81]
Epoch: 200, Loss: 0.0207, Train: 100.00%, Valid: 79.00%, Test: 83.40% [α=0.65,β=1.88]
Run 02:Highest Train: 100.00 Highest Valid: 81.60 Highest Test: 85.20 Chosen epoch: 43
Final Train: 100.00 Final Test: 84.40
Epoch: 00, Loss: 1.9461, Train: 24.29%, Valid: 18.40%, Test: 21.40% [α=0.50,β=1.00]
Epoch: 50, Loss: 0.0323, Train: 100.00%, Valid: 79.00%, Test: 81.70% [α=0.63,β=1.65]
Epoch: 100, Loss: 0.0189, Train: 100.00%, Valid: 77.20%, Test: 82.10% [α=0.64,β=1.78]
Epoch: 150, Loss: 0.0120, Train: 100.00%, Valid: 78.20%, Test: 81.90% [α=0.65,β=1.87]
Epoch: 200, Loss: 0.0053, Train: 100.00%, Valid: 76.40%, Test: 79.10% [α=0.64,β=1.93]
Run 03:Highest Train: 100.00 Highest Valid: 81.00 Highest Test: 83.70 Chosen epoch: 13
Final Train: 99.29 Final Test: 81.60
Epoch: 00, Loss: 1.9492, Train: 14.29%, Valid: 15.80%, Test: 15.80% [α=0.50,β=1.00]
Epoch: 50, Loss: 0.0203, Train: 100.00%, Valid: 80.20%, Test: 82.00% [α=0.60,β=1.59]
Epoch: 100, Loss: 0.0129, Train: 100.00%, Valid: 78.40%, Test: 81.70% [α=0.62,β=1.69]
Epoch: 150, Loss: 0.0055, Train: 100.00%, Valid: 80.40%, Test: 82.50% [α=0.63,β=1.81]
Epoch: 200, Loss: 0.0107, Train: 100.00%, Valid: 78.20%, Test: 81.90% [α=0.63,β=1.89]
Epoch: 250, Loss: 0.0171, Train: 100.00%, Valid: 79.20%, Test: 81.50% [α=0.63,β=2.00]
Run 04:Highest Train: 100.00 Highest Valid: 83.20 Highest Test: 84.50 Chosen epoch: 94
Final Train: 100.00 Final Test: 83.70
Epoch: 00, Loss: 1.9469, Train: 19.29%, Valid: 15.80%, Test: 12.40% [α=0.50,β=1.00]
Epoch: 50, Loss: 0.0181, Train: 100.00%, Valid: 77.80%, Test: 81.10% [α=0.62,β=1.60]
Epoch: 100, Loss: 0.0347, Train: 100.00%, Valid: 80.40%, Test: 81.80% [α=0.64,β=1.72]
Epoch: 150, Loss: 0.0054, Train: 100.00%, Valid: 76.20%, Test: 79.70% [α=0.64,β=1.82]
Epoch: 200, Loss: 0.0136, Train: 100.00%, Valid: 77.60%, Test: 81.10% [α=0.63,β=1.86]
Epoch: 250, Loss: 0.0171, Train: 100.00%, Valid: 77.20%, Test: 82.80% [α=0.62,β=1.88]
Epoch: 300, Loss: 0.1033, Train: 100.00%, Valid: 78.40%, Test: 79.70% [α=0.62,β=1.94]
Run 05:Highest Train: 100.00 Highest Valid: 81.80 Highest Test: 85.10 Chosen epoch: 103
Final Train: 100.00 Final Test: 82.90
5 runs: Highest Train: 100.00 ± 0.00 Highest val epoch:102
Highest Test: 84.36 ± 0.84 Final Test: 83.08 ± 1.05
