Namespace(data_dir='../data/', dataset='cora', device=0, seed=123, cpu=False, epochs=500, runs=5, train_prop=0.5, valid_prop=0.25, protocol='semi', rand_split=False, rand_split_class=True, label_num_per_class=20, valid_num=500, test_num=1000, directed=False, method='pcgt', hidden_channels=64, num_layers=4, num_heads=1, alpha=0.5, use_bn=False, use_residual=True, use_graph=True, use_weight=False, use_init=False, use_act=False, attention='gcn', lr=0.01, weight_decay=0.0005, dropout=0.5, display_step=50, no_feat_norm=True, patience=200, graph_weight=0.9, ours_weight_decay=0.001, ours_use_weight=False, ours_use_residual=False, ours_use_act=False, backbone='gcn', ours_layers=1, ours_dropout=0.2, aggregate='add', hops=1, gat_heads=8, out_heads=1, lamda=0.1, num_elayers=2, encoder_emdim=768, num_partitions=15, num_reps=4, partition_method='metis', no_pse=False, local_only=False, global_only=False)
cora
Num nodes: 2708
train:torch.Size([140]), valid:torch.Size([500]), test:torch.Size([1000])
features shape=torch.Size([2708, 1433])
num nodes 2708 | num classes 7 | num node feats 1433
Computing 15 partitions using metis...
Partitions: 15, Boundary nodes: 779/2708 (28.8%)
Intra-partition edges: 9146/10556 (86.6%)
Epoch: 00, Loss: 1.9498, Train: 20.00%, Valid: 15.60%, Test: 18.80% [α=0.50,β=0.99]
Epoch: 50, Loss: 0.0138, Train: 100.00%, Valid: 77.20%, Test: 79.90% [α=0.55,β=1.28]
Epoch: 100, Loss: 0.0272, Train: 100.00%, Valid: 77.80%, Test: 81.00% [α=0.54,β=1.34]
Epoch: 150, Loss: 0.0041, Train: 100.00%, Valid: 78.00%, Test: 81.70% [α=0.53,β=1.36]
Epoch: 200, Loss: 0.0072, Train: 100.00%, Valid: 76.40%, Test: 79.90% [α=0.52,β=1.35]
Epoch: 250, Loss: 0.0039, Train: 100.00%, Valid: 76.40%, Test: 81.10% [α=0.51,β=1.35]
Epoch: 300, Loss: 0.0476, Train: 100.00%, Valid: 75.80%, Test: 78.70% [α=0.51,β=1.36]
Run 01:Highest Train: 100.00 Highest Valid: 82.20 Highest Test: 83.60 Chosen epoch: 116
Final Train: 100.00 Final Test: 83.60
Epoch: 00, Loss: 1.9473, Train: 15.71%, Valid: 15.80%, Test: 19.00% [α=0.50,β=1.00]
Epoch: 50, Loss: 0.0200, Train: 100.00%, Valid: 76.80%, Test: 80.20% [α=0.68,β=1.83]
Epoch: 100, Loss: 0.0154, Train: 100.00%, Valid: 78.60%, Test: 82.50% [α=0.69,β=1.96]
Epoch: 150, Loss: 0.0250, Train: 100.00%, Valid: 78.60%, Test: 83.00% [α=0.68,β=2.04]
Epoch: 200, Loss: 0.0266, Train: 100.00%, Valid: 78.20%, Test: 81.60% [α=0.66,β=2.12]
Epoch: 250, Loss: 0.0130, Train: 100.00%, Valid: 77.20%, Test: 81.10% [α=0.64,β=2.20]
Epoch: 300, Loss: 0.0153, Train: 100.00%, Valid: 79.60%, Test: 82.60% [α=0.62,β=2.24]
Run 02:Highest Train: 100.00 Highest Valid: 81.00 Highest Test: 83.80 Chosen epoch: 140
Final Train: 100.00 Final Test: 83.60
Epoch: 00, Loss: 1.9444, Train: 22.14%, Valid: 18.60%, Test: 21.30% [α=0.50,β=1.00]
Epoch: 50, Loss: 0.0188, Train: 100.00%, Valid: 77.60%, Test: 80.60% [α=0.65,β=1.76]
Epoch: 100, Loss: 0.0072, Train: 100.00%, Valid: 78.00%, Test: 82.20% [α=0.67,β=1.95]
Epoch: 150, Loss: 0.0073, Train: 100.00%, Valid: 77.40%, Test: 82.60% [α=0.65,β=2.01]
Epoch: 200, Loss: 0.0188, Train: 100.00%, Valid: 76.20%, Test: 81.00% [α=0.63,β=2.05]
Epoch: 250, Loss: 0.0043, Train: 100.00%, Valid: 79.00%, Test: 81.10% [α=0.61,β=2.07]
Run 03:Highest Train: 100.00 Highest Valid: 81.80 Highest Test: 84.80 Chosen epoch: 53
Final Train: 100.00 Final Test: 83.70
Epoch: 00, Loss: 1.9482, Train: 15.00%, Valid: 15.80%, Test: 15.70% [α=0.50,β=1.00]
Epoch: 50, Loss: 0.0211, Train: 100.00%, Valid: 79.80%, Test: 82.50% [α=0.71,β=2.00]
Epoch: 100, Loss: 0.0073, Train: 100.00%, Valid: 77.40%, Test: 82.30% [α=0.72,β=2.18]
Epoch: 150, Loss: 0.0171, Train: 100.00%, Valid: 78.40%, Test: 83.10% [α=0.71,β=2.26]
Epoch: 200, Loss: 0.0034, Train: 100.00%, Valid: 78.00%, Test: 81.90% [α=0.68,β=2.32]
Epoch: 250, Loss: 0.0117, Train: 100.00%, Valid: 76.80%, Test: 80.00% [α=0.66,β=2.35]
Run 04:Highest Train: 100.00 Highest Valid: 81.40 Highest Test: 84.20 Chosen epoch: 71
Final Train: 100.00 Final Test: 84.20
Epoch: 00, Loss: 1.9509, Train: 14.29%, Valid: 14.80%, Test: 18.10% [α=0.50,β=1.00]
Epoch: 50, Loss: 0.0226, Train: 100.00%, Valid: 79.40%, Test: 81.60% [α=0.68,β=1.89]
Epoch: 100, Loss: 0.0092, Train: 100.00%, Valid: 77.40%, Test: 81.90% [α=0.70,β=2.07]
Epoch: 150, Loss: 0.0198, Train: 100.00%, Valid: 76.20%, Test: 80.20% [α=0.69,β=2.13]
Epoch: 200, Loss: 0.0114, Train: 100.00%, Valid: 77.00%, Test: 79.30% [α=0.67,β=2.17]
Run 05:Highest Train: 100.00 Highest Valid: 80.20 Highest Test: 83.10 Chosen epoch: 18
Final Train: 95.71 Final Test: 82.90
5 runs: Highest Train: 100.00 ± 0.00 Highest val epoch:17
Highest Test: 83.90 ± 0.64 Final Test: 83.60 ± 0.46
