Namespace(data_dir='../data/', dataset='cora', device=0, seed=123, cpu=False, epochs=500, runs=5, train_prop=0.5, valid_prop=0.25, protocol='semi', rand_split=False, rand_split_class=True, label_num_per_class=20, valid_num=500, test_num=1000, directed=False, method='pcgt', hidden_channels=64, num_layers=4, num_heads=1, alpha=0.5, use_bn=False, use_residual=True, use_graph=True, use_weight=False, use_init=False, use_act=False, attention='gcn', lr=0.01, weight_decay=0.0005, dropout=0.5, display_step=50, no_feat_norm=True, patience=200, graph_weight=0.9, ours_weight_decay=0.001, ours_use_weight=False, ours_use_residual=False, ours_use_act=False, backbone='gcn', ours_layers=1, ours_dropout=0.2, aggregate='add', hops=1, gat_heads=8, out_heads=1, lamda=0.1, num_elayers=2, encoder_emdim=768, num_partitions=10, num_reps=4, partition_method='metis', no_pse=False, local_only=False, global_only=False)
cora
Num nodes: 2708
train:torch.Size([140]), valid:torch.Size([500]), test:torch.Size([1000])
features shape=torch.Size([2708, 1433])
num nodes 2708 | num classes 7 | num node feats 1433
Computing 10 partitions using metis...
Partitions: 10, Boundary nodes: 674/2708 (24.9%)
Intra-partition edges: 9382/10556 (88.9%)
Epoch: 00, Loss: 1.9502, Train: 14.29%, Valid: 14.80%, Test: 18.20% [α=0.50,β=0.99]
Epoch: 50, Loss: 0.0281, Train: 100.00%, Valid: 78.00%, Test: 81.70% [α=0.56,β=1.30]
Epoch: 100, Loss: 0.0088, Train: 100.00%, Valid: 77.20%, Test: 79.30% [α=0.55,β=1.35]
Epoch: 150, Loss: 0.0145, Train: 100.00%, Valid: 78.80%, Test: 82.20% [α=0.54,β=1.38]
Epoch: 200, Loss: 0.0093, Train: 100.00%, Valid: 78.20%, Test: 81.00% [α=0.53,β=1.41]
Epoch: 250, Loss: 0.0141, Train: 100.00%, Valid: 76.60%, Test: 78.80% [α=0.52,β=1.43]
Epoch: 300, Loss: 0.0137, Train: 100.00%, Valid: 77.00%, Test: 78.70% [α=0.52,β=1.46]
Run 01:Highest Train: 100.00 Highest Valid: 80.80 Highest Test: 83.50 Chosen epoch: 107
Final Train: 100.00 Final Test: 83.30
Epoch: 00, Loss: 1.9472, Train: 14.29%, Valid: 28.80%, Test: 29.30% [α=0.50,β=1.00]
Epoch: 50, Loss: 0.0353, Train: 100.00%, Valid: 79.60%, Test: 83.90% [α=0.68,β=1.80]
Epoch: 100, Loss: 0.0312, Train: 100.00%, Valid: 77.80%, Test: 80.10% [α=0.69,β=1.94]
Epoch: 150, Loss: 0.0105, Train: 100.00%, Valid: 79.80%, Test: 83.50% [α=0.68,β=2.03]
Epoch: 200, Loss: 0.0051, Train: 100.00%, Valid: 80.00%, Test: 83.40% [α=0.66,β=2.06]
Run 02:Highest Train: 100.00 Highest Valid: 81.00 Highest Test: 84.00 Chosen epoch: 50
Final Train: 100.00 Final Test: 84.00
Epoch: 00, Loss: 1.9452, Train: 14.29%, Valid: 6.60%, Test: 7.80% [α=0.50,β=1.00]
Epoch: 50, Loss: 0.1486, Train: 100.00%, Valid: 75.40%, Test: 78.60% [α=0.70,β=1.96]
Epoch: 100, Loss: 0.0464, Train: 100.00%, Valid: 76.00%, Test: 81.00% [α=0.72,β=2.13]
Epoch: 150, Loss: 0.0154, Train: 100.00%, Valid: 77.00%, Test: 81.30% [α=0.70,β=2.19]
Epoch: 200, Loss: 0.0096, Train: 100.00%, Valid: 78.40%, Test: 82.10% [α=0.69,β=2.22]
Epoch: 250, Loss: 0.0068, Train: 100.00%, Valid: 77.40%, Test: 81.30% [α=0.66,β=2.23]
Epoch: 300, Loss: 0.0125, Train: 100.00%, Valid: 76.00%, Test: 81.90% [α=0.64,β=2.24]
Epoch: 350, Loss: 0.0041, Train: 100.00%, Valid: 76.80%, Test: 81.30% [α=0.63,β=2.29]
Run 03:Highest Train: 100.00 Highest Valid: 79.60 Highest Test: 83.50 Chosen epoch: 199
Final Train: 100.00 Final Test: 83.30
Epoch: 00, Loss: 1.9485, Train: 15.71%, Valid: 14.80%, Test: 18.20% [α=0.50,β=1.00]
Epoch: 50, Loss: 0.0332, Train: 100.00%, Valid: 78.20%, Test: 82.60% [α=0.67,β=1.82]
Epoch: 100, Loss: 0.0055, Train: 100.00%, Valid: 78.40%, Test: 81.20% [α=0.68,β=1.96]
Epoch: 150, Loss: 0.0300, Train: 100.00%, Valid: 79.60%, Test: 78.90% [α=0.67,β=2.00]
Epoch: 200, Loss: 0.0267, Train: 100.00%, Valid: 77.00%, Test: 79.90% [α=0.66,β=2.04]
Epoch: 250, Loss: 0.0352, Train: 100.00%, Valid: 76.00%, Test: 79.30% [α=0.66,β=2.11]
Epoch: 300, Loss: 0.0050, Train: 100.00%, Valid: 77.20%, Test: 80.40% [α=0.65,β=2.15]
Run 04:Highest Train: 100.00 Highest Valid: 81.20 Highest Test: 84.00 Chosen epoch: 147
Final Train: 100.00 Final Test: 83.20
Epoch: 00, Loss: 1.9529, Train: 14.29%, Valid: 6.60%, Test: 7.80% [α=0.50,β=1.00]
Epoch: 50, Loss: 0.1113, Train: 100.00%, Valid: 76.40%, Test: 81.10% [α=0.67,β=1.75]
Epoch: 100, Loss: 0.0505, Train: 100.00%, Valid: 77.80%, Test: 79.90% [α=0.69,β=1.92]
Epoch: 150, Loss: 0.0102, Train: 100.00%, Valid: 81.60%, Test: 82.90% [α=0.68,β=2.00]
Epoch: 200, Loss: 0.0110, Train: 100.00%, Valid: 78.60%, Test: 82.50% [α=0.67,β=2.05]
Epoch: 250, Loss: 0.0244, Train: 100.00%, Valid: 75.40%, Test: 80.20% [α=0.65,β=2.09]
Epoch: 300, Loss: 0.0055, Train: 100.00%, Valid: 77.00%, Test: 81.50% [α=0.64,β=2.13]
Run 05:Highest Train: 100.00 Highest Valid: 82.00 Highest Test: 84.40 Chosen epoch: 118
Final Train: 100.00 Final Test: 83.40
5 runs: Highest Train: 100.00 ± 0.00 Highest val epoch:117
Highest Test: 83.88 ± 0.38 Final Test: 83.44 ± 0.32
