Namespace(data_dir='../data/', dataset='cora', device=0, seed=123, cpu=False, epochs=500, runs=5, train_prop=0.5, valid_prop=0.25, protocol='semi', rand_split=False, rand_split_class=True, label_num_per_class=20, valid_num=500, test_num=1000, directed=False, method='pcgt', hidden_channels=64, num_layers=4, num_heads=1, alpha=0.5, use_bn=False, use_residual=True, use_graph=True, use_weight=False, use_init=False, use_act=False, attention='gcn', lr=0.01, weight_decay=0.0005, dropout=0.5, display_step=50, no_feat_norm=True, patience=200, graph_weight=0.7, ours_weight_decay=0.001, ours_use_weight=False, ours_use_residual=False, ours_use_act=False, backbone='gcn', ours_layers=1, ours_dropout=0.2, aggregate='add', hops=1, gat_heads=8, out_heads=1, lamda=0.1, num_elayers=2, encoder_emdim=768, num_partitions=5, num_reps=4, partition_method='metis', no_pse=False, local_only=False, global_only=False)
cora
Num nodes: 2708
train:torch.Size([140]), valid:torch.Size([500]), test:torch.Size([1000])
features shape=torch.Size([2708, 1433])
num nodes 2708 | num classes 7 | num node feats 1433
Computing 5 partitions using metis...
Partitions: 5, Boundary nodes: 468/2708 (17.3%)
Intra-partition edges: 9818/10556 (93.0%)
Epoch: 00, Loss: 1.9483, Train: 48.57%, Valid: 25.40%, Test: 26.40% [α=0.50,β=0.99]
Epoch: 50, Loss: 0.0132, Train: 100.00%, Valid: 77.60%, Test: 81.40% [α=0.55,β=1.24]
Epoch: 100, Loss: 0.0080, Train: 100.00%, Valid: 77.60%, Test: 80.50% [α=0.56,β=1.34]
Epoch: 150, Loss: 0.0050, Train: 100.00%, Valid: 76.40%, Test: 80.20% [α=0.56,β=1.42]
Epoch: 200, Loss: 0.0057, Train: 100.00%, Valid: 77.60%, Test: 80.40% [α=0.56,β=1.49]
Epoch: 250, Loss: 0.0048, Train: 100.00%, Valid: 78.20%, Test: 81.90% [α=0.56,β=1.58]
Run 01:Highest Train: 100.00 Highest Valid: 79.80 Highest Test: 84.40 Chosen epoch: 84
Final Train: 100.00 Final Test: 82.70
Epoch: 00, Loss: 1.9508, Train: 15.00%, Valid: 28.80%, Test: 29.40% [α=0.50,β=1.00]
Epoch: 50, Loss: 0.0177, Train: 100.00%, Valid: 75.00%, Test: 76.80% [α=0.54,β=1.60]
Epoch: 100, Loss: 0.0062, Train: 100.00%, Valid: 75.60%, Test: 79.30% [α=0.55,β=1.74]
Epoch: 150, Loss: 0.0092, Train: 100.00%, Valid: 77.00%, Test: 81.00% [α=0.56,β=1.82]
Epoch: 200, Loss: 0.0039, Train: 100.00%, Valid: 78.20%, Test: 81.90% [α=0.56,β=1.88]
Epoch: 250, Loss: 0.0079, Train: 100.00%, Valid: 76.40%, Test: 81.40% [α=0.56,β=1.93]
Epoch: 300, Loss: 0.0102, Train: 100.00%, Valid: 76.40%, Test: 81.80% [α=0.56,β=1.98]
Epoch: 350, Loss: 0.0064, Train: 100.00%, Valid: 77.60%, Test: 82.40% [α=0.56,β=2.02]
Epoch: 400, Loss: 0.0044, Train: 100.00%, Valid: 78.60%, Test: 81.90% [α=0.56,β=2.05]
Epoch: 450, Loss: 0.0055, Train: 100.00%, Valid: 77.80%, Test: 82.30% [α=0.55,β=2.09]
Run 02:Highest Train: 100.00 Highest Valid: 80.80 Highest Test: 83.90 Chosen epoch: 388
Final Train: 100.00 Final Test: 82.60
Epoch: 00, Loss: 1.9463, Train: 30.00%, Valid: 13.40%, Test: 12.40% [α=0.50,β=1.00]
Epoch: 50, Loss: 0.0074, Train: 100.00%, Valid: 73.20%, Test: 76.90% [α=0.49,β=1.80]
Epoch: 100, Loss: 0.0067, Train: 100.00%, Valid: 76.20%, Test: 79.20% [α=0.46,β=1.91]
Epoch: 150, Loss: 0.0121, Train: 100.00%, Valid: 76.20%, Test: 79.00% [α=0.47,β=1.98]
Epoch: 200, Loss: 0.0109, Train: 100.00%, Valid: 77.40%, Test: 80.70% [α=0.48,β=2.04]
Epoch: 250, Loss: 0.0033, Train: 100.00%, Valid: 78.40%, Test: 82.60% [α=0.49,β=2.10]
Epoch: 300, Loss: 0.0034, Train: 100.00%, Valid: 78.20%, Test: 81.50% [α=0.50,β=2.15]
Epoch: 350, Loss: 0.0145, Train: 100.00%, Valid: 73.40%, Test: 78.40% [α=0.51,β=2.20]
Epoch: 400, Loss: 0.0066, Train: 100.00%, Valid: 76.40%, Test: 80.60% [α=0.51,β=2.28]
Epoch: 450, Loss: 0.0063, Train: 100.00%, Valid: 77.20%, Test: 79.80% [α=0.52,β=2.36]
Run 03:Highest Train: 100.00 Highest Valid: 80.60 Highest Test: 83.00 Chosen epoch: 313
Final Train: 100.00 Final Test: 81.50
Epoch: 00, Loss: 1.9484, Train: 34.29%, Valid: 29.60%, Test: 30.90% [α=0.50,β=1.00]
Epoch: 50, Loss: 0.0151, Train: 100.00%, Valid: 72.20%, Test: 77.60% [α=0.53,β=1.70]
Epoch: 100, Loss: 0.0034, Train: 100.00%, Valid: 73.20%, Test: 78.20% [α=0.54,β=1.86]
Epoch: 150, Loss: 0.0166, Train: 100.00%, Valid: 72.00%, Test: 76.50% [α=0.56,β=1.98]
Epoch: 200, Loss: 0.0066, Train: 100.00%, Valid: 76.40%, Test: 78.30% [α=0.56,β=2.05]
Run 04:Highest Train: 100.00 Highest Valid: 77.20 Highest Test: 80.60 Chosen epoch: 11
Final Train: 100.00 Final Test: 79.60
Epoch: 00, Loss: 1.9481, Train: 15.00%, Valid: 7.40%, Test: 6.20% [α=0.50,β=1.00]
Epoch: 50, Loss: 0.0102, Train: 100.00%, Valid: 66.80%, Test: 71.70% [α=0.57,β=1.89]
Epoch: 100, Loss: 0.0112, Train: 100.00%, Valid: 74.40%, Test: 77.10% [α=0.56,β=2.05]
Epoch: 150, Loss: 0.0087, Train: 100.00%, Valid: 73.80%, Test: 78.30% [α=0.56,β=2.15]
Epoch: 200, Loss: 0.0063, Train: 100.00%, Valid: 75.20%, Test: 80.50% [α=0.56,β=2.22]
Run 05:Highest Train: 100.00 Highest Valid: 79.00 Highest Test: 80.50 Chosen epoch: 16
Final Train: 100.00 Final Test: 79.80
5 runs: Highest Train: 100.00 ± 0.00 Highest val epoch:15
Highest Test: 82.48 ± 1.83 Final Test: 81.24 ± 1.48
