Namespace(data_dir='../data/', dataset='cora', device=0, seed=123, cpu=False, epochs=500, runs=5, train_prop=0.5, valid_prop=0.25, protocol='semi', rand_split=False, rand_split_class=True, label_num_per_class=20, valid_num=500, test_num=1000, directed=False, method='pcgt', hidden_channels=64, num_layers=4, num_heads=1, alpha=0.5, use_bn=False, use_residual=True, use_graph=True, use_weight=False, use_init=False, use_act=False, attention='gcn', lr=0.01, weight_decay=0.0005, dropout=0.5, display_step=50, no_feat_norm=True, patience=200, graph_weight=0.8, ours_weight_decay=0.001, ours_use_weight=False, ours_use_residual=False, ours_use_act=False, backbone='gcn', ours_layers=1, ours_dropout=0.2, aggregate='add', hops=1, gat_heads=8, out_heads=1, lamda=0.1, num_elayers=2, encoder_emdim=768, num_partitions=5, num_reps=4, partition_method='metis', no_pse=False, local_only=False, global_only=False)
cora
Num nodes: 2708
train:torch.Size([140]), valid:torch.Size([500]), test:torch.Size([1000])
features shape=torch.Size([2708, 1433])
num nodes 2708 | num classes 7 | num node feats 1433
Computing 5 partitions using metis...
Partitions: 5, Boundary nodes: 468/2708 (17.3%)
Intra-partition edges: 9818/10556 (93.0%)
Epoch: 00, Loss: 1.9484, Train: 32.86%, Valid: 16.60%, Test: 20.50% [α=0.50,β=0.99]
Epoch: 50, Loss: 0.0143, Train: 100.00%, Valid: 77.60%, Test: 82.20% [α=0.55,β=1.27]
Epoch: 100, Loss: 0.0112, Train: 100.00%, Valid: 78.00%, Test: 81.10% [α=0.56,β=1.37]
Epoch: 150, Loss: 0.0081, Train: 100.00%, Valid: 76.40%, Test: 79.80% [α=0.55,β=1.43]
Epoch: 200, Loss: 0.0149, Train: 99.29%, Valid: 77.00%, Test: 79.20% [α=0.54,β=1.49]
Epoch: 250, Loss: 0.0130, Train: 100.00%, Valid: 75.80%, Test: 80.60% [α=0.54,β=1.60]
Epoch: 300, Loss: 0.0053, Train: 100.00%, Valid: 77.00%, Test: 81.50% [α=0.54,β=1.68]
Epoch: 350, Loss: 0.0066, Train: 100.00%, Valid: 77.20%, Test: 82.80% [α=0.53,β=1.72]
Run 01:Highest Train: 100.00 Highest Valid: 79.80 Highest Test: 83.40 Chosen epoch: 185
Final Train: 100.00 Final Test: 81.90
Epoch: 00, Loss: 1.9495, Train: 29.29%, Valid: 15.40%, Test: 15.50% [α=0.50,β=1.00]
Epoch: 50, Loss: 0.0069, Train: 100.00%, Valid: 75.40%, Test: 80.60% [α=0.59,β=1.76]
Epoch: 100, Loss: 0.0214, Train: 100.00%, Valid: 75.80%, Test: 80.00% [α=0.62,β=1.89]
Epoch: 150, Loss: 0.0131, Train: 99.29%, Valid: 74.40%, Test: 78.60% [α=0.64,β=2.02]
Epoch: 200, Loss: 0.0058, Train: 100.00%, Valid: 74.00%, Test: 77.80% [α=0.65,β=2.11]
Epoch: 250, Loss: 0.0100, Train: 100.00%, Valid: 78.00%, Test: 82.20% [α=0.64,β=2.19]
Epoch: 300, Loss: 0.0074, Train: 100.00%, Valid: 74.80%, Test: 79.00% [α=0.63,β=2.25]
Epoch: 350, Loss: 0.0050, Train: 100.00%, Valid: 77.60%, Test: 82.50% [α=0.61,β=2.28]
Epoch: 400, Loss: 0.0046, Train: 100.00%, Valid: 76.60%, Test: 81.40% [α=0.60,β=2.33]
Epoch: 450, Loss: 0.0044, Train: 100.00%, Valid: 77.60%, Test: 80.60% [α=0.58,β=2.35]
Run 02:Highest Train: 100.00 Highest Valid: 80.20 Highest Test: 83.40 Chosen epoch: 344
Final Train: 100.00 Final Test: 83.30
Epoch: 00, Loss: 1.9459, Train: 18.57%, Valid: 15.80%, Test: 16.10% [α=0.50,β=1.00]
Epoch: 50, Loss: 0.0436, Train: 100.00%, Valid: 76.00%, Test: 79.30% [α=0.59,β=1.84]
Epoch: 100, Loss: 0.0161, Train: 100.00%, Valid: 78.80%, Test: 79.60% [α=0.59,β=2.06]
Epoch: 150, Loss: 0.0154, Train: 100.00%, Valid: 75.20%, Test: 77.20% [α=0.60,β=2.24]
Epoch: 200, Loss: 0.0065, Train: 100.00%, Valid: 75.60%, Test: 78.40% [α=0.60,β=2.33]
Run 03:Highest Train: 100.00 Highest Valid: 80.40 Highest Test: 81.70 Chosen epoch: 39
Final Train: 100.00 Final Test: 81.30
Epoch: 00, Loss: 1.9476, Train: 14.29%, Valid: 15.80%, Test: 15.70% [α=0.50,β=1.00]
Epoch: 50, Loss: 0.0196, Train: 100.00%, Valid: 73.40%, Test: 75.50% [α=0.60,β=1.95]
Epoch: 100, Loss: 0.0140, Train: 100.00%, Valid: 73.60%, Test: 75.90% [α=0.61,β=2.14]
Epoch: 150, Loss: 0.0065, Train: 100.00%, Valid: 74.20%, Test: 76.40% [α=0.62,β=2.24]
Epoch: 200, Loss: 0.0058, Train: 100.00%, Valid: 75.80%, Test: 78.00% [α=0.62,β=2.32]
Run 04:Highest Train: 100.00 Highest Valid: 77.00 Highest Test: 79.20 Chosen epoch: 13
Final Train: 95.71 Final Test: 78.60
Epoch: 00, Loss: 1.9426, Train: 27.14%, Valid: 14.00%, Test: 16.80% [α=0.50,β=1.00]
Epoch: 50, Loss: 0.0139, Train: 100.00%, Valid: 77.00%, Test: 80.10% [α=0.60,β=1.60]
Epoch: 100, Loss: 0.0085, Train: 100.00%, Valid: 77.80%, Test: 80.60% [α=0.62,β=1.71]
Epoch: 150, Loss: 0.0062, Train: 100.00%, Valid: 78.00%, Test: 79.70% [α=0.63,β=1.78]
Epoch: 200, Loss: 0.0085, Train: 100.00%, Valid: 77.80%, Test: 80.30% [α=0.63,β=1.83]
Epoch: 250, Loss: 0.0133, Train: 100.00%, Valid: 78.60%, Test: 81.30% [α=0.62,β=1.88]
Epoch: 300, Loss: 0.0111, Train: 100.00%, Valid: 78.20%, Test: 81.00% [α=0.61,β=1.91]
Epoch: 350, Loss: 0.0058, Train: 100.00%, Valid: 76.60%, Test: 81.80% [α=0.60,β=1.96]
Epoch: 400, Loss: 0.0089, Train: 100.00%, Valid: 78.80%, Test: 82.70% [α=0.59,β=1.98]
Epoch: 450, Loss: 0.0035, Train: 100.00%, Valid: 79.20%, Test: 82.80% [α=0.58,β=2.01]
Run 05:Highest Train: 100.00 Highest Valid: 80.60 Highest Test: 83.40 Chosen epoch: 328
Final Train: 100.00 Final Test: 82.70
5 runs: Highest Train: 100.00 ± 0.00 Highest val epoch:327
Highest Test: 82.22 ± 1.84 Final Test: 81.56 ± 1.82
