Namespace(data_dir='../data', dataset='chameleon', device=0, seed=123, cpu=False, epochs=500, runs=5, train_prop=0.5, valid_prop=0.25, protocol='semi', rand_split=False, rand_split_class=False, label_num_per_class=20, valid_num=500, test_num=500, directed=False, method='pcgt', hidden_channels=64, num_layers=2, num_heads=1, alpha=0.5, use_bn=False, use_residual=True, use_graph=True, use_weight=False, use_init=False, use_act=False, attention='gcn', lr=0.01, weight_decay=0.001, dropout=0.5, display_step=100, no_feat_norm=True, patience=200, graph_weight=0.8, ours_weight_decay=0.01, ours_use_weight=False, ours_use_residual=False, ours_use_act=False, backbone='gcn', ours_layers=1, ours_dropout=0.3, aggregate='add', hops=1, gat_heads=8, out_heads=1, lamda=0.1, num_elayers=2, encoder_emdim=768, num_partitions=10, num_reps=4, partition_method='metis', no_pse=False, local_only=False, global_only=False)
chameleon
features shape=torch.Size([890, 2325])
num nodes 890 | num classes 5 | num node feats 2325
Computing 10 partitions using metis...
Partitions: 10, Boundary nodes: 549/890 (61.7%)
Intra-partition edges: 13982/17708 (79.0%)
Epoch: 00, Loss: 1.6086, Train: 31.05%, Valid: 24.39%, Test: 28.87% [α=0.50,β=0.99]
Epoch: 100, Loss: 0.2161, Train: 98.53%, Valid: 44.25%, Test: 44.33% [α=0.50,β=2.01]
Epoch: 200, Loss: 0.1163, Train: 99.76%, Valid: 45.30%, Test: 44.85% [α=0.50,β=2.62]
Epoch: 300, Loss: 0.0954, Train: 99.76%, Valid: 45.99%, Test: 41.75% [α=0.50,β=2.97]
Run 01:Highest Train: 100.00 Highest Valid: 50.17 Highest Test: 50.52 Chosen epoch: 174
Final Train: 99.27 Final Test: 45.36
Epoch: 00, Loss: 1.6157, Train: 14.99%, Valid: 15.89%, Test: 13.66% [α=0.50,β=1.00]
Epoch: 100, Loss: 0.1632, Train: 97.42%, Valid: 40.40%, Test: 41.61% [α=0.50,β=2.27]
Epoch: 200, Loss: 0.1021, Train: 99.53%, Valid: 38.08%, Test: 39.75% [α=0.50,β=2.87]
Run 02:Highest Train: 100.00 Highest Valid: 42.05 Highest Test: 46.58 Chosen epoch: 87
Final Train: 98.36 Final Test: 41.61
Epoch: 00, Loss: 1.5961, Train: 32.70%, Valid: 27.24%, Test: 22.47% [α=0.50,β=1.00]
Epoch: 100, Loss: 0.1446, Train: 99.29%, Valid: 47.24%, Test: 39.33% [α=0.50,β=2.30]
Epoch: 200, Loss: 0.0960, Train: 99.05%, Valid: 43.79%, Test: 41.01% [α=0.50,β=2.82]
Run 03:Highest Train: 100.00 Highest Valid: 50.00 Highest Test: 44.38 Chosen epoch: 87
Final Train: 99.05 Final Test: 40.45
Epoch: 00, Loss: 1.6083, Train: 24.51%, Valid: 24.15%, Test: 23.91% [α=0.50,β=1.00]
Epoch: 100, Loss: 0.1483, Train: 99.03%, Valid: 45.24%, Test: 42.93% [α=0.50,β=2.31]
Epoch: 200, Loss: 0.1300, Train: 99.76%, Valid: 41.16%, Test: 46.20% [α=0.50,β=2.86]
Run 04:Highest Train: 100.00 Highest Valid: 46.26 Highest Test: 48.37 Chosen epoch: 33
Final Train: 78.16 Final Test: 45.65
Epoch: 00, Loss: 1.6195, Train: 19.77%, Valid: 17.54%, Test: 15.93% [α=0.50,β=1.00]
Epoch: 100, Loss: 0.1467, Train: 99.09%, Valid: 44.03%, Test: 42.86% [α=0.50,β=2.28]
Epoch: 200, Loss: 0.1028, Train: 99.55%, Valid: 43.28%, Test: 44.51% [α=0.50,β=2.83]
Epoch: 300, Loss: 0.1064, Train: 100.00%, Valid: 44.78%, Test: 46.15% [α=0.50,β=3.08]
Run 05:Highest Train: 100.00 Highest Valid: 47.39 Highest Test: 49.45 Chosen epoch: 169
Final Train: 99.55 Final Test: 46.70
5 runs: Highest Train: 100.00 ± 0.00 Highest val epoch:168
Highest Test: 47.86 ± 2.43 Final Test: 43.96 ± 2.75
47.25% [α=0.50,β=2.96]
Epoch: 300, Loss: 0.1025, Train: 99.77%, Valid: 41.79%, Test: 45.05% [α=0.50,β=3.18]
Run 05:Highest Train: 100.00 Highest Valid: 47.76 Highest Test: 50.00 Chosen epoch: 139
Final Train: 99.32 Final Test: 45.60
5 runs: Highest Train: 100.00 ± 0.00 Highest val epoch:138
Highest Test: 48.19 ± 2.36 Final Test: 43.39 ± 2.73
