Namespace(data_dir='../data', dataset='cora', device=0, seed=123, cpu=False, epochs=500, runs=10, train_prop=0.5, valid_prop=0.25, protocol='semi', rand_split=False, rand_split_class=True, label_num_per_class=20, valid_num=500, test_num=1000, directed=False, method='pcgt', hidden_channels=64, num_layers=2, num_heads=1, alpha=0.5, use_bn=False, use_residual=True, use_graph=True, use_weight=False, use_init=False, use_act=False, attention='gcn', lr=0.01, weight_decay=0.0005, dropout=0.4, display_step=100, no_feat_norm=True, patience=200, graph_weight=0.8, ours_weight_decay=0.001, ours_use_weight=False, ours_use_residual=False, ours_use_act=False, backbone='gcn', ours_layers=1, ours_dropout=0.2, aggregate='add', hops=1, gat_heads=8, out_heads=1, lamda=0.1, num_elayers=2, encoder_emdim=768, num_partitions=7, num_reps=4, partition_method='metis', no_pse=False, local_only=False, global_only=False)
cora
Num nodes: 2708
train:torch.Size([140]), valid:torch.Size([500]), test:torch.Size([1000])
features shape=torch.Size([2708, 1433])
num nodes 2708 | num classes 7 | num node feats 1433
Computing 7 partitions using metis...
Partitions: 7, Boundary nodes: 589/2708 (21.8%)
Intra-partition edges: 9538/10556 (90.4%)
Epoch: 00, Loss: 1.9477, Train: 91.43%, Valid: 60.00%, Test: 60.20% [α=0.50,β=0.99]
Epoch: 100, Loss: 0.0105, Train: 100.00%, Valid: 78.00%, Test: 82.20% [α=0.53,β=1.17]
Epoch: 200, Loss: 0.0090, Train: 100.00%, Valid: 78.80%, Test: 82.50% [α=0.52,β=1.18]
Epoch: 300, Loss: 0.0041, Train: 100.00%, Valid: 79.40%, Test: 83.70% [α=0.52,β=1.19]
Epoch: 400, Loss: 0.0047, Train: 100.00%, Valid: 79.40%, Test: 82.60% [α=0.51,β=1.20]
Run 01:Highest Train: 100.00 Highest Valid: 81.00 Highest Test: 84.60 Chosen epoch: 219
Final Train: 100.00 Final Test: 84.60
Epoch: 00, Loss: 1.9432, Train: 65.71%, Valid: 40.80%, Test: 40.60% [α=0.50,β=1.00]
Epoch: 100, Loss: 0.0044, Train: 100.00%, Valid: 76.20%, Test: 79.50% [α=0.50,β=1.40]
Epoch: 200, Loss: 0.0062, Train: 100.00%, Valid: 78.60%, Test: 82.50% [α=0.51,β=1.37]
Run 02:Highest Train: 100.00 Highest Valid: 81.00 Highest Test: 84.10 Chosen epoch: 25
Final Train: 100.00 Final Test: 84.10
Epoch: 00, Loss: 1.9468, Train: 33.57%, Valid: 21.40%, Test: 22.30% [α=0.50,β=1.00]
Epoch: 100, Loss: 0.0023, Train: 100.00%, Valid: 77.20%, Test: 81.40% [α=0.55,β=1.45]
Epoch: 200, Loss: 0.0034, Train: 100.00%, Valid: 78.60%, Test: 82.40% [α=0.53,β=1.45]
Run 03:Highest Train: 100.00 Highest Valid: 79.20 Highest Test: 83.00 Chosen epoch: 11
Final Train: 100.00 Final Test: 80.80
Epoch: 00, Loss: 1.9515, Train: 35.00%, Valid: 34.40%, Test: 34.50% [α=0.50,β=1.00]
Epoch: 100, Loss: 0.0046, Train: 100.00%, Valid: 77.60%, Test: 82.50% [α=0.55,β=1.48]
Epoch: 200, Loss: 0.0048, Train: 100.00%, Valid: 79.20%, Test: 83.20% [α=0.53,β=1.47]
Run 04:Highest Train: 100.00 Highest Valid: 80.40 Highest Test: 84.70 Chosen epoch: 9
Final Train: 100.00 Final Test: 84.00
Epoch: 00, Loss: 1.9461, Train: 40.71%, Valid: 23.40%, Test: 21.20% [α=0.50,β=1.00]
Epoch: 100, Loss: 0.0034, Train: 100.00%, Valid: 77.20%, Test: 81.40% [α=0.56,β=1.44]
Epoch: 200, Loss: 0.0043, Train: 100.00%, Valid: 79.00%, Test: 83.20% [α=0.53,β=1.44]
Run 05:Highest Train: 100.00 Highest Valid: 80.60 Highest Test: 85.70 Chosen epoch: 11
Final Train: 100.00 Final Test: 85.00
Epoch: 00, Loss: 1.9480, Train: 40.71%, Valid: 32.40%, Test: 36.90% [α=0.50,β=1.00]
Epoch: 100, Loss: 0.0031, Train: 100.00%, Valid: 76.40%, Test: 80.50% [α=0.55,β=1.47]
Epoch: 200, Loss: 0.0044, Train: 100.00%, Valid: 79.80%, Test: 83.10% [α=0.53,β=1.47]
Run 06:Highest Train: 100.00 Highest Valid: 80.60 Highest Test: 84.40 Chosen epoch: 13
Final Train: 100.00 Final Test: 82.80
Epoch: 00, Loss: 1.9442, Train: 20.00%, Valid: 8.20%, Test: 9.10% [α=0.50,β=1.00]
Epoch: 100, Loss: 0.0077, Train: 100.00%, Valid: 77.00%, Test: 81.20% [α=0.55,β=1.46]
Epoch: 200, Loss: 0.0043, Train: 100.00%, Valid: 79.40%, Test: 82.00% [α=0.53,β=1.46]
Run 07:Highest Train: 100.00 Highest Valid: 81.20 Highest Test: 83.30 Chosen epoch: 7
Final Train: 95.00 Final Test: 83.30
Epoch: 00, Loss: 1.9520, Train: 28.57%, Valid: 22.40%, Test: 19.90% [α=0.50,β=1.00]
Epoch: 100, Loss: 0.0042, Train: 100.00%, Valid: 78.00%, Test: 81.90% [α=0.55,β=1.42]
Epoch: 200, Loss: 0.0037, Train: 100.00%, Valid: 78.20%, Test: 81.90% [α=0.53,β=1.42]
Run 08:Highest Train: 100.00 Highest Valid: 80.40 Highest Test: 84.00 Chosen epoch: 31
Final Train: 100.00 Final Test: 83.10
Epoch: 00, Loss: 1.9489, Train: 31.43%, Valid: 22.80%, Test: 19.40% [α=0.50,β=1.00]
Epoch: 100, Loss: 0.0034, Train: 100.00%, Valid: 77.00%, Test: 79.60% [α=0.55,β=1.42]
Epoch: 200, Loss: 0.0058, Train: 100.00%, Valid: 79.80%, Test: 82.60% [α=0.53,β=1.41]
Epoch: 300, Loss: 0.0050, Train: 100.00%, Valid: 79.60%, Test: 83.10% [α=0.52,β=1.42]
Epoch: 400, Loss: 0.0046, Train: 100.00%, Valid: 79.20%, Test: 82.90% [α=0.52,β=1.43]
Run 09:Highest Train: 100.00 Highest Valid: 80.20 Highest Test: 84.00 Chosen epoch: 204
Final Train: 100.00 Final Test: 83.20
Epoch: 00, Loss: 1.9453, Train: 57.14%, Valid: 27.40%, Test: 24.80% [α=0.50,β=1.00]
Epoch: 100, Loss: 0.0031, Train: 100.00%, Valid: 76.80%, Test: 81.40% [α=0.56,β=1.47]
Epoch: 200, Loss: 0.0043, Train: 100.00%, Valid: 79.20%, Test: 83.00% [α=0.53,β=1.45]
Run 10:Highest Train: 100.00 Highest Valid: 80.60 Highest Test: 85.20 Chosen epoch: 9
Final Train: 100.00 Final Test: 85.20
10 runs: Highest Train: 100.00 ± 0.00 Highest val epoch:8
Highest Test: 84.30 ± 0.81 Final Test: 83.61 ± 1.29
