Namespace(data_dir='../data', dataset='cora', device=0, seed=123, cpu=False, epochs=500, runs=5, train_prop=0.5, valid_prop=0.25, protocol='semi', rand_split=False, rand_split_class=True, label_num_per_class=20, valid_num=500, test_num=1000, directed=False, method='pcgt', hidden_channels=64, num_layers=4, num_heads=1, alpha=0.5, use_bn=False, use_residual=True, use_graph=True, use_weight=False, use_init=False, use_act=False, attention='gcn', lr=0.01, weight_decay=0.0005, dropout=0.4, display_step=100, no_feat_norm=True, patience=200, graph_weight=0.8, ours_weight_decay=0.001, ours_use_weight=False, ours_use_residual=False, ours_use_act=False, backbone='gcn', ours_layers=1, ours_dropout=0.2, aggregate='add', hops=1, gat_heads=8, out_heads=1, lamda=0.1, num_elayers=2, encoder_emdim=768, num_partitions=7, num_reps=4, partition_method='metis', no_pse=False, local_only=False, global_only=False)
cora
Num nodes: 2708
train:torch.Size([140]), valid:torch.Size([500]), test:torch.Size([1000])
features shape=torch.Size([2708, 1433])
num nodes 2708 | num classes 7 | num node feats 1433
Computing 7 partitions using metis...
Partitions: 7, Boundary nodes: 589/2708 (21.8%)
Intra-partition edges: 9538/10556 (90.4%)
Epoch: 00, Loss: 1.9506, Train: 22.14%, Valid: 15.00%, Test: 18.20% [α=0.50,β=0.99]
Epoch: 100, Loss: 0.0117, Train: 100.00%, Valid: 76.00%, Test: 78.70% [α=0.54,β=1.32]
Epoch: 200, Loss: 0.0166, Train: 100.00%, Valid: 73.80%, Test: 77.40% [α=0.53,β=1.42]
Run 01:Highest Train: 100.00 Highest Valid: 79.40 Highest Test: 82.80 Chosen epoch: 18
Final Train: 99.29 Final Test: 82.80
Epoch: 00, Loss: 1.9484, Train: 17.86%, Valid: 12.60%, Test: 12.10% [α=0.50,β=1.00]
Epoch: 100, Loss: 0.0068, Train: 100.00%, Valid: 79.00%, Test: 82.20% [α=0.59,β=1.70]
Epoch: 200, Loss: 0.0053, Train: 100.00%, Valid: 75.60%, Test: 82.20% [α=0.57,β=1.82]
Run 02:Highest Train: 100.00 Highest Valid: 81.40 Highest Test: 83.90 Chosen epoch: 15
Final Train: 97.14 Final Test: 81.60
Epoch: 00, Loss: 1.9495, Train: 20.71%, Valid: 9.20%, Test: 9.20% [α=0.50,β=1.00]
Epoch: 100, Loss: 0.0264, Train: 100.00%, Valid: 78.00%, Test: 80.10% [α=0.60,β=1.71]
Epoch: 200, Loss: 0.0121, Train: 100.00%, Valid: 77.20%, Test: 80.90% [α=0.59,β=1.79]
Run 03:Highest Train: 100.00 Highest Valid: 81.00 Highest Test: 83.30 Chosen epoch: 41
Final Train: 100.00 Final Test: 82.20
Epoch: 00, Loss: 1.9479, Train: 14.29%, Valid: 7.40%, Test: 6.20% [α=0.50,β=1.00]
Epoch: 100, Loss: 0.0048, Train: 100.00%, Valid: 76.80%, Test: 82.10% [α=0.59,β=1.73]
Epoch: 200, Loss: 0.0074, Train: 100.00%, Valid: 78.00%, Test: 81.70% [α=0.57,β=1.84]
Epoch: 300, Loss: 0.0035, Train: 100.00%, Valid: 75.00%, Test: 79.30% [α=0.56,β=1.93]
Run 04:Highest Train: 100.00 Highest Valid: 80.60 Highest Test: 83.50 Chosen epoch: 183
Final Train: 100.00 Final Test: 82.30
Epoch: 00, Loss: 1.9488, Train: 23.57%, Valid: 20.00%, Test: 20.50% [α=0.50,β=1.00]
Epoch: 100, Loss: 0.0194, Train: 100.00%, Valid: 72.60%, Test: 74.90% [α=0.61,β=1.77]
Epoch: 200, Loss: 0.0027, Train: 100.00%, Valid: 78.60%, Test: 81.70% [α=0.59,β=1.89]
Epoch: 300, Loss: 0.0035, Train: 100.00%, Valid: 77.80%, Test: 81.80% [α=0.57,β=1.95]
Run 05:Highest Train: 100.00 Highest Valid: 80.00 Highest Test: 83.80 Chosen epoch: 136
Final Train: 100.00 Final Test: 79.00
5 runs: Highest Train: 100.00 ± 0.00 Highest val epoch:135
Highest Test: 83.46 ± 0.44 Final Test: 81.58 ± 1.50
Test: 83.70 Chosen epoch: 142
Final Train: 100.00 Final Test: 82.60
5 runs: Highest Train: 100.00 ± 0.00 Highest val epoch:141
Highest Test: 83.62 ± 0.52 Final Test: 82.54 ± 1.17
