Namespace(data_dir='../data', dataset='cora', device=0, seed=123, cpu=False, epochs=500, runs=10, train_prop=0.5, valid_prop=0.25, protocol='semi', rand_split=False, rand_split_class=True, label_num_per_class=20, valid_num=500, test_num=1000, directed=False, method='pcgt', hidden_channels=64, num_layers=4, num_heads=1, alpha=0.5, use_bn=False, use_residual=True, use_graph=True, use_weight=False, use_init=False, use_act=False, attention='gcn', lr=0.01, weight_decay=0.0005, dropout=0.4, display_step=100, no_feat_norm=True, patience=200, graph_weight=0.8, ours_weight_decay=0.001, ours_use_weight=False, ours_use_residual=False, ours_use_act=False, backbone='gcn', ours_layers=1, ours_dropout=0.2, aggregate='add', hops=1, gat_heads=8, out_heads=1, lamda=0.1, num_elayers=2, encoder_emdim=768, num_partitions=10, num_reps=4, partition_method='metis', no_pse=False, local_only=False, global_only=False)
cora
Num nodes: 2708
train:torch.Size([140]), valid:torch.Size([500]), test:torch.Size([1000])
features shape=torch.Size([2708, 1433])
num nodes 2708 | num classes 7 | num node feats 1433
Computing 10 partitions using metis...
Partitions: 10, Boundary nodes: 674/2708 (24.9%)
Intra-partition edges: 9382/10556 (88.9%)
Epoch: 00, Loss: 1.9506, Train: 22.86%, Valid: 15.80%, Test: 19.30% [α=0.50,β=0.99]
Epoch: 100, Loss: 0.0082, Train: 100.00%, Valid: 75.40%, Test: 79.30% [α=0.55,β=1.31]
Epoch: 200, Loss: 0.0046, Train: 100.00%, Valid: 73.80%, Test: 79.50% [α=0.54,β=1.44]
Epoch: 300, Loss: 0.0045, Train: 100.00%, Valid: 78.00%, Test: 80.30% [α=0.55,β=1.63]
Epoch: 400, Loss: 0.0019, Train: 100.00%, Valid: 77.80%, Test: 82.20% [α=0.53,β=1.66]
Run 01:Highest Train: 100.00 Highest Valid: 82.20 Highest Test: 83.70 Chosen epoch: 244
Final Train: 100.00 Final Test: 82.90
Epoch: 00, Loss: 1.9501, Train: 20.00%, Valid: 12.60%, Test: 12.40% [α=0.50,β=1.00]
Epoch: 100, Loss: 0.0322, Train: 100.00%, Valid: 78.60%, Test: 82.50% [α=0.64,β=1.84]
Epoch: 200, Loss: 0.0041, Train: 100.00%, Valid: 75.20%, Test: 81.10% [α=0.62,β=2.01]
Run 02:Highest Train: 100.00 Highest Valid: 81.20 Highest Test: 84.20 Chosen epoch: 98
Final Train: 100.00 Final Test: 83.10
Epoch: 00, Loss: 1.9478, Train: 27.86%, Valid: 24.60%, Test: 26.00% [α=0.50,β=1.00]
Epoch: 100, Loss: 0.0059, Train: 100.00%, Valid: 77.80%, Test: 80.70% [α=0.60,β=1.87]
Epoch: 200, Loss: 0.0068, Train: 100.00%, Valid: 77.40%, Test: 80.60% [α=0.60,β=2.02]
Run 03:Highest Train: 100.00 Highest Valid: 79.60 Highest Test: 83.50 Chosen epoch: 23
Final Train: 100.00 Final Test: 81.40
Epoch: 00, Loss: 1.9487, Train: 14.29%, Valid: 6.60%, Test: 7.80% [α=0.50,β=1.00]
Epoch: 100, Loss: 0.0154, Train: 100.00%, Valid: 77.60%, Test: 79.50% [α=0.61,β=1.87]
Epoch: 200, Loss: 0.0058, Train: 100.00%, Valid: 77.80%, Test: 82.60% [α=0.61,β=2.00]
Run 04:Highest Train: 100.00 Highest Valid: 80.80 Highest Test: 83.70 Chosen epoch: 74
Final Train: 100.00 Final Test: 82.70
Epoch: 00, Loss: 1.9470, Train: 14.29%, Valid: 15.00%, Test: 18.30% [α=0.50,β=1.00]
Epoch: 100, Loss: 0.0059, Train: 100.00%, Valid: 76.20%, Test: 80.50% [α=0.63,β=1.74]
Epoch: 200, Loss: 0.0038, Train: 100.00%, Valid: 78.00%, Test: 80.90% [α=0.62,β=1.86]
Epoch: 300, Loss: 0.0022, Train: 100.00%, Valid: 79.20%, Test: 82.60% [α=0.61,β=1.93]
Run 05:Highest Train: 100.00 Highest Valid: 81.20 Highest Test: 83.60 Chosen epoch: 185
Final Train: 100.00 Final Test: 82.70
Epoch: 00, Loss: 1.9483, Train: 22.14%, Valid: 19.20%, Test: 19.80% [α=0.50,β=1.00]
Epoch: 100, Loss: 0.0050, Train: 100.00%, Valid: 76.40%, Test: 81.00% [α=0.52,β=1.94]
Epoch: 200, Loss: 0.0046, Train: 100.00%, Valid: 75.00%, Test: 79.90% [α=0.53,β=2.03]
Epoch: 300, Loss: 0.0122, Train: 100.00%, Valid: 77.60%, Test: 80.80% [α=0.54,β=2.08]
Run 06:Highest Train: 100.00 Highest Valid: 80.80 Highest Test: 84.30 Chosen epoch: 136
Final Train: 100.00 Final Test: 83.90
Epoch: 00, Loss: 1.9482, Train: 17.86%, Valid: 8.60%, Test: 9.90% [α=0.50,β=1.00]
Epoch: 100, Loss: 0.0056, Train: 100.00%, Valid: 79.40%, Test: 83.20% [α=0.56,β=1.89]
Epoch: 200, Loss: 0.0046, Train: 100.00%, Valid: 80.00%, Test: 83.40% [α=0.58,β=2.02]
Run 07:Highest Train: 100.00 Highest Valid: 81.00 Highest Test: 84.10 Chosen epoch: 87
Final Train: 100.00 Final Test: 83.40
Epoch: 00, Loss: 1.9495, Train: 14.29%, Valid: 15.80%, Test: 15.70% [α=0.50,β=1.00]
Epoch: 100, Loss: 0.0257, Train: 100.00%, Valid: 75.00%, Test: 79.40% [α=0.56,β=1.84]
Epoch: 200, Loss: 0.0062, Train: 100.00%, Valid: 77.60%, Test: 82.10% [α=0.58,β=1.99]
Run 08:Highest Train: 100.00 Highest Valid: 80.40 Highest Test: 83.90 Chosen epoch: 67
Final Train: 100.00 Final Test: 81.80
Epoch: 00, Loss: 1.9488, Train: 17.86%, Valid: 17.40%, Test: 17.90% [α=0.50,β=1.00]
Epoch: 100, Loss: 0.0052, Train: 100.00%, Valid: 78.60%, Test: 79.50% [α=0.61,β=1.77]
Epoch: 200, Loss: 0.0068, Train: 100.00%, Valid: 76.80%, Test: 80.20% [α=0.60,β=1.86]
Epoch: 300, Loss: 0.0064, Train: 100.00%, Valid: 80.00%, Test: 80.50% [α=0.59,β=1.93]
Epoch: 400, Loss: 0.0124, Train: 100.00%, Valid: 77.60%, Test: 80.60% [α=0.58,β=1.97]
Run 09:Highest Train: 100.00 Highest Valid: 81.40 Highest Test: 83.60 Chosen epoch: 300
Final Train: 100.00 Final Test: 81.20
Epoch: 00, Loss: 1.9494, Train: 14.29%, Valid: 28.80%, Test: 29.40% [α=0.50,β=1.00]
Epoch: 100, Loss: 0.0083, Train: 100.00%, Valid: 78.00%, Test: 82.40% [α=0.61,β=1.72]
Epoch: 200, Loss: 0.0056, Train: 100.00%, Valid: 77.60%, Test: 79.60% [α=0.60,β=1.85]
Epoch: 300, Loss: 0.0104, Train: 100.00%, Valid: 77.60%, Test: 80.50% [α=0.58,β=1.90]
Run 10:Highest Train: 100.00 Highest Valid: 82.60 Highest Test: 84.20 Chosen epoch: 169
Final Train: 100.00 Final Test: 83.50
10 runs: Highest Train: 100.00 ± 0.00 Highest val epoch:168
Highest Test: 83.88 ± 0.30 Final Test: 82.66 ± 0.91
