Namespace(data_dir='../data', dataset='cora', device=0, seed=123, cpu=False, epochs=500, runs=10, train_prop=0.5, valid_prop=0.25, protocol='semi', rand_split=False, rand_split_class=True, label_num_per_class=20, valid_num=500, test_num=1000, directed=False, method='pcgt', hidden_channels=64, num_layers=2, num_heads=1, alpha=0.5, use_bn=False, use_residual=True, use_graph=True, use_weight=False, use_init=False, use_act=False, attention='gcn', lr=0.01, weight_decay=0.0005, dropout=0.4, display_step=100, no_feat_norm=True, patience=200, graph_weight=0.8, ours_weight_decay=0.001, ours_use_weight=False, ours_use_residual=False, ours_use_act=False, backbone='gcn', ours_layers=1, ours_dropout=0.2, aggregate='add', hops=1, gat_heads=8, out_heads=1, lamda=0.1, num_elayers=2, encoder_emdim=768, num_partitions=5, num_reps=4, partition_method='metis', no_pse=False, local_only=False, global_only=False)
cora
Num nodes: 2708
train:torch.Size([140]), valid:torch.Size([500]), test:torch.Size([1000])
features shape=torch.Size([2708, 1433])
num nodes 2708 | num classes 7 | num node feats 1433
Computing 5 partitions using metis...
Partitions: 5, Boundary nodes: 468/2708 (17.3%)
Intra-partition edges: 9818/10556 (93.0%)
Epoch: 00, Loss: 1.9463, Train: 95.71%, Valid: 62.60%, Test: 65.20% [α=0.50,β=0.99]
Epoch: 100, Loss: 0.0050, Train: 100.00%, Valid: 80.40%, Test: 83.50% [α=0.53,β=1.17]
Epoch: 200, Loss: 0.0062, Train: 100.00%, Valid: 78.20%, Test: 79.90% [α=0.53,β=1.19]
Epoch: 300, Loss: 0.0055, Train: 100.00%, Valid: 78.40%, Test: 82.60% [α=0.52,β=1.20]
Run 01:Highest Train: 100.00 Highest Valid: 81.20 Highest Test: 84.00 Chosen epoch: 106
Final Train: 100.00 Final Test: 83.40
Epoch: 00, Loss: 1.9442, Train: 61.43%, Valid: 36.20%, Test: 34.70% [α=0.50,β=1.00]
Epoch: 100, Loss: 0.0024, Train: 100.00%, Valid: 75.80%, Test: 79.00% [α=0.54,β=1.32]
Epoch: 200, Loss: 0.0041, Train: 100.00%, Valid: 79.60%, Test: 81.60% [α=0.53,β=1.30]
Run 02:Highest Train: 100.00 Highest Valid: 81.20 Highest Test: 83.40 Chosen epoch: 22
Final Train: 100.00 Final Test: 81.90
Epoch: 00, Loss: 1.9482, Train: 42.14%, Valid: 22.60%, Test: 26.70% [α=0.50,β=1.00]
Epoch: 100, Loss: 0.0033, Train: 100.00%, Valid: 78.40%, Test: 82.40% [α=0.57,β=1.47]
Epoch: 200, Loss: 0.0080, Train: 100.00%, Valid: 79.20%, Test: 83.10% [α=0.54,β=1.47]
Run 03:Highest Train: 100.00 Highest Valid: 80.00 Highest Test: 83.60 Chosen epoch: 10
Final Train: 100.00 Final Test: 83.40
Epoch: 00, Loss: 1.9517, Train: 39.29%, Valid: 24.80%, Test: 26.80% [α=0.50,β=1.00]
Epoch: 100, Loss: 0.0049, Train: 100.00%, Valid: 80.60%, Test: 81.70% [α=0.55,β=1.40]
Epoch: 200, Loss: 0.0042, Train: 100.00%, Valid: 78.40%, Test: 82.00% [α=0.53,β=1.40]
Run 04:Highest Train: 100.00 Highest Valid: 81.40 Highest Test: 84.30 Chosen epoch: 34
Final Train: 100.00 Final Test: 83.40
Epoch: 00, Loss: 1.9479, Train: 30.71%, Valid: 18.00%, Test: 21.40% [α=0.50,β=1.00]
Epoch: 100, Loss: 0.0043, Train: 100.00%, Valid: 76.80%, Test: 80.80% [α=0.54,β=1.44]
Epoch: 200, Loss: 0.0038, Train: 100.00%, Valid: 78.20%, Test: 82.30% [α=0.53,β=1.44]
Epoch: 300, Loss: 0.0044, Train: 100.00%, Valid: 78.60%, Test: 82.70% [α=0.53,β=1.45]
Epoch: 400, Loss: 0.0032, Train: 100.00%, Valid: 78.80%, Test: 82.60% [α=0.52,β=1.46]
Run 05:Highest Train: 100.00 Highest Valid: 80.00 Highest Test: 84.30 Chosen epoch: 252
Final Train: 100.00 Final Test: 82.30
Epoch: 00, Loss: 1.9530, Train: 25.71%, Valid: 23.00%, Test: 21.70% [α=0.50,β=1.00]
Epoch: 100, Loss: 0.0048, Train: 100.00%, Valid: 77.40%, Test: 80.60% [α=0.55,β=1.52]
Epoch: 200, Loss: 0.0052, Train: 100.00%, Valid: 80.60%, Test: 83.30% [α=0.53,β=1.51]
Run 06:Highest Train: 100.00 Highest Valid: 81.80 Highest Test: 84.40 Chosen epoch: 29
Final Train: 100.00 Final Test: 82.60
Epoch: 00, Loss: 1.9593, Train: 26.43%, Valid: 18.40%, Test: 23.00% [α=0.50,β=1.00]
Epoch: 100, Loss: 0.0028, Train: 100.00%, Valid: 76.80%, Test: 80.80% [α=0.56,β=1.50]
Epoch: 200, Loss: 0.0044, Train: 100.00%, Valid: 78.80%, Test: 81.60% [α=0.54,β=1.50]
Run 07:Highest Train: 100.00 Highest Valid: 80.60 Highest Test: 84.00 Chosen epoch: 10
Final Train: 100.00 Final Test: 84.00
Epoch: 00, Loss: 1.9469, Train: 39.29%, Valid: 30.40%, Test: 31.60% [α=0.50,β=1.00]
Epoch: 100, Loss: 0.0026, Train: 100.00%, Valid: 77.20%, Test: 82.00% [α=0.56,β=1.38]
Epoch: 200, Loss: 0.0042, Train: 100.00%, Valid: 79.00%, Test: 83.30% [α=0.54,β=1.38]
Run 08:Highest Train: 100.00 Highest Valid: 80.60 Highest Test: 84.10 Chosen epoch: 35
Final Train: 100.00 Final Test: 83.80
Epoch: 00, Loss: 1.9489, Train: 62.14%, Valid: 38.80%, Test: 40.30% [α=0.50,β=1.00]
Epoch: 100, Loss: 0.0024, Train: 100.00%, Valid: 78.20%, Test: 80.90% [α=0.56,β=1.45]
Epoch: 200, Loss: 0.0040, Train: 100.00%, Valid: 80.00%, Test: 83.30% [α=0.54,β=1.45]
Run 09:Highest Train: 100.00 Highest Valid: 82.20 Highest Test: 85.00 Chosen epoch: 10
Final Train: 100.00 Final Test: 84.90
Epoch: 00, Loss: 1.9540, Train: 32.14%, Valid: 13.80%, Test: 16.40% [α=0.50,β=1.00]
Epoch: 100, Loss: 0.0037, Train: 100.00%, Valid: 77.80%, Test: 82.00% [α=0.53,β=1.48]
Epoch: 200, Loss: 0.0041, Train: 100.00%, Valid: 79.40%, Test: 82.50% [α=0.53,β=1.47]
Run 10:Highest Train: 100.00 Highest Valid: 79.80 Highest Test: 83.70 Chosen epoch: 9
Final Train: 98.57 Final Test: 83.30
10 runs: Highest Train: 100.00 ± 0.00 Highest val epoch:8
Highest Test: 84.08 ± 0.46 Final Test: 83.30 ± 0.87
