Namespace(data_dir='../data', dataset='cora', device=0, seed=123, cpu=False, epochs=500, runs=10, train_prop=0.5, valid_prop=0.25, protocol='semi', rand_split=False, rand_split_class=True, label_num_per_class=20, valid_num=500, test_num=1000, directed=False, method='pcgt', hidden_channels=64, num_layers=2, num_heads=1, alpha=0.5, use_bn=False, use_residual=True, use_graph=True, use_weight=False, use_init=False, use_act=False, attention='gcn', lr=0.01, weight_decay=0.0005, dropout=0.4, display_step=100, no_feat_norm=True, patience=200, graph_weight=0.8, ours_weight_decay=0.001, ours_use_weight=False, ours_use_residual=False, ours_use_act=False, backbone='gcn', ours_layers=1, ours_dropout=0.2, aggregate='add', hops=1, gat_heads=8, out_heads=1, lamda=0.1, num_elayers=2, encoder_emdim=768, num_partitions=10, num_reps=4, partition_method='metis', no_pse=False, local_only=False, global_only=False)
cora
Num nodes: 2708
train:torch.Size([140]), valid:torch.Size([500]), test:torch.Size([1000])
features shape=torch.Size([2708, 1433])
num nodes 2708 | num classes 7 | num node feats 1433
Computing 10 partitions using metis...
Partitions: 10, Boundary nodes: 674/2708 (24.9%)
Intra-partition edges: 9382/10556 (88.9%)
Epoch: 00, Loss: 1.9471, Train: 93.57%, Valid: 64.20%, Test: 66.50% [α=0.50,β=0.99]
Epoch: 100, Loss: 0.0071, Train: 100.00%, Valid: 78.40%, Test: 81.80% [α=0.54,β=1.18]
Epoch: 200, Loss: 0.0077, Train: 100.00%, Valid: 79.60%, Test: 82.10% [α=0.53,β=1.19]
Run 01:Highest Train: 100.00 Highest Valid: 81.20 Highest Test: 84.40 Chosen epoch: 67
Final Train: 100.00 Final Test: 82.60
Epoch: 00, Loss: 1.9516, Train: 31.43%, Valid: 18.00%, Test: 20.00% [α=0.50,β=1.00]
Epoch: 100, Loss: 0.0031, Train: 100.00%, Valid: 78.20%, Test: 82.00% [α=0.55,β=1.36]
Epoch: 200, Loss: 0.0053, Train: 100.00%, Valid: 79.40%, Test: 83.10% [α=0.54,β=1.36]
Run 02:Highest Train: 100.00 Highest Valid: 80.60 Highest Test: 84.10 Chosen epoch: 8
Final Train: 100.00 Final Test: 84.10
Epoch: 00, Loss: 1.9479, Train: 42.14%, Valid: 28.00%, Test: 28.10% [α=0.50,β=1.00]
Epoch: 100, Loss: 0.0035, Train: 100.00%, Valid: 76.20%, Test: 80.80% [α=0.56,β=1.35]
Epoch: 200, Loss: 0.0037, Train: 100.00%, Valid: 78.20%, Test: 82.20% [α=0.54,β=1.35]
Run 03:Highest Train: 100.00 Highest Valid: 82.20 Highest Test: 85.10 Chosen epoch: 9
Final Train: 100.00 Final Test: 84.70
Epoch: 00, Loss: 1.9484, Train: 27.14%, Valid: 23.20%, Test: 22.10% [α=0.50,β=1.00]
Epoch: 100, Loss: 0.0053, Train: 100.00%, Valid: 78.80%, Test: 82.00% [α=0.57,β=1.40]
Epoch: 200, Loss: 0.0048, Train: 100.00%, Valid: 79.00%, Test: 82.60% [α=0.55,β=1.40]
Run 04:Highest Train: 100.00 Highest Valid: 81.00 Highest Test: 83.80 Chosen epoch: 39
Final Train: 100.00 Final Test: 82.40
Epoch: 00, Loss: 1.9482, Train: 56.43%, Valid: 36.40%, Test: 38.50% [α=0.50,β=1.00]
Epoch: 100, Loss: 0.0044, Train: 100.00%, Valid: 78.00%, Test: 81.60% [α=0.56,β=1.39]
Epoch: 200, Loss: 0.0053, Train: 100.00%, Valid: 77.60%, Test: 82.00% [α=0.54,β=1.39]
Run 05:Highest Train: 100.00 Highest Valid: 81.60 Highest Test: 84.30 Chosen epoch: 7
Final Train: 98.57 Final Test: 84.30
Epoch: 00, Loss: 1.9438, Train: 50.71%, Valid: 35.00%, Test: 39.30% [α=0.50,β=1.00]
Epoch: 100, Loss: 0.0029, Train: 100.00%, Valid: 77.40%, Test: 80.90% [α=0.57,β=1.42]
Epoch: 200, Loss: 0.0038, Train: 100.00%, Valid: 78.20%, Test: 81.70% [α=0.55,β=1.42]
Run 06:Highest Train: 100.00 Highest Valid: 81.20 Highest Test: 84.40 Chosen epoch: 8
Final Train: 99.29 Final Test: 84.20
Epoch: 00, Loss: 1.9478, Train: 35.00%, Valid: 20.60%, Test: 21.40% [α=0.50,β=1.00]
Epoch: 100, Loss: 0.0063, Train: 100.00%, Valid: 77.80%, Test: 82.00% [α=0.56,β=1.48]
Epoch: 200, Loss: 0.0039, Train: 100.00%, Valid: 79.60%, Test: 82.40% [α=0.55,β=1.48]
Epoch: 300, Loss: 0.0046, Train: 100.00%, Valid: 79.00%, Test: 82.40% [α=0.54,β=1.49]
Epoch: 400, Loss: 0.0043, Train: 100.00%, Valid: 80.00%, Test: 83.00% [α=0.53,β=1.50]
Run 07:Highest Train: 100.00 Highest Valid: 80.80 Highest Test: 83.80 Chosen epoch: 357
Final Train: 100.00 Final Test: 83.50
Epoch: 00, Loss: 1.9536, Train: 35.00%, Valid: 39.20%, Test: 39.20% [α=0.50,β=1.00]
Epoch: 100, Loss: 0.0028, Train: 100.00%, Valid: 75.80%, Test: 78.80% [α=0.58,β=1.45]
Epoch: 200, Loss: 0.0034, Train: 100.00%, Valid: 78.60%, Test: 81.90% [α=0.55,β=1.44]
Run 08:Highest Train: 100.00 Highest Valid: 81.40 Highest Test: 84.20 Chosen epoch: 8
Final Train: 99.29 Final Test: 84.20
Epoch: 00, Loss: 1.9449, Train: 43.57%, Valid: 25.00%, Test: 21.10% [α=0.50,β=1.00]
Epoch: 100, Loss: 0.0021, Train: 100.00%, Valid: 73.00%, Test: 79.30% [α=0.58,β=1.46]
Epoch: 200, Loss: 0.0046, Train: 100.00%, Valid: 77.80%, Test: 82.30% [α=0.55,β=1.45]
Run 09:Highest Train: 100.00 Highest Valid: 81.40 Highest Test: 84.40 Chosen epoch: 17
Final Train: 100.00 Final Test: 83.80
Epoch: 00, Loss: 1.9483, Train: 30.71%, Valid: 33.40%, Test: 35.50% [α=0.50,β=1.00]
Epoch: 100, Loss: 0.0053, Train: 100.00%, Valid: 77.60%, Test: 80.20% [α=0.58,β=1.49]
Epoch: 200, Loss: 0.0037, Train: 100.00%, Valid: 80.40%, Test: 82.60% [α=0.56,β=1.49]
Run 10:Highest Train: 100.00 Highest Valid: 82.40 Highest Test: 84.50 Chosen epoch: 9
Final Train: 100.00 Final Test: 84.30
10 runs: Highest Train: 100.00 ± 0.00 Highest val epoch:8
Highest Test: 84.30 ± 0.37 Final Test: 83.81 ± 0.76
