Namespace(data_dir='../data', dataset='cora', device=0, seed=123, cpu=False, epochs=500, runs=10, train_prop=0.5, valid_prop=0.25, protocol='semi', rand_split=False, rand_split_class=True, label_num_per_class=20, valid_num=500, test_num=1000, directed=False, method='pcgt', hidden_channels=64, num_layers=2, num_heads=1, alpha=0.5, use_bn=False, use_residual=True, use_graph=True, use_weight=False, use_init=False, use_act=False, attention='gcn', lr=0.01, weight_decay=0.0005, dropout=0.4, display_step=100, no_feat_norm=True, patience=200, graph_weight=0.9, ours_weight_decay=0.001, ours_use_weight=False, ours_use_residual=False, ours_use_act=False, backbone='gcn', ours_layers=1, ours_dropout=0.2, aggregate='add', hops=1, gat_heads=8, out_heads=1, lamda=0.1, num_elayers=2, encoder_emdim=768, num_partitions=7, num_reps=4, partition_method='metis', no_pse=False, local_only=False, global_only=False)
cora
Num nodes: 2708
train:torch.Size([140]), valid:torch.Size([500]), test:torch.Size([1000])
features shape=torch.Size([2708, 1433])
num nodes 2708 | num classes 7 | num node feats 1433
Computing 7 partitions using metis...
Partitions: 7, Boundary nodes: 589/2708 (21.8%)
Intra-partition edges: 9538/10556 (90.4%)
Epoch: 00, Loss: 1.9470, Train: 87.14%, Valid: 60.20%, Test: 58.40% [α=0.50,β=0.99]
Epoch: 100, Loss: 0.0077, Train: 100.00%, Valid: 79.20%, Test: 81.50% [α=0.51,β=1.13]
Epoch: 200, Loss: 0.0093, Train: 100.00%, Valid: 78.20%, Test: 82.20% [α=0.50,β=1.05]
Epoch: 300, Loss: 0.0035, Train: 100.00%, Valid: 78.20%, Test: 83.40% [α=0.50,β=0.95]
Epoch: 400, Loss: 0.0055, Train: 100.00%, Valid: 78.00%, Test: 82.30% [α=0.50,β=0.84]
Run 01:Highest Train: 100.00 Highest Valid: 80.60 Highest Test: 84.30 Chosen epoch: 220
Final Train: 100.00 Final Test: 83.40
Epoch: 00, Loss: 1.9424, Train: 53.57%, Valid: 28.80%, Test: 32.50% [α=0.50,β=1.00]
Epoch: 100, Loss: 0.0027, Train: 100.00%, Valid: 74.60%, Test: 77.80% [α=0.51,β=1.28]
Epoch: 200, Loss: 0.0046, Train: 100.00%, Valid: 78.40%, Test: 81.50% [α=0.50,β=1.13]
Run 02:Highest Train: 100.00 Highest Valid: 79.40 Highest Test: 83.50 Chosen epoch: 7
Final Train: 98.57 Final Test: 83.50
Epoch: 00, Loss: 1.9524, Train: 29.29%, Valid: 15.80%, Test: 17.20% [α=0.50,β=1.00]
Epoch: 100, Loss: 0.0032, Train: 100.00%, Valid: 77.60%, Test: 81.80% [α=0.52,β=1.36]
Epoch: 200, Loss: 0.0035, Train: 100.00%, Valid: 78.40%, Test: 82.20% [α=0.50,β=1.24]
Run 03:Highest Train: 100.00 Highest Valid: 80.40 Highest Test: 84.30 Chosen epoch: 9
Final Train: 100.00 Final Test: 84.30
Epoch: 00, Loss: 1.9513, Train: 34.29%, Valid: 20.40%, Test: 19.70% [α=0.50,β=1.00]
Epoch: 100, Loss: 0.0022, Train: 100.00%, Valid: 78.00%, Test: 81.30% [α=0.53,β=1.38]
Epoch: 200, Loss: 0.0051, Train: 100.00%, Valid: 78.00%, Test: 82.90% [α=0.51,β=1.27]
Run 04:Highest Train: 100.00 Highest Valid: 80.20 Highest Test: 83.20 Chosen epoch: 17
Final Train: 100.00 Final Test: 82.20
Epoch: 00, Loss: 1.9491, Train: 25.00%, Valid: 20.00%, Test: 17.70% [α=0.50,β=1.00]
Epoch: 100, Loss: 0.0024, Train: 100.00%, Valid: 75.60%, Test: 79.80% [α=0.53,β=1.41]
Epoch: 200, Loss: 0.0060, Train: 100.00%, Valid: 78.20%, Test: 82.30% [α=0.51,β=1.31]
Run 05:Highest Train: 100.00 Highest Valid: 79.60 Highest Test: 84.20 Chosen epoch: 13
Final Train: 100.00 Final Test: 82.80
Epoch: 00, Loss: 1.9477, Train: 37.86%, Valid: 22.00%, Test: 23.40% [α=0.50,β=1.00]
Epoch: 100, Loss: 0.0033, Train: 100.00%, Valid: 76.40%, Test: 80.30% [α=0.52,β=1.31]
Epoch: 200, Loss: 0.0039, Train: 100.00%, Valid: 79.00%, Test: 82.10% [α=0.51,β=1.22]
Epoch: 300, Loss: 0.0042, Train: 100.00%, Valid: 79.80%, Test: 83.00% [α=0.50,β=1.13]
Epoch: 400, Loss: 0.0037, Train: 100.00%, Valid: 79.80%, Test: 83.40% [α=0.50,β=1.05]
Run 06:Highest Train: 100.00 Highest Valid: 81.20 Highest Test: 84.00 Chosen epoch: 326
Final Train: 100.00 Final Test: 82.80
Epoch: 00, Loss: 1.9456, Train: 22.86%, Valid: 7.60%, Test: 9.10% [α=0.50,β=1.00]
Epoch: 100, Loss: 0.0011, Train: 100.00%, Valid: 75.00%, Test: 79.70% [α=0.52,β=1.37]
Epoch: 200, Loss: 0.0049, Train: 100.00%, Valid: 78.00%, Test: 82.00% [α=0.50,β=1.26]
Run 07:Highest Train: 100.00 Highest Valid: 80.00 Highest Test: 84.40 Chosen epoch: 10
Final Train: 100.00 Final Test: 83.80
Epoch: 00, Loss: 1.9465, Train: 24.29%, Valid: 20.00%, Test: 18.30% [α=0.50,β=1.00]
Epoch: 100, Loss: 0.0029, Train: 100.00%, Valid: 77.00%, Test: 79.90% [α=0.52,β=1.34]
Epoch: 200, Loss: 0.0038, Train: 100.00%, Valid: 78.20%, Test: 81.50% [α=0.51,β=1.24]
Run 08:Highest Train: 100.00 Highest Valid: 80.40 Highest Test: 84.40 Chosen epoch: 8
Final Train: 97.86 Final Test: 84.00
Epoch: 00, Loss: 1.9463, Train: 41.43%, Valid: 26.80%, Test: 30.70% [α=0.50,β=1.00]
Epoch: 100, Loss: 0.0015, Train: 100.00%, Valid: 75.80%, Test: 80.60% [α=0.53,β=1.38]
Epoch: 200, Loss: 0.0041, Train: 100.00%, Valid: 78.60%, Test: 81.70% [α=0.51,β=1.27]
Epoch: 300, Loss: 0.0040, Train: 100.00%, Valid: 78.20%, Test: 82.10% [α=0.50,β=1.18]
Epoch: 400, Loss: 0.0033, Train: 100.00%, Valid: 78.00%, Test: 82.10% [α=0.50,β=1.09]
Run 09:Highest Train: 100.00 Highest Valid: 80.20 Highest Test: 84.70 Chosen epoch: 468
Final Train: 100.00 Final Test: 82.00
Epoch: 00, Loss: 1.9471, Train: 33.57%, Valid: 23.00%, Test: 24.10% [α=0.50,β=1.00]
Epoch: 100, Loss: 0.0030, Train: 100.00%, Valid: 78.40%, Test: 80.70% [α=0.53,β=1.43]
Epoch: 200, Loss: 0.0036, Train: 100.00%, Valid: 78.80%, Test: 82.50% [α=0.51,β=1.31]
Run 10:Highest Train: 100.00 Highest Valid: 80.00 Highest Test: 84.50 Chosen epoch: 12
Final Train: 100.00 Final Test: 84.10
10 runs: Highest Train: 100.00 ± 0.00 Highest val epoch:11
Highest Test: 84.15 ± 0.46 Final Test: 83.29 ± 0.80
