Namespace(data_dir='../data', dataset='cora', device=0, seed=123, cpu=False, epochs=500, runs=10, train_prop=0.5, valid_prop=0.25, protocol='semi', rand_split=False, rand_split_class=True, label_num_per_class=20, valid_num=500, test_num=1000, directed=False, method='pcgt', hidden_channels=64, num_layers=2, num_heads=1, alpha=0.5, use_bn=False, use_residual=True, use_graph=True, use_weight=False, use_init=False, use_act=False, attention='gcn', lr=0.005, weight_decay=0.0005, dropout=0.4, display_step=100, no_feat_norm=True, patience=200, graph_weight=0.8, ours_weight_decay=0.001, ours_use_weight=False, ours_use_residual=False, ours_use_act=False, backbone='gcn', ours_layers=1, ours_dropout=0.2, aggregate='add', hops=1, gat_heads=8, out_heads=1, lamda=0.1, num_elayers=2, encoder_emdim=768, num_partitions=7, num_reps=4, partition_method='metis', no_pse=False, local_only=False, global_only=False)
cora
Num nodes: 2708
train:torch.Size([140]), valid:torch.Size([500]), test:torch.Size([1000])
features shape=torch.Size([2708, 1433])
num nodes 2708 | num classes 7 | num node feats 1433
Computing 7 partitions using metis...
Partitions: 7, Boundary nodes: 589/2708 (21.8%)
Intra-partition edges: 9538/10556 (90.4%)
Epoch: 00, Loss: 1.9477, Train: 55.71%, Valid: 35.40%, Test: 40.70% [α=0.50,β=1.00]
Epoch: 100, Loss: 0.0131, Train: 100.00%, Valid: 80.00%, Test: 82.20% [α=0.53,β=1.14]
Epoch: 200, Loss: 0.0089, Train: 100.00%, Valid: 79.60%, Test: 83.60% [α=0.53,β=1.15]
Epoch: 300, Loss: 0.0040, Train: 100.00%, Valid: 79.00%, Test: 83.40% [α=0.52,β=1.16]
Epoch: 400, Loss: 0.0050, Train: 100.00%, Valid: 79.60%, Test: 83.40% [α=0.52,β=1.16]
Run 01:Highest Train: 100.00 Highest Valid: 80.40 Highest Test: 84.20 Chosen epoch: 289
Final Train: 100.00 Final Test: 84.00
Epoch: 00, Loss: 1.9479, Train: 38.57%, Valid: 31.80%, Test: 30.20% [α=0.50,β=1.00]
Epoch: 100, Loss: 0.0057, Train: 100.00%, Valid: 77.80%, Test: 81.50% [α=0.54,β=1.22]
Epoch: 200, Loss: 0.0042, Train: 100.00%, Valid: 77.80%, Test: 81.70% [α=0.53,β=1.23]
Run 02:Highest Train: 100.00 Highest Valid: 80.00 Highest Test: 83.90 Chosen epoch: 10
Final Train: 100.00 Final Test: 83.90
Epoch: 00, Loss: 1.9489, Train: 32.14%, Valid: 30.00%, Test: 30.40% [α=0.50,β=1.00]
Epoch: 100, Loss: 0.0036, Train: 100.00%, Valid: 79.60%, Test: 83.60% [α=0.54,β=1.24]
Epoch: 200, Loss: 0.0051, Train: 100.00%, Valid: 79.20%, Test: 83.80% [α=0.53,β=1.25]
Run 03:Highest Train: 100.00 Highest Valid: 80.40 Highest Test: 84.80 Chosen epoch: 16
Final Train: 100.00 Final Test: 83.10
Epoch: 00, Loss: 1.9546, Train: 16.43%, Valid: 7.60%, Test: 6.40% [α=0.50,β=1.00]
Epoch: 100, Loss: 0.0042, Train: 100.00%, Valid: 78.00%, Test: 80.20% [α=0.54,β=1.23]
Epoch: 200, Loss: 0.0054, Train: 100.00%, Valid: 77.60%, Test: 82.60% [α=0.53,β=1.24]
Run 04:Highest Train: 100.00 Highest Valid: 79.80 Highest Test: 84.30 Chosen epoch: 16
Final Train: 100.00 Final Test: 83.30
Epoch: 00, Loss: 1.9494, Train: 21.43%, Valid: 7.80%, Test: 8.90% [α=0.50,β=1.00]
Epoch: 100, Loss: 0.0067, Train: 100.00%, Valid: 78.40%, Test: 82.80% [α=0.55,β=1.26]
Epoch: 200, Loss: 0.0040, Train: 100.00%, Valid: 78.40%, Test: 82.80% [α=0.54,β=1.27]
Run 05:Highest Train: 100.00 Highest Valid: 79.80 Highest Test: 83.90 Chosen epoch: 64
Final Train: 100.00 Final Test: 82.20
Epoch: 00, Loss: 1.9510, Train: 44.29%, Valid: 26.20%, Test: 25.20% [α=0.50,β=1.00]
Epoch: 100, Loss: 0.0050, Train: 100.00%, Valid: 79.00%, Test: 82.10% [α=0.54,β=1.22]
Epoch: 200, Loss: 0.0049, Train: 100.00%, Valid: 79.40%, Test: 82.60% [α=0.53,β=1.23]
Run 06:Highest Train: 100.00 Highest Valid: 81.60 Highest Test: 83.90 Chosen epoch: 13
Final Train: 100.00 Final Test: 83.90
Epoch: 00, Loss: 1.9499, Train: 17.86%, Valid: 8.20%, Test: 6.40% [α=0.50,β=1.00]
Epoch: 100, Loss: 0.0036, Train: 100.00%, Valid: 79.20%, Test: 83.40% [α=0.54,β=1.24]
Epoch: 200, Loss: 0.0057, Train: 100.00%, Valid: 78.80%, Test: 83.30% [α=0.53,β=1.24]
Run 07:Highest Train: 100.00 Highest Valid: 80.60 Highest Test: 84.10 Chosen epoch: 42
Final Train: 99.29 Final Test: 83.90
Epoch: 00, Loss: 1.9453, Train: 26.43%, Valid: 10.60%, Test: 9.90% [α=0.50,β=1.00]
Epoch: 100, Loss: 0.0055, Train: 100.00%, Valid: 78.40%, Test: 81.60% [α=0.54,β=1.26]
Epoch: 200, Loss: 0.0042, Train: 100.00%, Valid: 79.40%, Test: 82.30% [α=0.53,β=1.27]
Run 08:Highest Train: 100.00 Highest Valid: 80.80 Highest Test: 84.40 Chosen epoch: 40
Final Train: 100.00 Final Test: 83.90
Epoch: 00, Loss: 1.9474, Train: 20.00%, Valid: 18.20%, Test: 21.10% [α=0.50,β=1.00]
Epoch: 100, Loss: 0.0055, Train: 100.00%, Valid: 77.60%, Test: 82.40% [α=0.54,β=1.24]
Epoch: 200, Loss: 0.0039, Train: 100.00%, Valid: 78.60%, Test: 82.50% [α=0.53,β=1.25]
Run 09:Highest Train: 100.00 Highest Valid: 81.00 Highest Test: 84.30 Chosen epoch: 19
Final Train: 100.00 Final Test: 81.10
Epoch: 00, Loss: 1.9449, Train: 30.71%, Valid: 33.60%, Test: 32.60% [α=0.50,β=1.00]
Epoch: 100, Loss: 0.0046, Train: 100.00%, Valid: 80.20%, Test: 83.10% [α=0.54,β=1.24]
Epoch: 200, Loss: 0.0053, Train: 100.00%, Valid: 80.20%, Test: 83.90% [α=0.53,β=1.25]
Epoch: 300, Loss: 0.0047, Train: 100.00%, Valid: 80.00%, Test: 83.20% [α=0.53,β=1.25]
Run 10:Highest Train: 100.00 Highest Valid: 81.00 Highest Test: 84.50 Chosen epoch: 181
Final Train: 100.00 Final Test: 83.90
10 runs: Highest Train: 100.00 ± 0.00 Highest val epoch:180
Highest Test: 84.23 ± 0.29 Final Test: 83.32 ± 0.96
82.60% [α=0.52,β=1.28]
Run 10:Highest Train: 100.00 Highest Valid: 81.00 Highest Test: 84.00 Chosen epoch: 206
Final Train: 100.00 Final Test: 82.90
10 runs: Highest Train: 100.00 ± 0.00 Highest val epoch:205
Highest Test: 84.09 ± 0.29 Final Test: 83.34 ± 0.57
: 100.00 ± 0.00 Highest val epoch:10
Highest Test: 83.99 ± 0.85 Final Test: 83.07 ± 1.08
