Namespace(data_dir='../data', dataset='deezer-europe', device=0, seed=42, cpu=False, epochs=500, runs=5, train_prop=0.5, valid_prop=0.25, protocol='semi', rand_split=True, rand_split_class=False, label_num_per_class=20, valid_num=500, test_num=500, directed=False, method='pcgt', hidden_channels=96, num_layers=2, num_heads=1, alpha=0.5, use_bn=False, use_residual=False, use_graph=True, use_weight=False, use_init=False, use_act=False, attention='gcn', lr=0.01, weight_decay=5e-05, dropout=0.4, display_step=100, no_feat_norm=False, patience=200, graph_weight=0.7, ours_weight_decay=5e-05, ours_use_weight=False, ours_use_residual=True, ours_use_act=False, backbone='gcn', ours_layers=1, ours_dropout=0.4, aggregate='add', hops=1, gat_heads=8, out_heads=1, lamda=0.1, num_elayers=2, encoder_emdim=768, num_partitions=50, num_reps=4, partition_method='metis', no_pse=False, local_only=False, global_only=False)
deezer-europe
features shape=torch.Size([28281, 31241])
num nodes 28281 | num classes 2 | num node feats 31241
Computing 50 partitions using metis...
Partitions: 50, Boundary nodes: 15682/28281 (55.5%)
Intra-partition edges: 123046/185504 (66.3%)
Epoch: 00, Loss: 0.6944, Train: 55.91%, Valid: 56.00%, Test: 54.86% [α=0.50,β=0.99]
Epoch: 100, Loss: 0.1110, Train: 98.86%, Valid: 63.41%, Test: 63.00% [α=0.53,β=1.71]
Epoch: 200, Loss: 0.1741, Train: 96.44%, Valid: 63.28%, Test: 61.65% [α=0.56,β=2.19]
Run 01:Highest Train: 99.57 Highest Valid: 66.89 Highest Test: 66.92 Chosen epoch: 12
Final Train: 78.03 Final Test: 66.68
Epoch: 00, Loss: 0.6947, Train: 55.80%, Valid: 55.62%, Test: 55.27% [α=0.50,β=1.01]
Epoch: 100, Loss: 0.1053, Train: 98.22%, Valid: 64.64%, Test: 63.84% [α=0.54,β=2.18]
Epoch: 200, Loss: 0.0696, Train: 99.49%, Valid: 63.14%, Test: 62.40% [α=0.60,β=2.81]
Run 02:Highest Train: 99.58 Highest Valid: 66.89 Highest Test: 66.31 Chosen epoch: 23
Final Train: 78.60 Final Test: 66.13
Epoch: 00, Loss: 0.6910, Train: 55.75%, Valid: 55.87%, Test: 55.30% [α=0.50,β=1.00]
Epoch: 100, Loss: 0.1149, Train: 98.27%, Valid: 63.27%, Test: 62.59% [α=0.52,β=2.06]
Epoch: 200, Loss: 0.0991, Train: 99.09%, Valid: 64.12%, Test: 63.12% [α=0.57,β=2.86]
Run 03:Highest Train: 99.53 Highest Valid: 65.49 Highest Test: 66.12 Chosen epoch: 36
Final Train: 88.42 Final Test: 65.27
Epoch: 00, Loss: 0.6961, Train: 48.01%, Valid: 46.70%, Test: 48.66% [α=0.50,β=1.00]
Epoch: 100, Loss: 0.1387, Train: 97.48%, Valid: 62.53%, Test: 63.61% [α=0.53,β=1.94]
Epoch: 200, Loss: 0.0645, Train: 99.36%, Valid: 63.25%, Test: 64.25% [α=0.58,β=2.81]
Run 04:Highest Train: 99.54 Highest Valid: 66.25 Highest Test: 65.99 Chosen epoch: 44
Final Train: 89.49 Final Test: 65.99
Epoch: 00, Loss: 0.6958, Train: 45.67%, Valid: 44.61%, Test: 45.79% [α=0.50,β=1.01]
Epoch: 100, Loss: 0.1070, Train: 98.63%, Valid: 64.02%, Test: 63.58% [α=0.52,β=1.87]
Epoch: 200, Loss: 0.1998, Train: 96.23%, Valid: 64.79%, Test: 64.45% [α=0.52,β=2.52]
Run 05:Highest Train: 99.52 Highest Valid: 65.46 Highest Test: 65.42 Chosen epoch: 42
Final Train: 89.96 Final Test: 65.21
5 runs: Highest Train: 99.55 ± 0.02 Highest val epoch:41
Highest Test: 66.15 ± 0.54 Final Test: 65.85 ± 0.62
