Namespace(data_dir='../data', dataset='deezer-europe', device=0, seed=42, cpu=False, epochs=500, runs=5, train_prop=0.5, valid_prop=0.25, protocol='semi', rand_split=True, rand_split_class=False, label_num_per_class=20, valid_num=500, test_num=500, directed=False, method='pcgt', hidden_channels=96, num_layers=2, num_heads=1, alpha=0.5, use_bn=False, use_residual=False, use_graph=True, use_weight=False, use_init=False, use_act=False, attention='gcn', lr=0.01, weight_decay=5e-05, dropout=0.4, display_step=100, no_feat_norm=False, patience=200, graph_weight=0.9, ours_weight_decay=5e-05, ours_use_weight=False, ours_use_residual=True, ours_use_act=False, backbone='gcn', ours_layers=1, ours_dropout=0.4, aggregate='add', hops=1, gat_heads=8, out_heads=1, lamda=0.1, num_elayers=2, encoder_emdim=768, num_partitions=20, num_reps=4, partition_method='metis', no_pse=False, local_only=False, global_only=False)
deezer-europe
features shape=torch.Size([28281, 31241])
num nodes 28281 | num classes 2 | num node feats 31241
Computing 20 partitions using metis...
Partitions: 20, Boundary nodes: 14754/28281 (52.2%)
Intra-partition edges: 133312/185504 (71.9%)
Epoch: 00, Loss: 0.6944, Train: 55.91%, Valid: 56.00%, Test: 54.86% [α=0.50,β=0.99]
Epoch: 100, Loss: 0.1363, Train: 98.29%, Valid: 64.17%, Test: 62.62% [α=0.57,β=1.76]
Epoch: 200, Loss: 0.0928, Train: 99.46%, Valid: 63.32%, Test: 62.75% [α=0.56,β=2.51]
Run 01:Highest Train: 99.52 Highest Valid: 67.40 Highest Test: 66.98 Chosen epoch: 15
Final Train: 76.56 Final Test: 66.98
Epoch: 00, Loss: 0.6942, Train: 55.80%, Valid: 55.74%, Test: 55.31% [α=0.50,β=1.01]
Epoch: 100, Loss: 0.2106, Train: 96.05%, Valid: 62.96%, Test: 62.06% [α=0.60,β=2.17]
Epoch: 200, Loss: 0.0702, Train: 99.45%, Valid: 62.93%, Test: 62.76% [α=0.65,β=3.05]
Run 02:Highest Train: 99.50 Highest Valid: 65.80 Highest Test: 65.38 Chosen epoch: 41
Final Train: 82.55 Final Test: 64.47
Epoch: 00, Loss: 0.6938, Train: 55.79%, Valid: 55.88%, Test: 55.31% [α=0.50,β=1.00]
Epoch: 100, Loss: 0.1757, Train: 96.34%, Valid: 62.57%, Test: 62.98% [α=0.53,β=2.09]
Epoch: 200, Loss: 0.1400, Train: 96.61%, Valid: 63.48%, Test: 63.51% [α=0.66,β=3.54]
Epoch: 300, Loss: 0.0702, Train: 99.36%, Valid: 62.49%, Test: 63.41% [α=0.68,β=4.28]
Run 03:Highest Train: 99.50 Highest Valid: 64.17 Highest Test: 64.74 Chosen epoch: 156
Final Train: 88.95 Final Test: 64.05
Epoch: 00, Loss: 0.6904, Train: 56.13%, Valid: 55.88%, Test: 54.52% [α=0.50,β=1.00]
Epoch: 100, Loss: 0.2058, Train: 94.93%, Valid: 62.32%, Test: 63.22% [α=0.52,β=1.92]
Epoch: 200, Loss: 0.0929, Train: 99.06%, Valid: 62.56%, Test: 63.67% [α=0.59,β=3.02]
Run 04:Highest Train: 99.58 Highest Valid: 64.30 Highest Test: 64.60 Chosen epoch: 72
Final Train: 89.54 Final Test: 64.60
Epoch: 00, Loss: 0.6955, Train: 47.99%, Valid: 47.27%, Test: 48.54% [α=0.50,β=1.01]
Epoch: 100, Loss: 0.2568, Train: 90.96%, Valid: 58.97%, Test: 59.07% [α=0.52,β=1.82]
Epoch: 200, Loss: 0.1063, Train: 98.82%, Valid: 60.85%, Test: 61.08% [α=0.52,β=3.36]
Run 05:Highest Train: 99.35 Highest Valid: 62.97 Highest Test: 62.27 Chosen epoch: 34
Final Train: 73.54 Final Test: 61.99
5 runs: Highest Train: 99.49 ± 0.08 Highest val epoch:33
Highest Test: 64.79 ± 1.70 Final Test: 64.42 ± 1.78
