Namespace(data_dir='../data', dataset='deezer-europe', device=0, seed=42, cpu=False, epochs=500, runs=5, train_prop=0.5, valid_prop=0.25, protocol='semi', rand_split=True, rand_split_class=False, label_num_per_class=20, valid_num=500, test_num=500, directed=False, method='pcgt', hidden_channels=96, num_layers=2, num_heads=1, alpha=0.5, use_bn=False, use_residual=False, use_graph=True, use_weight=False, use_init=False, use_act=False, attention='gcn', lr=0.01, weight_decay=5e-05, dropout=0.4, display_step=100, no_feat_norm=False, patience=200, graph_weight=0.7, ours_weight_decay=5e-05, ours_use_weight=False, ours_use_residual=True, ours_use_act=False, backbone='gcn', ours_layers=1, ours_dropout=0.4, aggregate='add', hops=1, gat_heads=8, out_heads=1, lamda=0.1, num_elayers=2, encoder_emdim=768, num_partitions=50, num_reps=4, partition_method='random', no_pse=False, local_only=False, global_only=False)
deezer-europe
features shape=torch.Size([28281, 31241])
num nodes 28281 | num classes 2 | num node feats 31241
Computing 50 partitions using random...
Partitions: 50, Boundary nodes: 28143/28281 (99.5%)
Intra-partition edges: 3672/185504 (2.0%)
Epoch: 00, Loss: 0.6944, Train: 55.91%, Valid: 56.00%, Test: 54.86% [α=0.50,β=0.99]
Epoch: 100, Loss: 0.0926, Train: 98.79%, Valid: 63.00%, Test: 62.74% [α=0.55,β=1.70]
Epoch: 200, Loss: 0.0542, Train: 99.65%, Valid: 63.34%, Test: 62.57% [α=0.55,β=2.12]
Run 01:Highest Train: 99.68 Highest Valid: 66.46 Highest Test: 66.55 Chosen epoch: 10
Final Train: 75.25 Final Test: 66.21
Epoch: 00, Loss: 0.6920, Train: 55.80%, Valid: 55.76%, Test: 55.32% [α=0.50,β=1.00]
Epoch: 100, Loss: 0.1396, Train: 98.15%, Valid: 63.79%, Test: 62.69% [α=0.60,β=2.17]
Epoch: 200, Loss: 0.0648, Train: 99.54%, Valid: 62.91%, Test: 63.85% [α=0.61,β=2.67]
Run 02:Highest Train: 99.60 Highest Valid: 68.37 Highest Test: 67.90 Chosen epoch: 22
Final Train: 80.82 Final Test: 67.39
Epoch: 00, Loss: 0.6954, Train: 55.17%, Valid: 54.79%, Test: 54.80% [α=0.50,β=1.00]
Epoch: 100, Loss: 0.2494, Train: 92.74%, Valid: 64.20%, Test: 64.29% [α=0.53,β=2.27]
Epoch: 200, Loss: 0.0805, Train: 99.33%, Valid: 63.69%, Test: 63.88% [α=0.54,β=3.03]
Run 03:Highest Train: 99.50 Highest Valid: 66.08 Highest Test: 66.37 Chosen epoch: 44
Final Train: 87.45 Final Test: 66.37
Epoch: 00, Loss: 0.6890, Train: 56.13%, Valid: 55.88%, Test: 54.52% [α=0.50,β=1.00]
Epoch: 100, Loss: 0.2345, Train: 93.07%, Valid: 63.66%, Test: 64.38% [α=0.54,β=2.00]
Epoch: 200, Loss: 0.0752, Train: 99.33%, Valid: 62.26%, Test: 63.06% [α=0.60,β=2.56]
Run 04:Highest Train: 99.65 Highest Valid: 65.79 Highest Test: 66.14 Chosen epoch: 37
Final Train: 89.53 Final Test: 65.63
Epoch: 00, Loss: 0.6934, Train: 57.52%, Valid: 57.77%, Test: 57.13% [α=0.50,β=1.00]
Epoch: 100, Loss: 0.1546, Train: 97.09%, Valid: 64.23%, Test: 64.55% [α=0.49,β=2.04]
Epoch: 200, Loss: 0.0800, Train: 99.38%, Valid: 63.97%, Test: 63.23% [α=0.53,β=2.81]
Run 05:Highest Train: 99.55 Highest Valid: 66.22 Highest Test: 66.04 Chosen epoch: 66
Final Train: 87.36 Final Test: 65.78
5 runs: Highest Train: 99.60 ± 0.07 Highest val epoch:65
Highest Test: 66.60 ± 0.75 Final Test: 66.28 ± 0.69
: 63.75% [α=0.55,β=3.77]
Run 05:Highest Train: 99.68 Highest Valid: 66.01 Highest Test: 66.20 Chosen epoch: 222
Final Train: 82.54 Final Test: 66.17
5 runs: Highest Train: 99.61 ± 0.11 Highest val epoch:221
Highest Test: 66.56 ± 0.65 Final Test: 66.15 ± 0.98
