Namespace(data_dir='../data', dataset='deezer-europe', device=0, seed=42, cpu=False, epochs=500, runs=5, train_prop=0.5, valid_prop=0.25, protocol='semi', rand_split=True, rand_split_class=False, label_num_per_class=20, valid_num=500, test_num=500, directed=False, method='pcgt', hidden_channels=96, num_layers=2, num_heads=1, alpha=0.5, use_bn=False, use_residual=False, use_graph=True, use_weight=False, use_init=False, use_act=False, attention='gcn', lr=0.01, weight_decay=5e-05, dropout=0.4, display_step=100, no_feat_norm=False, patience=200, graph_weight=0.8, ours_weight_decay=5e-05, ours_use_weight=False, ours_use_residual=True, ours_use_act=False, backbone='gcn', ours_layers=1, ours_dropout=0.4, aggregate='add', hops=1, gat_heads=8, out_heads=1, lamda=0.1, num_elayers=2, encoder_emdim=768, num_partitions=20, num_reps=4, partition_method='metis', no_pse=False, local_only=False, global_only=False)
deezer-europe
features shape=torch.Size([28281, 31241])
num nodes 28281 | num classes 2 | num node feats 31241
Computing 20 partitions using metis...
Partitions: 20, Boundary nodes: 14754/28281 (52.2%)
Intra-partition edges: 133312/185504 (71.9%)
Epoch: 00, Loss: 0.6944, Train: 55.91%, Valid: 56.00%, Test: 54.86% [α=0.50,β=0.99]
Epoch: 100, Loss: 0.1172, Train: 98.61%, Valid: 64.14%, Test: 63.54% [α=0.55,β=1.76]
Epoch: 200, Loss: 0.0668, Train: 99.55%, Valid: 63.58%, Test: 62.86% [α=0.54,β=2.35]
Run 01:Highest Train: 99.60 Highest Valid: 67.28 Highest Test: 67.16 Chosen epoch: 14
Final Train: 78.44 Final Test: 66.64
Epoch: 00, Loss: 0.6918, Train: 55.79%, Valid: 55.76%, Test: 55.32% [α=0.50,β=1.00]
Epoch: 100, Loss: 0.1003, Train: 98.98%, Valid: 62.79%, Test: 62.85% [α=0.55,β=2.31]
Epoch: 200, Loss: 0.1038, Train: 99.09%, Valid: 62.87%, Test: 63.33% [α=0.63,β=3.31]
Run 02:Highest Train: 99.38 Highest Valid: 65.67 Highest Test: 65.31 Chosen epoch: 31
Final Train: 85.76 Final Test: 64.59
Epoch: 00, Loss: 0.6940, Train: 56.53%, Valid: 55.98%, Test: 55.55% [α=0.50,β=1.00]
Epoch: 100, Loss: 0.1386, Train: 98.01%, Valid: 63.72%, Test: 63.92% [α=0.51,β=2.08]
Epoch: 200, Loss: 0.1313, Train: 97.07%, Valid: 61.85%, Test: 62.42% [α=0.54,β=2.88]
Run 03:Highest Train: 99.46 Highest Valid: 65.81 Highest Test: 66.07 Chosen epoch: 40
Final Train: 82.10 Final Test: 65.55
Epoch: 00, Loss: 0.6951, Train: 54.51%, Valid: 54.21%, Test: 53.34% [α=0.50,β=1.00]
Epoch: 100, Loss: 0.2343, Train: 94.55%, Valid: 64.23%, Test: 64.84% [α=0.52,β=1.77]
Epoch: 200, Loss: 0.1168, Train: 98.89%, Valid: 63.17%, Test: 63.97% [α=0.59,β=2.57]
Run 04:Highest Train: 99.57 Highest Valid: 65.76 Highest Test: 66.03 Chosen epoch: 58
Final Train: 89.81 Final Test: 65.72
Epoch: 00, Loss: 0.6920, Train: 55.60%, Valid: 56.24%, Test: 55.24% [α=0.50,β=1.00]
Epoch: 100, Loss: 0.3988, Train: 87.13%, Valid: 63.01%, Test: 63.80% [α=0.51,β=1.91]
Epoch: 200, Loss: 0.1046, Train: 99.09%, Valid: 64.31%, Test: 63.56% [α=0.56,β=3.02]
Run 05:Highest Train: 99.47 Highest Valid: 65.13 Highest Test: 65.17 Chosen epoch: 52
Final Train: 91.71 Final Test: 64.43
5 runs: Highest Train: 99.49 ± 0.09 Highest val epoch:51
Highest Test: 65.95 ± 0.79 Final Test: 65.39 ± 0.90
