Namespace(data_dir='../data', dataset='deezer-europe', device=0, seed=42, cpu=False, epochs=500, runs=5, train_prop=0.5, valid_prop=0.25, protocol='semi', rand_split=True, rand_split_class=False, label_num_per_class=20, valid_num=500, test_num=500, directed=False, method='pcgt', hidden_channels=96, num_layers=2, num_heads=1, alpha=0.5, use_bn=False, use_residual=False, use_graph=True, use_weight=False, use_init=False, use_act=False, attention='gcn', lr=0.01, weight_decay=5e-05, dropout=0.4, display_step=100, no_feat_norm=False, patience=200, graph_weight=0.7, ours_weight_decay=5e-05, ours_use_weight=False, ours_use_residual=True, ours_use_act=False, backbone='gcn', ours_layers=1, ours_dropout=0.4, aggregate='add', hops=1, gat_heads=8, out_heads=1, lamda=0.1, num_elayers=2, encoder_emdim=768, num_partitions=20, num_reps=4, partition_method='metis', no_pse=False, local_only=False, global_only=False)
deezer-europe
features shape=torch.Size([28281, 31241])
num nodes 28281 | num classes 2 | num node feats 31241
Computing 20 partitions using metis...
Partitions: 20, Boundary nodes: 14754/28281 (52.2%)
Intra-partition edges: 133312/185504 (71.9%)
Epoch: 00, Loss: 0.6944, Train: 55.91%, Valid: 56.00%, Test: 54.86% [α=0.50,β=0.99]
Epoch: 100, Loss: 0.0949, Train: 98.90%, Valid: 63.18%, Test: 62.86% [α=0.50,β=1.71]
Epoch: 200, Loss: 0.0648, Train: 99.42%, Valid: 63.45%, Test: 62.74% [α=0.54,β=2.25]
Run 01:Highest Train: 99.57 Highest Valid: 66.92 Highest Test: 67.09 Chosen epoch: 16
Final Train: 80.89 Final Test: 66.10
Epoch: 00, Loss: 0.6939, Train: 55.80%, Valid: 55.76%, Test: 55.32% [α=0.50,β=1.00]
Epoch: 100, Loss: 0.1657, Train: 95.91%, Valid: 65.05%, Test: 64.62% [α=0.55,β=2.21]
Epoch: 200, Loss: 0.2037, Train: 94.25%, Valid: 64.41%, Test: 63.89% [α=0.61,β=2.90]
Run 02:Highest Train: 99.51 Highest Valid: 67.78 Highest Test: 66.99 Chosen epoch: 20
Final Train: 78.27 Final Test: 66.99
Epoch: 00, Loss: 0.6950, Train: 55.34%, Valid: 55.74%, Test: 55.01% [α=0.50,β=1.01]
Epoch: 100, Loss: 0.1654, Train: 96.89%, Valid: 64.14%, Test: 63.60% [α=0.52,β=2.03]
Epoch: 200, Loss: 0.0703, Train: 99.43%, Valid: 63.64%, Test: 63.41% [α=0.53,β=2.65]
Run 03:Highest Train: 99.51 Highest Valid: 65.43 Highest Test: 65.56 Chosen epoch: 42
Final Train: 83.55 Final Test: 65.56
Epoch: 00, Loss: 0.6954, Train: 53.00%, Valid: 51.32%, Test: 51.99% [α=0.50,β=1.00]
Epoch: 100, Loss: 0.0962, Train: 99.17%, Valid: 63.24%, Test: 63.78% [α=0.52,β=2.10]
Epoch: 200, Loss: 0.1746, Train: 96.79%, Valid: 64.03%, Test: 64.40% [α=0.54,β=3.06]
Run 04:Highest Train: 99.61 Highest Valid: 65.46 Highest Test: 65.66 Chosen epoch: 55
Final Train: 92.89 Final Test: 65.66
Epoch: 00, Loss: 0.6910, Train: 55.60%, Valid: 56.22%, Test: 55.24% [α=0.50,β=1.01]
Epoch: 100, Loss: 0.1094, Train: 98.33%, Valid: 63.93%, Test: 64.22% [α=0.51,β=1.99]
Epoch: 200, Loss: 0.0865, Train: 99.24%, Valid: 62.86%, Test: 62.93% [α=0.55,β=2.97]
Run 05:Highest Train: 99.43 Highest Valid: 66.62 Highest Test: 66.00 Chosen epoch: 40
Final Train: 85.58 Final Test: 66.00
5 runs: Highest Train: 99.53 ± 0.07 Highest val epoch:39
Highest Test: 66.26 ± 0.73 Final Test: 66.06 ± 0.57
