Namespace(data_dir='../data', dataset='deezer-europe', device=0, seed=42, cpu=False, epochs=500, runs=5, train_prop=0.5, valid_prop=0.25, protocol='semi', rand_split=True, rand_split_class=False, label_num_per_class=20, valid_num=500, test_num=500, directed=False, method='pcgt', hidden_channels=96, num_layers=2, num_heads=1, alpha=0.5, use_bn=False, use_residual=False, use_graph=True, use_weight=False, use_init=False, use_act=False, attention='gcn', lr=0.01, weight_decay=5e-05, dropout=0.4, display_step=100, no_feat_norm=False, patience=200, graph_weight=0.7, ours_weight_decay=5e-05, ours_use_weight=False, ours_use_residual=True, ours_use_act=False, backbone='gcn', ours_layers=1, ours_dropout=0.4, aggregate='add', hops=1, gat_heads=8, out_heads=1, lamda=0.1, num_elayers=2, encoder_emdim=768, num_partitions=20, num_reps=4, partition_method='random', no_pse=False, local_only=False, global_only=False)
deezer-europe
features shape=torch.Size([28281, 31241])
num nodes 28281 | num classes 2 | num node feats 31241
Computing 20 partitions using random...
Partitions: 20, Boundary nodes: 28001/28281 (99.0%)
Intra-partition edges: 9184/185504 (5.0%)
Epoch: 00, Loss: 0.6944, Train: 55.91%, Valid: 56.00%, Test: 54.86% [α=0.50,β=0.99]
Epoch: 100, Loss: 0.1289, Train: 98.39%, Valid: 64.14%, Test: 63.54% [α=0.55,β=1.66]
Epoch: 200, Loss: 0.0515, Train: 99.65%, Valid: 64.43%, Test: 63.24% [α=0.54,β=2.19]
Run 01:Highest Train: 99.65 Highest Valid: 67.04 Highest Test: 66.89 Chosen epoch: 15
Final Train: 79.43 Final Test: 66.89
Epoch: 00, Loss: 0.6945, Train: 55.81%, Valid: 55.74%, Test: 55.31% [α=0.50,β=1.00]
Epoch: 100, Loss: 0.1240, Train: 97.83%, Valid: 63.88%, Test: 63.78% [α=0.54,β=2.40]
Epoch: 200, Loss: 0.1007, Train: 98.97%, Valid: 64.09%, Test: 63.77% [α=0.65,β=3.10]
Run 02:Highest Train: 99.45 Highest Valid: 67.77 Highest Test: 67.15 Chosen epoch: 22
Final Train: 77.54 Final Test: 66.75
Epoch: 00, Loss: 0.6920, Train: 55.75%, Valid: 55.87%, Test: 55.30% [α=0.50,β=1.00]
Epoch: 100, Loss: 0.1458, Train: 97.43%, Valid: 64.12%, Test: 63.65% [α=0.50,β=2.24]
Epoch: 200, Loss: 0.1793, Train: 98.80%, Valid: 64.77%, Test: 64.01% [α=0.55,β=2.92]
Run 03:Highest Train: 99.43 Highest Valid: 66.34 Highest Test: 66.67 Chosen epoch: 33
Final Train: 84.05 Final Test: 66.50
Epoch: 00, Loss: 0.6952, Train: 55.36%, Valid: 55.22%, Test: 54.74% [α=0.50,β=1.00]
Epoch: 100, Loss: 0.1069, Train: 98.97%, Valid: 64.30%, Test: 64.45% [α=0.51,β=2.29]
Epoch: 200, Loss: 0.0517, Train: 99.60%, Valid: 63.30%, Test: 64.28% [α=0.54,β=3.04]
Run 04:Highest Train: 99.75 Highest Valid: 66.83 Highest Test: 66.43 Chosen epoch: 37
Final Train: 85.17 Final Test: 66.43
Epoch: 00, Loss: 0.6940, Train: 55.65%, Valid: 56.27%, Test: 55.30% [α=0.50,β=1.00]
Epoch: 100, Loss: 0.2047, Train: 95.66%, Valid: 62.97%, Test: 62.58% [α=0.46,β=1.36]
Epoch: 200, Loss: 0.0966, Train: 99.30%, Valid: 62.74%, Test: 62.16% [α=0.48,β=1.90]
Epoch: 300, Loss: 0.1851, Train: 97.39%, Valid: 63.52%, Test: 63.36% [α=0.54,β=2.60]
Epoch: 400, Loss: 0.1046, Train: 99.26%, Valid: 63.27%, Test: 63.00% [α=0.54,β=3.23]
Run 05:Highest Train: 99.32 Highest Valid: 64.38 Highest Test: 64.49 Chosen epoch: 204
Final Train: 96.69 Final Test: 64.23
5 runs: Highest Train: 99.52 ± 0.17 Highest val epoch:203
Highest Test: 66.32 ± 1.06 Final Test: 66.16 ± 1.09
