Namespace(data_dir='../data', dataset='squirrel', device=0, seed=123, cpu=False, epochs=500, runs=5, train_prop=0.5, valid_prop=0.25, protocol='semi', rand_split=False, rand_split_class=False, label_num_per_class=20, valid_num=500, test_num=500, directed=False, method='pcgt', hidden_channels=64, num_layers=4, num_heads=1, alpha=0.5, use_bn=False, use_residual=True, use_graph=True, use_weight=False, use_init=False, use_act=False, attention='gcn', lr=0.01, weight_decay=0.0005, dropout=0.5, display_step=100, no_feat_norm=True, patience=200, graph_weight=0.8, ours_weight_decay=0.01, ours_use_weight=False, ours_use_residual=False, ours_use_act=False, backbone='gcn', ours_layers=1, ours_dropout=0.3, aggregate='add', hops=1, gat_heads=8, out_heads=1, lamda=0.1, num_elayers=2, encoder_emdim=768, num_partitions=10, num_reps=4, partition_method='metis', no_pse=False, local_only=False, global_only=False)
squirrel
features shape=torch.Size([2223, 2089])
num nodes 2223 | num classes 5 | num node feats 2089
Computing 10 partitions using metis...
Partitions: 10, Boundary nodes: 1850/2223 (83.2%)
Intra-partition edges: 58952/93996 (62.7%)
Epoch: 00, Loss: 1.6277, Train: 18.90%, Valid: 11.56%, Test: 12.83% [α=0.50,β=0.99]
Epoch: 100, Loss: 0.5659, Train: 86.89%, Valid: 39.97%, Test: 43.36% [α=0.50,β=2.12]
Epoch: 200, Loss: 0.2786, Train: 97.63%, Valid: 41.78%, Test: 42.92% [α=0.50,β=2.91]
Run 01:Highest Train: 98.29 Highest Valid: 45.54 Highest Test: 51.11 Chosen epoch: 71
Final Train: 82.72 Final Test: 51.11
Epoch: 00, Loss: 1.5936, Train: 32.22%, Valid: 35.57%, Test: 35.89% [α=0.50,β=1.00]
Epoch: 100, Loss: 0.8082, Train: 81.48%, Valid: 41.14%, Test: 44.92% [α=0.50,β=1.57]
Epoch: 200, Loss: 0.3222, Train: 96.57%, Valid: 37.57%, Test: 41.99% [α=0.49,β=2.78]
Run 02:Highest Train: 97.96 Highest Valid: 44.43 Highest Test: 46.73 Chosen epoch: 72
Final Train: 60.93 Final Test: 41.76
Epoch: 00, Loss: 1.6145, Train: 21.68%, Valid: 25.90%, Test: 22.00% [α=0.50,β=1.00]
Epoch: 100, Loss: 0.9505, Train: 74.12%, Valid: 41.74%, Test: 44.44% [α=0.50,β=1.49]
Epoch: 200, Loss: 0.3841, Train: 94.36%, Valid: 38.98%, Test: 42.89% [α=0.50,β=2.78]
Run 03:Highest Train: 98.09 Highest Valid: 44.21 Highest Test: 47.11 Chosen epoch: 93
Final Train: 71.35 Final Test: 43.78
Epoch: 00, Loss: 1.6055, Train: 10.38%, Valid: 9.96%, Test: 10.00% [α=0.50,β=1.00]
Epoch: 100, Loss: 0.9108, Train: 73.30%, Valid: 40.95%, Test: 42.44% [α=0.51,β=1.45]
Epoch: 200, Loss: 0.3664, Train: 95.66%, Valid: 38.99%, Test: 42.44% [α=0.50,β=2.76]
Epoch: 300, Loss: 0.2688, Train: 97.17%, Valid: 38.29%, Test: 38.00% [α=0.50,β=3.35]
Run 04:Highest Train: 97.74 Highest Valid: 44.46 Highest Test: 48.67 Chosen epoch: 138
Final Train: 86.79 Final Test: 44.67
Epoch: 00, Loss: 1.5967, Train: 16.68%, Valid: 19.75%, Test: 17.59% [α=0.50,β=1.00]
Epoch: 100, Loss: 0.9445, Train: 71.75%, Valid: 40.06%, Test: 41.87% [α=0.51,β=1.57]
Epoch: 200, Loss: 0.3810, Train: 94.60%, Valid: 36.86%, Test: 37.86% [α=0.50,β=2.84]
Run 05:Highest Train: 96.87 Highest Valid: 42.14 Highest Test: 43.65 Chosen epoch: 75
Final Train: 63.79 Final Test: 42.32
5 runs: Highest Train: 97.79 ± 0.55 Highest val epoch:74
Highest Test: 47.45 ± 2.73 Final Test: 44.73 ± 3.75
