Namespace(data_dir='/Users/vn59a0h/thesis/PCGT/data', dataset='amazon-computers', device=0, seed=123, cpu=True, epochs=500, runs=5, train_prop=0.5, valid_prop=0.25, protocol='semi', rand_split=True, rand_split_class=False, label_num_per_class=20, valid_num=500, test_num=500, directed=False, method='pcgt', hidden_channels=64, num_layers=4, num_heads=1, alpha=0.5, use_bn=False, use_residual=True, use_graph=True, use_weight=False, use_init=False, use_act=False, attention='gcn', lr=0.01, weight_decay=0.0005, dropout=0.5, display_step=100, no_feat_norm=True, patience=200, graph_weight=0.8, ours_weight_decay=0.001, ours_use_weight=False, ours_use_residual=False, ours_use_act=False, backbone='gcn', ours_layers=1, ours_dropout=0.2, aggregate='add', hops=1, gat_heads=8, out_heads=1, lamda=0.1, num_elayers=2, encoder_emdim=768, num_partitions=10, num_reps=4, partition_method='random', no_pse=False, local_only=False, global_only=False)
amazon-computers
amazon-computers: nodes=13752, edges=491722, feats=767, classes=10
features shape=torch.Size([13752, 767])
num nodes 13752 | num classes 10 | num node feats 767
Computing 10 partitions using random...
Partitions: 10, Boundary nodes: 13426/13752 (97.6%)
Intra-partition edges: 49896/491722 (10.1%)
Epoch: 00, Loss: 2.2638, Train: 37.89%, Valid: 37.00%, Test: 37.26% [α=0.50,β=0.99]
Epoch: 100, Loss: 0.4121, Train: 89.25%, Valid: 85.11%, Test: 84.15% [α=0.56,β=1.23]
Epoch: 200, Loss: 0.2121, Train: 95.22%, Valid: 87.49%, Test: 87.87% [α=0.64,β=1.59]
Epoch: 300, Loss: 0.1786, Train: 96.22%, Valid: 88.13%, Test: 88.31% [α=0.70,β=1.80]
Epoch: 400, Loss: 0.1161, Train: 97.92%, Valid: 88.13%, Test: 88.02% [α=0.74,β=2.07]
Run 01:Highest Train: 98.18 Highest Valid: 88.54 Highest Test: 88.66 Chosen epoch: 285
Final Train: 95.29 Final Test: 88.02
Epoch: 00, Loss: 2.2816, Train: 37.27%, Valid: 37.26%, Test: 38.22% [α=0.50,β=1.00]
Epoch: 100, Loss: 0.3336, Train: 90.36%, Valid: 87.26%, Test: 86.82% [α=0.63,β=1.75]
Epoch: 200, Loss: 0.3149, Train: 93.44%, Valid: 86.39%, Test: 86.45% [α=0.70,β=2.41]
Epoch: 300, Loss: 0.2339, Train: 95.88%, Valid: 86.62%, Test: 87.43% [α=0.76,β=2.86]
Run 02:Highest Train: 97.08 Highest Valid: 88.34 Highest Test: 88.31 Chosen epoch: 112
Final Train: 92.57 Final Test: 87.96
Epoch: 00, Loss: 2.2849, Train: 37.73%, Valid: 36.21%, Test: 38.37% [α=0.50,β=1.00]
Epoch: 100, Loss: 0.3441, Train: 86.63%, Valid: 82.34%, Test: 83.36% [α=0.61,β=1.90]
Epoch: 200, Loss: 0.2454, Train: 95.00%, Valid: 86.42%, Test: 87.14% [α=0.74,β=2.45]
Epoch: 300, Loss: 0.1822, Train: 97.27%, Valid: 86.62%, Test: 86.74% [α=0.82,β=2.83]
Epoch: 400, Loss: 0.1779, Train: 97.77%, Valid: 86.85%, Test: 87.03% [α=0.85,β=3.15]
Run 03:Highest Train: 99.17 Highest Valid: 87.38 Highest Test: 87.84 Chosen epoch: 489
Final Train: 98.92 Final Test: 87.78
Epoch: 00, Loss: 2.3004, Train: 29.94%, Valid: 30.60%, Test: 30.63% [α=0.50,β=1.00]
Epoch: 100, Loss: 0.6341, Train: 86.27%, Valid: 81.97%, Test: 81.82% [α=0.64,β=2.03]
Epoch: 200, Loss: 0.1582, Train: 97.25%, Valid: 88.02%, Test: 88.39% [α=0.75,β=2.47]
Epoch: 300, Loss: 0.1099, Train: 98.47%, Valid: 88.05%, Test: 87.32% [α=0.81,β=2.78]
Run 04:Highest Train: 98.84 Highest Valid: 88.83 Highest Test: 88.48 Chosen epoch: 146
Final Train: 94.40 Final Test: 87.93
Epoch: 00, Loss: 2.3627, Train: 36.69%, Valid: 38.63%, Test: 36.88% [α=0.50,β=0.99]
Epoch: 100, Loss: 0.5211, Train: 87.84%, Valid: 84.09%, Test: 83.97% [α=0.35,β=2.09]
Epoch: 200, Loss: 0.2665, Train: 94.56%, Valid: 87.87%, Test: 86.68% [α=0.36,β=2.87]
Epoch: 300, Loss: 0.3227, Train: 95.01%, Valid: 87.38%, Test: 86.53% [α=0.41,β=3.05]
Epoch: 400, Loss: 0.2345, Train: 96.71%, Valid: 87.93%, Test: 87.35% [α=0.46,β=3.39]
Run 05:Highest Train: 98.34 Highest Valid: 88.74 Highest Test: 88.05 Chosen epoch: 474
Final Train: 97.59 Final Test: 87.87
5 runs: Highest Train: 98.32 ± 0.80 Highest val epoch:473
Highest Test: 88.27 ± 0.33 Final Test: 87.91 ± 0.09
