Namespace(data_dir='/Users/vn59a0h/thesis/PCGT/data', dataset='chameleon', device=0, seed=123, cpu=True, epochs=500, runs=5, train_prop=0.5, valid_prop=0.25, protocol='semi', rand_split=False, rand_split_class=False, label_num_per_class=20, valid_num=500, test_num=500, directed=False, method='pcgt', hidden_channels=64, num_layers=2, num_heads=1, alpha=0.5, use_bn=False, use_residual=True, use_graph=True, use_weight=False, use_init=False, use_act=False, attention='gcn', lr=0.01, weight_decay=0.001, dropout=0.5, display_step=100, no_feat_norm=True, patience=200, graph_weight=0.8, ours_weight_decay=0.01, ours_use_weight=False, ours_use_residual=False, ours_use_act=False, backbone='gcn', ours_layers=1, ours_dropout=0.3, aggregate='add', hops=1, gat_heads=8, out_heads=1, lamda=0.1, num_elayers=2, encoder_emdim=768, num_partitions=10, num_reps=4, partition_method='metis', no_pse=False, local_only=False, global_only=False)
chameleon
features shape=torch.Size([890, 2325])
num nodes 890 | num classes 5 | num node feats 2325
Computing 10 partitions using metis...
Partitions: 10, Boundary nodes: 540/890 (60.7%)
Intra-partition edges: 13902/17708 (78.5%)
Epoch: 00, Loss: 1.6109, Train: 34.23%, Valid: 32.75%, Test: 31.44% [α=0.50,β=0.99]
Epoch: 100, Loss: 0.2001, Train: 98.53%, Valid: 41.81%, Test: 43.81% [α=0.50,β=2.01]
Epoch: 200, Loss: 0.1159, Train: 99.51%, Valid: 44.95%, Test: 43.81% [α=0.50,β=2.63]
Epoch: 300, Loss: 0.1037, Train: 99.76%, Valid: 45.99%, Test: 43.30% [α=0.50,β=2.97]
Run 01:Highest Train: 100.00 Highest Valid: 48.78 Highest Test: 51.03 Chosen epoch: 177
Final Train: 99.51 Final Test: 44.33
Epoch: 00, Loss: 1.6076, Train: 23.19%, Valid: 22.19%, Test: 23.60% [α=0.50,β=1.00]
Epoch: 100, Loss: 0.1579, Train: 98.83%, Valid: 36.42%, Test: 42.24% [α=0.50,β=2.24]
Epoch: 200, Loss: 0.1039, Train: 98.13%, Valid: 38.08%, Test: 41.61% [α=0.50,β=2.85]
Epoch: 300, Loss: 0.1134, Train: 99.77%, Valid: 39.40%, Test: 38.51% [α=0.50,β=3.13]
Epoch: 400, Loss: 0.0900, Train: 99.77%, Valid: 39.07%, Test: 39.13% [α=0.50,β=3.28]
Run 02:Highest Train: 100.00 Highest Valid: 41.39 Highest Test: 46.58 Chosen epoch: 214
Final Train: 99.77 Final Test: 45.96
Epoch: 00, Loss: 1.6063, Train: 22.04%, Valid: 27.93%, Test: 21.91% [α=0.50,β=1.00]
Epoch: 100, Loss: 0.1448, Train: 99.29%, Valid: 48.62%, Test: 39.33% [α=0.51,β=2.37]
Epoch: 200, Loss: 0.1318, Train: 99.53%, Valid: 47.93%, Test: 39.89% [α=0.50,β=2.90]
Run 03:Highest Train: 100.00 Highest Valid: 51.03 Highest Test: 43.82 Chosen epoch: 84
Final Train: 99.05 Final Test: 38.76
Epoch: 00, Loss: 1.6106, Train: 18.93%, Valid: 19.39%, Test: 15.76% [α=0.50,β=1.00]
Epoch: 100, Loss: 0.1531, Train: 99.51%, Valid: 42.86%, Test: 42.39% [α=0.50,β=2.40]
Epoch: 200, Loss: 0.1248, Train: 99.76%, Valid: 39.80%, Test: 44.02% [α=0.50,β=2.93]
Run 04:Highest Train: 100.00 Highest Valid: 46.26 Highest Test: 50.00 Chosen epoch: 32
Final Train: 78.64 Final Test: 44.57
Epoch: 00, Loss: 1.6153, Train: 15.68%, Valid: 16.42%, Test: 15.38% [α=0.50,β=1.00]
Epoch: 100, Loss: 0.1608, Train: 98.86%, Valid: 47.01%, Test: 46.15% [α=0.50,β=2.29]
Epoch: 200, Loss: 0.1046, Train: 100.00%, Valid: 44.03%, Test: 43.41% [α=0.50,β=2.87]
Epoch: 300, Loss: 0.1040, Train: 99.09%, Valid: 42.16%, Test: 46.15% [α=0.50,β=3.12]
Run 05:Highest Train: 100.00 Highest Valid: 49.25 Highest Test: 49.45 Chosen epoch: 107
Final Train: 97.95 Final Test: 46.70
5 runs: Highest Train: 100.00 ± 0.00 Highest val epoch:106
Highest Test: 48.18 ± 2.94 Final Test: 44.07 ± 3.12
