Namespace(data_dir='/Users/vn59a0h/thesis/PCGT/data', dataset='pubmed', device=0, seed=123, cpu=True, epochs=500, runs=5, train_prop=0.5, valid_prop=0.25, protocol='semi', rand_split=False, rand_split_class=True, label_num_per_class=20, valid_num=500, test_num=1000, directed=False, method='pcgt', hidden_channels=64, num_layers=2, num_heads=1, alpha=0.5, use_bn=False, use_residual=True, use_graph=True, use_weight=False, use_init=False, use_act=False, attention='gcn', lr=0.01, weight_decay=0.0005, dropout=0.5, display_step=100, no_feat_norm=True, patience=200, graph_weight=0.8, ours_weight_decay=0.01, ours_use_weight=False, ours_use_residual=False, ours_use_act=False, backbone='gcn', ours_layers=1, ours_dropout=0.3, aggregate='add', hops=1, gat_heads=8, out_heads=1, lamda=0.1, num_elayers=2, encoder_emdim=768, num_partitions=50, num_reps=4, partition_method='metis', no_pse=False, local_only=False, global_only=False)
pubmed
Num nodes: 19717
train:torch.Size([60]), valid:torch.Size([500]), test:torch.Size([1000])
features shape=torch.Size([19717, 500])
num nodes 19717 | num classes 3 | num node feats 500
Computing 50 partitions using metis...
Partitions: 50, Boundary nodes: 7090/19717 (36.0%)
Intra-partition edges: 66138/88648 (74.6%)
Epoch: 00, Loss: 1.1006, Train: 45.00%, Valid: 37.20%, Test: 42.40% [α=0.50,β=0.99]
Epoch: 100, Loss: 0.0132, Train: 100.00%, Valid: 75.20%, Test: 77.50% [α=0.51,β=0.70]
Epoch: 200, Loss: 0.0107, Train: 100.00%, Valid: 75.00%, Test: 77.90% [α=0.50,β=0.25]
Run 01:Highest Train: 100.00 Highest Valid: 79.40 Highest Test: 81.20 Chosen epoch: 13
Final Train: 96.67 Final Test: 80.50
Epoch: 00, Loss: 1.1004, Train: 33.33%, Valid: 35.00%, Test: 39.70% [α=0.50,β=1.00]
Epoch: 100, Loss: 0.0107, Train: 100.00%, Valid: 74.00%, Test: 75.10% [α=0.50,β=0.62]
Epoch: 200, Loss: 0.0088, Train: 100.00%, Valid: 74.60%, Test: 78.00% [α=0.50,β=0.20]
Run 02:Highest Train: 100.00 Highest Valid: 80.00 Highest Test: 80.80 Chosen epoch: 14
Final Train: 98.33 Final Test: 80.60
Epoch: 00, Loss: 1.0993, Train: 33.33%, Valid: 23.60%, Test: 22.00% [α=0.50,β=1.00]
Epoch: 100, Loss: 0.0099, Train: 100.00%, Valid: 74.40%, Test: 77.50% [α=0.50,β=0.73]
Epoch: 200, Loss: 0.0100, Train: 100.00%, Valid: 73.60%, Test: 78.40% [α=0.50,β=0.27]
Run 03:Highest Train: 100.00 Highest Valid: 79.20 Highest Test: 81.20 Chosen epoch: 17
Final Train: 100.00 Final Test: 81.00
Epoch: 00, Loss: 1.0998, Train: 33.33%, Valid: 23.20%, Test: 21.50% [α=0.50,β=1.00]
Epoch: 100, Loss: 0.0070, Train: 100.00%, Valid: 75.20%, Test: 77.70% [α=0.50,β=0.73]
Epoch: 200, Loss: 0.0092, Train: 100.00%, Valid: 74.00%, Test: 77.30% [α=0.50,β=0.27]
Run 04:Highest Train: 100.00 Highest Valid: 78.80 Highest Test: 79.90 Chosen epoch: 19
Final Train: 100.00 Final Test: 79.80
Epoch: 00, Loss: 1.1026, Train: 33.33%, Valid: 41.80%, Test: 38.80% [α=0.50,β=1.00]
Epoch: 100, Loss: 0.0089, Train: 100.00%, Valid: 72.60%, Test: 75.70% [α=0.50,β=0.73]
Epoch: 200, Loss: 0.0093, Train: 100.00%, Valid: 75.00%, Test: 77.30% [α=0.50,β=0.28]
Run 05:Highest Train: 100.00 Highest Valid: 79.60 Highest Test: 81.90 Chosen epoch: 17
Final Train: 100.00 Final Test: 81.90
5 runs: Highest Train: 100.00 ± 0.00 Highest val epoch:16
Highest Test: 81.00 ± 0.73 Final Test: 80.76 ± 0.77
