Namespace(data_dir='/Users/vn59a0h/thesis/PCGT/data', dataset='squirrel', device=0, seed=123, cpu=True, epochs=500, runs=5, train_prop=0.5, valid_prop=0.25, protocol='semi', rand_split=False, rand_split_class=False, label_num_per_class=20, valid_num=500, test_num=500, directed=False, method='pcgt', hidden_channels=64, num_layers=4, num_heads=1, alpha=0.5, use_bn=False, use_residual=True, use_graph=True, use_weight=False, use_init=False, use_act=False, attention='gcn', lr=0.01, weight_decay=0.0005, dropout=0.5, display_step=100, no_feat_norm=True, patience=200, graph_weight=0.8, ours_weight_decay=0.01, ours_use_weight=False, ours_use_residual=False, ours_use_act=False, backbone='gcn', ours_layers=1, ours_dropout=0.3, aggregate='add', hops=1, gat_heads=8, out_heads=1, lamda=0.1, num_elayers=2, encoder_emdim=768, num_partitions=10, num_reps=4, partition_method='metis', no_pse=False, local_only=False, global_only=False)
squirrel
features shape=torch.Size([2223, 2089])
num nodes 2223 | num classes 5 | num node feats 2089
Computing 10 partitions using metis...
Partitions: 10, Boundary nodes: 1835/2223 (82.5%)
Intra-partition edges: 63472/93996 (67.5%)
Epoch: 00, Loss: 1.6230, Train: 23.55%, Valid: 23.12%, Test: 22.57% [α=0.50,β=0.99]
Epoch: 100, Loss: 0.5164, Train: 91.07%, Valid: 40.95%, Test: 45.13% [α=0.51,β=2.12]
Epoch: 200, Loss: 0.2802, Train: 96.77%, Valid: 39.14%, Test: 43.36% [α=0.49,β=2.94]
Run 01:Highest Train: 98.58 Highest Valid: 44.43 Highest Test: 48.23 Chosen epoch: 91
Final Train: 89.27 Final Test: 45.80
Epoch: 00, Loss: 1.6205, Train: 16.30%, Valid: 13.14%, Test: 11.96% [α=0.50,β=1.00]
Epoch: 100, Loss: 0.7550, Train: 80.83%, Valid: 41.57%, Test: 4Epoch: 200, Loss: 0.3206, Train: 96.11%, Valid: 41.57%, Test: 44.47% [α=0.50,β=2.89]
Run 02:Highest Train: 98.24 Highest Valid: 44.57 Highest Test: 46.50 Chosen epoch: 94
Final Train: 74.63 Final Test: 42.66
Epoch: 00, Loss: 1.5985, Train: 25.02%, Valid: 22.04%, Test: 20.67% [α=0.50,β=1.00]
Epoch: 100, Loss: 0.8152, Train: 81.38%, Valid: 42.29%, Test: 45.56% [α=0.50,β=1.71]
Epoch: 200, Loss: 0.3511, Train: 94.84%, Valid: 40.36%, Test: 43.33% [α=0.50,β=2.95]
Epoch: 300, Loss: 0.2536, Train: 96.66%, Valid: 37.19%, Test: 40.44% [α=0.49,β=3.48]
Run 03:Highest Train: 98.47 Highest Valid: 43.39 Highest Test: 47.78 Chosen epoch: 177
Final Train: 93.60 Final Test: 42.44
Epoch: 00, Loss: 1.6108, Train: 19.53%, Valid: 18.65%, Test: 20.67% [α=0.50,β=1.00]
Epoch: 100, Loss: 0.7271, Train: 76.79%, Valid: 42.64%, Test: 43.11% [α=0.50,β=1.69]
Epoch: 200, Loss: 0.3642, Train: 96.79%, Valid: 35.48%, Test: 38.22% [α=0.48,β=2.94]
Run 04:Highest Train: 98.11 Highest Valid: 44.32 Highest Test: 46.44 Chosen epoch: 94
Final Train: 79.15 Final Test: 42.22
Epoch: 00, Loss: 1.6143, Train: 16.68%, Valid: 19.75%, Test: 17.59% [α=0.50,β=1.00]
Epoch: 100, Loss: 0.8273, Train: 75.26%, Valid: 38.94%, Test: 42.54% [α=0.51,β=1.64]
Epoch: 200, Loss: 0.3369, Train: 96.40%, Valid: 35.74%, Test: 41.65% [α=0.50,β=2.88]
Run 05:Highest Train: 98.01 Highest Valid: 40.75 Highest Test: 46.10 Chosen epoch: 95
Final Train: 77.82 Final Test: 42.76
5 runs: Highest Train: 98.28 ± 0.24 Highest val epoch:94
Highest Test: 47.01 ± 0.93 Final Test: 43.18 ± 1.48
nal Test: 43.18 ± 1.48
