Namespace(data_dir='../data', dataset='coauthor-physics', device=0, seed=123, cpu=True, epochs=500, runs=10, train_prop=0.5, valid_prop=0.25, protocol='semi', rand_split=True, rand_split_class=False, label_num_per_class=20, valid_num=500, test_num=500, directed=False, method='ours', hidden_channels=64, num_layers=4, num_heads=1, alpha=0.5, use_bn=False, use_residual=True, use_graph=True, use_weight=False, use_init=False, use_act=False, attention='gcn', lr=0.01, weight_decay=0.0005, dropout=0.5, display_step=50, no_feat_norm=True, patience=200, graph_weight=0.8, ours_weight_decay=0.001, ours_use_weight=False, ours_use_residual=False, ours_use_act=False, backbone='gcn', ours_layers=1, ours_dropout=0.2, aggregate='add', hops=1, gat_heads=8, out_heads=1, lamda=0.1, num_elayers=2, encoder_emdim=768, num_partitions=10, num_reps=4, partition_method='metis', no_pse=False, local_only=False, global_only=False)
coauthor-physics
coauthor-physics: nodes=34493, edges=495924, feats=8415, classes=5
features shape=torch.Size([34493, 8415])
num nodes 34493 | num classes 5 | num node feats 8415
Epoch: 00, Loss: 1.6276, Train: 61.56%, Valid: 61.77%, Test: 60.93%
Epoch: 50, Loss: 0.1024, Train: 97.16%, Valid: 95.81%, Test: 95.95%
Epoch: 100, Loss: 0.0811, Train: 97.54%, Valid: 95.57%, Test: 95.73%
Epoch: 150, Loss: 0.0652, Train: 98.17%, Valid: 96.02%, Test: 96.20%
Epoch: 200, Loss: 0.0648, Train: 98.15%, Valid: 95.91%, Test: 96.35%
Epoch: 250, Loss: 0.0563, Train: 98.32%, Valid: 95.85%, Test: 96.14%
Epoch: 300, Loss: 0.0510, Train: 98.70%, Valid: 96.01%, Test: 96.06%
Epoch: 350, Loss: 0.0465, Train: 98.68%, Valid: 96.01%, Test: 96.27%
Epoch: 400, Loss: 0.0626, Train: 98.12%, Valid: 96.07%, Test: 96.36%
Epoch: 450, Loss: 0.0485, Train: 98.61%, Valid: 95.95%, Test: 96.37%
Run 01:Highest Train: 98.97 Highest Valid: 96.25 Highest Test: 96.51 Chosen epoch: 397
Final Train: 98.12 Final Test: 96.50
Epoch: 00, Loss: 1.6084, Train: 52.87%, Valid: 52.94%, Test: 52.09%
Epoch: 50, Loss: 0.0896, Train: 97.73%, Valid: 96.72%, Test: 96.05%
Epoch: 100, Loss: 0.0838, Train: 96.72%, Valid: 95.54%, Test: 95.06%
Epoch: 150, Loss: 1.5741, Train: 84.47%, Valid: 83.61%, Test: 83.92%
Epoch: 200, Loss: 0.1229, Train: 96.67%, Valid: 96.22%, Test: 95.71%
Epoch: 250, Loss: 0.1042, Train: 97.33%, Valid: 96.67%, Test: 95.90%
Epoch: 300, Loss: 0.0940, Train: 97.44%, Valid: 96.66%, Test: 95.99%
Epoch: 350, Loss: 0.0854, Train: 97.48%, Valid: 96.78%, Test: 96.00%
Epoch: 400, Loss: 0.0770, Train: 98.09%, Valid: 96.96%, Test: 96.13%
Epoch: 450, Loss: 0.0772, Train: 98.19%, Valid: 96.74%, Test: 96.16%
Run 02:Highest Train: 98.71 Highest Valid: 97.09 Highest Test: 96.32 Chosen epoch: 461
Final Train: 98.42 Final Test: 96.20
Epoch: 00, Loss: 1.6087, Train: 59.78%, Valid: 60.39%, Test: 60.35%
Epoch: 50, Loss: 0.0805, Train: 97.69%, Valid: 96.65%, Test: 96.29%
Epoch: 100, Loss: 0.0743, Train: 97.94%, Valid: 96.51%, Test: 96.16%
Epoch: 150, Loss: 0.0491, Train: 98.62%, Valid: 96.85%, Test: 96.35%
Epoch: 200, Loss: 0.0529, Train: 98.59%, Valid: 96.64%, Test: 96.20%
Epoch: 250, Loss: 0.0461, Train: 98.86%, Valid: 96.66%, Test: 96.01%
Epoch: 300, Loss: 0.0461, Train: 98.85%, Valid: 96.85%, Test: 96.27%
Epoch: 350, Loss: 0.0664, Train: 98.07%, Valid: 96.79%, Test: 96.39%
Epoch: 400, Loss: 0.0447, Train: 98.97%, Valid: 96.75%, Test: 96.03%
Epoch: 450, Loss: 0.0406, Train: 98.97%, Valid: 96.68%, Test: 95.98%
Run 03:Highest Train: 99.22 Highest Valid: 96.98 Highest Test: 96.59 Chosen epoch: 357
Final Train: 98.33 Final Test: 96.28
Epoch: 00, Loss: 1.5662, Train: 61.41%, Valid: 60.08%, Test: 60.15%
Epoch: 50, Loss: 0.0763, Train: 97.87%, Valid: 96.38%, Test: 96.51%
Epoch: 100, Loss: 0.0606, Train: 98.31%, Valid: 96.45%, Test: 96.43%
Epoch: 150, Loss: 0.0700, Train: 97.65%, Valid: 96.42%, Test: 96.36%
Epoch: 200, Loss: 0.0596, Train: 98.49%, Valid: 96.67%, Test: 96.45%
Epoch: 250, Loss: 0.0779, Train: 98.05%, Valid: 96.40%, Test: 96.43%
Epoch: 300, Loss: 0.0505, Train: 98.60%, Valid: 96.38%, Test: 96.28%
Epoch: 350, Loss: 0.0445, Train: 98.92%, Valid: 96.24%, Test: 96.17%
Epoch: 400, Loss: 0.0389, Train: 99.00%, Valid: 96.57%, Test: 96.37%
Run 04:Highest Train: 99.26 Highest Valid: 96.76 Highest Test: 96.58 Chosen epoch: 205
Final Train: 98.65 Final Test: 96.44
Epoch: 00, Loss: 1.5653, Train: 57.56%, Valid: 56.84%, Test: 58.33%
Epoch: 50, Loss: 0.0794, Train: 97.76%, Valid: 96.02%, Test: 96.38%
Epoch: 100, Loss: 0.0675, Train: 98.13%, Valid: 96.17%, Test: 96.17%
Epoch: 150, Loss: 0.0543, Train: 98.52%, Valid: 96.10%, Test: 96.39%
Epoch: 200, Loss: 0.0457, Train: 98.98%, Valid: 96.32%, Test: 96.46%
Epoch: 250, Loss: 0.0906, Train: 97.37%, Valid: 95.85%, Test: 96.13%
Epoch: 300, Loss: 0.0751, Train: 97.84%, Valid: 96.10%, Test: 96.44%
Epoch: 350, Loss: 0.0668, Train: 98.32%, Valid: 96.18%, Test: 96.56%
Run 05:Highest Train: 98.98 Highest Valid: 96.49 Highest Test: 96.71 Chosen epoch: 177
Final Train: 98.66 Final Test: 96.58
Epoch: 00, Loss: 1.5443, Train: 60.80%, Valid: 61.24%, Test: 59.59%
Epoch: 50, Loss: 0.0760, Train: 97.81%, Valid: 96.69%, Test: 96.67%
Epoch: 100, Loss: 0.0546, Train: 98.70%, Valid: 96.56%, Test: 96.78%
Epoch: 150, Loss: 0.0683, Train: 97.77%, Valid: 96.30%, Test: 96.50%
Epoch: 200, Loss: 0.0544, Train: 98.76%, Valid: 96.46%, Test: 96.76%
Epoch: 250, Loss: 0.0526, Train: 98.70%, Valid: 96.56%, Test: 96.80%
Run 06:Highest Train: 99.06 Highest Valid: 96.73 Highest Test: 96.87 Chosen epoch: 60
Final Train: 98.17 Final Test: 96.61
Epoch: 00, Loss: 1.5612, Train: 56.43%, Valid: 56.48%, Test: 57.35%
Epoch: 50, Loss: 0.0737, Train: 97.94%, Valid: 96.42%, Test: 96.56%
Epoch: 100, Loss: 0.0563, Train: 98.49%, Valid: 96.44%, Test: 96.38%
Epoch: 150, Loss: 0.0476, Train: 98.78%, Valid: 96.47%, Test: 96.46%
Epoch: 200, Loss: 0.0574, Train: 98.47%, Valid: 96.69%, Test: 96.43%
Epoch: 250, Loss: 0.0451, Train: 98.76%, Valid: 96.40%, Test: 96.53%
Epoch: 300, Loss: 0.0405, Train: 98.94%, Valid: 96.60%, Test: 96.50%
Run 07:Highest Train: 99.15 Highest Valid: 96.79 Highest Test: 96.70 Chosen epoch: 150
Final Train: 98.68 Final Test: 96.39
Epoch: 00, Loss: 1.5565, Train: 54.20%, Valid: 54.34%, Test: 55.40%
Epoch: 50, Loss: 0.0838, Train: 97.58%, Valid: 96.36%, Test: 96.46%
Epoch: 100, Loss: 0.0566, Train: 98.50%, Valid: 96.36%, Test: 96.37%
Epoch: 150, Loss: 0.0590, Train: 98.48%, Valid: 96.47%, Test: 96.54%
Epoch: 200, Loss: 0.0643, Train: 98.07%, Valid: 96.56%, Test: 96.59%
Epoch: 250, Loss: 0.0473, Train: 98.83%, Valid: 96.40%, Test: 96.42%
Epoch: 300, Loss: 0.0453, Train: 98.93%, Valid: 96.44%, Test: 96.31%
Run 08:Highest Train: 99.07 Highest Valid: 96.63 Highest Test: 96.66 Chosen epoch: 120
Final Train: 97.71 Final Test: 96.54
Epoch: 00, Loss: 1.5751, Train: 52.91%, Valid: 54.25%, Test: 52.86%
Epoch: 50, Loss: 0.0758, Train: 97.80%, Valid: 96.58%, Test: 96.43%
Epoch: 100, Loss: 0.0592, Train: 98.49%, Valid: 96.61%, Test: 96.53%
Epoch: 150, Loss: 0.1321, Train: 96.68%, Valid: 95.70%, Test: 95.21%
Epoch: 200, Loss: 0.0675, Train: 98.16%, Valid: 96.46%, Test: 96.59%
Epoch: 250, Loss: 0.0525, Train: 98.44%, Valid: 96.52%, Test: 96.47%
Run 09:Highest Train: 98.75 Highest Valid: 96.67 Highest Test: 96.74 Chosen epoch: 56
Final Train: 97.90 Final Test: 96.56
Epoch: 00, Loss: 1.5465, Train: 51.54%, Valid: 51.30%, Test: 51.66%
Epoch: 50, Loss: 0.0730, Train: 98.02%, Valid: 96.57%, Test: 96.43%
Epoch: 100, Loss: 0.1074, Train: 97.74%, Valid: 96.07%, Test: 95.92%
Epoch: 150, Loss: 0.0565, Train: 98.62%, Valid: 96.39%, Test: 96.23%
Epoch: 200, Loss: 0.0810, Train: 97.52%, Valid: 96.02%, Test: 96.23%
Epoch: 250, Loss: 0.0520, Train: 98.66%, Valid: 96.51%, Test: 96.32%
Run 10:Highest Train: 98.99 Highest Valid: 96.73 Highest Test: 96.57 Chosen epoch: 77
Final Train: 98.26 Final Test: 96.43
10 runs: Highest Train: 99.02 ± 0.18 Highest val epoch:76
Highest Test: 96.62 ± 0.15 Final Test: 96.45 ± 0.13
