Namespace(data_dir='../data', dataset='coauthor-physics', device=0, seed=123, cpu=True, epochs=500, runs=10, train_prop=0.5, valid_prop=0.25, protocol='semi', rand_split=True, rand_split_class=False, label_num_per_class=20, valid_num=500, test_num=500, directed=False, method='pcgt', hidden_channels=64, num_layers=4, num_heads=1, alpha=0.5, use_bn=False, use_residual=True, use_graph=True, use_weight=False, use_init=False, use_act=False, attention='gcn', lr=0.01, weight_decay=0.0005, dropout=0.5, display_step=50, no_feat_norm=True, patience=200, graph_weight=0.8, ours_weight_decay=0.001, ours_use_weight=False, ours_use_residual=False, ours_use_act=False, backbone='gcn', ours_layers=1, ours_dropout=0.2, aggregate='add', hops=1, gat_heads=8, out_heads=1, lamda=0.1, num_elayers=2, encoder_emdim=768, num_partitions=20, num_reps=4, partition_method='metis', no_pse=False, local_only=False, global_only=False)
coauthor-physics
coauthor-physics: nodes=34493, edges=495924, feats=8415, classes=5
features shape=torch.Size([34493, 8415])
num nodes 34493 | num classes 5 | num node feats 8415
Computing 20 partitions using metis...
Partitions: 20, Boundary nodes: 24279/34493 (70.4%)
Intra-partition edges: 348550/495924 (70.3%)
Epoch: 00, Loss: 1.6101, Train: 50.53%, Valid: 50.82%, Test: 50.21% [α=0.50,β=0.99]
Epoch: 50, Loss: 0.0734, Train: 97.74%, Valid: 95.80%, Test: 96.14% [α=0.52,β=1.27]
Epoch: 100, Loss: 0.0543, Train: 98.63%, Valid: 96.13%, Test: 96.36% [α=0.55,β=1.43]
Epoch: 150, Loss: 0.0462, Train: 99.00%, Valid: 96.28%, Test: 96.58% [α=0.57,β=1.61]
Epoch: 200, Loss: 0.0576, Train: 98.57%, Valid: 96.29%, Test: 96.36% [α=0.59,β=1.82]
Epoch: 250, Loss: 0.0318, Train: 99.31%, Valid: 96.28%, Test: 96.47% [α=0.60,β=2.07]
Epoch: 300, Loss: 0.0273, Train: 99.42%, Valid: 96.32%, Test: 96.52% [α=0.62,β=2.27]
Epoch: 350, Loss: 0.0416, Train: 98.60%, Valid: 96.06%, Test: 96.05% [α=0.63,β=2.46]
Epoch: 400, Loss: 0.0254, Train: 99.55%, Valid: 96.49%, Test: 96.87% [α=0.63,β=2.68]
Epoch: 450, Loss: 0.0253, Train: 99.58%, Valid: 96.40%, Test: 96.76% [α=0.62,β=2.90]
Run 01:Highest Train: 99.77 Highest Valid: 96.72 Highest Test: 96.96 Chosen epoch: 335
Final Train: 99.36 Final Test: 96.73
Epoch: 00, Loss: 1.6625, Train: 23.11%, Valid: 24.27%, Test: 23.63% [α=0.50,β=1.01]
Epoch: 50, Loss: 0.0936, Train: 97.16%, Valid: 96.60%, Test: 95.80% [α=0.49,β=1.51]
Epoch: 100, Loss: 0.0698, Train: 98.29%, Valid: 96.74%, Test: 96.05% [α=0.51,β=1.78]
Epoch: 150, Loss: 0.0560, Train: 98.42%, Valid: 96.81%, Test: 96.29% [α=0.53,β=2.03]
Epoch: 200, Loss: 0.0439, Train: 99.03%, Valid: 96.65%, Test: 96.28% [α=0.54,β=2.28]
Epoch: 250, Loss: 0.0367, Train: 99.28%, Valid: 96.90%, Test: 96.15% [α=0.56,β=2.51]
Epoch: 300, Loss: 0.0351, Train: 99.33%, Valid: 96.95%, Test: 96.51% [α=0.57,β=2.72]
Epoch: 350, Loss: 0.0294, Train: 99.44%, Valid: 97.04%, Test: 96.44% [α=0.58,β=2.91]
Epoch: 400, Loss: 0.0269, Train: 99.53%, Valid: 96.97%, Test: 96.42% [α=0.58,β=3.07]
Epoch: 450, Loss: 2.0574, Train: 82.02%, Valid: 82.47%, Test: 81.55% [α=0.59,β=3.28]
Run 02:Highest Train: 99.74 Highest Valid: 97.25 Highest Test: 96.70 Chosen epoch: 442
Final Train: 99.67 Final Test: 96.51
Epoch: 00, Loss: 1.6459, Train: 12.40%, Valid: 12.10%, Test: 12.07% [α=0.50,β=1.00]
Epoch: 50, Loss: 0.0825, Train: 97.77%, Valid: 96.57%, Test: 96.19% [α=0.52,β=1.46]
Epoch: 100, Loss: 0.0617, Train: 98.32%, Valid: 96.57%, Test: 96.09% [α=0.52,β=1.68]
Epoch: 150, Loss: 0.0392, Train: 99.18%, Valid: 96.50%, Test: 96.21% [α=0.48,β=1.83]
Epoch: 200, Loss: 0.0418, Train: 98.80%, Valid: 96.20%, Test: 96.10% [α=0.45,β=1.99]
Epoch: 250, Loss: 0.0302, Train: 99.55%, Valid: 96.61%, Test: 96.30% [α=0.42,β=2.13]
Run 03:Highest Train: 99.72 Highest Valid: 96.88 Highest Test: 96.51 Chosen epoch: 92
Final Train: 98.88 Final Test: 96.27
Epoch: 00, Loss: 1.6077, Train: 55.67%, Valid: 54.22%, Test: 54.66% [α=0.50,β=1.00]
Epoch: 50, Loss: 0.0796, Train: 97.91%, Valid: 96.45%, Test: 96.21% [α=0.48,β=1.71]
Epoch: 100, Loss: 0.0426, Train: 98.93%, Valid: 96.21%, Test: 96.38% [α=0.49,β=1.92]
Epoch: 150, Loss: 0.0348, Train: 99.14%, Valid: 96.28%, Test: 96.32% [α=0.49,β=2.11]
Epoch: 200, Loss: 0.0415, Train: 99.38%, Valid: 96.31%, Test: 96.50% [α=0.46,β=2.24]
Epoch: 250, Loss: 0.0480, Train: 99.17%, Valid: 96.49%, Test: 96.47% [α=0.44,β=2.36]
Run 04:Highest Train: 99.66 Highest Valid: 96.66 Highest Test: 96.86 Chosen epoch: 61
Final Train: 98.31 Final Test: 96.44
Epoch: 00, Loss: 1.6148, Train: 17.38%, Valid: 17.31%, Test: 16.59% [α=0.50,β=1.00]
Epoch: 50, Loss: 0.0826, Train: 97.61%, Valid: 96.14%, Test: 96.17% [α=0.53,β=1.57]
Epoch: 100, Loss: 0.0502, Train: 98.90%, Valid: 96.17%, Test: 96.30% [α=0.53,β=1.83]
Epoch: 150, Loss: 0.0409, Train: 99.23%, Valid: 96.30%, Test: 96.32% [α=0.51,β=2.03]
Epoch: 200, Loss: 0.0346, Train: 99.44%, Valid: 96.21%, Test: 96.28% [α=0.48,β=2.20]
Epoch: 250, Loss: 0.0284, Train: 99.33%, Valid: 96.21%, Test: 96.43% [α=0.46,β=2.37]
Epoch: 300, Loss: 0.0248, Train: 99.66%, Valid: 96.30%, Test: 96.52% [α=0.42,β=2.51]
Epoch: 350, Loss: 0.0236, Train: 99.62%, Valid: 96.29%, Test: 96.34% [α=0.40,β=2.63]
Epoch: 400, Loss: 0.0228, Train: 99.76%, Valid: 96.37%, Test: 96.50% [α=0.38,β=2.74]
Epoch: 450, Loss: 0.0288, Train: 99.54%, Valid: 96.56%, Test: 96.53% [α=0.37,β=2.91]
Run 05:Highest Train: 99.79 Highest Valid: 96.59 Highest Test: 96.74 Chosen epoch: 311
Final Train: 99.62 Final Test: 96.52
Epoch: 00, Loss: 1.6539, Train: 17.50%, Valid: 17.62%, Test: 17.52% [α=0.50,β=1.00]
Epoch: 50, Loss: 0.0853, Train: 97.60%, Valid: 96.36%, Test: 96.52% [α=0.52,β=1.76]
Epoch: 100, Loss: 0.0547, Train: 98.60%, Valid: 96.61%, Test: 96.54% [α=0.53,β=2.12]
Epoch: 150, Loss: 0.0357, Train: 99.23%, Valid: 96.68%, Test: 96.87% [α=0.55,β=2.38]
Epoch: 200, Loss: 0.0330, Train: 99.44%, Valid: 96.75%, Test: 97.00% [α=0.57,β=2.63]
Epoch: 250, Loss: 0.0316, Train: 99.52%, Valid: 96.88%, Test: 96.93% [α=0.58,β=2.87]
Epoch: 300, Loss: 0.0722, Train: 98.14%, Valid: 96.35%, Test: 96.35% [α=0.54,β=3.29]
Epoch: 350, Loss: 0.0442, Train: 99.21%, Valid: 96.80%, Test: 96.73% [α=0.53,β=3.65]
Epoch: 400, Loss: 0.0337, Train: 99.57%, Valid: 97.00%, Test: 96.81% [α=0.53,β=3.93]
Epoch: 450, Loss: 0.0263, Train: 99.68%, Valid: 97.02%, Test: 96.81% [α=0.53,β=4.12]
Run 06:Highest Train: 99.81 Highest Valid: 97.09 Highest Test: 97.05 Chosen epoch: 382
Final Train: 99.48 Final Test: 96.79
Epoch: 00, Loss: 1.6170, Train: 60.04%, Valid: 60.01%, Test: 60.95% [α=0.50,β=1.00]
Epoch: 50, Loss: 0.0689, Train: 98.27%, Valid: 96.50%, Test: 96.42% [α=0.52,β=1.78]
Epoch: 100, Loss: 0.0416, Train: 99.07%, Valid: 96.58%, Test: 96.32% [α=0.51,β=2.04]
Epoch: 150, Loss: 0.0341, Train: 99.15%, Valid: 96.74%, Test: 96.57% [α=0.49,β=2.24]
Epoch: 200, Loss: 0.0281, Train: 99.60%, Valid: 96.63%, Test: 96.57% [α=0.46,β=2.42]
Epoch: 250, Loss: 0.0307, Train: 99.59%, Valid: 96.46%, Test: 96.44% [α=0.44,β=2.61]
Epoch: 300, Loss: 0.0535, Train: 98.48%, Valid: 96.39%, Test: 96.20% [α=0.41,β=2.75]
Epoch: 350, Loss: 0.0230, Train: 99.73%, Valid: 96.66%, Test: 96.53% [α=0.40,β=2.88]
Epoch: 400, Loss: 0.0223, Train: 99.58%, Valid: 96.28%, Test: 96.28% [α=0.37,β=2.97]
Epoch: 450, Loss: 0.0169, Train: 99.66%, Valid: 96.37%, Test: 96.32% [α=0.36,β=3.06]
Run 07:Highest Train: 99.89 Highest Valid: 96.98 Highest Test: 96.90 Chosen epoch: 414
Final Train: 99.46 Final Test: 96.73
Epoch: 00, Loss: 1.5908, Train: 61.75%, Valid: 62.08%, Test: 62.69% [α=0.50,β=1.00]
Epoch: 50, Loss: 0.0777, Train: 97.89%, Valid: 96.38%, Test: 96.64% [α=0.51,β=1.82]
Epoch: 100, Loss: 0.0439, Train: 99.06%, Valid: 96.67%, Test: 96.76% [α=0.53,β=2.17]
Epoch: 150, Loss: 0.0364, Train: 99.29%, Valid: 96.66%, Test: 96.89% [α=0.54,β=2.44]
Epoch: 200, Loss: 0.0304, Train: 99.40%, Valid: 96.73%, Test: 96.85% [α=0.55,β=2.69]
Epoch: 250, Loss: 0.0299, Train: 99.54%, Valid: 96.71%, Test: 96.71% [α=0.56,β=2.91]
Epoch: 300, Loss: 0.1875, Train: 95.04%, Valid: 93.56%, Test: 93.66% [α=0.56,β=3.10]
Epoch: 350, Loss: 0.0346, Train: 99.53%, Valid: 96.54%, Test: 96.94% [α=0.55,β=3.38]
Epoch: 400, Loss: 0.0256, Train: 99.73%, Valid: 96.78%, Test: 96.79% [α=0.54,β=3.62]
Epoch: 450, Loss: 0.0229, Train: 99.70%, Valid: 96.71%, Test: 96.92% [α=0.54,β=3.77]
Run 08:Highest Train: 99.79 Highest Valid: 96.89 Highest Test: 97.03 Chosen epoch: 460
Final Train: 99.58 Final Test: 96.79
Epoch: 00, Loss: 1.5964, Train: 66.19%, Valid: 67.97%, Test: 66.72% [α=0.50,β=1.00]
Epoch: 50, Loss: 0.0642, Train: 98.32%, Valid: 96.59%, Test: 96.54% [α=0.52,β=1.72]
Epoch: 100, Loss: 0.0501, Train: 98.61%, Valid: 96.52%, Test: 96.46% [α=0.54,β=2.02]
Epoch: 150, Loss: 0.0438, Train: 99.22%, Valid: 96.83%, Test: 96.71% [α=0.53,β=2.28]
Epoch: 200, Loss: 0.1574, Train: 95.05%, Valid: 93.71%, Test: 93.96% [α=0.51,β=2.55]
Epoch: 250, Loss: 0.0412, Train: 99.33%, Valid: 96.52%, Test: 96.29% [α=0.51,β=2.92]
Epoch: 300, Loss: 0.0294, Train: 99.55%, Valid: 96.74%, Test: 96.61% [α=0.47,β=3.17]
Epoch: 350, Loss: 0.0319, Train: 99.15%, Valid: 96.21%, Test: 96.23% [α=0.42,β=3.32]
Run 09:Highest Train: 99.74 Highest Valid: 96.95 Highest Test: 96.79 Chosen epoch: 162
Final Train: 99.39 Final Test: 96.72
Epoch: 00, Loss: 1.6094, Train: 55.44%, Valid: 55.11%, Test: 55.81% [α=0.50,β=1.00]
Epoch: 50, Loss: 0.0706, Train: 98.17%, Valid: 96.45%, Test: 96.29% [α=0.53,β=1.74]
Epoch: 100, Loss: 0.1213, Train: 97.50%, Valid: 95.42%, Test: 95.74% [α=0.56,β=2.00]
Epoch: 150, Loss: 0.0369, Train: 99.40%, Valid: 96.50%, Test: 96.66% [α=0.57,β=2.27]
Epoch: 200, Loss: 0.0378, Train: 98.51%, Valid: 96.20%, Test: 96.15% [α=0.59,β=2.48]
Epoch: 250, Loss: 0.0575, Train: 98.57%, Valid: 96.42%, Test: 96.34% [α=0.55,β=2.90]
Epoch: 300, Loss: 0.0357, Train: 99.44%, Valid: 96.58%, Test: 96.53% [α=0.55,β=3.19]
Epoch: 350, Loss: 0.0280, Train: 99.63%, Valid: 96.59%, Test: 96.59% [α=0.57,β=3.41]
Run 10:Highest Train: 99.77 Highest Valid: 96.75 Highest Test: 96.74 Chosen epoch: 194
Final Train: 99.46 Final Test: 96.61
10 runs: Highest Train: 99.77 ± 0.06 Highest val epoch:193
Highest Test: 96.83 ± 0.17 Final Test: 96.61 ± 0.17
