Namespace(data_dir='../data', dataset='film', device=0, seed=42, cpu=True, epochs=500, runs=10, train_prop=0.5, valid_prop=0.25, protocol='semi', rand_split=False, rand_split_class=False, label_num_per_class=20, valid_num=500, test_num=500, directed=False, method='pcgt', hidden_channels=64, num_layers=8, num_heads=1, alpha=0.5, use_bn=False, use_residual=False, use_graph=True, use_weight=False, use_init=False, use_act=False, attention='gcn', lr=0.1, weight_decay=0.0005, dropout=0.6, display_step=100, no_feat_norm=False, patience=200, graph_weight=0.6, ours_weight_decay=0.0005, ours_use_weight=False, ours_use_residual=True, ours_use_act=True, backbone='gcn', ours_layers=2, ours_dropout=0.6, aggregate='add', hops=1, gat_heads=8, out_heads=1, lamda=0.1, num_elayers=2, encoder_emdim=768, num_partitions=5, num_reps=4, partition_method='metis', no_pse=False, local_only=False, global_only=False)
film
(7600, 932)
Num nodes: 7600
features shape=torch.Size([7600, 932])
num nodes 7600 | num classes 5 | num node feats 932
Computing 5 partitions using metis...
Partitions: 5, Boundary nodes: 4279/7600 (56.3%)
Intra-partition edges: 45094/60918 (74.0%)
Epoch: 00, Loss: 1.6055, Train: 26.04%, Valid: 25.82%, Test: 25.46% [α=0.48,β=0.90,α=0.48,β=0.90]
Epoch: 100, Loss: 1.5531, Train: 26.81%, Valid: 26.81%, Test: 25.99% [α=0.29,β=0.85,α=0.49,β=0.81]
Epoch: 200, Loss: 1.5245, Train: 27.82%, Valid: 27.71%, Test: 27.24% [α=0.29,β=1.46,α=0.51,β=1.49]
Run 01:Highest Train: 32.02 Highest Valid: 30.02 Highest Test: 29.54 Chosen epoch: 89
Final Train: 32.02 Final Test: 29.54
Epoch: 00, Loss: 1.6239, Train: 23.27%, Valid: 24.67%, Test: 24.08% [α=0.50,β=1.00,α=0.50,β=1.00]
Epoch: 100, Loss: 1.5750, Train: 25.99%, Valid: 26.32%, Test: 24.80% [α=0.84,β=-1.75,α=0.50,β=-1.97]
Epoch: 200, Loss: 1.5756, Train: 25.99%, Valid: 26.32%, Test: 24.80% [α=0.60,β=-1.42,α=0.50,β=-1.29]
Run 02:Highest Train: 26.04 Highest Valid: 26.56 Highest Test: 26.12 Chosen epoch: 44
Final Train: 23.77 Final Test: 23.62
Epoch: 00, Loss: 1.5945, Train: 25.82%, Valid: 25.53%, Test: 26.45% [α=0.50,β=1.00,α=0.50,β=1.00]
Epoch: 100, Loss: 1.5105, Train: 32.62%, Valid: 31.74%, Test: 31.78% [α=0.38,β=2.42,α=0.49,β=2.70]
Epoch: 200, Loss: 1.5166, Train: 35.28%, Valid: 31.91%, Test: 32.43% [α=0.32,β=2.59,α=0.51,β=2.68]
Epoch: 300, Loss: 1.5235, Train: 31.41%, Valid: 30.43%, Test: 30.99% [α=0.34,β=2.41,α=0.53,β=2.66]
Run 03:Highest Train: 36.21 Highest Valid: 34.42 Highest Test: 35.26 Chosen epoch: 125
Final Train: 35.44 Final Test: 33.22
Epoch: 00, Loss: 1.6011, Train: 24.92%, Valid: 22.90%, Test: 23.88% [α=0.50,β=1.00,α=0.50,β=1.00]
Epoch: 100, Loss: 1.5519, Train: 26.29%, Valid: 28.50%, Test: 27.11% [α=0.42,β=1.20,α=0.50,β=1.36]
Epoch: 200, Loss: 1.5282, Train: 33.58%, Valid: 32.40%, Test: 32.76% [α=0.34,β=2.06,α=0.49,β=2.28]
Epoch: 300, Loss: 1.5168, Train: 31.99%, Valid: 32.69%, Test: 30.66% [α=0.33,β=2.19,α=0.49,β=2.31]
Epoch: 400, Loss: 1.5246, Train: 31.44%, Valid: 32.44%, Test: 31.32% [α=0.34,β=2.14,α=0.48,β=2.16]
Run 04:Highest Train: 36.02 Highest Valid: 35.40 Highest Test: 34.61 Chosen epoch: 436
Final Train: 35.50 Final Test: 33.68
Epoch: 00, Loss: 1.6077, Train: 26.40%, Valid: 26.36%, Test: 23.75% [α=0.50,β=1.00,α=0.50,β=1.00]
Epoch: 100, Loss: 1.5057, Train: 33.09%, Valid: 31.62%, Test: 28.68% [α=0.33,β=2.28,α=0.50,β=2.40]
Epoch: 200, Loss: 1.5418, Train: 31.52%, Valid: 30.26%, Test: 28.22% [α=0.36,β=1.81,α=0.43,β=2.17]
Epoch: 300, Loss: 1.5384, Train: 29.71%, Valid: 29.24%, Test: 26.38% [α=0.35,β=2.15,α=0.49,β=2.24]
Epoch: 400, Loss: 1.5342, Train: 31.11%, Valid: 30.26%, Test: 28.55% [α=0.37,β=2.03,α=0.49,β=2.03]
Run 05:Highest Train: 34.76 Highest Valid: 33.63 Highest Test: 31.64 Chosen epoch: 292
Final Train: 34.54 Final Test: 30.39
Epoch: 00, Loss: 1.6007, Train: 26.37%, Valid: 25.04%, Test: 25.92% [α=0.50,β=1.00,α=0.50,β=1.01]
Epoch: 100, Loss: 1.5212, Train: 34.87%, Valid: 33.06%, Test: 33.82% [α=0.32,β=2.25,α=0.50,β=2.31]
Epoch: 200, Loss: 1.5061, Train: 33.06%, Valid: 30.76%, Test: 32.30% [α=0.32,β=2.20,α=0.50,β=2.17]
Epoch: 300, Loss: 1.5192, Train: 30.26%, Valid: 28.21%, Test: 30.13% [α=0.29,β=2.16,α=0.50,β=2.12]
Run 06:Highest Train: 35.80 Highest Valid: 34.38 Highest Test: 35.33 Chosen epoch: 139
Final Train: 34.84 Final Test: 34.01
Epoch: 00, Loss: 1.6094, Train: 20.29%, Valid: 21.34%, Test: 24.41% [α=0.50,β=0.99,α=0.50,β=0.99]
Epoch: 100, Loss: 1.5096, Train: 31.22%, Valid: 30.10%, Test: 27.63% [α=0.30,β=2.19,α=0.49,β=2.22]
Epoch: 200, Loss: 1.5242, Train: 30.54%, Valid: 29.98%, Test: 27.70% [α=0.31,β=2.15,α=0.48,β=2.11]
Epoch: 300, Loss: 1.5120, Train: 31.55%, Valid: 30.80%, Test: 28.49% [α=0.30,β=2.16,α=0.48,β=2.12]
Run 07:Highest Train: 34.81 Highest Valid: 33.26 Highest Test: 31.51 Chosen epoch: 173
Final Train: 34.16 Final Test: 30.33
Epoch: 00, Loss: 1.6048, Train: 23.41%, Valid: 24.26%, Test: 24.34% [α=0.50,β=0.98,α=0.50,β=0.98]
Epoch: 100, Loss: 1.5073, Train: 30.26%, Valid: 28.82%, Test: 28.55% [α=0.31,β=2.18,α=0.49,β=2.23]
Epoch: 200, Loss: 1.5218, Train: 28.78%, Valid: 27.51%, Test: 26.84% [α=0.31,β=1.80,α=0.41,β=1.86]
Run 08:Highest Train: 32.24 Highest Valid: 30.06 Highest Test: 30.20 Chosen epoch: 61
Final Train: 32.24 Final Test: 28.82
Epoch: 00, Loss: 1.6235, Train: 24.31%, Valid: 23.19%, Test: 23.95% [α=0.50,β=1.00,α=0.50,β=0.98]
Epoch: 100, Loss: 1.5152, Train: 30.87%, Valid: 30.22%, Test: 28.75% [α=0.29,β=1.97,α=0.49,β=2.01]
Epoch: 200, Loss: 1.5151, Train: 28.81%, Valid: 28.17%, Test: 26.45% [α=0.32,β=1.92,α=0.50,β=1.86]
Run 09:Highest Train: 33.09 Highest Valid: 31.62 Highest Test: 30.79 Chosen epoch: 53
Final Train: 32.43 Final Test: 29.54
Epoch: 00, Loss: 1.6119, Train: 22.04%, Valid: 20.81%, Test: 21.05% [α=0.50,β=0.99,α=0.50,β=0.99]
Epoch: 100, Loss: 1.5167, Train: 36.57%, Valid: 34.09%, Test: 36.38% [α=0.31,β=2.03,α=0.49,β=1.99]
Epoch: 200, Loss: 1.5148, Train: 33.91%, Valid: 33.88%, Test: 34.87% [α=0.29,β=2.09,α=0.49,β=2.08]
Epoch: 300, Loss: 1.5215, Train: 30.62%, Valid: 31.29%, Test: 33.36% [α=0.30,β=2.01,α=0.50,β=1.96]
Run 10:Highest Train: 37.17 Highest Valid: 34.91 Highest Test: 37.04 Chosen epoch: 139
Final Train: 35.22 Final Test: 35.20
10 runs: Highest Train: 33.82 ± 3.24 Highest val epoch:138
Highest Test: 32.20 ± 3.32 Final Test: 30.84 ± 3.38
