[10:00:38] SKIP coauthor-cs_sgformer (already done)
[10:00:38] START coauthor-cs_pcgt
Namespace(data_dir='../data', dataset='coauthor-cs', device=0, seed=123, cpu=True, epochs=500, runs=10, train_prop=0.5, valid_prop=0.25, protocol='semi', rand_split=True, rand_split_class=False, label_num_per_class=20, valid_num=500, test_num=500, directed=False, method='pcgt', hidden_channels=64, num_layers=4, num_heads=1, alpha=0.5, use_bn=False, use_residual=True, use_graph=True, use_weight=False, use_init=False, use_act=False, attention='gcn', lr=0.01, weight_decay=0.0005, dropout=0.5, display_step=50, no_feat_norm=True, patience=200, graph_weight=0.8, ours_weight_decay=0.001, ours_use_weight=False, ours_use_residual=False, ours_use_act=False, backbone='gcn', ours_layers=1, ours_dropout=0.2, aggregate='add', hops=1, gat_heads=8, out_heads=1, lamda=0.1, num_elayers=2, encoder_emdim=768, num_partitions=15, num_reps=4, partition_method='metis', no_pse=False, local_only=False, global_only=False)
coauthor-cs
coauthor-cs: nodes=18333, edges=163788, feats=6805, classes=15
features shape=torch.Size([18333, 6805])
num nodes 18333 | num classes 15 | num node feats 6805
Computing 15 partitions using metis...
Partitions: 15, Boundary nodes: 9937/18333 (54.2%)
Intra-partition edges: 130044/163788 (79.4%)
Epoch: 00, Loss: 2.7321, Train: 28.52%, Valid: 27.75%, Test: 27.51% [α=0.50,β=1.01]
Epoch: 50, Loss: 0.1233, Train: 98.10%, Valid: 93.45%, Test: 93.43% [α=0.50,β=1.35]
Epoch: 100, Loss: 0.0648, Train: 98.92%, Valid: 93.41%, Test: 93.50% [α=0.49,β=1.49]
Epoch: 150, Loss: 0.0465, Train: 99.40%, Valid: 93.21%, Test: 93.17% [α=0.45,β=1.61]
Epoch: 200, Loss: 0.0547, Train: 99.14%, Valid: 93.08%, Test: 93.61% [α=0.41,β=1.71]
Epoch: 250, Loss: 0.0405, Train: 99.61%, Valid: 93.10%, Test: 93.65% [α=0.38,β=1.83]
Epoch: 300, Loss: 0.0568, Train: 99.33%, Valid: 93.91%, Test: 93.91% [α=0.40,β=2.12]
Epoch: 350, Loss: 0.0448, Train: 99.79%, Valid: 93.89%, Test: 93.91% [α=0.39,β=2.32]
Epoch: 400, Loss: 0.0334, Train: 99.93%, Valid: 93.34%, Test: 93.72% [α=0.38,β=2.46]
Epoch: 450, Loss: 0.0328, Train: 99.81%, Valid: 93.72%, Test: 93.65% [α=0.34,β=2.56]
Run 01:Highest Train: 99.93 Highest Valid: 94.28 Highest Test: 94.35 Chosen epoch: 315
Final Train: 99.65 Final Test: 94.09
Epoch: 00, Loss: 2.7262, Train: 22.56%, Valid: 20.49%, Test: 20.88% [α=0.50,β=1.00]
Epoch: 50, Loss: 0.1056, Train: 98.42%, Valid: 94.07%, Test: 94.28% [α=0.46,β=1.80]
Epoch: 100, Loss: 0.0542, Train: 99.52%, Valid: 94.02%, Test: 94.00% [α=0.50,β=2.17]
Epoch: 150, Loss: 0.0443, Train: 99.29%, Valid: 94.39%, Test: 94.07% [α=0.53,β=2.42]
Epoch: 200, Loss: 0.0446, Train: 99.87%, Valid: 94.35%, Test: 94.31% [α=0.55,β=2.64]
Epoch: 250, Loss: 0.0378, Train: 99.78%, Valid: 93.74%, Test: 94.48% [α=0.54,β=2.83]
Epoch: 300, Loss: 0.0303, Train: 99.72%, Valid: 94.11%, Test: 94.33% [α=0.52,β=3.00]
Epoch: 350, Loss: 0.0337, Train: 98.97%, Valid: 93.41%, Test: 93.35% [α=0.50,β=3.17]
Epoch: 400, Loss: 0.0372, Train: 99.61%, Valid: 93.74%, Test: 94.04% [α=0.49,β=3.32]
Epoch: 450, Loss: 0.0264, Train: 99.93%, Valid: 94.39%, Test: 94.35% [α=0.49,β=3.47]
Run 02:Highest Train: 99.98 Highest Valid: 94.68 Highest Test: 94.81 Chosen epoch: 424
Final Train: 99.90 Final Test: 94.72
Epoch: 00, Loss: 2.7130, Train: 23.94%, Valid: 25.11%, Test: 24.06% [α=0.50,β=1.00]
Epoch: 50, Loss: 0.0915, Train: 98.49%, Valid: 94.74%, Test: 94.90% [α=0.49,β=1.86]
Epoch: 100, Loss: 0.0657, Train: 99.35%, Valid: 94.85%, Test: 94.76% [α=0.49,β=2.25]
Epoch: 150, Loss: 0.0471, Train: 99.41%, Valid: 94.35%, Test: 94.26% [α=0.48,β=2.54]
Epoch: 200, Loss: 0.0458, Train: 99.74%, Valid: 94.96%, Test: 94.63% [α=0.46,β=2.77]
Epoch: 250, Loss: 0.0463, Train: 99.66%, Valid: 95.07%, Test: 94.66% [α=0.44,β=2.97]
Epoch: 300, Loss: 0.0398, Train: 99.80%, Valid: 94.59%, Test: 94.98% [α=0.43,β=3.15]
Run 03:Highest Train: 99.93 Highest Valid: 95.27 Highest Test: 95.33 Chosen epoch: 114
Final Train: 99.45 Final Test: 95.05
Epoch: 00, Loss: 2.7005, Train: 13.83%, Valid: 13.05%, Test: 14.38% [α=0.50,β=1.00]
Epoch: 50, Loss: 0.1205, Train: 97.86%, Valid: 94.46%, Test: 94.96% [α=0.47,β=1.96]
Epoch: 100, Loss: 0.0572, Train: 99.40%, Valid: 94.44%, Test: 94.66% [α=0.49,β=2.41]
Epoch: 150, Loss: 0.0470, Train: 99.78%, Valid: 94.44%, Test: 94.59% [α=0.50,β=2.69]
Epoch: 200, Loss: 0.0358, Train: 99.73%, Valid: 94.94%, Test: 94.92% [α=0.50,β=2.92]
Epoch: 250, Loss: 0.0442, Train: 99.88%, Valid: 94.46%, Test: 94.57% [α=0.50,β=3.12]
Epoch: 300, Loss: 0.0334, Train: 99.90%, Valid: 94.61%, Test: 94.94% [α=0.49,β=3.31]
Run 04:Highest Train: 99.97 Highest Valid: 95.13 Highest Test: 95.33 Chosen epoch: 109
Final Train: 99.44 Final Test: 95.00
Epoch: 00, Loss: 2.7325, Train: 13.36%, Valid: 13.35%, Test: 12.81% [α=0.50,β=1.00]
Epoch: 50, Loss: 0.1209, Train: 97.94%, Valid: 94.63%, Test: 94.15% [α=0.47,β=1.90]
Epoch: 100, Loss: 0.0926, Train: 98.95%, Valid: 94.48%, Test: 93.96% [α=0.49,β=2.30]
Epoch: 150, Loss: 0.2449, Train: 96.44%, Valid: 92.25%, Test: 92.26% [α=0.51,β=2.60]
Epoch: 200, Loss: 0.0480, Train: 99.65%, Valid: 94.81%, Test: 94.39% [α=0.53,β=3.00]
Epoch: 250, Loss: 0.0409, Train: 99.80%, Valid: 94.87%, Test: 94.57% [α=0.54,β=3.27]
Epoch: 300, Loss: 0.0406, Train: 99.23%, Valid: 94.20%, Test: 94.09% [α=0.54,β=3.49]
Epoch: 350, Loss: 0.0326, Train: 99.84%, Valid: 95.07%, Test: 94.70% [α=0.54,β=3.68]
Epoch: 400, Loss: 0.0325, Train: 99.90%, Valid: 94.96%, Test: 94.72% [α=0.54,β=3.85]
Epoch: 450, Loss: 0.0256, Train: 99.88%, Valid: 94.85%, Test: 94.87% [α=0.53,β=4.00]
Run 05:Highest Train: 99.98 Highest Valid: 95.27 Highest Test: 95.14 Chosen epoch: 259
Final Train: 99.86 Final Test: 94.48
Epoch: 00, Loss: 2.7358, Train: 17.73%, Valid: 16.74%, Test: 17.36% [α=0.50,β=1.00]
Epoch: 50, Loss: 0.0989, Train: 98.44%, Valid: 94.50%, Test: 95.14% [α=0.51,β=1.82]
Epoch: 100, Loss: 0.0617, Train: 99.52%, Valid: 94.46%, Test: 95.38% [α=0.55,β=2.19]
Epoch: 150, Loss: 0.0495, Train: 99.62%, Valid: 94.55%, Test: 95.09% [α=0.56,β=2.46]
Epoch: 200, Loss: 0.0459, Train: 99.77%, Valid: 94.57%, Test: 95.11% [α=0.57,β=2.73]
Epoch: 250, Loss: 0.0406, Train: 99.64%, Valid: 93.83%, Test: 94.52% [α=0.56,β=2.94]
Epoch: 300, Loss: 0.0501, Train: 99.21%, Valid: 94.00%, Test: 94.92% [α=0.56,β=3.14]
Epoch: 350, Loss: 0.0407, Train: 99.65%, Valid: 93.85%, Test: 94.87% [α=0.55,β=3.33]
Epoch: 400, Loss: 0.0695, Train: 98.92%, Valid: 94.11%, Test: 94.57% [α=0.55,β=3.51]
Epoch: 450, Loss: 0.0378, Train: 99.73%, Valid: 94.28%, Test: 95.40% [α=0.55,β=3.71]
Run 06:Highest Train: 99.99 Highest Valid: 94.87 Highest Test: 95.55 Chosen epoch: 458
Final Train: 99.95 Final Test: 95.48
Epoch: 00, Loss: 2.7046, Train: 23.57%, Valid: 23.15%, Test: 23.41% [α=0.50,β=1.00]
Epoch: 50, Loss: 0.1089, Train: 98.61%, Valid: 93.85%, Test: 94.00% [α=0.43,β=2.00]
Epoch: 100, Loss: 0.0626, Train: 99.38%, Valid: 93.74%, Test: 94.31% [α=0.47,β=2.44]
Epoch: 150, Loss: 0.0447, Train: 99.47%, Valid: 93.56%, Test: 94.52% [α=0.49,β=2.72]
Epoch: 200, Loss: 0.0368, Train: 99.84%, Valid: 93.96%, Test: 94.63% [α=0.51,β=3.01]
Epoch: 250, Loss: 0.0380, Train: 99.74%, Valid: 93.85%, Test: 94.55% [α=0.50,β=3.23]
Epoch: 300, Loss: 0.0378, Train: 99.88%, Valid: 94.02%, Test: 94.79% [α=0.50,β=3.44]
Epoch: 350, Loss: 0.0301, Train: 99.91%, Valid: 94.04%, Test: 94.72% [α=0.48,β=3.61]
Epoch: 400, Loss: 0.0296, Train: 99.87%, Valid: 93.78%, Test: 94.50% [α=0.47,β=3.78]
Epoch: 450, Loss: 0.0310, Train: 99.84%, Valid: 94.02%, Test: 94.81% [α=0.47,β=3.94]
Run 07:Highest Train: 99.99 Highest Valid: 94.52 Highest Test: 95.14 Chosen epoch: 444
Final Train: 99.95 Final Test: 94.94
Epoch: 00, Loss: 2.7230, Train: 4.11%, Valid: 3.56%, Test: 4.52% [α=0.50,β=0.99]
Epoch: 50, Loss: 0.1204, Train: 97.65%, Valid: 94.28%, Test: 94.02% [α=0.51,β=1.62]
Epoch: 100, Loss: 0.0785, Train: 98.89%, Valid: 94.13%, Test: 93.96% [α=0.53,β=1.96]
Epoch: 150, Loss: 0.0571, Train: 99.24%, Valid: 94.50%, Test: 94.28% [α=0.54,β=2.21]
Epoch: 200, Loss: 0.0482, Train: 99.61%, Valid: 94.20%, Test: 93.94% [α=0.53,β=2.43]
Epoch: 250, Loss: 0.0732, Train: 99.72%, Valid: 94.26%, Test: 94.04% [α=0.52,β=2.62]
Epoch: 300, Loss: 0.0395, Train: 99.73%, Valid: 94.31%, Test: 94.22% [α=0.52,β=2.80]
Epoch: 350, Loss: 0.0464, Train: 99.52%, Valid: 94.26%, Test: 93.72% [α=0.51,β=2.99]
Epoch: 400, Loss: 0.0360, Train: 99.91%, Valid: 94.59%, Test: 94.44% [α=0.50,β=3.18]
Epoch: 450, Loss: 0.0442, Train: 99.90%, Valid: 94.57%, Test: 94.35% [α=0.49,β=3.32]
Run 08:Highest Train: 99.96 Highest Valid: 94.87 Highest Test: 94.85 Chosen epoch: 356
Final Train: 99.57 Final Test: 94.00
Epoch: 00, Loss: 2.7095, Train: 13.99%, Valid: 13.83%, Test: 15.23% [α=0.50,β=1.00]
Epoch: 50, Loss: 0.1194, Train: 97.23%, Valid: 94.09%, Test: 94.22% [α=0.49,β=1.84]
Epoch: 100, Loss: 0.0615, Train: 99.36%, Valid: 94.72%, Test: 94.63% [α=0.51,β=2.22]
Epoch: 150, Loss: 0.0602, Train: 99.65%, Valid: 94.44%, Test: 94.44% [α=0.52,β=2.46]
Epoch: 200, Loss: 0.0493, Train: 99.66%, Valid: 94.79%, Test: 94.50% [α=0.52,β=2.67]
Epoch: 250, Loss: 0.0326, Train: 99.59%, Valid: 94.44%, Test: 94.52% [α=0.51,β=2.86]
Epoch: 300, Loss: 0.0302, Train: 99.85%, Valid: 94.96%, Test: 94.26% [α=0.48,β=3.01]
Epoch: 350, Loss: 0.0420, Train: 99.76%, Valid: 94.35%, Test: 94.18% [α=0.48,β=3.19]
Epoch: 400, Loss: 0.0468, Train: 99.61%, Valid: 94.11%, Test: 94.20% [α=0.47,β=3.38]
Run 09:Highest Train: 99.92 Highest Valid: 95.24 Highest Test: 95.14 Chosen epoch: 206
Final Train: 99.76 Final Test: 94.70
Epoch: 00, Loss: 2.7056, Train: 28.04%, Valid: 28.26%, Test: 29.25% [α=0.50,β=1.00]
Epoch: 50, Loss: 0.1005, Train: 98.45%, Valid: 94.46%, Test: 94.55% [α=0.50,β=1.90]
Epoch: 100, Loss: 0.0564, Train: 99.28%, Valid: 94.04%, Test: 94.15% [α=0.52,β=2.27]
Epoch: 150, Loss: 0.0537, Train: 99.51%, Valid: 94.70%, Test: 94.26% [α=0.51,β=2.51]
Epoch: 200, Loss: 0.0610, Train: 99.24%, Valid: 93.74%, Test: 94.48% [α=0.51,β=2.74]
Epoch: 250, Loss: 0.0594, Train: 99.74%, Valid: 94.04%, Test: 94.37% [α=0.50,β=2.94]
Epoch: 300, Loss: 0.0472, Train: 99.38%, Valid: 94.04%, Test: 94.02% [α=0.48,β=3.09]
Run 10:Highest Train: 99.96 Highest Valid: 94.70 Highest Test: 94.94 Chosen epoch: 151
Final Train: 99.51 Final Test: 94.26
10 runs: Highest Train: 99.96 ± 0.02 Highest val epoch:150
Highest Test: 95.06 ± 0.34 Final Test: 94.67 ± 0.47
[10:42:38] DONE  coauthor-cs_pcgt
[10:42:38] START coauthor-physics_sgformer
Namespace(data_dir='../data', dataset='coauthor-physics', device=0, seed=123, cpu=True, epochs=500, runs=10, train_prop=0.5, valid_prop=0.25, protocol='semi', rand_split=True, rand_split_class=False, label_num_per_class=20, valid_num=500, test_num=500, directed=False, method='ours', hidden_channels=64, num_layers=4, num_heads=1, alpha=0.5, use_bn=False, use_residual=True, use_graph=True, use_weight=False, use_init=False, use_act=False, attention='gcn', lr=0.01, weight_decay=0.0005, dropout=0.5, display_step=50, no_feat_norm=True, patience=200, graph_weight=0.8, ours_weight_decay=0.001, ours_use_weight=False, ours_use_residual=False, ours_use_act=False, backbone='gcn', ours_layers=1, ours_dropout=0.2, aggregate='add', hops=1, gat_heads=8, out_heads=1, lamda=0.1, num_elayers=2, encoder_emdim=768, num_partitions=10, num_reps=4, partition_method='metis', no_pse=False, local_only=False, global_only=False)
coauthor-physics
coauthor-physics: nodes=34493, edges=495924, feats=8415, classes=5
features shape=torch.Size([34493, 8415])
num nodes 34493 | num classes 5 | num node feats 8415
Epoch: 00, Loss: 1.6276, Train: 61.56%, Valid: 61.77%, Test: 60.93%
Epoch: 50, Loss: 0.1024, Train: 97.16%, Valid: 95.81%, Test: 95.95%
Epoch: 100, Loss: 0.0811, Train: 97.54%, Valid: 95.57%, Test: 95.73%
Epoch: 150, Loss: 0.0652, Train: 98.17%, Valid: 96.02%, Test: 96.20%
Epoch: 200, Loss: 0.0648, Train: 98.15%, Valid: 95.91%, Test: 96.35%
Epoch: 250, Loss: 0.0563, Train: 98.32%, Valid: 95.85%, Test: 96.14%
Epoch: 300, Loss: 0.0510, Train: 98.70%, Valid: 96.01%, Test: 96.06%
Epoch: 350, Loss: 0.0465, Train: 98.68%, Valid: 96.01%, Test: 96.27%
Epoch: 400, Loss: 0.0626, Train: 98.12%, Valid: 96.07%, Test: 96.36%
Epoch: 450, Loss: 0.0485, Train: 98.61%, Valid: 95.95%, Test: 96.37%
Run 01:Highest Train: 98.97 Highest Valid: 96.25 Highest Test: 96.51 Chosen epoch: 397
Final Train: 98.12 Final Test: 96.50
Epoch: 00, Loss: 1.6084, Train: 52.87%, Valid: 52.94%, Test: 52.09%
Epoch: 50, Loss: 0.0896, Train: 97.73%, Valid: 96.72%, Test: 96.05%
Epoch: 100, Loss: 0.0838, Train: 96.72%, Valid: 95.54%, Test: 95.06%
Epoch: 150, Loss: 1.5741, Train: 84.47%, Valid: 83.61%, Test: 83.92%
Epoch: 200, Loss: 0.1229, Train: 96.67%, Valid: 96.22%, Test: 95.71%
Epoch: 250, Loss: 0.1042, Train: 97.33%, Valid: 96.67%, Test: 95.90%
Epoch: 300, Loss: 0.0940, Train: 97.44%, Valid: 96.66%, Test: 95.99%
Epoch: 350, Loss: 0.0854, Train: 97.48%, Valid: 96.78%, Test: 96.00%
Epoch: 400, Loss: 0.0770, Train: 98.09%, Valid: 96.96%, Test: 96.13%
Epoch: 450, Loss: 0.0772, Train: 98.19%, Valid: 96.74%, Test: 96.16%
Run 02:Highest Train: 98.71 Highest Valid: 97.09 Highest Test: 96.32 Chosen epoch: 461
Final Train: 98.42 Final Test: 96.20
Epoch: 00, Loss: 1.6087, Train: 59.78%, Valid: 60.39%, Test: 60.35%
Epoch: 50, Loss: 0.0805, Train: 97.69%, Valid: 96.65%, Test: 96.29%
Epoch: 100, Loss: 0.0743, Train: 97.94%, Valid: 96.51%, Test: 96.16%
Epoch: 150, Loss: 0.0491, Train: 98.62%, Valid: 96.85%, Test: 96.35%
Epoch: 200, Loss: 0.0529, Train: 98.59%, Valid: 96.64%, Test: 96.20%
Epoch: 250, Loss: 0.0461, Train: 98.86%, Valid: 96.66%, Test: 96.01%
Epoch: 300, Loss: 0.0461, Train: 98.85%, Valid: 96.85%, Test: 96.27%
Epoch: 350, Loss: 0.0664, Train: 98.07%, Valid: 96.79%, Test: 96.39%
Epoch: 400, Loss: 0.0447, Train: 98.97%, Valid: 96.75%, Test: 96.03%
Epoch: 450, Loss: 0.0406, Train: 98.97%, Valid: 96.68%, Test: 95.98%
Run 03:Highest Train: 99.22 Highest Valid: 96.98 Highest Test: 96.59 Chosen epoch: 357
Final Train: 98.33 Final Test: 96.28
Epoch: 00, Loss: 1.5662, Train: 61.41%, Valid: 60.08%, Test: 60.15%
Epoch: 50, Loss: 0.0763, Train: 97.87%, Valid: 96.38%, Test: 96.51%
Epoch: 100, Loss: 0.0606, Train: 98.31%, Valid: 96.45%, Test: 96.43%
Epoch: 150, Loss: 0.0700, Train: 97.65%, Valid: 96.42%, Test: 96.36%
Epoch: 200, Loss: 0.0596, Train: 98.49%, Valid: 96.67%, Test: 96.45%
Epoch: 250, Loss: 0.0779, Train: 98.05%, Valid: 96.40%, Test: 96.43%
Epoch: 300, Loss: 0.0505, Train: 98.60%, Valid: 96.38%, Test: 96.28%
Epoch: 350, Loss: 0.0445, Train: 98.92%, Valid: 96.24%, Test: 96.17%
Epoch: 400, Loss: 0.0389, Train: 99.00%, Valid: 96.57%, Test: 96.37%
Run 04:Highest Train: 99.26 Highest Valid: 96.76 Highest Test: 96.58 Chosen epoch: 205
Final Train: 98.65 Final Test: 96.44
Epoch: 00, Loss: 1.5653, Train: 57.56%, Valid: 56.84%, Test: 58.33%
Epoch: 50, Loss: 0.0794, Train: 97.76%, Valid: 96.02%, Test: 96.38%
Epoch: 100, Loss: 0.0675, Train: 98.13%, Valid: 96.17%, Test: 96.17%
Epoch: 150, Loss: 0.0543, Train: 98.52%, Valid: 96.10%, Test: 96.39%
Epoch: 200, Loss: 0.0457, Train: 98.98%, Valid: 96.32%, Test: 96.46%
Epoch: 250, Loss: 0.0906, Train: 97.37%, Valid: 95.85%, Test: 96.13%
Epoch: 300, Loss: 0.0751, Train: 97.84%, Valid: 96.10%, Test: 96.44%
Epoch: 350, Loss: 0.0668, Train: 98.32%, Valid: 96.18%, Test: 96.56%
Run 05:Highest Train: 98.98 Highest Valid: 96.49 Highest Test: 96.71 Chosen epoch: 177
Final Train: 98.66 Final Test: 96.58
Epoch: 00, Loss: 1.5443, Train: 60.80%, Valid: 61.24%, Test: 59.59%
Epoch: 50, Loss: 0.0760, Train: 97.81%, Valid: 96.69%, Test: 96.67%
Epoch: 100, Loss: 0.0546, Train: 98.70%, Valid: 96.56%, Test: 96.78%
Epoch: 150, Loss: 0.0683, Train: 97.77%, Valid: 96.30%, Test: 96.50%
Epoch: 200, Loss: 0.0544, Train: 98.76%, Valid: 96.46%, Test: 96.76%
Epoch: 250, Loss: 0.0526, Train: 98.70%, Valid: 96.56%, Test: 96.80%
Run 06:Highest Train: 99.06 Highest Valid: 96.73 Highest Test: 96.87 Chosen epoch: 60
Final Train: 98.17 Final Test: 96.61
Epoch: 00, Loss: 1.5612, Train: 56.43%, Valid: 56.48%, Test: 57.35%
Epoch: 50, Loss: 0.0737, Train: 97.94%, Valid: 96.42%, Test: 96.56%
Epoch: 100, Loss: 0.0563, Train: 98.49%, Valid: 96.44%, Test: 96.38%
Epoch: 150, Loss: 0.0476, Train: 98.78%, Valid: 96.47%, Test: 96.46%
Epoch: 200, Loss: 0.0574, Train: 98.47%, Valid: 96.69%, Test: 96.43%
Epoch: 250, Loss: 0.0451, Train: 98.76%, Valid: 96.40%, Test: 96.53%
Epoch: 300, Loss: 0.0405, Train: 98.94%, Valid: 96.60%, Test: 96.50%
Run 07:Highest Train: 99.15 Highest Valid: 96.79 Highest Test: 96.70 Chosen epoch: 150
Final Train: 98.68 Final Test: 96.39
Epoch: 00, Loss: 1.5565, Train: 54.20%, Valid: 54.34%, Test: 55.40%
Epoch: 50, Loss: 0.0838, Train: 97.58%, Valid: 96.36%, Test: 96.46%
Epoch: 100, Loss: 0.0566, Train: 98.50%, Valid: 96.36%, Test: 96.37%
Epoch: 150, Loss: 0.0590, Train: 98.48%, Valid: 96.47%, Test: 96.54%
Epoch: 200, Loss: 0.0643, Train: 98.07%, Valid: 96.56%, Test: 96.59%
Epoch: 250, Loss: 0.0473, Train: 98.83%, Valid: 96.40%, Test: 96.42%
Epoch: 300, Loss: 0.0453, Train: 98.93%, Valid: 96.44%, Test: 96.31%
Run 08:Highest Train: 99.07 Highest Valid: 96.63 Highest Test: 96.66 Chosen epoch: 120
Final Train: 97.71 Final Test: 96.54
Epoch: 00, Loss: 1.5751, Train: 52.91%, Valid: 54.25%, Test: 52.86%
Epoch: 50, Loss: 0.0758, Train: 97.80%, Valid: 96.58%, Test: 96.43%
Epoch: 100, Loss: 0.0592, Train: 98.49%, Valid: 96.61%, Test: 96.53%
Epoch: 150, Loss: 0.1321, Train: 96.68%, Valid: 95.70%, Test: 95.21%
Epoch: 200, Loss: 0.0675, Train: 98.16%, Valid: 96.46%, Test: 96.59%
Epoch: 250, Loss: 0.0525, Train: 98.44%, Valid: 96.52%, Test: 96.47%
Run 09:Highest Train: 98.75 Highest Valid: 96.67 Highest Test: 96.74 Chosen epoch: 56
Final Train: 97.90 Final Test: 96.56
Epoch: 00, Loss: 1.5465, Train: 51.54%, Valid: 51.30%, Test: 51.66%
Epoch: 50, Loss: 0.0730, Train: 98.02%, Valid: 96.57%, Test: 96.43%
Epoch: 100, Loss: 0.1074, Train: 97.74%, Valid: 96.07%, Test: 95.92%
Epoch: 150, Loss: 0.0565, Train: 98.62%, Valid: 96.39%, Test: 96.23%
Epoch: 200, Loss: 0.0810, Train: 97.52%, Valid: 96.02%, Test: 96.23%
Epoch: 250, Loss: 0.0520, Train: 98.66%, Valid: 96.51%, Test: 96.32%
Run 10:Highest Train: 98.99 Highest Valid: 96.73 Highest Test: 96.57 Chosen epoch: 77
Final Train: 98.26 Final Test: 96.43
10 runs: Highest Train: 99.02 ± 0.18 Highest val epoch:76
Highest Test: 96.62 ± 0.15 Final Test: 96.45 ± 0.13
[11:34:23] DONE  coauthor-physics_sgformer
[11:34:23] START coauthor-physics_pcgt
Namespace(data_dir='../data', dataset='coauthor-physics', device=0, seed=123, cpu=True, epochs=500, runs=10, train_prop=0.5, valid_prop=0.25, protocol='semi', rand_split=True, rand_split_class=False, label_num_per_class=20, valid_num=500, test_num=500, directed=False, method='pcgt', hidden_channels=64, num_layers=4, num_heads=1, alpha=0.5, use_bn=False, use_residual=True, use_graph=True, use_weight=False, use_init=False, use_act=False, attention='gcn', lr=0.01, weight_decay=0.0005, dropout=0.5, display_step=50, no_feat_norm=True, patience=200, graph_weight=0.8, ours_weight_decay=0.001, ours_use_weight=False, ours_use_residual=False, ours_use_act=False, backbone='gcn', ours_layers=1, ours_dropout=0.2, aggregate='add', hops=1, gat_heads=8, out_heads=1, lamda=0.1, num_elayers=2, encoder_emdim=768, num_partitions=20, num_reps=4, partition_method='metis', no_pse=False, local_only=False, global_only=False)
coauthor-physics
coauthor-physics: nodes=34493, edges=495924, feats=8415, classes=5
features shape=torch.Size([34493, 8415])
num nodes 34493 | num classes 5 | num node feats 8415
Computing 20 partitions using metis...
Partitions: 20, Boundary nodes: 24279/34493 (70.4%)
Intra-partition edges: 348550/495924 (70.3%)
Epoch: 00, Loss: 1.6101, Train: 50.53%, Valid: 50.82%, Test: 50.21% [α=0.50,β=0.99]
Epoch: 50, Loss: 0.0734, Train: 97.74%, Valid: 95.80%, Test: 96.14% [α=0.52,β=1.27]
Epoch: 100, Loss: 0.0543, Train: 98.63%, Valid: 96.13%, Test: 96.36% [α=0.55,β=1.43]
Epoch: 150, Loss: 0.0462, Train: 99.00%, Valid: 96.28%, Test: 96.58% [α=0.57,β=1.61]
Epoch: 200, Loss: 0.0576, Train: 98.57%, Valid: 96.29%, Test: 96.36% [α=0.59,β=1.82]
Epoch: 250, Loss: 0.0318, Train: 99.31%, Valid: 96.28%, Test: 96.47% [α=0.60,β=2.07]
Epoch: 300, Loss: 0.0273, Train: 99.42%, Valid: 96.32%, Test: 96.52% [α=0.62,β=2.27]
Epoch: 350, Loss: 0.0416, Train: 98.60%, Valid: 96.06%, Test: 96.05% [α=0.63,β=2.46]
Epoch: 400, Loss: 0.0254, Train: 99.55%, Valid: 96.49%, Test: 96.87% [α=0.63,β=2.68]
Epoch: 450, Loss: 0.0253, Train: 99.58%, Valid: 96.40%, Test: 96.76% [α=0.62,β=2.90]
Run 01:Highest Train: 99.77 Highest Valid: 96.72 Highest Test: 96.96 Chosen epoch: 335
Final Train: 99.36 Final Test: 96.73
Epoch: 00, Loss: 1.6625, Train: 23.11%, Valid: 24.27%, Test: 23.63% [α=0.50,β=1.01]
Epoch: 50, Loss: 0.0936, Train: 97.16%, Valid: 96.60%, Test: 95.80% [α=0.49,β=1.51]
Epoch: 100, Loss: 0.0698, Train: 98.29%, Valid: 96.74%, Test: 96.05% [α=0.51,β=1.78]
Epoch: 150, Loss: 0.0560, Train: 98.42%, Valid: 96.81%, Test: 96.29% [α=0.53,β=2.03]
Epoch: 200, Loss: 0.0439, Train: 99.03%, Valid: 96.65%, Test: 96.28% [α=0.54,β=2.28]
Epoch: 250, Loss: 0.0367, Train: 99.28%, Valid: 96.90%, Test: 96.15% [α=0.56,β=2.51]
Epoch: 300, Loss: 0.0351, Train: 99.33%, Valid: 96.95%, Test: 96.51% [α=0.57,β=2.72]
Epoch: 350, Loss: 0.0294, Train: 99.44%, Valid: 97.04%, Test: 96.44% [α=0.58,β=2.91]
Epoch: 400, Loss: 0.0269, Train: 99.53%, Valid: 96.97%, Test: 96.42% [α=0.58,β=3.07]
Epoch: 450, Loss: 2.0574, Train: 82.02%, Valid: 82.47%, Test: 81.55% [α=0.59,β=3.28]
Run 02:Highest Train: 99.74 Highest Valid: 97.25 Highest Test: 96.70 Chosen epoch: 442
Final Train: 99.67 Final Test: 96.51
Epoch: 00, Loss: 1.6459, Train: 12.40%, Valid: 12.10%, Test: 12.07% [α=0.50,β=1.00]
Epoch: 50, Loss: 0.0825, Train: 97.77%, Valid: 96.57%, Test: 96.19% [α=0.52,β=1.46]
Epoch: 100, Loss: 0.0617, Train: 98.32%, Valid: 96.57%, Test: 96.09% [α=0.52,β=1.68]
Epoch: 150, Loss: 0.0392, Train: 99.18%, Valid: 96.50%, Test: 96.21% [α=0.48,β=1.83]
Epoch: 200, Loss: 0.0418, Train: 98.80%, Valid: 96.20%, Test: 96.10% [α=0.45,β=1.99]
Epoch: 250, Loss: 0.0302, Train: 99.55%, Valid: 96.61%, Test: 96.30% [α=0.42,β=2.13]
Run 03:Highest Train: 99.72 Highest Valid: 96.88 Highest Test: 96.51 Chosen epoch: 92
Final Train: 98.88 Final Test: 96.27
Epoch: 00, Loss: 1.6077, Train: 55.67%, Valid: 54.22%, Test: 54.66% [α=0.50,β=1.00]
Epoch: 50, Loss: 0.0796, Train: 97.91%, Valid: 96.45%, Test: 96.21% [α=0.48,β=1.71]
Epoch: 100, Loss: 0.0426, Train: 98.93%, Valid: 96.21%, Test: 96.38% [α=0.49,β=1.92]
Epoch: 150, Loss: 0.0348, Train: 99.14%, Valid: 96.28%, Test: 96.32% [α=0.49,β=2.11]
Epoch: 200, Loss: 0.0415, Train: 99.38%, Valid: 96.31%, Test: 96.50% [α=0.46,β=2.24]
Epoch: 250, Loss: 0.0480, Train: 99.17%, Valid: 96.49%, Test: 96.47% [α=0.44,β=2.36]
Run 04:Highest Train: 99.66 Highest Valid: 96.66 Highest Test: 96.86 Chosen epoch: 61
Final Train: 98.31 Final Test: 96.44
Epoch: 00, Loss: 1.6148, Train: 17.38%, Valid: 17.31%, Test: 16.59% [α=0.50,β=1.00]
Epoch: 50, Loss: 0.0826, Train: 97.61%, Valid: 96.14%, Test: 96.17% [α=0.53,β=1.57]
Epoch: 100, Loss: 0.0502, Train: 98.90%, Valid: 96.17%, Test: 96.30% [α=0.53,β=1.83]
Epoch: 150, Loss: 0.0409, Train: 99.23%, Valid: 96.30%, Test: 96.32% [α=0.51,β=2.03]
Epoch: 200, Loss: 0.0346, Train: 99.44%, Valid: 96.21%, Test: 96.28% [α=0.48,β=2.20]
Epoch: 250, Loss: 0.0284, Train: 99.33%, Valid: 96.21%, Test: 96.43% [α=0.46,β=2.37]
Epoch: 300, Loss: 0.0248, Train: 99.66%, Valid: 96.30%, Test: 96.52% [α=0.42,β=2.51]
Epoch: 350, Loss: 0.0236, Train: 99.62%, Valid: 96.29%, Test: 96.34% [α=0.40,β=2.63]
Epoch: 400, Loss: 0.0228, Train: 99.76%, Valid: 96.37%, Test: 96.50% [α=0.38,β=2.74]
Epoch: 450, Loss: 0.0288, Train: 99.54%, Valid: 96.56%, Test: 96.53% [α=0.37,β=2.91]
Run 05:Highest Train: 99.79 Highest Valid: 96.59 Highest Test: 96.74 Chosen epoch: 311
Final Train: 99.62 Final Test: 96.52
Epoch: 00, Loss: 1.6539, Train: 17.50%, Valid: 17.62%, Test: 17.52% [α=0.50,β=1.00]
Epoch: 50, Loss: 0.0853, Train: 97.60%, Valid: 96.36%, Test: 96.52% [α=0.52,β=1.76]
Epoch: 100, Loss: 0.0547, Train: 98.60%, Valid: 96.61%, Test: 96.54% [α=0.53,β=2.12]
Epoch: 150, Loss: 0.0357, Train: 99.23%, Valid: 96.68%, Test: 96.87% [α=0.55,β=2.38]
Epoch: 200, Loss: 0.0330, Train: 99.44%, Valid: 96.75%, Test: 97.00% [α=0.57,β=2.63]
Epoch: 250, Loss: 0.0316, Train: 99.52%, Valid: 96.88%, Test: 96.93% [α=0.58,β=2.87]
Epoch: 300, Loss: 0.0722, Train: 98.14%, Valid: 96.35%, Test: 96.35% [α=0.54,β=3.29]
Epoch: 350, Loss: 0.0442, Train: 99.21%, Valid: 96.80%, Test: 96.73% [α=0.53,β=3.65]
Epoch: 400, Loss: 0.0337, Train: 99.57%, Valid: 97.00%, Test: 96.81% [α=0.53,β=3.93]
Epoch: 450, Loss: 0.0263, Train: 99.68%, Valid: 97.02%, Test: 96.81% [α=0.53,β=4.12]
Run 06:Highest Train: 99.81 Highest Valid: 97.09 Highest Test: 97.05 Chosen epoch: 382
Final Train: 99.48 Final Test: 96.79
Epoch: 00, Loss: 1.6170, Train: 60.04%, Valid: 60.01%, Test: 60.95% [α=0.50,β=1.00]
Epoch: 50, Loss: 0.0689, Train: 98.27%, Valid: 96.50%, Test: 96.42% [α=0.52,β=1.78]
Epoch: 100, Loss: 0.0416, Train: 99.07%, Valid: 96.58%, Test: 96.32% [α=0.51,β=2.04]
Epoch: 150, Loss: 0.0341, Train: 99.15%, Valid: 96.74%, Test: 96.57% [α=0.49,β=2.24]
Epoch: 200, Loss: 0.0281, Train: 99.60%, Valid: 96.63%, Test: 96.57% [α=0.46,β=2.42]
Epoch: 250, Loss: 0.0307, Train: 99.59%, Valid: 96.46%, Test: 96.44% [α=0.44,β=2.61]
Epoch: 300, Loss: 0.0535, Train: 98.48%, Valid: 96.39%, Test: 96.20% [α=0.41,β=2.75]
Epoch: 350, Loss: 0.0230, Train: 99.73%, Valid: 96.66%, Test: 96.53% [α=0.40,β=2.88]
Epoch: 400, Loss: 0.0223, Train: 99.58%, Valid: 96.28%, Test: 96.28% [α=0.37,β=2.97]
Epoch: 450, Loss: 0.0169, Train: 99.66%, Valid: 96.37%, Test: 96.32% [α=0.36,β=3.06]
Run 07:Highest Train: 99.89 Highest Valid: 96.98 Highest Test: 96.90 Chosen epoch: 414
Final Train: 99.46 Final Test: 96.73
Epoch: 00, Loss: 1.5908, Train: 61.75%, Valid: 62.08%, Test: 62.69% [α=0.50,β=1.00]
Epoch: 50, Loss: 0.0777, Train: 97.89%, Valid: 96.38%, Test: 96.64% [α=0.51,β=1.82]
Epoch: 100, Loss: 0.0439, Train: 99.06%, Valid: 96.67%, Test: 96.76% [α=0.53,β=2.17]
Epoch: 150, Loss: 0.0364, Train: 99.29%, Valid: 96.66%, Test: 96.89% [α=0.54,β=2.44]
Epoch: 200, Loss: 0.0304, Train: 99.40%, Valid: 96.73%, Test: 96.85% [α=0.55,β=2.69]
Epoch: 250, Loss: 0.0299, Train: 99.54%, Valid: 96.71%, Test: 96.71% [α=0.56,β=2.91]
Epoch: 300, Loss: 0.1875, Train: 95.04%, Valid: 93.56%, Test: 93.66% [α=0.56,β=3.10]
Epoch: 350, Loss: 0.0346, Train: 99.53%, Valid: 96.54%, Test: 96.94% [α=0.55,β=3.38]
Epoch: 400, Loss: 0.0256, Train: 99.73%, Valid: 96.78%, Test: 96.79% [α=0.54,β=3.62]
Epoch: 450, Loss: 0.0229, Train: 99.70%, Valid: 96.71%, Test: 96.92% [α=0.54,β=3.77]
Run 08:Highest Train: 99.79 Highest Valid: 96.89 Highest Test: 97.03 Chosen epoch: 460
Final Train: 99.58 Final Test: 96.79
Epoch: 00, Loss: 1.5964, Train: 66.19%, Valid: 67.97%, Test: 66.72% [α=0.50,β=1.00]
Epoch: 50, Loss: 0.0642, Train: 98.32%, Valid: 96.59%, Test: 96.54% [α=0.52,β=1.72]
Epoch: 100, Loss: 0.0501, Train: 98.61%, Valid: 96.52%, Test: 96.46% [α=0.54,β=2.02]
Epoch: 150, Loss: 0.0438, Train: 99.22%, Valid: 96.83%, Test: 96.71% [α=0.53,β=2.28]
Epoch: 200, Loss: 0.1574, Train: 95.05%, Valid: 93.71%, Test: 93.96% [α=0.51,β=2.55]
Epoch: 250, Loss: 0.0412, Train: 99.33%, Valid: 96.52%, Test: 96.29% [α=0.51,β=2.92]
Epoch: 300, Loss: 0.0294, Train: 99.55%, Valid: 96.74%, Test: 96.61% [α=0.47,β=3.17]
Epoch: 350, Loss: 0.0319, Train: 99.15%, Valid: 96.21%, Test: 96.23% [α=0.42,β=3.32]
Run 09:Highest Train: 99.74 Highest Valid: 96.95 Highest Test: 96.79 Chosen epoch: 162
Final Train: 99.39 Final Test: 96.72
Epoch: 00, Loss: 1.6094, Train: 55.44%, Valid: 55.11%, Test: 55.81% [α=0.50,β=1.00]
Epoch: 50, Loss: 0.0706, Train: 98.17%, Valid: 96.45%, Test: 96.29% [α=0.53,β=1.74]
Epoch: 100, Loss: 0.1213, Train: 97.50%, Valid: 95.42%, Test: 95.74% [α=0.56,β=2.00]
Epoch: 150, Loss: 0.0369, Train: 99.40%, Valid: 96.50%, Test: 96.66% [α=0.57,β=2.27]
Epoch: 200, Loss: 0.0378, Train: 98.51%, Valid: 96.20%, Test: 96.15% [α=0.59,β=2.48]
Epoch: 250, Loss: 0.0575, Train: 98.57%, Valid: 96.42%, Test: 96.34% [α=0.55,β=2.90]
Epoch: 300, Loss: 0.0357, Train: 99.44%, Valid: 96.58%, Test: 96.53% [α=0.55,β=3.19]
Epoch: 350, Loss: 0.0280, Train: 99.63%, Valid: 96.59%, Test: 96.59% [α=0.57,β=3.41]
Run 10:Highest Train: 99.77 Highest Valid: 96.75 Highest Test: 96.74 Chosen epoch: 194
Final Train: 99.46 Final Test: 96.61
10 runs: Highest Train: 99.77 ± 0.06 Highest val epoch:193
Highest Test: 96.83 ± 0.17 Final Test: 96.61 ± 0.17
[14:26:16] DONE  coauthor-physics_pcgt
[14:26:16] START amazon-computers_sgformer
Namespace(data_dir='../data', dataset='amazon-computers', device=0, seed=123, cpu=True, epochs=500, runs=10, train_prop=0.5, valid_prop=0.25, protocol='semi', rand_split=True, rand_split_class=False, label_num_per_class=20, valid_num=500, test_num=500, directed=False, method='ours', hidden_channels=64, num_layers=4, num_heads=1, alpha=0.5, use_bn=False, use_residual=True, use_graph=True, use_weight=False, use_init=False, use_act=False, attention='gcn', lr=0.01, weight_decay=0.0005, dropout=0.5, display_step=50, no_feat_norm=True, patience=200, graph_weight=0.8, ours_weight_decay=0.001, ours_use_weight=False, ours_use_residual=False, ours_use_act=False, backbone='gcn', ours_layers=1, ours_dropout=0.2, aggregate='add', hops=1, gat_heads=8, out_heads=1, lamda=0.1, num_elayers=2, encoder_emdim=768, num_partitions=10, num_reps=4, partition_method='metis', no_pse=False, local_only=False, global_only=False)
amazon-computers
amazon-computers: nodes=13752, edges=491722, feats=767, classes=10
features shape=torch.Size([13752, 767])
num nodes 13752 | num classes 10 | num node feats 767
Epoch: 00, Loss: 2.3243, Train: 37.89%, Valid: 37.00%, Test: 37.26%
Epoch: 50, Loss: 0.5343, Train: 85.38%, Valid: 82.93%, Test: 83.28%
Epoch: 100, Loss: 0.3358, Train: 87.61%, Valid: 83.45%, Test: 83.94%
Epoch: 150, Loss: 0.3505, Train: 91.10%, Valid: 85.72%, Test: 86.15%
Epoch: 200, Loss: 0.2258, Train: 94.55%, Valid: 89.59%, Test: 89.88%
Epoch: 250, Loss: 0.9945, Train: 74.01%, Valid: 70.48%, Test: 71.35%
Epoch: 300, Loss: 0.2562, Train: 94.02%, Valid: 88.57%, Test: 88.92%
Epoch: 350, Loss: 0.2273, Train: 94.71%, Valid: 88.80%, Test: 88.71%
Epoch: 400, Loss: 0.1975, Train: 95.55%, Valid: 89.56%, Test: 89.76%
Run 01:Highest Train: 96.07 Highest Valid: 89.97 Highest Test: 90.29 Chosen epoch: 209
Final Train: 94.98 Final Test: 90.20
Epoch: 00, Loss: 2.2943, Train: 20.54%, Valid: 21.12%, Test: 19.58%
Epoch: 50, Loss: 0.8237, Train: 79.14%, Valid: 78.59%, Test: 78.62%
Epoch: 100, Loss: 0.5223, Train: 87.39%, Valid: 85.37%, Test: 84.53%
Epoch: 150, Loss: 0.4230, Train: 91.58%, Valid: 86.30%, Test: 86.33%
Epoch: 200, Loss: 0.3629, Train: 93.44%, Valid: 86.91%, Test: 86.79%
Epoch: 250, Loss: 0.3288, Train: 93.92%, Valid: 86.65%, Test: 86.45%
Epoch: 300, Loss: 0.3877, Train: 94.08%, Valid: 86.01%, Test: 86.50%
Epoch: 350, Loss: 0.2813, Train: 95.20%, Valid: 86.85%, Test: 86.85%
Epoch: 400, Loss: 0.2765, Train: 95.06%, Valid: 86.45%, Test: 86.33%
Epoch: 450, Loss: 0.2372, Train: 96.19%, Valid: 87.14%, Test: 87.14%
Run 02:Highest Train: 96.80 Highest Valid: 87.96 Highest Test: 88.19 Chosen epoch: 491
Final Train: 96.29 Final Test: 87.81
Epoch: 00, Loss: 2.4278, Train: 15.49%, Valid: 16.38%, Test: 15.50%
Epoch: 50, Loss: 0.9067, Train: 76.27%, Valid: 74.61%, Test: 76.09%
Epoch: 100, Loss: 0.6333, Train: 86.61%, Valid: 83.54%, Test: 84.53%
Epoch: 150, Loss: 0.9309, Train: 73.47%, Valid: 69.92%, Test: 71.15%
Epoch: 200, Loss: 0.5964, Train: 88.53%, Valid: 84.18%, Test: 85.69%
Epoch: 250, Loss: 0.4957, Train: 90.39%, Valid: 85.60%, Test: 87.26%
Epoch: 300, Loss: 0.4204, Train: 90.68%, Valid: 86.13%, Test: 87.67%
Epoch: 350, Loss: 1.8303, Train: 67.35%, Valid: 63.87%, Test: 65.13%
Epoch: 400, Loss: 0.6102, Train: 87.84%, Valid: 83.19%, Test: 84.12%
Epoch: 450, Loss: 0.5209, Train: 91.04%, Valid: 84.55%, Test: 86.50%
Run 03:Highest Train: 92.70 Highest Valid: 87.61 Highest Test: 88.86 Chosen epoch: 337
Final Train: 92.63 Final Test: 88.60
Epoch: 00, Loss: 2.4757, Train: 33.73%, Valid: 32.90%, Test: 33.68%
Epoch: 50, Loss: 0.8501, Train: 77.97%, Valid: 76.91%, Test: 78.04%
Epoch: 100, Loss: 0.7170, Train: 82.32%, Valid: 79.67%, Test: 79.70%
Epoch: 150, Loss: 0.4790, Train: 89.56%, Valid: 86.79%, Test: 86.79%
Epoch: 200, Loss: 0.3951, Train: 91.19%, Valid: 88.22%, Test: 87.81%
Epoch: 250, Loss: 0.3476, Train: 92.26%, Valid: 88.16%, Test: 88.07%
Epoch: 300, Loss: 0.3181, Train: 93.38%, Valid: 88.80%, Test: 88.98%
Epoch: 350, Loss: 0.3570, Train: 91.38%, Valid: 86.71%, Test: 87.11%
Epoch: 400, Loss: 0.6049, Train: 88.29%, Valid: 83.10%, Test: 83.83%
Epoch: 450, Loss: 0.5003, Train: 91.75%, Valid: 86.71%, Test: 86.04%
Run 04:Highest Train: 94.04 Highest Valid: 89.35 Highest Test: 89.47 Chosen epoch: 333
Final Train: 93.83 Final Test: 89.24
Epoch: 00, Loss: 2.3227, Train: 16.11%, Valid: 14.66%, Test: 15.94%
Epoch: 50, Loss: 1.1089, Train: 72.43%, Valid: 72.48%, Test: 70.33%
Epoch: 100, Loss: 0.6155, Train: 84.77%, Valid: 82.84%, Test: 82.05%
Epoch: 150, Loss: 0.4781, Train: 89.09%, Valid: 86.39%, Test: 85.05%
Epoch: 200, Loss: 0.4276, Train: 90.68%, Valid: 86.71%, Test: 85.34%
Epoch: 250, Loss: 0.4120, Train: 91.90%, Valid: 86.88%, Test: 86.71%
Epoch: 300, Loss: 0.3439, Train: 93.03%, Valid: 88.13%, Test: 87.14%
Epoch: 350, Loss: 0.3183, Train: 93.69%, Valid: 88.28%, Test: 87.99%
Epoch: 400, Loss: 0.2882, Train: 94.72%, Valid: 88.77%, Test: 88.39%
Epoch: 450, Loss: 0.2962, Train: 94.88%, Valid: 88.69%, Test: 88.22%
Run 05:Highest Train: 95.52 Highest Valid: 89.30 Highest Test: 88.57 Chosen epoch: 485
Final Train: 95.27 Final Test: 88.28
Epoch: 00, Loss: 2.1099, Train: 15.21%, Valid: 15.88%, Test: 16.00%
Epoch: 50, Loss: 0.8360, Train: 80.09%, Valid: 78.16%, Test: 77.84%
Epoch: 100, Loss: 0.6398, Train: 86.87%, Valid: 82.49%, Test: 82.58%
Epoch: 150, Loss: 0.5185, Train: 89.73%, Valid: 84.58%, Test: 83.74%
Epoch: 200, Loss: 0.4222, Train: 92.12%, Valid: 85.95%, Test: 84.87%
Epoch: 250, Loss: 0.3651, Train: 94.01%, Valid: 86.82%, Test: 86.30%
Epoch: 300, Loss: 0.3417, Train: 93.79%, Valid: 87.23%, Test: 85.86%
Epoch: 350, Loss: 0.3333, Train: 94.95%, Valid: 87.87%, Test: 86.97%
Epoch: 400, Loss: 0.3168, Train: 95.10%, Valid: 88.39%, Test: 87.70%
Epoch: 450, Loss: 0.4250, Train: 94.28%, Valid: 86.94%, Test: 85.51%
Run 06:Highest Train: 96.29 Highest Valid: 88.80 Highest Test: 88.07 Chosen epoch: 500
Final Train: 95.91 Final Test: 88.02
Epoch: 00, Loss: 2.5148, Train: 26.44%, Valid: 26.24%, Test: 26.70%
Epoch: 50, Loss: 1.2603, Train: 66.16%, Valid: 64.34%, Test: 65.30%
Epoch: 100, Loss: 0.9115, Train: 80.35%, Valid: 76.82%, Test: 78.18%
Epoch: 150, Loss: 0.7661, Train: 84.13%, Valid: 78.13%, Test: 79.67%
Epoch: 200, Loss: 0.6921, Train: 87.22%, Valid: 80.63%, Test: 81.21%
Epoch: 250, Loss: 0.6501, Train: 88.23%, Valid: 80.83%, Test: 81.59%
Epoch: 300, Loss: 0.6195, Train: 88.79%, Valid: 80.89%, Test: 82.05%
Epoch: 350, Loss: 0.5508, Train: 89.82%, Valid: 81.97%, Test: 83.68%
Epoch: 400, Loss: 0.4821, Train: 90.81%, Valid: 83.16%, Test: 84.00%
Epoch: 450, Loss: 0.4710, Train: 91.70%, Valid: 83.94%, Test: 84.55%
Run 07:Highest Train: 92.77 Highest Valid: 84.61 Highest Test: 85.98 Chosen epoch: 481
Final Train: 92.58 Final Test: 85.81
Epoch: 00, Loss: 2.3733, Train: 37.55%, Valid: 38.69%, Test: 36.24%
Epoch: 50, Loss: 1.0672, Train: 74.07%, Valid: 74.05%, Test: 72.05%
Epoch: 100, Loss: 0.6792, Train: 82.64%, Valid: 80.95%, Test: 79.20%
Epoch: 150, Loss: 0.5252, Train: 89.05%, Valid: 86.50%, Test: 83.65%
Epoch: 200, Loss: 0.6157, Train: 87.48%, Valid: 83.33%, Test: 81.56%
Epoch: 250, Loss: 0.8208, Train: 77.28%, Valid: 72.13%, Test: 72.08%
Epoch: 300, Loss: 0.5238, Train: 89.83%, Valid: 84.35%, Test: 83.30%
Epoch: 350, Loss: 0.5006, Train: 90.68%, Valid: 84.32%, Test: 83.54%
Run 08:Highest Train: 91.51 Highest Valid: 86.94 Highest Test: 84.24 Chosen epoch: 158
Final Train: 89.79 Final Test: 83.92
Epoch: 00, Loss: 2.2873, Train: 37.48%, Valid: 38.25%, Test: 36.77%
Epoch: 50, Loss: 1.1653, Train: 70.11%, Valid: 69.78%, Test: 69.55%
Epoch: 100, Loss: 0.8511, Train: 80.69%, Valid: 78.59%, Test: 79.00%
Epoch: 150, Loss: 0.7105, Train: 83.58%, Valid: 80.25%, Test: 80.37%
Epoch: 200, Loss: 0.6757, Train: 85.46%, Valid: 81.53%, Test: 81.85%
Epoch: 250, Loss: 0.6164, Train: 86.87%, Valid: 82.64%, Test: 82.64%
Epoch: 300, Loss: 0.5375, Train: 87.97%, Valid: 83.19%, Test: 83.83%
Epoch: 350, Loss: 0.7652, Train: 81.31%, Valid: 76.85%, Test: 76.73%
Epoch: 400, Loss: 0.5451, Train: 89.27%, Valid: 83.42%, Test: 84.53%
Epoch: 450, Loss: 0.4848, Train: 90.29%, Valid: 84.03%, Test: 84.67%
Run 09:Highest Train: 91.86 Highest Valid: 85.63 Highest Test: 85.81 Chosen epoch: 490
Final Train: 91.75 Final Test: 85.72
Epoch: 00, Loss: 2.7359, Train: 30.86%, Valid: 30.89%, Test: 31.21%
Epoch: 50, Loss: 1.0650, Train: 71.18%, Valid: 70.71%, Test: 70.59%
Epoch: 100, Loss: 0.7975, Train: 81.31%, Valid: 79.03%, Test: 79.61%
Epoch: 150, Loss: 0.7608, Train: 85.38%, Valid: 81.85%, Test: 82.11%
Epoch: 200, Loss: 0.6940, Train: 86.33%, Valid: 81.85%, Test: 82.20%
Epoch: 250, Loss: 0.6691, Train: 86.13%, Valid: 81.50%, Test: 82.81%
Epoch: 300, Loss: 0.6728, Train: 87.86%, Valid: 82.64%, Test: 83.16%
Epoch: 350, Loss: 0.6171, Train: 88.83%, Valid: 83.13%, Test: 83.57%
Epoch: 400, Loss: 0.5721, Train: 89.46%, Valid: 83.57%, Test: 84.47%
Epoch: 450, Loss: 0.5591, Train: 89.79%, Valid: 83.86%, Test: 84.76%
Run 10:Highest Train: 91.40 Highest Valid: 84.64 Highest Test: 85.49 Chosen epoch: 457
Final Train: 90.34 Final Test: 84.55
10 runs: Highest Train: 93.90 ± 2.12 Highest val epoch:456
Highest Test: 87.50 ± 1.98 Final Test: 87.21 ± 2.09
[14:56:28] DONE  amazon-computers_sgformer
[14:56:28] START amazon-computers_pcgt
Namespace(data_dir='../data', dataset='amazon-computers', device=0, seed=123, cpu=True, epochs=500, runs=10, train_prop=0.5, valid_prop=0.25, protocol='semi', rand_split=True, rand_split_class=False, label_num_per_class=20, valid_num=500, test_num=500, directed=False, method='pcgt', hidden_channels=64, num_layers=4, num_heads=1, alpha=0.5, use_bn=False, use_residual=True, use_graph=True, use_weight=False, use_init=False, use_act=False, attention='gcn', lr=0.01, weight_decay=0.0005, dropout=0.5, display_step=50, no_feat_norm=True, patience=200, graph_weight=0.8, ours_weight_decay=0.001, ours_use_weight=False, ours_use_residual=False, ours_use_act=False, backbone='gcn', ours_layers=1, ours_dropout=0.2, aggregate='add', hops=1, gat_heads=8, out_heads=1, lamda=0.1, num_elayers=2, encoder_emdim=768, num_partitions=10, num_reps=4, partition_method='metis', no_pse=False, local_only=False, global_only=False)
amazon-computers
amazon-computers: nodes=13752, edges=491722, feats=767, classes=10
features shape=torch.Size([13752, 767])
num nodes 13752 | num classes 10 | num node feats 767
Computing 10 partitions using metis...
Partitions: 10, Boundary nodes: 9500/13752 (69.1%)
Intra-partition edges: 357778/491722 (72.8%)
Epoch: 00, Loss: 2.2638, Train: 37.89%, Valid: 37.00%, Test: 37.26% [α=0.50,β=0.99]
Epoch: 50, Loss: 0.6197, Train: 81.28%, Valid: 78.39%, Test: 78.48% [α=0.56,β=1.09]
Epoch: 100, Loss: 0.3179, Train: 92.03%, Valid: 88.34%, Test: 88.48% [α=0.58,β=1.30]
Epoch: 150, Loss: 0.2268, Train: 94.08%, Valid: 89.06%, Test: 88.31% [α=0.59,β=1.46]
Epoch: 200, Loss: 0.2118, Train: 95.51%, Valid: 88.57%, Test: 88.66% [α=0.60,β=1.60]
Epoch: 250, Loss: 0.1613, Train: 96.57%, Valid: 89.15%, Test: 88.71% [α=0.61,β=1.75]
Epoch: 300, Loss: 0.1462, Train: 97.59%, Valid: 88.83%, Test: 88.48% [α=0.62,β=1.88]
Epoch: 350, Loss: 0.5658, Train: 86.21%, Valid: 82.05%, Test: 82.23% [α=0.68,β=1.67]
Epoch: 400, Loss: 0.2706, Train: 93.76%, Valid: 88.45%, Test: 88.28% [α=0.68,β=1.82]
Epoch: 450, Loss: 0.1934, Train: 95.20%, Valid: 88.22%, Test: 88.34% [α=0.68,β=1.94]
Run 01:Highest Train: 98.01 Highest Valid: 89.82 Highest Test: 89.18 Chosen epoch: 309
Final Train: 97.41 Final Test: 88.13
Epoch: 00, Loss: 2.2932, Train: 37.27%, Valid: 37.26%, Test: 38.22% [α=0.50,β=1.00]
Epoch: 50, Loss: 0.4566, Train: 87.83%, Valid: 86.74%, Test: 86.71% [α=0.56,β=1.30]
Epoch: 100, Loss: 0.3006, Train: 91.00%, Valid: 87.64%, Test: 88.25% [α=0.59,β=1.54]
Epoch: 150, Loss: 0.3255, Train: 91.84%, Valid: 88.25%, Test: 88.69% [α=0.63,β=1.77]
Epoch: 200, Loss: 0.2132, Train: 96.06%, Valid: 89.12%, Test: 89.47% [α=0.65,β=1.93]
Epoch: 250, Loss: 0.1666, Train: 96.45%, Valid: 88.95%, Test: 89.15% [α=0.67,β=2.09]
Epoch: 300, Loss: 0.1642, Train: 96.28%, Valid: 87.29%, Test: 87.93% [α=0.69,β=2.25]
Epoch: 350, Loss: 0.1118, Train: 97.35%, Valid: 88.37%, Test: 88.83% [α=0.71,β=2.39]
Run 02:Highest Train: 98.56 Highest Valid: 89.76 Highest Test: 90.17 Chosen epoch: 184
Final Train: 95.29 Final Test: 89.94
Epoch: 00, Loss: 2.3752, Train: 37.70%, Valid: 36.18%, Test: 38.22% [α=0.50,β=1.00]
Epoch: 50, Loss: 0.6534, Train: 82.55%, Valid: 79.99%, Test: 82.23% [α=0.59,β=1.46]
Epoch: 100, Loss: 0.3300, Train: 92.12%, Valid: 85.75%, Test: 86.85% [α=0.59,β=1.89]
Epoch: 150, Loss: 0.2541, Train: 93.43%, Valid: 86.30%, Test: 86.97% [α=0.62,β=2.14]
Epoch: 200, Loss: 0.3403, Train: 86.36%, Valid: 79.58%, Test: 80.13% [α=0.64,β=2.33]
Epoch: 250, Loss: 0.2190, Train: 95.20%, Valid: 87.14%, Test: 88.39% [α=0.66,β=2.50]
Epoch: 300, Loss: 0.1765, Train: 96.52%, Valid: 87.17%, Test: 88.42% [α=0.67,β=2.67]
Epoch: 350, Loss: 0.1984, Train: 96.15%, Valid: 87.00%, Test: 87.93% [α=0.68,β=2.83]
Epoch: 400, Loss: 1.5887, Train: 69.39%, Valid: 66.93%, Test: 67.98% [α=0.69,β=2.93]
Epoch: 450, Loss: 0.4980, Train: 88.22%, Valid: 82.37%, Test: 84.55% [α=0.67,β=2.97]
Run 03:Highest Train: 97.79 Highest Valid: 87.67 Highest Test: 88.92 Chosen epoch: 300
Final Train: 96.64 Final Test: 88.57
Epoch: 00, Loss: 2.3226, Train: 19.46%, Valid: 19.78%, Test: 19.58% [α=0.50,β=1.00]
Epoch: 50, Loss: 0.5757, Train: 83.94%, Valid: 82.00%, Test: 83.33% [α=0.60,β=1.46]
Epoch: 100, Loss: 0.2926, Train: 92.41%, Valid: 87.03%, Test: 87.46% [α=0.62,β=1.82]
Epoch: 150, Loss: 0.2969, Train: 93.02%, Valid: 87.52%, Test: 87.43% [α=0.67,β=2.12]
Epoch: 200, Loss: 0.2379, Train: 95.13%, Valid: 87.55%, Test: 87.35% [α=0.70,β=2.32]
Epoch: 250, Loss: 0.1662, Train: 96.80%, Valid: 87.90%, Test: 87.38% [α=0.73,β=2.52]
Epoch: 300, Loss: 0.1412, Train: 97.85%, Valid: 87.67%, Test: 87.49% [α=0.74,β=2.69]
Epoch: 350, Loss: 0.3719, Train: 91.75%, Valid: 86.27%, Test: 86.07% [α=0.76,β=2.79]
Epoch: 400, Loss: 0.2028, Train: 96.32%, Valid: 87.55%, Test: 87.99% [α=0.75,β=2.88]
Epoch: 450, Loss: 0.1606, Train: 97.53%, Valid: 87.93%, Test: 87.75% [α=0.77,β=3.03]
Run 04:Highest Train: 98.04 Highest Valid: 88.13 Highest Test: 88.31 Chosen epoch: 263
Final Train: 97.40 Final Test: 87.67
Epoch: 00, Loss: 2.3855, Train: 10.37%, Valid: 10.44%, Test: 9.95% [α=0.50,β=1.00]
Epoch: 50, Loss: 0.5954, Train: 83.33%, Valid: 83.25%, Test: 81.97% [α=0.63,β=1.66]
Epoch: 100, Loss: 0.3085, Train: 92.31%, Valid: 88.34%, Test: 87.84% [α=0.64,β=2.04]
Epoch: 150, Loss: 0.2549, Train: 94.72%, Valid: 88.05%, Test: 88.83% [α=0.66,β=2.30]
Epoch: 200, Loss: 0.1892, Train: 95.83%, Valid: 87.84%, Test: 88.54% [α=0.68,β=2.52]
Epoch: 250, Loss: 0.4270, Train: 89.95%, Valid: 86.04%, Test: 86.01% [α=0.72,β=2.74]
Epoch: 300, Loss: 0.1993, Train: 95.65%, Valid: 88.07%, Test: 87.78% [α=0.71,β=2.88]
Run 05:Highest Train: 97.32 Highest Valid: 89.03 Highest Test: 89.47 Chosen epoch: 129
Final Train: 93.40 Final Test: 88.16
Epoch: 00, Loss: 2.2759, Train: 37.36%, Valid: 37.32%, Test: 37.99% [α=0.50,β=1.00]
Epoch: 50, Loss: 0.4831, Train: 86.26%, Valid: 84.73%, Test: 84.55% [α=0.66,β=1.56]
Epoch: 100, Loss: 0.3184, Train: 91.23%, Valid: 87.29%, Test: 86.47% [α=0.70,β=1.92]
Epoch: 150, Loss: 0.1891, Train: 95.55%, Valid: 88.86%, Test: 87.75% [α=0.73,β=2.18]
Epoch: 200, Loss: 0.2128, Train: 95.11%, Valid: 87.78%, Test: 87.00% [α=0.76,β=2.42]
Epoch: 250, Loss: 0.3232, Train: 91.80%, Valid: 87.17%, Test: 86.04% [α=0.78,β=2.67]
Epoch: 300, Loss: 0.1345, Train: 97.85%, Valid: 88.66%, Test: 87.29% [α=0.79,β=2.87]
Epoch: 350, Loss: 0.1646, Train: 96.73%, Valid: 86.88%, Test: 85.98% [α=0.81,β=3.03]
Epoch: 400, Loss: 0.3848, Train: 91.03%, Valid: 85.95%, Test: 85.11% [α=0.79,β=3.17]
Epoch: 450, Loss: 0.2956, Train: 94.46%, Valid: 86.36%, Test: 85.46% [α=0.79,β=3.36]
Run 06:Highest Train: 98.87 Highest Valid: 89.01 Highest Test: 88.07 Chosen epoch: 290
Final Train: 97.43 Final Test: 87.87
Epoch: 00, Loss: 2.3464, Train: 15.39%, Valid: 16.26%, Test: 15.71% [α=0.50,β=1.00]
Epoch: 50, Loss: 0.5248, Train: 85.78%, Valid: 83.71%, Test: 84.73% [α=0.64,β=1.75]
Epoch: 100, Loss: 0.2521, Train: 93.82%, Valid: 87.14%, Test: 88.02% [α=0.66,β=2.17]
Epoch: 150, Loss: 0.1668, Train: 96.41%, Valid: 87.67%, Test: 87.93% [α=0.68,β=2.45]
Epoch: 200, Loss: 0.2993, Train: 92.79%, Valid: 86.42%, Test: 87.26% [α=0.72,β=2.71]
Epoch: 250, Loss: 0.2214, Train: 95.83%, Valid: 86.39%, Test: 87.81% [α=0.72,β=2.91]
Epoch: 300, Loss: 0.1356, Train: 98.23%, Valid: 87.06%, Test: 88.45% [α=0.73,β=3.11]
Epoch: 350, Loss: 0.2531, Train: 94.55%, Valid: 85.89%, Test: 87.81% [α=0.74,β=3.29]
Epoch: 400, Loss: 0.1473, Train: 98.20%, Valid: 87.14%, Test: 88.69% [α=0.74,β=3.46]
Run 07:Highest Train: 98.41 Highest Valid: 87.73 Highest Test: 88.98 Chosen epoch: 236
Final Train: 95.75 Final Test: 88.54
Epoch: 00, Loss: 2.2869, Train: 37.55%, Valid: 38.69%, Test: 36.24% [α=0.50,β=1.00]
Epoch: 50, Loss: 0.6776, Train: 81.44%, Valid: 82.26%, Test: 79.49% [α=0.62,β=1.32]
Epoch: 100, Loss: 0.2989, Train: 91.77%, Valid: 89.33%, Test: 87.67% [α=0.65,β=1.69]
Epoch: 150, Loss: 0.5626, Train: 83.96%, Valid: 82.46%, Test: 80.42% [α=0.70,β=1.97]
Epoch: 200, Loss: 0.3281, Train: 92.57%, Valid: 88.10%, Test: 86.30% [α=0.73,β=2.29]
Epoch: 250, Loss: 0.2206, Train: 95.54%, Valid: 87.99%, Test: 86.53% [α=0.75,β=2.49]
Epoch: 300, Loss: 0.1876, Train: 96.31%, Valid: 87.78%, Test: 86.47% [α=0.77,β=2.67]
Run 08:Highest Train: 96.90 Highest Valid: 90.02 Highest Test: 88.42 Chosen epoch: 106
Final Train: 92.34 Final Test: 87.87
Epoch: 00, Loss: 2.2919, Train: 37.43%, Valid: 38.22%, Test: 36.74% [α=0.50,β=1.00]
Epoch: 50, Loss: 0.5428, Train: 85.17%, Valid: 83.80%, Test: 83.48% [α=0.65,β=1.68]
Epoch: 100, Loss: 0.2684, Train: 92.92%, Valid: 87.17%, Test: 88.28% [α=0.68,β=2.03]
Epoch: 150, Loss: 0.2457, Train: 93.89%, Valid: 85.75%, Test: 87.00% [α=0.71,β=2.31]
Epoch: 200, Loss: 0.1565, Train: 96.25%, Valid: 86.59%, Test: 87.11% [α=0.74,β=2.55]
Epoch: 250, Loss: 0.1465, Train: 97.47%, Valid: 87.75%, Test: 87.75% [α=0.76,β=2.77]
Epoch: 300, Loss: 0.3576, Train: 90.78%, Valid: 85.17%, Test: 86.24% [α=0.77,β=2.92]
Run 09:Highest Train: 98.02 Highest Valid: 87.96 Highest Test: 88.48 Chosen epoch: 117
Final Train: 94.59 Final Test: 88.42
Epoch: 00, Loss: 2.3357, Train: 37.36%, Valid: 37.09%, Test: 37.84% [α=0.50,β=1.00]
Epoch: 50, Loss: 0.6140, Train: 84.03%, Valid: 82.00%, Test: 82.84% [α=0.65,β=1.52]
Epoch: 100, Loss: 0.3207, Train: 91.61%, Valid: 86.68%, Test: 87.81% [α=0.69,β=1.92]
Epoch: 150, Loss: 0.3444, Train: 91.67%, Valid: 85.57%, Test: 87.11% [α=0.72,β=2.25]
Epoch: 200, Loss: 0.2797, Train: 93.05%, Valid: 84.85%, Test: 86.21% [α=0.73,β=2.50]
Epoch: 250, Loss: 0.1757, Train: 96.26%, Valid: 86.65%, Test: 86.94% [α=0.75,β=2.73]
Epoch: 300, Loss: 0.5612, Train: 86.98%, Valid: 81.24%, Test: 82.29% [α=0.77,β=2.95]
Epoch: 350, Loss: 0.2588, Train: 95.43%, Valid: 86.24%, Test: 87.55% [α=0.76,β=3.13]
Run 10:Highest Train: 97.43 Highest Valid: 87.29 Highest Test: 88.02 Chosen epoch: 179
Final Train: 94.21 Final Test: 87.52
10 runs: Highest Train: 97.93 ± 0.60 Highest val epoch:178
Highest Test: 88.80 ± 0.68 Final Test: 88.27 ± 0.69
[15:51:31] DONE  amazon-computers_pcgt
[15:51:31] START amazon-photo_sgformer
Namespace(data_dir='../data', dataset='amazon-photo', device=0, seed=123, cpu=True, epochs=500, runs=10, train_prop=0.5, valid_prop=0.25, protocol='semi', rand_split=True, rand_split_class=False, label_num_per_class=20, valid_num=500, test_num=500, directed=False, method='ours', hidden_channels=64, num_layers=4, num_heads=1, alpha=0.5, use_bn=False, use_residual=True, use_graph=True, use_weight=False, use_init=False, use_act=False, attention='gcn', lr=0.01, weight_decay=0.0005, dropout=0.5, display_step=50, no_feat_norm=True, patience=200, graph_weight=0.8, ours_weight_decay=0.001, ours_use_weight=False, ours_use_residual=False, ours_use_act=False, backbone='gcn', ours_layers=1, ours_dropout=0.2, aggregate='add', hops=1, gat_heads=8, out_heads=1, lamda=0.1, num_elayers=2, encoder_emdim=768, num_partitions=10, num_reps=4, partition_method='metis', no_pse=False, local_only=False, global_only=False)
amazon-photo
amazon-photo: nodes=7650, edges=238162, feats=745, classes=8
features shape=torch.Size([7650, 745])
num nodes 7650 | num classes 8 | num node feats 745
Epoch: 00, Loss: 2.0645, Train: 21.65%, Valid: 23.48%, Test: 21.43%
Epoch: 50, Loss: 0.2147, Train: 95.79%, Valid: 92.57%, Test: 93.57%
Epoch: 100, Loss: 0.1172, Train: 97.88%, Valid: 93.36%, Test: 94.82%
Epoch: 150, Loss: 0.0925, Train: 98.01%, Valid: 93.57%, Test: 93.88%
Epoch: 200, Loss: 0.0690, Train: 98.95%, Valid: 93.36%, Test: 95.03%
Epoch: 250, Loss: 0.8446, Train: 82.22%, Valid: 79.13%, Test: 80.50%
Epoch: 300, Loss: 0.2409, Train: 96.81%, Valid: 92.15%, Test: 93.20%
Epoch: 350, Loss: 0.1584, Train: 98.46%, Valid: 93.20%, Test: 93.67%
Epoch: 400, Loss: 0.0979, Train: 99.11%, Valid: 93.78%, Test: 94.15%
Run 01:Highest Train: 99.22 Highest Valid: 94.30 Highest Test: 95.40 Chosen epoch: 215
Final Train: 98.95 Final Test: 95.03
Epoch: 00, Loss: 2.1062, Train: 22.41%, Valid: 21.29%, Test: 22.11%
Epoch: 50, Loss: 0.5287, Train: 91.45%, Valid: 89.12%, Test: 89.81%
Epoch: 100, Loss: 0.2595, Train: 96.16%, Valid: 93.93%, Test: 93.83%
Epoch: 150, Loss: 0.1902, Train: 97.02%, Valid: 93.93%, Test: 94.30%
Epoch: 200, Loss: 0.1613, Train: 97.88%, Valid: 94.46%, Test: 94.72%
Epoch: 250, Loss: 0.1352, Train: 98.04%, Valid: 94.82%, Test: 94.82%
Epoch: 300, Loss: 0.1173, Train: 98.17%, Valid: 95.14%, Test: 94.82%
Epoch: 350, Loss: 0.1371, Train: 96.68%, Valid: 92.94%, Test: 93.05%
Epoch: 400, Loss: 0.2604, Train: 96.10%, Valid: 93.41%, Test: 92.37%
Epoch: 450, Loss: 0.1897, Train: 97.96%, Valid: 94.61%, Test: 94.25%
Run 02:Highest Train: 98.82 Highest Valid: 95.61 Highest Test: 95.24 Chosen epoch: 278
Final Train: 98.25 Final Test: 95.24
Epoch: 00, Loss: 2.4693, Train: 11.97%, Valid: 11.98%, Test: 12.08%
Epoch: 50, Loss: 0.9377, Train: 84.94%, Valid: 81.69%, Test: 80.24%
Epoch: 100, Loss: 0.6983, Train: 90.95%, Valid: 86.82%, Test: 86.25%
Epoch: 150, Loss: 0.4687, Train: 95.16%, Valid: 90.95%, Test: 90.12%
Epoch: 200, Loss: 0.4640, Train: 95.90%, Valid: 89.85%, Test: 89.28%
Epoch: 250, Loss: 0.4062, Train: 96.92%, Valid: 90.22%, Test: 89.55%
Epoch: 300, Loss: 0.3387, Train: 97.73%, Valid: 91.16%, Test: 91.37%
Epoch: 350, Loss: 0.2711, Train: 97.49%, Valid: 91.06%, Test: 91.43%
Epoch: 400, Loss: 0.2740, Train: 98.51%, Valid: 91.95%, Test: 91.64%
Epoch: 450, Loss: 0.2445, Train: 98.67%, Valid: 92.15%, Test: 92.11%
Run 03:Highest Train: 98.82 Highest Valid: 92.83 Highest Test: 92.58 Chosen epoch: 424
Final Train: 97.96 Final Test: 92.00
Epoch: 00, Loss: 2.1931, Train: 21.70%, Valid: 22.12%, Test: 22.84%
Epoch: 50, Loss: 0.5792, Train: 87.74%, Valid: 85.98%, Test: 87.04%
Epoch: 100, Loss: 0.2654, Train: 95.95%, Valid: 94.09%, Test: 94.30%
Epoch: 150, Loss: 0.2092, Train: 97.02%, Valid: 94.35%, Test: 94.62%
Epoch: 200, Loss: 0.1622, Train: 97.57%, Valid: 94.61%, Test: 95.14%
Epoch: 250, Loss: 0.1467, Train: 97.05%, Valid: 93.20%, Test: 94.15%
Epoch: 300, Loss: 0.1325, Train: 98.41%, Valid: 94.77%, Test: 95.50%
Epoch: 350, Loss: 0.1228, Train: 98.48%, Valid: 94.82%, Test: 95.71%
Epoch: 400, Loss: 0.1105, Train: 98.75%, Valid: 94.82%, Test: 95.71%
Run 04:Highest Train: 98.88 Highest Valid: 94.98 Highest Test: 96.13 Chosen epoch: 224
Final Train: 98.01 Final Test: 95.66
Epoch: 00, Loss: 2.2558, Train: 23.27%, Valid: 25.00%, Test: 24.52%
Epoch: 50, Loss: 0.3965, Train: 92.37%, Valid: 90.43%, Test: 91.74%
Epoch: 100, Loss: 0.2403, Train: 96.29%, Valid: 94.35%, Test: 94.46%
Epoch: 150, Loss: 0.1940, Train: 96.50%, Valid: 94.09%, Test: 94.93%
Epoch: 200, Loss: 0.1497, Train: 98.04%, Valid: 95.03%, Test: 95.61%
Epoch: 250, Loss: 0.1628, Train: 98.14%, Valid: 95.29%, Test: 95.40%
Epoch: 300, Loss: 0.1274, Train: 98.22%, Valid: 95.24%, Test: 95.61%
Epoch: 350, Loss: 0.1193, Train: 98.46%, Valid: 95.24%, Test: 95.45%
Epoch: 400, Loss: 0.1247, Train: 98.51%, Valid: 95.19%, Test: 95.66%
Epoch: 450, Loss: 0.1119, Train: 98.72%, Valid: 95.29%, Test: 96.08%
Run 05:Highest Train: 98.93 Highest Valid: 95.87 Highest Test: 96.55 Chosen epoch: 424
Final Train: 98.51 Final Test: 95.40
Epoch: 00, Loss: 2.2483, Train: 27.95%, Valid: 26.46%, Test: 28.59%
Epoch: 50, Loss: 0.4247, Train: 90.82%, Valid: 89.59%, Test: 88.34%
Epoch: 100, Loss: 0.2387, Train: 96.73%, Valid: 94.87%, Test: 93.62%
Epoch: 150, Loss: 0.1692, Train: 97.93%, Valid: 95.50%, Test: 94.30%
Epoch: 200, Loss: 0.1426, Train: 98.38%, Valid: 96.08%, Test: 94.62%
Epoch: 250, Loss: 0.1239, Train: 98.88%, Valid: 96.23%, Test: 94.98%
Epoch: 300, Loss: 0.1017, Train: 98.90%, Valid: 96.29%, Test: 95.30%
Epoch: 350, Loss: 0.1006, Train: 99.11%, Valid: 96.44%, Test: 95.35%
Epoch: 400, Loss: 0.0870, Train: 99.08%, Valid: 96.44%, Test: 95.24%
Epoch: 450, Loss: 0.1074, Train: 98.67%, Valid: 95.92%, Test: 95.40%
Run 06:Highest Train: 99.32 Highest Valid: 96.65 Highest Test: 95.77 Chosen epoch: 383
Final Train: 99.06 Final Test: 95.24
Epoch: 00, Loss: 2.1582, Train: 18.93%, Valid: 19.25%, Test: 18.45%
Epoch: 50, Loss: 0.7835, Train: 88.24%, Valid: 85.51%, Test: 85.94%
Epoch: 100, Loss: 0.4677, Train: 92.86%, Valid: 89.70%, Test: 89.86%
Epoch: 150, Loss: 0.3277, Train: 96.34%, Valid: 92.15%, Test: 93.10%
Epoch: 200, Loss: 0.2508, Train: 97.12%, Valid: 92.68%, Test: 93.10%
Epoch: 250, Loss: 0.1816, Train: 98.35%, Valid: 94.77%, Test: 95.03%
Epoch: 300, Loss: 0.1780, Train: 97.86%, Valid: 93.57%, Test: 94.09%
Epoch: 350, Loss: 0.1557, Train: 98.69%, Valid: 94.51%, Test: 95.35%
Epoch: 400, Loss: 0.1280, Train: 98.17%, Valid: 94.61%, Test: 94.56%
Epoch: 450, Loss: 0.1270, Train: 98.01%, Valid: 94.40%, Test: 94.20%
Run 07:Highest Train: 98.90 Highest Valid: 95.14 Highest Test: 95.56 Chosen epoch: 397
Final Train: 98.46 Final Test: 94.77
Epoch: 00, Loss: 2.3597, Train: 21.91%, Valid: 21.86%, Test: 20.49%
Epoch: 50, Loss: 0.4302, Train: 94.14%, Valid: 91.11%, Test: 92.11%
Epoch: 100, Loss: 0.2204, Train: 96.60%, Valid: 94.14%, Test: 94.51%
Epoch: 150, Loss: 0.1865, Train: 97.49%, Valid: 94.56%, Test: 94.77%
Epoch: 200, Loss: 0.1730, Train: 97.78%, Valid: 94.09%, Test: 95.14%
Epoch: 250, Loss: 0.1392, Train: 97.96%, Valid: 93.99%, Test: 94.51%
Epoch: 300, Loss: 0.1433, Train: 98.04%, Valid: 94.25%, Test: 94.77%
Epoch: 350, Loss: 0.1293, Train: 98.14%, Valid: 94.46%, Test: 95.24%
Epoch: 400, Loss: 0.1383, Train: 98.04%, Valid: 93.88%, Test: 94.72%
Epoch: 450, Loss: 0.1128, Train: 98.43%, Valid: 94.82%, Test: 95.14%
Run 08:Highest Train: 98.95 Highest Valid: 95.19 Highest Test: 96.03 Chosen epoch: 433
Final Train: 98.54 Final Test: 95.50
Epoch: 00, Loss: 2.2889, Train: 23.24%, Valid: 23.33%, Test: 22.58%
Epoch: 50, Loss: 0.8783, Train: 81.02%, Valid: 79.86%, Test: 78.31%
Epoch: 100, Loss: 0.4256, Train: 93.83%, Valid: 91.11%, Test: 90.33%
Epoch: 150, Loss: 0.3431, Train: 96.24%, Valid: 92.00%, Test: 91.64%
Epoch: 200, Loss: 0.2202, Train: 97.59%, Valid: 93.67%, Test: 92.79%
Epoch: 250, Loss: 0.4497, Train: 92.84%, Valid: 86.92%, Test: 87.35%
Epoch: 300, Loss: 0.1742, Train: 98.01%, Valid: 94.25%, Test: 92.89%
Epoch: 350, Loss: 0.1617, Train: 98.20%, Valid: 93.72%, Test: 93.62%
Epoch: 400, Loss: 0.1515, Train: 98.35%, Valid: 94.56%, Test: 94.25%
Epoch: 450, Loss: 0.1302, Train: 98.35%, Valid: 94.72%, Test: 94.25%
Run 09:Highest Train: 98.64 Highest Valid: 95.08 Highest Test: 94.82 Chosen epoch: 461
Final Train: 98.30 Final Test: 94.51
Epoch: 00, Loss: 2.0921, Train: 22.75%, Valid: 24.22%, Test: 22.22%
Epoch: 50, Loss: 0.9026, Train: 82.30%, Valid: 82.22%, Test: 79.35%
Epoch: 100, Loss: 0.5388, Train: 92.16%, Valid: 89.49%, Test: 88.50%
Epoch: 150, Loss: 0.4613, Train: 93.59%, Valid: 90.53%, Test: 89.34%
Epoch: 200, Loss: 0.3458, Train: 95.19%, Valid: 91.79%, Test: 90.43%
Epoch: 250, Loss: 0.3447, Train: 96.03%, Valid: 92.21%, Test: 90.85%
Epoch: 300, Loss: 0.2800, Train: 96.78%, Valid: 92.89%, Test: 91.74%
Epoch: 350, Loss: 0.2576, Train: 97.20%, Valid: 93.62%, Test: 92.26%
Epoch: 400, Loss: 0.2112, Train: 97.25%, Valid: 94.30%, Test: 92.94%
Epoch: 450, Loss: 0.1957, Train: 97.88%, Valid: 94.67%, Test: 93.00%
Run 10:Highest Train: 98.22 Highest Valid: 95.03 Highest Test: 93.94 Chosen epoch: 450
Final Train: 97.83 Final Test: 93.41
10 runs: Highest Train: 98.87 ± 0.30 Highest val epoch:449
Highest Test: 95.20 ± 1.18 Final Test: 94.68 ± 1.14
[16:07:14] DONE  amazon-photo_sgformer
[16:07:14] START amazon-photo_pcgt
Namespace(data_dir='../data', dataset='amazon-photo', device=0, seed=123, cpu=True, epochs=500, runs=10, train_prop=0.5, valid_prop=0.25, protocol='semi', rand_split=True, rand_split_class=False, label_num_per_class=20, valid_num=500, test_num=500, directed=False, method='pcgt', hidden_channels=64, num_layers=4, num_heads=1, alpha=0.5, use_bn=False, use_residual=True, use_graph=True, use_weight=False, use_init=False, use_act=False, attention='gcn', lr=0.01, weight_decay=0.0005, dropout=0.5, display_step=50, no_feat_norm=True, patience=200, graph_weight=0.8, ours_weight_decay=0.001, ours_use_weight=False, ours_use_residual=False, ours_use_act=False, backbone='gcn', ours_layers=1, ours_dropout=0.2, aggregate='add', hops=1, gat_heads=8, out_heads=1, lamda=0.1, num_elayers=2, encoder_emdim=768, num_partitions=10, num_reps=4, partition_method='metis', no_pse=False, local_only=False, global_only=False)
amazon-photo
amazon-photo: nodes=7650, edges=238162, feats=745, classes=8
features shape=torch.Size([7650, 745])
num nodes 7650 | num classes 8 | num node feats 745
Computing 10 partitions using metis...
Partitions: 10, Boundary nodes: 4493/7650 (58.7%)
Intra-partition edges: 194018/238162 (81.5%)
Epoch: 00, Loss: 2.0601, Train: 21.65%, Valid: 23.48%, Test: 21.38% [α=0.50,β=0.99]
Epoch: 50, Loss: 0.1755, Train: 95.97%, Valid: 92.15%, Test: 93.36% [α=0.56,β=1.26]
Epoch: 100, Loss: 0.0755, Train: 98.67%, Valid: 93.67%, Test: 94.51% [α=0.59,β=1.42]
Epoch: 150, Loss: 0.0437, Train: 99.53%, Valid: 94.14%, Test: 94.51% [α=0.62,β=1.58]
Epoch: 200, Loss: 0.0310, Train: 99.79%, Valid: 93.62%, Test: 94.51% [α=0.65,β=1.72]
Epoch: 250, Loss: 0.2119, Train: 96.39%, Valid: 91.84%, Test: 92.63% [α=0.74,β=1.68]
Epoch: 300, Loss: 0.0773, Train: 99.06%, Valid: 92.99%, Test: 93.41% [α=0.73,β=1.88]
Epoch: 350, Loss: 0.0417, Train: 99.95%, Valid: 93.46%, Test: 94.25% [α=0.72,β=2.00]
Run 01:Highest Train: 99.95 Highest Valid: 94.30 Highest Test: 95.09 Chosen epoch: 157
Final Train: 99.40 Final Test: 94.56
Epoch: 00, Loss: 2.0922, Train: 22.35%, Valid: 21.29%, Test: 22.16% [α=0.50,β=1.00]
Epoch: 50, Loss: 0.2322, Train: 95.45%, Valid: 94.14%, Test: 93.36% [α=0.59,β=1.41]
Epoch: 100, Loss: 0.1047, Train: 98.25%, Valid: 95.08%, Test: 94.98% [α=0.58,β=1.58]
Epoch: 150, Loss: 0.1277, Train: 91.03%, Valid: 86.14%, Test: 86.46% [α=0.59,β=1.72]
Epoch: 200, Loss: 0.1451, Train: 97.88%, Valid: 93.83%, Test: 94.72% [α=0.64,β=1.96]
Epoch: 250, Loss: 0.0720, Train: 99.19%, Valid: 94.04%, Test: 94.67% [α=0.64,β=2.11]
Run 02:Highest Train: 99.56 Highest Valid: 95.45 Highest Test: 95.14 Chosen epoch: 67
Final Train: 96.84 Final Test: 94.25
Epoch: 00, Loss: 2.0843, Train: 23.95%, Valid: 24.90%, Test: 23.99% [α=0.50,β=1.00]
Epoch: 50, Loss: 0.2278, Train: 94.85%, Valid: 92.15%, Test: 92.16% [α=0.62,β=1.48]
Epoch: 100, Loss: 0.1092, Train: 98.30%, Valid: 94.04%, Test: 93.67% [α=0.62,β=1.66]
Epoch: 150, Loss: 0.0827, Train: 99.16%, Valid: 94.25%, Test: 94.15% [α=0.64,β=1.82]
Epoch: 200, Loss: 0.0527, Train: 99.37%, Valid: 93.62%, Test: 93.73% [α=0.66,β=1.96]
Epoch: 250, Loss: 0.0344, Train: 99.90%, Valid: 94.51%, Test: 94.35% [α=0.68,β=2.09]
Epoch: 300, Loss: 2.0051, Train: 89.25%, Valid: 84.36%, Test: 85.36% [α=0.70,β=2.20]
Epoch: 350, Loss: 0.0939, Train: 98.61%, Valid: 93.72%, Test: 93.73% [α=0.70,β=2.39]
Run 03:Highest Train: 99.95 Highest Valid: 94.56 Highest Test: 94.46 Chosen epoch: 181
Final Train: 99.66 Final Test: 94.20
Epoch: 00, Loss: 2.1361, Train: 21.67%, Valid: 21.97%, Test: 22.84% [α=0.50,β=1.00]
Epoch: 50, Loss: 0.2622, Train: 93.75%, Valid: 92.15%, Test: 93.31% [α=0.64,β=1.62]
Epoch: 100, Loss: 0.0782, Train: 98.75%, Valid: 94.04%, Test: 95.19% [α=0.66,β=1.86]
Epoch: 150, Loss: 0.0429, Train: 99.66%, Valid: 94.30%, Test: 95.14% [α=0.68,β=2.00]
Epoch: 200, Loss: 0.0323, Train: 99.90%, Valid: 94.35%, Test: 95.09% [α=0.70,β=2.12]
Epoch: 250, Loss: 0.0235, Train: 99.90%, Valid: 94.30%, Test: 95.71% [α=0.72,β=2.22]
Epoch: 300, Loss: 0.0255, Train: 99.92%, Valid: 94.67%, Test: 95.50% [α=0.74,β=2.30]
Epoch: 350, Loss: 0.0229, Train: 100.00%, Valid: 94.04%, Test: 95.14% [α=0.75,β=2.38]
Epoch: 400, Loss: 0.8709, Train: 51.76%, Valid: 51.15%, Test: 51.54% [α=0.76,β=2.46]
Epoch: 450, Loss: 0.3202, Train: 90.64%, Valid: 89.75%, Test: 90.28% [α=0.67,β=2.11]
Run 04:Highest Train: 100.00 Highest Valid: 94.72 Highest Test: 95.77 Chosen epoch: 302
Final Train: 99.90 Final Test: 95.30
Epoch: 00, Loss: 2.0876, Train: 25.31%, Valid: 24.01%, Test: 26.92% [α=0.50,β=1.00]
Epoch: 50, Loss: 0.2759, Train: 93.57%, Valid: 92.73%, Test: 92.79% [α=0.56,β=1.34]
Epoch: 100, Loss: 0.1193, Train: 97.88%, Valid: 94.72%, Test: 95.40% [α=0.57,β=1.49]
Epoch: 150, Loss: 0.0630, Train: 99.40%, Valid: 95.29%, Test: 95.45% [α=0.58,β=1.58]
Epoch: 200, Loss: 0.1572, Train: 98.56%, Valid: 94.51%, Test: 94.35% [α=0.60,β=1.68]
Epoch: 250, Loss: 0.0365, Train: 99.76%, Valid: 94.67%, Test: 95.40% [α=0.61,β=1.78]
Epoch: 300, Loss: 0.0322, Train: 99.90%, Valid: 94.61%, Test: 95.24% [α=0.63,β=1.83]
Epoch: 350, Loss: 0.0226, Train: 99.90%, Valid: 94.82%, Test: 95.09% [α=0.64,β=1.88]
Run 05:Highest Train: 99.97 Highest Valid: 95.35 Highest Test: 95.82 Chosen epoch: 175
Final Train: 99.53 Final Test: 95.71
Epoch: 00, Loss: 2.0875, Train: 22.20%, Valid: 20.61%, Test: 23.16% [α=0.50,β=1.00]
Epoch: 50, Loss: 0.2507, Train: 94.82%, Valid: 94.93%, Test: 93.47% [α=0.56,β=1.30]
Epoch: 100, Loss: 0.1463, Train: 97.78%, Valid: 95.40%, Test: 94.15% [α=0.57,β=1.46]
Epoch: 150, Loss: 0.0632, Train: 99.29%, Valid: 95.40%, Test: 94.41% [α=0.58,β=1.58]
Epoch: 200, Loss: 0.6004, Train: 88.10%, Valid: 87.66%, Test: 87.04% [α=0.69,β=1.32]
Epoch: 250, Loss: 0.2131, Train: 95.82%, Valid: 95.14%, Test: 93.57% [α=0.71,β=1.63]
Epoch: 300, Loss: 0.1433, Train: 97.93%, Valid: 95.40%, Test: 94.09% [α=0.70,β=1.86]
Run 06:Highest Train: 99.48 Highest Valid: 95.97 Highest Test: 95.03 Chosen epoch: 112
Final Train: 98.12 Final Test: 95.03
Epoch: 00, Loss: 2.0929, Train: 22.09%, Valid: 22.44%, Test: 21.54% [α=0.50,β=1.00]
Epoch: 50, Loss: 0.3387, Train: 92.03%, Valid: 91.06%, Test: 92.05% [α=0.59,β=1.36]
Epoch: 100, Loss: 0.1306, Train: 97.25%, Valid: 94.61%, Test: 94.67% [α=0.59,β=1.53]
Epoch: 150, Loss: 0.0804, Train: 98.20%, Valid: 93.93%, Test: 93.94% [α=0.59,β=1.62]
Epoch: 200, Loss: 0.0471, Train: 99.66%, Valid: 94.46%, Test: 95.09% [α=0.60,β=1.70]
Epoch: 250, Loss: 0.0379, Train: 99.82%, Valid: 94.40%, Test: 95.19% [α=0.62,β=1.76]
Epoch: 300, Loss: 0.0371, Train: 99.84%, Valid: 94.35%, Test: 95.19% [α=0.64,β=1.82]
Run 07:Highest Train: 99.90 Highest Valid: 95.08 Highest Test: 95.50 Chosen epoch: 150
Final Train: 98.95 Final Test: 95.35
Epoch: 00, Loss: 2.1279, Train: 21.80%, Valid: 22.02%, Test: 21.48% [α=0.50,β=1.00]
Epoch: 50, Loss: 0.3660, Train: 93.02%, Valid: 91.00%, Test: 91.43% [α=0.60,β=1.37]
Epoch: 100, Loss: 0.1373, Train: 97.62%, Valid: 93.99%, Test: 94.51% [α=0.60,β=1.56]
Epoch: 150, Loss: 0.0676, Train: 99.19%, Valid: 93.78%, Test: 94.51% [α=0.61,β=1.67]
Epoch: 200, Loss: 0.0559, Train: 99.56%, Valid: 93.72%, Test: 94.56% [α=0.63,β=1.77]
Epoch: 250, Loss: 0.0639, Train: 99.50%, Valid: 93.62%, Test: 94.56% [α=0.65,β=1.85]
Epoch: 300, Loss: 0.0764, Train: 99.22%, Valid: 93.41%, Test: 93.83% [α=0.67,β=1.92]
Run 08:Highest Train: 99.92 Highest Valid: 94.67 Highest Test: 95.14 Chosen epoch: 133
Final Train: 98.88 Final Test: 94.88
Epoch: 00, Loss: 2.0805, Train: 31.50%, Valid: 30.96%, Test: 31.05% [α=0.50,β=1.00]
Epoch: 50, Loss: 0.3025, Train: 92.18%, Valid: 92.68%, Test: 91.53% [α=0.58,β=1.37]
Epoch: 100, Loss: 0.1201, Train: 97.80%, Valid: 95.45%, Test: 95.03% [α=0.59,β=1.53]
Epoch: 150, Loss: 0.0808, Train: 98.93%, Valid: 95.55%, Test: 95.19% [α=0.60,β=1.64]
Epoch: 200, Loss: 0.0498, Train: 99.50%, Valid: 95.50%, Test: 95.24% [α=0.62,β=1.74]
Epoch: 250, Loss: 0.0409, Train: 99.69%, Valid: 95.50%, Test: 95.09% [α=0.65,β=1.82]
Epoch: 300, Loss: 0.7518, Train: 84.81%, Valid: 84.36%, Test: 83.48% [α=0.59,β=1.68]
Run 09:Highest Train: 99.74 Highest Valid: 95.92 Highest Test: 95.56 Chosen epoch: 120
Final Train: 98.48 Final Test: 95.03
Epoch: 00, Loss: 2.0606, Train: 38.04%, Valid: 39.23%, Test: 38.06% [α=0.50,β=1.00]
Epoch: 50, Loss: 0.2026, Train: 95.56%, Valid: 94.67%, Test: 93.83% [α=0.55,β=1.31]
Epoch: 100, Loss: 0.1003, Train: 98.12%, Valid: 95.19%, Test: 94.62% [α=0.56,β=1.42]
Epoch: 150, Loss: 0.0577, Train: 99.35%, Valid: 95.08%, Test: 94.35% [α=0.58,β=1.51]
Epoch: 200, Loss: 0.0458, Train: 99.53%, Valid: 95.29%, Test: 94.46% [α=0.60,β=1.58]
Epoch: 250, Loss: 0.0419, Train: 99.56%, Valid: 95.03%, Test: 94.15% [α=0.61,β=1.66]
Epoch: 300, Loss: 0.8542, Train: 75.92%, Valid: 76.10%, Test: 73.86% [α=0.56,β=1.43]
Run 10:Highest Train: 99.74 Highest Valid: 95.55 Highest Test: 95.19 Chosen epoch: 148
Final Train: 99.22 Final Test: 94.67
10 runs: Highest Train: 99.82 ± 0.18 Highest val epoch:147
Highest Test: 95.27 ± 0.40 Final Test: 94.90 ± 0.49
[16:24:23] DONE  amazon-photo_pcgt
[16:24:23] === ALL NEW DATASET EXPERIMENTS DONE ===

=== RESULTS ===
  amazon-computers_pcgt               Final Test: 88.27 ± 0.69
  amazon-computers_sgformer           Final Test: 87.21 ± 2.09
  amazon-photo_pcgt                   Final Test: 94.90 ± 0.49
  amazon-photo_sgformer               Final Test: 94.68 ± 1.14
  coauthor-cs_pcgt                    Final Test: 94.67 ± 0.47
  coauthor-physics_pcgt               Final Test: 96.61 ± 0.17
  coauthor-physics_sgformer           Final Test: 96.45 ± 0.13
