Namespace(data_dir='/Users/vn59a0h/thesis/PCGT/data', dataset='amazon-computers', device=0, seed=123, cpu=True, epochs=500, runs=5, train_prop=0.5, valid_prop=0.25, protocol='semi', rand_split=True, rand_split_class=False, label_num_per_class=20, valid_num=500, test_num=500, directed=False, method='pcgt', hidden_channels=64, num_layers=4, num_heads=1, alpha=0.5, use_bn=False, use_residual=True, use_graph=True, use_weight=False, use_init=False, use_act=False, attention='gcn', lr=0.01, weight_decay=0.0005, dropout=0.5, display_step=100, no_feat_norm=True, patience=200, graph_weight=0.8, ours_weight_decay=0.001, ours_use_weight=False, ours_use_residual=False, ours_use_act=False, backbone='gcn', ours_layers=1, ours_dropout=0.2, aggregate='add', hops=1, gat_heads=8, out_heads=1, lamda=0.1, num_elayers=2, encoder_emdim=768, num_partitions=10, num_reps=4, partition_method='metis', no_pse=False, local_only=False, global_only=False)
amazon-computers
amazon-computers: nodes=13752, edges=491722, feats=767, classes=10
features shape=torch.Size([13752, 767])
num nodes 13752 | num classes 10 | num node feats 767
Computing 10 partitions using metis...
Partitions: 10, Boundary nodes: 9500/13752 (69.1%)
Intra-partition edges: 357778/491722 (72.8%)
Epoch: 00, Loss: 2.2638, Train: 37.89%, Valid: 37.00%, Test: 37.26% [α=0.50,β=0.99]
Epoch: 100, Loss: 0.3179, Train: 92.03%, Valid: 88.34%, Test: 88.48% [α=0.58,β=1.30]
Epoch: 200, Loss: 0.2118, Train: 95.51%, Valid: 88.57%, Test: 88.66% [α=0.60,β=1.60]
Epoch: 300, Loss: 0.1462, Train: 97.59%, Valid: 88.83%, Test: 88.48% [α=0.62,β=1.88]
Epoch: 400, Loss: 0.2706, Train: 93.76%, Valid: 88.45%, Test: 88.28% [α=0.68,β=1.82]
Run 01:Highest Train: 98.01 Highest Valid: 89.82 Highest Test: 89.18 Chosen epoch: 309
Final Train: 97.41 Final Test: 88.13
Epoch: 00, Loss: 2.2932, Train: 37.27%, Valid: 37.26%, Test: 38.22% [α=0.50,β=1.00]
Epoch: 100, Loss: 0.3006, Train: 91.00%, Valid: 87.64%, Test: 88.25% [α=0.59,β=1.54]
Epoch: 200, Loss: 0.2132, Train: 96.06%, Valid: 89.12%, Test: 89.47% [α=0.65,β=1.93]
Epoch: 300, Loss: 0.1642, Train: 96.28%, Valid: 87.29%, Test: 87.93% [α=0.69,β=2.25]
Run 02:Highest Train: 98.56 Highest Valid: 89.76 Highest Test: 90.17 Chosen epoch: 184
Final Train: 95.29 Final Test: 89.94
Epoch: 00, Loss: 2.3752, Train: 37.70%, Valid: 36.18%, Test: 38.22% [α=0.50,β=1.00]
Epoch: 100, Loss: 0.3300, Train: 92.12%, Valid: 85.75%, Test: 86.85% [α=0.59,β=1.89]
Epoch: 200, Loss: 0.3403, Train: 86.36%, Valid: 79.58%, Test: 80.13% [α=0.64,β=2.33]
Epoch: 300, Loss: 0.1765, Train: 96.52%, Valid: 87.17%, Test: 88.42% [α=0.67,β=2.67]
Epoch: 400, Loss: 1.5887, Train: 69.39%, Valid: 66.93%, Test: 67.98% [α=0.69,β=2.93]
Run 03:Highest Train: 97.79 Highest Valid: 87.67 Highest Test: 88.92 Chosen epoch: 300
Final Train: 96.64 Final Test: 88.57
Epoch: 00, Loss: 2.3226, Train: 19.46%, Valid: 19.78%, Test: 19.58% [α=0.50,β=1.00]
Epoch: 100, Loss: 0.2926, Train: 92.41%, Valid: 87.03%, Test: 87.46% [α=0.62,β=1.82]
Epoch: 200, Loss: 0.2379, Train: 95.13%, Valid: 87.55%, Test: 87.35% [α=0.70,β=2.32]
Epoch: 300, Loss: 0.1412, Train: 97.85%, Valid: 87.67%, Test: 87.49% [α=0.74,β=2.69]
Epoch: 400, Loss: 0.2028, Train: 96.32%, Valid: 87.55%, Test: 87.99% [α=0.75,β=2.88]
Run 04:Highest Train: 98.04 Highest Valid: 88.13 Highest Test: 88.31 Chosen epoch: 263
Final Train: 97.40 Final Test: 87.67
Epoch: 00, Loss: 2.3855, Train: 10.37%, Valid: 10.44%, Test: 9.95% [α=0.50,β=1.00]
Epoch: 100, Loss: 0.3085, Train: 92.31%, Valid: 88.34%, Test: 87.84% [α=0.64,β=2.04]
Epoch: 200, Loss: 0.1892, Train: 95.83%, Valid: 87.84%, Test: 88.54% [α=0.68,β=2.52]
Epoch: 300, Loss: 0.1993, Train: 95.65%, Valid: 88.07%, Test: 87.78% [α=0.71,β=2.88]
Run 05:Highest Train: 97.32 Highest Valid: 89.03 Highest Test: 89.47 Chosen epoch: 129
Final Train: 93.40 Final Test: 88.16
5 runs: Highest Train: 97.94 ± 0.45 Highest val epoch:128
Highest Test: 89.21 ± 0.69 Final Test: 88.49 ± 0.87
