Downloading https://github.com/shchur/gnn-benchmark/raw/master/data/npz/ms_academic_phy.npz
Processing...
Done!
Downloading https://github.com/shchur/gnn-benchmark/raw/master/data/npz/amazon_electronics_computers.npz
Processing...
Done!
Downloading https://github.com/shchur/gnn-benchmark/raw/master/data/npz/amazon_electronics_photo.npz
Processing...
Done!

============================================================
Dataset: cora, K=10
============================================================
cora
Num nodes: 2708
Homophily h = 0.8100
train:torch.Size([140]), valid:torch.Size([500]), test:torch.Size([1000])
  Epoch   0: Loss=1.9748 Test=33.4% ['α=0.50,β=0.99']
  Epoch  50: Loss=0.0059 Test=76.7% ['α=0.53,β=1.15']
  Epoch 100: Loss=0.0071 Test=76.5% ['α=0.54,β=1.17']
  Epoch 150: Loss=0.0055 Test=78.9% ['α=0.55,β=1.18']
  Epoch 200: Loss=0.0038 Test=79.9% ['α=0.55,β=1.19']
  Epoch 250: Loss=0.0042 Test=78.1% ['α=0.55,β=1.19']
  Epoch 299: Loss=0.0042 Test=79.4% ['α=0.54,β=1.19']

  FINAL: h=0.8100, α=0.5449, β=1.1905

============================================================
Dataset: citeseer, K=20
============================================================
citeseer
Num nodes: 3327
Homophily h = 0.7355
train:torch.Size([120]), valid:torch.Size([500]), test:torch.Size([1000])
  Epoch   0: Loss=1.8224 Test=23.2% ['α=0.50,β=0.99']
  Epoch  50: Loss=0.0621 Test=65.8% ['α=0.50,β=1.19']
  Epoch 100: Loss=0.0708 Test=66.3% ['α=0.53,β=1.36']
  Epoch 150: Loss=0.0465 Test=67.4% ['α=0.55,β=1.62']
  Epoch 200: Loss=0.0485 Test=67.8% ['α=0.54,β=1.90']
  Epoch 250: Loss=0.0483 Test=67.7% ['α=0.54,β=2.15']
  Epoch 299: Loss=0.0505 Test=67.2% ['α=0.54,β=2.38']

  FINAL: h=0.7355, α=0.5405, β=2.3828

============================================================
Dataset: pubmed, K=50
============================================================
pubmed
Num nodes: 19717
Homophily h = 0.8024
train:torch.Size([60]), valid:torch.Size([500]), test:torch.Size([1000])
  Epoch   0: Loss=1.1064 Test=31.3% ['α=0.50,β=0.99']
  Epoch  50: Loss=0.0140 Test=76.3% ['α=0.55,β=1.13']
  Epoch 100: Loss=0.0150 Test=77.1% ['α=0.53,β=0.96']
  Epoch 150: Loss=0.0152 Test=75.3% ['α=0.52,β=0.76']
  Epoch 200: Loss=0.0075 Test=77.2% ['α=0.51,β=0.58']
  Epoch 250: Loss=0.0098 Test=76.2% ['α=0.51,β=0.43']
  Epoch 299: Loss=0.0095 Test=76.5% ['α=0.51,β=0.31']

  FINAL: h=0.8024, α=0.5067, β=0.3073

============================================================
Dataset: chameleon, K=10
============================================================
chameleon
Homophily h = 0.2361
  Epoch   0: Loss=1.5994 Test=36.1% ['α=0.50,β=0.99']
  Epoch  50: Loss=0.4487 Test=43.8% ['α=0.40,β=1.44']
  Epoch 100: Loss=0.2403 Test=42.3% ['α=0.39,β=1.99']
  Epoch 150: Loss=0.1571 Test=43.8% ['α=0.42,β=2.40']
  Epoch 200: Loss=0.1358 Test=40.7% ['α=0.46,β=2.71']
  Epoch 250: Loss=0.1052 Test=46.4% ['α=0.48,β=2.94']
  Epoch 299: Loss=0.1119 Test=41.8% ['α=0.49,β=3.11']

  FINAL: h=0.2361, α=0.4923, β=3.1083

============================================================
Dataset: squirrel, K=10
============================================================
squirrel
Homophily h = 0.2072
  Epoch   0: Loss=1.6613 Test=24.6% ['α=0.50,β=0.99']
  Epoch  50: Loss=1.1181 Test=47.1% ['α=0.41,β=1.20']
  Epoch 100: Loss=0.8327 Test=47.8% ['α=0.39,β=1.78']
  Epoch 150: Loss=0.5179 Test=45.6% ['α=0.40,β=2.42']
  Epoch 200: Loss=0.4159 Test=46.0% ['α=0.44,β=2.91']
  Epoch 250: Loss=0.3075 Test=41.4% ['α=0.48,β=3.29']
  Epoch 299: Loss=0.2616 Test=41.8% ['α=0.49,β=3.56']

  FINAL: h=0.2072, α=0.4914, β=3.5570

============================================================
Dataset: film, K=5
============================================================
film
(7600, 932)
Num nodes: 7600
Homophily h = 0.3145
  Epoch   0: Loss=1.7397 Test=5.1% ['α=0.49,β=0.95']
  Epoch  50: Loss=1.5151 Test=6.2% ['α=0.45,β=0.15']
  Epoch 100: Loss=1.4510 Test=5.7% ['α=0.51,β=0.08']
  Epoch 150: Loss=1.4303 Test=6.0% ['α=0.51,β=-0.07']
  Epoch 200: Loss=1.4232 Test=6.0% ['α=0.51,β=-0.15']
  Epoch 250: Loss=1.4303 Test=6.1% ['α=0.51,β=-0.22']
  Epoch 299: Loss=1.3838 Test=6.1% ['α=0.53,β=-0.57']

  FINAL: h=0.3145, α=0.5308, β=-0.5692

============================================================
Dataset: deezer-europe, K=20
============================================================
deezer-europe
Homophily h = 0.5251
  Epoch   0: Loss=0.7303 Test=55.9% ['α=0.50,β=0.99']
  Epoch  50: Loss=0.3192 Test=65.5% ['α=0.44,β=1.16']
  Epoch 100: Loss=0.1645 Test=64.6% ['α=0.38,β=0.86']
  Epoch 150: Loss=0.0940 Test=64.1% ['α=0.30,β=0.31']
  Epoch 200: Loss=0.0701 Test=62.9% ['α=0.24,β=-0.19']
  Epoch 250: Loss=0.0649 Test=64.1% ['α=0.19,β=-0.61']
  Epoch 299: Loss=0.0473 Test=64.0% ['α=0.17,β=-0.75']

  FINAL: h=0.5251, α=0.1716, β=-0.7500

============================================================
Dataset: coauthor-cs, K=15
============================================================
coauthor-cs
coauthor-cs: nodes=18333, edges=163788, feats=6805, classes=15
Homophily h = 0.8081
  Epoch   0: Loss=2.7507 Test=42.0% ['α=0.50,β=0.99']
  Epoch  50: Loss=0.1296 Test=93.4% ['α=0.47,β=1.30']
  Epoch 100: Loss=0.0676 Test=93.6% ['α=0.46,β=1.50']
  Epoch 150: Loss=0.0597 Test=93.5% ['α=0.43,β=1.66']
  Epoch 200: Loss=0.0555 Test=93.5% ['α=0.39,β=1.80']
  Epoch 250: Loss=0.0398 Test=93.6% ['α=0.36,β=1.94']
  Epoch 299: Loss=0.0579 Test=93.8% ['α=0.36,β=2.08']

  FINAL: h=0.8081, α=0.3646, β=2.0833

============================================================
Dataset: coauthor-physics, K=20
============================================================
coauthor-physics
coauthor-physics: nodes=34493, edges=495924, feats=8415, classes=5
Homophily h = 0.9314
  Epoch   0: Loss=1.5977 Test=61.3% ['α=0.50,β=0.99']
  Epoch  50: Loss=0.0758 Test=96.2% ['α=0.47,β=1.18']
  Epoch 100: Loss=0.0531 Test=96.1% ['α=0.45,β=1.30']
  Epoch 150: Loss=0.0466 Test=96.1% ['α=0.45,β=1.44']
  Epoch 200: Loss=0.0635 Test=96.2% ['α=0.45,β=1.69']
  Epoch 250: Loss=0.0387 Test=96.3% ['α=0.46,β=1.92']
  Epoch 299: Loss=0.0274 Test=96.4% ['α=0.45,β=2.09']

  FINAL: h=0.9314, α=0.4530, β=2.0911

============================================================
Dataset: amazon-computers, K=10
============================================================
amazon-computers
amazon-computers: nodes=13752, edges=491722, feats=767, classes=10
Homophily h = 0.7772
  Epoch   0: Loss=2.3841 Test=37.3% ['α=0.50,β=0.99']
  Epoch  50: Loss=0.4801 Test=83.9% ['α=0.54,β=1.21']
  Epoch 100: Loss=0.2841 Test=88.7% ['α=0.53,β=1.35']
  Epoch 150: Loss=0.4065 Test=85.9% ['α=0.56,β=1.59']
  Epoch 200: Loss=0.2065 Test=89.4% ['α=0.57,β=1.77']
  Epoch 250: Loss=0.1643 Test=89.4% ['α=0.59,β=1.94']
  Epoch 299: Loss=0.1462 Test=88.4% ['α=0.61,β=2.12']

  FINAL: h=0.7772, α=0.6144, β=2.1215

============================================================
Dataset: amazon-photo, K=10
============================================================
amazon-photo
amazon-photo: nodes=7650, edges=238162, feats=745, classes=8
Homophily h = 0.8272
  Epoch   0: Loss=2.1182 Test=21.4% ['α=0.50,β=0.99']
  Epoch  50: Loss=0.2143 Test=93.2% ['α=0.53,β=1.23']
  Epoch 100: Loss=0.0752 Test=94.8% ['α=0.52,β=1.36']
  Epoch 150: Loss=0.0483 Test=94.9% ['α=0.54,β=1.51']
  Epoch 200: Loss=0.0399 Test=94.7% ['α=0.58,β=1.64']
  Epoch 250: Loss=0.2460 Test=92.8% ['α=0.63,β=1.63']
  Epoch 299: Loss=0.1173 Test=94.6% ['α=0.63,β=1.75']

  FINAL: h=0.8272, α=0.6258, β=1.7531

======================================================================
Dataset                     h          β          α    Nodes
======================================================================
coauthor-physics       0.9314     2.0911     0.4530    34493
amazon-photo           0.8272     1.7531     0.6258     7650
cora                   0.8100     1.1905     0.5449     2708
coauthor-cs            0.8081     2.0833     0.3646    18333
pubmed                 0.8024     0.3073     0.5067    19717
amazon-computers       0.7772     2.1215     0.6144    13752
citeseer               0.7355     2.3828     0.5405     3327
deezer-europe          0.5251    -0.7500     0.1716    28281
film                   0.3145    -0.5692     0.5308     7600
chameleon              0.2361     3.1083     0.4923      890
squirrel               0.2072     3.5570     0.4914     2223
======================================================================

Pearson correlation(h, β) = -0.0979
