
============================================================
Dataset: chameleon — 5 seeds
============================================================

  --- Run 1/5, seed=42 ---
chameleon
    Epoch   0: Loss=1.6476 ['α=0.50,β=0.99']
    Epoch 100: Loss=0.2841 ['α=0.41,β=1.94']
    Epoch 200: Loss=0.1758 ['α=0.47,β=2.66']
    Epoch 299: Loss=0.1311 ['α=0.49,β=3.06']
  => β=3.0585, α=0.4941

  --- Run 2/5, seed=123 ---
chameleon
    Epoch   0: Loss=1.5994 ['α=0.50,β=0.99']
    Epoch 100: Loss=0.2403 ['α=0.39,β=1.99']
    Epoch 200: Loss=0.1358 ['α=0.46,β=2.71']
    Epoch 299: Loss=0.1119 ['α=0.49,β=3.11']
  => β=3.1083, α=0.4923

  --- Run 3/5, seed=256 ---
chameleon
    Epoch   0: Loss=1.6269 ['α=0.50,β=0.99']
    Epoch 100: Loss=0.2431 ['α=0.41,β=1.96']
    Epoch 200: Loss=0.1610 ['α=0.48,β=2.69']
    Epoch 299: Loss=0.1085 ['α=0.50,β=3.07']
  => β=3.0730, α=0.4965

  --- Run 4/5, seed=512 ---
chameleon
    Epoch   0: Loss=1.6292 ['α=0.50,β=0.99']
    Epoch 100: Loss=0.2985 ['α=0.40,β=1.95']
    Epoch 200: Loss=0.1525 ['α=0.47,β=2.65']
    Epoch 299: Loss=0.1214 ['α=0.49,β=3.05']
  => β=3.0524, α=0.4946

  --- Run 5/5, seed=1024 ---
chameleon
    Epoch   0: Loss=1.6285 ['α=0.50,β=0.99']
    Epoch 100: Loss=0.2487 ['α=0.39,β=1.97']
    Epoch 200: Loss=0.1712 ['α=0.46,β=2.69']
    Epoch 299: Loss=0.1008 ['α=0.49,β=3.09']
  => β=3.0864, α=0.4932

  SUMMARY for chameleon (h=0.2361):
    β values: ['3.0585', '3.1083', '3.0730', '3.0524', '3.0864']
    β mean ± std: 3.0757 ± 0.0201
    α mean ± std: 0.4941 ± 0.0014
    All β > 0? YES
    All β < 0? NO

============================================================
Dataset: squirrel — 5 seeds
============================================================

  --- Run 1/5, seed=42 ---
squirrel
    Epoch   0: Loss=1.7018 ['α=0.50,β=0.99']
    Epoch 100: Loss=0.7997 ['α=0.40,β=1.78']
    Epoch 200: Loss=0.3587 ['α=0.46,β=2.89']
    Epoch 299: Loss=0.2602 ['α=0.49,β=3.51']
  => β=3.5102, α=0.4900

  --- Run 2/5, seed=123 ---
squirrel
    Epoch   0: Loss=1.6613 ['α=0.50,β=0.99']
    Epoch 100: Loss=0.8327 ['α=0.39,β=1.78']
    Epoch 200: Loss=0.4159 ['α=0.44,β=2.91']
    Epoch 299: Loss=0.2616 ['α=0.49,β=3.56']
  => β=3.5570, α=0.4914

  --- Run 3/5, seed=256 ---
squirrel
    Epoch   0: Loss=1.6346 ['α=0.50,β=0.99']
    Epoch 100: Loss=0.7849 ['α=0.40,β=1.84']
    Epoch 200: Loss=0.3897 ['α=0.45,β=2.94']
    Epoch 299: Loss=0.2500 ['α=0.49,β=3.57']
  => β=3.5727, α=0.4907

  --- Run 4/5, seed=512 ---
squirrel
    Epoch   0: Loss=1.6230 ['α=0.50,β=0.99']
    Epoch 100: Loss=0.7839 ['α=0.40,β=1.87']
    Epoch 200: Loss=0.3679 ['α=0.46,β=2.92']
    Epoch 299: Loss=0.2363 ['α=0.49,β=3.53']
  => β=3.5293, α=0.4924

  --- Run 5/5, seed=1024 ---
squirrel
    Epoch   0: Loss=1.6503 ['α=0.50,β=0.99']
    Epoch 100: Loss=0.8609 ['α=0.42,β=1.64']
    Epoch 200: Loss=0.4343 ['α=0.45,β=2.79']
    Epoch 299: Loss=0.2724 ['α=0.49,β=3.47']
  => β=3.4721, α=0.4888

  SUMMARY for squirrel (h=0.2072):
    β values: ['3.5102', '3.5570', '3.5727', '3.5293', '3.4721']
    β mean ± std: 3.5283 ± 0.0354
    α mean ± std: 0.4906 ± 0.0012
    All β > 0? YES
    All β < 0? NO

============================================================
Done. If β is consistently positive for heterophilic graphs,
this is a genuine exception to Proposition 3 (not variance).
============================================================
