
============================================================
Dataset: cora, K=10
============================================================
cora
Num nodes: 2708
Homophily h = 0.8100
train:torch.Size([140]), valid:torch.Size([500]), test:torch.Size([1000])
  Epoch   0: Loss=1.9748 Test=33.4% ['α=0.50,β=0.99']
  Epoch  50: Loss=0.0059 Test=76.7% ['α=0.53,β=1.15']
  Epoch 100: Loss=0.0071 Test=76.5% ['α=0.54,β=1.17']
  Epoch 150: Loss=0.0055 Test=78.9% ['α=0.55,β=1.18']
  Epoch 200: Loss=0.0038 Test=79.9% ['α=0.55,β=1.19']
  Epoch 250: Loss=0.0042 Test=78.1% ['α=0.55,β=1.19']
  Epoch 299: Loss=0.0042 Test=79.4% ['α=0.54,β=1.19']

  FINAL: h=0.8100, α=0.5449, β=1.1905

============================================================
Dataset: citeseer, K=20
============================================================
citeseer
Num nodes: 3327
Homophily h = 0.7355
train:torch.Size([120]), valid:torch.Size([500]), test:torch.Size([1000])
  Epoch   0: Loss=1.8224 Test=23.2% ['α=0.50,β=0.99']
  Epoch  50: Loss=0.0621 Test=65.8% ['α=0.50,β=1.19']
  Epoch 100: Loss=0.0708 Test=66.3% ['α=0.53,β=1.36']
  Epoch 150: Loss=0.0465 Test=67.4% ['α=0.55,β=1.62']
  Epoch 200: Loss=0.0485 Test=67.8% ['α=0.54,β=1.90']
  Epoch 250: Loss=0.0483 Test=67.7% ['α=0.54,β=2.15']
  Epoch 299: Loss=0.0505 Test=67.2% ['α=0.54,β=2.38']

  FINAL: h=0.7355, α=0.5405, β=2.3828

============================================================
Dataset: pubmed, K=50
============================================================
pubmed
Num nodes: 19717
Homophily h = 0.8024
train:torch.Size([60]), valid:torch.Size([500]), test:torch.Size([1000])
  Epoch   0: Loss=1.1064 Test=31.3% ['α=0.50,β=0.99']
  Epoch  50: Loss=0.0140 Test=76.3% ['α=0.55,β=1.13']
  Epoch 100: Loss=0.0150 Test=77.1% ['α=0.53,β=0.96']
  Epoch 150: Loss=0.0152 Test=75.3% ['α=0.52,β=0.76']
  Epoch 200: Loss=0.0075 Test=77.2% ['α=0.51,β=0.58']
  Epoch 250: Loss=0.0098 Test=76.2% ['α=0.51,β=0.43']
  Epoch 299: Loss=0.0095 Test=76.5% ['α=0.51,β=0.31']

  FINAL: h=0.8024, α=0.5067, β=0.3073

============================================================
Dataset: chameleon, K=10
============================================================
chameleon
Homophily h = 0.2361
  Epoch   0: Loss=1.5994 Test=36.1% ['α=0.50,β=0.99']
  Epoch  50: Loss=0.4487 Test=43.8% ['α=0.40,β=1.44']
  Epoch 100: Loss=0.2403 Test=42.3% ['α=0.39,β=1.99']
  Epoch 150: Loss=0.1571 Test=43.8% ['α=0.42,β=2.40']
  Epoch 200: Loss=0.1358 Test=40.7% ['α=0.46,β=2.71']
  Epoch 250: Loss=0.1052 Test=46.4% ['α=0.48,β=2.94']
  Epoch 299: Loss=0.1119 Test=41.8% ['α=0.49,β=3.11']

  FINAL: h=0.2361, α=0.4923, β=3.1083

============================================================
Dataset: squirrel, K=10
============================================================
squirrel
Homophily h = 0.2072
  Epoch   0: Loss=1.6613 Test=24.6% ['α=0.50,β=0.99']
  Epoch  50: Loss=1.1181 Test=47.1% ['α=0.41,β=1.20']
  Epoch 100: Loss=0.8327 Test=47.8% ['α=0.39,β=1.78']
  Epoch 150: Loss=0.5179 Test=45.6% ['α=0.40,β=2.42']
  Epoch 200: Loss=0.4159 Test=46.0% ['α=0.44,β=2.91']
  Epoch 250: Loss=0.3075 Test=41.4% ['α=0.48,β=3.29']
  Epoch 299: Loss=0.2616 Test=41.8% ['α=0.49,β=3.56']

  FINAL: h=0.2072, α=0.4914, β=3.5570

============================================================
Dataset: film, K=5
============================================================
film
(7600, 932)
Num nodes: 7600
Homophily h = 0.3145
  Epoch   0: Loss=1.7397 Test=5.1% ['α=0.49,β=0.95']
  Epoch  50: Loss=1.5151 Test=6.2% ['α=0.45,β=0.15']
  Epoch 100: Loss=1.4510 Test=5.7% ['α=0.51,β=0.08']
  Epoch 150: Loss=1.4303 Test=6.0% ['α=0.51,β=-0.07']
  Epoch 200: Loss=1.4232 Test=6.0% ['α=0.51,β=-0.15']
  Epoch 250: Loss=1.4303 Test=6.1% ['α=0.51,β=-0.22']
  Epoch 299: Loss=1.3838 Test=6.1% ['α=0.53,β=-0.57']

  FINAL: h=0.3145, α=0.5308, β=-0.5692

============================================================
Dataset: deezer-europe, K=20
============================================================
deezer-europe
Homophily h = 0.5251
  Epoch   0: Loss=0.7303 Test=55.9% ['α=0.50,β=0.99']
