
============================================================
Dataset: film
============================================================
  Using 10 fixed splits (same as paper)
film
(7600, 932)
Num nodes: 7600
  Loaded 10 fixed splits

  --- Split 0, seed=123 ---
film
(7600, 932)
Num nodes: 7600
    Train size: 3648, Test size: 1520
    Epoch   0: Loss=1.7397 Test=25.3% ['α=0.49,β=0.95']
    Epoch 100: Loss=1.4510 Test=28.5% ['α=0.51,β=0.08']
    Epoch 200: Loss=1.4232 Test=29.9% ['α=0.51,β=-0.15']
    Epoch 300: Loss=1.3956 Test=30.9% ['α=0.53,β=-0.58']
    Epoch 400: Loss=1.3193 Test=35.6% ['α=0.50,β=-1.69']
    Epoch 499: Loss=1.3605 Test=33.8% ['α=0.51,β=-1.35']
  => β=-1.3541, α=0.5132, test=35.6%

  --- Split 1, seed=124 ---
film
(7600, 932)
Num nodes: 7600
    Train size: 3648, Test size: 1520
    Epoch   0: Loss=1.8157 Test=21.6% ['α=0.49,β=0.95']
    Epoch 100: Loss=1.4513 Test=29.7% ['α=0.51,β=0.07']
    Epoch 200: Loss=1.4186 Test=29.5% ['α=0.52,β=-0.30']
    Epoch 300: Loss=1.3258 Test=33.6% ['α=0.50,β=-1.53']
    Epoch 400: Loss=1.3614 Test=33.6% ['α=0.51,β=-1.43']
    Epoch 499: Loss=1.3358 Test=33.9% ['α=0.51,β=-1.67']
  => β=-1.6698, α=0.5054, test=33.9%

  --- Split 2, seed=125 ---
film
(7600, 932)
Num nodes: 7600
    Train size: 3648, Test size: 1520
    Epoch   0: Loss=1.6891 Test=26.4% ['α=0.49,β=0.95']
    Epoch 100: Loss=1.4794 Test=29.8% ['α=0.51,β=0.07']
    Epoch 200: Loss=1.4199 Test=32.2% ['α=0.51,β=-0.18']
    Epoch 300: Loss=1.5001 Test=30.0% ['α=0.51,β=-0.36']
    Epoch 400: Loss=1.3532 Test=36.1% ['α=0.50,β=-1.49']
    Epoch 499: Loss=1.3344 Test=35.1% ['α=0.51,β=-1.37']
  => β=-1.3724, α=0.5051, test=36.1%

  --- Split 3, seed=126 ---
film
(7600, 932)
Num nodes: 7600
    Train size: 3648, Test size: 1520
    Epoch   0: Loss=1.6834 Test=23.6% ['α=0.49,β=0.95']
    Epoch 100: Loss=1.4479 Test=30.7% ['α=0.51,β=-0.01']
    Epoch 200: Loss=1.4835 Test=29.2% ['α=0.51,β=-0.68']
    Epoch 300: Loss=1.3585 Test=33.2% ['α=0.51,β=-1.63']
    Epoch 400: Loss=1.3124 Test=35.5% ['α=0.51,β=-1.71']
    Epoch 499: Loss=1.3281 Test=34.7% ['α=0.51,β=-1.95']
  => β=-1.9523, α=0.5090, test=35.5%

  --- Split 4, seed=127 ---
film
(7600, 932)
Num nodes: 7600
    Train size: 3648, Test size: 1520
    Epoch   0: Loss=1.6986 Test=23.0% ['α=0.49,β=0.95']
    Epoch 100: Loss=1.4638 Test=28.9% ['α=0.51,β=0.03']
    Epoch 200: Loss=1.4462 Test=31.9% ['α=0.50,β=-1.06']
    Epoch 300: Loss=1.3099 Test=35.2% ['α=0.51,β=-1.71']
    Epoch 400: Loss=1.3029 Test=36.4% ['α=0.51,β=-1.95']
    Epoch 499: Loss=1.2940 Test=33.8% ['α=0.51,β=-2.24']
  => β=-2.2365, α=0.5114, test=36.4%

  --- Split 5, seed=128 ---
film
(7600, 932)
Num nodes: 7600
    Train size: 3648, Test size: 1520
    Epoch   0: Loss=1.7402 Test=26.0% ['α=0.49,β=0.95']
    Epoch 100: Loss=1.4804 Test=28.9% ['α=0.51,β=0.06']
    Epoch 200: Loss=1.4230 Test=31.2% ['α=0.51,β=-0.20']
    Epoch 300: Loss=1.3536 Test=32.9% ['α=0.50,β=-1.38']
    Epoch 400: Loss=1.3507 Test=34.6% ['α=0.51,β=-1.38']
    Epoch 499: Loss=1.2894 Test=34.6% ['α=0.51,β=-1.56']
  => β=-1.5573, α=0.5097, test=34.6%

  --- Split 6, seed=129 ---
film
(7600, 932)
Num nodes: 7600
    Train size: 3648, Test size: 1520
    Epoch   0: Loss=1.7577 Test=24.3% ['α=0.49,β=0.95']
    Epoch 100: Loss=1.4557 Test=29.4% ['α=0.51,β=0.03']
    Epoch 200: Loss=1.4094 Test=32.2% ['α=0.50,β=-0.96']
    Epoch 300: Loss=1.3731 Test=35.9% ['α=0.51,β=-1.36']
    Epoch 400: Loss=1.3331 Test=34.3% ['α=0.51,β=-1.62']
    Epoch 499: Loss=1.3415 Test=33.3% ['α=0.51,β=-1.42']
  => β=-1.4230, α=0.5111, test=35.9%

  --- Split 7, seed=130 ---
film
(7600, 932)
Num nodes: 7600
    Train size: 3648, Test size: 1520
    Epoch   0: Loss=1.7923 Test=22.0% ['α=0.49,β=0.95']
    Epoch 100: Loss=1.4543 Test=30.2% ['α=0.51,β=0.17']
    Epoch 200: Loss=1.4182 Test=31.2% ['α=0.50,β=1.23']
    Epoch 300: Loss=1.3614 Test=32.8% ['α=0.50,β=1.60']
    Epoch 400: Loss=1.3217 Test=31.5% ['α=0.50,β=1.79']
    Epoch 499: Loss=1.2963 Test=35.7% ['α=0.50,β=1.80']
  => β=1.7979, α=0.4980, test=35.7%

  --- Split 8, seed=131 ---
film
(7600, 932)
Num nodes: 7600
    Train size: 3648, Test size: 1520
    Epoch   0: Loss=1.7603 Test=23.1% ['α=0.49,β=0.95']
    Epoch 100: Loss=1.4935 Test=28.9% ['α=0.51,β=-0.03']
    Epoch 200: Loss=1.3866 Test=33.2% ['α=0.51,β=-1.13']
    Epoch 300: Loss=1.3048 Test=36.2% ['α=0.51,β=-1.57']
    Epoch 400: Loss=1.2993 Test=35.2% ['α=0.51,β=-1.85']
    Epoch 499: Loss=1.2965 Test=37.8% ['α=0.51,β=-1.98']
  => β=-1.9850, α=0.5081, test=37.8%

  --- Split 9, seed=132 ---
film
(7600, 932)
Num nodes: 7600
    Train size: 3648, Test size: 1520
    Epoch   0: Loss=1.7319 Test=25.7% ['α=0.49,β=0.95']
    Epoch 100: Loss=1.4301 Test=32.4% ['α=0.50,β=0.86']
    Epoch 200: Loss=1.3817 Test=31.4% ['α=0.50,β=1.58']
    Epoch 300: Loss=1.3417 Test=33.1% ['α=0.50,β=1.70']
    Epoch 400: Loss=1.3862 Test=34.9% ['α=0.50,β=1.78']
    Epoch 499: Loss=1.3045 Test=37.5% ['α=0.50,β=1.84']
  => β=1.8389, α=0.4988, test=37.5%

  ==================================================
  SUMMARY for film (h=0.3145):
    β values: ['-1.3541', '-1.6698', '-1.3724', '-1.9523', '-2.2365', '-1.5573', '-1.4230', '1.7979', '-1.9850', '1.8389']
    β mean ± std: -0.9914 ± 1.4316
    α mean ± std: 0.5070 ± 0.0049
    Test acc: 35.90 ± 1.11%
    All β > 0? NO
    All β < 0? NO
    Positive: 2/10, Negative: 8/10

============================================================
Dataset: deezer-europe
============================================================
  Using 5 random seeds

  --- Run 1/5, seed=42 ---
deezer-europe
    Train size: 14140, Test size: 7071
    Epoch   0: Loss=0.7312 Test=55.6% ['α=0.50,β=0.99']
    Epoch 100: Loss=0.1957 Test=62.6% ['α=0.46,β=0.76']
    Epoch 200: Loss=0.0789 Test=62.6% ['α=0.45,β=0.15']
    Epoch 300: Loss=0.1360 Test=60.7% ['α=0.55,β=-0.09']
    Epoch 400: Loss=0.0594 Test=62.5% ['α=0.52,β=-0.15']
    Epoch 499: Loss=0.0507 Test=61.9% ['α=0.49,β=-0.27']
  => β=-0.2722, α=0.4873, test=62.6%

  --- Run 2/5, seed=123 ---
deezer-europe
    Train size: 14140, Test size: 7071
    Epoch   0: Loss=0.7303 Test=55.9% ['α=0.50,β=0.99']
    Epoch 100: Loss=0.1645 Test=64.6% ['α=0.38,β=0.86']
    Epoch 200: Loss=0.0701 Test=62.9% ['α=0.24,β=-0.19']
    Epoch 300: Loss=0.0495 Test=64.2% ['α=0.17,β=-0.75']
    Epoch 400: Loss=0.0467 Test=64.1% ['α=0.15,β=-0.86']
    Epoch 499: Loss=0.0446 Test=64.0% ['α=0.14,β=-0.90']
  => β=-0.9029, α=0.1424, test=64.6%

  --- Run 3/5, seed=256 ---
deezer-europe
    Train size: 14140, Test size: 7071
    Epoch   0: Loss=0.7237 Test=56.3% ['α=0.50,β=0.99']
    Epoch 100: Loss=0.1282 Test=63.3% ['α=0.36,β=0.92']
    Epoch 200: Loss=0.0583 Test=63.2% ['α=0.25,β=-0.00']
    Epoch 300: Loss=0.0428 Test=62.5% ['α=0.19,β=-0.56']
    Epoch 400: Loss=0.1302 Test=63.2% ['α=0.15,β=-0.84']
    Epoch 499: Loss=0.0437 Test=64.2% ['α=0.12,β=-0.83']
  => β=-0.8269, α=0.1218, test=64.2%

  --- Run 4/5, seed=512 ---
deezer-europe
    Train size: 14140, Test size: 7071
    Epoch   0: Loss=0.7719 Test=55.8% ['α=0.50,β=0.99']
    Epoch 100: Loss=0.1810 Test=64.1% ['α=0.46,β=1.03']
    Epoch 200: Loss=0.1021 Test=64.1% ['α=0.43,β=0.29']
    Epoch 300: Loss=0.0908 Test=64.4% ['α=0.40,β=-0.15']
    Epoch 400: Loss=0.0836 Test=63.4% ['α=0.35,β=-0.27']
    Epoch 499: Loss=0.0519 Test=63.8% ['α=0.32,β=-0.46']
  => β=-0.4591, α=0.3175, test=64.4%

  --- Run 5/5, seed=1024 ---
deezer-europe
    Train size: 14140, Test size: 7071
    Epoch   0: Loss=0.7613 Test=56.7% ['α=0.50,β=0.99']
    Epoch 100: Loss=0.1721 Test=64.2% ['α=0.48,β=0.89']
    Epoch 200: Loss=0.1198 Test=62.8% ['α=0.53,β=0.29']
    Epoch 300: Loss=0.0780 Test=62.9% ['α=0.51,β=-0.09']
    Epoch 400: Loss=0.0535 Test=62.7% ['α=0.48,β=-0.26']
    Epoch 499: Loss=0.0555 Test=62.1% ['α=0.47,β=-0.39']
  => β=-0.3946, α=0.4728, test=64.2%

  ==================================================
  SUMMARY for deezer-europe (h=0.5251):
    β values: ['-0.2722', '-0.9029', '-0.8269', '-0.4591', '-0.3946']
    β mean ± std: -0.5711 ± 0.2484
    α mean ± std: 0.3084 ± 0.1559
    Test acc: 64.00 ± 0.70%
    All β > 0? NO
    All β < 0? YES
    Positive: 0/5, Negative: 5/5

============================================================
DONE
============================================================
