Namespace(data_dir='/Users/vn59a0h/thesis/PCGT/data', dataset='coauthor-cs', device=0, seed=123, cpu=True, epochs=500, runs=5, train_prop=0.5, valid_prop=0.25, protocol='semi', rand_split=True, rand_split_class=False, label_num_per_class=20, valid_num=500, test_num=500, directed=False, method='pcgt', hidden_channels=64, num_layers=4, num_heads=1, alpha=0.5, use_bn=False, use_residual=True, use_graph=True, use_weight=False, use_init=False, use_act=False, attention='gcn', lr=0.01, weight_decay=0.0005, dropout=0.5, display_step=100, no_feat_norm=True, patience=200, graph_weight=0.8, ours_weight_decay=0.001, ours_use_weight=False, ours_use_residual=False, ours_use_act=False, backbone='gcn', ours_layers=1, ours_dropout=0.2, aggregate='add', hops=1, gat_heads=8, out_heads=1, lamda=0.1, num_elayers=2, encoder_emdim=768, num_partitions=15, num_reps=4, partition_method='random', no_pse=False, local_only=False, global_only=False)
coauthor-cs
coauthor-cs: nodes=18333, edges=163788, feats=6805, classes=15
features shape=torch.Size([18333, 6805])
num nodes 18333 | num classes 15 | num node feats 6805
Computing 15 partitions using random...
Partitions: 15, Boundary nodes: 18254/18333 (99.6%)
Intra-partition edges: 10934/163788 (6.7%)
Epoch: 00, Loss: 2.7324, Train: 23.39%, Valid: 23.19%, Test: 22.14% [α=0.50,β=1.01]
Epoch: 100, Loss: 0.0918, Train: 98.53%, Valid: 93.37%, Test: 93.78% [α=0.67,β=1.55]
Epoch: 200, Loss: 0.0557, Train: 99.54%, Valid: 94.02%, Test: 94.15% [α=0.75,β=1.91]
Epoch: 300, Loss: 0.0466, Train: 99.57%, Valid: 93.56%, Test: 94.07% [α=0.80,β=2.17]
Epoch: 400, Loss: 0.0861, Train: 98.76%, Valid: 94.48%, Test: 94.18% [α=0.75,β=2.64]
Run 01:Highest Train: 99.93 Highest Valid: 95.07 Highest Test: 94.57 Chosen epoch: 485
Final Train: 99.88 Final Test: 94.50
Epoch: 00, Loss: 2.7037, Train: 19.93%, Valid: 19.38%, Test: 20.27% [α=0.50,β=1.00]
Epoch: 100, Loss: 0.3608, Train: 97.82%, Valid: 93.10%, Test: 93.56% [α=0.50,β=2.19]
Epoch: 200, Loss: 0.0536, Train: 99.63%, Valid: 94.55%, Test: 94.59% [α=0.50,β=2.76]
Epoch: 300, Loss: 0.0360, Train: 99.84%, Valid: 94.63%, Test: 94.92% [α=0.49,β=3.11]
Epoch: 400, Loss: 0.0504, Train: 99.37%, Valid: 93.96%, Test: 94.28% [α=0.47,β=3.39]
Run 02:Highest Train: 99.99 Highest Valid: 95.05 Highest Test: 95.00 Chosen epoch: 491
Final Train: 99.95 Final Test: 94.81
Epoch: 00, Loss: 2.6971, Train: 44.27%, Valid: 44.77%, Test: 44.55% [α=0.50,β=1.00]
Epoch: 100, Loss: 0.0804, Train: 97.91%, Valid: 93.93%, Test: 93.65% [α=0.55,β=2.26]
Epoch: 200, Loss: 0.0464, Train: 99.66%, Valid: 94.87%, Test: 94.90% [α=0.60,β=2.77]
Epoch: 300, Loss: 0.0352, Train: 99.96%, Valid: 95.13%, Test: 94.98% [α=0.60,β=3.13]
Epoch: 400, Loss: 0.0292, Train: 99.88%, Valid: 95.16%, Test: 95.07% [α=0.59,β=3.42]
Run 03:Highest Train: 99.97 Highest Valid: 95.46 Highest Test: 95.38 Chosen epoch: 358
Final Train: 99.91 Final Test: 94.92
Epoch: 00, Loss: 2.6802, Train: 23.16%, Valid: 22.26%, Test: 22.38% [α=0.50,β=1.00]
Epoch: 100, Loss: 0.0958, Train: 98.79%, Valid: 94.35%, Test: 94.18% [α=0.52,β=2.57]
Epoch: 200, Loss: 0.0424, Train: 99.84%, Valid: 94.68%, Test: 94.94% [α=0.53,β=3.17]
Epoch: 300, Loss: 0.0338, Train: 99.87%, Valid: 95.03%, Test: 94.94% [α=0.55,β=3.53]
Epoch: 400, Loss: 0.0314, Train: 99.98%, Valid: 94.83%, Test: 95.20% [α=0.56,β=3.82]
Run 04:Highest Train: 99.99 Highest Valid: 95.40 Highest Test: 95.55 Chosen epoch: 459
Final Train: 99.98 Final Test: 94.96
Epoch: 00, Loss: 2.7383, Train: 23.57%, Valid: 22.98%, Test: 22.84% [α=0.50,β=1.00]
Epoch: 100, Loss: 0.0652, Train: 99.26%, Valid: 94.76%, Test: 94.28% [α=0.50,β=2.59]
Epoch: 200, Loss: 0.0879, Train: 99.50%, Valid: 94.13%, Test: 94.02% [α=0.57,β=3.39]
Epoch: 300, Loss: 0.0459, Train: 99.95%, Valid: 95.09%, Test: 95.16% [α=0.57,β=4.05]
Epoch: 400, Loss: 0.0343, Train: 99.95%, Valid: 95.44%, Test: 95.35% [α=0.56,β=4.41]
Run 05:Highest Train: 100.00 Highest Valid: 95.64 Highest Test: 95.66 Chosen epoch: 467
Final Train: 99.96 Final Test: 95.66
5 runs: Highest Train: 99.98 ± 0.03 Highest val epoch:466
Highest Test: 95.23 ± 0.45 Final Test: 94.97 ± 0.42
