Downloading https://github.com/shchur/gnn-benchmark/raw/master/data/npz/ms_academic_cs.npz
Processing...
Done!
Namespace(data_dir='/Users/vn59a0h/thesis/PCGT/data', dataset='coauthor-cs', device=0, seed=123, cpu=True, epochs=500, runs=5, train_prop=0.5, valid_prop=0.25, protocol='semi', rand_split=True, rand_split_class=False, label_num_per_class=20, valid_num=500, test_num=500, directed=False, method='pcgt', hidden_channels=64, num_layers=4, num_heads=1, alpha=0.5, use_bn=False, use_residual=True, use_graph=True, use_weight=False, use_init=False, use_act=False, attention='gcn', lr=0.01, weight_decay=0.0005, dropout=0.5, display_step=100, no_feat_norm=True, patience=200, graph_weight=0.8, ours_weight_decay=0.001, ours_use_weight=False, ours_use_residual=False, ours_use_act=False, backbone='gcn', ours_layers=1, ours_dropout=0.2, aggregate='add', hops=1, gat_heads=8, out_heads=1, lamda=0.1, num_elayers=2, encoder_emdim=768, num_partitions=15, num_reps=4, partition_method='metis', no_pse=False, local_only=False, global_only=False)
coauthor-cs
coauthor-cs: nodes=18333, edges=163788, feats=6805, classes=15
features shape=torch.Size([18333, 6805])
num nodes 18333 | num classes 15 | num node feats 6805
Computing 15 partitions using metis...
Partitions: 15, Boundary nodes: 9937/18333 (54.2%)
Intra-partition edges: 130044/163788 (79.4%)
Epoch: 00, Loss: 2.7321, Train: 28.52%, Valid: 27.75%, Test: 27.51% [α=0.50,β=1.01]
Epoch: 100, Loss: 0.0648, Train: 98.92%, Valid: 93.41%, Test: 93.50% [α=0.49,β=1.49]
Epoch: 200, Loss: 0.0547, Train: 99.14%, Valid: 93.08%, Test: 93.61% [α=0.41,β=1.71]
Epoch: 300, Loss: 0.0568, Train: 99.33%, Valid: 93.91%, Test: 93.91% [α=0.40,β=2.12]
Epoch: 400, Loss: 0.0334, Train: 99.93%, Valid: 93.34%, Test: 93.72% [α=0.38,β=2.46]
Run 01:Highest Train: 99.93 Highest Valid: 94.28 Highest Test: 94.35 Chosen epoch: 315
Final Train: 99.65 Final Test: 94.09
Epoch: 00, Loss: 2.7262, Train: 22.56%, Valid: 20.49%, Test: 20.88% [α=0.50,β=1.00]
Epoch: 100, Loss: 0.0542, Train: 99.52%, Valid: 94.02%, Test: 94.00% [α=0.50,β=2.17]
Epoch: 200, Loss: 0.0446, Train: 99.87%, Valid: 94.35%, Test: 94.31% [α=0.55,β=2.64]
Epoch: 300, Loss: 0.0303, Train: 99.72%, Valid: 94.11%, Test: 94.33% [α=0.52,β=3.00]
Epoch: 400, Loss: 0.0372, Train: 99.61%, Valid: 93.74%, Test: 94.04% [α=0.49,β=3.32]
Run 02:Highest Train: 99.98 Highest Valid: 94.68 Highest Test: 94.81 Chosen epoch: 424
Final Train: 99.90 Final Test: 94.72
Epoch: 00, Loss: 2.7130, Train: 23.94%, Valid: 25.11%, Test: 24.06% [α=0.50,β=1.00]
Epoch: 100, Loss: 0.0657, Train: 99.35%, Valid: 94.85%, Test: 94.76% [α=0.49,β=2.25]
Epoch: 200, Loss: 0.0458, Train: 99.74%, Valid: 94.96%, Test: 94.63% [α=0.46,β=2.77]
Epoch: 300, Loss: 0.0398, Train: 99.80%, Valid: 94.59%, Test: 94.98% [α=0.43,β=3.15]
Run 03:Highest Train: 99.93 Highest Valid: 95.27 Highest Test: 95.33 Chosen epoch: 114
Final Train: 99.45 Final Test: 95.05
Epoch: 00, Loss: 2.7005, Train: 13.83%, Valid: 13.05%, Test: 14.38% [α=0.50,β=1.00]
Epoch: 100, Loss: 0.0572, Train: 99.40%, Valid: 94.44%, Test: 94.66% [α=0.49,β=2.41]
Epoch: 200, Loss: 0.0358, Train: 99.73%, Valid: 94.94%, Test: 94.92% [α=0.50,β=2.92]
Epoch: 300, Loss: 0.0334, Train: 99.90%, Valid: 94.61%, Test: 94.94% [α=0.49,β=3.31]
Run 04:Highest Train: 99.97 Highest Valid: 95.13 Highest Test: 95.33 Chosen epoch: 109
Final Train: 99.44 Final Test: 95.00
Epoch: 00, Loss: 2.7325, Train: 13.36%, Valid: 13.35%, Test: 12.81% [α=0.50,β=1.00]
Epoch: 100, Loss: 0.0926, Train: 98.95%, Valid: 94.48%, Test: 93.96% [α=0.49,β=2.30]
Epoch: 200, Loss: 0.0480, Train: 99.65%, Valid: 94.81%, Test: 94.39% [α=0.53,β=3.00]
Epoch: 300, Loss: 0.0406, Train: 99.23%, Valid: 94.20%, Test: 94.09% [α=0.54,β=3.49]
Epoch: 400, Loss: 0.0325, Train: 99.90%, Valid: 94.96%, Test: 94.72% [α=0.54,β=3.85]
Run 05:Highest Train: 99.98 Highest Valid: 95.27 Highest Test: 95.14 Chosen epoch: 259
Final Train: 99.86 Final Test: 94.48
5 runs: Highest Train: 99.96 ± 0.02 Highest val epoch:258
Highest Test: 94.99 ± 0.42 Final Test: 94.67 ± 0.40
