Namespace(data_dir='/Users/vn59a0h/thesis/PCGT/data', dataset='cora', device=0, seed=123, cpu=True, epochs=500, runs=5, train_prop=0.5, valid_prop=0.25, protocol='semi', rand_split=False, rand_split_class=True, label_num_per_class=20, valid_num=500, test_num=1000, directed=False, method='pcgt', hidden_channels=64, num_layers=2, num_heads=1, alpha=0.5, use_bn=False, use_residual=True, use_graph=True, use_weight=False, use_init=False, use_act=False, attention='gcn', lr=0.01, weight_decay=0.0005, dropout=0.4, display_step=100, no_feat_norm=True, patience=200, graph_weight=0.8, ours_weight_decay=0.001, ours_use_weight=False, ours_use_residual=False, ours_use_act=False, backbone='gcn', ours_layers=1, ours_dropout=0.2, aggregate='add', hops=1, gat_heads=8, out_heads=1, lamda=0.1, num_elayers=2, encoder_emdim=768, num_partitions=10, num_reps=4, partition_method='random', no_pse=False, local_only=False, global_only=False)
cora
Num nodes: 2708
train:torch.Size([140]), valid:torch.Size([500]), test:torch.Size([1000])
features shape=torch.Size([2708, 1433])
num nodes 2708 | num classes 7 | num node feats 1433
Computing 10 partitions using random...
Partitions: 10, Boundary nodes: 2658/2708 (98.2%)
Intra-partition edges: 1064/10556 (10.1%)
Epoch: 00, Loss: 1.9497, Train: 74.29%, Valid: 33.80%, Test: 35.60% [α=0.50,β=0.99]
Epoch: 100, Loss: 0.0045, Train: 100.00%, Valid: 79.00%, Test: 82.70% [α=0.51,β=1.17]
Epoch: 200, Loss: 0.0062, Train: 100.00%, Valid: 77.80%, Test: 83.00% [α=0.51,β=1.18]
Run 01:Highest Train: 100.00 Highest Valid: 80.40 Highest Test: 84.40 Chosen epoch: 11
Final Train: 100.00 Final Test: 84.00
Epoch: 00, Loss: 1.9510, Train: 43.57%, Valid: 27.80%, Test: 30.30% [α=0.50,β=1.00]
Epoch: 100, Loss: 0.0036, Train: 100.00%, Valid: 78.40%, Test: 81.40% [α=0.51,β=1.28]
Epoch: 200, Loss: 0.0051, Train: 100.00%, Valid: 79.40%, Test: 82.10% [α=0.51,β=1.27]
Run 02:Highest Train: 100.00 Highest Valid: 81.00 Highest Test: 85.20 Chosen epoch: 7
Final Train: 100.00 Final Test: 84.10
Epoch: 00, Loss: 1.9495, Train: 30.00%, Valid: 26.60%, Test: 28.00% [α=0.50,β=1.00]
Epoch: 100, Loss: 0.0038, Train: 100.00%, Valid: 79.60%, Test: 82.00% [α=0.51,β=1.38]
Epoch: 200, Loss: 0.0051, Train: 100.00%, Valid: 78.80%, Test: 82.20% [α=0.51,β=1.36]
Epoch: 300, Loss: 0.0044, Train: 100.00%, Valid: 79.00%, Test: 82.70% [α=0.51,β=1.36]
Run 03:Highest Train: 100.00 Highest Valid: 80.80 Highest Test: 83.60 Chosen epoch: 130
Final Train: 100.00 Final Test: 83.30
Epoch: 00, Loss: 1.9495, Train: 41.43%, Valid: 20.80%, Test: 21.30% [α=0.50,β=1.00]
Epoch: 100, Loss: 0.0033, Train: 100.00%, Valid: 78.20%, Test: 81.70% [α=0.51,β=1.44]
Epoch: 200, Loss: 0.0045, Train: 100.00%, Valid: 78.20%, Test: 81.80% [α=0.51,β=1.42]
Run 04:Highest Train: 100.00 Highest Valid: 79.60 Highest Test: 82.90 Chosen epoch: 22
Final Train: 100.00 Final Test: 82.90
Epoch: 00, Loss: 1.9514, Train: 32.14%, Valid: 17.60%, Test: 21.40% [α=0.50,β=1.00]
Epoch: 100, Loss: 0.0028, Train: 100.00%, Valid: 74.60%, Test: 78.60% [α=0.51,β=1.45]
Epoch: 200, Loss: 0.0036, Train: 100.00%, Valid: 78.40%, Test: 81.70% [α=0.51,β=1.44]
Run 05:Highest Train: 100.00 Highest Valid: 79.20 Highest Test: 82.80 Chosen epoch: 9
Final Train: 100.00 Final Test: 81.70
5 runs: Highest Train: 100.00 ± 0.00 Highest val epoch:8
Highest Test: 83.78 ± 1.02 Final Test: 83.20 ± 0.97
