Namespace(data_dir='/Users/vn59a0h/thesis/PCGT/data', dataset='cora', device=0, seed=123, cpu=True, epochs=500, runs=5, train_prop=0.5, valid_prop=0.25, protocol='semi', rand_split=False, rand_split_class=True, label_num_per_class=20, valid_num=500, test_num=1000, directed=False, method='pcgt', hidden_channels=64, num_layers=2, num_heads=1, alpha=0.5, use_bn=False, use_residual=True, use_graph=True, use_weight=False, use_init=False, use_act=False, attention='gcn', lr=0.01, weight_decay=0.0005, dropout=0.4, display_step=100, no_feat_norm=True, patience=200, graph_weight=0.8, ours_weight_decay=0.001, ours_use_weight=False, ours_use_residual=False, ours_use_act=False, backbone='gcn', ours_layers=1, ours_dropout=0.2, aggregate='add', hops=1, gat_heads=8, out_heads=1, lamda=0.1, num_elayers=2, encoder_emdim=768, num_partitions=10, num_reps=4, partition_method='metis', no_pse=False, local_only=False, global_only=False)
cora
Num nodes: 2708
train:torch.Size([140]), valid:torch.Size([500]), test:torch.Size([1000])
features shape=torch.Size([2708, 1433])
num nodes 2708 | num classes 7 | num node feats 1433
Computing 10 partitions using metis...
Partitions: 10, Boundary nodes: 680/2708 (25.1%)
Intra-partition edges: 9382/10556 (88.9%)
Epoch: 00, Loss: 1.9496, Train: 72.86%, Valid: 37.00%, Test: 40.30% [α=0.50,β=0.99]
Epoch: 100, Loss: 0.0053, Train: 100.00%, Valid: 78.00%, Test: 82.20% [α=0.54,β=1.17]
Epoch: 200, Loss: 0.0042, Train: 100.00%, Valid: 78.80%, Test: 82.50% [α=0.53,β=1.19]
Run 01:Highest Train: 100.00 Highest Valid: 80.20 Highest Test: 85.00 Chosen epoch: 9
Final Train: 99.29 Final Test: 84.70
Epoch: 00, Loss: 1.9474, Train: 50.71%, Valid: 21.40%, Test: 19.40% [α=0.50,β=1.00]
Epoch: 100, Loss: 0.0036, Train: 100.00%, Valid: 77.60%, Test: 80.80% [α=0.55,β=1.30]
Epoch: 200, Loss: 0.0048, Train: 100.00%, Valid: 78.80%, Test: 83.00% [α=0.54,β=1.30]
Run 02:Highest Train: 100.00 Highest Valid: 80.20 Highest Test: 84.90 Chosen epoch: 8
Final Train: 99.29 Final Test: 84.90
Epoch: 00, Loss: 1.9461, Train: 37.86%, Valid: 21.20%, Test: 21.40% [α=0.50,β=1.00]
Epoch: 100, Loss: 0.0028, Train: 100.00%, Valid: 77.80%, Test: 80.30% [α=0.56,β=1.36]
Epoch: 200, Loss: 0.0050, Train: 100.00%, Valid: 78.40%, Test: 83.60% [α=0.54,β=1.36]
Run 03:Highest Train: 100.00 Highest Valid: 80.20 Highest Test: 83.80 Chosen epoch: 43
Final Train: 100.00 Final Test: 81.80
Epoch: 00, Loss: 1.9448, Train: 64.29%, Valid: 40.00%, Test: 37.20% [α=0.50,β=1.00]
Epoch: 100, Loss: 0.0050, Train: 100.00%, Valid: 77.60%, Test: 81.20% [α=0.54,β=1.37]
Epoch: 200, Loss: 0.0047, Train: 100.00%, Valid: 78.80%, Test: 82.70% [α=0.53,β=1.37]
Epoch: 300, Loss: 0.0031, Train: 100.00%, Valid: 78.40%, Test: 82.60% [α=0.53,β=1.38]
Epoch: 400, Loss: 0.0037, Train: 100.00%, Valid: 79.20%, Test: 83.20% [α=0.52,β=1.39]
Run 04:Highest Train: 100.00 Highest Valid: 79.80 Highest Test: 84.40 Chosen epoch: 321
Final Train: 100.00 Final Test: 83.60
Epoch: 00, Loss: 1.9431, Train: 37.86%, Valid: 22.40%, Test: 25.10% [α=0.50,β=1.00]
Epoch: 100, Loss: 0.0045, Train: 100.00%, Valid: 77.60%, Test: 81.70% [α=0.56,β=1.49]
Epoch: 200, Loss: 0.0050, Train: 100.00%, Valid: 79.80%, Test: 83.50% [α=0.54,β=1.49]
Run 05:Highest Train: 100.00 Highest Valid: 80.00 Highest Test: 84.50 Chosen epoch: 8
Final Train: 100.00 Final Test: 84.50
5 runs: Highest Train: 100.00 ± 0.00 Highest val epoch:7
Highest Test: 84.52 ± 0.48 Final Test: 83.90 ± 1.27
