Namespace(data_dir='/Users/vn59a0h/thesis/PCGT/data', dataset='pubmed', device=0, seed=123, cpu=True, epochs=500, runs=5, train_prop=0.5, valid_prop=0.25, protocol='semi', rand_split=False, rand_split_class=True, label_num_per_class=20, valid_num=500, test_num=1000, directed=False, method='pcgt', hidden_channels=64, num_layers=2, num_heads=1, alpha=0.5, use_bn=False, use_residual=True, use_graph=True, use_weight=False, use_init=False, use_act=False, attention='gcn', lr=0.01, weight_decay=0.0005, dropout=0.5, display_step=100, no_feat_norm=True, patience=200, graph_weight=0.8, ours_weight_decay=0.01, ours_use_weight=False, ours_use_residual=False, ours_use_act=False, backbone='gcn', ours_layers=1, ours_dropout=0.3, aggregate='add', hops=1, gat_heads=8, out_heads=1, lamda=0.1, num_elayers=2, encoder_emdim=768, num_partitions=50, num_reps=4, partition_method='random', no_pse=False, local_only=False, global_only=False)
pubmed
Num nodes: 19717
train:torch.Size([60]), valid:torch.Size([500]), test:torch.Size([1000])
features shape=torch.Size([19717, 500])
num nodes 19717 | num classes 3 | num node feats 500
Computing 50 partitions using random...
Partitions: 50, Boundary nodes: 19540/19717 (99.1%)
Intra-partition edges: 1666/88648 (1.9%)
Epoch: 00, Loss: 1.1009, Train: 45.00%, Valid: 37.40%, Test: 42.00% [α=0.50,β=0.99]
Epoch: 100, Loss: 0.0153, Train: 100.00%, Valid: 75.60%, Test: 78.60% [α=0.50,β=0.61]
Epoch: 200, Loss: 0.0101, Train: 100.00%, Valid: 75.00%, Test: 77.90% [α=0.50,β=0.17]
Epoch: 300, Loss: 0.0110, Train: 100.00%, Valid: 75.20%, Test: 76.90% [α=0.50,β=0.04]
Run 01:Highest Train: 100.00 Highest Valid: 77.80 Highest Test: 79.40 Chosen epoch: 150
Final Train: 100.00 Final Test: 77.90
Epoch: 00, Loss: 1.1011, Train: 33.33%, Valid: 35.00%, Test: 39.70% [α=0.50,β=1.00]
Epoch: 100, Loss: 0.0084, Train: 100.00%, Valid: 76.60%, Test: 77.90% [α=0.50,β=0.46]
Epoch: 200, Loss: 0.0086, Train: 100.00%, Valid: 75.20%, Test: 77.40% [α=0.50,β=0.10]
Run 02:Highest Train: 100.00 Highest Valid: 79.80 Highest Test: 80.40 Chosen epoch: 12
Final Train: 98.33 Final Test: 80.00
Epoch: 00, Loss: 1.0987, Train: 33.33%, Valid: 41.80%, Test: 38.80% [α=0.50,β=1.00]
Epoch: 100, Loss: 0.0087, Train: 100.00%, Valid: 74.60%, Test: 78.40% [α=0.50,β=0.50]
Epoch: 200, Loss: 0.0087, Train: 100.00%, Valid: 74.40%, Test: 77.70% [α=0.50,β=0.12]
Run 03:Highest Train: 100.00 Highest Valid: 79.20 Highest Test: 81.30 Chosen epoch: 30
Final Train: 100.00 Final Test: 81.30
Epoch: 00, Loss: 1.0989, Train: 33.33%, Valid: 23.20%, Test: 21.50% [α=0.50,β=1.00]
Epoch: 100, Loss: 0.0095, Train: 100.00%, Valid: 75.40%, Test: 78.20% [α=0.50,β=0.55]
Epoch: 200, Loss: 0.0097, Train: 100.00%, Valid: 74.60%, Test: 77.40% [α=0.50,β=0.14]
Run 04:Highest Train: 100.00 Highest Valid: 77.80 Highest Test: 79.50 Chosen epoch: 21
Final Train: 100.00 Final Test: 79.50
Epoch: 00, Loss: 1.1056, Train: 33.33%, Valid: 41.80%, Test: 38.80% [α=0.50,β=1.00]
Epoch: 100, Loss: 0.0083, Train: 100.00%, Valid: 73.80%, Test: 76.20% [α=0.50,β=0.64]
Epoch: 200, Loss: 0.0089, Train: 100.00%, Valid: 74.80%, Test: 77.70% [α=0.50,β=0.19]
Run 05:Highest Train: 100.00 Highest Valid: 77.40 Highest Test: 80.50 Chosen epoch: 20
Final Train: 100.00 Final Test: 77.40
5 runs: Highest Train: 100.00 ± 0.00 Highest val epoch:19
Highest Test: 80.22 ± 0.79 Final Test: 79.22 ± 1.59
