Namespace(data_dir='../data/', dataset='chameleon', device=0, seed=42, cpu=False, epochs=200, runs=5, train_prop=0.5, valid_prop=0.25, protocol='semi', rand_split=False, rand_split_class=False, label_num_per_class=20, valid_num=500, test_num=500, directed=False, method='pcgt', hidden_channels=64, num_layers=2, num_heads=1, alpha=0.5, use_bn=False, use_residual=False, use_graph=True, use_weight=False, use_init=False, use_act=False, attention='gcn', lr=0.001, weight_decay=0.001, dropout=0.6, display_step=50, no_feat_norm=False, patience=200, graph_weight=0.7, ours_weight_decay=0.001, ours_use_weight=False, ours_use_residual=True, ours_use_act=False, backbone='gcn', ours_layers=1, ours_dropout=0.6, aggregate='add', hops=1, gat_heads=8, out_heads=1, lamda=0.1, num_elayers=2, encoder_emdim=768, num_partitions=15, num_reps=4, partition_method='metis', no_pse=False, local_only=False, global_only=False)
chameleon
features shape=torch.Size([890, 2325])
num nodes 890 | num classes 5 | num node feats 2325
Computing 15 partitions using metis...
Partitions: 15, Boundary nodes: 610/890 (68.5%)
Intra-partition edges: 11636/17708 (65.7%)
Epoch: 00, Loss: 1.6138, Train: 13.94%, Valid: 14.63%, Test: 18.04% [α=0.50,β=1.00]
Epoch: 50, Loss: 1.5313, Train: 39.12%, Valid: 36.93%, Test: 30.41% [α=0.51,β=1.04]
Epoch: 100, Loss: 1.3297, Train: 45.97%, Valid: 39.37%, Test: 38.66% [α=0.53,β=1.12]
Epoch: 150, Loss: 1.1858, Train: 54.28%, Valid: 42.86%, Test: 42.27% [α=0.54,β=1.18]
Run 01:Highest Train: 60.15 Highest Valid: 43.90 Highest Test: 45.88 Chosen epoch: 134
Final Train: 52.08 Final Test: 40.72
Epoch: 00, Loss: 1.6166, Train: 17.10%, Valid: 14.24%, Test: 15.53% [α=0.50,β=1.00]
Epoch: 50, Loss: 1.5302, Train: 29.98%, Valid: 23.84%, Test: 26.09% [α=0.50,β=1.02]
Epoch: 100, Loss: 1.3235, Train: 52.22%, Valid: 38.74%, Test: 43.48% [α=0.52,β=1.07]
Epoch: 150, Loss: 1.1820, Train: 54.57%, Valid: 38.08%, Test: 41.61% [α=0.54,β=1.12]
Run 02:Highest Train: 58.08 Highest Valid: 39.40 Highest Test: 43.48 Chosen epoch: 164
Final Train: 55.97 Final Test: 42.24
Epoch: 00, Loss: 1.6089, Train: 17.06%, Valid: 15.17%, Test: 26.97% [α=0.50,β=1.00]
Epoch: 50, Loss: 1.5625, Train: 29.86%, Valid: 26.21%, Test: 22.47% [α=0.50,β=1.01]
Epoch: 100, Loss: 1.4746, Train: 42.65%, Valid: 35.86%, Test: 28.09% [α=0.51,β=1.04]
Epoch: 150, Loss: 1.2602, Train: 50.95%, Valid: 42.07%, Test: 29.21% [α=0.53,β=1.11]
Run 03:Highest Train: 54.27 Highest Valid: 46.21 Highest Test: 38.20 Chosen epoch: 197
Final Train: 53.79 Final Test: 32.58
Epoch: 00, Loss: 1.6010, Train: 22.82%, Valid: 21.09%, Test: 22.83% [α=0.50,β=1.00]
Epoch: 50, Loss: 1.5497, Train: 38.83%, Valid: 36.39%, Test: 34.24% [α=0.50,β=1.02]
Epoch: 100, Loss: 1.3945, Train: 41.50%, Valid: 38.10%, Test: 39.13% [α=0.52,β=1.07]
Epoch: 150, Loss: 1.2104, Train: 53.88%, Valid: 41.16%, Test: 42.93% [α=0.54,β=1.15]
Run 04:Highest Train: 61.65 Highest Valid: 41.50 Highest Test: 45.65 Chosen epoch: 154
Final Train: 54.85 Final Test: 44.02
Epoch: 00, Loss: 1.6075, Train: 19.09%, Valid: 19.03%, Test: 15.93% [α=0.50,β=1.00]
Epoch: 50, Loss: 1.5729, Train: 25.91%, Valid: 26.12%, Test: 32.42% [α=0.50,β=1.02]
Epoch: 100, Loss: 1.4786, Train: 40.23%, Valid: 38.06%, Test: 40.66% [α=0.52,β=1.05]
Epoch: 150, Loss: 1.2617, Train: 51.36%, Valid: 44.78%, Test: 46.15% [α=0.54,β=1.12]
Run 05:Highest Train: 60.00 Highest Valid: 45.90 Highest Test: 48.35 Chosen epoch: 190
Final Train: 58.86 Final Test: 46.15
5 runs: Highest Train: 58.83 ± 2.85 Highest val epoch:189
Highest Test: 44.31 ± 3.83 Final Test: 41.14 ± 5.20
