Namespace(data_dir='../data/', dataset='chameleon', device=0, seed=42, cpu=False, epochs=200, runs=5, train_prop=0.5, valid_prop=0.25, protocol='semi', rand_split=False, rand_split_class=False, label_num_per_class=20, valid_num=500, test_num=500, directed=False, method='pcgt', hidden_channels=64, num_layers=2, num_heads=1, alpha=0.5, use_bn=False, use_residual=False, use_graph=True, use_weight=False, use_init=False, use_act=False, attention='gcn', lr=0.001, weight_decay=0.001, dropout=0.6, display_step=50, no_feat_norm=False, patience=200, graph_weight=0.6, ours_weight_decay=0.001, ours_use_weight=False, ours_use_residual=True, ours_use_act=False, backbone='gcn', ours_layers=1, ours_dropout=0.6, aggregate='add', hops=1, gat_heads=8, out_heads=1, lamda=0.1, num_elayers=2, encoder_emdim=768, num_partitions=20, num_reps=4, partition_method='metis', no_pse=False, local_only=False, global_only=False)
chameleon
features shape=torch.Size([890, 2325])
num nodes 890 | num classes 5 | num node feats 2325
Computing 20 partitions using metis...
Partitions: 20, Boundary nodes: 653/890 (73.4%)
Intra-partition edges: 9036/17708 (51.0%)
Epoch: 00, Loss: 1.6138, Train: 13.94%, Valid: 14.63%, Test: 18.04% [α=0.50,β=1.00]
Epoch: 50, Loss: 1.5196, Train: 41.32%, Valid: 37.63%, Test: 29.90% [α=0.52,β=1.05]
Epoch: 100, Loss: 1.2982, Train: 50.37%, Valid: 41.81%, Test: 37.11% [α=0.53,β=1.13]
Epoch: 150, Loss: 1.1493, Train: 58.19%, Valid: 42.86%, Test: 38.14% [α=0.55,β=1.19]
Run 01:Highest Train: 63.33 Highest Valid: 43.90 Highest Test: 42.78 Chosen epoch: 169
Final Train: 59.90 Final Test: 38.14
Epoch: 00, Loss: 1.5936, Train: 23.89%, Valid: 23.18%, Test: 22.98% [α=0.50,β=1.00]
Epoch: 50, Loss: 1.5276, Train: 32.55%, Valid: 24.83%, Test: 26.09% [α=0.50,β=1.02]
Epoch: 100, Loss: 1.3370, Train: 48.71%, Valid: 34.11%, Test: 37.89% [α=0.52,β=1.06]
Epoch: 150, Loss: 1.1711, Train: 57.38%, Valid: 37.42%, Test: 44.10% [α=0.54,β=1.12]
Run 02:Highest Train: 61.12 Highest Valid: 38.41 Highest Test: 45.34 Chosen epoch: 200
Final Train: 61.12 Final Test: 44.10
Epoch: 00, Loss: 1.6166, Train: 14.22%, Valid: 16.55%, Test: 14.61% [α=0.50,β=1.00]
Epoch: 50, Loss: 1.5519, Train: 29.86%, Valid: 26.21%, Test: 22.47% [α=0.50,β=1.02]
Epoch: 100, Loss: 1.4255, Train: 46.68%, Valid: 35.86%, Test: 30.90% [α=0.51,β=1.05]
Epoch: 150, Loss: 1.2300, Train: 54.74%, Valid: 41.03%, Test: 34.27% [α=0.53,β=1.11]
Run 03:Highest Train: 59.72 Highest Valid: 45.17 Highest Test: 38.20 Chosen epoch: 188
Final Train: 58.06 Final Test: 36.52
Epoch: 00, Loss: 1.6138, Train: 23.79%, Valid: 23.13%, Test: 23.37% [α=0.50,β=1.00]
Epoch: 50, Loss: 1.5549, Train: 42.23%, Valid: 36.05%, Test: 38.04% [α=0.50,β=1.02]
Epoch: 100, Loss: 1.4530, Train: 41.50%, Valid: 37.76%, Test: 40.22% [α=0.51,β=1.05]
Epoch: 150, Loss: 1.2437, Train: 49.27%, Valid: 38.44%, Test: 42.93% [α=0.53,β=1.11]
Run 04:Highest Train: 59.95 Highest Valid: 43.88 Highest Test: 47.83 Chosen epoch: 199
Final Train: 59.71 Final Test: 47.83
Epoch: 00, Loss: 1.6185, Train: 15.68%, Valid: 15.67%, Test: 14.29% [α=0.50,β=1.00]
Epoch: 50, Loss: 1.5685, Train: 28.86%, Valid: 26.49%, Test: 33.52% [α=0.50,β=1.02]
Epoch: 100, Loss: 1.4455, Train: 47.50%, Valid: 42.16%, Test: 40.11% [α=0.51,β=1.05]
Epoch: 150, Loss: 1.2282, Train: 55.91%, Valid: 45.15%, Test: 47.25% [α=0.53,β=1.11]
Run 05:Highest Train: 63.86 Highest Valid: 46.64 Highest Test: 48.90 Chosen epoch: 195
Final Train: 63.64 Final Test: 46.70
5 runs: Highest Train: 61.60 ± 1.91 Highest val epoch:194
Highest Test: 44.61 ± 4.29 Final Test: 42.66 ± 5.08
