Namespace(data_dir='../data/', dataset='chameleon', device=0, seed=42, cpu=False, epochs=200, runs=5, train_prop=0.5, valid_prop=0.25, protocol='semi', rand_split=False, rand_split_class=False, label_num_per_class=20, valid_num=500, test_num=500, directed=False, method='pcgt', hidden_channels=64, num_layers=2, num_heads=1, alpha=0.5, use_bn=False, use_residual=False, use_graph=True, use_weight=False, use_init=False, use_act=False, attention='gcn', lr=0.001, weight_decay=0.001, dropout=0.6, display_step=50, no_feat_norm=False, patience=200, graph_weight=0.5, ours_weight_decay=0.001, ours_use_weight=False, ours_use_residual=True, ours_use_act=False, backbone='gcn', ours_layers=1, ours_dropout=0.6, aggregate='add', hops=1, gat_heads=8, out_heads=1, lamda=0.1, num_elayers=2, encoder_emdim=768, num_partitions=10, num_reps=4, partition_method='metis', no_pse=False, local_only=False, global_only=False)
chameleon
features shape=torch.Size([890, 2325])
num nodes 890 | num classes 5 | num node feats 2325
Computing 10 partitions using metis...
Partitions: 10, Boundary nodes: 549/890 (61.7%)
Intra-partition edges: 13982/17708 (79.0%)
Epoch: 00, Loss: 1.6129, Train: 13.94%, Valid: 14.63%, Test: 18.04% [α=0.50,β=1.00]
Epoch: 50, Loss: 1.5197, Train: 40.34%, Valid: 38.33%, Test: 32.99% [α=0.52,β=1.05]
Epoch: 100, Loss: 1.3490, Train: 43.28%, Valid: 39.37%, Test: 35.05% [α=0.53,β=1.13]
Epoch: 150, Loss: 1.2250, Train: 56.72%, Valid: 43.55%, Test: 39.18% [α=0.54,β=1.19]
Run 01:Highest Train: 60.15 Highest Valid: 47.39 Highest Test: 42.27 Chosen epoch: 199
Final Train: 59.41 Final Test: 40.72
Epoch: 00, Loss: 1.6069, Train: 32.79%, Valid: 30.13%, Test: 29.19% [α=0.50,β=1.00]
Epoch: 50, Loss: 1.5108, Train: 37.47%, Valid: 26.16%, Test: 26.09% [α=0.50,β=1.02]
Epoch: 100, Loss: 1.3423, Train: 47.54%, Valid: 35.10%, Test: 42.24% [α=0.52,β=1.07]
Epoch: 150, Loss: 1.1949, Train: 54.33%, Valid: 38.74%, Test: 42.24% [α=0.54,β=1.13]
Run 02:Highest Train: 61.83 Highest Valid: 40.07 Highest Test: 45.34 Chosen epoch: 136
Final Train: 51.29 Final Test: 41.61
Epoch: 00, Loss: 1.6073, Train: 19.67%, Valid: 25.17%, Test: 20.22% [α=0.50,β=1.00]
Epoch: 50, Loss: 1.5279, Train: 30.57%, Valid: 26.55%, Test: 22.47% [α=0.50,β=1.02]
Epoch: 100, Loss: 1.3598, Train: 45.97%, Valid: 36.90%, Test: 27.53% [α=0.52,β=1.07]
Epoch: 150, Loss: 1.2486, Train: 50.71%, Valid: 42.76%, Test: 30.34% [α=0.54,β=1.12]
Run 03:Highest Train: 56.16 Highest Valid: 44.48 Highest Test: 35.96 Chosen epoch: 166
Final Train: 53.08 Final Test: 32.02
Epoch: 00, Loss: 1.6287, Train: 15.05%, Valid: 14.63%, Test: 15.76% [α=0.50,β=1.00]
Epoch: 50, Loss: 1.5515, Train: 38.59%, Valid: 37.76%, Test: 35.87% [α=0.50,β=1.02]
Epoch: 100, Loss: 1.4321, Train: 41.02%, Valid: 38.78%, Test: 36.96% [α=0.52,β=1.06]
Epoch: 150, Loss: 1.2651, Train: 50.97%, Valid: 42.18%, Test: 39.13% [α=0.54,β=1.13]
Run 04:Highest Train: 61.17 Highest Valid: 43.20 Highest Test: 41.85 Chosen epoch: 141
Final Train: 49.51 Final Test: 38.59
Epoch: 00, Loss: 1.6055, Train: 20.23%, Valid: 19.78%, Test: 17.03% [α=0.50,β=1.00]
Epoch: 50, Loss: 1.5576, Train: 32.27%, Valid: 29.10%, Test: 34.62% [α=0.50,β=1.02]
Epoch: 100, Loss: 1.4450, Train: 40.68%, Valid: 39.18%, Test: 39.56% [α=0.52,β=1.06]
Epoch: 150, Loss: 1.2791, Train: 54.09%, Valid: 41.04%, Test: 42.86% [α=0.54,β=1.12]
Run 05:Highest Train: 64.09 Highest Valid: 42.91 Highest Test: 44.51 Chosen epoch: 194
Final Train: 63.64 Final Test: 43.96
5 runs: Highest Train: 60.68 ± 2.91 Highest val epoch:193
Highest Test: 41.98 ± 3.68 Final Test: 39.38 ± 4.54
