Namespace(data_dir='../data/', dataset='chameleon', device=0, seed=42, cpu=False, epochs=200, runs=5, train_prop=0.5, valid_prop=0.25, protocol='semi', rand_split=False, rand_split_class=False, label_num_per_class=20, valid_num=500, test_num=500, directed=False, method='pcgt', hidden_channels=64, num_layers=2, num_heads=1, alpha=0.5, use_bn=False, use_residual=False, use_graph=True, use_weight=False, use_init=False, use_act=False, attention='gcn', lr=0.001, weight_decay=0.001, dropout=0.6, display_step=50, no_feat_norm=False, patience=200, graph_weight=0.6, ours_weight_decay=0.001, ours_use_weight=False, ours_use_residual=True, ours_use_act=False, backbone='gcn', ours_layers=1, ours_dropout=0.6, aggregate='add', hops=1, gat_heads=8, out_heads=1, lamda=0.1, num_elayers=2, encoder_emdim=768, num_partitions=5, num_reps=4, partition_method='metis', no_pse=False, local_only=False, global_only=False)
chameleon
features shape=torch.Size([890, 2325])
num nodes 890 | num classes 5 | num node feats 2325
Computing 5 partitions using metis...
Partitions: 5, Boundary nodes: 337/890 (37.9%)
Intra-partition edges: 16672/17708 (94.1%)
Epoch: 00, Loss: 1.6137, Train: 13.94%, Valid: 14.63%, Test: 18.04% [α=0.50,β=1.00]
Epoch: 50, Loss: 1.5242, Train: 40.34%, Valid: 38.68%, Test: 34.02% [α=0.52,β=1.05]
Epoch: 100, Loss: 1.3484, Train: 41.56%, Valid: 40.77%, Test: 34.54% [α=0.53,β=1.13]
Epoch: 150, Loss: 1.2242, Train: 49.14%, Valid: 44.25%, Test: 35.57% [α=0.54,β=1.18]
Run 01:Highest Train: 58.68 Highest Valid: 46.34 Highest Test: 42.27 Chosen epoch: 193
Final Train: 53.55 Final Test: 39.18
Epoch: 00, Loss: 1.6144, Train: 11.94%, Valid: 18.21%, Test: 17.39% [α=0.50,β=1.00]
Epoch: 50, Loss: 1.5288, Train: 40.75%, Valid: 33.77%, Test: 36.02% [α=0.50,β=1.02]
Epoch: 100, Loss: 1.3640, Train: 45.43%, Valid: 38.74%, Test: 39.75% [α=0.52,β=1.07]
Epoch: 150, Loss: 1.2128, Train: 53.63%, Valid: 37.42%, Test: 42.86% [α=0.54,β=1.12]
Run 02:Highest Train: 57.85 Highest Valid: 38.74 Highest Test: 45.34 Chosen epoch: 101
Final Train: 45.43 Final Test: 39.75
Epoch: 00, Loss: 1.6279, Train: 18.72%, Valid: 12.76%, Test: 14.04% [α=0.50,β=1.00]
Epoch: 50, Loss: 1.5491, Train: 29.86%, Valid: 26.21%, Test: 22.47% [α=0.50,β=1.02]
Epoch: 100, Loss: 1.4071, Train: 41.94%, Valid: 34.14%, Test: 26.40% [α=0.52,β=1.07]
Epoch: 150, Loss: 1.2348, Train: 50.00%, Valid: 41.38%, Test: 33.15% [α=0.53,β=1.13]
Run 03:Highest Train: 54.03 Highest Valid: 43.79 Highest Test: 35.96 Chosen epoch: 157
Final Train: 50.24 Final Test: 32.58
Epoch: 00, Loss: 1.6253, Train: 14.08%, Valid: 11.90%, Test: 13.59% [α=0.50,β=1.00]
Epoch: 50, Loss: 1.5624, Train: 39.32%, Valid: 36.39%, Test: 39.13% [α=0.50,β=1.02]
Epoch: 100, Loss: 1.4698, Train: 38.11%, Valid: 36.73%, Test: 39.13% [α=0.52,β=1.06]
Epoch: 150, Loss: 1.2953, Train: 48.54%, Valid: 38.10%, Test: 43.48% [α=0.54,β=1.14]
Run 04:Highest Train: 57.52 Highest Valid: 43.54 Highest Test: 44.02 Chosen epoch: 196
Final Train: 57.04 Final Test: 43.48
Epoch: 00, Loss: 1.6072, Train: 22.05%, Valid: 25.37%, Test: 24.18% [α=0.50,β=1.00]
Epoch: 50, Loss: 1.5699, Train: 36.59%, Valid: 38.06%, Test: 39.01% [α=0.50,β=1.02]
Epoch: 100, Loss: 1.4689, Train: 36.36%, Valid: 38.06%, Test: 39.56% [α=0.52,β=1.06]
Epoch: 150, Loss: 1.2738, Train: 48.64%, Valid: 37.31%, Test: 41.21% [α=0.53,β=1.12]
Run 05:Highest Train: 58.18 Highest Valid: 42.54 Highest Test: 45.05 Chosen epoch: 195
Final Train: 56.82 Final Test: 43.41
5 runs: Highest Train: 57.25 ± 1.85 Highest val epoch:194
Highest Test: 42.53 ± 3.87 Final Test: 39.68 ± 4.44
