Namespace(data_dir='../data/', dataset='chameleon', device=0, seed=42, cpu=False, epochs=200, runs=5, train_prop=0.5, valid_prop=0.25, protocol='semi', rand_split=False, rand_split_class=False, label_num_per_class=20, valid_num=500, test_num=500, directed=False, method='pcgt', hidden_channels=64, num_layers=2, num_heads=1, alpha=0.5, use_bn=False, use_residual=False, use_graph=True, use_weight=False, use_init=False, use_act=False, attention='gcn', lr=0.001, weight_decay=0.001, dropout=0.6, display_step=50, no_feat_norm=False, patience=200, graph_weight=0.5, ours_weight_decay=0.001, ours_use_weight=False, ours_use_residual=True, ours_use_act=False, backbone='gcn', ours_layers=1, ours_dropout=0.6, aggregate='add', hops=1, gat_heads=8, out_heads=1, lamda=0.1, num_elayers=2, encoder_emdim=768, num_partitions=5, num_reps=4, partition_method='metis', no_pse=False, local_only=False, global_only=False)
chameleon
features shape=torch.Size([890, 2325])
num nodes 890 | num classes 5 | num node feats 2325
Computing 5 partitions using metis...
Partitions: 5, Boundary nodes: 337/890 (37.9%)
Intra-partition edges: 16672/17708 (94.1%)
Epoch: 00, Loss: 1.6138, Train: 13.94%, Valid: 14.63%, Test: 18.04% [α=0.50,β=1.00]
Epoch: 50, Loss: 1.5166, Train: 39.85%, Valid: 38.68%, Test: 34.54% [α=0.52,β=1.05]
Epoch: 100, Loss: 1.3545, Train: 42.30%, Valid: 40.07%, Test: 35.57% [α=0.53,β=1.13]
Epoch: 150, Loss: 1.2432, Train: 49.14%, Valid: 42.86%, Test: 36.60% [α=0.54,β=1.19]
Run 01:Highest Train: 59.41 Highest Valid: 45.64 Highest Test: 42.27 Chosen epoch: 197
Final Train: 59.17 Final Test: 41.75
Epoch: 00, Loss: 1.6146, Train: 11.94%, Valid: 18.21%, Test: 17.39% [α=0.50,β=1.00]
Epoch: 50, Loss: 1.5232, Train: 40.05%, Valid: 34.44%, Test: 36.65% [α=0.50,β=1.02]
Epoch: 100, Loss: 1.3616, Train: 44.73%, Valid: 36.42%, Test: 40.37% [α=0.52,β=1.07]
Epoch: 150, Loss: 1.2284, Train: 55.27%, Valid: 36.42%, Test: 45.34% [α=0.54,β=1.12]
Run 02:Highest Train: 58.78 Highest Valid: 38.41 Highest Test: 45.96 Chosen epoch: 118
Final Train: 46.84 Final Test: 42.24
Epoch: 00, Loss: 1.6284, Train: 18.72%, Valid: 12.76%, Test: 14.04% [α=0.50,β=1.00]
Epoch: 50, Loss: 1.5424, Train: 29.86%, Valid: 26.21%, Test: 22.47% [α=0.50,β=1.02]
Epoch: 100, Loss: 1.4008, Train: 40.52%, Valid: 34.48%, Test: 26.40% [α=0.52,β=1.07]
Epoch: 150, Loss: 1.2548, Train: 50.00%, Valid: 40.69%, Test: 30.34% [α=0.53,β=1.13]
Run 03:Highest Train: 55.45 Highest Valid: 46.21 Highest Test: 36.52 Chosen epoch: 199
Final Train: 55.21 Final Test: 35.96
Epoch: 00, Loss: 1.6255, Train: 14.32%, Valid: 15.31%, Test: 12.50% [α=0.50,β=1.00]
Epoch: 50, Loss: 1.5554, Train: 38.59%, Valid: 36.39%, Test: 39.13% [α=0.50,β=1.02]
Epoch: 100, Loss: 1.4375, Train: 39.08%, Valid: 37.41%, Test: 39.67% [α=0.52,β=1.06]
Epoch: 150, Loss: 1.2871, Train: 50.24%, Valid: 39.12%, Test: 42.39% [α=0.54,β=1.13]
Run 04:Highest Train: 60.19 Highest Valid: 42.18 Highest Test: 45.11 Chosen epoch: 191
Final Train: 59.47 Final Test: 44.57
Epoch: 00, Loss: 1.6071, Train: 22.05%, Valid: 25.37%, Test: 24.18% [α=0.50,β=1.00]
Epoch: 50, Loss: 1.5639, Train: 36.36%, Valid: 38.06%, Test: 39.01% [α=0.50,β=1.02]
Epoch: 100, Loss: 1.4569, Train: 36.36%, Valid: 38.06%, Test: 39.01% [α=0.52,β=1.06]
Epoch: 150, Loss: 1.2884, Train: 47.73%, Valid: 38.43%, Test: 39.56% [α=0.54,β=1.12]
Run 05:Highest Train: 58.41 Highest Valid: 41.42 Highest Test: 44.51 Chosen epoch: 158
Final Train: 49.77 Final Test: 41.21
5 runs: Highest Train: 58.45 ± 1.81 Highest val epoch:157
Highest Test: 42.87 ± 3.81 Final Test: 41.14 ± 3.17
