Namespace(data_dir='../data/', dataset='chameleon', device=0, seed=42, cpu=False, epochs=200, runs=5, train_prop=0.5, valid_prop=0.25, protocol='semi', rand_split=False, rand_split_class=False, label_num_per_class=20, valid_num=500, test_num=500, directed=False, method='pcgt', hidden_channels=64, num_layers=2, num_heads=1, alpha=0.5, use_bn=False, use_residual=False, use_graph=True, use_weight=False, use_init=False, use_act=False, attention='gcn', lr=0.001, weight_decay=0.001, dropout=0.6, display_step=50, no_feat_norm=False, patience=200, graph_weight=0.7, ours_weight_decay=0.001, ours_use_weight=False, ours_use_residual=True, ours_use_act=False, backbone='gcn', ours_layers=1, ours_dropout=0.6, aggregate='add', hops=1, gat_heads=8, out_heads=1, lamda=0.1, num_elayers=2, encoder_emdim=768, num_partitions=5, num_reps=4, partition_method='metis', no_pse=False, local_only=False, global_only=False)
chameleon
features shape=torch.Size([890, 2325])
num nodes 890 | num classes 5 | num node feats 2325
Computing 5 partitions using metis...
Partitions: 5, Boundary nodes: 337/890 (37.9%)
Intra-partition edges: 16672/17708 (94.1%)
Epoch: 00, Loss: 1.6136, Train: 13.94%, Valid: 14.63%, Test: 18.04% [α=0.50,β=1.00]
Epoch: 50, Loss: 1.5308, Train: 40.83%, Valid: 39.02%, Test: 33.51% [α=0.52,β=1.05]
Epoch: 100, Loss: 1.3386, Train: 42.05%, Valid: 40.07%, Test: 34.02% [α=0.53,β=1.12]
Epoch: 150, Loss: 1.2116, Train: 48.66%, Valid: 42.86%, Test: 38.14% [α=0.54,β=1.18]
Run 01:Highest Train: 57.46 Highest Valid: 48.78 Highest Test: 43.30 Chosen epoch: 195
Final Train: 56.72 Final Test: 41.75
Epoch: 00, Loss: 1.6143, Train: 11.94%, Valid: 18.21%, Test: 17.39% [α=0.50,β=1.00]
Epoch: 50, Loss: 1.5335, Train: 39.58%, Valid: 32.45%, Test: 31.68% [α=0.50,β=1.02]
Epoch: 100, Loss: 1.3643, Train: 47.31%, Valid: 38.74%, Test: 41.61% [α=0.52,β=1.07]
Epoch: 150, Loss: 1.2028, Train: 53.16%, Valid: 37.75%, Test: 42.24% [α=0.54,β=1.13]
Run 02:Highest Train: 56.67 Highest Valid: 39.07 Highest Test: 44.72 Chosen epoch: 105
Final Train: 49.18 Final Test: 41.61
Epoch: 00, Loss: 1.6275, Train: 18.72%, Valid: 12.76%, Test: 14.04% [α=0.50,β=1.00]
Epoch: 50, Loss: 1.5549, Train: 29.86%, Valid: 26.21%, Test: 22.47% [α=0.50,β=1.01]
Epoch: 100, Loss: 1.4158, Train: 42.42%, Valid: 33.79%, Test: 27.53% [α=0.52,β=1.06]
Epoch: 150, Loss: 1.2226, Train: 48.58%, Valid: 41.72%, Test: 33.15% [α=0.54,β=1.13]
Run 03:Highest Train: 52.61 Highest Valid: 43.79 Highest Test: 33.71 Chosen epoch: 198
Final Train: 52.61 Final Test: 33.15
Epoch: 00, Loss: 1.6250, Train: 15.05%, Valid: 14.63%, Test: 15.76% [α=0.50,β=1.00]
Epoch: 50, Loss: 1.5683, Train: 40.29%, Valid: 36.39%, Test: 39.13% [α=0.50,β=1.02]
Epoch: 100, Loss: 1.4912, Train: 38.59%, Valid: 37.07%, Test: 39.13% [α=0.52,β=1.06]
Epoch: 150, Loss: 1.2960, Train: 44.42%, Valid: 37.41%, Test: 41.30% [α=0.54,β=1.14]
Run 04:Highest Train: 58.25 Highest Valid: 43.20 Highest Test: 43.48 Chosen epoch: 198
Final Train: 57.04 Final Test: 42.93
Epoch: 00, Loss: 1.6073, Train: 22.05%, Valid: 25.37%, Test: 24.18% [α=0.50,β=1.00]
Epoch: 50, Loss: 1.5756, Train: 40.45%, Valid: 36.19%, Test: 37.36% [α=0.50,β=1.02]
Epoch: 100, Loss: 1.4775, Train: 37.50%, Valid: 37.31%, Test: 40.11% [α=0.52,β=1.05]
Epoch: 150, Loss: 1.2656, Train: 47.05%, Valid: 39.55%, Test: 42.31% [α=0.53,β=1.11]
Run 05:Highest Train: 58.18 Highest Valid: 43.28 Highest Test: 46.70 Chosen epoch: 187
Final Train: 55.23 Final Test: 46.15
5 runs: Highest Train: 56.63 ± 2.34 Highest val epoch:186
Highest Test: 42.38 ± 5.04 Final Test: 41.12 ± 4.82
