Namespace(data_dir='../data/', dataset='chameleon', device=0, seed=42, cpu=False, epochs=200, runs=5, train_prop=0.5, valid_prop=0.25, protocol='semi', rand_split=False, rand_split_class=False, label_num_per_class=20, valid_num=500, test_num=500, directed=False, method='pcgt', hidden_channels=64, num_layers=2, num_heads=1, alpha=0.5, use_bn=False, use_residual=False, use_graph=True, use_weight=False, use_init=False, use_act=False, attention='gcn', lr=0.001, weight_decay=0.001, dropout=0.6, display_step=50, no_feat_norm=False, patience=200, graph_weight=0.6, ours_weight_decay=0.001, ours_use_weight=False, ours_use_residual=True, ours_use_act=False, backbone='gcn', ours_layers=1, ours_dropout=0.6, aggregate='add', hops=1, gat_heads=8, out_heads=1, lamda=0.1, num_elayers=2, encoder_emdim=768, num_partitions=10, num_reps=4, partition_method='metis', no_pse=False, local_only=False, global_only=False)
chameleon
features shape=torch.Size([890, 2325])
num nodes 890 | num classes 5 | num node feats 2325
Computing 10 partitions using metis...
Partitions: 10, Boundary nodes: 549/890 (61.7%)
Intra-partition edges: 13982/17708 (79.0%)
Epoch: 00, Loss: 1.6130, Train: 13.94%, Valid: 14.63%, Test: 18.04% [α=0.50,β=1.00]
Epoch: 50, Loss: 1.5262, Train: 40.59%, Valid: 39.37%, Test: 31.96% [α=0.52,β=1.05]
Epoch: 100, Loss: 1.3415, Train: 43.28%, Valid: 40.42%, Test: 35.05% [α=0.53,β=1.12]
Epoch: 150, Loss: 1.2164, Train: 52.08%, Valid: 45.64%, Test: 40.72% [α=0.54,β=1.18]
Run 01:Highest Train: 59.41 Highest Valid: 47.04 Highest Test: 43.81 Chosen epoch: 195
Final Train: 58.44 Final Test: 43.81
Epoch: 00, Loss: 1.6071, Train: 33.26%, Valid: 29.80%, Test: 31.06% [α=0.50,β=1.00]
Epoch: 50, Loss: 1.5190, Train: 31.15%, Valid: 24.50%, Test: 26.09% [α=0.50,β=1.02]
Epoch: 100, Loss: 1.3460, Train: 47.78%, Valid: 37.42%, Test: 40.37% [α=0.52,β=1.07]
Epoch: 150, Loss: 1.1941, Train: 53.63%, Valid: 39.07%, Test: 41.61% [α=0.54,β=1.13]
Run 02:Highest Train: 59.95 Highest Valid: 39.74 Highest Test: 44.72 Chosen epoch: 137
Final Train: 51.05 Final Test: 41.61
Epoch: 00, Loss: 1.6072, Train: 19.91%, Valid: 28.28%, Test: 19.66% [α=0.50,β=1.00]
Epoch: 50, Loss: 1.5358, Train: 30.57%, Valid: 26.55%, Test: 22.47% [α=0.50,β=1.02]
Epoch: 100, Loss: 1.3700, Train: 44.79%, Valid: 38.62%, Test: 27.53% [α=0.52,β=1.07]
Epoch: 150, Loss: 1.2308, Train: 51.90%, Valid: 42.41%, Test: 32.58% [α=0.54,β=1.13]
Run 03:Highest Train: 56.64 Highest Valid: 46.55 Highest Test: 38.20 Chosen epoch: 196
Final Train: 56.40 Final Test: 38.20
Epoch: 00, Loss: 1.6289, Train: 15.05%, Valid: 14.63%, Test: 15.76% [α=0.50,β=1.00]
Epoch: 50, Loss: 1.5579, Train: 38.83%, Valid: 37.76%, Test: 35.87% [α=0.50,β=1.02]
Epoch: 100, Loss: 1.4488, Train: 41.26%, Valid: 39.46%, Test: 36.96% [α=0.52,β=1.06]
Epoch: 150, Loss: 1.2590, Train: 49.51%, Valid: 42.86%, Test: 40.22% [α=0.54,β=1.13]
Run 04:Highest Train: 61.41 Highest Valid: 43.88 Highest Test: 42.93 Chosen epoch: 196
Final Train: 61.41 Final Test: 41.30
Epoch: 00, Loss: 1.6052, Train: 19.77%, Valid: 19.78%, Test: 16.48% [α=0.50,β=1.00]
Epoch: 50, Loss: 1.5643, Train: 29.55%, Valid: 29.10%, Test: 34.07% [α=0.50,β=1.02]
Epoch: 100, Loss: 1.4561, Train: 40.23%, Valid: 38.06%, Test: 40.11% [α=0.52,β=1.05]
Epoch: 150, Loss: 1.2641, Train: 56.36%, Valid: 42.16%, Test: 42.86% [α=0.54,β=1.12]
Run 05:Highest Train: 61.59 Highest Valid: 46.27 Highest Test: 44.51 Chosen epoch: 167
Final Train: 58.64 Final Test: 43.41
5 runs: Highest Train: 59.80 ± 2.00 Highest val epoch:166
Highest Test: 42.84 ± 2.68 Final Test: 41.67 ± 2.22
