Namespace(data_dir='../data/', dataset='chameleon', device=0, seed=42, cpu=False, epochs=200, runs=5, train_prop=0.5, valid_prop=0.25, protocol='semi', rand_split=False, rand_split_class=False, label_num_per_class=20, valid_num=500, test_num=500, directed=False, method='pcgt', hidden_channels=64, num_layers=2, num_heads=1, alpha=0.5, use_bn=False, use_residual=False, use_graph=True, use_weight=False, use_init=False, use_act=False, attention='gcn', lr=0.001, weight_decay=0.001, dropout=0.6, display_step=50, no_feat_norm=False, patience=200, graph_weight=0.7, ours_weight_decay=0.001, ours_use_weight=False, ours_use_residual=True, ours_use_act=False, backbone='gcn', ours_layers=1, ours_dropout=0.6, aggregate='add', hops=1, gat_heads=8, out_heads=1, lamda=0.1, num_elayers=2, encoder_emdim=768, num_partitions=10, num_reps=4, partition_method='metis', no_pse=False, local_only=False, global_only=False)
chameleon
features shape=torch.Size([890, 2325])
num nodes 890 | num classes 5 | num node feats 2325
Computing 10 partitions using metis...
Partitions: 10, Boundary nodes: 549/890 (61.7%)
Intra-partition edges: 13982/17708 (79.0%)
Epoch: 00, Loss: 1.6131, Train: 13.94%, Valid: 14.63%, Test: 18.04% [α=0.50,β=1.00]
Epoch: 50, Loss: 1.5323, Train: 39.85%, Valid: 39.37%, Test: 32.47% [α=0.52,β=1.04]
Epoch: 100, Loss: 1.3326, Train: 43.77%, Valid: 41.46%, Test: 35.57% [α=0.53,β=1.12]
Epoch: 150, Loss: 1.2109, Train: 53.06%, Valid: 45.99%, Test: 40.21% [α=0.54,β=1.18]
Run 01:Highest Train: 58.19 Highest Valid: 48.43 Highest Test: 44.33 Chosen epoch: 181
Final Train: 57.21 Final Test: 43.81
Epoch: 00, Loss: 1.6073, Train: 33.49%, Valid: 29.47%, Test: 31.06% [α=0.50,β=1.00]
Epoch: 50, Loss: 1.5266, Train: 30.21%, Valid: 23.84%, Test: 26.09% [α=0.50,β=1.02]
Epoch: 100, Loss: 1.3533, Train: 46.84%, Valid: 36.75%, Test: 39.13% [α=0.52,β=1.07]
Epoch: 150, Loss: 1.1926, Train: 54.33%, Valid: 38.41%, Test: 40.99% [α=0.54,β=1.14]
Run 02:Highest Train: 58.78 Highest Valid: 39.07 Highest Test: 44.10 Chosen epoch: 149
Final Train: 54.33 Final Test: 40.99
Epoch: 00, Loss: 1.6071, Train: 21.56%, Valid: 29.31%, Test: 20.79% [α=0.50,β=1.00]
Epoch: 50, Loss: 1.5432, Train: 31.04%, Valid: 26.55%, Test: 23.03% [α=0.50,β=1.02]
Epoch: 100, Loss: 1.3809, Train: 45.02%, Valid: 37.24%, Test: 28.09% [α=0.52,β=1.06]
Epoch: 150, Loss: 1.2149, Train: 51.42%, Valid: 44.14%, Test: 32.02% [α=0.54,β=1.13]
Run 03:Highest Train: 58.06 Highest Valid: 46.21 Highest Test: 37.08 Chosen epoch: 159
Final Train: 52.13 Final Test: 33.71
Epoch: 00, Loss: 1.6290, Train: 15.05%, Valid: 14.63%, Test: 15.76% [α=0.50,β=1.00]
Epoch: 50, Loss: 1.5639, Train: 40.29%, Valid: 37.41%, Test: 35.87% [α=0.50,β=1.02]
Epoch: 100, Loss: 1.4676, Train: 40.78%, Valid: 39.12%, Test: 36.96% [α=0.52,β=1.06]
Epoch: 150, Loss: 1.2604, Train: 49.76%, Valid: 40.82%, Test: 41.30% [α=0.54,β=1.13]
Run 04:Highest Train: 59.95 Highest Valid: 46.26 Highest Test: 45.65 Chosen epoch: 197
Final Train: 59.95 Final Test: 45.11
Epoch: 00, Loss: 1.6049, Train: 20.23%, Valid: 18.66%, Test: 18.13% [α=0.50,β=1.00]
Epoch: 50, Loss: 1.5713, Train: 25.68%, Valid: 26.12%, Test: 32.42% [α=0.50,β=1.02]
Epoch: 100, Loss: 1.4688, Train: 40.91%, Valid: 38.81%, Test: 41.76% [α=0.52,β=1.05]
Epoch: 150, Loss: 1.2527, Train: 55.23%, Valid: 43.28%, Test: 45.60% [α=0.54,β=1.11]
Run 05:Highest Train: 58.64 Highest Valid: 44.40 Highest Test: 47.25 Chosen epoch: 164
Final Train: 54.55 Final Test: 42.86
5 runs: Highest Train: 58.72 ± 0.75 Highest val epoch:163
Highest Test: 43.68 ± 3.90 Final Test: 41.30 ± 4.50
