Namespace(data_dir='../data/', dataset='chameleon', device=0, seed=42, cpu=False, epochs=200, runs=5, train_prop=0.5, valid_prop=0.25, protocol='semi', rand_split=False, rand_split_class=False, label_num_per_class=20, valid_num=500, test_num=500, directed=False, method='pcgt', hidden_channels=64, num_layers=2, num_heads=1, alpha=0.5, use_bn=False, use_residual=False, use_graph=True, use_weight=False, use_init=False, use_act=False, attention='gcn', lr=0.001, weight_decay=0.001, dropout=0.6, display_step=50, no_feat_norm=False, patience=200, graph_weight=0.4, ours_weight_decay=0.001, ours_use_weight=False, ours_use_residual=True, ours_use_act=False, backbone='gcn', ours_layers=1, ours_dropout=0.6, aggregate='add', hops=1, gat_heads=8, out_heads=1, lamda=0.1, num_elayers=2, encoder_emdim=768, num_partitions=5, num_reps=4, partition_method='metis', no_pse=False, local_only=False, global_only=False)
chameleon
features shape=torch.Size([890, 2325])
num nodes 890 | num classes 5 | num node feats 2325
Computing 5 partitions using metis...
Partitions: 5, Boundary nodes: 337/890 (37.9%)
Intra-partition edges: 16672/17708 (94.1%)
Epoch: 00, Loss: 1.6138, Train: 13.94%, Valid: 14.63%, Test: 18.04% [α=0.50,β=1.00]
Epoch: 50, Loss: 1.5089, Train: 38.14%, Valid: 38.68%, Test: 34.54% [α=0.51,β=1.05]
Epoch: 100, Loss: 1.3583, Train: 40.83%, Valid: 40.07%, Test: 35.57% [α=0.53,β=1.13]
Epoch: 150, Loss: 1.2656, Train: 49.39%, Valid: 42.16%, Test: 35.05% [α=0.54,β=1.19]
Run 01:Highest Train: 59.66 Highest Valid: 43.55 Highest Test: 39.69 Chosen epoch: 178
Final Train: 54.77 Final Test: 36.60
Epoch: 00, Loss: 1.6147, Train: 11.94%, Valid: 18.21%, Test: 17.39% [α=0.50,β=1.00]
Epoch: 50, Loss: 1.5168, Train: 40.28%, Valid: 34.77%, Test: 37.27% [α=0.50,β=1.02]
Epoch: 100, Loss: 1.3584, Train: 44.73%, Valid: 36.75%, Test: 41.61% [α=0.52,β=1.07]
Epoch: 150, Loss: 1.2470, Train: 53.16%, Valid: 36.09%, Test: 44.10% [α=0.54,β=1.12]
Run 02:Highest Train: 59.25 Highest Valid: 38.08 Highest Test: 45.96 Chosen epoch: 112
Final Train: 45.90 Final Test: 40.99
Epoch: 00, Loss: 1.6289, Train: 18.72%, Valid: 12.76%, Test: 14.04% [α=0.50,β=1.00]
Epoch: 50, Loss: 1.5351, Train: 29.86%, Valid: 26.21%, Test: 22.47% [α=0.50,β=1.02]
Epoch: 100, Loss: 1.3892, Train: 41.47%, Valid: 34.14%, Test: 26.40% [α=0.52,β=1.07]
Epoch: 150, Loss: 1.2675, Train: 49.76%, Valid: 38.28%, Test: 30.34% [α=0.53,β=1.13]
Run 03:Highest Train: 58.53 Highest Valid: 45.17 Highest Test: 35.96 Chosen epoch: 198
Final Train: 58.29 Final Test: 34.83
Epoch: 00, Loss: 1.6258, Train: 13.35%, Valid: 14.63%, Test: 13.04% [α=0.50,β=1.00]
Epoch: 50, Loss: 1.5481, Train: 38.35%, Valid: 36.39%, Test: 39.13% [α=0.50,β=1.02]
Epoch: 100, Loss: 1.4203, Train: 38.35%, Valid: 36.73%, Test: 39.67% [α=0.52,β=1.06]
Epoch: 150, Loss: 1.2981, Train: 49.76%, Valid: 38.44%, Test: 41.85% [α=0.54,β=1.13]
Run 04:Highest Train: 61.41 Highest Valid: 40.48 Highest Test: 44.02 Chosen epoch: 195
Final Train: 59.47 Final Test: 42.93
Epoch: 00, Loss: 1.6069, Train: 22.05%, Valid: 25.37%, Test: 24.18% [α=0.50,β=1.00]
Epoch: 50, Loss: 1.5566, Train: 36.36%, Valid: 38.06%, Test: 39.01% [α=0.50,β=1.02]
Epoch: 100, Loss: 1.4413, Train: 36.36%, Valid: 38.06%, Test: 39.01% [α=0.52,β=1.06]
Epoch: 150, Loss: 1.3006, Train: 47.95%, Valid: 37.31%, Test: 39.56% [α=0.54,β=1.12]
Run 05:Highest Train: 59.32 Highest Valid: 41.04 Highest Test: 43.96 Chosen epoch: 198
Final Train: 58.64 Final Test: 43.96
5 runs: Highest Train: 59.63 ± 1.07 Highest val epoch:197
Highest Test: 41.92 ± 4.05 Final Test: 39.86 ± 3.98
