Namespace(data_dir='../data/', dataset='chameleon', device=0, seed=42, cpu=False, epochs=200, runs=5, train_prop=0.5, valid_prop=0.25, protocol='semi', rand_split=False, rand_split_class=False, label_num_per_class=20, valid_num=500, test_num=500, directed=False, method='pcgt', hidden_channels=64, num_layers=2, num_heads=1, alpha=0.5, use_bn=False, use_residual=False, use_graph=True, use_weight=False, use_init=False, use_act=False, attention='gcn', lr=0.001, weight_decay=0.001, dropout=0.6, display_step=50, no_feat_norm=False, patience=200, graph_weight=0.5, ours_weight_decay=0.001, ours_use_weight=False, ours_use_residual=True, ours_use_act=False, backbone='gcn', ours_layers=1, ours_dropout=0.6, aggregate='add', hops=1, gat_heads=8, out_heads=1, lamda=0.1, num_elayers=2, encoder_emdim=768, num_partitions=20, num_reps=4, partition_method='metis', no_pse=False, local_only=False, global_only=False)
chameleon
features shape=torch.Size([890, 2325])
num nodes 890 | num classes 5 | num node feats 2325
Computing 20 partitions using metis...
Partitions: 20, Boundary nodes: 653/890 (73.4%)
Intra-partition edges: 9036/17708 (51.0%)
Epoch: 00, Loss: 1.6139, Train: 13.94%, Valid: 14.63%, Test: 18.04% [α=0.50,β=1.00]
Epoch: 50, Loss: 1.5114, Train: 41.56%, Valid: 38.33%, Test: 29.90% [α=0.52,β=1.05]
Epoch: 100, Loss: 1.2962, Train: 49.88%, Valid: 40.07%, Test: 37.11% [α=0.53,β=1.13]
Epoch: 150, Loss: 1.1510, Train: 57.95%, Valid: 40.07%, Test: 37.11% [α=0.55,β=1.20]
Run 01:Highest Train: 62.84 Highest Valid: 42.16 Highest Test: 38.66 Chosen epoch: 171
Final Train: 59.66 Final Test: 37.11
Epoch: 00, Loss: 1.5934, Train: 23.89%, Valid: 23.18%, Test: 22.98% [α=0.50,β=1.00]
Epoch: 50, Loss: 1.5183, Train: 35.36%, Valid: 27.48%, Test: 27.95% [α=0.50,β=1.02]
Epoch: 100, Loss: 1.3339, Train: 48.48%, Valid: 33.11%, Test: 36.65% [α=0.52,β=1.06]
Epoch: 150, Loss: 1.1723, Train: 57.61%, Valid: 34.77%, Test: 42.24% [α=0.54,β=1.12]
Run 02:Highest Train: 60.66 Highest Valid: 37.42 Highest Test: 43.48 Chosen epoch: 196
Final Train: 60.19 Final Test: 42.24
Epoch: 00, Loss: 1.6168, Train: 14.22%, Valid: 16.55%, Test: 14.61% [α=0.50,β=1.00]
Epoch: 50, Loss: 1.5467, Train: 29.86%, Valid: 26.21%, Test: 22.47% [α=0.50,β=1.02]
Epoch: 100, Loss: 1.4162, Train: 48.82%, Valid: 37.93%, Test: 32.58% [α=0.51,β=1.05]
Epoch: 150, Loss: 1.2340, Train: 54.98%, Valid: 41.03%, Test: 35.39% [α=0.53,β=1.11]
Run 03:Highest Train: 60.90 Highest Valid: 44.48 Highest Test: 40.45 Chosen epoch: 200
Final Train: 60.90 Final Test: 39.33
Epoch: 00, Loss: 1.6141, Train: 23.79%, Valid: 23.13%, Test: 23.37% [α=0.50,β=1.00]
Epoch: 50, Loss: 1.5486, Train: 41.02%, Valid: 37.07%, Test: 40.22% [α=0.50,β=1.02]
Epoch: 100, Loss: 1.4408, Train: 41.26%, Valid: 37.76%, Test: 39.67% [α=0.51,β=1.05]
Epoch: 150, Loss: 1.2466, Train: 51.70%, Valid: 39.12%, Test: 41.85% [α=0.53,β=1.11]
Run 04:Highest Train: 63.59 Highest Valid: 42.86 Highest Test: 48.37 Chosen epoch: 192
Final Train: 61.89 Final Test: 48.37
Epoch: 00, Loss: 1.6186, Train: 15.68%, Valid: 15.67%, Test: 13.74% [α=0.50,β=1.00]
Epoch: 50, Loss: 1.5629, Train: 31.82%, Valid: 30.60%, Test: 34.62% [α=0.50,β=1.02]
Epoch: 100, Loss: 1.4291, Train: 50.00%, Valid: 42.54%, Test: 39.01% [α=0.51,β=1.05]
Epoch: 150, Loss: 1.2266, Train: 55.00%, Valid: 43.66%, Test: 45.60% [α=0.53,β=1.11]
Run 05:Highest Train: 62.95 Highest Valid: 46.27 Highest Test: 47.25 Chosen epoch: 196
Final Train: 62.50 Final Test: 45.60
5 runs: Highest Train: 62.19 ± 1.32 Highest val epoch:195
Highest Test: 43.64 ± 4.20 Final Test: 42.53 ± 4.56
