Namespace(data_dir='../data/', dataset='chameleon', device=0, seed=42, cpu=False, epochs=200, runs=5, train_prop=0.5, valid_prop=0.25, protocol='semi', rand_split=False, rand_split_class=False, label_num_per_class=20, valid_num=500, test_num=500, directed=False, method='pcgt', hidden_channels=64, num_layers=2, num_heads=1, alpha=0.5, use_bn=False, use_residual=False, use_graph=True, use_weight=False, use_init=False, use_act=False, attention='gcn', lr=0.001, weight_decay=0.001, dropout=0.6, display_step=50, no_feat_norm=False, patience=200, graph_weight=0.4, ours_weight_decay=0.001, ours_use_weight=False, ours_use_residual=True, ours_use_act=False, backbone='gcn', ours_layers=1, ours_dropout=0.6, aggregate='add', hops=1, gat_heads=8, out_heads=1, lamda=0.1, num_elayers=2, encoder_emdim=768, num_partitions=10, num_reps=4, partition_method='metis', no_pse=False, local_only=False, global_only=False)
chameleon
features shape=torch.Size([890, 2325])
num nodes 890 | num classes 5 | num node feats 2325
Computing 10 partitions using metis...
Partitions: 10, Boundary nodes: 549/890 (61.7%)
Intra-partition edges: 13982/17708 (79.0%)
Epoch: 00, Loss: 1.6128, Train: 13.94%, Valid: 14.63%, Test: 18.04% [α=0.50,β=1.00]
Epoch: 50, Loss: 1.5126, Train: 40.34%, Valid: 39.37%, Test: 33.51% [α=0.52,β=1.05]
Epoch: 100, Loss: 1.3540, Train: 42.79%, Valid: 37.98%, Test: 34.54% [α=0.53,β=1.13]
Epoch: 150, Loss: 1.2374, Train: 56.97%, Valid: 43.55%, Test: 35.57% [α=0.54,β=1.19]
Run 01:Highest Train: 61.86 Highest Valid: 45.30 Highest Test: 39.69 Chosen epoch: 182
Final Train: 59.90 Final Test: 37.63
Epoch: 00, Loss: 1.6067, Train: 31.62%, Valid: 30.13%, Test: 27.33% [α=0.50,β=1.00]
Epoch: 50, Loss: 1.5011, Train: 38.88%, Valid: 30.46%, Test: 32.92% [α=0.50,β=1.02]
Epoch: 100, Loss: 1.3372, Train: 48.01%, Valid: 35.76%, Test: 41.61% [α=0.53,β=1.07]
Epoch: 150, Loss: 1.2034, Train: 55.04%, Valid: 37.09%, Test: 42.24% [α=0.54,β=1.13]
Run 02:Highest Train: 62.30 Highest Valid: 38.08 Highest Test: 45.34 Chosen epoch: 130
Final Train: 51.52 Final Test: 40.99
Epoch: 00, Loss: 1.6074, Train: 19.19%, Valid: 25.52%, Test: 17.98% [α=0.50,β=1.00]
Epoch: 50, Loss: 1.5232, Train: 29.86%, Valid: 26.21%, Test: 22.47% [α=0.50,β=1.02]
Epoch: 100, Loss: 1.3556, Train: 45.50%, Valid: 37.93%, Test: 28.65% [α=0.52,β=1.06]
Epoch: 150, Loss: 1.2657, Train: 49.76%, Valid: 44.14%, Test: 30.90% [α=0.53,β=1.12]
Run 03:Highest Train: 56.40 Highest Valid: 44.14 Highest Test: 32.02 Chosen epoch: 151
Final Train: 49.76 Final Test: 30.90
Epoch: 00, Loss: 1.6286, Train: 15.05%, Valid: 14.63%, Test: 15.76% [α=0.50,β=1.00]
Epoch: 50, Loss: 1.5452, Train: 38.59%, Valid: 37.76%, Test: 35.87% [α=0.50,β=1.02]
Epoch: 100, Loss: 1.4134, Train: 44.17%, Valid: 39.12%, Test: 38.59% [α=0.52,β=1.06]
Epoch: 150, Loss: 1.2679, Train: 51.94%, Valid: 42.52%, Test: 40.22% [α=0.54,β=1.13]
Run 04:Highest Train: 63.83 Highest Valid: 42.86 Highest Test: 40.76 Chosen epoch: 128
Final Train: 48.54 Final Test: 38.59
Epoch: 00, Loss: 1.6058, Train: 20.23%, Valid: 20.15%, Test: 17.03% [α=0.50,β=1.00]
Epoch: 50, Loss: 1.5507, Train: 32.95%, Valid: 30.22%, Test: 37.36% [α=0.50,β=1.02]
Epoch: 100, Loss: 1.4335, Train: 42.27%, Valid: 38.81%, Test: 40.11% [α=0.52,β=1.06]
Epoch: 150, Loss: 1.2972, Train: 54.09%, Valid: 41.79%, Test: 41.21% [α=0.54,β=1.12]
Run 05:Highest Train: 63.18 Highest Valid: 42.54 Highest Test: 43.96 Chosen epoch: 187
Final Train: 61.14 Final Test: 42.31
5 runs: Highest Train: 61.51 ± 2.96 Highest val epoch:186
Highest Test: 40.35 ± 5.19 Final Test: 38.08 ± 4.43
