Namespace(data_dir='../data/', dataset='chameleon', device=0, seed=42, cpu=False, epochs=200, runs=5, train_prop=0.5, valid_prop=0.25, protocol='semi', rand_split=False, rand_split_class=False, label_num_per_class=20, valid_num=500, test_num=500, directed=False, method='pcgt', hidden_channels=64, num_layers=2, num_heads=1, alpha=0.5, use_bn=False, use_residual=False, use_graph=True, use_weight=False, use_init=False, use_act=False, attention='gcn', lr=0.001, weight_decay=0.001, dropout=0.6, display_step=50, no_feat_norm=False, patience=200, graph_weight=0.6, ours_weight_decay=0.001, ours_use_weight=False, ours_use_residual=True, ours_use_act=False, backbone='gcn', ours_layers=1, ours_dropout=0.6, aggregate='add', hops=1, gat_heads=8, out_heads=1, lamda=0.1, num_elayers=2, encoder_emdim=768, num_partitions=15, num_reps=4, partition_method='metis', no_pse=False, local_only=False, global_only=False)
chameleon
features shape=torch.Size([890, 2325])
num nodes 890 | num classes 5 | num node feats 2325
Computing 15 partitions using metis...
Partitions: 15, Boundary nodes: 610/890 (68.5%)
Intra-partition edges: 11636/17708 (65.7%)
Epoch: 00, Loss: 1.6139, Train: 13.94%, Valid: 14.63%, Test: 18.04% [α=0.50,β=1.00]
Epoch: 50, Loss: 1.5244, Train: 38.88%, Valid: 35.54%, Test: 29.90% [α=0.51,β=1.04]
Epoch: 100, Loss: 1.3359, Train: 45.72%, Valid: 36.59%, Test: 39.18% [α=0.53,β=1.12]
Epoch: 150, Loss: 1.1925, Train: 54.28%, Valid: 42.16%, Test: 40.21% [α=0.54,β=1.18]
Run 01:Highest Train: 60.15 Highest Valid: 42.51 Highest Test: 43.30 Chosen epoch: 131
Final Train: 51.59 Final Test: 39.69
Epoch: 00, Loss: 1.6166, Train: 17.10%, Valid: 14.24%, Test: 15.53% [α=0.50,β=1.00]
Epoch: 50, Loss: 1.5224, Train: 29.98%, Valid: 23.84%, Test: 26.09% [α=0.50,β=1.02]
Epoch: 100, Loss: 1.3240, Train: 50.35%, Valid: 38.08%, Test: 42.86% [α=0.52,β=1.07]
Epoch: 150, Loss: 1.1803, Train: 53.16%, Valid: 36.75%, Test: 40.99% [α=0.54,β=1.12]
Run 02:Highest Train: 56.44 Highest Valid: 38.41 Highest Test: 42.86 Chosen epoch: 94
Final Train: 49.88 Final Test: 42.86
Epoch: 00, Loss: 1.6088, Train: 17.06%, Valid: 15.17%, Test: 26.97% [α=0.50,β=1.00]
Epoch: 50, Loss: 1.5581, Train: 29.86%, Valid: 26.21%, Test: 22.47% [α=0.50,β=1.01]
Epoch: 100, Loss: 1.4551, Train: 42.65%, Valid: 36.55%, Test: 27.53% [α=0.51,β=1.04]
Epoch: 150, Loss: 1.2613, Train: 49.76%, Valid: 44.14%, Test: 29.78% [α=0.53,β=1.11]
Run 03:Highest Train: 56.40 Highest Valid: 47.59 Highest Test: 36.52 Chosen epoch: 192
Final Train: 55.45 Final Test: 32.58
Epoch: 00, Loss: 1.6008, Train: 28.88%, Valid: 26.19%, Test: 28.26% [α=0.50,β=1.00]
Epoch: 50, Loss: 1.5410, Train: 38.83%, Valid: 35.03%, Test: 35.33% [α=0.50,β=1.02]
Epoch: 100, Loss: 1.3744, Train: 41.02%, Valid: 38.10%, Test: 38.59% [α=0.52,β=1.07]
Epoch: 150, Loss: 1.2030, Train: 56.80%, Valid: 39.46%, Test: 42.93% [α=0.54,β=1.15]
Run 04:Highest Train: 63.35 Highest Valid: 41.84 Highest Test: 44.57 Chosen epoch: 200
Final Train: 63.35 Final Test: 43.48
Epoch: 00, Loss: 1.6073, Train: 19.09%, Valid: 19.03%, Test: 15.93% [α=0.50,β=1.00]
Epoch: 50, Loss: 1.5663, Train: 29.77%, Valid: 28.73%, Test: 34.62% [α=0.50,β=1.02]
Epoch: 100, Loss: 1.4559, Train: 41.36%, Valid: 38.43%, Test: 40.66% [α=0.52,β=1.05]
Epoch: 150, Loss: 1.2545, Train: 52.05%, Valid: 43.28%, Test: 42.86% [α=0.54,β=1.12]
Run 05:Highest Train: 60.23 Highest Valid: 44.78 Highest Test: 47.80 Chosen epoch: 188
Final Train: 58.86 Final Test: 46.70
5 runs: Highest Train: 59.31 ± 2.94 Highest val epoch:187
Highest Test: 43.01 ± 4.11 Final Test: 41.06 ± 5.35
