Namespace(data_dir='../data/', dataset='chameleon', device=0, seed=42, cpu=False, epochs=200, runs=5, train_prop=0.5, valid_prop=0.25, protocol='semi', rand_split=False, rand_split_class=False, label_num_per_class=20, valid_num=500, test_num=500, directed=False, method='pcgt', hidden_channels=64, num_layers=2, num_heads=1, alpha=0.5, use_bn=False, use_residual=False, use_graph=True, use_weight=False, use_init=False, use_act=False, attention='gcn', lr=0.001, weight_decay=0.001, dropout=0.6, display_step=50, no_feat_norm=False, patience=200, graph_weight=0.7, ours_weight_decay=0.001, ours_use_weight=False, ours_use_residual=True, ours_use_act=False, backbone='gcn', ours_layers=1, ours_dropout=0.6, aggregate='add', hops=1, gat_heads=8, out_heads=1, lamda=0.1, num_elayers=2, encoder_emdim=768, num_partitions=20, num_reps=4, partition_method='metis', no_pse=False, local_only=False, global_only=False)
chameleon
features shape=torch.Size([890, 2325])
num nodes 890 | num classes 5 | num node feats 2325
Computing 20 partitions using metis...
Partitions: 20, Boundary nodes: 653/890 (73.4%)
Intra-partition edges: 9036/17708 (51.0%)
Epoch: 00, Loss: 1.6138, Train: 13.94%, Valid: 14.63%, Test: 18.04% [α=0.50,β=1.00]
Epoch: 50, Loss: 1.5276, Train: 41.32%, Valid: 39.37%, Test: 29.38% [α=0.52,β=1.04]
Epoch: 100, Loss: 1.2991, Train: 48.90%, Valid: 42.51%, Test: 38.14% [α=0.53,β=1.12]
Epoch: 150, Loss: 1.1510, Train: 57.21%, Valid: 43.21%, Test: 39.18% [α=0.55,β=1.19]
Run 01:Highest Train: 62.84 Highest Valid: 45.99 Highest Test: 44.33 Chosen epoch: 191
Final Train: 62.35 Final Test: 43.30
Epoch: 00, Loss: 1.5937, Train: 23.89%, Valid: 23.18%, Test: 22.98% [α=0.50,β=1.00]
Epoch: 50, Loss: 1.5335, Train: 30.44%, Valid: 23.84%, Test: 26.09% [α=0.50,β=1.02]
Epoch: 100, Loss: 1.3352, Train: 45.90%, Valid: 35.76%, Test: 37.89% [α=0.52,β=1.06]
Epoch: 150, Loss: 1.1764, Train: 55.27%, Valid: 38.41%, Test: 44.10% [α=0.54,β=1.12]
Run 02:Highest Train: 59.95 Highest Valid: 38.41 Highest Test: 44.72 Chosen epoch: 138
Final Train: 54.10 Final Test: 44.72
Epoch: 00, Loss: 1.6165, Train: 14.22%, Valid: 16.55%, Test: 14.61% [α=0.50,β=1.00]
Epoch: 50, Loss: 1.5567, Train: 29.86%, Valid: 26.21%, Test: 22.47% [α=0.50,β=1.02]
Epoch: 100, Loss: 1.4413, Train: 44.79%, Valid: 35.17%, Test: 29.21% [α=0.51,β=1.05]
Epoch: 150, Loss: 1.2357, Train: 53.79%, Valid: 40.00%, Test: 33.15% [α=0.53,β=1.11]
Run 03:Highest Train: 58.53 Highest Valid: 46.90 Highest Test: 38.76 Chosen epoch: 191
Final Train: 56.87 Final Test: 37.64
Epoch: 00, Loss: 1.6134, Train: 23.79%, Valid: 23.13%, Test: 23.37% [α=0.50,β=1.00]
Epoch: 50, Loss: 1.5614, Train: 41.02%, Valid: 33.33%, Test: 38.04% [α=0.50,β=1.02]
Epoch: 100, Loss: 1.4631, Train: 40.29%, Valid: 37.41%, Test: 39.67% [α=0.51,β=1.05]
Epoch: 150, Loss: 1.2437, Train: 48.79%, Valid: 38.78%, Test: 41.85% [α=0.53,β=1.11]
Run 04:Highest Train: 58.25 Highest Valid: 44.56 Highest Test: 47.28 Chosen epoch: 196
Final Train: 57.28 Final Test: 46.74
Epoch: 00, Loss: 1.6185, Train: 16.14%, Valid: 15.67%, Test: 14.29% [α=0.50,β=1.00]
Epoch: 50, Loss: 1.5738, Train: 25.91%, Valid: 26.49%, Test: 32.42% [α=0.50,β=1.02]
Epoch: 100, Loss: 1.4610, Train: 43.18%, Valid: 39.93%, Test: 43.41% [α=0.51,β=1.05]
Epoch: 150, Loss: 1.2292, Train: 54.09%, Valid: 44.03%, Test: 50.00% [α=0.53,β=1.11]
Run 05:Highest Train: 62.95 Highest Valid: 46.64 Highest Test: 51.65 Chosen epoch: 195
Final Train: 62.95 Final Test: 48.90
5 runs: Highest Train: 60.51 ± 2.28 Highest val epoch:194
Highest Test: 45.35 ± 4.70 Final Test: 44.26 ± 4.26
