Namespace(data_dir='../data/', dataset='chameleon', device=0, seed=42, cpu=False, epochs=200, runs=5, train_prop=0.5, valid_prop=0.25, protocol='semi', rand_split=False, rand_split_class=False, label_num_per_class=20, valid_num=500, test_num=500, directed=False, method='pcgt', hidden_channels=64, num_layers=2, num_heads=1, alpha=0.5, use_bn=False, use_residual=False, use_graph=True, use_weight=False, use_init=False, use_act=False, attention='gcn', lr=0.001, weight_decay=0.001, dropout=0.6, display_step=50, no_feat_norm=False, patience=200, graph_weight=0.5, ours_weight_decay=0.001, ours_use_weight=False, ours_use_residual=True, ours_use_act=False, backbone='gcn', ours_layers=1, ours_dropout=0.6, aggregate='add', hops=1, gat_heads=8, out_heads=1, lamda=0.1, num_elayers=2, encoder_emdim=768, num_partitions=15, num_reps=4, partition_method='metis', no_pse=False, local_only=False, global_only=False)
chameleon
features shape=torch.Size([890, 2325])
num nodes 890 | num classes 5 | num node feats 2325
Computing 15 partitions using metis...
Partitions: 15, Boundary nodes: 610/890 (68.5%)
Intra-partition edges: 11636/17708 (65.7%)
Epoch: 00, Loss: 1.6140, Train: 13.94%, Valid: 14.63%, Test: 18.04% [α=0.50,β=1.00]
Epoch: 50, Loss: 1.5164, Train: 39.85%, Valid: 34.15%, Test: 30.93% [α=0.51,β=1.05]
Epoch: 100, Loss: 1.3410, Train: 46.21%, Valid: 35.19%, Test: 36.60% [α=0.53,β=1.12]
Epoch: 150, Loss: 1.2010, Train: 56.23%, Valid: 40.42%, Test: 40.72% [α=0.54,β=1.19]
Run 01:Highest Train: 60.15 Highest Valid: 42.16 Highest Test: 41.75 Chosen epoch: 191
Final Train: 58.92 Final Test: 40.72
Epoch: 00, Loss: 1.6166, Train: 17.10%, Valid: 14.24%, Test: 15.53% [α=0.50,β=1.00]
Epoch: 50, Loss: 1.5178, Train: 29.98%, Valid: 23.84%, Test: 26.09% [α=0.50,β=1.02]
Epoch: 100, Loss: 1.3288, Train: 50.12%, Valid: 37.09%, Test: 40.37% [α=0.52,β=1.07]
Epoch: 150, Loss: 1.1917, Train: 52.69%, Valid: 37.75%, Test: 40.37% [α=0.54,β=1.12]
Run 02:Highest Train: 55.97 Highest Valid: 37.75 Highest Test: 41.61 Chosen epoch: 112
Final Train: 50.12 Final Test: 40.37
Epoch: 00, Loss: 1.6087, Train: 17.06%, Valid: 15.17%, Test: 26.97% [α=0.50,β=1.00]
Epoch: 50, Loss: 1.5536, Train: 29.86%, Valid: 26.21%, Test: 22.47% [α=0.50,β=1.01]
Epoch: 100, Loss: 1.4400, Train: 43.84%, Valid: 37.93%, Test: 28.09% [α=0.51,β=1.05]
Epoch: 150, Loss: 1.2684, Train: 52.84%, Valid: 44.14%, Test: 30.34% [α=0.53,β=1.11]
Run 03:Highest Train: 57.58 Highest Valid: 47.24 Highest Test: 38.20 Chosen epoch: 194
Final Train: 56.40 Final Test: 33.15
Epoch: 00, Loss: 1.6006, Train: 28.40%, Valid: 26.53%, Test: 34.24% [α=0.50,β=1.00]
Epoch: 50, Loss: 1.5314, Train: 39.56%, Valid: 34.01%, Test: 35.87% [α=0.50,β=1.02]
Epoch: 100, Loss: 1.3555, Train: 43.69%, Valid: 37.41%, Test: 38.04% [α=0.52,β=1.07]
Epoch: 150, Loss: 1.2007, Train: 58.25%, Valid: 39.80%, Test: 39.13% [α=0.54,β=1.15]
Run 04:Highest Train: 64.08 Highest Valid: 40.48 Highest Test: 43.48 Chosen epoch: 133
Final Train: 55.34 Final Test: 39.67
Epoch: 00, Loss: 1.6071, Train: 19.09%, Valid: 19.03%, Test: 15.93% [α=0.50,β=1.00]
Epoch: 50, Loss: 1.5596, Train: 35.23%, Valid: 30.97%, Test: 35.71% [α=0.50,β=1.02]
Epoch: 100, Loss: 1.4352, Train: 43.86%, Valid: 38.06%, Test: 41.21% [α=0.52,β=1.06]
Epoch: 150, Loss: 1.2477, Train: 52.50%, Valid: 40.67%, Test: 42.86% [α=0.54,β=1.12]
Run 05:Highest Train: 61.59 Highest Valid: 44.03 Highest Test: 47.80 Chosen epoch: 180
Final Train: 59.32 Final Test: 45.60
5 runs: Highest Train: 59.87 ± 3.21 Highest val epoch:179
Highest Test: 42.57 ± 3.49 Final Test: 39.90 ± 4.45
