Namespace(data_dir='../data/', dataset='chameleon', device=0, seed=42, cpu=False, epochs=200, runs=5, train_prop=0.5, valid_prop=0.25, protocol='semi', rand_split=False, rand_split_class=False, label_num_per_class=20, valid_num=500, test_num=500, directed=False, method='pcgt', hidden_channels=64, num_layers=2, num_heads=1, alpha=0.5, use_bn=False, use_residual=False, use_graph=True, use_weight=False, use_init=False, use_act=False, attention='gcn', lr=0.001, weight_decay=0.001, dropout=0.6, display_step=50, no_feat_norm=False, patience=200, graph_weight=0.4, ours_weight_decay=0.001, ours_use_weight=False, ours_use_residual=True, ours_use_act=False, backbone='gcn', ours_layers=1, ours_dropout=0.6, aggregate='add', hops=1, gat_heads=8, out_heads=1, lamda=0.1, num_elayers=2, encoder_emdim=768, num_partitions=20, num_reps=4, partition_method='metis', no_pse=False, local_only=False, global_only=False)
chameleon
features shape=torch.Size([890, 2325])
num nodes 890 | num classes 5 | num node feats 2325
Computing 20 partitions using metis...
Partitions: 20, Boundary nodes: 653/890 (73.4%)
Intra-partition edges: 9036/17708 (51.0%)
Epoch: 00, Loss: 1.6140, Train: 13.94%, Valid: 14.63%, Test: 18.04% [α=0.50,β=1.00]
Epoch: 50, Loss: 1.5032, Train: 41.08%, Valid: 38.33%, Test: 30.41% [α=0.52,β=1.05]
Epoch: 100, Loss: 1.2933, Train: 47.68%, Valid: 38.68%, Test: 34.54% [α=0.53,β=1.13]
Epoch: 150, Loss: 1.1583, Train: 55.99%, Valid: 40.07%, Test: 34.54% [α=0.55,β=1.20]
Run 01:Highest Train: 61.86 Highest Valid: 42.16 Highest Test: 35.57 Chosen epoch: 200
Final Train: 61.86 Final Test: 35.57
Epoch: 00, Loss: 1.5933, Train: 23.89%, Valid: 23.18%, Test: 22.98% [α=0.50,β=1.00]
Epoch: 50, Loss: 1.5105, Train: 39.81%, Valid: 28.81%, Test: 28.57% [α=0.50,β=1.02]
Epoch: 100, Loss: 1.3280, Train: 49.65%, Valid: 32.12%, Test: 34.78% [α=0.52,β=1.06]
Epoch: 150, Loss: 1.1808, Train: 56.67%, Valid: 35.10%, Test: 38.51% [α=0.54,β=1.12]
Run 02:Highest Train: 59.25 Highest Valid: 36.75 Highest Test: 40.99 Chosen epoch: 194
Final Train: 59.02 Final Test: 38.51
Epoch: 00, Loss: 1.6169, Train: 14.22%, Valid: 16.55%, Test: 14.61% [α=0.50,β=1.00]
Epoch: 50, Loss: 1.5393, Train: 29.86%, Valid: 26.21%, Test: 22.47% [α=0.50,β=1.02]
Epoch: 100, Loss: 1.3966, Train: 48.58%, Valid: 38.28%, Test: 31.46% [α=0.51,β=1.05]
Epoch: 150, Loss: 1.2248, Train: 55.92%, Valid: 41.03%, Test: 37.08% [α=0.53,β=1.11]
Run 03:Highest Train: 60.90 Highest Valid: 42.07 Highest Test: 41.57 Chosen epoch: 180
Final Train: 58.77 Final Test: 40.45
Epoch: 00, Loss: 1.6145, Train: 23.79%, Valid: 23.13%, Test: 23.37% [α=0.50,β=1.00]
Epoch: 50, Loss: 1.5420, Train: 40.29%, Valid: 36.73%, Test: 39.13% [α=0.50,β=1.02]
Epoch: 100, Loss: 1.4252, Train: 42.23%, Valid: 36.39%, Test: 39.13% [α=0.52,β=1.05]
Epoch: 150, Loss: 1.2505, Train: 53.64%, Valid: 38.10%, Test: 42.39% [α=0.53,β=1.11]
Run 04:Highest Train: 64.56 Highest Valid: 42.86 Highest Test: 45.65 Chosen epoch: 187
Final Train: 61.41 Final Test: 44.02
Epoch: 00, Loss: 1.6186, Train: 15.91%, Valid: 15.67%, Test: 13.19% [α=0.50,β=1.00]
Epoch: 50, Loss: 1.5572, Train: 34.09%, Valid: 30.97%, Test: 35.16% [α=0.50,β=1.02]
Epoch: 100, Loss: 1.4132, Train: 50.91%, Valid: 41.79%, Test: 39.56% [α=0.52,β=1.05]
Epoch: 150, Loss: 1.2264, Train: 55.23%, Valid: 43.66%, Test: 43.41% [α=0.53,β=1.11]
Run 05:Highest Train: 62.95 Highest Valid: 45.52 Highest Test: 44.51 Chosen epoch: 196
Final Train: 62.50 Final Test: 43.41
5 runs: Highest Train: 61.91 ± 2.01 Highest val epoch:195
Highest Test: 41.66 ± 3.92 Final Test: 40.39 ± 3.50
