Namespace(data_dir='../data/', dataset='citeseer', device=0, seed=123, cpu=False, epochs=500, runs=5, train_prop=0.5, valid_prop=0.25, protocol='semi', rand_split=False, rand_split_class=True, label_num_per_class=20, valid_num=500, test_num=1000, directed=False, method='pcgt', hidden_channels=64, num_layers=4, num_heads=1, alpha=0.5, use_bn=False, use_residual=True, use_graph=True, use_weight=False, use_init=False, use_act=False, attention='gcn', lr=0.005, weight_decay=0.01, dropout=0.5, display_step=50, no_feat_norm=True, patience=200, graph_weight=0.6, ours_weight_decay=0.01, ours_use_weight=False, ours_use_residual=False, ours_use_act=False, backbone='gcn', ours_layers=1, ours_dropout=0.3, aggregate='add', hops=1, gat_heads=8, out_heads=1, lamda=0.1, num_elayers=2, encoder_emdim=768, num_partitions=5, num_reps=4, partition_method='metis', no_pse=False, local_only=False, global_only=False)
citeseer
Num nodes: 3327
train:torch.Size([120]), valid:torch.Size([500]), test:torch.Size([1000])
features shape=torch.Size([3327, 3703])
num nodes 3327 | num classes 6 | num node feats 3703
Computing 5 partitions using metis...
Partitions: 5, Boundary nodes: 134/3327 (4.0%)
Intra-partition edges: 8934/9104 (98.1%)
Epoch: 00, Loss: 1.7947, Train: 30.83%, Valid: 16.80%, Test: 19.50% [α=0.50,β=1.00]
Epoch: 50, Loss: 0.0850, Train: 100.00%, Valid: 66.00%, Test: 67.00% [α=0.55,β=1.19]
Epoch: 100, Loss: 0.0681, Train: 100.00%, Valid: 62.80%, Test: 64.90% [α=0.55,β=1.27]
Epoch: 150, Loss: 0.0488, Train: 100.00%, Valid: 65.80%, Test: 67.10% [α=0.55,β=1.34]
Epoch: 200, Loss: 0.0585, Train: 100.00%, Valid: 65.80%, Test: 67.00% [α=0.54,β=1.40]
Epoch: 250, Loss: 0.0626, Train: 100.00%, Valid: 64.60%, Test: 64.80% [α=0.54,β=1.47]
Run 01:Highest Train: 100.00 Highest Valid: 67.80 Highest Test: 68.80 Chosen epoch: 57
Final Train: 100.00 Final Test: 65.90
Epoch: 00, Loss: 1.7912, Train: 28.33%, Valid: 17.00%, Test: 18.90% [α=0.50,β=1.00]
Epoch: 50, Loss: 0.1080, Train: 100.00%, Valid: 55.80%, Test: 60.30% [α=0.57,β=1.35]
Epoch: 100, Loss: 0.0840, Train: 100.00%, Valid: 58.80%, Test: 60.90% [α=0.57,β=1.56]
Epoch: 150, Loss: 0.0858, Train: 100.00%, Valid: 58.00%, Test: 59.90% [α=0.57,β=1.73]
Epoch: 200, Loss: 0.0607, Train: 100.00%, Valid: 57.80%, Test: 60.10% [α=0.56,β=1.87]
Run 02:Highest Train: 100.00 Highest Valid: 60.40 Highest Test: 63.80 Chosen epoch: 31
Final Train: 100.00 Final Test: 63.80
Epoch: 00, Loss: 1.7940, Train: 16.67%, Valid: 7.80%, Test: 7.20% [α=0.50,β=1.00]
Epoch: 50, Loss: 0.0904, Train: 100.00%, Valid: 57.60%, Test: 62.10% [α=0.57,β=1.35]
Epoch: 100, Loss: 0.0740, Train: 100.00%, Valid: 57.00%, Test: 61.40% [α=0.57,β=1.55]
Epoch: 150, Loss: 0.0700, Train: 100.00%, Valid: 60.60%, Test: 63.50% [α=0.56,β=1.69]
Epoch: 200, Loss: 0.0575, Train: 100.00%, Valid: 57.40%, Test: 61.50% [α=0.55,β=1.81]
Epoch: 250, Loss: 0.0670, Train: 100.00%, Valid: 59.80%, Test: 63.50% [α=0.55,β=1.92]
Epoch: 300, Loss: 0.0580, Train: 100.00%, Valid: 58.80%, Test: 65.30% [α=0.54,β=2.02]
Epoch: 350, Loss: 0.0793, Train: 100.00%, Valid: 60.40%, Test: 63.90% [α=0.54,β=2.12]
Epoch: 400, Loss: 0.0673, Train: 100.00%, Valid: 59.80%, Test: 65.30% [α=0.54,β=2.21]
Epoch: 450, Loss: 0.0618, Train: 100.00%, Valid: 61.60%, Test: 65.20% [α=0.54,β=2.29]
Run 03:Highest Train: 100.00 Highest Valid: 62.20 Highest Test: 66.00 Chosen epoch: 329
Final Train: 100.00 Final Test: 65.10
Epoch: 00, Loss: 1.7966, Train: 18.33%, Valid: 20.80%, Test: 20.50% [α=0.50,β=1.00]
Epoch: 50, Loss: 0.0919, Train: 100.00%, Valid: 59.00%, Test: 64.10% [α=0.57,β=1.32]
Epoch: 100, Loss: 0.0681, Train: 100.00%, Valid: 64.00%, Test: 66.70% [α=0.56,β=1.52]
Epoch: 150, Loss: 0.0655, Train: 100.00%, Valid: 59.40%, Test: 64.20% [α=0.55,β=1.67]
Epoch: 200, Loss: 0.0647, Train: 100.00%, Valid: 63.00%, Test: 65.50% [α=0.54,β=1.81]
Epoch: 250, Loss: 0.0607, Train: 100.00%, Valid: 62.60%, Test: 65.40% [α=0.54,β=1.92]
Epoch: 300, Loss: 0.0582, Train: 100.00%, Valid: 62.00%, Test: 65.10% [α=0.54,β=2.03]
Epoch: 350, Loss: 0.0534, Train: 100.00%, Valid: 65.00%, Test: 66.10% [α=0.54,β=2.12]
Epoch: 400, Loss: 0.0615, Train: 100.00%, Valid: 61.20%, Test: 63.80% [α=0.53,β=2.21]
Epoch: 450, Loss: 0.0553, Train: 100.00%, Valid: 63.60%, Test: 66.10% [α=0.53,β=2.30]
Run 04:Highest Train: 100.00 Highest Valid: 65.20 Highest Test: 68.10 Chosen epoch: 295
Final Train: 100.00 Final Test: 66.20
Epoch: 00, Loss: 1.7950, Train: 28.33%, Valid: 26.80%, Test: 26.90% [α=0.50,β=1.00]
Epoch: 50, Loss: 0.0815, Train: 100.00%, Valid: 56.80%, Test: 60.30% [α=0.57,β=1.42]
Epoch: 100, Loss: 0.0683, Train: 100.00%, Valid: 63.40%, Test: 66.10% [α=0.56,β=1.64]
Epoch: 150, Loss: 0.0667, Train: 100.00%, Valid: 64.00%, Test: 66.40% [α=0.55,β=1.80]
Epoch: 200, Loss: 0.0635, Train: 100.00%, Valid: 63.40%, Test: 66.30% [α=0.54,β=1.94]
Epoch: 250, Loss: 0.0571, Train: 100.00%, Valid: 61.60%, Test: 64.00% [α=0.54,β=2.05]
Epoch: 300, Loss: 0.0643, Train: 100.00%, Valid: 63.60%, Test: 66.20% [α=0.54,β=2.15]
Run 05:Highest Train: 100.00 Highest Valid: 66.00 Highest Test: 68.10 Chosen epoch: 102
Final Train: 100.00 Final Test: 66.30
5 runs: Highest Train: 100.00 ± 0.00 Highest val epoch:101
Highest Test: 66.96 ± 2.05 Final Test: 65.46 ± 1.04
