Namespace(data_dir='../data/', dataset='citeseer', device=0, seed=123, cpu=False, epochs=500, runs=5, train_prop=0.5, valid_prop=0.25, protocol='semi', rand_split=False, rand_split_class=True, label_num_per_class=20, valid_num=500, test_num=1000, directed=False, method='pcgt', hidden_channels=64, num_layers=4, num_heads=1, alpha=0.5, use_bn=False, use_residual=True, use_graph=True, use_weight=False, use_init=False, use_act=False, attention='gcn', lr=0.005, weight_decay=0.01, dropout=0.5, display_step=50, no_feat_norm=True, patience=200, graph_weight=0.6, ours_weight_decay=0.01, ours_use_weight=False, ours_use_residual=False, ours_use_act=False, backbone='gcn', ours_layers=1, ours_dropout=0.3, aggregate='add', hops=1, gat_heads=8, out_heads=1, lamda=0.1, num_elayers=2, encoder_emdim=768, num_partitions=15, num_reps=4, partition_method='metis', no_pse=False, local_only=False, global_only=False)
citeseer
Num nodes: 3327
train:torch.Size([120]), valid:torch.Size([500]), test:torch.Size([1000])
features shape=torch.Size([3327, 3703])
num nodes 3327 | num classes 6 | num node feats 3703
Computing 15 partitions using metis...
Partitions: 15, Boundary nodes: 343/3327 (10.3%)
Intra-partition edges: 8532/9104 (93.7%)
Epoch: 00, Loss: 1.7947, Train: 32.50%, Valid: 18.60%, Test: 22.00% [α=0.50,β=1.00]
Epoch: 50, Loss: 0.0840, Train: 100.00%, Valid: 59.80%, Test: 64.30% [α=0.55,β=1.19]
Epoch: 100, Loss: 0.0830, Train: 100.00%, Valid: 63.80%, Test: 66.80% [α=0.55,β=1.28]
Epoch: 150, Loss: 0.0728, Train: 100.00%, Valid: 67.00%, Test: 67.70% [α=0.55,β=1.35]
Epoch: 200, Loss: 0.0598, Train: 100.00%, Valid: 66.20%, Test: 68.10% [α=0.54,β=1.41]
Epoch: 250, Loss: 0.0534, Train: 100.00%, Valid: 63.00%, Test: 64.70% [α=0.53,β=1.47]
Epoch: 300, Loss: 0.0548, Train: 100.00%, Valid: 64.40%, Test: 66.60% [α=0.53,β=1.52]
Run 01:Highest Train: 100.00 Highest Valid: 67.80 Highest Test: 70.00 Chosen epoch: 150
Final Train: 100.00 Final Test: 67.10
Epoch: 00, Loss: 1.7958, Train: 28.33%, Valid: 15.80%, Test: 17.10% [α=0.50,β=1.00]
Epoch: 50, Loss: 0.0732, Train: 100.00%, Valid: 60.80%, Test: 65.60% [α=0.59,β=1.40]
Epoch: 100, Loss: 0.0821, Train: 100.00%, Valid: 61.20%, Test: 65.70% [α=0.59,β=1.58]
Epoch: 150, Loss: 0.0645, Train: 100.00%, Valid: 63.00%, Test: 67.30% [α=0.58,β=1.72]
Epoch: 200, Loss: 0.0541, Train: 100.00%, Valid: 61.40%, Test: 64.40% [α=0.57,β=1.84]
Epoch: 250, Loss: 0.0678, Train: 100.00%, Valid: 61.00%, Test: 66.90% [α=0.56,β=1.96]
Epoch: 300, Loss: 0.0633, Train: 100.00%, Valid: 63.60%, Test: 65.90% [α=0.56,β=2.06]
Run 02:Highest Train: 100.00 Highest Valid: 64.60 Highest Test: 68.70 Chosen epoch: 149
Final Train: 100.00 Final Test: 67.60
Epoch: 00, Loss: 1.7945, Train: 40.00%, Valid: 31.80%, Test: 29.10% [α=0.50,β=1.00]
Epoch: 50, Loss: 0.0676, Train: 100.00%, Valid: 64.60%, Test: 66.00% [α=0.59,β=1.35]
Epoch: 100, Loss: 0.0764, Train: 100.00%, Valid: 62.20%, Test: 66.00% [α=0.59,β=1.54]
Epoch: 150, Loss: 0.0739, Train: 100.00%, Valid: 63.20%, Test: 65.90% [α=0.58,β=1.69]
Epoch: 200, Loss: 0.0695, Train: 100.00%, Valid: 63.00%, Test: 68.30% [α=0.58,β=1.82]
Epoch: 250, Loss: 0.0508, Train: 100.00%, Valid: 64.80%, Test: 67.00% [α=0.57,β=1.94]
Epoch: 300, Loss: 0.0606, Train: 100.00%, Valid: 63.60%, Test: 68.20% [α=0.56,β=2.04]
Epoch: 350, Loss: 0.0723, Train: 100.00%, Valid: 64.00%, Test: 66.60% [α=0.56,β=2.14]
Run 03:Highest Train: 100.00 Highest Valid: 65.60 Highest Test: 68.80 Chosen epoch: 190
Final Train: 100.00 Final Test: 67.50
Epoch: 00, Loss: 1.7953, Train: 20.83%, Valid: 18.80%, Test: 18.30% [α=0.50,β=1.00]
Epoch: 50, Loss: 0.0787, Train: 100.00%, Valid: 58.80%, Test: 62.70% [α=0.60,β=1.45]
Epoch: 100, Loss: 0.0847, Train: 100.00%, Valid: 59.00%, Test: 63.00% [α=0.60,β=1.68]
Epoch: 150, Loss: 0.0769, Train: 100.00%, Valid: 62.20%, Test: 64.10% [α=0.59,β=1.85]
Epoch: 200, Loss: 0.0541, Train: 100.00%, Valid: 63.20%, Test: 65.60% [α=0.58,β=2.00]
Epoch: 250, Loss: 0.0649, Train: 100.00%, Valid: 62.60%, Test: 65.60% [α=0.57,β=2.13]
Epoch: 300, Loss: 0.0676, Train: 100.00%, Valid: 62.00%, Test: 64.40% [α=0.57,β=2.24]
Epoch: 350, Loss: 0.0559, Train: 100.00%, Valid: 62.20%, Test: 66.00% [α=0.56,β=2.35]
Epoch: 400, Loss: 0.0718, Train: 100.00%, Valid: 61.80%, Test: 64.30% [α=0.56,β=2.45]
Run 04:Highest Train: 100.00 Highest Valid: 65.00 Highest Test: 67.60 Chosen epoch: 225
Final Train: 100.00 Final Test: 66.60
Epoch: 00, Loss: 1.7943, Train: 19.17%, Valid: 20.60%, Test: 19.90% [α=0.50,β=1.00]
Epoch: 50, Loss: 0.0740, Train: 100.00%, Valid: 57.00%, Test: 62.10% [α=0.61,β=1.48]
Epoch: 100, Loss: 0.0666, Train: 100.00%, Valid: 58.40%, Test: 61.10% [α=0.61,β=1.74]
Epoch: 150, Loss: 0.0652, Train: 100.00%, Valid: 59.60%, Test: 61.40% [α=0.59,β=1.93]
Epoch: 200, Loss: 0.0708, Train: 100.00%, Valid: 60.40%, Test: 61.40% [α=0.58,β=2.08]
Epoch: 250, Loss: 0.0720, Train: 100.00%, Valid: 59.00%, Test: 61.60% [α=0.57,β=2.22]
Run 05:Highest Train: 100.00 Highest Valid: 61.80 Highest Test: 65.80 Chosen epoch: 62
Final Train: 100.00 Final Test: 65.00
5 runs: Highest Train: 100.00 ± 0.00 Highest val epoch:61
Highest Test: 68.18 ± 1.58 Final Test: 66.76 ± 1.06
