Namespace(data_dir='../data/', dataset='citeseer', device=0, seed=123, cpu=False, epochs=500, runs=5, train_prop=0.5, valid_prop=0.25, protocol='semi', rand_split=False, rand_split_class=True, label_num_per_class=20, valid_num=500, test_num=1000, directed=False, method='pcgt', hidden_channels=64, num_layers=4, num_heads=1, alpha=0.5, use_bn=False, use_residual=True, use_graph=True, use_weight=False, use_init=False, use_act=False, attention='gcn', lr=0.005, weight_decay=0.01, dropout=0.5, display_step=50, no_feat_norm=True, patience=200, graph_weight=0.7, ours_weight_decay=0.01, ours_use_weight=False, ours_use_residual=False, ours_use_act=False, backbone='gcn', ours_layers=1, ours_dropout=0.3, aggregate='add', hops=1, gat_heads=8, out_heads=1, lamda=0.1, num_elayers=2, encoder_emdim=768, num_partitions=5, num_reps=4, partition_method='metis', no_pse=False, local_only=False, global_only=False)
citeseer
Num nodes: 3327
train:torch.Size([120]), valid:torch.Size([500]), test:torch.Size([1000])
features shape=torch.Size([3327, 3703])
num nodes 3327 | num classes 6 | num node feats 3703
Computing 5 partitions using metis...
Partitions: 5, Boundary nodes: 134/3327 (4.0%)
Intra-partition edges: 8934/9104 (98.1%)
Epoch: 00, Loss: 1.7951, Train: 24.17%, Valid: 16.00%, Test: 18.20% [α=0.50,β=1.00]
Epoch: 50, Loss: 0.1171, Train: 100.00%, Valid: 64.00%, Test: 64.40% [α=0.54,β=1.18]
Epoch: 100, Loss: 0.0695, Train: 100.00%, Valid: 65.60%, Test: 66.90% [α=0.54,β=1.24]
Epoch: 150, Loss: 0.0503, Train: 100.00%, Valid: 66.00%, Test: 68.10% [α=0.53,β=1.28]
Epoch: 200, Loss: 0.0554, Train: 100.00%, Valid: 65.60%, Test: 66.20% [α=0.52,β=1.31]
Epoch: 250, Loss: 0.0637, Train: 99.17%, Valid: 62.40%, Test: 64.60% [α=0.52,β=1.34]
Epoch: 300, Loss: 0.0529, Train: 99.17%, Valid: 63.80%, Test: 66.60% [α=0.51,β=1.37]
Run 01:Highest Train: 100.00 Highest Valid: 67.20 Highest Test: 69.50 Chosen epoch: 111
Final Train: 100.00 Final Test: 67.90
Epoch: 00, Loss: 1.7935, Train: 16.67%, Valid: 22.40%, Test: 22.80% [α=0.50,β=1.00]
Epoch: 50, Loss: 0.0652, Train: 100.00%, Valid: 61.40%, Test: 64.00% [α=0.57,β=1.38]
Epoch: 100, Loss: 0.0759, Train: 100.00%, Valid: 60.80%, Test: 63.80% [α=0.56,β=1.51]
Epoch: 150, Loss: 0.0441, Train: 100.00%, Valid: 64.00%, Test: 66.20% [α=0.54,β=1.59]
Epoch: 200, Loss: 0.0756, Train: 100.00%, Valid: 64.60%, Test: 67.30% [α=0.53,β=1.66]
Run 02:Highest Train: 100.00 Highest Valid: 66.20 Highest Test: 69.30 Chosen epoch: 48
Final Train: 100.00 Final Test: 68.20
Epoch: 00, Loss: 1.7979, Train: 27.50%, Valid: 25.60%, Test: 24.70% [α=0.50,β=1.00]
Epoch: 50, Loss: 0.0951, Train: 100.00%, Valid: 64.80%, Test: 66.60% [α=0.58,β=1.42]
Epoch: 100, Loss: 0.0568, Train: 100.00%, Valid: 62.00%, Test: 64.80% [α=0.57,β=1.58]
Epoch: 150, Loss: 0.0690, Train: 100.00%, Valid: 61.40%, Test: 63.40% [α=0.55,β=1.69]
Epoch: 200, Loss: 0.0690, Train: 100.00%, Valid: 63.60%, Test: 66.20% [α=0.55,β=1.77]
Run 03:Highest Train: 100.00 Highest Valid: 65.60 Highest Test: 68.30 Chosen epoch: 36
Final Train: 100.00 Final Test: 65.40
Epoch: 00, Loss: 1.7956, Train: 16.67%, Valid: 16.00%, Test: 18.10% [α=0.50,β=1.00]
Epoch: 50, Loss: 0.0702, Train: 100.00%, Valid: 63.20%, Test: 68.80% [α=0.57,β=1.33]
Epoch: 100, Loss: 0.0622, Train: 100.00%, Valid: 63.60%, Test: 68.30% [α=0.56,β=1.45]
Epoch: 150, Loss: 0.0561, Train: 100.00%, Valid: 60.20%, Test: 65.30% [α=0.54,β=1.51]
Epoch: 200, Loss: 0.0623, Train: 100.00%, Valid: 62.80%, Test: 66.40% [α=0.53,β=1.55]
Run 04:Highest Train: 100.00 Highest Valid: 66.20 Highest Test: 70.30 Chosen epoch: 33
Final Train: 100.00 Final Test: 68.20
Epoch: 00, Loss: 1.7942, Train: 18.33%, Valid: 16.40%, Test: 16.60% [α=0.50,β=1.00]
Epoch: 50, Loss: 0.0931, Train: 100.00%, Valid: 56.40%, Test: 62.60% [α=0.58,β=1.39]
Epoch: 100, Loss: 0.0650, Train: 100.00%, Valid: 59.60%, Test: 64.80% [α=0.57,β=1.56]
Epoch: 150, Loss: 0.0622, Train: 100.00%, Valid: 61.80%, Test: 67.80% [α=0.56,β=1.67]
Epoch: 200, Loss: 0.0596, Train: 100.00%, Valid: 64.80%, Test: 67.30% [α=0.55,β=1.76]
Epoch: 250, Loss: 0.0580, Train: 100.00%, Valid: 58.60%, Test: 65.50% [α=0.55,β=1.84]
Epoch: 300, Loss: 0.0529, Train: 100.00%, Valid: 60.60%, Test: 65.10% [α=0.55,β=1.91]
Epoch: 350, Loss: 0.0462, Train: 100.00%, Valid: 63.60%, Test: 65.80% [α=0.54,β=1.98]
Epoch: 400, Loss: 0.0569, Train: 100.00%, Valid: 62.60%, Test: 68.10% [α=0.54,β=2.04]
Run 05:Highest Train: 100.00 Highest Valid: 65.60 Highest Test: 69.00 Chosen epoch: 235
Final Train: 100.00 Final Test: 68.40
5 runs: Highest Train: 100.00 ± 0.00 Highest val epoch:234
Highest Test: 69.28 ± 0.73 Final Test: 67.62 ± 1.25
