Namespace(data_dir='../data/', dataset='citeseer', device=0, seed=123, cpu=False, epochs=500, runs=5, train_prop=0.5, valid_prop=0.25, protocol='semi', rand_split=False, rand_split_class=True, label_num_per_class=20, valid_num=500, test_num=1000, directed=False, method='pcgt', hidden_channels=64, num_layers=4, num_heads=1, alpha=0.5, use_bn=False, use_residual=True, use_graph=True, use_weight=False, use_init=False, use_act=False, attention='gcn', lr=0.005, weight_decay=0.01, dropout=0.5, display_step=50, no_feat_norm=True, patience=200, graph_weight=0.6, ours_weight_decay=0.01, ours_use_weight=False, ours_use_residual=False, ours_use_act=False, backbone='gcn', ours_layers=1, ours_dropout=0.3, aggregate='add', hops=1, gat_heads=8, out_heads=1, lamda=0.1, num_elayers=2, encoder_emdim=768, num_partitions=10, num_reps=4, partition_method='metis', no_pse=False, local_only=False, global_only=False)
citeseer
Num nodes: 3327
train:torch.Size([120]), valid:torch.Size([500]), test:torch.Size([1000])
features shape=torch.Size([3327, 3703])
num nodes 3327 | num classes 6 | num node feats 3703
Computing 10 partitions using metis...
Partitions: 10, Boundary nodes: 270/3327 (8.1%)
Intra-partition edges: 8696/9104 (95.5%)
Epoch: 00, Loss: 1.7980, Train: 26.67%, Valid: 16.60%, Test: 18.90% [α=0.50,β=1.00]
Epoch: 50, Loss: 0.1104, Train: 100.00%, Valid: 64.40%, Test: 64.80% [α=0.54,β=1.19]
Epoch: 100, Loss: 0.0709, Train: 100.00%, Valid: 63.40%, Test: 66.80% [α=0.55,β=1.27]
Epoch: 150, Loss: 0.0610, Train: 100.00%, Valid: 62.60%, Test: 66.00% [α=0.55,β=1.34]
Epoch: 200, Loss: 0.0623, Train: 100.00%, Valid: 65.20%, Test: 66.60% [α=0.54,β=1.41]
Epoch: 250, Loss: 0.0625, Train: 100.00%, Valid: 64.60%, Test: 65.70% [α=0.54,β=1.48]
Epoch: 300, Loss: 0.0451, Train: 100.00%, Valid: 62.60%, Test: 66.30% [α=0.53,β=1.54]
Run 01:Highest Train: 100.00 Highest Valid: 68.20 Highest Test: 69.00 Chosen epoch: 144
Final Train: 100.00 Final Test: 68.40
Epoch: 00, Loss: 1.7933, Train: 16.67%, Valid: 22.40%, Test: 22.80% [α=0.50,β=1.00]
Epoch: 50, Loss: 0.0834, Train: 100.00%, Valid: 58.60%, Test: 61.00% [α=0.59,β=1.43]
Epoch: 100, Loss: 0.0991, Train: 100.00%, Valid: 60.00%, Test: 63.30% [α=0.59,β=1.64]
Epoch: 150, Loss: 0.0750, Train: 100.00%, Valid: 60.40%, Test: 64.40% [α=0.58,β=1.81]
Epoch: 200, Loss: 0.0649, Train: 100.00%, Valid: 60.40%, Test: 63.00% [α=0.58,β=1.96]
Epoch: 250, Loss: 0.0598, Train: 100.00%, Valid: 59.60%, Test: 61.90% [α=0.57,β=2.10]
Epoch: 300, Loss: 0.0661, Train: 100.00%, Valid: 57.40%, Test: 60.70% [α=0.56,β=2.22]
Run 02:Highest Train: 100.00 Highest Valid: 62.80 Highest Test: 65.40 Chosen epoch: 109
Final Train: 100.00 Final Test: 62.70
Epoch: 00, Loss: 1.7971, Train: 16.67%, Valid: 16.40%, Test: 15.10% [α=0.50,β=1.00]
Epoch: 50, Loss: 0.0894, Train: 100.00%, Valid: 61.60%, Test: 65.50% [α=0.58,β=1.37]
Epoch: 100, Loss: 0.0662, Train: 100.00%, Valid: 62.20%, Test: 68.80% [α=0.58,β=1.56]
Epoch: 150, Loss: 0.0615, Train: 100.00%, Valid: 60.80%, Test: 64.60% [α=0.56,β=1.69]
Epoch: 200, Loss: 0.0664, Train: 100.00%, Valid: 60.80%, Test: 66.50% [α=0.56,β=1.81]
Epoch: 250, Loss: 0.0610, Train: 100.00%, Valid: 60.20%, Test: 67.10% [α=0.55,β=1.91]
Epoch: 300, Loss: 0.0624, Train: 100.00%, Valid: 60.20%, Test: 65.50% [α=0.55,β=2.01]
Epoch: 350, Loss: 0.0577, Train: 100.00%, Valid: 61.20%, Test: 65.70% [α=0.54,β=2.11]
Epoch: 400, Loss: 0.0550, Train: 100.00%, Valid: 62.40%, Test: 66.20% [α=0.54,β=2.20]
Epoch: 450, Loss: 0.0457, Train: 100.00%, Valid: 61.20%, Test: 64.30% [α=0.54,β=2.28]
Run 03:Highest Train: 100.00 Highest Valid: 65.20 Highest Test: 70.30 Chosen epoch: 272
Final Train: 100.00 Final Test: 68.70
Epoch: 00, Loss: 1.7957, Train: 16.67%, Valid: 22.40%, Test: 23.00% [α=0.50,β=1.00]
Epoch: 50, Loss: 0.0812, Train: 100.00%, Valid: 58.20%, Test: 63.20% [α=0.59,β=1.40]
Epoch: 100, Loss: 0.0811, Train: 100.00%, Valid: 61.60%, Test: 65.70% [α=0.58,β=1.60]
Epoch: 150, Loss: 0.0637, Train: 100.00%, Valid: 61.20%, Test: 64.10% [α=0.56,β=1.76]
Epoch: 200, Loss: 0.0527, Train: 100.00%, Valid: 61.80%, Test: 66.20% [α=0.55,β=1.89]
Epoch: 250, Loss: 0.0620, Train: 100.00%, Valid: 57.60%, Test: 61.60% [α=0.55,β=2.00]
Epoch: 300, Loss: 0.0606, Train: 100.00%, Valid: 60.20%, Test: 62.90% [α=0.55,β=2.11]
Run 04:Highest Train: 100.00 Highest Valid: 65.60 Highest Test: 68.60 Chosen epoch: 126
Final Train: 100.00 Final Test: 68.60
Epoch: 00, Loss: 1.7949, Train: 16.67%, Valid: 16.00%, Test: 18.10% [α=0.50,β=1.00]
Epoch: 50, Loss: 0.0752, Train: 100.00%, Valid: 61.00%, Test: 65.90% [α=0.58,β=1.36]
Epoch: 100, Loss: 0.0570, Train: 100.00%, Valid: 63.20%, Test: 67.40% [α=0.58,β=1.57]
Epoch: 150, Loss: 0.0733, Train: 100.00%, Valid: 62.00%, Test: 66.30% [α=0.57,β=1.73]
Epoch: 200, Loss: 0.0830, Train: 100.00%, Valid: 61.20%, Test: 65.40% [α=0.56,β=1.86]
Epoch: 250, Loss: 0.0629, Train: 100.00%, Valid: 61.60%, Test: 64.50% [α=0.55,β=1.98]
Run 05:Highest Train: 100.00 Highest Valid: 64.40 Highest Test: 68.40 Chosen epoch: 89
Final Train: 100.00 Final Test: 67.60
5 runs: Highest Train: 100.00 ± 0.00 Highest val epoch:88
Highest Test: 68.34 ± 1.80 Final Test: 67.20 ± 2.55
