Namespace(data_dir='../data/', dataset='citeseer', device=0, seed=123, cpu=False, epochs=500, runs=5, train_prop=0.5, valid_prop=0.25, protocol='semi', rand_split=False, rand_split_class=True, label_num_per_class=20, valid_num=500, test_num=1000, directed=False, method='pcgt', hidden_channels=64, num_layers=4, num_heads=1, alpha=0.5, use_bn=False, use_residual=True, use_graph=True, use_weight=False, use_init=False, use_act=False, attention='gcn', lr=0.005, weight_decay=0.01, dropout=0.5, display_step=50, no_feat_norm=True, patience=200, graph_weight=0.8, ours_weight_decay=0.01, ours_use_weight=False, ours_use_residual=False, ours_use_act=False, backbone='gcn', ours_layers=1, ours_dropout=0.3, aggregate='add', hops=1, gat_heads=8, out_heads=1, lamda=0.1, num_elayers=2, encoder_emdim=768, num_partitions=10, num_reps=4, partition_method='metis', no_pse=False, local_only=False, global_only=False)
citeseer
Num nodes: 3327
train:torch.Size([120]), valid:torch.Size([500]), test:torch.Size([1000])
features shape=torch.Size([3327, 3703])
num nodes 3327 | num classes 6 | num node feats 3703
Computing 10 partitions using metis...
Partitions: 10, Boundary nodes: 270/3327 (8.1%)
Intra-partition edges: 8696/9104 (95.5%)
Epoch: 00, Loss: 1.7970, Train: 17.50%, Valid: 16.00%, Test: 18.20% [α=0.50,β=1.00]
Epoch: 50, Loss: 0.0862, Train: 100.00%, Valid: 57.00%, Test: 59.50% [α=0.53,β=1.17]
Epoch: 100, Loss: 0.0796, Train: 100.00%, Valid: 62.60%, Test: 65.50% [α=0.52,β=1.20]
Epoch: 150, Loss: 0.0620, Train: 100.00%, Valid: 59.40%, Test: 61.90% [α=0.51,β=1.22]
Epoch: 200, Loss: 0.0861, Train: 100.00%, Valid: 61.60%, Test: 64.20% [α=0.51,β=1.24]
Epoch: 250, Loss: 0.0718, Train: 100.00%, Valid: 57.60%, Test: 62.20% [α=0.50,β=1.26]
Epoch: 300, Loss: 0.0464, Train: 99.17%, Valid: 61.00%, Test: 65.90% [α=0.50,β=1.27]
Run 01:Highest Train: 100.00 Highest Valid: 64.60 Highest Test: 67.70 Chosen epoch: 113
Final Train: 99.17 Final Test: 66.30
Epoch: 00, Loss: 1.7941, Train: 18.33%, Valid: 16.40%, Test: 18.00% [α=0.50,β=1.00]
Epoch: 50, Loss: 0.0828, Train: 100.00%, Valid: 64.20%, Test: 65.00% [α=0.59,β=1.44]
Epoch: 100, Loss: 0.0630, Train: 100.00%, Valid: 62.80%, Test: 67.20% [α=0.55,β=1.53]
Epoch: 150, Loss: 0.0661, Train: 100.00%, Valid: 62.80%, Test: 64.80% [α=0.52,β=1.56]
Epoch: 200, Loss: 0.0730, Train: 100.00%, Valid: 62.00%, Test: 64.80% [α=0.52,β=1.58]
Epoch: 250, Loss: 0.0522, Train: 99.17%, Valid: 58.40%, Test: 61.90% [α=0.51,β=1.60]
Epoch: 300, Loss: 0.0779, Train: 100.00%, Valid: 59.00%, Test: 62.40% [α=0.51,β=1.60]
Epoch: 350, Loss: 0.0754, Train: 100.00%, Valid: 59.40%, Test: 62.50% [α=0.51,β=1.60]
Run 02:Highest Train: 100.00 Highest Valid: 66.60 Highest Test: 69.60 Chosen epoch: 153
Final Train: 100.00 Final Test: 67.20
Epoch: 00, Loss: 1.7944, Train: 22.50%, Valid: 22.00%, Test: 25.40% [α=0.50,β=1.00]
Epoch: 50, Loss: 0.0881, Train: 100.00%, Valid: 64.60%, Test: 68.70% [α=0.60,β=1.42]
Epoch: 100, Loss: 0.0814, Train: 99.17%, Valid: 62.40%, Test: 67.30% [α=0.56,β=1.51]
Epoch: 150, Loss: 0.0581, Train: 100.00%, Valid: 63.00%, Test: 69.50% [α=0.53,β=1.54]
Epoch: 200, Loss: 0.0694, Train: 100.00%, Valid: 60.40%, Test: 67.40% [α=0.52,β=1.56]
Run 03:Highest Train: 100.00 Highest Valid: 66.60 Highest Test: 71.80 Chosen epoch: 27
Final Train: 99.17 Final Test: 68.40
Epoch: 00, Loss: 1.7923, Train: 16.67%, Valid: 16.00%, Test: 18.10% [α=0.50,β=1.00]
Epoch: 50, Loss: 0.0868, Train: 100.00%, Valid: 65.00%, Test: 67.70% [α=0.57,β=1.38]
Epoch: 100, Loss: 0.0834, Train: 99.17%, Valid: 62.80%, Test: 67.30% [α=0.54,β=1.45]
Epoch: 150, Loss: 0.0588, Train: 100.00%, Valid: 64.40%, Test: 67.90% [α=0.52,β=1.47]
Epoch: 200, Loss: 0.0563, Train: 100.00%, Valid: 65.00%, Test: 68.00% [α=0.51,β=1.48]
Epoch: 250, Loss: 0.0575, Train: 100.00%, Valid: 62.60%, Test: 68.40% [α=0.51,β=1.49]
Epoch: 300, Loss: 0.0688, Train: 100.00%, Valid: 61.20%, Test: 65.90% [α=0.51,β=1.49]
Epoch: 350, Loss: 0.0517, Train: 100.00%, Valid: 62.00%, Test: 68.10% [α=0.51,β=1.50]
Epoch: 400, Loss: 0.0505, Train: 100.00%, Valid: 66.40%, Test: 66.90% [α=0.51,β=1.51]
Epoch: 450, Loss: 0.0722, Train: 100.00%, Valid: 63.80%, Test: 67.20% [α=0.51,β=1.51]
Run 04:Highest Train: 100.00 Highest Valid: 68.00 Highest Test: 71.40 Chosen epoch: 386
Final Train: 100.00 Final Test: 68.10
Epoch: 00, Loss: 1.7934, Train: 16.67%, Valid: 20.60%, Test: 20.10% [α=0.50,β=1.00]
Epoch: 50, Loss: 0.0669, Train: 100.00%, Valid: 65.80%, Test: 68.50% [α=0.59,β=1.44]
Epoch: 100, Loss: 0.0508, Train: 100.00%, Valid: 63.40%, Test: 68.80% [α=0.55,β=1.53]
Epoch: 150, Loss: 0.0452, Train: 100.00%, Valid: 65.00%, Test: 69.90% [α=0.52,β=1.56]
Epoch: 200, Loss: 0.0597, Train: 100.00%, Valid: 65.80%, Test: 68.20% [α=0.51,β=1.58]
Epoch: 250, Loss: 0.0605, Train: 100.00%, Valid: 62.20%, Test: 68.60% [α=0.51,β=1.59]
Run 05:Highest Train: 100.00 Highest Valid: 67.40 Highest Test: 70.60 Chosen epoch: 83
Final Train: 100.00 Final Test: 69.20
5 runs: Highest Train: 100.00 ± 0.00 Highest val epoch:82
Highest Test: 70.22 ± 1.64 Final Test: 67.84 ± 1.12
