Namespace(data_dir='../data/', dataset='citeseer', device=0, seed=123, cpu=False, epochs=500, runs=5, train_prop=0.5, valid_prop=0.25, protocol='semi', rand_split=False, rand_split_class=True, label_num_per_class=20, valid_num=500, test_num=1000, directed=False, method='pcgt', hidden_channels=64, num_layers=4, num_heads=1, alpha=0.5, use_bn=False, use_residual=True, use_graph=True, use_weight=False, use_init=False, use_act=False, attention='gcn', lr=0.005, weight_decay=0.01, dropout=0.5, display_step=50, no_feat_norm=True, patience=200, graph_weight=0.8, ours_weight_decay=0.01, ours_use_weight=False, ours_use_residual=False, ours_use_act=False, backbone='gcn', ours_layers=1, ours_dropout=0.3, aggregate='add', hops=1, gat_heads=8, out_heads=1, lamda=0.1, num_elayers=2, encoder_emdim=768, num_partitions=15, num_reps=4, partition_method='metis', no_pse=False, local_only=False, global_only=False)
citeseer
Num nodes: 3327
train:torch.Size([120]), valid:torch.Size([500]), test:torch.Size([1000])
features shape=torch.Size([3327, 3703])
num nodes 3327 | num classes 6 | num node feats 3703
Computing 15 partitions using metis...
Partitions: 15, Boundary nodes: 343/3327 (10.3%)
Intra-partition edges: 8532/9104 (93.7%)
Epoch: 00, Loss: 1.7951, Train: 20.00%, Valid: 16.00%, Test: 18.10% [α=0.50,β=1.00]
Epoch: 50, Loss: 0.0869, Train: 100.00%, Valid: 63.80%, Test: 68.10% [α=0.54,β=1.16]
Epoch: 100, Loss: 0.0869, Train: 99.17%, Valid: 63.00%, Test: 67.40% [α=0.52,β=1.20]
Epoch: 150, Loss: 0.0691, Train: 99.17%, Valid: 62.40%, Test: 66.90% [α=0.51,β=1.22]
Epoch: 200, Loss: 0.0572, Train: 100.00%, Valid: 61.80%, Test: 64.90% [α=0.51,β=1.25]
Epoch: 250, Loss: 0.1034, Train: 100.00%, Valid: 60.20%, Test: 63.80% [α=0.51,β=1.27]
Run 01:Highest Train: 100.00 Highest Valid: 66.00 Highest Test: 69.70 Chosen epoch: 85
Final Train: 100.00 Final Test: 68.30
Epoch: 00, Loss: 1.7938, Train: 16.67%, Valid: 20.60%, Test: 20.10% [α=0.50,β=1.00]
Epoch: 50, Loss: 0.1167, Train: 100.00%, Valid: 58.60%, Test: 63.20% [α=0.59,β=1.42]
Epoch: 100, Loss: 0.0881, Train: 99.17%, Valid: 57.40%, Test: 63.20% [α=0.55,β=1.52]
Epoch: 150, Loss: 0.0662, Train: 100.00%, Valid: 62.60%, Test: 66.60% [α=0.53,β=1.56]
Epoch: 200, Loss: 0.0696, Train: 100.00%, Valid: 61.40%, Test: 64.70% [α=0.51,β=1.58]
Epoch: 250, Loss: 0.0467, Train: 100.00%, Valid: 64.00%, Test: 66.10% [α=0.51,β=1.58]
Run 02:Highest Train: 100.00 Highest Valid: 64.80 Highest Test: 67.80 Chosen epoch: 78
Final Train: 100.00 Final Test: 66.70
Epoch: 00, Loss: 1.7950, Train: 25.83%, Valid: 16.40%, Test: 18.10% [α=0.50,β=1.00]
Epoch: 50, Loss: 0.0699, Train: 100.00%, Valid: 60.00%, Test: 64.80% [α=0.59,β=1.41]
Epoch: 100, Loss: 0.0559, Train: 100.00%, Valid: 62.60%, Test: 66.50% [α=0.56,β=1.51]
Epoch: 150, Loss: 0.0565, Train: 100.00%, Valid: 62.80%, Test: 67.00% [α=0.53,β=1.55]
Epoch: 200, Loss: 0.0959, Train: 99.17%, Valid: 61.60%, Test: 65.30% [α=0.52,β=1.57]
Epoch: 250, Loss: 0.0580, Train: 100.00%, Valid: 59.60%, Test: 64.60% [α=0.51,β=1.58]
Run 03:Highest Train: 100.00 Highest Valid: 66.00 Highest Test: 68.10 Chosen epoch: 74
Final Train: 100.00 Final Test: 67.30
Epoch: 00, Loss: 1.7949, Train: 20.83%, Valid: 20.00%, Test: 17.20% [α=0.50,β=1.00]
Epoch: 50, Loss: 0.1272, Train: 99.17%, Valid: 59.80%, Test: 66.50% [α=0.59,β=1.41]
Epoch: 100, Loss: 0.0738, Train: 100.00%, Valid: 64.60%, Test: 67.70% [α=0.55,β=1.49]
Epoch: 150, Loss: 0.0765, Train: 100.00%, Valid: 65.80%, Test: 69.10% [α=0.53,β=1.53]
Epoch: 200, Loss: 0.0559, Train: 100.00%, Valid: 67.40%, Test: 70.20% [α=0.52,β=1.54]
Epoch: 250, Loss: 0.0527, Train: 100.00%, Valid: 66.40%, Test: 69.00% [α=0.51,β=1.55]
Epoch: 300, Loss: 0.0522, Train: 100.00%, Valid: 64.20%, Test: 67.80% [α=0.51,β=1.56]
Epoch: 350, Loss: 0.0645, Train: 100.00%, Valid: 65.20%, Test: 67.50% [α=0.51,β=1.56]
Run 04:Highest Train: 100.00 Highest Valid: 68.40 Highest Test: 71.10 Chosen epoch: 200
Final Train: 100.00 Final Test: 71.10
Epoch: 00, Loss: 1.7941, Train: 24.17%, Valid: 18.40%, Test: 17.20% [α=0.50,β=1.00]
Epoch: 50, Loss: 0.0888, Train: 100.00%, Valid: 60.60%, Test: 65.50% [α=0.58,β=1.40]
Epoch: 100, Loss: 0.0871, Train: 100.00%, Valid: 63.00%, Test: 66.50% [α=0.55,β=1.48]
Epoch: 150, Loss: 0.0581, Train: 100.00%, Valid: 59.60%, Test: 62.80% [α=0.52,β=1.51]
Epoch: 200, Loss: 0.0791, Train: 100.00%, Valid: 63.20%, Test: 64.80% [α=0.51,β=1.52]
Epoch: 250, Loss: 0.0454, Train: 100.00%, Valid: 61.40%, Test: 62.90% [α=0.51,β=1.52]
Epoch: 300, Loss: 0.0513, Train: 100.00%, Valid: 64.00%, Test: 66.50% [α=0.51,β=1.52]
Epoch: 350, Loss: 0.0445, Train: 100.00%, Valid: 63.40%, Test: 63.50% [α=0.50,β=1.51]
Epoch: 400, Loss: 0.0558, Train: 99.17%, Valid: 65.20%, Test: 66.10% [α=0.50,β=1.51]
Epoch: 450, Loss: 0.0425, Train: 100.00%, Valid: 59.40%, Test: 62.90% [α=0.50,β=1.50]
Run 05:Highest Train: 100.00 Highest Valid: 67.60 Highest Test: 68.80 Chosen epoch: 323
Final Train: 99.17 Final Test: 66.50
5 runs: Highest Train: 100.00 ± 0.00 Highest val epoch:322
Highest Test: 69.10 ± 1.34 Final Test: 67.98 ± 1.88
