Namespace(data_dir='../data/', dataset='citeseer', device=0, seed=123, cpu=False, epochs=500, runs=5, train_prop=0.5, valid_prop=0.25, protocol='semi', rand_split=False, rand_split_class=True, label_num_per_class=20, valid_num=500, test_num=1000, directed=False, method='pcgt', hidden_channels=64, num_layers=4, num_heads=1, alpha=0.5, use_bn=False, use_residual=True, use_graph=True, use_weight=False, use_init=False, use_act=False, attention='gcn', lr=0.005, weight_decay=0.01, dropout=0.5, display_step=50, no_feat_norm=True, patience=200, graph_weight=0.8, ours_weight_decay=0.01, ours_use_weight=False, ours_use_residual=False, ours_use_act=False, backbone='gcn', ours_layers=1, ours_dropout=0.3, aggregate='add', hops=1, gat_heads=8, out_heads=1, lamda=0.1, num_elayers=2, encoder_emdim=768, num_partitions=20, num_reps=4, partition_method='metis', no_pse=False, local_only=False, global_only=False)
citeseer
Num nodes: 3327
train:torch.Size([120]), valid:torch.Size([500]), test:torch.Size([1000])
features shape=torch.Size([3327, 3703])
num nodes 3327 | num classes 6 | num node feats 3703
Computing 20 partitions using metis...
Partitions: 20, Boundary nodes: 376/3327 (11.3%)
Intra-partition edges: 8428/9104 (92.6%)
Epoch: 00, Loss: 1.7962, Train: 17.50%, Valid: 16.00%, Test: 18.20% [α=0.50,β=1.00]
Epoch: 50, Loss: 0.0987, Train: 99.17%, Valid: 62.40%, Test: 66.30% [α=0.54,β=1.16]
Epoch: 100, Loss: 0.0880, Train: 100.00%, Valid: 64.00%, Test: 66.10% [α=0.52,β=1.19]
Epoch: 150, Loss: 0.0648, Train: 100.00%, Valid: 62.40%, Test: 66.10% [α=0.51,β=1.21]
Epoch: 200, Loss: 0.0493, Train: 99.17%, Valid: 66.00%, Test: 66.70% [α=0.51,β=1.22]
Epoch: 250, Loss: 0.0518, Train: 99.17%, Valid: 66.40%, Test: 67.90% [α=0.51,β=1.23]
Epoch: 300, Loss: 0.0681, Train: 100.00%, Valid: 62.40%, Test: 65.50% [α=0.50,β=1.24]
Run 01:Highest Train: 100.00 Highest Valid: 67.40 Highest Test: 70.50 Chosen epoch: 144
Final Train: 100.00 Final Test: 66.80
Epoch: 00, Loss: 1.7978, Train: 16.67%, Valid: 16.00%, Test: 16.00% [α=0.50,β=1.00]
Epoch: 50, Loss: 0.1070, Train: 100.00%, Valid: 59.60%, Test: 64.80% [α=0.60,β=1.44]
Epoch: 100, Loss: 0.0767, Train: 100.00%, Valid: 61.20%, Test: 65.10% [α=0.56,β=1.53]
Epoch: 150, Loss: 0.0832, Train: 99.17%, Valid: 59.00%, Test: 64.20% [α=0.53,β=1.57]
Epoch: 200, Loss: 0.0616, Train: 100.00%, Valid: 60.00%, Test: 64.70% [α=0.52,β=1.59]
Run 02:Highest Train: 100.00 Highest Valid: 65.80 Highest Test: 68.80 Chosen epoch: 37
Final Train: 100.00 Final Test: 68.10
Epoch: 00, Loss: 1.7946, Train: 16.67%, Valid: 16.40%, Test: 15.00% [α=0.50,β=1.00]
Epoch: 50, Loss: 0.0937, Train: 100.00%, Valid: 62.80%, Test: 65.80% [α=0.58,β=1.38]
Epoch: 100, Loss: 0.0766, Train: 100.00%, Valid: 60.60%, Test: 64.20% [α=0.56,β=1.46]
Epoch: 150, Loss: 0.0650, Train: 100.00%, Valid: 61.40%, Test: 65.30% [α=0.53,β=1.49]
Epoch: 200, Loss: 0.0987, Train: 99.17%, Valid: 59.40%, Test: 63.00% [α=0.52,β=1.50]
Run 03:Highest Train: 100.00 Highest Valid: 65.40 Highest Test: 70.40 Chosen epoch: 20
Final Train: 98.33 Final Test: 69.80
Epoch: 00, Loss: 1.7921, Train: 24.17%, Valid: 18.60%, Test: 20.60% [α=0.50,β=1.00]
Epoch: 50, Loss: 0.0826, Train: 100.00%, Valid: 64.80%, Test: 68.40% [α=0.57,β=1.33]
Epoch: 100, Loss: 0.0564, Train: 100.00%, Valid: 62.80%, Test: 65.40% [α=0.55,β=1.40]
Epoch: 150, Loss: 0.0754, Train: 100.00%, Valid: 66.60%, Test: 67.70% [α=0.53,β=1.43]
Epoch: 200, Loss: 0.0522, Train: 99.17%, Valid: 66.00%, Test: 67.30% [α=0.52,β=1.45]
Epoch: 250, Loss: 0.0569, Train: 100.00%, Valid: 63.20%, Test: 64.80% [α=0.51,β=1.47]
Run 04:Highest Train: 100.00 Highest Valid: 69.60 Highest Test: 70.80 Chosen epoch: 61
Final Train: 99.17 Final Test: 70.10
Epoch: 00, Loss: 1.7926, Train: 25.00%, Valid: 22.60%, Test: 22.70% [α=0.50,β=1.00]
Epoch: 50, Loss: 0.0865, Train: 100.00%, Valid: 61.40%, Test: 67.00% [α=0.57,β=1.36]
Epoch: 100, Loss: 0.0780, Train: 100.00%, Valid: 65.20%, Test: 69.20% [α=0.55,β=1.41]
Epoch: 150, Loss: 0.0619, Train: 99.17%, Valid: 64.00%, Test: 65.40% [α=0.53,β=1.43]
Epoch: 200, Loss: 0.0688, Train: 100.00%, Valid: 62.80%, Test: 68.20% [α=0.52,β=1.44]
Epoch: 250, Loss: 0.0577, Train: 100.00%, Valid: 63.80%, Test: 67.40% [α=0.51,β=1.45]
Run 05:Highest Train: 100.00 Highest Valid: 67.80 Highest Test: 70.70 Chosen epoch: 73
Final Train: 100.00 Final Test: 68.80
5 runs: Highest Train: 100.00 ± 0.00 Highest val epoch:72
Highest Test: 70.24 ± 0.82 Final Test: 68.72 ± 1.34
