Namespace(data_dir='../data/', dataset='citeseer', device=0, seed=123, cpu=False, epochs=500, runs=5, train_prop=0.5, valid_prop=0.25, protocol='semi', rand_split=False, rand_split_class=True, label_num_per_class=20, valid_num=500, test_num=1000, directed=False, method='pcgt', hidden_channels=64, num_layers=4, num_heads=1, alpha=0.5, use_bn=False, use_residual=True, use_graph=True, use_weight=False, use_init=False, use_act=False, attention='gcn', lr=0.005, weight_decay=0.01, dropout=0.5, display_step=50, no_feat_norm=True, patience=200, graph_weight=0.7, ours_weight_decay=0.01, ours_use_weight=False, ours_use_residual=False, ours_use_act=False, backbone='gcn', ours_layers=1, ours_dropout=0.3, aggregate='add', hops=1, gat_heads=8, out_heads=1, lamda=0.1, num_elayers=2, encoder_emdim=768, num_partitions=20, num_reps=4, partition_method='metis', no_pse=False, local_only=False, global_only=False)
citeseer
Num nodes: 3327
train:torch.Size([120]), valid:torch.Size([500]), test:torch.Size([1000])
features shape=torch.Size([3327, 3703])
num nodes 3327 | num classes 6 | num node feats 3703
Computing 20 partitions using metis...
Partitions: 20, Boundary nodes: 376/3327 (11.3%)
Intra-partition edges: 8428/9104 (92.6%)
Epoch: 00, Loss: 1.7963, Train: 25.83%, Valid: 16.80%, Test: 18.80% [α=0.50,β=1.00]
Epoch: 50, Loss: 0.0695, Train: 100.00%, Valid: 62.00%, Test: 68.10% [α=0.54,β=1.18]
Epoch: 100, Loss: 0.0726, Train: 100.00%, Valid: 64.80%, Test: 66.50% [α=0.54,β=1.23]
Epoch: 150, Loss: 0.0571, Train: 100.00%, Valid: 64.00%, Test: 65.80% [α=0.53,β=1.27]
Epoch: 200, Loss: 0.0466, Train: 99.17%, Valid: 66.20%, Test: 68.00% [α=0.52,β=1.30]
Epoch: 250, Loss: 0.0700, Train: 100.00%, Valid: 65.20%, Test: 67.90% [α=0.52,β=1.33]
Epoch: 300, Loss: 0.0614, Train: 100.00%, Valid: 62.60%, Test: 66.60% [α=0.52,β=1.36]
Epoch: 350, Loss: 0.0717, Train: 100.00%, Valid: 58.60%, Test: 63.60% [α=0.51,β=1.39]
Epoch: 400, Loss: 0.0469, Train: 100.00%, Valid: 66.20%, Test: 68.40% [α=0.51,β=1.42]
Epoch: 450, Loss: 0.0490, Train: 100.00%, Valid: 61.80%, Test: 66.40% [α=0.51,β=1.45]
Run 01:Highest Train: 100.00 Highest Valid: 68.00 Highest Test: 69.50 Chosen epoch: 353
Final Train: 100.00 Final Test: 69.00
Epoch: 00, Loss: 1.7937, Train: 16.67%, Valid: 16.40%, Test: 15.10% [α=0.50,β=1.00]
Epoch: 50, Loss: 0.0807, Train: 100.00%, Valid: 66.40%, Test: 69.40% [α=0.60,β=1.45]
Epoch: 100, Loss: 0.0793, Train: 100.00%, Valid: 64.20%, Test: 67.50% [α=0.58,β=1.63]
Epoch: 150, Loss: 0.0826, Train: 100.00%, Valid: 63.40%, Test: 66.40% [α=0.56,β=1.74]
Epoch: 200, Loss: 0.0708, Train: 100.00%, Valid: 63.60%, Test: 65.30% [α=0.54,β=1.83]
Epoch: 250, Loss: 0.0645, Train: 100.00%, Valid: 63.20%, Test: 63.80% [α=0.54,β=1.91]
Epoch: 300, Loss: 0.0409, Train: 100.00%, Valid: 63.40%, Test: 65.80% [α=0.53,β=1.97]
Run 02:Highest Train: 100.00 Highest Valid: 67.20 Highest Test: 69.60 Chosen epoch: 116
Final Train: 100.00 Final Test: 67.10
Epoch: 00, Loss: 1.7956, Train: 26.67%, Valid: 18.60%, Test: 22.60% [α=0.50,β=1.00]
Epoch: 50, Loss: 0.0588, Train: 100.00%, Valid: 60.60%, Test: 63.70% [α=0.60,β=1.43]
Epoch: 100, Loss: 0.0708, Train: 100.00%, Valid: 60.20%, Test: 61.80% [α=0.58,β=1.60]
Epoch: 150, Loss: 0.0700, Train: 100.00%, Valid: 62.20%, Test: 67.20% [α=0.56,β=1.69]
Epoch: 200, Loss: 0.0553, Train: 100.00%, Valid: 61.60%, Test: 63.70% [α=0.54,β=1.75]
Epoch: 250, Loss: 0.0558, Train: 100.00%, Valid: 59.60%, Test: 64.50% [α=0.53,β=1.79]
Run 03:Highest Train: 100.00 Highest Valid: 66.40 Highest Test: 70.40 Chosen epoch: 99
Final Train: 100.00 Final Test: 69.40
Epoch: 00, Loss: 1.7924, Train: 22.50%, Valid: 17.60%, Test: 19.80% [α=0.50,β=1.00]
Epoch: 50, Loss: 0.0905, Train: 100.00%, Valid: 60.40%, Test: 66.60% [α=0.60,β=1.45]
Epoch: 100, Loss: 0.0552, Train: 100.00%, Valid: 59.60%, Test: 67.00% [α=0.58,β=1.58]
Epoch: 150, Loss: 0.0540, Train: 100.00%, Valid: 60.20%, Test: 66.20% [α=0.56,β=1.66]
Epoch: 200, Loss: 0.0567, Train: 100.00%, Valid: 59.40%, Test: 65.70% [α=0.54,β=1.70]
Epoch: 250, Loss: 0.0519, Train: 100.00%, Valid: 60.60%, Test: 66.00% [α=0.53,β=1.74]
Epoch: 300, Loss: 0.0511, Train: 100.00%, Valid: 64.80%, Test: 66.10% [α=0.52,β=1.77]
Epoch: 350, Loss: 0.0499, Train: 100.00%, Valid: 58.40%, Test: 65.80% [α=0.52,β=1.80]
Run 04:Highest Train: 100.00 Highest Valid: 64.80 Highest Test: 69.20 Chosen epoch: 193
Final Train: 100.00 Final Test: 68.40
Epoch: 00, Loss: 1.7914, Train: 40.00%, Valid: 25.00%, Test: 26.40% [α=0.50,β=1.00]
Epoch: 50, Loss: 0.0866, Train: 100.00%, Valid: 64.80%, Test: 68.00% [α=0.62,β=1.50]
Epoch: 100, Loss: 0.0697, Train: 100.00%, Valid: 63.00%, Test: 67.70% [α=0.61,β=1.72]
Epoch: 150, Loss: 0.0698, Train: 100.00%, Valid: 65.20%, Test: 67.60% [α=0.59,β=1.88]
Epoch: 200, Loss: 0.0603, Train: 100.00%, Valid: 63.80%, Test: 67.00% [α=0.58,β=2.01]
Epoch: 250, Loss: 0.0707, Train: 100.00%, Valid: 63.80%, Test: 68.50% [α=0.57,β=2.13]
Epoch: 300, Loss: 0.0588, Train: 100.00%, Valid: 63.40%, Test: 66.50% [α=0.56,β=2.22]
Epoch: 350, Loss: 0.0607, Train: 100.00%, Valid: 65.00%, Test: 67.60% [α=0.56,β=2.31]
Run 05:Highest Train: 100.00 Highest Valid: 66.00 Highest Test: 69.70 Chosen epoch: 166
Final Train: 100.00 Final Test: 68.00
5 runs: Highest Train: 100.00 ± 0.00 Highest val epoch:165
Highest Test: 69.68 ± 0.44 Final Test: 68.38 ± 0.90
