Namespace(data_dir='../data/', dataset='citeseer', device=0, seed=123, cpu=False, epochs=500, runs=5, train_prop=0.5, valid_prop=0.25, protocol='semi', rand_split=False, rand_split_class=True, label_num_per_class=20, valid_num=500, test_num=1000, directed=False, method='pcgt', hidden_channels=64, num_layers=4, num_heads=1, alpha=0.5, use_bn=False, use_residual=True, use_graph=True, use_weight=False, use_init=False, use_act=False, attention='gcn', lr=0.005, weight_decay=0.01, dropout=0.5, display_step=50, no_feat_norm=True, patience=200, graph_weight=0.7, ours_weight_decay=0.01, ours_use_weight=False, ours_use_residual=False, ours_use_act=False, backbone='gcn', ours_layers=1, ours_dropout=0.3, aggregate='add', hops=1, gat_heads=8, out_heads=1, lamda=0.1, num_elayers=2, encoder_emdim=768, num_partitions=10, num_reps=4, partition_method='metis', no_pse=False, local_only=False, global_only=False)
citeseer
Num nodes: 3327
train:torch.Size([120]), valid:torch.Size([500]), test:torch.Size([1000])
features shape=torch.Size([3327, 3703])
num nodes 3327 | num classes 6 | num node feats 3703
Computing 10 partitions using metis...
Partitions: 10, Boundary nodes: 270/3327 (8.1%)
Intra-partition edges: 8696/9104 (95.5%)
Epoch: 00, Loss: 1.7975, Train: 21.67%, Valid: 16.00%, Test: 18.20% [α=0.50,β=1.00]
Epoch: 50, Loss: 0.0935, Train: 100.00%, Valid: 61.00%, Test: 61.70% [α=0.54,β=1.18]
Epoch: 100, Loss: 0.0937, Train: 100.00%, Valid: 61.20%, Test: 64.50% [α=0.54,β=1.24]
Epoch: 150, Loss: 0.0630, Train: 100.00%, Valid: 59.80%, Test: 62.60% [α=0.53,β=1.28]
Epoch: 200, Loss: 0.0679, Train: 100.00%, Valid: 62.20%, Test: 65.00% [α=0.52,β=1.32]
Epoch: 250, Loss: 0.0655, Train: 100.00%, Valid: 60.80%, Test: 65.70% [α=0.52,β=1.36]
Epoch: 300, Loss: 0.0404, Train: 100.00%, Valid: 62.00%, Test: 64.20% [α=0.51,β=1.40]
Run 01:Highest Train: 100.00 Highest Valid: 66.00 Highest Test: 67.70 Chosen epoch: 113
Final Train: 100.00 Final Test: 66.60
Epoch: 00, Loss: 1.7948, Train: 19.17%, Valid: 16.40%, Test: 18.10% [α=0.50,β=1.00]
Epoch: 50, Loss: 0.0731, Train: 100.00%, Valid: 65.80%, Test: 66.30% [α=0.59,β=1.41]
Epoch: 100, Loss: 0.0737, Train: 100.00%, Valid: 64.40%, Test: 66.20% [α=0.58,β=1.56]
Epoch: 150, Loss: 0.0590, Train: 100.00%, Valid: 62.80%, Test: 63.00% [α=0.55,β=1.65]
Epoch: 200, Loss: 0.0551, Train: 100.00%, Valid: 62.40%, Test: 64.80% [α=0.54,β=1.71]
Run 02:Highest Train: 100.00 Highest Valid: 67.20 Highest Test: 69.60 Chosen epoch: 46
Final Train: 100.00 Final Test: 66.30
Epoch: 00, Loss: 1.7960, Train: 16.67%, Valid: 16.80%, Test: 16.70% [α=0.50,β=1.00]
Epoch: 50, Loss: 0.0868, Train: 100.00%, Valid: 59.00%, Test: 64.40% [α=0.59,β=1.40]
Epoch: 100, Loss: 0.0686, Train: 100.00%, Valid: 57.60%, Test: 63.80% [α=0.58,β=1.58]
Epoch: 150, Loss: 0.0468, Train: 100.00%, Valid: 61.80%, Test: 66.90% [α=0.56,β=1.68]
Epoch: 200, Loss: 0.0436, Train: 100.00%, Valid: 60.80%, Test: 65.40% [α=0.54,β=1.73]
Epoch: 250, Loss: 0.0471, Train: 100.00%, Valid: 59.20%, Test: 66.30% [α=0.53,β=1.76]
Epoch: 300, Loss: 0.0536, Train: 100.00%, Valid: 61.00%, Test: 67.30% [α=0.52,β=1.79]
Epoch: 350, Loss: 0.0513, Train: 100.00%, Valid: 63.00%, Test: 69.00% [α=0.52,β=1.81]
Epoch: 400, Loss: 0.0358, Train: 100.00%, Valid: 62.00%, Test: 67.50% [α=0.52,β=1.82]
Epoch: 450, Loss: 0.0377, Train: 100.00%, Valid: 61.80%, Test: 66.50% [α=0.51,β=1.83]
Run 03:Highest Train: 100.00 Highest Valid: 65.80 Highest Test: 70.40 Chosen epoch: 413
Final Train: 100.00 Final Test: 69.30
Epoch: 00, Loss: 1.7944, Train: 19.17%, Valid: 20.40%, Test: 19.90% [α=0.50,β=1.00]
Epoch: 50, Loss: 0.0672, Train: 100.00%, Valid: 63.20%, Test: 66.90% [α=0.59,β=1.44]
Epoch: 100, Loss: 0.0572, Train: 100.00%, Valid: 64.40%, Test: 66.80% [α=0.57,β=1.60]
Epoch: 150, Loss: 0.0727, Train: 100.00%, Valid: 64.80%, Test: 65.00% [α=0.56,β=1.70]
Epoch: 200, Loss: 0.0606, Train: 100.00%, Valid: 60.20%, Test: 60.40% [α=0.55,β=1.78]
Epoch: 250, Loss: 0.0541, Train: 100.00%, Valid: 65.00%, Test: 64.00% [α=0.54,β=1.86]
Run 04:Highest Train: 100.00 Highest Valid: 66.20 Highest Test: 68.10 Chosen epoch: 72
Final Train: 100.00 Final Test: 67.90
Epoch: 00, Loss: 1.7939, Train: 21.67%, Valid: 23.00%, Test: 24.00% [α=0.50,β=1.00]
Epoch: 50, Loss: 0.0642, Train: 100.00%, Valid: 64.40%, Test: 69.20% [α=0.58,β=1.37]
Epoch: 100, Loss: 0.0551, Train: 100.00%, Valid: 66.20%, Test: 69.40% [α=0.56,β=1.48]
Epoch: 150, Loss: 0.0603, Train: 100.00%, Valid: 63.40%, Test: 66.30% [α=0.54,β=1.56]
Epoch: 200, Loss: 0.0640, Train: 100.00%, Valid: 61.20%, Test: 67.30% [α=0.53,β=1.62]
Epoch: 250, Loss: 0.0792, Train: 100.00%, Valid: 64.40%, Test: 67.40% [α=0.53,β=1.68]
Run 05:Highest Train: 100.00 Highest Valid: 66.20 Highest Test: 70.80 Chosen epoch: 101
Final Train: 100.00 Final Test: 69.40
5 runs: Highest Train: 100.00 ± 0.00 Highest val epoch:100
Highest Test: 69.32 ± 1.37 Final Test: 67.90 ± 1.45
