Namespace(data_dir='../data/', dataset='citeseer', device=0, seed=123, cpu=False, epochs=500, runs=5, train_prop=0.5, valid_prop=0.25, protocol='semi', rand_split=False, rand_split_class=True, label_num_per_class=20, valid_num=500, test_num=1000, directed=False, method='pcgt', hidden_channels=64, num_layers=4, num_heads=1, alpha=0.5, use_bn=False, use_residual=True, use_graph=True, use_weight=False, use_init=False, use_act=False, attention='gcn', lr=0.005, weight_decay=0.01, dropout=0.5, display_step=50, no_feat_norm=True, patience=200, graph_weight=0.7, ours_weight_decay=0.01, ours_use_weight=False, ours_use_residual=False, ours_use_act=False, backbone='gcn', ours_layers=1, ours_dropout=0.3, aggregate='add', hops=1, gat_heads=8, out_heads=1, lamda=0.1, num_elayers=2, encoder_emdim=768, num_partitions=15, num_reps=4, partition_method='metis', no_pse=False, local_only=False, global_only=False)
citeseer
Num nodes: 3327
train:torch.Size([120]), valid:torch.Size([500]), test:torch.Size([1000])
features shape=torch.Size([3327, 3703])
num nodes 3327 | num classes 6 | num node feats 3703
Computing 15 partitions using metis...
Partitions: 15, Boundary nodes: 343/3327 (10.3%)
Intra-partition edges: 8532/9104 (93.7%)
Epoch: 00, Loss: 1.7949, Train: 25.83%, Valid: 17.20%, Test: 19.70% [α=0.50,β=1.00]
Epoch: 50, Loss: 0.0871, Train: 100.00%, Valid: 62.60%, Test: 66.50% [α=0.54,β=1.18]
Epoch: 100, Loss: 0.0769, Train: 100.00%, Valid: 65.40%, Test: 66.70% [α=0.54,β=1.25]
Epoch: 150, Loss: 0.0642, Train: 100.00%, Valid: 64.40%, Test: 66.00% [α=0.53,β=1.30]
Epoch: 200, Loss: 0.0535, Train: 100.00%, Valid: 66.00%, Test: 65.70% [α=0.52,β=1.35]
Epoch: 250, Loss: 0.0655, Train: 100.00%, Valid: 63.60%, Test: 64.40% [α=0.52,β=1.38]
Run 01:Highest Train: 100.00 Highest Valid: 67.40 Highest Test: 69.90 Chosen epoch: 84
Final Train: 100.00 Final Test: 67.30
Epoch: 00, Loss: 1.7968, Train: 16.67%, Valid: 22.40%, Test: 22.80% [α=0.50,β=1.00]
Epoch: 50, Loss: 0.1093, Train: 99.17%, Valid: 62.00%, Test: 64.60% [α=0.59,β=1.39]
Epoch: 100, Loss: 0.0784, Train: 100.00%, Valid: 58.60%, Test: 62.60% [α=0.58,β=1.56]
Epoch: 150, Loss: 0.0632, Train: 100.00%, Valid: 58.40%, Test: 63.90% [α=0.56,β=1.67]
Epoch: 200, Loss: 0.0684, Train: 100.00%, Valid: 58.20%, Test: 61.20% [α=0.55,β=1.76]
Epoch: 250, Loss: 0.0541, Train: 100.00%, Valid: 56.20%, Test: 63.20% [α=0.54,β=1.84]
Run 02:Highest Train: 100.00 Highest Valid: 62.80 Highest Test: 66.50 Chosen epoch: 59
Final Train: 100.00 Final Test: 66.50
Epoch: 00, Loss: 1.7935, Train: 20.00%, Valid: 17.80%, Test: 17.80% [α=0.50,β=1.00]
Epoch: 50, Loss: 0.0944, Train: 100.00%, Valid: 62.00%, Test: 63.80% [α=0.59,β=1.41]
Epoch: 100, Loss: 0.0747, Train: 100.00%, Valid: 63.60%, Test: 67.80% [α=0.58,β=1.56]
Epoch: 150, Loss: 0.0773, Train: 100.00%, Valid: 62.20%, Test: 67.00% [α=0.56,β=1.66]
Epoch: 200, Loss: 0.0530, Train: 100.00%, Valid: 62.60%, Test: 66.40% [α=0.55,β=1.74]
Epoch: 250, Loss: 0.0629, Train: 100.00%, Valid: 60.20%, Test: 66.30% [α=0.53,β=1.79]
Run 03:Highest Train: 100.00 Highest Valid: 66.20 Highest Test: 68.90 Chosen epoch: 94
Final Train: 100.00 Final Test: 68.40
Epoch: 00, Loss: 1.7952, Train: 20.83%, Valid: 19.60%, Test: 17.50% [α=0.50,β=1.00]
Epoch: 50, Loss: 0.0783, Train: 100.00%, Valid: 65.00%, Test: 66.40% [α=0.60,β=1.41]
Epoch: 100, Loss: 0.0670, Train: 100.00%, Valid: 62.00%, Test: 64.10% [α=0.58,β=1.55]
Epoch: 150, Loss: 0.0796, Train: 100.00%, Valid: 60.80%, Test: 63.50% [α=0.56,β=1.64]
Epoch: 200, Loss: 0.0606, Train: 100.00%, Valid: 61.80%, Test: 65.20% [α=0.55,β=1.72]
Run 04:Highest Train: 100.00 Highest Valid: 65.40 Highest Test: 68.10 Chosen epoch: 43
Final Train: 100.00 Final Test: 66.60
Epoch: 00, Loss: 1.7941, Train: 26.67%, Valid: 22.80%, Test: 23.00% [α=0.50,β=1.00]
Epoch: 50, Loss: 0.0719, Train: 100.00%, Valid: 62.80%, Test: 65.80% [α=0.58,β=1.36]
Epoch: 100, Loss: 0.0510, Train: 100.00%, Valid: 62.80%, Test: 64.80% [α=0.56,β=1.49]
Epoch: 150, Loss: 0.0529, Train: 100.00%, Valid: 64.00%, Test: 65.20% [α=0.54,β=1.56]
Epoch: 200, Loss: 0.0536, Train: 100.00%, Valid: 68.80%, Test: 68.20% [α=0.53,β=1.61]
Epoch: 250, Loss: 0.0410, Train: 100.00%, Valid: 65.60%, Test: 65.90% [α=0.52,β=1.64]
Epoch: 300, Loss: 0.0427, Train: 100.00%, Valid: 59.40%, Test: 60.80% [α=0.52,β=1.67]
Epoch: 350, Loss: 0.0657, Train: 100.00%, Valid: 63.80%, Test: 64.70% [α=0.51,β=1.69]
Run 05:Highest Train: 100.00 Highest Valid: 68.80 Highest Test: 69.00 Chosen epoch: 201
Final Train: 100.00 Final Test: 68.20
5 runs: Highest Train: 100.00 ± 0.00 Highest val epoch:200
Highest Test: 68.48 ± 1.28 Final Test: 67.40 ± 0.88
