Namespace(data_dir='../data/', dataset='citeseer', device=0, seed=123, cpu=False, epochs=500, runs=5, train_prop=0.5, valid_prop=0.25, protocol='semi', rand_split=False, rand_split_class=True, label_num_per_class=20, valid_num=500, test_num=1000, directed=False, method='pcgt', hidden_channels=64, num_layers=4, num_heads=1, alpha=0.5, use_bn=False, use_residual=True, use_graph=True, use_weight=False, use_init=False, use_act=False, attention='gcn', lr=0.005, weight_decay=0.01, dropout=0.5, display_step=50, no_feat_norm=True, patience=200, graph_weight=0.8, ours_weight_decay=0.01, ours_use_weight=False, ours_use_residual=False, ours_use_act=False, backbone='gcn', ours_layers=1, ours_dropout=0.3, aggregate='add', hops=1, gat_heads=8, out_heads=1, lamda=0.1, num_elayers=2, encoder_emdim=768, num_partitions=5, num_reps=4, partition_method='metis', no_pse=False, local_only=False, global_only=False)
citeseer
Num nodes: 3327
train:torch.Size([120]), valid:torch.Size([500]), test:torch.Size([1000])
features shape=torch.Size([3327, 3703])
num nodes 3327 | num classes 6 | num node feats 3703
Computing 5 partitions using metis...
Partitions: 5, Boundary nodes: 134/3327 (4.0%)
Intra-partition edges: 8934/9104 (98.1%)
Epoch: 00, Loss: 1.7954, Train: 16.67%, Valid: 16.00%, Test: 18.10% [α=0.50,β=1.00]
Epoch: 50, Loss: 0.1468, Train: 100.00%, Valid: 62.80%, Test: 64.50% [α=0.54,β=1.17]
Epoch: 100, Loss: 0.0866, Train: 99.17%, Valid: 65.20%, Test: 66.90% [α=0.52,β=1.20]
Epoch: 150, Loss: 0.0638, Train: 100.00%, Valid: 63.20%, Test: 63.70% [α=0.51,β=1.22]
Epoch: 200, Loss: 0.0604, Train: 100.00%, Valid: 64.40%, Test: 65.50% [α=0.51,β=1.23]
Epoch: 250, Loss: 0.0549, Train: 100.00%, Valid: 62.60%, Test: 64.00% [α=0.51,β=1.23]
Epoch: 300, Loss: 0.0550, Train: 100.00%, Valid: 61.60%, Test: 64.60% [α=0.50,β=1.23]
Run 01:Highest Train: 100.00 Highest Valid: 67.40 Highest Test: 69.50 Chosen epoch: 138
Final Train: 99.17 Final Test: 68.00
Epoch: 00, Loss: 1.7984, Train: 16.67%, Valid: 16.40%, Test: 15.10% [α=0.50,β=1.00]
Epoch: 50, Loss: 0.0904, Train: 100.00%, Valid: 62.80%, Test: 65.60% [α=0.59,β=1.45]
Epoch: 100, Loss: 0.0655, Train: 100.00%, Valid: 61.40%, Test: 63.10% [α=0.54,β=1.54]
Epoch: 150, Loss: 0.0865, Train: 100.00%, Valid: 64.00%, Test: 67.10% [α=0.52,β=1.58]
Epoch: 200, Loss: 0.0665, Train: 100.00%, Valid: 62.40%, Test: 65.00% [α=0.51,β=1.60]
Epoch: 250, Loss: 0.0619, Train: 100.00%, Valid: 64.20%, Test: 66.70% [α=0.51,β=1.61]
Epoch: 300, Loss: 0.0632, Train: 100.00%, Valid: 63.60%, Test: 68.80% [α=0.51,β=1.62]
Epoch: 350, Loss: 0.0694, Train: 100.00%, Valid: 65.40%, Test: 66.50% [α=0.51,β=1.62]
Epoch: 400, Loss: 0.0605, Train: 100.00%, Valid: 65.00%, Test: 68.50% [α=0.51,β=1.63]
Epoch: 450, Loss: 0.0681, Train: 100.00%, Valid: 62.80%, Test: 66.20% [α=0.51,β=1.63]
Run 02:Highest Train: 100.00 Highest Valid: 68.60 Highest Test: 69.90 Chosen epoch: 368
Final Train: 100.00 Final Test: 69.50
Epoch: 00, Loss: 1.7959, Train: 27.50%, Valid: 19.00%, Test: 21.40% [α=0.50,β=1.00]
Epoch: 50, Loss: 0.0808, Train: 100.00%, Valid: 59.40%, Test: 63.50% [α=0.58,β=1.45]
Epoch: 100, Loss: 0.0828, Train: 100.00%, Valid: 62.00%, Test: 68.50% [α=0.53,β=1.54]
Epoch: 150, Loss: 0.0654, Train: 100.00%, Valid: 58.40%, Test: 64.90% [α=0.51,β=1.57]
Epoch: 200, Loss: 0.0566, Train: 100.00%, Valid: 59.40%, Test: 65.50% [α=0.51,β=1.59]
Epoch: 250, Loss: 0.0885, Train: 100.00%, Valid: 57.00%, Test: 64.70% [α=0.51,β=1.61]
Epoch: 300, Loss: 0.0584, Train: 100.00%, Valid: 58.00%, Test: 63.30% [α=0.51,β=1.62]
Epoch: 350, Loss: 0.0689, Train: 100.00%, Valid: 59.60%, Test: 64.30% [α=0.51,β=1.61]
Run 03:Highest Train: 100.00 Highest Valid: 65.20 Highest Test: 69.50 Chosen epoch: 179
Final Train: 100.00 Final Test: 68.10
Epoch: 00, Loss: 1.7923, Train: 17.50%, Valid: 16.60%, Test: 15.00% [α=0.50,β=1.00]
Epoch: 50, Loss: 0.0883, Train: 100.00%, Valid: 58.40%, Test: 61.80% [α=0.58,β=1.44]
Epoch: 100, Loss: 0.0738, Train: 100.00%, Valid: 60.20%, Test: 63.60% [α=0.54,β=1.53]
Epoch: 150, Loss: 0.0614, Train: 100.00%, Valid: 62.60%, Test: 65.90% [α=0.52,β=1.57]
Epoch: 200, Loss: 0.0733, Train: 100.00%, Valid: 59.00%, Test: 63.10% [α=0.51,β=1.58]
Epoch: 250, Loss: 0.0610, Train: 99.17%, Valid: 63.20%, Test: 66.70% [α=0.51,β=1.59]
Run 04:Highest Train: 100.00 Highest Valid: 65.00 Highest Test: 68.00 Chosen epoch: 68
Final Train: 99.17 Final Test: 66.30
Epoch: 00, Loss: 1.7957, Train: 17.50%, Valid: 16.20%, Test: 18.40% [α=0.50,β=1.00]
Epoch: 50, Loss: 0.0807, Train: 100.00%, Valid: 57.20%, Test: 61.90% [α=0.59,β=1.48]
Epoch: 100, Loss: 0.0594, Train: 99.17%, Valid: 61.20%, Test: 66.80% [α=0.54,β=1.56]
Epoch: 150, Loss: 0.0614, Train: 100.00%, Valid: 61.40%, Test: 66.30% [α=0.52,β=1.59]
Epoch: 200, Loss: 0.0567, Train: 100.00%, Valid: 60.40%, Test: 65.40% [α=0.51,β=1.60]
Epoch: 250, Loss: 0.0593, Train: 100.00%, Valid: 62.80%, Test: 68.10% [α=0.51,β=1.61]
Epoch: 300, Loss: 0.0647, Train: 100.00%, Valid: 62.20%, Test: 67.50% [α=0.51,β=1.62]
Epoch: 350, Loss: 0.0516, Train: 100.00%, Valid: 62.00%, Test: 67.80% [α=0.51,β=1.63]
Epoch: 400, Loss: 0.0667, Train: 100.00%, Valid: 65.00%, Test: 68.40% [α=0.51,β=1.63]
Run 05:Highest Train: 100.00 Highest Valid: 66.20 Highest Test: 70.20 Chosen epoch: 227
Final Train: 100.00 Final Test: 70.20
5 runs: Highest Train: 100.00 ± 0.00 Highest val epoch:226
Highest Test: 69.42 ± 0.85 Final Test: 68.42 ± 1.51
