Namespace(data_dir='../data/', dataset='citeseer', device=0, seed=123, cpu=False, epochs=500, runs=5, train_prop=0.5, valid_prop=0.25, protocol='semi', rand_split=False, rand_split_class=True, label_num_per_class=20, valid_num=500, test_num=1000, directed=False, method='pcgt', hidden_channels=64, num_layers=4, num_heads=1, alpha=0.5, use_bn=False, use_residual=True, use_graph=True, use_weight=False, use_init=False, use_act=False, attention='gcn', lr=0.005, weight_decay=0.01, dropout=0.5, display_step=50, no_feat_norm=True, patience=200, graph_weight=0.6, ours_weight_decay=0.01, ours_use_weight=False, ours_use_residual=False, ours_use_act=False, backbone='gcn', ours_layers=1, ours_dropout=0.3, aggregate='add', hops=1, gat_heads=8, out_heads=1, lamda=0.1, num_elayers=2, encoder_emdim=768, num_partitions=20, num_reps=4, partition_method='metis', no_pse=False, local_only=False, global_only=False)
citeseer
Num nodes: 3327
train:torch.Size([120]), valid:torch.Size([500]), test:torch.Size([1000])
features shape=torch.Size([3327, 3703])
num nodes 3327 | num classes 6 | num node feats 3703
Computing 20 partitions using metis...
Partitions: 20, Boundary nodes: 376/3327 (11.3%)
Intra-partition edges: 8428/9104 (92.6%)
Epoch: 00, Loss: 1.7965, Train: 31.67%, Valid: 19.40%, Test: 21.40% [α=0.50,β=1.00]
Epoch: 50, Loss: 0.1030, Train: 100.00%, Valid: 65.00%, Test: 68.00% [α=0.55,β=1.20]
Epoch: 100, Loss: 0.0782, Train: 100.00%, Valid: 61.60%, Test: 66.70% [α=0.56,β=1.30]
Epoch: 150, Loss: 0.0647, Train: 100.00%, Valid: 63.00%, Test: 67.20% [α=0.56,β=1.39]
Epoch: 200, Loss: 0.0687, Train: 100.00%, Valid: 60.60%, Test: 63.90% [α=0.56,β=1.49]
Run 01:Highest Train: 100.00 Highest Valid: 65.00 Highest Test: 69.20 Chosen epoch: 51
Final Train: 100.00 Final Test: 68.00
Epoch: 00, Loss: 1.7923, Train: 26.67%, Valid: 15.80%, Test: 19.10% [α=0.50,β=1.00]
Epoch: 50, Loss: 0.0896, Train: 100.00%, Valid: 62.00%, Test: 65.00% [α=0.59,β=1.36]
Epoch: 100, Loss: 0.0752, Train: 100.00%, Valid: 62.80%, Test: 67.00% [α=0.61,β=1.54]
Epoch: 150, Loss: 0.0723, Train: 100.00%, Valid: 62.80%, Test: 66.20% [α=0.60,β=1.66]
Epoch: 200, Loss: 0.0737, Train: 100.00%, Valid: 62.40%, Test: 66.50% [α=0.59,β=1.77]
Epoch: 250, Loss: 0.0624, Train: 100.00%, Valid: 62.80%, Test: 66.60% [α=0.58,β=1.87]
Epoch: 300, Loss: 0.0518, Train: 100.00%, Valid: 62.40%, Test: 67.70% [α=0.58,β=1.96]
Epoch: 350, Loss: 0.0752, Train: 100.00%, Valid: 61.60%, Test: 66.50% [α=0.57,β=2.05]
Epoch: 400, Loss: 0.0549, Train: 100.00%, Valid: 60.60%, Test: 64.30% [α=0.57,β=2.14]
Run 02:Highest Train: 100.00 Highest Valid: 66.20 Highest Test: 68.30 Chosen epoch: 231
Final Train: 100.00 Final Test: 67.40
Epoch: 00, Loss: 1.7955, Train: 31.67%, Valid: 25.40%, Test: 24.40% [α=0.50,β=1.00]
Epoch: 50, Loss: 0.1232, Train: 100.00%, Valid: 59.00%, Test: 63.10% [α=0.58,β=1.31]
Epoch: 100, Loss: 0.0906, Train: 100.00%, Valid: 59.80%, Test: 64.50% [α=0.59,β=1.48]
Epoch: 150, Loss: 0.0631, Train: 100.00%, Valid: 59.80%, Test: 65.90% [α=0.58,β=1.62]
Epoch: 200, Loss: 0.0682, Train: 100.00%, Valid: 60.20%, Test: 67.30% [α=0.58,β=1.75]
Epoch: 250, Loss: 0.0522, Train: 100.00%, Valid: 59.80%, Test: 66.50% [α=0.57,β=1.86]
Epoch: 300, Loss: 0.0515, Train: 100.00%, Valid: 59.00%, Test: 64.70% [α=0.56,β=1.95]
Run 03:Highest Train: 100.00 Highest Valid: 63.40 Highest Test: 69.10 Chosen epoch: 139
Final Train: 100.00 Final Test: 68.00
Epoch: 00, Loss: 1.7940, Train: 16.67%, Valid: 16.80%, Test: 16.70% [α=0.50,β=1.00]
Epoch: 50, Loss: 0.0720, Train: 100.00%, Valid: 59.80%, Test: 65.40% [α=0.60,β=1.40]
Epoch: 100, Loss: 0.0822, Train: 100.00%, Valid: 60.00%, Test: 65.40% [α=0.61,β=1.61]
Epoch: 150, Loss: 0.0613, Train: 100.00%, Valid: 60.20%, Test: 65.50% [α=0.59,β=1.75]
Epoch: 200, Loss: 0.0654, Train: 100.00%, Valid: 62.20%, Test: 67.50% [α=0.58,β=1.88]
Epoch: 250, Loss: 0.0546, Train: 100.00%, Valid: 60.60%, Test: 66.00% [α=0.57,β=1.98]
Epoch: 300, Loss: 0.0542, Train: 100.00%, Valid: 60.60%, Test: 64.00% [α=0.56,β=2.08]
Epoch: 350, Loss: 0.0497, Train: 100.00%, Valid: 61.00%, Test: 66.20% [α=0.56,β=2.17]
Run 04:Highest Train: 100.00 Highest Valid: 64.00 Highest Test: 68.20 Chosen epoch: 193
Final Train: 100.00 Final Test: 66.60
Epoch: 00, Loss: 1.7978, Train: 16.67%, Valid: 16.60%, Test: 16.80% [α=0.50,β=1.00]
Epoch: 50, Loss: 0.0783, Train: 100.00%, Valid: 59.60%, Test: 65.40% [α=0.61,β=1.46]
Epoch: 100, Loss: 0.0853, Train: 100.00%, Valid: 59.20%, Test: 62.50% [α=0.62,β=1.72]
Epoch: 150, Loss: 0.0737, Train: 100.00%, Valid: 61.80%, Test: 64.90% [α=0.61,β=1.90]
Epoch: 200, Loss: 0.0536, Train: 100.00%, Valid: 60.40%, Test: 64.40% [α=0.60,β=2.06]
Epoch: 250, Loss: 0.0721, Train: 100.00%, Valid: 59.60%, Test: 64.00% [α=0.59,β=2.19]
Epoch: 300, Loss: 0.0673, Train: 100.00%, Valid: 60.00%, Test: 63.90% [α=0.58,β=2.31]
Epoch: 350, Loss: 0.0693, Train: 100.00%, Valid: 59.80%, Test: 63.30% [α=0.57,β=2.42]
Run 05:Highest Train: 100.00 Highest Valid: 62.60 Highest Test: 67.20 Chosen epoch: 153
Final Train: 100.00 Final Test: 66.30
5 runs: Highest Train: 100.00 ± 0.00 Highest val epoch:152
Highest Test: 68.40 ± 0.81 Final Test: 67.26 ± 0.79
