Namespace(data_dir='../data/', dataset='deezer-europe', device=0, seed=42, cpu=False, epochs=500, runs=5, train_prop=0.5, valid_prop=0.25, protocol='semi', rand_split=True, rand_split_class=False, label_num_per_class=20, valid_num=500, test_num=500, directed=False, method='pcgt', hidden_channels=96, num_layers=2, num_heads=1, alpha=0.5, use_bn=False, use_residual=False, use_graph=True, use_weight=False, use_init=False, use_act=False, attention='gcn', lr=0.01, weight_decay=5e-05, dropout=0.4, display_step=50, no_feat_norm=False, patience=200, graph_weight=0.8, ours_weight_decay=5e-05, ours_use_weight=False, ours_use_residual=True, ours_use_act=False, backbone='gcn', ours_layers=1, ours_dropout=0.4, aggregate='add', hops=1, gat_heads=8, out_heads=1, lamda=0.1, num_elayers=2, encoder_emdim=768, num_partitions=15, num_reps=4, partition_method='metis', no_pse=False, local_only=False, global_only=False)
deezer-europe
features shape=torch.Size([28281, 31241])
num nodes 28281 | num classes 2 | num node feats 31241
Computing 15 partitions using metis...
Partitions: 15, Boundary nodes: 14243/28281 (50.4%)
Intra-partition edges: 137244/185504 (74.0%)
Epoch: 00, Loss: 0.6944, Train: 55.91%, Valid: 56.00%, Test: 54.86% [α=0.50,β=0.99]
Epoch: 50, Loss: 0.2488, Train: 92.37%, Valid: 63.64%, Test: 62.49% [α=0.52,β=1.39]
Epoch: 100, Loss: 0.1208, Train: 98.68%, Valid: 63.68%, Test: 63.00% [α=0.55,β=1.72]
Epoch: 150, Loss: 0.0787, Train: 99.38%, Valid: 63.76%, Test: 63.36% [α=0.55,β=1.99]
Epoch: 200, Loss: 0.0623, Train: 99.46%, Valid: 63.59%, Test: 63.51% [α=0.54,β=2.24]
Run 01:Highest Train: 99.59 Highest Valid: 67.31 Highest Test: 66.86 Chosen epoch: 14
Final Train: 76.77 Final Test: 66.37
Epoch: 00, Loss: 0.6970, Train: 55.95%, Valid: 55.59%, Test: 54.62% [α=0.50,β=1.00]
Epoch: 50, Loss: 0.3163, Train: 88.25%, Valid: 62.69%, Test: 62.75% [α=0.51,β=1.51]
Epoch: 100, Loss: 0.1302, Train: 98.32%, Valid: 63.78%, Test: 63.46% [α=0.54,β=2.12]
Epoch: 150, Loss: 0.1268, Train: 98.28%, Valid: 63.73%, Test: 63.10% [α=0.58,β=2.55]
Epoch: 200, Loss: 0.0894, Train: 99.10%, Valid: 62.97%, Test: 63.46% [α=0.57,β=2.88]
Run 02:Highest Train: 99.48 Highest Valid: 67.20 Highest Test: 65.89 Chosen epoch: 33
Final Train: 81.70 Final Test: 65.63
Epoch: 00, Loss: 0.6932, Train: 55.76%, Valid: 55.87%, Test: 55.30% [α=0.50,β=1.00]
Epoch: 50, Loss: 0.3378, Train: 88.12%, Valid: 66.17%, Test: 65.58% [α=0.50,β=1.57]
Epoch: 100, Loss: 0.1284, Train: 97.89%, Valid: 63.82%, Test: 64.22% [α=0.52,β=2.32]
Epoch: 150, Loss: 0.0823, Train: 99.29%, Valid: 63.78%, Test: 63.67% [α=0.52,β=2.67]
Epoch: 200, Loss: 0.0828, Train: 99.36%, Valid: 63.69%, Test: 63.71% [α=0.53,β=2.95]
Run 03:Highest Train: 99.43 Highest Valid: 66.17 Highest Test: 66.24 Chosen epoch: 51
Final Train: 88.12 Final Test: 65.58
Epoch: 00, Loss: 0.6928, Train: 56.13%, Valid: 55.88%, Test: 54.52% [α=0.50,β=1.01]
Epoch: 50, Loss: 0.3209, Train: 89.53%, Valid: 64.89%, Test: 65.05% [α=0.50,β=1.54]
Epoch: 100, Loss: 0.1806, Train: 96.00%, Valid: 60.40%, Test: 62.93% [α=0.51,β=2.20]
Epoch: 150, Loss: 0.3871, Train: 80.48%, Valid: 60.10%, Test: 60.71% [α=0.54,β=2.63]
Epoch: 200, Loss: 0.1542, Train: 97.66%, Valid: 63.75%, Test: 64.42% [α=0.59,β=3.15]
Epoch: 250, Loss: 0.0961, Train: 99.19%, Valid: 63.25%, Test: 64.50% [α=0.59,β=3.42]
Epoch: 300, Loss: 0.0768, Train: 99.40%, Valid: 63.80%, Test: 65.07% [α=0.59,β=3.58]
Epoch: 350, Loss: 0.0602, Train: 99.53%, Valid: 63.51%, Test: 64.97% [α=0.59,β=3.71]
Run 04:Highest Train: 99.58 Highest Valid: 65.50 Highest Test: 65.87 Chosen epoch: 167
Final Train: 91.29 Final Test: 65.54
Epoch: 00, Loss: 0.6910, Train: 55.60%, Valid: 56.22%, Test: 55.24% [α=0.50,β=1.00]
Epoch: 50, Loss: 0.2849, Train: 90.79%, Valid: 63.72%, Test: 64.14% [α=0.50,β=1.37]
Epoch: 100, Loss: 0.1398, Train: 98.42%, Valid: 63.75%, Test: 63.74% [α=0.50,β=2.02]
Epoch: 150, Loss: 0.1498, Train: 95.47%, Valid: 61.54%, Test: 62.01% [α=0.50,β=2.78]
Epoch: 200, Loss: 0.0977, Train: 98.75%, Valid: 62.49%, Test: 61.65% [α=0.50,β=3.31]
Epoch: 250, Loss: 0.0635, Train: 99.48%, Valid: 63.92%, Test: 63.39% [α=0.51,β=3.64]
Run 05:Highest Train: 99.52 Highest Valid: 65.28 Highest Test: 65.10 Chosen epoch: 63
Final Train: 93.06 Final Test: 64.55
5 runs: Highest Train: 99.52 ± 0.07 Highest val epoch:62
Highest Test: 65.99 ± 0.64 Final Test: 65.53 ± 0.65
