Namespace(data_dir='../data/', dataset='deezer-europe', device=0, seed=42, cpu=False, epochs=500, runs=5, train_prop=0.5, valid_prop=0.25, protocol='semi', rand_split=True, rand_split_class=False, label_num_per_class=20, valid_num=500, test_num=500, directed=False, method='pcgt', hidden_channels=96, num_layers=2, num_heads=1, alpha=0.5, use_bn=False, use_residual=False, use_graph=True, use_weight=False, use_init=False, use_act=False, attention='gcn', lr=0.01, weight_decay=5e-05, dropout=0.4, display_step=50, no_feat_norm=False, patience=200, graph_weight=0.7, ours_weight_decay=5e-05, ours_use_weight=False, ours_use_residual=True, ours_use_act=False, backbone='gcn', ours_layers=1, ours_dropout=0.4, aggregate='add', hops=1, gat_heads=8, out_heads=1, lamda=0.1, num_elayers=2, encoder_emdim=768, num_partitions=5, num_reps=4, partition_method='metis', no_pse=False, local_only=False, global_only=False)
deezer-europe
features shape=torch.Size([28281, 31241])
num nodes 28281 | num classes 2 | num node feats 31241
Computing 5 partitions using metis...
Partitions: 5, Boundary nodes: 10936/28281 (38.7%)
Intra-partition edges: 158378/185504 (85.4%)
Epoch: 00, Loss: 0.6944, Train: 55.91%, Valid: 56.00%, Test: 54.86% [α=0.50,β=0.99]
Epoch: 50, Loss: 0.3308, Train: 93.39%, Valid: 64.71%, Test: 64.35% [α=0.51,β=1.36]
Epoch: 100, Loss: 0.1364, Train: 97.97%, Valid: 64.05%, Test: 63.20% [α=0.52,β=1.67]
Epoch: 150, Loss: 0.0922, Train: 99.32%, Valid: 63.89%, Test: 63.33% [α=0.52,β=1.98]
Epoch: 200, Loss: 0.1607, Train: 96.47%, Valid: 63.00%, Test: 62.18% [α=0.52,β=2.29]
Run 01:Highest Train: 99.44 Highest Valid: 67.11 Highest Test: 66.44 Chosen epoch: 14
Final Train: 78.30 Final Test: 66.44
Epoch: 00, Loss: 0.6939, Train: 55.79%, Valid: 55.76%, Test: 55.32% [α=0.50,β=1.01]
Epoch: 50, Loss: 0.3292, Train: 89.76%, Valid: 66.21%, Test: 65.15% [α=0.48,β=1.80]
Epoch: 100, Loss: 0.1125, Train: 98.81%, Valid: 64.03%, Test: 63.36% [α=0.48,β=2.28]
Epoch: 150, Loss: 0.0899, Train: 99.43%, Valid: 63.49%, Test: 62.82% [α=0.47,β=2.59]
Epoch: 200, Loss: 0.2746, Train: 91.75%, Valid: 65.32%, Test: 64.72% [α=0.51,β=2.89]
Run 02:Highest Train: 99.58 Highest Valid: 66.80 Highest Test: 66.07 Chosen epoch: 48
Final Train: 88.35 Final Test: 66.07
Epoch: 00, Loss: 0.6997, Train: 47.49%, Valid: 46.87%, Test: 47.14% [α=0.50,β=1.01]
Epoch: 50, Loss: 0.3015, Train: 88.74%, Valid: 64.70%, Test: 65.18% [α=0.49,β=1.53]
Epoch: 100, Loss: 0.2774, Train: 94.73%, Valid: 62.18%, Test: 61.77% [α=0.49,β=2.16]
Epoch: 150, Loss: 0.1137, Train: 98.72%, Valid: 63.25%, Test: 63.23% [α=0.50,β=2.63]
Epoch: 200, Loss: 0.0908, Train: 99.12%, Valid: 63.58%, Test: 63.47% [α=0.50,β=2.94]
Run 03:Highest Train: 99.43 Highest Valid: 66.48 Highest Test: 66.00 Chosen epoch: 35
Final Train: 81.07 Final Test: 66.00
Epoch: 00, Loss: 0.6976, Train: 54.85%, Valid: 55.12%, Test: 54.00% [α=0.50,β=1.00]
Epoch: 50, Loss: 0.4069, Train: 85.88%, Valid: 64.57%, Test: 65.82% [α=0.48,β=1.61]
Epoch: 100, Loss: 0.1842, Train: 96.64%, Valid: 63.13%, Test: 64.14% [α=0.47,β=2.30]
Epoch: 150, Loss: 0.1878, Train: 97.71%, Valid: 62.91%, Test: 64.42% [α=0.48,β=2.71]
Epoch: 200, Loss: 0.0872, Train: 99.26%, Valid: 63.79%, Test: 64.53% [α=0.49,β=2.99]
Run 04:Highest Train: 99.26 Highest Valid: 65.83 Highest Test: 66.54 Chosen epoch: 42
Final Train: 83.53 Final Test: 66.54
Epoch: 00, Loss: 0.6959, Train: 50.67%, Valid: 49.53%, Test: 50.62% [α=0.50,β=1.01]
Epoch: 50, Loss: 0.3268, Train: 88.87%, Valid: 62.84%, Test: 64.19% [α=0.49,β=1.46]
Epoch: 100, Loss: 0.1367, Train: 97.73%, Valid: 63.59%, Test: 63.54% [α=0.49,β=1.96]
Epoch: 150, Loss: 0.0911, Train: 99.32%, Valid: 63.44%, Test: 62.95% [α=0.50,β=2.33]
Epoch: 200, Loss: 0.3623, Train: 90.35%, Valid: 61.90%, Test: 62.45% [α=0.50,β=2.65]
Epoch: 250, Loss: 0.1056, Train: 99.05%, Valid: 63.96%, Test: 63.60% [α=0.51,β=3.15]
Epoch: 300, Loss: 0.0931, Train: 99.31%, Valid: 64.17%, Test: 63.94% [α=0.51,β=3.53]
Epoch: 350, Loss: 0.0532, Train: 99.58%, Valid: 63.51%, Test: 63.33% [α=0.51,β=3.81]
Run 05:Highest Train: 99.63 Highest Valid: 65.73 Highest Test: 65.14 Chosen epoch: 198
Final Train: 89.50 Final Test: 64.88
5 runs: Highest Train: 99.47 ± 0.14 Highest val epoch:197
Highest Test: 66.04 ± 0.55 Final Test: 65.99 ± 0.66
