Namespace(data_dir='../data/', dataset='deezer-europe', device=0, seed=42, cpu=False, epochs=500, runs=5, train_prop=0.5, valid_prop=0.25, protocol='semi', rand_split=True, rand_split_class=False, label_num_per_class=20, valid_num=500, test_num=500, directed=False, method='pcgt', hidden_channels=96, num_layers=2, num_heads=1, alpha=0.5, use_bn=False, use_residual=False, use_graph=True, use_weight=False, use_init=False, use_act=False, attention='gcn', lr=0.01, weight_decay=5e-05, dropout=0.4, display_step=50, no_feat_norm=False, patience=200, graph_weight=0.7, ours_weight_decay=5e-05, ours_use_weight=False, ours_use_residual=True, ours_use_act=False, backbone='gcn', ours_layers=1, ours_dropout=0.4, aggregate='add', hops=1, gat_heads=8, out_heads=1, lamda=0.1, num_elayers=2, encoder_emdim=768, num_partitions=15, num_reps=4, partition_method='metis', no_pse=False, local_only=False, global_only=False)
deezer-europe
features shape=torch.Size([28281, 31241])
num nodes 28281 | num classes 2 | num node feats 31241
Computing 15 partitions using metis...
Partitions: 15, Boundary nodes: 14243/28281 (50.4%)
Intra-partition edges: 137244/185504 (74.0%)
Epoch: 00, Loss: 0.6944, Train: 55.91%, Valid: 56.00%, Test: 54.86% [α=0.50,β=0.99]
Epoch: 50, Loss: 0.2202, Train: 95.01%, Valid: 64.82%, Test: 63.60% [α=0.52,β=1.41]
Epoch: 100, Loss: 0.1751, Train: 96.73%, Valid: 64.58%, Test: 63.56% [α=0.56,β=1.83]
Epoch: 150, Loss: 0.0928, Train: 99.12%, Valid: 63.80%, Test: 62.82% [α=0.56,β=2.20]
Epoch: 200, Loss: 0.0759, Train: 99.40%, Valid: 63.48%, Test: 62.49% [α=0.56,β=2.45]
Run 01:Highest Train: 99.55 Highest Valid: 67.51 Highest Test: 66.99 Chosen epoch: 13
Final Train: 78.83 Final Test: 66.47
Epoch: 00, Loss: 0.6891, Train: 55.79%, Valid: 55.76%, Test: 55.32% [α=0.50,β=1.00]
Epoch: 50, Loss: 0.2391, Train: 92.16%, Valid: 63.31%, Test: 63.15% [α=0.50,β=1.62]
Epoch: 100, Loss: 0.1537, Train: 97.74%, Valid: 62.94%, Test: 62.81% [α=0.54,β=2.38]
Epoch: 150, Loss: 0.0870, Train: 99.31%, Valid: 63.13%, Test: 63.31% [α=0.54,β=2.86]
Epoch: 200, Loss: 0.0765, Train: 99.34%, Valid: 62.36%, Test: 62.57% [α=0.55,β=3.24]
Run 02:Highest Train: 99.52 Highest Valid: 67.13 Highest Test: 65.82 Chosen epoch: 25
Final Train: 82.81 Final Test: 65.82
Epoch: 00, Loss: 0.6926, Train: 55.75%, Valid: 55.87%, Test: 55.30% [α=0.50,β=1.01]
Epoch: 50, Loss: 0.3382, Train: 89.19%, Valid: 64.67%, Test: 65.29% [α=0.50,β=1.37]
Epoch: 100, Loss: 0.1619, Train: 96.88%, Valid: 64.54%, Test: 63.91% [α=0.51,β=1.92]
Epoch: 150, Loss: 0.0953, Train: 99.24%, Valid: 64.09%, Test: 63.07% [α=0.51,β=2.27]
Epoch: 200, Loss: 0.0983, Train: 98.44%, Valid: 62.98%, Test: 63.24% [α=0.52,β=2.52]
Run 03:Highest Train: 99.45 Highest Valid: 66.45 Highest Test: 66.61 Chosen epoch: 46
Final Train: 86.70 Final Test: 65.95
Epoch: 00, Loss: 0.6894, Train: 56.13%, Valid: 55.88%, Test: 54.52% [α=0.50,β=1.00]
Epoch: 50, Loss: 0.2275, Train: 88.39%, Valid: 63.96%, Test: 63.68% [α=0.50,β=1.47]
Epoch: 100, Loss: 0.0978, Train: 99.18%, Valid: 63.49%, Test: 64.28% [α=0.50,β=2.03]
Epoch: 150, Loss: 1.9878, Train: 83.13%, Valid: 59.39%, Test: 60.91% [α=0.52,β=2.47]
Epoch: 200, Loss: 0.1428, Train: 98.18%, Valid: 63.48%, Test: 64.38% [α=0.49,β=2.95]
Run 04:Highest Train: 99.43 Highest Valid: 65.13 Highest Test: 65.73 Chosen epoch: 41
Final Train: 88.22 Final Test: 64.79
Epoch: 00, Loss: 0.6917, Train: 55.60%, Valid: 56.22%, Test: 55.24% [α=0.50,β=1.01]
Epoch: 50, Loss: 0.3054, Train: 89.84%, Valid: 64.92%, Test: 65.44% [α=0.50,β=1.48]
Epoch: 100, Loss: 0.1250, Train: 98.42%, Valid: 64.13%, Test: 64.06% [α=0.50,β=2.00]
Epoch: 150, Loss: 0.0840, Train: 99.06%, Valid: 64.89%, Test: 64.52% [α=0.51,β=2.37]
Epoch: 200, Loss: 0.0688, Train: 99.50%, Valid: 63.65%, Test: 62.78% [α=0.53,β=2.66]
Run 05:Highest Train: 99.58 Highest Valid: 66.21 Highest Test: 66.16 Chosen epoch: 33
Final Train: 84.38 Final Test: 65.90
5 runs: Highest Train: 99.51 ± 0.06 Highest val epoch:32
Highest Test: 66.26 ± 0.53 Final Test: 65.78 ± 0.61
