Namespace(data_dir='../data/', dataset='deezer-europe', device=0, seed=42, cpu=False, epochs=500, runs=5, train_prop=0.5, valid_prop=0.25, protocol='semi', rand_split=True, rand_split_class=False, label_num_per_class=20, valid_num=500, test_num=500, directed=False, method='pcgt', hidden_channels=96, num_layers=2, num_heads=1, alpha=0.5, use_bn=False, use_residual=False, use_graph=True, use_weight=False, use_init=False, use_act=False, attention='gcn', lr=0.01, weight_decay=5e-05, dropout=0.4, display_step=50, no_feat_norm=False, patience=200, graph_weight=0.9, ours_weight_decay=5e-05, ours_use_weight=False, ours_use_residual=True, ours_use_act=False, backbone='gcn', ours_layers=1, ours_dropout=0.4, aggregate='add', hops=1, gat_heads=8, out_heads=1, lamda=0.1, num_elayers=2, encoder_emdim=768, num_partitions=15, num_reps=4, partition_method='metis', no_pse=False, local_only=False, global_only=False)
deezer-europe
features shape=torch.Size([28281, 31241])
num nodes 28281 | num classes 2 | num node feats 31241
Computing 15 partitions using metis...
Partitions: 15, Boundary nodes: 14243/28281 (50.4%)
Intra-partition edges: 137244/185504 (74.0%)
Epoch: 00, Loss: 0.6944, Train: 55.91%, Valid: 56.00%, Test: 54.86% [α=0.50,β=0.99]
Epoch: 50, Loss: 0.2578, Train: 92.77%, Valid: 63.95%, Test: 63.34% [α=0.58,β=1.39]
Epoch: 100, Loss: 0.1345, Train: 98.59%, Valid: 63.68%, Test: 62.08% [α=0.63,β=1.83]
Epoch: 150, Loss: 0.0950, Train: 99.26%, Valid: 63.93%, Test: 62.07% [α=0.63,β=2.24]
Epoch: 200, Loss: 0.0695, Train: 99.55%, Valid: 63.06%, Test: 61.87% [α=0.62,β=2.59]
Run 01:Highest Train: 99.60 Highest Valid: 67.34 Highest Test: 66.82 Chosen epoch: 15
Final Train: 76.36 Final Test: 66.36
Epoch: 00, Loss: 0.6958, Train: 55.79%, Valid: 55.59%, Test: 55.15% [α=0.50,β=1.01]
Epoch: 50, Loss: 0.2841, Train: 89.25%, Valid: 64.09%, Test: 63.85% [α=0.51,β=1.39]
Epoch: 100, Loss: 0.1605, Train: 97.23%, Valid: 63.66%, Test: 63.16% [α=0.50,β=2.21]
Epoch: 150, Loss: 0.1018, Train: 98.85%, Valid: 61.97%, Test: 62.66% [α=0.54,β=2.75]
Epoch: 200, Loss: 0.0680, Train: 99.50%, Valid: 62.05%, Test: 62.54% [α=0.54,β=3.03]
Run 02:Highest Train: 99.57 Highest Valid: 64.68 Highest Test: 64.72 Chosen epoch: 39
Final Train: 82.45 Final Test: 63.98
Epoch: 00, Loss: 0.6982, Train: 53.59%, Valid: 53.17%, Test: 53.78% [α=0.50,β=1.00]
Epoch: 50, Loss: 0.3675, Train: 86.07%, Valid: 61.94%, Test: 62.21% [α=0.50,β=1.24]
Epoch: 100, Loss: 0.1607, Train: 96.05%, Valid: 61.17%, Test: 62.30% [α=0.52,β=1.80]
Epoch: 150, Loss: 0.1682, Train: 96.97%, Valid: 64.10%, Test: 64.06% [α=0.63,β=2.29]
Epoch: 200, Loss: 0.1130, Train: 99.00%, Valid: 63.27%, Test: 63.19% [α=0.62,β=2.58]
Epoch: 250, Loss: 0.0879, Train: 99.31%, Valid: 63.49%, Test: 64.36% [α=0.61,β=2.81]
Epoch: 300, Loss: 0.0703, Train: 99.38%, Valid: 63.41%, Test: 63.71% [α=0.60,β=3.00]
Run 03:Highest Train: 99.53 Highest Valid: 65.30 Highest Test: 65.17 Chosen epoch: 115
Final Train: 85.76 Final Test: 64.64
Epoch: 00, Loss: 0.6927, Train: 56.13%, Valid: 55.88%, Test: 54.52% [α=0.50,β=1.00]
Epoch: 50, Loss: 0.3620, Train: 85.54%, Valid: 62.21%, Test: 62.52% [α=0.50,β=1.25]
Epoch: 100, Loss: 0.3314, Train: 90.00%, Valid: 62.18%, Test: 62.61% [α=0.52,β=1.89]
Epoch: 150, Loss: 0.1548, Train: 97.72%, Valid: 61.34%, Test: 62.79% [α=0.55,β=2.57]
Epoch: 200, Loss: 0.1131, Train: 98.54%, Valid: 61.34%, Test: 61.89% [α=0.56,β=2.98]
Epoch: 250, Loss: 0.1135, Train: 97.74%, Valid: 62.18%, Test: 62.16% [α=0.56,β=3.33]
Run 04:Highest Train: 99.53 Highest Valid: 63.54 Highest Test: 64.14 Chosen epoch: 88
Final Train: 91.43 Final Test: 64.08
Epoch: 00, Loss: 0.6927, Train: 55.60%, Valid: 56.22%, Test: 55.24% [α=0.50,β=1.00]
Epoch: 50, Loss: 0.4001, Train: 84.27%, Valid: 62.98%, Test: 62.75% [α=0.50,β=1.22]
Epoch: 100, Loss: 0.6188, Train: 85.93%, Valid: 63.06%, Test: 63.53% [α=0.52,β=1.75]
Epoch: 150, Loss: 0.1868, Train: 96.32%, Valid: 62.36%, Test: 61.91% [α=0.56,β=2.56]
Epoch: 200, Loss: 0.1146, Train: 98.80%, Valid: 61.43%, Test: 61.65% [α=0.56,β=3.20]
Epoch: 250, Loss: 0.1128, Train: 97.68%, Valid: 62.12%, Test: 61.55% [α=0.56,β=3.68]
Run 05:Highest Train: 99.46 Highest Valid: 64.61 Highest Test: 64.09 Chosen epoch: 93
Final Train: 93.95 Final Test: 63.82
5 runs: Highest Train: 99.54 ± 0.05 Highest val epoch:92
Highest Test: 64.99 ± 1.12 Final Test: 64.58 ± 1.04
