Namespace(data_dir='../data/', dataset='deezer-europe', device=0, seed=42, cpu=False, epochs=500, runs=5, train_prop=0.5, valid_prop=0.25, protocol='semi', rand_split=True, rand_split_class=False, label_num_per_class=20, valid_num=500, test_num=500, directed=False, method='pcgt', hidden_channels=96, num_layers=2, num_heads=1, alpha=0.5, use_bn=False, use_residual=False, use_graph=True, use_weight=False, use_init=False, use_act=False, attention='gcn', lr=0.01, weight_decay=5e-05, dropout=0.4, display_step=50, no_feat_norm=False, patience=200, graph_weight=0.8, ours_weight_decay=5e-05, ours_use_weight=False, ours_use_residual=True, ours_use_act=False, backbone='gcn', ours_layers=1, ours_dropout=0.4, aggregate='add', hops=1, gat_heads=8, out_heads=1, lamda=0.1, num_elayers=2, encoder_emdim=768, num_partitions=5, num_reps=4, partition_method='metis', no_pse=False, local_only=False, global_only=False)
deezer-europe
features shape=torch.Size([28281, 31241])
num nodes 28281 | num classes 2 | num node feats 31241
Computing 5 partitions using metis...
Partitions: 5, Boundary nodes: 10936/28281 (38.7%)
Intra-partition edges: 158378/185504 (85.4%)
Epoch: 00, Loss: 0.6944, Train: 55.91%, Valid: 56.00%, Test: 54.86% [α=0.50,β=0.99]
Epoch: 50, Loss: 0.2782, Train: 92.25%, Valid: 63.47%, Test: 63.39% [α=0.50,β=1.36]
Epoch: 100, Loss: 0.1439, Train: 97.85%, Valid: 64.10%, Test: 63.24% [α=0.51,β=1.66]
Epoch: 150, Loss: 0.1181, Train: 98.49%, Valid: 62.94%, Test: 62.59% [α=0.51,β=2.01]
Epoch: 200, Loss: 0.0971, Train: 99.31%, Valid: 63.35%, Test: 62.68% [α=0.53,β=2.43]
Run 01:Highest Train: 99.36 Highest Valid: 67.47 Highest Test: 66.44 Chosen epoch: 15
Final Train: 78.88 Final Test: 66.44
Epoch: 00, Loss: 0.6920, Train: 55.79%, Valid: 55.76%, Test: 55.32% [α=0.50,β=1.01]
Epoch: 50, Loss: 0.2985, Train: 91.59%, Valid: 64.50%, Test: 64.06% [α=0.48,β=1.70]
Epoch: 100, Loss: 0.1079, Train: 98.56%, Valid: 63.51%, Test: 62.93% [α=0.46,β=2.50]
Epoch: 150, Loss: 0.3202, Train: 90.70%, Valid: 63.04%, Test: 62.38% [α=0.44,β=3.09]
Epoch: 200, Loss: 0.1403, Train: 97.98%, Valid: 63.65%, Test: 63.63% [α=0.39,β=3.84]
Run 02:Highest Train: 99.34 Highest Valid: 65.49 Highest Test: 65.04 Chosen epoch: 43
Final Train: 89.81 Final Test: 64.60
Epoch: 00, Loss: 0.6952, Train: 55.64%, Valid: 56.20%, Test: 55.54% [α=0.50,β=1.01]
Epoch: 50, Loss: 0.4220, Train: 83.22%, Valid: 64.61%, Test: 64.28% [α=0.50,β=1.36]
Epoch: 100, Loss: 0.1691, Train: 96.84%, Valid: 62.86%, Test: 63.56% [α=0.49,β=2.00]
Epoch: 150, Loss: 0.2451, Train: 90.13%, Valid: 62.33%, Test: 62.62% [α=0.49,β=2.51]
Epoch: 200, Loss: 0.1226, Train: 98.65%, Valid: 62.43%, Test: 62.57% [α=0.47,β=3.12]
Epoch: 250, Loss: 0.1902, Train: 96.37%, Valid: 63.89%, Test: 64.30% [α=0.48,β=3.45]
Run 03:Highest Train: 99.38 Highest Valid: 65.52 Highest Test: 65.32 Chosen epoch: 53
Final Train: 84.87 Final Test: 64.62
Epoch: 00, Loss: 0.6914, Train: 56.13%, Valid: 55.88%, Test: 54.52% [α=0.50,β=1.01]
Epoch: 50, Loss: 0.4136, Train: 84.96%, Valid: 64.13%, Test: 64.80% [α=0.50,β=1.28]
Epoch: 100, Loss: 0.3973, Train: 88.83%, Valid: 64.24%, Test: 64.08% [α=0.46,β=1.75]
Epoch: 150, Loss: 0.1379, Train: 98.47%, Valid: 63.37%, Test: 64.09% [α=0.44,β=2.13]
Epoch: 200, Loss: 0.1192, Train: 98.32%, Valid: 62.83%, Test: 63.54% [α=0.44,β=2.38]
Run 04:Highest Train: 99.46 Highest Valid: 66.63 Highest Test: 66.09 Chosen epoch: 48
Final Train: 83.32 Final Test: 65.90
Epoch: 00, Loss: 0.6937, Train: 55.98%, Valid: 54.85%, Test: 55.42% [α=0.50,β=1.00]
Epoch: 50, Loss: 0.3077, Train: 89.40%, Valid: 61.87%, Test: 62.27% [α=0.50,β=1.25]
Epoch: 100, Loss: 0.1983, Train: 95.81%, Valid: 62.16%, Test: 61.80% [α=0.49,β=1.79]
Epoch: 150, Loss: 0.1684, Train: 96.68%, Valid: 62.93%, Test: 62.28% [α=0.48,β=2.45]
Epoch: 200, Loss: 0.1043, Train: 99.12%, Valid: 62.39%, Test: 62.32% [α=0.47,β=2.85]
Epoch: 250, Loss: 0.0738, Train: 99.40%, Valid: 61.64%, Test: 61.56% [α=0.49,β=3.11]
Epoch: 300, Loss: 0.1074, Train: 98.28%, Valid: 63.07%, Test: 63.07% [α=0.49,β=3.30]
Run 05:Highest Train: 99.57 Highest Valid: 65.90 Highest Test: 65.62 Chosen epoch: 110
Final Train: 87.39 Final Test: 65.62
5 runs: Highest Train: 99.42 ± 0.09 Highest val epoch:109
Highest Test: 65.70 ± 0.57 Final Test: 65.44 ± 0.81
