Namespace(data_dir='../data/', dataset='deezer-europe', device=0, seed=42, cpu=False, epochs=500, runs=5, train_prop=0.5, valid_prop=0.25, protocol='semi', rand_split=True, rand_split_class=False, label_num_per_class=20, valid_num=500, test_num=500, directed=False, method='pcgt', hidden_channels=96, num_layers=2, num_heads=1, alpha=0.5, use_bn=False, use_residual=False, use_graph=True, use_weight=False, use_init=False, use_act=False, attention='gcn', lr=0.01, weight_decay=5e-05, dropout=0.4, display_step=50, no_feat_norm=False, patience=200, graph_weight=0.8, ours_weight_decay=5e-05, ours_use_weight=False, ours_use_residual=True, ours_use_act=False, backbone='gcn', ours_layers=1, ours_dropout=0.4, aggregate='add', hops=1, gat_heads=8, out_heads=1, lamda=0.1, num_elayers=2, encoder_emdim=768, num_partitions=20, num_reps=4, partition_method='metis', no_pse=False, local_only=False, global_only=False)
deezer-europe
features shape=torch.Size([28281, 31241])
num nodes 28281 | num classes 2 | num node feats 31241
Computing 20 partitions using metis...
Partitions: 20, Boundary nodes: 14754/28281 (52.2%)
Intra-partition edges: 133312/185504 (71.9%)
Epoch: 00, Loss: 0.6944, Train: 55.91%, Valid: 56.00%, Test: 54.86% [α=0.50,β=0.99]
Epoch: 50, Loss: 0.2466, Train: 92.98%, Valid: 63.52%, Test: 63.54% [α=0.52,β=1.39]
Epoch: 100, Loss: 0.1406, Train: 97.77%, Valid: 62.91%, Test: 62.25% [α=0.58,β=1.77]
Epoch: 150, Loss: 0.0862, Train: 99.26%, Valid: 63.78%, Test: 62.75% [α=0.60,β=2.13]
Epoch: 200, Loss: 0.0671, Train: 99.43%, Valid: 63.41%, Test: 61.93% [α=0.59,β=2.41]
Run 01:Highest Train: 99.53 Highest Valid: 67.26 Highest Test: 67.16 Chosen epoch: 14
Final Train: 78.43 Final Test: 66.55
Epoch: 00, Loss: 0.6918, Train: 55.79%, Valid: 55.76%, Test: 55.32% [α=0.50,β=1.00]
Epoch: 50, Loss: 0.2302, Train: 93.95%, Valid: 63.95%, Test: 63.85% [α=0.50,β=1.55]
Epoch: 100, Loss: 0.1280, Train: 98.27%, Valid: 62.77%, Test: 62.76% [α=0.53,β=2.37]
Epoch: 150, Loss: 0.1255, Train: 98.33%, Valid: 62.69%, Test: 62.61% [α=0.56,β=2.74]
Epoch: 200, Loss: 0.0588, Train: 99.48%, Valid: 62.62%, Test: 63.05% [α=0.59,β=2.98]
Run 02:Highest Train: 99.60 Highest Valid: 65.30 Highest Test: 64.90 Chosen epoch: 39
Final Train: 86.83 Final Test: 64.28
Epoch: 00, Loss: 0.6947, Train: 56.25%, Valid: 55.71%, Test: 55.68% [α=0.50,β=1.00]
Epoch: 50, Loss: 0.2765, Train: 91.10%, Valid: 62.91%, Test: 63.22% [α=0.50,β=1.47]
Epoch: 100, Loss: 0.2217, Train: 96.20%, Valid: 63.56%, Test: 63.64% [α=0.51,β=2.22]
Epoch: 150, Loss: 0.1196, Train: 98.80%, Valid: 62.57%, Test: 62.68% [α=0.58,β=2.79]
Epoch: 200, Loss: 0.0837, Train: 99.31%, Valid: 61.98%, Test: 62.71% [α=0.58,β=3.21]
Epoch: 250, Loss: 0.0606, Train: 99.53%, Valid: 62.72%, Test: 62.79% [α=0.59,β=3.54]
Run 03:Highest Train: 99.53 Highest Valid: 65.40 Highest Test: 66.17 Chosen epoch: 77
Final Train: 94.40 Final Test: 65.82
Epoch: 00, Loss: 0.6933, Train: 56.14%, Valid: 55.88%, Test: 54.53% [α=0.50,β=1.00]
Epoch: 50, Loss: 0.3307, Train: 89.58%, Valid: 64.33%, Test: 64.83% [α=0.51,β=1.47]
Epoch: 100, Loss: 0.2407, Train: 94.34%, Valid: 63.78%, Test: 64.12% [α=0.53,β=2.15]
Epoch: 150, Loss: 0.1186, Train: 97.65%, Valid: 63.11%, Test: 63.74% [α=0.56,β=2.74]
Epoch: 200, Loss: 0.0864, Train: 99.46%, Valid: 62.45%, Test: 63.60% [α=0.59,β=3.05]
Run 04:Highest Train: 99.52 Highest Valid: 65.67 Highest Test: 65.92 Chosen epoch: 50
Final Train: 87.82 Final Test: 65.42
Epoch: 00, Loss: 0.6957, Train: 52.96%, Valid: 51.85%, Test: 53.13% [α=0.50,β=1.00]
Epoch: 50, Loss: 0.3484, Train: 87.11%, Valid: 62.76%, Test: 63.40% [α=0.51,β=1.40]
Epoch: 100, Loss: 0.2824, Train: 95.41%, Valid: 64.34%, Test: 64.83% [α=0.54,β=2.09]
Epoch: 150, Loss: 0.1162, Train: 98.74%, Valid: 64.06%, Test: 63.10% [α=0.54,β=2.74]
Epoch: 200, Loss: 0.0787, Train: 99.28%, Valid: 64.05%, Test: 63.95% [α=0.55,β=3.12]
Run 05:Highest Train: 99.50 Highest Valid: 66.08 Highest Test: 66.28 Chosen epoch: 44
Final Train: 83.35 Final Test: 66.13
5 runs: Highest Train: 99.54 ± 0.04 Highest val epoch:43
Highest Test: 66.09 ± 0.81 Final Test: 65.64 ± 0.87
