Namespace(data_dir='../data/', dataset='film', device=0, seed=42, cpu=False, epochs=500, runs=5, train_prop=0.5, valid_prop=0.25, protocol='semi', rand_split=False, rand_split_class=False, label_num_per_class=20, valid_num=500, test_num=500, directed=False, method='pcgt', hidden_channels=64, num_layers=8, num_heads=1, alpha=0.5, use_bn=False, use_residual=False, use_graph=True, use_weight=False, use_init=False, use_act=False, attention='gcn', lr=0.1, weight_decay=0.0005, dropout=0.6, display_step=50, no_feat_norm=False, patience=200, graph_weight=0.5, ours_weight_decay=0.0005, ours_use_weight=False, ours_use_residual=True, ours_use_act=True, backbone='gcn', ours_layers=2, ours_dropout=0.6, aggregate='add', hops=1, gat_heads=8, out_heads=1, lamda=0.1, num_elayers=2, encoder_emdim=768, num_partitions=5, num_reps=4, partition_method='metis', no_pse=False, local_only=False, global_only=False)
film
(7600, 932)
Num nodes: 7600
features shape=torch.Size([7600, 932])
num nodes 7600 | num classes 5 | num node feats 932
Computing 5 partitions using metis...
Partitions: 5, Boundary nodes: 4321/7600 (56.9%)
Intra-partition edges: 45286/60918 (74.3%)
Epoch: 00, Loss: 1.6242, Train: 26.04%, Valid: 25.82%, Test: 25.46% [α=0.52,β=0.90,α=0.52,β=0.90]
Epoch: 50, Loss: 1.5620, Train: 28.10%, Valid: 28.17%, Test: 27.63% [α=0.40,β=0.54,α=0.54,β=0.53]
Epoch: 100, Loss: 1.5259, Train: 29.36%, Valid: 29.52%, Test: 28.75% [α=0.34,β=1.22,α=0.52,β=1.22]
Epoch: 150, Loss: 1.5191, Train: 28.84%, Valid: 28.58%, Test: 27.96% [α=0.27,β=1.44,α=0.51,β=1.46]
Epoch: 200, Loss: 1.5141, Train: 28.62%, Valid: 28.45%, Test: 27.63% [α=0.23,β=1.55,α=0.47,β=1.60]
Epoch: 250, Loss: 1.5217, Train: 28.59%, Valid: 27.92%, Test: 27.83% [α=0.28,β=1.62,α=0.49,β=1.69]
Epoch: 300, Loss: 1.5186, Train: 29.17%, Valid: 29.15%, Test: 28.29% [α=0.26,β=1.58,α=0.53,β=1.64]
Run 01:Highest Train: 32.65 Highest Valid: 32.44 Highest Test: 32.70 Chosen epoch: 132
Final Train: 32.62 Final Test: 32.70
Epoch: 00, Loss: 1.6010, Train: 25.99%, Valid: 26.32%, Test: 24.80% [α=0.50,β=1.00,α=0.50,β=1.00]
Epoch: 50, Loss: 1.8093, Train: 23.27%, Valid: 24.67%, Test: 24.01% [α=0.10,β=-1.27,α=0.44,β=-1.47]
Epoch: 100, Loss: 1.8043, Train: 21.68%, Valid: 20.48%, Test: 22.43% [α=0.87,β=-2.01,α=0.86,β=-1.86]
Epoch: 150, Loss: 1.5756, Train: 25.99%, Valid: 26.32%, Test: 24.80% [α=0.95,β=-1.65,α=0.53,β=-1.74]
Epoch: 200, Loss: 1.5749, Train: 25.99%, Valid: 26.32%, Test: 24.80% [α=0.92,β=-1.92,α=0.46,β=-1.49]
Run 02:Highest Train: 32.37 Highest Valid: 31.70 Highest Test: 30.07 Chosen epoch: 23
Final Train: 32.18 Final Test: 30.07
Epoch: 00, Loss: 1.6118, Train: 25.82%, Valid: 25.53%, Test: 26.45% [α=0.50,β=1.00,α=0.50,β=1.00]
Epoch: 50, Loss: 1.5228, Train: 33.96%, Valid: 31.99%, Test: 31.97% [α=0.47,β=1.60,α=0.54,β=1.89]
Epoch: 100, Loss: 1.5038, Train: 35.44%, Valid: 33.14%, Test: 33.03% [α=0.44,β=2.02,α=0.53,β=2.39]
Epoch: 150, Loss: 1.5065, Train: 34.76%, Valid: 33.68%, Test: 34.93% [α=0.40,β=2.11,α=0.52,β=2.36]
Epoch: 200, Loss: 1.4954, Train: 34.87%, Valid: 33.10%, Test: 33.42% [α=0.38,β=2.19,α=0.52,β=2.36]
Epoch: 250, Loss: 1.5068, Train: 35.86%, Valid: 34.05%, Test: 33.75% [α=0.35,β=2.24,α=0.52,β=2.33]
Epoch: 300, Loss: 1.5047, Train: 35.53%, Valid: 32.81%, Test: 33.22% [α=0.34,β=2.26,α=0.51,β=2.31]
Epoch: 350, Loss: 1.4921, Train: 36.24%, Valid: 33.92%, Test: 34.74% [α=0.33,β=2.28,α=0.52,β=2.30]
Run 03:Highest Train: 36.87 Highest Valid: 35.16 Highest Test: 35.86 Chosen epoch: 187
Final Train: 36.05 Final Test: 33.95
Epoch: 00, Loss: 1.6170, Train: 26.95%, Valid: 27.06%, Test: 25.39% [α=0.50,β=1.00,α=0.50,β=1.00]
Epoch: 50, Loss: 1.5304, Train: 33.58%, Valid: 33.18%, Test: 33.09% [α=0.49,β=1.42,α=0.51,β=1.62]
Epoch: 100, Loss: 1.5206, Train: 31.88%, Valid: 32.36%, Test: 30.59% [α=0.44,β=1.97,α=0.49,β=2.31]
Epoch: 150, Loss: 1.5129, Train: 31.25%, Valid: 32.28%, Test: 30.46% [α=0.40,β=2.06,α=0.50,β=2.30]
Epoch: 200, Loss: 1.5173, Train: 30.48%, Valid: 31.13%, Test: 29.67% [α=0.37,β=2.05,α=0.50,β=2.18]
Epoch: 250, Loss: 1.5123, Train: 30.78%, Valid: 32.57%, Test: 29.93% [α=0.35,β=2.06,α=0.49,β=2.15]
Epoch: 300, Loss: 1.5080, Train: 32.18%, Valid: 32.48%, Test: 30.66% [α=0.34,β=2.08,α=0.49,β=2.16]
Epoch: 350, Loss: 1.5158, Train: 28.21%, Valid: 30.18%, Test: 28.03% [α=0.32,β=2.02,α=0.49,β=2.04]
Epoch: 400, Loss: 1.5208, Train: 29.22%, Valid: 31.29%, Test: 28.68% [α=0.32,β=2.05,α=0.50,β=2.10]
Run 04:Highest Train: 34.43 Highest Valid: 34.21 Highest Test: 33.49 Chosen epoch: 244
Final Train: 33.69 Final Test: 32.50
Epoch: 00, Loss: 1.6216, Train: 21.79%, Valid: 20.19%, Test: 22.63% [α=0.50,β=1.00,α=0.50,β=0.99]
Epoch: 50, Loss: 1.5405, Train: 30.32%, Valid: 29.77%, Test: 27.76% [α=0.48,β=1.42,α=0.51,β=1.63]
Epoch: 100, Loss: 1.5204, Train: 29.93%, Valid: 28.62%, Test: 26.12% [α=0.43,β=1.86,α=0.49,β=2.09]
Epoch: 150, Loss: 1.5051, Train: 30.67%, Valid: 29.93%, Test: 27.30% [α=0.38,β=1.97,α=0.49,β=2.08]
Epoch: 200, Loss: 1.5191, Train: 30.35%, Valid: 28.78%, Test: 26.78% [α=0.34,β=1.99,α=0.48,β=2.05]
Epoch: 250, Loss: 1.5236, Train: 30.07%, Valid: 29.93%, Test: 26.51% [α=0.32,β=1.92,α=0.50,β=1.93]
Epoch: 300, Loss: 1.5104, Train: 30.89%, Valid: 30.10%, Test: 27.11% [α=0.32,β=1.93,α=0.49,β=1.96]
Run 05:Highest Train: 33.11 Highest Valid: 32.44 Highest Test: 28.88 Chosen epoch: 149
Final Train: 32.92 Final Test: 28.82
5 runs: Highest Train: 33.89 ± 1.84 Highest val epoch:148
Highest Test: 32.20 ± 2.78 Final Test: 31.61 ± 2.10
