Namespace(data_dir='../data/', dataset='film', device=0, seed=42, cpu=False, epochs=500, runs=5, train_prop=0.5, valid_prop=0.25, protocol='semi', rand_split=False, rand_split_class=False, label_num_per_class=20, valid_num=500, test_num=500, directed=False, method='pcgt', hidden_channels=64, num_layers=8, num_heads=1, alpha=0.5, use_bn=False, use_residual=False, use_graph=True, use_weight=False, use_init=False, use_act=False, attention='gcn', lr=0.1, weight_decay=0.0005, dropout=0.6, display_step=50, no_feat_norm=False, patience=200, graph_weight=0.4, ours_weight_decay=0.0005, ours_use_weight=False, ours_use_residual=True, ours_use_act=True, backbone='gcn', ours_layers=2, ours_dropout=0.6, aggregate='add', hops=1, gat_heads=8, out_heads=1, lamda=0.1, num_elayers=2, encoder_emdim=768, num_partitions=15, num_reps=4, partition_method='metis', no_pse=False, local_only=False, global_only=False)
film
(7600, 932)
Num nodes: 7600
features shape=torch.Size([7600, 932])
num nodes 7600 | num classes 5 | num node feats 932
Computing 15 partitions using metis...
Partitions: 15, Boundary nodes: 4927/7600 (64.8%)
Intra-partition edges: 36888/60918 (60.6%)
Epoch: 00, Loss: 1.6236, Train: 26.04%, Valid: 25.82%, Test: 25.46% [α=0.52,β=0.90,α=0.48,β=0.90]
Epoch: 50, Loss: 1.5570, Train: 27.19%, Valid: 27.10%, Test: 26.58% [α=0.23,β=0.31,α=0.49,β=0.28]
Epoch: 100, Loss: 1.5332, Train: 29.69%, Valid: 28.58%, Test: 29.08% [α=0.19,β=0.76,α=0.50,β=0.81]
Epoch: 150, Loss: 1.5143, Train: 28.67%, Valid: 28.62%, Test: 28.29% [α=0.17,β=0.92,α=0.47,β=1.06]
Epoch: 200, Loss: 1.5258, Train: 28.51%, Valid: 28.29%, Test: 27.57% [α=0.17,β=1.05,α=0.49,β=1.25]
Epoch: 250, Loss: 1.5216, Train: 29.06%, Valid: 28.95%, Test: 28.16% [α=0.17,β=1.09,α=0.49,β=1.34]
Epoch: 300, Loss: 1.5201, Train: 29.11%, Valid: 29.32%, Test: 28.09% [α=0.17,β=1.08,α=0.51,β=1.35]
Run 01:Highest Train: 31.80 Highest Valid: 31.17 Highest Test: 30.92 Chosen epoch: 117
Final Train: 31.80 Final Test: 30.92
Epoch: 00, Loss: 1.6070, Train: 23.71%, Valid: 22.25%, Test: 24.61% [α=0.50,β=1.00,α=0.50,β=1.00]
Epoch: 50, Loss: 1.5335, Train: 31.30%, Valid: 30.63%, Test: 30.53% [α=0.17,β=0.99,α=0.53,β=0.94]
Epoch: 100, Loss: 1.5093, Train: 33.17%, Valid: 31.83%, Test: 30.92% [α=0.14,β=1.00,α=0.53,β=1.05]
Epoch: 150, Loss: 1.5098, Train: 33.72%, Valid: 33.47%, Test: 30.99% [α=0.13,β=1.04,α=0.48,β=1.18]
Epoch: 200, Loss: 1.5206, Train: 35.17%, Valid: 32.89%, Test: 32.70% [α=0.13,β=1.07,α=0.47,β=1.21]
Epoch: 250, Loss: 1.5208, Train: 35.01%, Valid: 32.98%, Test: 32.24% [α=0.14,β=1.07,α=0.53,β=1.22]
Epoch: 300, Loss: 1.5168, Train: 31.91%, Valid: 31.33%, Test: 30.66% [α=0.15,β=1.12,α=0.51,β=1.29]
Epoch: 350, Loss: 1.5128, Train: 33.88%, Valid: 32.15%, Test: 31.58% [α=0.15,β=1.07,α=0.46,β=1.20]
Epoch: 400, Loss: 1.5090, Train: 32.10%, Valid: 32.44%, Test: 29.87% [α=0.15,β=1.09,α=0.47,β=1.22]
Epoch: 450, Loss: 1.5094, Train: 34.54%, Valid: 32.07%, Test: 30.79% [α=0.16,β=1.10,α=0.51,β=1.27]
Run 02:Highest Train: 36.65 Highest Valid: 34.25 Highest Test: 34.08 Chosen epoch: 269
Final Train: 34.65 Final Test: 32.76
Epoch: 00, Loss: 1.6093, Train: 25.82%, Valid: 25.53%, Test: 26.45% [α=0.50,β=1.00,α=0.51,β=1.00]
Epoch: 50, Loss: 6.9070, Train: 24.42%, Valid: 23.89%, Test: 23.55% [α=0.86,β=-1.59,α=0.26,β=-3.20]
Epoch: 100, Loss: 1.5896, Train: 25.82%, Valid: 25.53%, Test: 26.45% [α=0.78,β=-1.74,α=0.49,β=-2.75]
Epoch: 150, Loss: 1.5877, Train: 23.85%, Valid: 23.48%, Test: 24.61% [α=0.71,β=-1.49,α=0.56,β=-2.30]
Run 03:Highest Train: 25.85 Highest Valid: 25.53 Highest Test: 26.45 Chosen epoch: 1
Final Train: 25.82 Final Test: 26.45
Epoch: 00, Loss: 1.6160, Train: 17.52%, Valid: 18.22%, Test: 18.03% [α=0.50,β=1.00,α=0.50,β=1.01]
Epoch: 50, Loss: 1.5435, Train: 31.58%, Valid: 29.69%, Test: 28.22% [α=0.45,β=1.26,α=0.60,β=1.42]
Epoch: 100, Loss: 1.5117, Train: 32.73%, Valid: 31.29%, Test: 30.72% [α=0.34,β=2.00,α=0.53,β=2.51]
Epoch: 150, Loss: 1.5060, Train: 36.13%, Valid: 33.06%, Test: 32.37% [α=0.24,β=2.18,α=0.50,β=2.61]
Epoch: 200, Loss: 1.5027, Train: 32.57%, Valid: 31.33%, Test: 30.00% [α=0.21,β=2.25,α=0.50,β=2.56]
Epoch: 250, Loss: 1.5013, Train: 32.37%, Valid: 32.07%, Test: 29.87% [α=0.20,β=2.22,α=0.43,β=2.42]
Epoch: 300, Loss: 1.5109, Train: 32.57%, Valid: 31.46%, Test: 30.13% [α=0.20,β=2.24,α=0.44,β=2.29]
Epoch: 350, Loss: 1.4956, Train: 34.21%, Valid: 31.99%, Test: 30.92% [α=0.20,β=2.23,α=0.41,β=2.32]
Run 04:Highest Train: 36.90 Highest Valid: 33.76 Highest Test: 32.96 Chosen epoch: 181
Final Train: 34.73 Final Test: 31.97
Epoch: 00, Loss: 1.5998, Train: 26.40%, Valid: 26.36%, Test: 23.75% [α=0.50,β=1.00,α=0.51,β=1.00]
Epoch: 50, Loss: 1.5247, Train: 32.24%, Valid: 29.98%, Test: 28.68% [α=0.44,β=1.50,α=0.61,β=1.75]
Epoch: 100, Loss: 1.5191, Train: 35.66%, Valid: 32.44%, Test: 32.89% [α=0.27,β=2.11,α=0.51,β=2.54]
Epoch: 150, Loss: 1.5051, Train: 34.46%, Valid: 31.04%, Test: 30.66% [α=0.21,β=2.14,α=0.51,β=2.43]
Epoch: 200, Loss: 1.5044, Train: 35.69%, Valid: 31.74%, Test: 32.63% [α=0.20,β=2.14,α=0.52,β=2.28]
Epoch: 250, Loss: 1.5218, Train: 35.94%, Valid: 32.24%, Test: 32.11% [α=0.21,β=2.25,α=0.52,β=2.39]
Epoch: 300, Loss: 1.5055, Train: 33.83%, Valid: 30.30%, Test: 29.74% [α=0.20,β=2.25,α=0.52,β=2.35]
Run 05:Highest Train: 37.14 Highest Valid: 34.05 Highest Test: 34.28 Chosen epoch: 140
Final Train: 37.06 Final Test: 34.14
5 runs: Highest Train: 33.67 ± 4.90 Highest val epoch:139
Highest Test: 31.74 ± 3.24 Final Test: 31.25 ± 2.93
