Namespace(data_dir='../data/', dataset='film', device=0, seed=42, cpu=False, epochs=500, runs=5, train_prop=0.5, valid_prop=0.25, protocol='semi', rand_split=False, rand_split_class=False, label_num_per_class=20, valid_num=500, test_num=500, directed=False, method='pcgt', hidden_channels=64, num_layers=8, num_heads=1, alpha=0.5, use_bn=False, use_residual=False, use_graph=True, use_weight=False, use_init=False, use_act=False, attention='gcn', lr=0.1, weight_decay=0.0005, dropout=0.6, display_step=50, no_feat_norm=False, patience=200, graph_weight=0.5, ours_weight_decay=0.0005, ours_use_weight=False, ours_use_residual=True, ours_use_act=True, backbone='gcn', ours_layers=2, ours_dropout=0.6, aggregate='add', hops=1, gat_heads=8, out_heads=1, lamda=0.1, num_elayers=2, encoder_emdim=768, num_partitions=15, num_reps=4, partition_method='metis', no_pse=False, local_only=False, global_only=False)
film
(7600, 932)
Num nodes: 7600
features shape=torch.Size([7600, 932])
num nodes 7600 | num classes 5 | num node feats 932
Computing 15 partitions using metis...
Partitions: 15, Boundary nodes: 4927/7600 (64.8%)
Intra-partition edges: 36888/60918 (60.6%)
Epoch: 00, Loss: 1.6238, Train: 26.04%, Valid: 25.82%, Test: 25.46% [α=0.52,β=0.90,α=0.48,β=0.90]
Epoch: 50, Loss: 1.5637, Train: 26.92%, Valid: 26.23%, Test: 26.84% [α=0.37,β=0.33,α=0.58,β=0.29]
Epoch: 100, Loss: 1.5300, Train: 30.73%, Valid: 29.73%, Test: 30.00% [α=0.25,β=1.09,α=0.47,β=1.07]
Epoch: 150, Loss: 1.5131, Train: 31.63%, Valid: 30.26%, Test: 29.47% [α=0.17,β=1.32,α=0.53,β=1.34]
Epoch: 200, Loss: 1.5104, Train: 31.06%, Valid: 30.84%, Test: 29.67% [α=0.19,β=1.44,α=0.50,β=1.51]
Epoch: 250, Loss: 1.5048, Train: 30.46%, Valid: 29.40%, Test: 29.67% [α=0.18,β=1.48,α=0.51,β=1.59]
Epoch: 300, Loss: 1.5178, Train: 31.74%, Valid: 30.76%, Test: 29.21% [α=0.16,β=1.43,α=0.48,β=1.56]
Run 01:Highest Train: 34.79 Highest Valid: 33.39 Highest Test: 32.37 Chosen epoch: 113
Final Train: 34.79 Final Test: 32.37
Epoch: 00, Loss: 1.5937, Train: 23.49%, Valid: 24.26%, Test: 23.75% [α=0.50,β=1.00,α=0.51,β=1.00]
Epoch: 50, Loss: 1.5162, Train: 32.21%, Valid: 32.61%, Test: 31.18% [α=0.15,β=1.41,α=0.47,β=1.37]
Epoch: 100, Loss: 1.5229, Train: 29.69%, Valid: 29.07%, Test: 28.16% [α=0.16,β=1.29,α=0.48,β=1.34]
Epoch: 150, Loss: 1.5194, Train: 32.54%, Valid: 31.74%, Test: 30.59% [α=0.18,β=1.31,α=0.50,β=1.40]
Epoch: 200, Loss: 1.5157, Train: 31.58%, Valid: 31.21%, Test: 31.25% [α=0.17,β=1.39,α=0.48,β=1.48]
Epoch: 250, Loss: 1.5157, Train: 30.73%, Valid: 30.84%, Test: 29.74% [α=0.18,β=1.35,α=0.49,β=1.45]
Epoch: 300, Loss: 1.5188, Train: 31.96%, Valid: 31.62%, Test: 30.33% [α=0.16,β=1.33,α=0.51,β=1.44]
Epoch: 350, Loss: 1.5169, Train: 29.69%, Valid: 29.89%, Test: 28.55% [α=0.17,β=1.37,α=0.50,β=1.48]
Run 02:Highest Train: 35.09 Highest Valid: 33.55 Highest Test: 33.16 Chosen epoch: 199
Final Train: 34.32 Final Test: 32.04
Epoch: 00, Loss: 1.6087, Train: 25.38%, Valid: 23.89%, Test: 25.39% [α=0.50,β=1.00,α=0.49,β=1.00]
Epoch: 50, Loss: 1.5095, Train: 31.58%, Valid: 30.14%, Test: 30.00% [α=0.16,β=1.51,α=0.49,β=1.51]
Epoch: 100, Loss: 1.5127, Train: 34.51%, Valid: 34.42%, Test: 33.82% [α=0.15,β=1.31,α=0.50,β=1.39]
Epoch: 150, Loss: 1.5530, Train: 26.34%, Valid: 25.99%, Test: 26.84% [α=0.16,β=1.36,α=0.49,β=1.51]
Epoch: 200, Loss: 1.9526, Train: 25.82%, Valid: 25.53%, Test: 26.45% [α=0.20,β=0.64,α=0.40,β=0.88]
Epoch: 250, Loss: 2.7392, Train: 25.82%, Valid: 25.53%, Test: 26.45% [α=0.75,β=-0.56,α=0.68,β=-2.83]
Run 03:Highest Train: 34.65 Highest Valid: 34.42 Highest Test: 33.82 Chosen epoch: 101
Final Train: 34.51 Final Test: 33.82
Epoch: 00, Loss: 1.6075, Train: 17.90%, Valid: 18.30%, Test: 17.70% [α=0.50,β=1.04,α=0.46,β=0.98]
Epoch: 50, Loss: 25.1473, Train: 25.11%, Valid: 27.18%, Test: 25.46% [α=0.85,β=1.84,α=0.90,β=-6.20]
Epoch: 100, Loss: 8.2834, Train: 24.73%, Valid: 26.03%, Test: 25.33% [α=0.33,β=1.27,α=0.81,β=-7.03]
Epoch: 150, Loss: 4.3531, Train: 25.11%, Valid: 27.22%, Test: 25.46% [α=0.04,β=-0.19,α=0.26,β=-7.10]
Epoch: 200, Loss: 4.0121, Train: 23.30%, Valid: 25.33%, Test: 22.83% [α=0.21,β=-1.39,α=0.11,β=-7.15]
Epoch: 250, Loss: 2.1391, Train: 22.94%, Valid: 23.07%, Test: 23.55% [α=0.64,β=-0.99,α=0.07,β=-7.19]
Run 04:Highest Train: 26.04 Highest Valid: 28.12 Highest Test: 27.50 Chosen epoch: 53
Final Train: 25.63 Final Test: 25.72
Epoch: 00, Loss: 1.6261, Train: 14.23%, Valid: 13.28%, Test: 12.96% [α=0.50,β=1.02,α=0.49,β=1.00]
Epoch: 50, Loss: 1.5573, Train: 28.10%, Valid: 27.06%, Test: 25.26% [α=0.48,β=1.25,α=0.41,β=1.01]
Epoch: 100, Loss: 1.5503, Train: 28.04%, Valid: 27.38%, Test: 25.66% [α=0.48,β=1.25,α=0.41,β=1.05]
Epoch: 150, Loss: 1.5490, Train: 28.43%, Valid: 27.47%, Test: 25.53% [α=0.48,β=1.25,α=0.42,β=1.10]
Epoch: 200, Loss: 1.5486, Train: 30.70%, Valid: 29.19%, Test: 27.57% [α=0.48,β=1.26,α=0.42,β=1.16]
Epoch: 250, Loss: 1.5438, Train: 29.36%, Valid: 28.58%, Test: 26.18% [α=0.48,β=1.27,α=0.42,β=1.23]
Epoch: 300, Loss: 1.5357, Train: 31.25%, Valid: 29.15%, Test: 27.89% [α=0.48,β=1.27,α=0.42,β=1.30]
Epoch: 350, Loss: 1.5333, Train: 30.62%, Valid: 28.74%, Test: 27.70% [α=0.48,β=1.28,α=0.43,β=1.38]
Epoch: 400, Loss: 1.5343, Train: 31.39%, Valid: 29.28%, Test: 27.63% [α=0.48,β=1.29,α=0.43,β=1.47]
Epoch: 450, Loss: 1.5256, Train: 33.50%, Valid: 30.35%, Test: 29.80% [α=0.48,β=1.30,α=0.43,β=1.55]
Run 05:Highest Train: 35.91 Highest Valid: 32.40 Highest Test: 31.18 Chosen epoch: 494
Final Train: 35.58 Final Test: 30.26
5 runs: Highest Train: 33.29 ± 4.08 Highest val epoch:493
Highest Test: 31.61 ± 2.50 Final Test: 30.84 ± 3.13
