Namespace(data_dir='../data/', dataset='film', device=0, seed=42, cpu=False, epochs=500, runs=5, train_prop=0.5, valid_prop=0.25, protocol='semi', rand_split=False, rand_split_class=False, label_num_per_class=20, valid_num=500, test_num=500, directed=False, method='pcgt', hidden_channels=64, num_layers=8, num_heads=1, alpha=0.5, use_bn=False, use_residual=False, use_graph=True, use_weight=False, use_init=False, use_act=False, attention='gcn', lr=0.1, weight_decay=0.0005, dropout=0.6, display_step=50, no_feat_norm=False, patience=200, graph_weight=0.4, ours_weight_decay=0.0005, ours_use_weight=False, ours_use_residual=True, ours_use_act=True, backbone='gcn', ours_layers=2, ours_dropout=0.6, aggregate='add', hops=1, gat_heads=8, out_heads=1, lamda=0.1, num_elayers=2, encoder_emdim=768, num_partitions=5, num_reps=4, partition_method='metis', no_pse=False, local_only=False, global_only=False)
film
(7600, 932)
Num nodes: 7600
features shape=torch.Size([7600, 932])
num nodes 7600 | num classes 5 | num node feats 932
Computing 5 partitions using metis...
Partitions: 5, Boundary nodes: 4321/7600 (56.9%)
Intra-partition edges: 45286/60918 (74.3%)
Epoch: 00, Loss: 1.6241, Train: 26.04%, Valid: 25.82%, Test: 25.46% [α=0.52,β=0.90,α=0.52,β=0.90]
Epoch: 50, Loss: 1.5623, Train: 28.26%, Valid: 28.29%, Test: 27.76% [α=0.30,β=0.50,α=0.49,β=0.52]
Epoch: 100, Loss: 1.5374, Train: 28.21%, Valid: 28.82%, Test: 27.63% [α=0.31,β=0.78,α=0.51,β=0.93]
Epoch: 150, Loss: 1.5395, Train: 28.15%, Valid: 28.12%, Test: 27.30% [α=0.30,β=0.91,α=0.54,β=1.15]
Epoch: 200, Loss: 1.5331, Train: 28.51%, Valid: 28.17%, Test: 27.70% [α=0.28,β=0.95,α=0.48,β=1.22]
Epoch: 250, Loss: 1.5307, Train: 27.91%, Valid: 27.88%, Test: 26.84% [α=0.33,β=1.03,α=0.50,β=1.35]
Run 01:Highest Train: 32.84 Highest Valid: 32.24 Highest Test: 30.33 Chosen epoch: 70
Final Train: 32.84 Final Test: 30.33
Epoch: 00, Loss: 1.6153, Train: 23.27%, Valid: 24.67%, Test: 24.08% [α=0.50,β=1.00,α=0.50,β=1.00]
Epoch: 50, Loss: 1.5754, Train: 25.99%, Valid: 26.32%, Test: 24.80% [α=0.47,β=-0.64,α=0.52,β=-0.73]
Epoch: 100, Loss: 1.5748, Train: 25.99%, Valid: 26.32%, Test: 24.80% [α=0.50,β=-0.60,α=0.53,β=-0.68]
Epoch: 150, Loss: 1.5749, Train: 25.99%, Valid: 26.32%, Test: 24.80% [α=0.50,β=-0.52,α=0.52,β=-0.60]
Epoch: 200, Loss: 1.5748, Train: 25.99%, Valid: 26.32%, Test: 24.80% [α=0.49,β=-0.45,α=0.53,β=-0.53]
Run 02:Highest Train: 26.29 Highest Valid: 26.36 Highest Test: 25.79 Chosen epoch: 41
Final Train: 26.29 Final Test: 25.07
Epoch: 00, Loss: 1.6225, Train: 18.01%, Valid: 17.56%, Test: 16.64% [α=0.50,β=1.00,α=0.50,β=1.00]
Epoch: 50, Loss: 1.5272, Train: 33.03%, Valid: 31.78%, Test: 31.78% [α=0.38,β=1.55,α=0.53,β=1.51]
Epoch: 100, Loss: 1.5185, Train: 33.91%, Valid: 31.87%, Test: 32.63% [α=0.31,β=1.79,α=0.52,β=1.76]
Epoch: 150, Loss: 1.5169, Train: 35.42%, Valid: 33.02%, Test: 32.57% [α=0.29,β=1.83,α=0.49,β=1.78]
Epoch: 200, Loss: 1.5262, Train: 35.31%, Valid: 32.28%, Test: 33.16% [α=0.28,β=1.85,α=0.50,β=1.79]
Epoch: 250, Loss: 1.5118, Train: 34.07%, Valid: 31.09%, Test: 31.71% [α=0.26,β=1.88,α=0.54,β=1.82]
Epoch: 300, Loss: 1.5089, Train: 35.31%, Valid: 31.17%, Test: 31.97% [α=0.30,β=1.86,α=0.51,β=1.79]
Epoch: 350, Loss: 1.5210, Train: 33.61%, Valid: 31.33%, Test: 31.84% [α=0.31,β=1.93,α=0.53,β=1.86]
Run 03:Highest Train: 36.51 Highest Valid: 34.62 Highest Test: 35.46 Chosen epoch: 174
Final Train: 35.22 Final Test: 33.75
Epoch: 00, Loss: 1.6069, Train: 25.11%, Valid: 27.22%, Test: 25.46% [α=0.50,β=1.00,α=0.50,β=1.00]
Epoch: 50, Loss: 1.5181, Train: 34.90%, Valid: 32.03%, Test: 33.82% [α=0.35,β=1.90,α=0.47,β=1.88]
Epoch: 100, Loss: 1.5184, Train: 34.21%, Valid: 34.13%, Test: 33.82% [α=0.31,β=1.75,α=0.49,β=1.76]
Epoch: 150, Loss: 1.5187, Train: 34.76%, Valid: 33.96%, Test: 32.96% [α=0.29,β=1.77,α=0.44,β=1.77]
Epoch: 200, Loss: 1.5181, Train: 34.29%, Valid: 32.77%, Test: 33.16% [α=0.31,β=1.74,α=0.47,β=1.75]
Epoch: 250, Loss: 1.5227, Train: 34.32%, Valid: 33.55%, Test: 34.01% [α=0.28,β=1.73,α=0.48,β=1.74]
Epoch: 300, Loss: 1.5150, Train: 35.03%, Valid: 31.99%, Test: 32.83% [α=0.28,β=1.76,α=0.49,β=1.77]
Run 04:Highest Train: 36.60 Highest Valid: 35.65 Highest Test: 34.80 Chosen epoch: 102
Final Train: 35.75 Final Test: 34.08
Epoch: 00, Loss: 1.6114, Train: 26.40%, Valid: 26.36%, Test: 23.75% [α=0.50,β=1.00,α=0.50,β=1.01]
Epoch: 50, Loss: 1.5275, Train: 32.32%, Valid: 31.17%, Test: 27.89% [α=0.33,β=1.79,α=0.50,β=1.79]
Epoch: 100, Loss: 1.5110, Train: 29.77%, Valid: 29.19%, Test: 26.25% [α=0.28,β=1.68,α=0.50,β=1.70]
Epoch: 150, Loss: 1.5181, Train: 30.89%, Valid: 29.48%, Test: 27.30% [α=0.26,β=1.63,α=0.49,β=1.64]
Epoch: 200, Loss: 1.5114, Train: 28.02%, Valid: 27.92%, Test: 24.61% [α=0.26,β=1.62,α=0.54,β=1.64]
Epoch: 250, Loss: 1.5133, Train: 30.07%, Valid: 29.40%, Test: 26.91% [α=0.29,β=1.69,α=0.50,β=1.74]
Run 05:Highest Train: 34.13 Highest Valid: 32.94 Highest Test: 30.79 Chosen epoch: 52
Final Train: 34.02 Final Test: 30.79
5 runs: Highest Train: 33.27 ± 4.22 Highest val epoch:51
Highest Test: 31.43 ± 3.91 Final Test: 30.80 ± 3.62
