Namespace(data_dir='../data/', dataset='film', device=0, seed=42, cpu=False, epochs=500, runs=5, train_prop=0.5, valid_prop=0.25, protocol='semi', rand_split=False, rand_split_class=False, label_num_per_class=20, valid_num=500, test_num=500, directed=False, method='pcgt', hidden_channels=64, num_layers=8, num_heads=1, alpha=0.5, use_bn=False, use_residual=False, use_graph=True, use_weight=False, use_init=False, use_act=False, attention='gcn', lr=0.1, weight_decay=0.0005, dropout=0.6, display_step=50, no_feat_norm=False, patience=200, graph_weight=0.7, ours_weight_decay=0.0005, ours_use_weight=False, ours_use_residual=True, ours_use_act=True, backbone='gcn', ours_layers=2, ours_dropout=0.6, aggregate='add', hops=1, gat_heads=8, out_heads=1, lamda=0.1, num_elayers=2, encoder_emdim=768, num_partitions=20, num_reps=4, partition_method='metis', no_pse=False, local_only=False, global_only=False)
film
(7600, 932)
Num nodes: 7600
features shape=torch.Size([7600, 932])
num nodes 7600 | num classes 5 | num node feats 932
Computing 20 partitions using metis...
Partitions: 20, Boundary nodes: 5037/7600 (66.3%)
Intra-partition edges: 35342/60918 (58.0%)
Epoch: 00, Loss: 1.6246, Train: 26.04%, Valid: 25.82%, Test: 25.46% [α=0.52,β=0.90,α=0.48,β=0.90]
Epoch: 50, Loss: 1.5654, Train: 26.40%, Valid: 26.48%, Test: 25.72% [α=0.30,β=0.51,α=0.48,β=0.42]
Epoch: 100, Loss: 1.5263, Train: 29.30%, Valid: 29.11%, Test: 29.01% [α=0.18,β=1.26,α=0.41,β=1.36]
Epoch: 150, Loss: 1.5167, Train: 30.21%, Valid: 29.98%, Test: 29.41% [α=0.14,β=1.47,α=0.45,β=1.69]
Epoch: 200, Loss: 1.5125, Train: 30.76%, Valid: 30.67%, Test: 29.34% [α=0.17,β=1.59,α=0.28,β=1.96]
Epoch: 250, Loss: 1.5104, Train: 29.80%, Valid: 28.74%, Test: 28.22% [α=0.16,β=1.87,α=0.33,β=2.04]
Epoch: 300, Loss: 1.5201, Train: 29.80%, Valid: 29.32%, Test: 28.62% [α=0.17,β=1.96,α=0.36,β=1.96]
Epoch: 350, Loss: 1.5138, Train: 30.84%, Valid: 29.81%, Test: 28.95% [α=0.19,β=2.09,α=0.38,β=1.93]
Run 01:Highest Train: 35.39 Highest Valid: 33.55 Highest Test: 32.70 Chosen epoch: 177
Final Train: 35.39 Final Test: 32.70
Epoch: 00, Loss: 1.6053, Train: 23.27%, Valid: 24.67%, Test: 24.08% [α=0.50,β=0.99,α=0.49,β=1.00]
Epoch: 50, Loss: 2.8466, Train: 23.27%, Valid: 24.67%, Test: 24.08% [α=0.52,β=-2.16,α=0.57,β=-4.45]
Epoch: 100, Loss: 1.8023, Train: 23.27%, Valid: 24.67%, Test: 24.08% [α=0.20,β=-1.06,α=0.91,β=-5.01]
Epoch: 150, Loss: 1.5788, Train: 23.36%, Valid: 24.18%, Test: 24.80% [α=0.18,β=-0.95,α=0.91,β=-4.61]
Epoch: 200, Loss: 1.5763, Train: 25.55%, Valid: 26.64%, Test: 24.80% [α=0.18,β=-0.94,α=0.89,β=-4.20]
Epoch: 250, Loss: 1.5792, Train: 24.95%, Valid: 25.37%, Test: 23.42% [α=0.18,β=-1.00,α=0.88,β=-3.81]
Epoch: 300, Loss: 1.5757, Train: 25.38%, Valid: 26.27%, Test: 25.20% [α=0.19,β=-1.01,α=0.87,β=-3.43]
Epoch: 350, Loss: 1.5777, Train: 25.99%, Valid: 26.36%, Test: 24.74% [α=0.19,β=-1.01,α=0.86,β=-3.08]
Epoch: 400, Loss: 1.6949, Train: 23.27%, Valid: 24.67%, Test: 24.08% [α=0.19,β=-1.03,α=0.85,β=-2.75]
Epoch: 450, Loss: 1.5768, Train: 25.85%, Valid: 26.48%, Test: 24.74% [α=0.19,β=-1.02,α=0.84,β=-2.44]
Run 02:Highest Train: 27.28 Highest Valid: 27.71 Highest Test: 26.25 Chosen epoch: 317
Final Train: 26.89 Final Test: 25.00
Epoch: 00, Loss: 1.6110, Train: 18.06%, Valid: 17.68%, Test: 17.11% [α=0.50,β=1.00,α=0.50,β=1.00]
Epoch: 50, Loss: 1.5659, Train: 26.51%, Valid: 26.27%, Test: 26.71% [α=0.50,β=1.02,α=0.50,β=1.32]
Epoch: 100, Loss: 1.5563, Train: 29.00%, Valid: 27.26%, Test: 27.30% [α=0.50,β=1.08,α=0.51,β=2.07]
Epoch: 150, Loss: 1.5465, Train: 31.22%, Valid: 28.95%, Test: 29.21% [α=0.50,β=1.16,α=0.52,β=2.79]
Epoch: 200, Loss: 1.5460, Train: 31.52%, Valid: 29.19%, Test: 28.88% [α=0.50,β=1.26,α=0.53,β=3.41]
Epoch: 250, Loss: 1.5374, Train: 32.79%, Valid: 30.26%, Test: 30.92% [α=0.50,β=1.37,α=0.53,β=3.91]
Epoch: 300, Loss: 1.5319, Train: 33.77%, Valid: 30.88%, Test: 31.91% [α=0.50,β=1.48,α=0.54,β=4.29]
Epoch: 350, Loss: 1.5222, Train: 33.94%, Valid: 30.67%, Test: 30.86% [α=0.50,β=1.58,α=0.54,β=4.57]
Epoch: 400, Loss: 1.5185, Train: 33.91%, Valid: 30.80%, Test: 31.64% [α=0.50,β=1.69,α=0.54,β=4.76]
Epoch: 450, Loss: 1.5093, Train: 35.80%, Valid: 32.57%, Test: 32.89% [α=0.50,β=1.79,α=0.54,β=4.86]
Run 03:Highest Train: 36.02 Highest Valid: 32.65 Highest Test: 33.88 Chosen epoch: 478
Final Train: 34.65 Final Test: 32.63
Epoch: 00, Loss: 1.6001, Train: 25.11%, Valid: 27.22%, Test: 25.46% [α=0.50,β=1.00,α=0.50,β=1.00]
Epoch: 50, Loss: 1.5567, Train: 28.45%, Valid: 28.95%, Test: 27.63% [α=0.50,β=1.05,α=0.51,β=1.58]
Epoch: 100, Loss: 1.5457, Train: 29.88%, Valid: 28.45%, Test: 28.29% [α=0.50,β=1.16,α=0.52,β=2.67]
Epoch: 150, Loss: 1.5395, Train: 32.02%, Valid: 28.78%, Test: 29.01% [α=0.50,β=1.29,α=0.53,β=3.49]
Epoch: 200, Loss: 1.5275, Train: 32.54%, Valid: 30.02%, Test: 29.67% [α=0.50,β=1.43,α=0.54,β=4.10]
Epoch: 250, Loss: 1.5298, Train: 33.36%, Valid: 30.63%, Test: 30.46% [α=0.50,β=1.57,α=0.54,β=4.49]
Epoch: 300, Loss: 1.5181, Train: 32.48%, Valid: 30.88%, Test: 30.39% [α=0.50,β=1.70,α=0.54,β=4.71]
Epoch: 350, Loss: 1.5136, Train: 35.03%, Valid: 31.29%, Test: 31.45% [α=0.50,β=1.82,α=0.54,β=4.85]
Epoch: 400, Loss: 1.5126, Train: 34.07%, Valid: 31.17%, Test: 31.91% [α=0.49,β=1.94,α=0.55,β=4.91]
Epoch: 450, Loss: 1.5106, Train: 34.90%, Valid: 31.62%, Test: 32.24% [α=0.49,β=2.05,α=0.55,β=4.88]
Run 04:Highest Train: 36.35 Highest Valid: 32.69 Highest Test: 33.62 Chosen epoch: 406
Final Train: 35.50 Final Test: 32.57
Epoch: 00, Loss: 1.6168, Train: 21.79%, Valid: 20.19%, Test: 22.63% [α=0.50,β=1.00,α=0.50,β=1.00]
Epoch: 50, Loss: 1.5616, Train: 28.15%, Valid: 26.64%, Test: 23.75% [α=0.50,β=1.05,α=0.51,β=1.49]
Epoch: 100, Loss: 1.5446, Train: 30.10%, Valid: 28.12%, Test: 25.46% [α=0.50,β=1.18,α=0.53,β=2.81]
Epoch: 150, Loss: 1.5320, Train: 32.57%, Valid: 29.69%, Test: 26.12% [α=0.50,β=1.36,α=0.54,β=3.79]
Epoch: 200, Loss: 1.5265, Train: 33.83%, Valid: 30.47%, Test: 27.57% [α=0.50,β=1.54,α=0.55,β=4.38]
Epoch: 250, Loss: 1.5201, Train: 33.96%, Valid: 30.92%, Test: 27.89% [α=0.50,β=1.71,α=0.55,β=4.67]
Epoch: 300, Loss: 1.5183, Train: 34.76%, Valid: 31.33%, Test: 28.62% [α=0.49,β=1.86,α=0.55,β=4.77]
Epoch: 350, Loss: 1.5194, Train: 35.55%, Valid: 32.11%, Test: 28.42% [α=0.48,β=1.99,α=0.55,β=4.76]
Epoch: 400, Loss: 1.5051, Train: 34.62%, Valid: 31.54%, Test: 29.01% [α=0.48,β=2.12,α=0.55,β=4.78]
Epoch: 450, Loss: 1.5034, Train: 34.57%, Valid: 32.15%, Test: 28.88% [α=0.47,β=2.24,α=0.55,β=4.78]
Run 05:Highest Train: 36.16 Highest Valid: 33.18 Highest Test: 29.74 Chosen epoch: 435
Final Train: 36.13 Final Test: 28.95
5 runs: Highest Train: 34.24 ± 3.91 Highest val epoch:434
Highest Test: 31.24 ± 3.24 Final Test: 30.37 ± 3.40
