Namespace(data_dir='../data/', dataset='film', device=0, seed=42, cpu=False, epochs=500, runs=5, train_prop=0.5, valid_prop=0.25, protocol='semi', rand_split=False, rand_split_class=False, label_num_per_class=20, valid_num=500, test_num=500, directed=False, method='pcgt', hidden_channels=64, num_layers=8, num_heads=1, alpha=0.5, use_bn=False, use_residual=False, use_graph=True, use_weight=False, use_init=False, use_act=False, attention='gcn', lr=0.1, weight_decay=0.0005, dropout=0.6, display_step=50, no_feat_norm=False, patience=200, graph_weight=0.6, ours_weight_decay=0.0005, ours_use_weight=False, ours_use_residual=True, ours_use_act=True, backbone='gcn', ours_layers=2, ours_dropout=0.6, aggregate='add', hops=1, gat_heads=8, out_heads=1, lamda=0.1, num_elayers=2, encoder_emdim=768, num_partitions=15, num_reps=4, partition_method='metis', no_pse=False, local_only=False, global_only=False)
film
(7600, 932)
Num nodes: 7600
features shape=torch.Size([7600, 932])
num nodes 7600 | num classes 5 | num node feats 932
Computing 15 partitions using metis...
Partitions: 15, Boundary nodes: 4927/7600 (64.8%)
Intra-partition edges: 36888/60918 (60.6%)
Epoch: 00, Loss: 1.6240, Train: 26.04%, Valid: 25.82%, Test: 25.46% [α=0.52,β=0.90,α=0.48,β=0.90]
Epoch: 50, Loss: 1.5565, Train: 27.30%, Valid: 27.47%, Test: 27.11% [α=0.39,β=0.55,α=0.56,β=0.49]
Epoch: 100, Loss: 1.5191, Train: 29.69%, Valid: 29.24%, Test: 29.21% [α=0.19,β=1.55,α=0.46,β=1.54]
Epoch: 150, Loss: 1.5053, Train: 32.07%, Valid: 30.80%, Test: 30.20% [α=0.17,β=1.66,α=0.47,β=1.71]
Epoch: 200, Loss: 1.5017, Train: 31.09%, Valid: 30.39%, Test: 30.99% [α=0.19,β=1.77,α=0.51,β=1.83]
Epoch: 250, Loss: 1.4967, Train: 32.81%, Valid: 31.87%, Test: 31.25% [α=0.17,β=1.82,α=0.45,β=1.91]
Run 01:Highest Train: 35.50 Highest Valid: 34.99 Highest Test: 33.62 Chosen epoch: 95
Final Train: 35.50 Final Test: 33.09
Epoch: 00, Loss: 1.6094, Train: 25.99%, Valid: 26.32%, Test: 24.80% [α=0.50,β=1.00,α=0.51,β=1.00]
Epoch: 50, Loss: 1.5150, Train: 32.15%, Valid: 32.85%, Test: 30.46% [α=0.23,β=1.67,α=0.57,β=1.61]
Epoch: 100, Loss: 1.5046, Train: 30.40%, Valid: 31.50%, Test: 29.93% [α=0.18,β=1.62,α=0.51,β=1.62]
Epoch: 150, Loss: 1.5135, Train: 31.77%, Valid: 31.00%, Test: 30.20% [α=0.16,β=1.60,α=0.49,β=1.65]
Epoch: 200, Loss: 1.5010, Train: 35.96%, Valid: 34.38%, Test: 32.11% [α=0.18,β=1.71,α=0.53,β=1.75]
Epoch: 250, Loss: 1.5049, Train: 32.07%, Valid: 31.78%, Test: 30.20% [α=0.17,β=1.73,α=0.52,β=1.78]
Epoch: 300, Loss: 1.5184, Train: 29.52%, Valid: 30.22%, Test: 28.62% [α=0.19,β=1.70,α=0.53,β=1.77]
Epoch: 350, Loss: 1.5176, Train: 31.94%, Valid: 31.50%, Test: 30.59% [α=0.18,β=1.67,α=0.49,β=1.75]
Run 02:Highest Train: 36.92 Highest Valid: 34.38 Highest Test: 33.75 Chosen epoch: 201
Final Train: 35.96 Final Test: 32.11
Epoch: 00, Loss: 1.6293, Train: 25.99%, Valid: 25.66%, Test: 26.45% [α=0.50,β=0.99,α=0.50,β=0.99]
Epoch: 50, Loss: 2.2720, Train: 20.81%, Valid: 22.45%, Test: 21.38% [α=0.82,β=-1.09,α=0.91,β=-4.35]
Epoch: 100, Loss: 1.9379, Train: 25.82%, Valid: 25.53%, Test: 26.45% [α=0.48,β=-0.90,α=0.76,β=-4.18]
Epoch: 150, Loss: 1.5784, Train: 25.69%, Valid: 24.88%, Test: 26.58% [α=0.45,β=-1.00,α=0.57,β=-3.83]
Epoch: 200, Loss: 1.5755, Train: 26.67%, Valid: 26.73%, Test: 26.91% [α=0.45,β=-1.00,α=0.55,β=-3.50]
Epoch: 250, Loss: 1.5782, Train: 23.82%, Valid: 23.44%, Test: 24.61% [α=0.45,β=-1.00,α=0.55,β=-3.19]
Epoch: 300, Loss: 1.5792, Train: 25.82%, Valid: 25.53%, Test: 26.45% [α=0.44,β=-1.02,α=0.54,β=-2.89]
Epoch: 350, Loss: 1.5774, Train: 25.82%, Valid: 25.53%, Test: 26.45% [α=0.44,β=-1.01,α=0.53,β=-2.61]
Run 03:Highest Train: 26.75 Highest Valid: 26.85 Highest Test: 28.16 Chosen epoch: 199
Final Train: 26.75 Final Test: 26.84
Epoch: 00, Loss: 1.5981, Train: 24.40%, Valid: 22.86%, Test: 24.28% [α=0.50,β=1.00,α=0.50,β=1.00]
Epoch: 50, Loss: 1.6048, Train: 25.11%, Valid: 27.22%, Test: 25.46% [α=0.48,β=0.60,α=0.52,β=-2.76]
Epoch: 100, Loss: 1.6673, Train: 22.15%, Valid: 20.64%, Test: 21.05% [α=0.47,β=0.56,α=0.55,β=-2.60]
Epoch: 150, Loss: 1.5740, Train: 25.11%, Valid: 27.22%, Test: 25.46% [α=0.47,β=0.54,α=0.56,β=-2.35]
Epoch: 200, Loss: 1.5718, Train: 25.11%, Valid: 27.22%, Test: 25.46% [α=0.47,β=0.53,α=0.56,β=-2.12]
Epoch: 250, Loss: 1.5711, Train: 24.26%, Valid: 27.51%, Test: 25.86% [α=0.47,β=0.52,α=0.57,β=-1.91]
Epoch: 300, Loss: 1.5721, Train: 23.71%, Valid: 26.60%, Test: 26.12% [α=0.47,β=0.51,α=0.58,β=-1.71]
Epoch: 350, Loss: 1.5721, Train: 25.11%, Valid: 27.22%, Test: 25.46% [α=0.47,β=0.50,α=0.59,β=-1.53]
Epoch: 400, Loss: 1.5699, Train: 25.25%, Valid: 22.57%, Test: 23.88% [α=0.47,β=0.49,α=0.59,β=-1.36]
Run 04:Highest Train: 27.22 Highest Valid: 27.63 Highest Test: 26.51 Chosen epoch: 214
Final Train: 24.07 Final Test: 26.12
Epoch: 00, Loss: 1.6113, Train: 21.79%, Valid: 20.19%, Test: 22.63% [α=0.50,β=1.00,α=0.50,β=1.00]
Epoch: 50, Loss: 1.5523, Train: 29.93%, Valid: 27.88%, Test: 27.96% [α=0.50,β=1.04,α=0.52,β=1.36]
Epoch: 100, Loss: 1.5174, Train: 34.46%, Valid: 30.63%, Test: 31.64% [α=0.50,β=1.25,α=0.54,β=2.53]
Epoch: 150, Loss: 1.5071, Train: 36.21%, Valid: 32.52%, Test: 32.17% [α=0.49,β=1.42,α=0.54,β=3.13]
Epoch: 200, Loss: 1.4879, Train: 34.57%, Valid: 30.59%, Test: 30.92% [α=0.48,β=1.54,α=0.54,β=3.31]
Epoch: 250, Loss: 1.4998, Train: 35.33%, Valid: 31.91%, Test: 32.11% [α=0.47,β=1.62,α=0.54,β=3.32]
Epoch: 300, Loss: 1.5067, Train: 35.55%, Valid: 32.15%, Test: 32.70% [α=0.45,β=1.69,α=0.54,β=3.27]
Epoch: 350, Loss: 1.4990, Train: 33.39%, Valid: 30.96%, Test: 30.79% [α=0.44,β=1.74,α=0.54,β=3.21]
Run 05:Highest Train: 37.45 Highest Valid: 33.51 Highest Test: 33.36 Chosen epoch: 190
Final Train: 36.40 Final Test: 32.96
5 runs: Highest Train: 32.77 ± 5.33 Highest val epoch:189
Highest Test: 31.08 ± 3.47 Final Test: 30.22 ± 3.45
