Namespace(data_dir='../data/', dataset='film', device=0, seed=42, cpu=False, epochs=500, runs=5, train_prop=0.5, valid_prop=0.25, protocol='semi', rand_split=False, rand_split_class=False, label_num_per_class=20, valid_num=500, test_num=500, directed=False, method='pcgt', hidden_channels=64, num_layers=8, num_heads=1, alpha=0.5, use_bn=False, use_residual=False, use_graph=True, use_weight=False, use_init=False, use_act=False, attention='gcn', lr=0.1, weight_decay=0.0005, dropout=0.6, display_step=50, no_feat_norm=False, patience=200, graph_weight=0.7, ours_weight_decay=0.0005, ours_use_weight=False, ours_use_residual=True, ours_use_act=True, backbone='gcn', ours_layers=2, ours_dropout=0.6, aggregate='add', hops=1, gat_heads=8, out_heads=1, lamda=0.1, num_elayers=2, encoder_emdim=768, num_partitions=10, num_reps=4, partition_method='metis', no_pse=False, local_only=False, global_only=False)
film
(7600, 932)
Num nodes: 7600
features shape=torch.Size([7600, 932])
num nodes 7600 | num classes 5 | num node feats 932
Computing 10 partitions using metis...
Partitions: 10, Boundary nodes: 4761/7600 (62.6%)
Intra-partition edges: 39894/60918 (65.5%)
Epoch: 00, Loss: 1.6248, Train: 26.04%, Valid: 25.82%, Test: 25.46% [α=0.52,β=0.90,α=0.52,β=0.90]
Epoch: 50, Loss: 1.5567, Train: 26.56%, Valid: 26.69%, Test: 25.92% [α=0.32,β=0.59,α=0.44,β=0.54]
Epoch: 100, Loss: 1.5272, Train: 27.80%, Valid: 27.80%, Test: 27.24% [α=0.24,β=1.44,α=0.47,β=1.50]
Epoch: 150, Loss: 1.5164, Train: 28.84%, Valid: 29.52%, Test: 28.68% [α=0.21,β=1.63,α=0.50,β=1.79]
Epoch: 200, Loss: 1.5462, Train: 27.33%, Valid: 27.43%, Test: 26.84% [α=0.26,β=0.74,α=0.47,β=2.02]
Epoch: 250, Loss: 1.5244, Train: 28.84%, Valid: 28.62%, Test: 28.09% [α=0.24,β=1.34,α=0.50,β=2.46]
Epoch: 300, Loss: 1.5209, Train: 30.70%, Valid: 30.47%, Test: 29.21% [α=0.25,β=1.50,α=0.51,β=2.29]
Epoch: 350, Loss: 1.5217, Train: 29.22%, Valid: 28.66%, Test: 28.42% [α=0.24,β=1.66,α=0.51,β=2.23]
Run 01:Highest Train: 34.35 Highest Valid: 33.02 Highest Test: 31.97 Chosen epoch: 166
Final Train: 34.35 Final Test: 31.97
Epoch: 00, Loss: 1.6147, Train: 23.27%, Valid: 24.67%, Test: 24.01% [α=0.50,β=1.00,α=0.50,β=0.99]
Epoch: 50, Loss: 1.8602, Train: 25.99%, Valid: 26.32%, Test: 24.80% [α=0.77,β=-1.39,α=0.46,β=-3.14]
Epoch: 100, Loss: 1.5856, Train: 23.27%, Valid: 24.67%, Test: 24.08% [α=0.95,β=-1.97,α=0.19,β=-3.19]
Epoch: 150, Loss: 1.5752, Train: 25.99%, Valid: 26.32%, Test: 24.80% [α=0.93,β=-1.89,α=0.24,β=-2.95]
Epoch: 200, Loss: 1.5749, Train: 25.99%, Valid: 26.32%, Test: 24.80% [α=0.90,β=-1.84,α=0.29,β=-2.72]
Run 02:Highest Train: 26.01 Highest Valid: 26.32 Highest Test: 25.72 Chosen epoch: 2
Final Train: 25.99 Final Test: 24.80
Epoch: 00, Loss: 1.6148, Train: 22.64%, Valid: 22.74%, Test: 22.76% [α=0.50,β=1.00,α=0.50,β=1.00]
Epoch: 50, Loss: 1.5636, Train: 27.44%, Valid: 26.19%, Test: 26.97% [α=0.49,β=1.07,α=0.53,β=1.15]
Epoch: 100, Loss: 1.5384, Train: 32.68%, Valid: 30.14%, Test: 30.13% [α=0.49,β=1.40,α=0.54,β=1.84]
Epoch: 150, Loss: 1.5063, Train: 34.70%, Valid: 33.59%, Test: 31.78% [α=0.47,β=1.91,α=0.55,β=2.74]
Epoch: 200, Loss: 1.5064, Train: 34.32%, Valid: 31.33%, Test: 31.91% [α=0.43,β=2.22,α=0.54,β=3.16]
Epoch: 250, Loss: 1.5067, Train: 35.31%, Valid: 32.32%, Test: 32.76% [α=0.38,β=2.38,α=0.53,β=3.25]
Epoch: 300, Loss: 1.5062, Train: 36.16%, Valid: 33.51%, Test: 34.47% [α=0.35,β=2.47,α=0.53,β=3.24]
Epoch: 350, Loss: 1.5049, Train: 35.55%, Valid: 33.47%, Test: 34.47% [α=0.32,β=2.56,α=0.52,β=3.26]
Run 03:Highest Train: 37.34 Highest Valid: 35.07 Highest Test: 35.46 Chosen epoch: 188
Final Train: 35.55 Final Test: 33.42
Epoch: 00, Loss: 1.6226, Train: 21.60%, Valid: 21.09%, Test: 20.33% [α=0.50,β=1.00,α=0.50,β=1.00]
Epoch: 50, Loss: 1.5635, Train: 27.85%, Valid: 26.89%, Test: 29.14% [α=0.49,β=1.02,α=0.51,β=0.99]
Epoch: 100, Loss: 1.5410, Train: 31.41%, Valid: 31.00%, Test: 31.64% [α=0.49,β=1.39,α=0.53,β=1.79]
Epoch: 150, Loss: 1.5245, Train: 33.80%, Valid: 31.29%, Test: 32.76% [α=0.46,β=1.96,α=0.53,β=2.78]
Epoch: 200, Loss: 1.5133, Train: 33.96%, Valid: 31.37%, Test: 33.62% [α=0.41,β=2.26,α=0.52,β=3.12]
Epoch: 250, Loss: 1.5103, Train: 35.09%, Valid: 32.61%, Test: 33.62% [α=0.36,β=2.36,α=0.51,β=3.08]
Epoch: 300, Loss: 1.5107, Train: 34.32%, Valid: 31.95%, Test: 33.42% [α=0.33,β=2.43,α=0.51,β=3.02]
Epoch: 350, Loss: 1.5147, Train: 34.65%, Valid: 33.59%, Test: 34.01% [α=0.30,β=2.51,α=0.50,β=3.00]
Epoch: 400, Loss: 1.5065, Train: 36.76%, Valid: 33.39%, Test: 33.29% [α=0.29,β=2.58,α=0.50,β=3.00]
Epoch: 450, Loss: 1.4929, Train: 34.95%, Valid: 32.15%, Test: 33.55% [α=0.27,β=2.62,α=0.50,β=2.94]
Run 04:Highest Train: 37.77 Highest Valid: 34.91 Highest Test: 35.53 Chosen epoch: 277
Final Train: 35.58 Final Test: 33.95
Epoch: 00, Loss: 1.6306, Train: 21.85%, Valid: 20.23%, Test: 22.63% [α=0.50,β=1.00,α=0.50,β=1.00]
Epoch: 50, Loss: 1.5665, Train: 27.03%, Valid: 26.85%, Test: 24.61% [α=0.50,β=1.03,α=0.53,β=1.01]
Epoch: 100, Loss: 1.5325, Train: 31.39%, Valid: 29.89%, Test: 29.67% [α=0.50,β=1.53,α=0.56,β=2.06]
Epoch: 150, Loss: 1.5099, Train: 35.42%, Valid: 32.94%, Test: 31.32% [α=0.43,β=2.20,α=0.55,β=3.08]
Epoch: 200, Loss: 1.5030, Train: 35.22%, Valid: 32.20%, Test: 31.18% [α=0.34,β=2.37,α=0.53,β=3.08]
Epoch: 250, Loss: 1.4980, Train: 34.59%, Valid: 32.28%, Test: 31.91% [α=0.28,β=2.49,α=0.52,β=3.05]
Epoch: 300, Loss: 1.5097, Train: 32.84%, Valid: 31.25%, Test: 29.41% [α=0.26,β=2.53,α=0.51,β=2.88]
Epoch: 350, Loss: 1.5083, Train: 33.61%, Valid: 31.91%, Test: 30.99% [α=0.25,β=2.56,α=0.54,β=2.62]
Epoch: 400, Loss: 1.5049, Train: 36.02%, Valid: 33.14%, Test: 30.59% [α=0.25,β=2.63,α=0.62,β=2.43]
Run 05:Highest Train: 36.92 Highest Valid: 34.70 Highest Test: 33.62 Chosen epoch: 234
Final Train: 36.51 Final Test: 32.11
5 runs: Highest Train: 34.48 ± 4.92 Highest val epoch:233
Highest Test: 32.46 ± 4.04 Final Test: 31.25 ± 3.70
