Namespace(data_dir='../data/', dataset='film', device=0, seed=42, cpu=False, epochs=500, runs=5, train_prop=0.5, valid_prop=0.25, protocol='semi', rand_split=False, rand_split_class=False, label_num_per_class=20, valid_num=500, test_num=500, directed=False, method='pcgt', hidden_channels=64, num_layers=8, num_heads=1, alpha=0.5, use_bn=False, use_residual=False, use_graph=True, use_weight=False, use_init=False, use_act=False, attention='gcn', lr=0.1, weight_decay=0.0005, dropout=0.6, display_step=50, no_feat_norm=False, patience=200, graph_weight=0.6, ours_weight_decay=0.0005, ours_use_weight=False, ours_use_residual=True, ours_use_act=True, backbone='gcn', ours_layers=2, ours_dropout=0.6, aggregate='add', hops=1, gat_heads=8, out_heads=1, lamda=0.1, num_elayers=2, encoder_emdim=768, num_partitions=5, num_reps=4, partition_method='metis', no_pse=False, local_only=False, global_only=False)
film
(7600, 932)
Num nodes: 7600
features shape=torch.Size([7600, 932])
num nodes 7600 | num classes 5 | num node feats 932
Computing 5 partitions using metis...
Partitions: 5, Boundary nodes: 4321/7600 (56.9%)
Intra-partition edges: 45286/60918 (74.3%)
Epoch: 00, Loss: 1.6243, Train: 26.04%, Valid: 25.82%, Test: 25.46% [α=0.52,β=0.90,α=0.52,β=0.90]
Epoch: 50, Loss: 1.5466, Train: 27.33%, Valid: 27.59%, Test: 27.04% [α=0.40,β=0.71,α=0.51,β=0.69]
Epoch: 100, Loss: 1.5071, Train: 30.21%, Valid: 30.30%, Test: 28.29% [α=0.25,β=1.77,α=0.47,β=1.77]
Epoch: 150, Loss: 1.5009, Train: 29.96%, Valid: 29.32%, Test: 28.22% [α=0.27,β=1.88,α=0.48,β=1.88]
Epoch: 200, Loss: 1.5058, Train: 29.28%, Valid: 29.15%, Test: 28.09% [α=0.27,β=1.94,α=0.46,β=1.94]
Epoch: 250, Loss: 1.5040, Train: 29.52%, Valid: 29.03%, Test: 28.95% [α=0.25,β=2.07,α=0.51,β=2.06]
Epoch: 300, Loss: 1.5001, Train: 31.25%, Valid: 30.67%, Test: 29.21% [α=0.28,β=2.11,α=0.52,β=2.12]
Epoch: 350, Loss: 1.4959, Train: 30.40%, Valid: 30.30%, Test: 28.68% [α=0.24,β=2.06,α=0.49,β=2.09]
Epoch: 400, Loss: 1.4974, Train: 30.92%, Valid: 29.93%, Test: 29.67% [α=0.28,β=2.04,α=0.47,β=2.07]
Epoch: 450, Loss: 1.5074, Train: 33.66%, Valid: 32.61%, Test: 30.59% [α=0.31,β=2.02,α=0.49,β=2.04]
Run 01:Highest Train: 35.61 Highest Valid: 35.49 Highest Test: 33.29 Chosen epoch: 267
Final Train: 35.61 Final Test: 33.29
Epoch: 00, Loss: 1.6044, Train: 23.41%, Valid: 24.88%, Test: 24.01% [α=0.49,β=0.99,α=0.50,β=0.99]
Epoch: 50, Loss: 1.5168, Train: 34.70%, Valid: 34.95%, Test: 32.83% [α=0.24,β=1.69,α=0.46,β=1.65]
Epoch: 100, Loss: 1.5244, Train: 31.47%, Valid: 32.03%, Test: 30.00% [α=0.26,β=1.75,α=0.53,β=1.72]
Epoch: 150, Loss: 1.5145, Train: 34.59%, Valid: 35.94%, Test: 32.50% [α=0.22,β=1.84,α=0.47,β=1.80]
Epoch: 200, Loss: 1.5158, Train: 35.36%, Valid: 35.16%, Test: 31.45% [α=0.27,β=1.89,α=0.47,β=1.84]
Epoch: 250, Loss: 1.5066, Train: 31.72%, Valid: 32.15%, Test: 29.61% [α=0.31,β=1.93,α=0.49,β=1.86]
Epoch: 300, Loss: 1.5049, Train: 32.81%, Valid: 32.94%, Test: 30.53% [α=0.28,β=1.94,α=0.46,β=1.91]
Epoch: 350, Loss: 1.5245, Train: 30.76%, Valid: 32.44%, Test: 29.74% [α=0.31,β=1.89,α=0.49,β=1.88]
Run 02:Highest Train: 36.90 Highest Valid: 37.62 Highest Test: 35.59 Chosen epoch: 171
Final Train: 36.32 Final Test: 32.17
Epoch: 00, Loss: 1.6200, Train: 25.33%, Valid: 23.40%, Test: 25.99% [α=0.50,β=1.00,α=0.50,β=1.00]
Epoch: 50, Loss: 5.2966, Train: 20.81%, Valid: 22.45%, Test: 21.38% [α=0.57,β=-1.51,α=0.99,β=-4.51]
Epoch: 100, Loss: 4.5181, Train: 23.85%, Valid: 23.48%, Test: 24.61% [α=0.02,β=-0.01,α=1.00,β=-6.69]
Epoch: 150, Loss: 2.8207, Train: 23.85%, Valid: 23.48%, Test: 24.61% [α=0.02,β=-0.82,α=1.00,β=-7.36]
Epoch: 200, Loss: 5.2178, Train: 25.82%, Valid: 25.53%, Test: 26.45% [α=0.05,β=-1.00,α=1.00,β=-8.22]
Run 03:Highest Train: 27.14 Highest Valid: 27.59 Highest Test: 26.97 Chosen epoch: 9
Final Train: 26.32 Final Test: 25.99
Epoch: 00, Loss: 1.6038, Train: 25.11%, Valid: 27.22%, Test: 25.46% [α=0.51,β=1.02,α=0.50,β=0.98]
Epoch: 50, Loss: 1.5669, Train: 28.84%, Valid: 29.36%, Test: 28.49% [α=0.57,β=1.22,α=0.47,β=0.81]
Epoch: 100, Loss: 1.5596, Train: 28.59%, Valid: 29.61%, Test: 28.75% [α=0.57,β=1.22,α=0.47,β=1.01]
Epoch: 150, Loss: 1.5500, Train: 30.70%, Valid: 30.88%, Test: 31.12% [α=0.57,β=1.23,α=0.47,β=1.42]
Epoch: 200, Loss: 1.5322, Train: 33.31%, Valid: 33.14%, Test: 31.78% [α=0.57,β=1.23,α=0.47,β=1.93]
Epoch: 250, Loss: 1.5219, Train: 32.54%, Valid: 32.69%, Test: 32.04% [α=0.57,β=1.24,α=0.47,β=2.47]
Epoch: 300, Loss: 1.5026, Train: 36.54%, Valid: 34.83%, Test: 34.21% [α=0.57,β=1.25,α=0.48,β=2.96]
Epoch: 350, Loss: 1.5010, Train: 35.33%, Valid: 35.16%, Test: 34.34% [α=0.57,β=1.26,α=0.48,β=3.39]
Epoch: 400, Loss: 1.4960, Train: 37.36%, Valid: 35.94%, Test: 35.66% [α=0.57,β=1.28,α=0.48,β=3.76]
Epoch: 450, Loss: 1.4908, Train: 37.55%, Valid: 36.06%, Test: 36.18% [α=0.57,β=1.29,α=0.48,β=4.03]
Run 04:Highest Train: 39.09 Highest Valid: 37.46 Highest Test: 36.78 Chosen epoch: 489
Final Train: 38.29 Final Test: 36.05
Epoch: 00, Loss: 1.6053, Train: 23.11%, Valid: 24.75%, Test: 24.34% [α=0.50,β=1.00,α=0.50,β=1.00]
Epoch: 50, Loss: 1.5587, Train: 26.81%, Valid: 26.85%, Test: 24.08% [α=0.50,β=1.00,α=0.50,β=1.25]
Epoch: 100, Loss: 1.5387, Train: 29.93%, Valid: 29.03%, Test: 26.58% [α=0.50,β=1.01,α=0.50,β=1.89]
Epoch: 150, Loss: 1.5145, Train: 33.77%, Valid: 31.66%, Test: 29.54% [α=0.50,β=1.03,α=0.50,β=2.63]
Epoch: 200, Loss: 1.5118, Train: 35.20%, Valid: 33.22%, Test: 30.00% [α=0.50,β=1.04,α=0.50,β=3.22]
Epoch: 250, Loss: 1.5018, Train: 34.43%, Valid: 32.32%, Test: 30.07% [α=0.50,β=1.06,α=0.50,β=3.68]
Epoch: 300, Loss: 1.4953, Train: 35.66%, Valid: 33.35%, Test: 31.25% [α=0.50,β=1.07,α=0.50,β=3.98]
Epoch: 350, Loss: 1.4920, Train: 36.38%, Valid: 34.13%, Test: 32.11% [α=0.50,β=1.08,α=0.50,β=4.19]
Epoch: 400, Loss: 1.4898, Train: 37.01%, Valid: 35.94%, Test: 33.82% [α=0.50,β=1.10,α=0.50,β=4.33]
Epoch: 450, Loss: 1.4914, Train: 37.80%, Valid: 35.49%, Test: 34.34% [α=0.50,β=1.11,α=0.50,β=4.42]
Run 05:Highest Train: 37.86 Highest Valid: 36.14 Highest Test: 34.54 Chosen epoch: 486
Final Train: 37.86 Final Test: 33.55
5 runs: Highest Train: 35.32 ± 4.75 Highest val epoch:485
Highest Test: 33.43 ± 3.83 Final Test: 32.21 ± 3.76
