Namespace(data_dir='../data/', dataset='film', device=0, seed=42, cpu=False, epochs=500, runs=5, train_prop=0.5, valid_prop=0.25, protocol='semi', rand_split=False, rand_split_class=False, label_num_per_class=20, valid_num=500, test_num=500, directed=False, method='pcgt', hidden_channels=64, num_layers=8, num_heads=1, alpha=0.5, use_bn=False, use_residual=False, use_graph=True, use_weight=False, use_init=False, use_act=False, attention='gcn', lr=0.1, weight_decay=0.0005, dropout=0.6, display_step=50, no_feat_norm=False, patience=200, graph_weight=0.4, ours_weight_decay=0.0005, ours_use_weight=False, ours_use_residual=True, ours_use_act=True, backbone='gcn', ours_layers=2, ours_dropout=0.6, aggregate='add', hops=1, gat_heads=8, out_heads=1, lamda=0.1, num_elayers=2, encoder_emdim=768, num_partitions=20, num_reps=4, partition_method='metis', no_pse=False, local_only=False, global_only=False)
film
(7600, 932)
Num nodes: 7600
features shape=torch.Size([7600, 932])
num nodes 7600 | num classes 5 | num node feats 932
Computing 20 partitions using metis...
Partitions: 20, Boundary nodes: 5037/7600 (66.3%)
Intra-partition edges: 35342/60918 (58.0%)
Epoch: 00, Loss: 1.6244, Train: 26.04%, Valid: 25.82%, Test: 25.46% [α=0.48,β=0.90,α=0.48,β=0.90]
Epoch: 50, Loss: 1.5548, Train: 26.89%, Valid: 26.97%, Test: 26.38% [α=0.26,β=0.27,α=0.48,β=0.22]
Epoch: 100, Loss: 1.5376, Train: 29.85%, Valid: 28.62%, Test: 28.22% [α=0.19,β=0.71,α=0.43,β=0.75]
Epoch: 150, Loss: 1.5338, Train: 28.65%, Valid: 28.21%, Test: 27.89% [α=0.16,β=0.90,α=0.45,β=1.04]
Epoch: 200, Loss: 1.5190, Train: 29.63%, Valid: 28.74%, Test: 28.75% [α=0.16,β=1.00,α=0.46,β=1.22]
Epoch: 250, Loss: 1.5242, Train: 29.88%, Valid: 29.11%, Test: 28.55% [α=0.15,β=1.03,α=0.47,β=1.29]
Epoch: 300, Loss: 1.5101, Train: 29.77%, Valid: 28.54%, Test: 28.49% [α=0.14,β=1.02,α=0.49,β=1.32]
Epoch: 350, Loss: 1.5191, Train: 30.48%, Valid: 29.15%, Test: 28.55% [α=0.15,β=1.03,α=0.48,β=1.36]
Epoch: 400, Loss: 1.5160, Train: 29.52%, Valid: 28.70%, Test: 28.29% [α=0.15,β=1.01,α=0.51,β=1.36]
Epoch: 450, Loss: 1.5227, Train: 30.48%, Valid: 29.69%, Test: 28.88% [α=0.15,β=0.96,α=0.53,β=1.31]
Run 01:Highest Train: 32.46 Highest Valid: 31.41 Highest Test: 31.18 Chosen epoch: 273
Final Train: 32.46 Final Test: 31.18
Epoch: 00, Loss: 1.6309, Train: 21.68%, Valid: 20.48%, Test: 22.43% [α=0.50,β=1.00,α=0.50,β=1.00]
Epoch: 50, Loss: 6.2616, Train: 25.99%, Valid: 26.32%, Test: 24.80% [α=0.42,β=-1.95,α=0.07,β=-3.42]
Epoch: 100, Loss: 2.6294, Train: 23.27%, Valid: 24.67%, Test: 24.08% [α=0.96,β=-1.98,α=0.70,β=-6.75]
Epoch: 150, Loss: 2.7094, Train: 23.27%, Valid: 24.67%, Test: 24.08% [α=0.97,β=-1.94,α=0.75,β=-6.98]
Epoch: 200, Loss: 2.6709, Train: 23.52%, Valid: 24.14%, Test: 25.92% [α=0.96,β=-2.17,α=0.33,β=-6.94]
Epoch: 250, Loss: 1.7962, Train: 23.46%, Valid: 24.05%, Test: 25.53% [α=0.95,β=-2.57,α=0.02,β=-6.87]
Run 02:Highest Train: 26.18 Highest Valid: 26.69 Highest Test: 26.12 Chosen epoch: 57
Final Train: 25.36 Final Test: 24.80
Epoch: 00, Loss: 1.6154, Train: 26.62%, Valid: 25.66%, Test: 26.18% [α=0.50,β=0.98,α=0.50,β=1.00]
Epoch: 50, Loss: 1.5523, Train: 27.74%, Valid: 26.77%, Test: 27.37% [α=0.50,β=0.76,α=0.49,β=1.03]
Epoch: 100, Loss: 1.5389, Train: 30.95%, Valid: 29.40%, Test: 29.93% [α=0.50,β=0.78,α=0.49,β=1.31]
Epoch: 150, Loss: 1.5313, Train: 33.42%, Valid: 31.04%, Test: 31.51% [α=0.50,β=0.81,α=0.50,β=1.66]
Epoch: 200, Loss: 1.5064, Train: 36.21%, Valid: 33.43%, Test: 32.70% [α=0.50,β=0.84,α=0.50,β=2.01]
Epoch: 250, Loss: 1.5076, Train: 34.98%, Valid: 32.36%, Test: 32.37% [α=0.49,β=0.87,α=0.50,β=2.33]
Epoch: 300, Loss: 1.4912, Train: 36.57%, Valid: 33.80%, Test: 33.22% [α=0.49,β=0.90,α=0.50,β=2.62]
Epoch: 350, Loss: 1.5008, Train: 36.73%, Valid: 34.09%, Test: 34.61% [α=0.49,β=0.93,α=0.51,β=2.87]
Epoch: 400, Loss: 1.4888, Train: 36.57%, Valid: 33.68%, Test: 35.33% [α=0.49,β=0.96,α=0.51,β=3.08]
Epoch: 450, Loss: 1.5015, Train: 36.84%, Valid: 35.24%, Test: 36.05% [α=0.49,β=0.99,α=0.51,β=3.26]
Run 03:Highest Train: 38.02 Highest Valid: 35.24 Highest Test: 36.45 Chosen epoch: 451
Final Train: 36.84 Final Test: 36.05
Epoch: 00, Loss: 1.6188, Train: 18.94%, Valid: 18.50%, Test: 19.87% [α=0.50,β=1.00,α=0.50,β=1.00]
Epoch: 50, Loss: 1.5527, Train: 29.22%, Valid: 28.66%, Test: 28.22% [α=0.50,β=1.01,α=0.50,β=1.12]
Epoch: 100, Loss: 1.5397, Train: 31.22%, Valid: 30.02%, Test: 31.05% [α=0.50,β=1.03,α=0.51,β=1.47]
Epoch: 150, Loss: 1.5241, Train: 33.09%, Valid: 31.50%, Test: 31.91% [α=0.50,β=1.06,α=0.51,β=1.87]
Epoch: 200, Loss: 1.5108, Train: 33.28%, Valid: 32.28%, Test: 31.25% [α=0.50,β=1.09,α=0.51,β=2.25]
Epoch: 250, Loss: 1.5116, Train: 34.68%, Valid: 32.48%, Test: 32.57% [α=0.50,β=1.12,α=0.52,β=2.59]
Epoch: 300, Loss: 1.5034, Train: 36.35%, Valid: 32.89%, Test: 34.28% [α=0.50,β=1.15,α=0.52,β=2.86]
Epoch: 350, Loss: 1.4981, Train: 34.92%, Valid: 32.94%, Test: 32.76% [α=0.50,β=1.18,α=0.52,β=3.06]
Epoch: 400, Loss: 1.5020, Train: 35.96%, Valid: 33.18%, Test: 33.95% [α=0.50,β=1.21,α=0.52,β=3.20]
Epoch: 450, Loss: 1.4960, Train: 35.06%, Valid: 32.52%, Test: 32.83% [α=0.50,β=1.23,α=0.52,β=3.31]
Run 04:Highest Train: 38.08 Highest Valid: 34.25 Highest Test: 34.93 Chosen epoch: 317
Final Train: 36.38 Final Test: 33.82
Epoch: 00, Loss: 1.6241, Train: 23.11%, Valid: 24.75%, Test: 24.34% [α=0.50,β=1.00,α=0.50,β=1.00]
Epoch: 50, Loss: 1.5470, Train: 30.87%, Valid: 27.80%, Test: 25.86% [α=0.50,β=1.02,α=0.50,β=1.25]
Epoch: 100, Loss: 1.5259, Train: 33.50%, Valid: 30.18%, Test: 27.83% [α=0.50,β=1.06,α=0.51,β=1.83]
Epoch: 150, Loss: 1.5200, Train: 35.42%, Valid: 31.70%, Test: 28.68% [α=0.50,β=1.09,α=0.51,β=2.29]
Epoch: 200, Loss: 1.5099, Train: 35.03%, Valid: 31.87%, Test: 28.82% [α=0.50,β=1.13,α=0.52,β=2.65]
Epoch: 250, Loss: 1.5058, Train: 36.27%, Valid: 32.81%, Test: 29.93% [α=0.50,β=1.16,α=0.52,β=2.88]
Epoch: 300, Loss: 1.5101, Train: 35.66%, Valid: 31.74%, Test: 29.14% [α=0.50,β=1.19,α=0.52,β=3.04]
Epoch: 350, Loss: 1.5001, Train: 35.55%, Valid: 32.24%, Test: 29.47% [α=0.49,β=1.22,α=0.53,β=3.16]
Epoch: 400, Loss: 1.4991, Train: 34.84%, Valid: 32.24%, Test: 29.28% [α=0.49,β=1.25,α=0.53,β=3.27]
Epoch: 450, Loss: 1.5127, Train: 35.66%, Valid: 31.74%, Test: 29.01% [α=0.49,β=1.27,α=0.53,β=3.31]
Run 05:Highest Train: 37.83 Highest Valid: 33.92 Highest Test: 31.18 Chosen epoch: 391
Final Train: 36.32 Final Test: 29.54
5 runs: Highest Train: 34.51 ± 5.24 Highest val epoch:390
Highest Test: 31.97 ± 4.01 Final Test: 31.08 ± 4.30
