Namespace(data_dir='../data/', dataset='film', device=0, seed=42, cpu=False, epochs=500, runs=5, train_prop=0.5, valid_prop=0.25, protocol='semi', rand_split=False, rand_split_class=False, label_num_per_class=20, valid_num=500, test_num=500, directed=False, method='pcgt', hidden_channels=64, num_layers=8, num_heads=1, alpha=0.5, use_bn=False, use_residual=False, use_graph=True, use_weight=False, use_init=False, use_act=False, attention='gcn', lr=0.1, weight_decay=0.0005, dropout=0.6, display_step=50, no_feat_norm=False, patience=200, graph_weight=0.7, ours_weight_decay=0.0005, ours_use_weight=False, ours_use_residual=True, ours_use_act=True, backbone='gcn', ours_layers=2, ours_dropout=0.6, aggregate='add', hops=1, gat_heads=8, out_heads=1, lamda=0.1, num_elayers=2, encoder_emdim=768, num_partitions=15, num_reps=4, partition_method='metis', no_pse=False, local_only=False, global_only=False)
film
(7600, 932)
Num nodes: 7600
features shape=torch.Size([7600, 932])
num nodes 7600 | num classes 5 | num node feats 932
Computing 15 partitions using metis...
Partitions: 15, Boundary nodes: 4927/7600 (64.8%)
Intra-partition edges: 36888/60918 (60.6%)
Epoch: 00, Loss: 1.6242, Train: 26.04%, Valid: 25.82%, Test: 25.46% [α=0.52,β=0.90,α=0.48,β=0.90]
Epoch: 50, Loss: 1.5526, Train: 26.73%, Valid: 26.77%, Test: 26.25% [α=0.37,β=0.78,α=0.51,β=0.71]
Epoch: 100, Loss: 1.5408, Train: 27.85%, Valid: 28.21%, Test: 26.97% [α=0.19,β=1.42,α=0.32,β=1.85]
Epoch: 150, Loss: 1.5248, Train: 30.81%, Valid: 30.92%, Test: 30.39% [α=0.19,β=1.81,α=0.39,β=2.18]
Epoch: 200, Loss: 1.5126, Train: 28.78%, Valid: 29.03%, Test: 27.89% [α=0.20,β=1.91,α=0.45,β=2.18]
Epoch: 250, Loss: 1.5094, Train: 30.87%, Valid: 30.30%, Test: 28.49% [α=0.20,β=2.02,α=0.49,β=2.21]
Epoch: 300, Loss: 1.5100, Train: 31.77%, Valid: 30.35%, Test: 30.00% [α=0.20,β=2.08,α=0.50,β=2.21]
Epoch: 350, Loss: 1.4985, Train: 32.76%, Valid: 31.83%, Test: 30.26% [α=0.20,β=2.08,α=0.52,β=2.15]
Epoch: 400, Loss: 1.5128, Train: 30.10%, Valid: 30.18%, Test: 29.54% [α=0.19,β=2.09,α=0.52,β=2.16]
Epoch: 450, Loss: 1.5000, Train: 31.20%, Valid: 30.02%, Test: 29.47% [α=0.19,β=2.10,α=0.50,β=2.20]
Run 01:Highest Train: 35.28 Highest Valid: 33.02 Highest Test: 32.63 Chosen epoch: 255
Final Train: 34.84 Final Test: 31.25
Epoch: 00, Loss: 1.6236, Train: 25.99%, Valid: 26.32%, Test: 24.80% [α=0.50,β=1.00,α=0.50,β=1.00]
Epoch: 50, Loss: 1.5762, Train: 23.27%, Valid: 24.67%, Test: 24.08% [α=0.90,β=-1.42,α=0.53,β=-2.34]
Epoch: 100, Loss: 1.5743, Train: 25.99%, Valid: 26.32%, Test: 24.80% [α=0.69,β=-1.18,α=0.56,β=-2.08]
Epoch: 150, Loss: 1.5735, Train: 25.99%, Valid: 26.32%, Test: 24.80% [α=0.62,β=-0.77,α=0.66,β=-1.79]
Run 02:Highest Train: 26.07 Highest Valid: 26.32 Highest Test: 25.33 Chosen epoch: 1
Final Train: 25.99 Final Test: 24.80
Epoch: 00, Loss: 1.6206, Train: 18.06%, Valid: 17.60%, Test: 16.58% [α=0.50,β=1.01,α=0.50,β=1.00]
Epoch: 50, Loss: 1.5236, Train: 34.18%, Valid: 31.29%, Test: 31.78% [α=0.47,β=1.72,α=0.60,β=1.65]
Epoch: 100, Loss: 1.5142, Train: 35.12%, Valid: 32.85%, Test: 33.82% [α=0.19,β=2.44,α=0.62,β=2.11]
Epoch: 150, Loss: 1.4972, Train: 34.07%, Valid: 31.91%, Test: 31.12% [α=0.19,β=2.61,α=0.64,β=2.03]
Epoch: 200, Loss: 1.4921, Train: 35.28%, Valid: 33.43%, Test: 34.14% [α=0.18,β=2.69,α=0.69,β=1.84]
Epoch: 250, Loss: 1.4953, Train: 35.28%, Valid: 33.18%, Test: 34.01% [α=0.19,β=2.74,α=0.74,β=1.77]
Epoch: 300, Loss: 1.4852, Train: 34.76%, Valid: 32.11%, Test: 33.42% [α=0.19,β=2.68,α=0.74,β=1.72]
Epoch: 350, Loss: 1.4918, Train: 34.65%, Valid: 31.99%, Test: 33.16% [α=0.19,β=2.87,α=0.75,β=1.56]
Run 03:Highest Train: 36.43 Highest Valid: 34.54 Highest Test: 35.39 Chosen epoch: 170
Final Train: 34.62 Final Test: 33.62
Epoch: 00, Loss: 1.6010, Train: 25.55%, Valid: 27.71%, Test: 26.12% [α=0.50,β=1.00,α=0.50,β=1.00]
Epoch: 50, Loss: 1.5236, Train: 32.10%, Valid: 30.76%, Test: 30.33% [α=0.47,β=1.65,α=0.60,β=1.59]
Epoch: 100, Loss: 1.5087, Train: 32.29%, Valid: 32.03%, Test: 30.72% [α=0.17,β=2.41,α=0.37,β=2.44]
Epoch: 150, Loss: 1.4890, Train: 32.95%, Valid: 32.03%, Test: 30.39% [α=0.19,β=2.30,α=0.44,β=2.33]
Epoch: 200, Loss: 1.4974, Train: 32.54%, Valid: 31.29%, Test: 29.28% [α=0.20,β=2.46,α=0.54,β=2.29]
Epoch: 250, Loss: 1.5068, Train: 32.46%, Valid: 30.39%, Test: 28.68% [α=0.21,β=2.24,α=0.43,β=2.29]
Epoch: 300, Loss: 1.5044, Train: 31.61%, Valid: 30.47%, Test: 30.66% [α=0.18,β=2.29,α=0.45,β=2.17]
Epoch: 350, Loss: 1.5085, Train: 32.46%, Valid: 30.76%, Test: 30.39% [α=0.19,β=2.29,α=0.38,β=2.17]
Epoch: 400, Loss: 1.5005, Train: 33.50%, Valid: 32.52%, Test: 29.93% [α=0.21,β=2.41,α=0.46,β=2.14]
Epoch: 450, Loss: 1.4921, Train: 33.17%, Valid: 31.33%, Test: 29.67% [α=0.20,β=2.26,α=0.38,β=2.19]
Run 04:Highest Train: 36.13 Highest Valid: 33.84 Highest Test: 33.36 Chosen epoch: 273
Final Train: 34.98 Final Test: 30.72
Epoch: 00, Loss: 1.6100, Train: 21.44%, Valid: 21.46%, Test: 21.64% [α=0.50,β=1.00,α=0.50,β=1.00]
Epoch: 50, Loss: 1.5296, Train: 33.36%, Valid: 29.40%, Test: 30.20% [α=0.44,β=1.83,α=0.58,β=1.82]
Epoch: 100, Loss: 1.5062, Train: 32.76%, Valid: 30.22%, Test: 29.34% [α=0.19,β=2.24,α=0.56,β=2.19]
Epoch: 150, Loss: 1.5109, Train: 30.70%, Valid: 29.69%, Test: 28.22% [α=0.18,β=2.07,α=0.41,β=2.02]
Epoch: 200, Loss: 1.5181, Train: 30.89%, Valid: 29.19%, Test: 27.57% [α=0.19,β=2.14,α=0.43,β=2.06]
Epoch: 250, Loss: 1.5131, Train: 32.18%, Valid: 29.85%, Test: 28.95% [α=0.21,β=2.12,α=0.47,β=2.02]
Epoch: 300, Loss: 1.5172, Train: 32.92%, Valid: 29.48%, Test: 30.53% [α=0.20,β=2.17,α=0.51,β=1.97]
Run 05:Highest Train: 35.33 Highest Valid: 31.74 Highest Test: 31.97 Chosen epoch: 102
Final Train: 34.76 Final Test: 30.72
5 runs: Highest Train: 33.85 ± 4.38 Highest val epoch:101
Highest Test: 31.74 ± 3.81 Final Test: 30.22 ± 3.26
