Namespace(data_dir='../data/', dataset='film', device=0, seed=42, cpu=False, epochs=500, runs=5, train_prop=0.5, valid_prop=0.25, protocol='semi', rand_split=False, rand_split_class=False, label_num_per_class=20, valid_num=500, test_num=500, directed=False, method='pcgt', hidden_channels=64, num_layers=8, num_heads=1, alpha=0.5, use_bn=False, use_residual=False, use_graph=True, use_weight=False, use_init=False, use_act=False, attention='gcn', lr=0.1, weight_decay=0.0005, dropout=0.6, display_step=50, no_feat_norm=False, patience=200, graph_weight=0.4, ours_weight_decay=0.0005, ours_use_weight=False, ours_use_residual=True, ours_use_act=True, backbone='gcn', ours_layers=2, ours_dropout=0.6, aggregate='add', hops=1, gat_heads=8, out_heads=1, lamda=0.1, num_elayers=2, encoder_emdim=768, num_partitions=10, num_reps=4, partition_method='metis', no_pse=False, local_only=False, global_only=False)
film
(7600, 932)
Num nodes: 7600
features shape=torch.Size([7600, 932])
num nodes 7600 | num classes 5 | num node feats 932
Computing 10 partitions using metis...
Partitions: 10, Boundary nodes: 4761/7600 (62.6%)
Intra-partition edges: 39894/60918 (65.5%)
Epoch: 00, Loss: 1.6248, Train: 26.04%, Valid: 25.82%, Test: 25.46% [α=0.52,β=0.90,α=0.52,β=0.90]
Epoch: 50, Loss: 1.5687, Train: 26.64%, Valid: 26.23%, Test: 25.66% [α=0.33,β=0.16,α=0.51,β=0.13]
Epoch: 100, Loss: 1.5486, Train: 27.36%, Valid: 27.67%, Test: 27.11% [α=0.28,β=0.61,α=0.55,β=0.60]
Epoch: 150, Loss: 1.5314, Train: 29.22%, Valid: 29.28%, Test: 28.49% [α=0.21,β=0.89,α=0.50,β=0.96]
Epoch: 200, Loss: 1.5300, Train: 28.21%, Valid: 28.50%, Test: 27.76% [α=0.23,β=1.06,α=0.48,β=1.18]
Epoch: 250, Loss: 1.5239, Train: 28.23%, Valid: 28.45%, Test: 27.37% [α=0.22,β=1.16,α=0.55,β=1.32]
Epoch: 300, Loss: 1.5170, Train: 29.63%, Valid: 29.56%, Test: 28.29% [α=0.23,β=1.22,α=0.51,β=1.39]
Epoch: 350, Loss: 1.5220, Train: 30.26%, Valid: 29.48%, Test: 27.96% [α=0.22,β=1.25,α=0.50,β=1.39]
Epoch: 400, Loss: 1.5353, Train: 29.91%, Valid: 29.48%, Test: 28.62% [α=0.22,β=1.23,α=0.54,β=1.41]
Epoch: 450, Loss: 1.5267, Train: 28.78%, Valid: 29.03%, Test: 28.29% [α=0.20,β=1.22,α=0.56,β=1.42]
Run 01:Highest Train: 31.63 Highest Valid: 30.67 Highest Test: 29.87 Chosen epoch: 367
Final Train: 31.30 Final Test: 29.67
Epoch: 00, Loss: 1.6113, Train: 25.99%, Valid: 26.32%, Test: 24.80% [α=0.50,β=1.00,α=0.50,β=1.00]
Epoch: 50, Loss: 1.5137, Train: 31.22%, Valid: 31.33%, Test: 30.20% [α=0.20,β=1.15,α=0.49,β=1.11]
Epoch: 100, Loss: 1.5144, Train: 29.39%, Valid: 30.55%, Test: 28.42% [α=0.20,β=1.16,α=0.49,β=1.19]
Epoch: 150, Loss: 1.5104, Train: 31.96%, Valid: 31.91%, Test: 30.79% [α=0.19,β=1.25,α=0.51,β=1.30]
Epoch: 200, Loss: 1.5217, Train: 29.71%, Valid: 30.55%, Test: 29.08% [α=0.20,β=1.25,α=0.50,β=1.30]
Epoch: 250, Loss: 1.5133, Train: 31.99%, Valid: 32.85%, Test: 30.46% [α=0.19,β=1.28,α=0.51,β=1.38]
Epoch: 300, Loss: 1.5221, Train: 29.41%, Valid: 30.51%, Test: 29.41% [α=0.18,β=1.27,α=0.49,β=1.36]
Epoch: 350, Loss: 1.5155, Train: 31.77%, Valid: 33.55%, Test: 30.86% [α=0.20,β=1.29,α=0.48,β=1.35]
Run 02:Highest Train: 35.77 Highest Valid: 34.17 Highest Test: 32.70 Chosen epoch: 188
Final Train: 33.11 Final Test: 30.79
Epoch: 00, Loss: 1.6188, Train: 25.82%, Valid: 25.53%, Test: 26.45% [α=0.50,β=1.00,α=0.50,β=1.00]
Epoch: 50, Loss: 3.4309, Train: 25.82%, Valid: 25.53%, Test: 26.45% [α=0.82,β=-1.54,α=0.95,β=-6.16]
Epoch: 100, Loss: 2.1030, Train: 20.81%, Valid: 22.45%, Test: 21.38% [α=0.58,β=-1.66,α=0.95,β=-7.75]
Epoch: 150, Loss: 1.6605, Train: 25.82%, Valid: 25.53%, Test: 26.45% [α=0.54,β=-1.85,α=0.90,β=-7.36]
Epoch: 200, Loss: 1.6414, Train: 17.87%, Valid: 17.39%, Test: 16.38% [α=0.46,β=-1.96,α=0.80,β=-7.00]
Run 03:Highest Train: 25.90 Highest Valid: 25.90 Highest Test: 26.51 Chosen epoch: 12
Final Train: 24.56 Final Test: 24.80
Epoch: 00, Loss: 1.6098, Train: 25.08%, Valid: 27.22%, Test: 25.46% [α=0.50,β=1.02,α=0.50,β=1.01]
Epoch: 50, Loss: 1.5509, Train: 31.96%, Valid: 30.55%, Test: 31.84% [α=0.53,β=1.25,α=0.46,β=1.21]
Epoch: 100, Loss: 1.5344, Train: 34.65%, Valid: 32.57%, Test: 33.42% [α=0.53,β=1.29,α=0.46,β=1.89]
Epoch: 150, Loss: 1.5120, Train: 34.76%, Valid: 32.77%, Test: 33.03% [α=0.53,β=1.33,α=0.46,β=2.56]
Epoch: 200, Loss: 1.5109, Train: 34.68%, Valid: 33.39%, Test: 34.08% [α=0.53,β=1.38,α=0.47,β=3.00]
Epoch: 250, Loss: 1.5049, Train: 36.38%, Valid: 34.79%, Test: 34.61% [α=0.53,β=1.42,α=0.47,β=3.31]
Epoch: 300, Loss: 1.5025, Train: 36.71%, Valid: 35.73%, Test: 35.20% [α=0.53,β=1.45,α=0.48,β=3.52]
Epoch: 350, Loss: 1.5099, Train: 34.76%, Valid: 33.10%, Test: 34.01% [α=0.53,β=1.48,α=0.48,β=3.63]
Epoch: 400, Loss: 1.5036, Train: 36.13%, Valid: 35.07%, Test: 35.33% [α=0.53,β=1.51,α=0.48,β=3.67]
Epoch: 450, Loss: 1.5057, Train: 34.90%, Valid: 34.62%, Test: 33.68% [α=0.53,β=1.53,α=0.48,β=3.71]
Run 04:Highest Train: 37.36 Highest Valid: 35.94 Highest Test: 36.05 Chosen epoch: 403
Final Train: 36.81 Final Test: 35.79
Epoch: 00, Loss: 1.6152, Train: 26.40%, Valid: 26.36%, Test: 23.75% [α=0.50,β=1.00,α=0.50,β=1.00]
Epoch: 50, Loss: 1.5441, Train: 31.30%, Valid: 29.48%, Test: 27.70% [α=0.50,β=1.03,α=0.50,β=1.48]
Epoch: 100, Loss: 1.5114, Train: 35.22%, Valid: 32.73%, Test: 29.93% [α=0.50,β=1.10,α=0.51,β=2.49]
Epoch: 150, Loss: 1.5097, Train: 36.40%, Valid: 33.06%, Test: 31.51% [α=0.50,β=1.18,α=0.51,β=3.20]
Epoch: 200, Loss: 1.5046, Train: 36.21%, Valid: 33.43%, Test: 31.51% [α=0.50,β=1.24,α=0.51,β=3.51]
Epoch: 250, Loss: 1.4862, Train: 36.54%, Valid: 35.03%, Test: 31.91% [α=0.50,β=1.28,α=0.52,β=3.62]
Epoch: 300, Loss: 1.4905, Train: 36.54%, Valid: 33.72%, Test: 31.58% [α=0.50,β=1.32,α=0.52,β=3.72]
Epoch: 350, Loss: 1.4912, Train: 35.61%, Valid: 32.57%, Test: 31.51% [α=0.50,β=1.36,α=0.52,β=3.71]
Epoch: 400, Loss: 1.4908, Train: 35.42%, Valid: 32.24%, Test: 31.71% [α=0.49,β=1.39,α=0.52,β=3.69]
Run 05:Highest Train: 38.05 Highest Valid: 35.73 Highest Test: 33.62 Chosen epoch: 231
Final Train: 37.72 Final Test: 33.49
5 runs: Highest Train: 33.74 ± 5.04 Highest val epoch:230
Highest Test: 31.75 ± 3.67 Final Test: 30.91 ± 4.16
