Namespace(data_dir='../data/', dataset='film', device=0, seed=42, cpu=False, epochs=500, runs=5, train_prop=0.5, valid_prop=0.25, protocol='semi', rand_split=False, rand_split_class=False, label_num_per_class=20, valid_num=500, test_num=500, directed=False, method='pcgt', hidden_channels=64, num_layers=8, num_heads=1, alpha=0.5, use_bn=False, use_residual=False, use_graph=True, use_weight=False, use_init=False, use_act=False, attention='gcn', lr=0.1, weight_decay=0.0005, dropout=0.6, display_step=50, no_feat_norm=False, patience=200, graph_weight=0.7, ours_weight_decay=0.0005, ours_use_weight=False, ours_use_residual=True, ours_use_act=True, backbone='gcn', ours_layers=2, ours_dropout=0.6, aggregate='add', hops=1, gat_heads=8, out_heads=1, lamda=0.1, num_elayers=2, encoder_emdim=768, num_partitions=5, num_reps=4, partition_method='metis', no_pse=False, local_only=False, global_only=False)
film
(7600, 932)
Num nodes: 7600
features shape=torch.Size([7600, 932])
num nodes 7600 | num classes 5 | num node feats 932
Computing 5 partitions using metis...
Partitions: 5, Boundary nodes: 4321/7600 (56.9%)
Intra-partition edges: 45286/60918 (74.3%)
Epoch: 00, Loss: 1.6245, Train: 26.04%, Valid: 25.82%, Test: 25.46% [α=0.52,β=0.90,α=0.52,β=0.90]
Epoch: 50, Loss: 1.5428, Train: 28.02%, Valid: 28.70%, Test: 27.50% [α=0.39,β=0.92,α=0.53,β=0.88]
Epoch: 100, Loss: 1.5141, Train: 28.48%, Valid: 28.54%, Test: 27.70% [α=0.26,β=1.60,α=0.35,β=1.88]
Epoch: 150, Loss: 1.5166, Train: 30.95%, Valid: 29.11%, Test: 28.62% [α=0.28,β=2.03,α=0.35,β=2.17]
Epoch: 200, Loss: 1.5100, Train: 29.00%, Valid: 28.95%, Test: 28.29% [α=0.28,β=2.22,α=0.36,β=2.15]
Epoch: 250, Loss: 1.5127, Train: 27.60%, Valid: 27.30%, Test: 26.51% [α=0.29,β=2.25,α=0.32,β=2.11]
Run 01:Highest Train: 35.99 Highest Valid: 35.12 Highest Test: 32.17 Chosen epoch: 74
Final Train: 35.99 Final Test: 32.17
Epoch: 00, Loss: 1.5990, Train: 23.27%, Valid: 24.67%, Test: 24.01% [α=0.50,β=1.01,α=0.50,β=1.00]
Epoch: 50, Loss: 1.5783, Train: 25.99%, Valid: 26.32%, Test: 24.80% [α=0.37,β=-0.67,α=0.52,β=-1.23]
Epoch: 100, Loss: 1.5747, Train: 25.99%, Valid: 26.32%, Test: 24.80% [α=0.51,β=-0.57,α=0.52,β=-0.95]
Epoch: 150, Loss: 1.5745, Train: 25.99%, Valid: 26.32%, Test: 24.80% [α=0.53,β=-0.41,α=0.53,β=-0.62]
Epoch: 200, Loss: 1.5745, Train: 25.99%, Valid: 26.32%, Test: 24.80% [α=0.53,β=-0.24,α=0.54,β=-0.34]
Run 02:Highest Train: 26.10 Highest Valid: 26.36 Highest Test: 25.79 Chosen epoch: 3
Final Train: 25.96 Final Test: 24.87
Epoch: 00, Loss: 1.5980, Train: 23.85%, Valid: 23.48%, Test: 24.61% [α=0.50,β=1.00,α=0.50,β=1.00]
Epoch: 50, Loss: 1.5158, Train: 36.21%, Valid: 33.96%, Test: 33.82% [α=0.40,β=1.99,α=0.52,β=2.20]
Epoch: 100, Loss: 1.5158, Train: 31.30%, Valid: 30.10%, Test: 30.33% [α=0.26,β=2.09,α=0.52,β=2.17]
Epoch: 150, Loss: 1.5089, Train: 31.22%, Valid: 29.89%, Test: 31.18% [α=0.27,β=2.23,α=0.51,β=2.25]
Epoch: 200, Loss: 1.4919, Train: 32.54%, Valid: 31.29%, Test: 32.37% [α=0.28,β=2.37,α=0.51,β=2.36]
Epoch: 250, Loss: 1.5001, Train: 34.79%, Valid: 32.07%, Test: 33.36% [α=0.29,β=2.41,α=0.51,β=2.36]
Epoch: 300, Loss: 1.5003, Train: 31.99%, Valid: 30.35%, Test: 30.59% [α=0.29,β=2.36,α=0.51,β=2.29]
Epoch: 350, Loss: 1.4961, Train: 35.09%, Valid: 32.65%, Test: 32.76% [α=0.26,β=2.35,α=0.51,β=2.25]
Run 03:Highest Train: 36.43 Highest Valid: 34.70 Highest Test: 36.32 Chosen epoch: 155
Final Train: 35.91 Final Test: 34.34
Epoch: 00, Loss: 1.6056, Train: 25.11%, Valid: 27.22%, Test: 25.53% [α=0.50,β=0.99,α=0.50,β=0.99]
Epoch: 50, Loss: 1.5233, Train: 33.99%, Valid: 28.95%, Test: 31.51% [α=0.39,β=1.84,α=0.51,β=2.03]
Epoch: 100, Loss: 1.5142, Train: 35.39%, Valid: 31.95%, Test: 33.22% [α=0.28,β=1.92,α=0.49,β=1.98]
Epoch: 150, Loss: 1.5074, Train: 33.88%, Valid: 31.29%, Test: 32.24% [α=0.31,β=2.13,α=0.49,β=2.14]
Epoch: 200, Loss: 1.5082, Train: 35.58%, Valid: 32.81%, Test: 33.29% [α=0.29,β=2.14,α=0.48,β=2.13]
Epoch: 250, Loss: 1.5031, Train: 33.39%, Valid: 31.78%, Test: 31.91% [α=0.30,β=2.20,α=0.48,β=2.21]
Epoch: 300, Loss: 1.4998, Train: 36.71%, Valid: 33.02%, Test: 34.54% [α=0.31,β=2.17,α=0.48,β=2.17]
Epoch: 350, Loss: 1.5169, Train: 35.33%, Valid: 29.85%, Test: 30.20% [α=0.30,β=2.21,α=0.48,β=2.21]
Epoch: 400, Loss: 1.5123, Train: 34.38%, Valid: 32.03%, Test: 33.68% [α=0.31,β=2.17,α=0.48,β=2.13]
Epoch: 450, Loss: 1.5142, Train: 33.03%, Valid: 33.26%, Test: 34.01% [α=0.29,β=2.26,α=0.48,β=2.26]
Run 04:Highest Train: 36.98 Highest Valid: 35.53 Highest Test: 35.20 Chosen epoch: 285
Final Train: 35.50 Final Test: 35.20
Epoch: 00, Loss: 1.6048, Train: 22.12%, Valid: 21.05%, Test: 22.63% [α=0.50,β=1.01,α=0.50,β=1.01]
Epoch: 50, Loss: 3.4893, Train: 16.89%, Valid: 17.72%, Test: 19.08% [α=0.09,β=-0.24,α=1.00,β=-5.81]
Epoch: 100, Loss: 1.6918, Train: 26.40%, Valid: 26.36%, Test: 23.75% [α=0.06,β=-0.54,α=1.00,β=-7.10]
Epoch: 150, Loss: 1.5776, Train: 26.40%, Valid: 26.36%, Test: 23.75% [α=0.07,β=-0.78,α=0.99,β=-6.75]
Epoch: 200, Loss: 1.5750, Train: 26.40%, Valid: 26.36%, Test: 23.75% [α=0.07,β=-0.93,α=0.99,β=-6.24]
Epoch: 250, Loss: 1.5748, Train: 26.40%, Valid: 26.36%, Test: 23.75% [α=0.07,β=-0.96,α=0.99,β=-5.74]
Run 05:Highest Train: 26.45 Highest Valid: 26.44 Highest Test: 24.34 Chosen epoch: 73
Final Train: 26.43 Final Test: 23.75
5 runs: Highest Train: 32.39 ± 5.60 Highest val epoch:72
Highest Test: 30.76 ± 5.44 Final Test: 30.07 ± 5.38
