Namespace(data_dir='../data/', dataset='film', device=0, seed=42, cpu=False, epochs=500, runs=5, train_prop=0.5, valid_prop=0.25, protocol='semi', rand_split=False, rand_split_class=False, label_num_per_class=20, valid_num=500, test_num=500, directed=False, method='pcgt', hidden_channels=64, num_layers=8, num_heads=1, alpha=0.5, use_bn=False, use_residual=False, use_graph=True, use_weight=False, use_init=False, use_act=False, attention='gcn', lr=0.1, weight_decay=0.0005, dropout=0.6, display_step=50, no_feat_norm=False, patience=200, graph_weight=0.6, ours_weight_decay=0.0005, ours_use_weight=False, ours_use_residual=True, ours_use_act=True, backbone='gcn', ours_layers=2, ours_dropout=0.6, aggregate='add', hops=1, gat_heads=8, out_heads=1, lamda=0.1, num_elayers=2, encoder_emdim=768, num_partitions=10, num_reps=4, partition_method='metis', no_pse=False, local_only=False, global_only=False)
film
(7600, 932)
Num nodes: 7600
features shape=torch.Size([7600, 932])
num nodes 7600 | num classes 5 | num node feats 932
Computing 10 partitions using metis...
Partitions: 10, Boundary nodes: 4761/7600 (62.6%)
Intra-partition edges: 39894/60918 (65.5%)
Epoch: 00, Loss: 1.6248, Train: 26.04%, Valid: 25.82%, Test: 25.46% [α=0.52,β=0.90,α=0.52,β=0.90]
Epoch: 50, Loss: 1.5565, Train: 27.69%, Valid: 27.67%, Test: 27.04% [α=0.35,β=0.47,α=0.49,β=0.41]
Epoch: 100, Loss: 1.5277, Train: 28.92%, Valid: 28.25%, Test: 28.09% [α=0.23,β=1.38,α=0.50,β=1.41]
Epoch: 150, Loss: 1.5205, Train: 28.78%, Valid: 29.07%, Test: 28.55% [α=0.21,β=1.52,α=0.51,β=1.60]
Epoch: 200, Loss: 1.5173, Train: 30.07%, Valid: 28.99%, Test: 28.49% [α=0.21,β=1.68,α=0.51,β=1.77]
Epoch: 250, Loss: 1.5028, Train: 28.54%, Valid: 28.37%, Test: 28.16% [α=0.23,β=1.81,α=0.51,β=1.94]
Epoch: 300, Loss: 1.5047, Train: 29.30%, Valid: 29.19%, Test: 27.89% [α=0.20,β=1.77,α=0.51,β=1.91]
Epoch: 350, Loss: 1.5131, Train: 30.95%, Valid: 30.10%, Test: 29.54% [α=0.20,β=1.86,α=0.50,β=1.98]
Epoch: 400, Loss: 1.5068, Train: 29.28%, Valid: 28.87%, Test: 28.36% [α=0.22,β=1.84,α=0.56,β=1.97]
Epoch: 450, Loss: 1.5496, Train: 28.21%, Valid: 28.45%, Test: 27.76% [α=0.36,β=0.32,α=0.30,β=2.26]
Run 01:Highest Train: 33.80 Highest Valid: 33.35 Highest Test: 31.84 Chosen epoch: 291
Final Train: 33.80 Final Test: 31.84
Epoch: 00, Loss: 1.6166, Train: 21.98%, Valid: 20.64%, Test: 22.57% [α=0.50,β=1.01,α=0.50,β=1.00]
Epoch: 50, Loss: 1.5336, Train: 28.10%, Valid: 29.85%, Test: 27.11% [α=0.22,β=1.37,α=0.53,β=1.58]
Epoch: 100, Loss: 1.5054, Train: 31.85%, Valid: 31.99%, Test: 29.74% [α=0.20,β=1.54,α=0.52,β=1.85]
Epoch: 150, Loss: 1.5423, Train: 29.06%, Valid: 29.98%, Test: 28.75% [α=0.25,β=1.59,α=0.51,β=1.87]
Epoch: 200, Loss: 2.0153, Train: 23.27%, Valid: 24.67%, Test: 24.08% [α=0.29,β=-0.24,α=0.49,β=-1.49]
Run 02:Highest Train: 35.44 Highest Valid: 34.75 Highest Test: 33.68 Chosen epoch: 49
Final Train: 35.44 Final Test: 32.83
Epoch: 00, Loss: 1.6159, Train: 19.41%, Valid: 17.80%, Test: 17.76% [α=0.49,β=1.00,α=0.50,β=1.01]
Epoch: 50, Loss: 1.5708, Train: 28.12%, Valid: 26.89%, Test: 27.11% [α=0.32,β=0.12,α=0.51,β=0.01]
Epoch: 100, Loss: 1.5492, Train: 30.24%, Valid: 29.15%, Test: 29.80% [α=0.36,β=0.92,α=0.53,β=0.95]
Epoch: 150, Loss: 1.5515, Train: 29.44%, Valid: 28.04%, Test: 27.63% [α=0.28,β=1.42,α=0.52,β=1.50]
Epoch: 200, Loss: 1.5468, Train: 32.04%, Valid: 29.07%, Test: 29.67% [α=0.27,β=1.33,α=0.52,β=1.39]
Epoch: 250, Loss: 1.5409, Train: 31.55%, Valid: 29.24%, Test: 30.99% [α=0.25,β=1.48,α=0.52,β=1.54]
Epoch: 300, Loss: 1.5418, Train: 32.10%, Valid: 29.81%, Test: 29.61% [α=0.27,β=1.52,α=0.51,β=1.56]
Epoch: 350, Loss: 1.5420, Train: 30.62%, Valid: 27.92%, Test: 27.43% [α=0.27,β=1.56,α=0.51,β=1.61]
Epoch: 400, Loss: 1.5384, Train: 32.37%, Valid: 29.69%, Test: 30.86% [α=0.29,β=1.62,α=0.52,β=1.64]
Epoch: 450, Loss: 1.5387, Train: 29.47%, Valid: 28.50%, Test: 28.68% [α=0.29,β=1.67,α=0.53,β=1.68]
Run 03:Highest Train: 34.21 Highest Valid: 32.36 Highest Test: 32.17 Chosen epoch: 366
Final Train: 33.53 Final Test: 31.51
Epoch: 00, Loss: 1.6203, Train: 24.89%, Valid: 25.12%, Test: 24.14% [α=0.50,β=1.00,α=0.50,β=1.00]
Epoch: 50, Loss: 1.5063, Train: 36.07%, Valid: 33.02%, Test: 33.82% [α=0.36,β=1.79,α=0.52,β=1.80]
Epoch: 100, Loss: 1.5142, Train: 34.68%, Valid: 33.10%, Test: 33.88% [α=0.24,β=1.89,α=0.50,β=1.88]
Epoch: 150, Loss: 1.5218, Train: 35.06%, Valid: 32.24%, Test: 33.22% [α=0.24,β=1.90,α=0.50,β=1.92]
Epoch: 200, Loss: 1.5099, Train: 33.88%, Valid: 32.11%, Test: 32.57% [α=0.24,β=1.87,α=0.49,β=1.90]
Epoch: 250, Loss: 1.5267, Train: 33.42%, Valid: 31.54%, Test: 33.09% [α=0.22,β=1.84,α=0.49,β=1.86]
Run 04:Highest Train: 37.03 Highest Valid: 33.92 Highest Test: 35.86 Chosen epoch: 77
Final Train: 34.95 Final Test: 33.88
Epoch: 00, Loss: 1.6172, Train: 26.40%, Valid: 26.36%, Test: 23.75% [α=0.50,β=1.00,α=0.50,β=1.00]
Epoch: 50, Loss: 1.5221, Train: 33.31%, Valid: 30.92%, Test: 29.93% [α=0.33,β=1.85,α=0.55,β=1.82]
Epoch: 100, Loss: 1.5097, Train: 33.00%, Valid: 30.72%, Test: 28.82% [α=0.21,β=1.81,α=0.51,β=1.81]
Epoch: 150, Loss: 1.5128, Train: 35.06%, Valid: 31.41%, Test: 31.05% [α=0.23,β=1.85,α=0.52,β=1.89]
Epoch: 200, Loss: 1.5052, Train: 32.51%, Valid: 30.96%, Test: 28.88% [α=0.22,β=1.85,α=0.51,β=1.88]
Epoch: 250, Loss: 1.5089, Train: 35.86%, Valid: 33.43%, Test: 32.04% [α=0.23,β=1.85,α=0.50,β=1.87]
Run 05:Highest Train: 36.13 Highest Valid: 33.43 Highest Test: 33.03 Chosen epoch: 61
Final Train: 35.88 Final Test: 31.97
5 runs: Highest Train: 35.32 ± 1.34 Highest val epoch:60
Highest Test: 33.32 ± 1.59 Final Test: 32.41 ± 0.96
