Namespace(data_dir='../data/', dataset='film', device=0, seed=42, cpu=False, epochs=500, runs=5, train_prop=0.5, valid_prop=0.25, protocol='semi', rand_split=False, rand_split_class=False, label_num_per_class=20, valid_num=500, test_num=500, directed=False, method='pcgt', hidden_channels=64, num_layers=8, num_heads=1, alpha=0.5, use_bn=False, use_residual=False, use_graph=True, use_weight=False, use_init=False, use_act=False, attention='gcn', lr=0.1, weight_decay=0.0005, dropout=0.6, display_step=50, no_feat_norm=False, patience=200, graph_weight=0.6, ours_weight_decay=0.0005, ours_use_weight=False, ours_use_residual=True, ours_use_act=True, backbone='gcn', ours_layers=2, ours_dropout=0.6, aggregate='add', hops=1, gat_heads=8, out_heads=1, lamda=0.1, num_elayers=2, encoder_emdim=768, num_partitions=20, num_reps=4, partition_method='metis', no_pse=False, local_only=False, global_only=False)
film
(7600, 932)
Num nodes: 7600
features shape=torch.Size([7600, 932])
num nodes 7600 | num classes 5 | num node feats 932
Computing 20 partitions using metis...
Partitions: 20, Boundary nodes: 5037/7600 (66.3%)
Intra-partition edges: 35342/60918 (58.0%)
Epoch: 00, Loss: 1.6245, Train: 26.04%, Valid: 25.82%, Test: 25.46% [α=0.48,β=0.90,α=0.48,β=0.90]
Epoch: 50, Loss: 1.5755, Train: 26.32%, Valid: 25.82%, Test: 25.53% [α=0.32,β=0.08,α=0.63,β=-0.01]
Epoch: 100, Loss: 1.5553, Train: 28.02%, Valid: 27.14%, Test: 26.51% [α=0.26,β=0.52,α=0.43,β=0.47]
Epoch: 150, Loss: 1.5453, Train: 27.52%, Valid: 27.30%, Test: 26.91% [α=0.18,β=0.78,α=0.46,β=0.83]
Epoch: 200, Loss: 1.5367, Train: 29.39%, Valid: 28.45%, Test: 27.63% [α=0.17,β=0.85,α=0.46,β=0.99]
Epoch: 250, Loss: 1.5246, Train: 30.32%, Valid: 29.28%, Test: 28.55% [α=0.16,β=1.06,α=0.45,β=1.25]
Epoch: 300, Loss: 1.5261, Train: 30.18%, Valid: 29.11%, Test: 27.96% [α=0.16,β=1.28,α=0.51,β=1.51]
Epoch: 350, Loss: 1.5252, Train: 29.80%, Valid: 28.74%, Test: 28.36% [α=0.17,β=1.42,α=0.51,β=1.67]
Epoch: 400, Loss: 1.5127, Train: 30.29%, Valid: 29.56%, Test: 29.01% [α=0.17,β=1.48,α=0.48,β=1.71]
Epoch: 450, Loss: 1.5140, Train: 31.22%, Valid: 29.61%, Test: 29.93% [α=0.17,β=1.53,α=0.51,β=1.78]
Run 01:Highest Train: 32.81 Highest Valid: 31.70 Highest Test: 30.99 Chosen epoch: 433
Final Train: 32.76 Final Test: 30.00
Epoch: 00, Loss: 1.6210, Train: 25.99%, Valid: 26.32%, Test: 24.87% [α=0.50,β=1.00,α=0.50,β=1.00]
Epoch: 50, Loss: 1.8609, Train: 25.96%, Valid: 25.29%, Test: 24.41% [α=0.33,β=-1.88,α=0.32,β=-4.88]
Epoch: 100, Loss: 2.0349, Train: 25.99%, Valid: 26.32%, Test: 24.80% [α=0.07,β=-1.99,α=0.05,β=-4.75]
Epoch: 150, Loss: 1.9021, Train: 21.68%, Valid: 20.48%, Test: 22.43% [α=0.04,β=-0.47,α=0.87,β=-6.69]
Epoch: 200, Loss: 1.5878, Train: 23.44%, Valid: 25.45%, Test: 23.42% [α=0.04,β=-0.98,α=0.91,β=-5.97]
Epoch: 250, Loss: 1.5745, Train: 25.85%, Valid: 26.64%, Test: 24.80% [α=0.04,β=-1.01,α=0.92,β=-4.95]
Epoch: 300, Loss: 1.5746, Train: 26.56%, Valid: 26.48%, Test: 24.87% [α=0.04,β=-1.02,α=0.92,β=-4.02]
Epoch: 350, Loss: 1.5755, Train: 25.93%, Valid: 26.32%, Test: 24.80% [α=0.04,β=-1.02,α=0.91,β=-3.24]
Epoch: 400, Loss: 1.5767, Train: 24.51%, Valid: 23.89%, Test: 24.93% [α=0.04,β=-1.00,α=0.93,β=-3.08]
Epoch: 450, Loss: 1.5752, Train: 25.99%, Valid: 26.32%, Test: 24.80% [α=0.04,β=-1.01,α=0.95,β=-2.89]
Run 02:Highest Train: 26.56 Highest Valid: 26.81 Highest Test: 26.12 Chosen epoch: 285
Final Train: 25.74 Final Test: 24.80
Epoch: 00, Loss: 1.6195, Train: 20.37%, Valid: 21.42%, Test: 20.59% [α=0.50,β=1.00,α=0.50,β=1.00]
Epoch: 50, Loss: 1.5390, Train: 31.77%, Valid: 30.22%, Test: 30.59% [α=0.50,β=1.01,α=0.50,β=1.70]
Epoch: 100, Loss: 1.5075, Train: 35.22%, Valid: 33.51%, Test: 34.47% [α=0.50,β=1.02,α=0.50,β=3.46]
Epoch: 150, Loss: 1.5024, Train: 35.99%, Valid: 33.55%, Test: 35.39% [α=0.50,β=1.02,α=0.50,β=4.01]
Epoch: 200, Loss: 1.4941, Train: 36.79%, Valid: 33.43%, Test: 34.34% [α=0.50,β=1.03,α=0.50,β=4.02]
Epoch: 250, Loss: 1.4930, Train: 35.42%, Valid: 32.98%, Test: 33.49% [α=0.50,β=1.04,α=0.50,β=3.96]
Epoch: 300, Loss: 1.4889, Train: 35.44%, Valid: 33.63%, Test: 33.55% [α=0.50,β=1.04,α=0.51,β=3.94]
Epoch: 350, Loss: 1.4972, Train: 35.44%, Valid: 33.02%, Test: 32.76% [α=0.50,β=1.05,α=0.51,β=3.84]
Epoch: 400, Loss: 1.4977, Train: 36.73%, Valid: 33.92%, Test: 34.93% [α=0.50,β=1.05,α=0.51,β=3.83]
Run 03:Highest Train: 37.53 Highest Valid: 35.61 Highest Test: 36.38 Chosen epoch: 208
Final Train: 37.50 Final Test: 35.79
Epoch: 00, Loss: 1.6038, Train: 24.40%, Valid: 22.86%, Test: 24.28% [α=0.50,β=1.00,α=0.50,β=1.00]
Epoch: 50, Loss: 1.5255, Train: 32.76%, Valid: 31.13%, Test: 31.64% [α=0.50,β=1.01,α=0.50,β=2.36]
Epoch: 100, Loss: 1.5105, Train: 35.72%, Valid: 32.89%, Test: 33.75% [α=0.50,β=1.02,α=0.51,β=3.68]
Epoch: 150, Loss: 1.4860, Train: 37.12%, Valid: 33.92%, Test: 34.08% [α=0.50,β=1.02,α=0.51,β=3.96]
Epoch: 200, Loss: 1.4934, Train: 35.25%, Valid: 33.31%, Test: 33.62% [α=0.50,β=1.03,α=0.51,β=3.79]
Epoch: 250, Loss: 1.4836, Train: 35.83%, Valid: 33.59%, Test: 32.83% [α=0.50,β=1.04,α=0.52,β=3.79]
Epoch: 300, Loss: 1.5008, Train: 35.58%, Valid: 32.48%, Test: 32.83% [α=0.50,β=1.05,α=0.52,β=3.71]
Run 04:Highest Train: 37.72 Highest Valid: 34.79 Highest Test: 34.87 Chosen epoch: 132
Final Train: 36.18 Final Test: 34.21
Epoch: 00, Loss: 1.6052, Train: 26.40%, Valid: 26.36%, Test: 23.75% [α=0.50,β=1.00,α=0.50,β=0.99]
Epoch: 50, Loss: 1.5238, Train: 33.96%, Valid: 30.30%, Test: 27.50% [α=0.50,β=1.01,α=0.51,β=2.61]
Epoch: 100, Loss: 1.5002, Train: 35.22%, Valid: 32.15%, Test: 29.87% [α=0.50,β=1.02,α=0.51,β=3.84]
Epoch: 150, Loss: 1.4963, Train: 35.09%, Valid: 31.46%, Test: 29.47% [α=0.50,β=1.03,α=0.51,β=3.69]
Epoch: 200, Loss: 1.5052, Train: 37.17%, Valid: 32.69%, Test: 30.92% [α=0.50,β=1.04,α=0.52,β=3.68]
Epoch: 250, Loss: 1.5018, Train: 36.05%, Valid: 32.48%, Test: 29.93% [α=0.50,β=1.04,α=0.52,β=3.59]
Run 05:Highest Train: 37.94 Highest Valid: 33.55 Highest Test: 31.71 Chosen epoch: 89
Final Train: 37.09 Final Test: 31.32
5 runs: Highest Train: 34.51 ± 4.93 Highest val epoch:88
Highest Test: 32.01 ± 3.97 Final Test: 31.22 ± 4.26
