Namespace(data_dir='../data/', dataset='film', device=0, seed=42, cpu=False, epochs=500, runs=5, train_prop=0.5, valid_prop=0.25, protocol='semi', rand_split=False, rand_split_class=False, label_num_per_class=20, valid_num=500, test_num=500, directed=False, method='pcgt', hidden_channels=64, num_layers=8, num_heads=1, alpha=0.5, use_bn=False, use_residual=False, use_graph=True, use_weight=False, use_init=False, use_act=False, attention='gcn', lr=0.1, weight_decay=0.0005, dropout=0.6, display_step=50, no_feat_norm=False, patience=200, graph_weight=0.5, ours_weight_decay=0.0005, ours_use_weight=False, ours_use_residual=True, ours_use_act=True, backbone='gcn', ours_layers=2, ours_dropout=0.6, aggregate='add', hops=1, gat_heads=8, out_heads=1, lamda=0.1, num_elayers=2, encoder_emdim=768, num_partitions=10, num_reps=4, partition_method='metis', no_pse=False, local_only=False, global_only=False)
film
(7600, 932)
Num nodes: 7600
features shape=torch.Size([7600, 932])
num nodes 7600 | num classes 5 | num node feats 932
Computing 10 partitions using metis...
Partitions: 10, Boundary nodes: 4761/7600 (62.6%)
Intra-partition edges: 39894/60918 (65.5%)
Epoch: 00, Loss: 1.6247, Train: 26.04%, Valid: 25.82%, Test: 25.46% [α=0.52,β=0.90,α=0.52,β=0.90]
Epoch: 50, Loss: 1.5536, Train: 27.03%, Valid: 27.22%, Test: 26.18% [α=0.29,β=0.37,α=0.49,β=0.33]
Epoch: 100, Loss: 1.5209, Train: 28.56%, Valid: 27.71%, Test: 27.30% [α=0.25,β=1.05,α=0.49,β=1.12]
Epoch: 150, Loss: 1.5217, Train: 28.78%, Valid: 28.00%, Test: 28.29% [α=0.20,β=1.20,α=0.50,β=1.35]
Epoch: 200, Loss: 1.5221, Train: 28.67%, Valid: 28.45%, Test: 28.16% [α=0.21,β=1.32,α=0.51,β=1.50]
Epoch: 250, Loss: 1.5067, Train: 29.52%, Valid: 29.52%, Test: 29.41% [α=0.22,β=1.41,α=0.54,β=1.61]
Epoch: 300, Loss: 1.5115, Train: 29.22%, Valid: 28.37%, Test: 27.89% [α=0.22,β=1.46,α=0.50,β=1.64]
Epoch: 350, Loss: 1.5095, Train: 29.69%, Valid: 28.95%, Test: 28.82% [α=0.20,β=1.42,α=0.51,β=1.59]
Epoch: 400, Loss: 1.5222, Train: 28.95%, Valid: 28.50%, Test: 28.03% [α=0.22,β=1.48,α=0.52,β=1.67]
Run 01:Highest Train: 33.03 Highest Valid: 32.11 Highest Test: 30.99 Chosen epoch: 225
Final Train: 33.03 Final Test: 30.99
Epoch: 00, Loss: 1.6033, Train: 23.90%, Valid: 20.76%, Test: 23.03% [α=0.50,β=1.00,α=0.50,β=1.00]
Epoch: 50, Loss: 1.6590, Train: 23.27%, Valid: 24.67%, Test: 24.08% [α=0.37,β=-0.83,α=0.88,β=-3.74]
Epoch: 100, Loss: 1.5884, Train: 25.99%, Valid: 26.32%, Test: 24.80% [α=0.32,β=-0.96,α=0.91,β=-3.66]
Epoch: 150, Loss: 1.5754, Train: 25.99%, Valid: 26.32%, Test: 24.80% [α=0.30,β=-1.10,α=0.90,β=-3.33]
Epoch: 200, Loss: 1.5775, Train: 25.99%, Valid: 26.32%, Test: 24.80% [α=0.30,β=-1.18,α=0.88,β=-3.02]
Epoch: 250, Loss: 1.5749, Train: 25.99%, Valid: 26.32%, Test: 24.80% [α=0.31,β=-1.19,α=0.87,β=-2.72]
Epoch: 300, Loss: 1.5746, Train: 25.99%, Valid: 26.32%, Test: 24.80% [α=0.32,β=-1.17,α=0.85,β=-2.43]
Run 02:Highest Train: 26.48 Highest Valid: 26.85 Highest Test: 25.33 Chosen epoch: 134
Final Train: 26.48 Final Test: 25.26
Epoch: 00, Loss: 1.6162, Train: 23.85%, Valid: 23.48%, Test: 24.61% [α=0.50,β=1.00,α=0.50,β=1.00]
Epoch: 50, Loss: 1.5107, Train: 35.94%, Valid: 35.03%, Test: 33.29% [α=0.50,β=1.15,α=0.50,β=1.74]
Epoch: 100, Loss: 1.5128, Train: 35.83%, Valid: 34.05%, Test: 34.21% [α=0.48,β=1.32,α=0.50,β=2.28]
Epoch: 150, Loss: 1.5002, Train: 33.42%, Valid: 31.58%, Test: 31.51% [α=0.47,β=1.38,α=0.50,β=2.31]
Epoch: 200, Loss: 1.5136, Train: 34.54%, Valid: 32.20%, Test: 31.71% [α=0.45,β=1.46,α=0.51,β=2.40]
Epoch: 250, Loss: 1.4982, Train: 35.44%, Valid: 33.72%, Test: 33.75% [α=0.43,β=1.52,α=0.51,β=2.41]
Run 03:Highest Train: 37.01 Highest Valid: 35.49 Highest Test: 35.59 Chosen epoch: 55
Final Train: 36.57 Final Test: 33.75
Epoch: 00, Loss: 1.6160, Train: 22.12%, Valid: 20.64%, Test: 20.99% [α=0.50,β=1.00,α=0.50,β=1.00]
Epoch: 50, Loss: 1.5102, Train: 34.73%, Valid: 32.73%, Test: 34.21% [α=0.49,β=1.15,α=0.50,β=1.71]
Epoch: 100, Loss: 1.5080, Train: 35.58%, Valid: 34.29%, Test: 33.49% [α=0.47,β=1.33,α=0.50,β=2.30]
Epoch: 150, Loss: 1.5030, Train: 34.48%, Valid: 33.80%, Test: 33.68% [α=0.45,β=1.40,α=0.51,β=2.29]
Epoch: 200, Loss: 1.5043, Train: 36.62%, Valid: 34.13%, Test: 33.88% [α=0.43,β=1.44,α=0.51,β=2.23]
Epoch: 250, Loss: 1.5001, Train: 34.54%, Valid: 32.32%, Test: 33.29% [α=0.41,β=1.51,α=0.51,β=2.30]
Epoch: 300, Loss: 1.4935, Train: 34.90%, Valid: 34.58%, Test: 34.61% [α=0.39,β=1.55,α=0.51,β=2.21]
Epoch: 350, Loss: 1.5018, Train: 35.64%, Valid: 33.18%, Test: 32.89% [α=0.37,β=1.59,α=0.51,β=2.16]
Epoch: 400, Loss: 1.4960, Train: 35.12%, Valid: 32.69%, Test: 33.95% [α=0.35,β=1.64,α=0.51,β=2.20]
Epoch: 450, Loss: 1.4919, Train: 34.92%, Valid: 33.59%, Test: 33.22% [α=0.34,β=1.66,α=0.51,β=2.12]
Run 04:Highest Train: 37.14 Highest Valid: 35.16 Highest Test: 35.86 Chosen epoch: 447
Final Train: 37.14 Final Test: 34.54
Epoch: 00, Loss: 1.5985, Train: 26.40%, Valid: 26.36%, Test: 23.75% [α=0.50,β=1.00,α=0.50,β=1.00]
Epoch: 50, Loss: 1.5040, Train: 33.28%, Valid: 31.95%, Test: 29.80% [α=0.49,β=1.23,α=0.50,β=2.02]
Epoch: 100, Loss: 1.5004, Train: 33.66%, Valid: 30.35%, Test: 29.74% [α=0.45,β=1.37,α=0.51,β=2.24]
Epoch: 150, Loss: 1.5105, Train: 31.20%, Valid: 30.18%, Test: 27.96% [α=0.42,β=1.45,α=0.51,β=2.25]
Epoch: 200, Loss: 1.4974, Train: 35.03%, Valid: 32.24%, Test: 30.46% [α=0.39,β=1.51,α=0.51,β=2.18]
Epoch: 250, Loss: 1.4994, Train: 34.92%, Valid: 31.83%, Test: 30.33% [α=0.36,β=1.55,α=0.51,β=2.07]
Run 05:Highest Train: 36.21 Highest Valid: 33.26 Highest Test: 32.24 Chosen epoch: 57
Final Train: 36.10 Final Test: 32.17
5 runs: Highest Train: 33.97 ± 4.51 Highest val epoch:56
Highest Test: 32.00 ± 4.28 Final Test: 31.34 ± 3.67
