Namespace(data_dir='../data/', dataset='film', device=0, seed=42, cpu=False, epochs=500, runs=5, train_prop=0.5, valid_prop=0.25, protocol='semi', rand_split=False, rand_split_class=False, label_num_per_class=20, valid_num=500, test_num=500, directed=False, method='pcgt', hidden_channels=64, num_layers=8, num_heads=1, alpha=0.5, use_bn=False, use_residual=False, use_graph=True, use_weight=False, use_init=False, use_act=False, attention='gcn', lr=0.1, weight_decay=0.0005, dropout=0.6, display_step=50, no_feat_norm=False, patience=200, graph_weight=0.5, ours_weight_decay=0.0005, ours_use_weight=False, ours_use_residual=True, ours_use_act=True, backbone='gcn', ours_layers=2, ours_dropout=0.6, aggregate='add', hops=1, gat_heads=8, out_heads=1, lamda=0.1, num_elayers=2, encoder_emdim=768, num_partitions=20, num_reps=4, partition_method='metis', no_pse=False, local_only=False, global_only=False)
film
(7600, 932)
Num nodes: 7600
features shape=torch.Size([7600, 932])
num nodes 7600 | num classes 5 | num node feats 932
Computing 20 partitions using metis...
Partitions: 20, Boundary nodes: 5037/7600 (66.3%)
Intra-partition edges: 35342/60918 (58.0%)
Epoch: 00, Loss: 1.6244, Train: 26.04%, Valid: 25.82%, Test: 25.46% [α=0.48,β=0.90,α=0.48,β=0.90]
Epoch: 50, Loss: 1.5665, Train: 27.38%, Valid: 26.77%, Test: 26.58% [α=0.24,β=0.17,α=0.56,β=0.09]
Epoch: 100, Loss: 1.5450, Train: 29.74%, Valid: 28.58%, Test: 28.49% [α=0.20,β=0.48,α=0.43,β=0.48]
Epoch: 150, Loss: 1.5509, Train: 28.23%, Valid: 27.75%, Test: 27.83% [α=0.16,β=0.62,α=0.46,β=0.75]
Epoch: 200, Loss: 1.5430, Train: 28.04%, Valid: 27.63%, Test: 26.78% [α=0.17,β=0.60,α=0.53,β=0.83]
Epoch: 250, Loss: 1.5378, Train: 32.13%, Valid: 31.70%, Test: 29.74% [α=0.17,β=0.78,α=0.49,β=1.05]
Epoch: 300, Loss: 1.5423, Train: 30.18%, Valid: 29.32%, Test: 28.62% [α=0.17,β=0.92,α=0.48,β=1.23]
Epoch: 350, Loss: 1.5324, Train: 30.46%, Valid: 29.44%, Test: 28.62% [α=0.18,β=0.96,α=0.54,β=1.30]
Epoch: 400, Loss: 1.5345, Train: 29.63%, Valid: 29.19%, Test: 27.89% [α=0.17,β=1.08,α=0.52,β=1.39]
Run 01:Highest Train: 32.13 Highest Valid: 31.70 Highest Test: 30.00 Chosen epoch: 251
Final Train: 32.13 Final Test: 29.74
Epoch: 00, Loss: 1.6019, Train: 25.99%, Valid: 26.32%, Test: 24.80% [α=0.50,β=1.00,α=0.50,β=1.00]
Epoch: 50, Loss: 1.5191, Train: 31.83%, Valid: 31.66%, Test: 30.26% [α=0.15,β=1.29,α=0.50,β=1.21]
Epoch: 100, Loss: 1.5257, Train: 31.74%, Valid: 30.84%, Test: 30.33% [α=0.16,β=1.19,α=0.50,β=1.17]
Epoch: 150, Loss: 1.5227, Train: 33.22%, Valid: 31.37%, Test: 31.71% [α=0.17,β=1.27,α=0.53,β=1.32]
Epoch: 200, Loss: 1.5179, Train: 33.06%, Valid: 32.11%, Test: 31.05% [α=0.15,β=1.34,α=0.52,β=1.45]
Run 02:Highest Train: 35.01 Highest Valid: 33.76 Highest Test: 32.57 Chosen epoch: 35
Final Train: 34.43 Final Test: 32.37
Epoch: 00, Loss: 1.6179, Train: 23.85%, Valid: 23.48%, Test: 24.54% [α=0.50,β=1.00,α=0.50,β=1.00]
Epoch: 50, Loss: 5.5175, Train: 20.81%, Valid: 22.45%, Test: 21.38% [α=0.35,β=-1.08,α=0.16,β=-4.58]
Epoch: 100, Loss: 5.8170, Train: 23.85%, Valid: 23.48%, Test: 24.61% [α=0.97,β=-1.71,α=0.98,β=-7.79]
Epoch: 150, Loss: 4.5689, Train: 17.98%, Valid: 17.64%, Test: 16.64% [α=0.96,β=-1.49,α=0.97,β=-8.19]
Epoch: 200, Loss: 3.3550, Train: 20.81%, Valid: 22.45%, Test: 21.38% [α=0.93,β=-1.89,α=0.97,β=-8.06]
Run 03:Highest Train: 26.62 Highest Valid: 26.73 Highest Test: 26.51 Chosen epoch: 43
Final Train: 25.25 Final Test: 26.25
Epoch: 00, Loss: 1.6144, Train: 24.37%, Valid: 22.82%, Test: 24.28% [α=0.50,β=1.00,α=0.49,β=1.00]
Epoch: 50, Loss: 1.5508, Train: 31.61%, Valid: 29.93%, Test: 29.21% [α=0.53,β=1.01,α=0.45,β=1.13]
Epoch: 100, Loss: 1.5242, Train: 34.32%, Valid: 32.36%, Test: 33.03% [α=0.53,β=1.02,α=0.45,β=2.08]
Epoch: 150, Loss: 1.5115, Train: 35.39%, Valid: 33.47%, Test: 34.14% [α=0.53,β=1.03,α=0.46,β=2.87]
Epoch: 200, Loss: 1.4889, Train: 36.38%, Valid: 33.88%, Test: 34.74% [α=0.53,β=1.04,α=0.46,β=3.32]
Epoch: 250, Loss: 1.4876, Train: 36.24%, Valid: 33.10%, Test: 33.68% [α=0.53,β=1.05,α=0.46,β=3.55]
Epoch: 300, Loss: 1.4887, Train: 35.44%, Valid: 32.81%, Test: 33.22% [α=0.53,β=1.06,α=0.46,β=3.60]
Epoch: 350, Loss: 1.4906, Train: 36.87%, Valid: 33.59%, Test: 33.36% [α=0.53,β=1.06,α=0.46,β=3.67]
Epoch: 400, Loss: 1.4830, Train: 35.64%, Valid: 33.43%, Test: 33.55% [α=0.53,β=1.07,α=0.47,β=3.66]
Run 04:Highest Train: 37.97 Highest Valid: 34.42 Highest Test: 35.07 Chosen epoch: 210
Final Train: 37.03 Final Test: 34.08
Epoch: 00, Loss: 1.6103, Train: 21.79%, Valid: 20.19%, Test: 22.63% [α=0.50,β=1.00,α=0.50,β=1.00]
Epoch: 50, Loss: 1.5429, Train: 29.93%, Valid: 28.91%, Test: 26.58% [α=0.50,β=1.01,α=0.50,β=1.62]
Epoch: 100, Loss: 1.5009, Train: 35.55%, Valid: 32.89%, Test: 30.66% [α=0.50,β=1.02,α=0.50,β=2.98]
Epoch: 150, Loss: 1.4931, Train: 37.39%, Valid: 34.21%, Test: 31.05% [α=0.50,β=1.03,α=0.51,β=3.51]
Epoch: 200, Loss: 1.4963, Train: 35.14%, Valid: 33.26%, Test: 29.87% [α=0.50,β=1.04,α=0.51,β=3.65]
Epoch: 250, Loss: 1.5039, Train: 35.31%, Valid: 32.81%, Test: 30.26% [α=0.50,β=1.05,α=0.51,β=3.68]
Epoch: 300, Loss: 1.4930, Train: 37.06%, Valid: 33.39%, Test: 31.18% [α=0.50,β=1.06,α=0.51,β=3.61]
Epoch: 350, Loss: 1.4996, Train: 36.60%, Valid: 33.26%, Test: 30.53% [α=0.50,β=1.07,α=0.51,β=3.56]
Epoch: 400, Loss: 1.5015, Train: 35.72%, Valid: 34.05%, Test: 30.20% [α=0.50,β=1.08,α=0.51,β=3.59]
Run 05:Highest Train: 38.46 Highest Valid: 34.99 Highest Test: 33.22 Chosen epoch: 227
Final Train: 37.25 Final Test: 32.11
5 runs: Highest Train: 34.04 ± 4.86 Highest val epoch:226
Highest Test: 31.47 ± 3.31 Final Test: 30.91 ± 3.03
