Namespace(data_dir='../data/', dataset='pubmed', device=0, seed=123, cpu=False, epochs=500, runs=5, train_prop=0.5, valid_prop=0.25, protocol='semi', rand_split=False, rand_split_class=True, label_num_per_class=20, valid_num=500, test_num=1000, directed=False, method='pcgt', hidden_channels=64, num_layers=4, num_heads=1, alpha=0.5, use_bn=False, use_residual=True, use_graph=True, use_weight=False, use_init=False, use_act=False, attention='gcn', lr=0.005, weight_decay=0.0005, dropout=0.5, display_step=50, no_feat_norm=True, patience=200, graph_weight=0.8, ours_weight_decay=0.01, ours_use_weight=False, ours_use_residual=False, ours_use_act=False, backbone='gcn', ours_layers=1, ours_dropout=0.3, aggregate='add', hops=1, gat_heads=8, out_heads=1, lamda=0.1, num_elayers=2, encoder_emdim=768, num_partitions=10, num_reps=4, partition_method='metis', no_pse=False, local_only=False, global_only=False)
pubmed
Num nodes: 19717
train:torch.Size([60]), valid:torch.Size([500]), test:torch.Size([1000])
features shape=torch.Size([19717, 500])
num nodes 19717 | num classes 3 | num node feats 500
Computing 10 partitions using metis...
Partitions: 10, Boundary nodes: 5237/19717 (26.6%)
Intra-partition edges: 75568/88648 (85.2%)
Epoch: 00, Loss: 1.0992, Train: 48.33%, Valid: 38.60%, Test: 42.80% [α=0.50,β=1.00]
Epoch: 50, Loss: 0.0078, Train: 100.00%, Valid: 74.00%, Test: 75.10% [α=0.54,β=1.06]
Epoch: 100, Loss: 0.0044, Train: 98.33%, Valid: 70.00%, Test: 72.10% [α=0.51,β=0.85]
Epoch: 150, Loss: 0.0018, Train: 100.00%, Valid: 74.20%, Test: 77.10% [α=0.50,β=0.66]
Epoch: 200, Loss: 0.0027, Train: 100.00%, Valid: 72.80%, Test: 75.70% [α=0.50,β=0.49]
Epoch: 250, Loss: 0.0026, Train: 100.00%, Valid: 74.20%, Test: 75.40% [α=0.50,β=0.36]
Epoch: 300, Loss: 0.0174, Train: 100.00%, Valid: 76.20%, Test: 77.20% [α=0.50,β=0.25]
Epoch: 350, Loss: 0.0021, Train: 100.00%, Valid: 75.80%, Test: 77.10% [α=0.50,β=0.17]
Epoch: 400, Loss: 0.0009, Train: 100.00%, Valid: 76.40%, Test: 76.60% [α=0.50,β=0.11]
Epoch: 450, Loss: 0.0010, Train: 100.00%, Valid: 76.00%, Test: 77.40% [α=0.50,β=0.07]
Run 01:Highest Train: 100.00 Highest Valid: 78.20 Highest Test: 78.70 Chosen epoch: 292
Final Train: 100.00 Final Test: 77.90
Epoch: 00, Loss: 1.0996, Train: 33.33%, Valid: 41.60%, Test: 39.00% [α=0.50,β=1.00]
Epoch: 50, Loss: 0.0110, Train: 100.00%, Valid: 75.20%, Test: 74.10% [α=0.53,β=1.00]
Epoch: 100, Loss: 0.0051, Train: 100.00%, Valid: 74.40%, Test: 76.90% [α=0.50,β=0.68]
Epoch: 150, Loss: 0.0072, Train: 100.00%, Valid: 74.00%, Test: 75.50% [α=0.50,β=0.45]
Epoch: 200, Loss: 0.0070, Train: 100.00%, Valid: 76.40%, Test: 77.90% [α=0.50,β=0.29]
Run 02:Highest Train: 100.00 Highest Valid: 79.20 Highest Test: 79.80 Chosen epoch: 28
Final Train: 96.67 Final Test: 79.10
Epoch: 00, Loss: 1.1001, Train: 38.33%, Valid: 45.60%, Test: 44.40% [α=0.50,β=1.00]
Epoch: 50, Loss: 0.2733, Train: 93.33%, Valid: 69.40%, Test: 73.10% [α=0.65,β=1.54]
Epoch: 100, Loss: 0.0035, Train: 100.00%, Valid: 72.60%, Test: 76.10% [α=0.58,β=1.53]
Epoch: 150, Loss: 0.0013, Train: 100.00%, Valid: 74.20%, Test: 77.80% [α=0.52,β=1.23]
Epoch: 200, Loss: 0.0028, Train: 100.00%, Valid: 77.00%, Test: 77.50% [α=0.51,β=0.99]
Epoch: 250, Loss: 0.0018, Train: 100.00%, Valid: 73.20%, Test: 75.10% [α=0.50,β=0.79]
Epoch: 300, Loss: 0.0367, Train: 100.00%, Valid: 74.00%, Test: 73.80% [α=0.50,β=0.63]
Epoch: 350, Loss: 0.0031, Train: 100.00%, Valid: 74.60%, Test: 75.40% [α=0.50,β=0.50]
Epoch: 400, Loss: 0.0045, Train: 100.00%, Valid: 75.60%, Test: 76.90% [α=0.50,β=0.39]
Run 03:Highest Train: 100.00 Highest Valid: 77.80 Highest Test: 79.20 Chosen epoch: 238
Final Train: 100.00 Final Test: 77.30
Epoch: 00, Loss: 1.1025, Train: 33.33%, Valid: 41.80%, Test: 38.80% [α=0.50,β=1.00]
Epoch: 50, Loss: 0.1258, Train: 100.00%, Valid: 72.60%, Test: 74.00% [α=0.62,β=1.41]
Epoch: 100, Loss: 0.0019, Train: 100.00%, Valid: 73.00%, Test: 73.80% [α=0.56,β=1.27]
Epoch: 150, Loss: 0.0020, Train: 100.00%, Valid: 73.60%, Test: 77.30% [α=0.52,β=1.05]
Epoch: 200, Loss: 0.0883, Train: 100.00%, Valid: 73.00%, Test: 75.80% [α=0.51,β=0.86]
Epoch: 250, Loss: 0.0027, Train: 100.00%, Valid: 73.80%, Test: 77.30% [α=0.50,β=0.70]
Run 04:Highest Train: 100.00 Highest Valid: 76.00 Highest Test: 78.30 Chosen epoch: 91
Final Train: 100.00 Final Test: 77.50
Epoch: 00, Loss: 1.1007, Train: 33.33%, Valid: 35.00%, Test: 39.70% [α=0.50,β=1.00]
Epoch: 50, Loss: 0.1632, Train: 96.67%, Valid: 69.40%, Test: 71.00% [α=0.63,β=1.43]
Epoch: 100, Loss: 0.0040, Train: 100.00%, Valid: 75.40%, Test: 76.50% [α=0.58,β=1.38]
Epoch: 150, Loss: 0.0248, Train: 100.00%, Valid: 76.20%, Test: 77.60% [α=0.53,β=1.17]
Epoch: 200, Loss: 0.0049, Train: 100.00%, Valid: 74.80%, Test: 74.80% [α=0.51,β=0.99]
Epoch: 250, Loss: 0.0017, Train: 100.00%, Valid: 74.40%, Test: 76.20% [α=0.51,β=0.83]
Epoch: 300, Loss: 0.0027, Train: 100.00%, Valid: 75.00%, Test: 77.10% [α=0.50,β=0.70]
Epoch: 350, Loss: 0.0010, Train: 100.00%, Valid: 75.20%, Test: 76.80% [α=0.50,β=0.58]
Epoch: 400, Loss: 0.0024, Train: 100.00%, Valid: 73.40%, Test: 75.80% [α=0.50,β=0.49]
Epoch: 450, Loss: 0.0016, Train: 100.00%, Valid: 72.40%, Test: 74.80% [α=0.50,β=0.40]
Run 05:Highest Train: 100.00 Highest Valid: 76.80 Highest Test: 78.90 Chosen epoch: 306
Final Train: 100.00 Final Test: 78.10
5 runs: Highest Train: 100.00 ± 0.00 Highest val epoch:305
Highest Test: 78.98 ± 0.56 Final Test: 77.98 ± 0.70
