Namespace(data_dir='../data/', dataset='pubmed', device=0, seed=123, cpu=False, epochs=500, runs=5, train_prop=0.5, valid_prop=0.25, protocol='semi', rand_split=False, rand_split_class=True, label_num_per_class=20, valid_num=500, test_num=1000, directed=False, method='pcgt', hidden_channels=64, num_layers=4, num_heads=1, alpha=0.5, use_bn=False, use_residual=True, use_graph=True, use_weight=False, use_init=False, use_act=False, attention='gcn', lr=0.005, weight_decay=0.0005, dropout=0.5, display_step=50, no_feat_norm=True, patience=200, graph_weight=0.8, ours_weight_decay=0.01, ours_use_weight=False, ours_use_residual=False, ours_use_act=False, backbone='gcn', ours_layers=1, ours_dropout=0.3, aggregate='add', hops=1, gat_heads=8, out_heads=1, lamda=0.1, num_elayers=2, encoder_emdim=768, num_partitions=20, num_reps=4, partition_method='metis', no_pse=False, local_only=False, global_only=False)
pubmed
Num nodes: 19717
train:torch.Size([60]), valid:torch.Size([500]), test:torch.Size([1000])
features shape=torch.Size([19717, 500])
num nodes 19717 | num classes 3 | num node feats 500
Computing 20 partitions using metis...
Partitions: 20, Boundary nodes: 6059/19717 (30.7%)
Intra-partition edges: 72312/88648 (81.6%)
Epoch: 00, Loss: 1.0987, Train: 48.33%, Valid: 38.20%, Test: 44.30% [α=0.50,β=1.00]
Epoch: 50, Loss: 0.0254, Train: 100.00%, Valid: 76.60%, Test: 78.80% [α=0.54,β=1.08]
Epoch: 100, Loss: 0.0088, Train: 100.00%, Valid: 75.40%, Test: 77.90% [α=0.52,β=0.89]
Epoch: 150, Loss: 0.0022, Train: 100.00%, Valid: 75.20%, Test: 76.80% [α=0.50,β=0.70]
Epoch: 200, Loss: 0.0048, Train: 100.00%, Valid: 74.80%, Test: 76.40% [α=0.50,β=0.54]
Run 01:Highest Train: 100.00 Highest Valid: 78.40 Highest Test: 80.80 Chosen epoch: 31
Final Train: 100.00 Final Test: 79.80
Epoch: 00, Loss: 1.1032, Train: 33.33%, Valid: 41.80%, Test: 38.80% [α=0.50,β=1.00]
Epoch: 50, Loss: 0.0070, Train: 100.00%, Valid: 74.60%, Test: 76.80% [α=0.55,β=1.10]
Epoch: 100, Loss: 0.0078, Train: 100.00%, Valid: 75.80%, Test: 77.80% [α=0.52,β=0.88]
Epoch: 150, Loss: 0.0018, Train: 100.00%, Valid: 74.20%, Test: 76.90% [α=0.50,β=0.68]
Epoch: 200, Loss: 0.0142, Train: 100.00%, Valid: 73.80%, Test: 75.50% [α=0.50,β=0.52]
Run 02:Highest Train: 100.00 Highest Valid: 77.00 Highest Test: 79.20 Chosen epoch: 38
Final Train: 100.00 Final Test: 78.50
Epoch: 00, Loss: 1.1028, Train: 33.33%, Valid: 23.20%, Test: 21.50% [α=0.50,β=1.00]
Epoch: 50, Loss: 0.1032, Train: 98.33%, Valid: 75.60%, Test: 75.50% [α=0.61,β=1.34]
Epoch: 100, Loss: 0.0022, Train: 100.00%, Valid: 76.40%, Test: 77.90% [α=0.55,β=1.16]
Epoch: 150, Loss: 0.0032, Train: 100.00%, Valid: 75.80%, Test: 78.80% [α=0.52,β=0.94]
Epoch: 200, Loss: 0.0016, Train: 100.00%, Valid: 75.60%, Test: 76.00% [α=0.51,β=0.76]
Epoch: 250, Loss: 0.0035, Train: 100.00%, Valid: 73.60%, Test: 75.20% [α=0.50,β=0.61]
Epoch: 300, Loss: 0.0134, Train: 100.00%, Valid: 72.80%, Test: 76.50% [α=0.50,β=0.48]
Run 03:Highest Train: 100.00 Highest Valid: 76.60 Highest Test: 78.90 Chosen epoch: 102
Final Train: 100.00 Final Test: 77.50
Epoch: 00, Loss: 1.1042, Train: 33.33%, Valid: 23.20%, Test: 21.50% [α=0.50,β=1.00]
Epoch: 50, Loss: 0.0471, Train: 100.00%, Valid: 73.00%, Test: 72.50% [α=0.61,β=1.35]
Epoch: 100, Loss: 0.0048, Train: 100.00%, Valid: 72.80%, Test: 75.90% [α=0.55,β=1.18]
Epoch: 150, Loss: 0.0013, Train: 100.00%, Valid: 74.80%, Test: 77.20% [α=0.52,β=0.98]
Epoch: 200, Loss: 0.0017, Train: 100.00%, Valid: 72.60%, Test: 75.10% [α=0.51,β=0.81]
Epoch: 250, Loss: 0.0064, Train: 100.00%, Valid: 73.40%, Test: 75.70% [α=0.50,β=0.66]
Run 04:Highest Train: 100.00 Highest Valid: 77.20 Highest Test: 80.20 Chosen epoch: 64
Final Train: 100.00 Final Test: 79.40
Epoch: 00, Loss: 1.0977, Train: 33.33%, Valid: 35.00%, Test: 39.70% [α=0.50,β=1.00]
Epoch: 50, Loss: 0.0459, Train: 100.00%, Valid: 75.80%, Test: 76.10% [α=0.60,β=1.32]
Epoch: 100, Loss: 0.0091, Train: 98.33%, Valid: 72.80%, Test: 73.80% [α=0.55,β=1.16]
Epoch: 150, Loss: 0.0011, Train: 100.00%, Valid: 75.40%, Test: 75.90% [α=0.52,β=0.98]
Epoch: 200, Loss: 0.0011, Train: 100.00%, Valid: 74.80%, Test: 75.80% [α=0.51,β=0.83]
Run 05:Highest Train: 100.00 Highest Valid: 78.80 Highest Test: 79.30 Chosen epoch: 38
Final Train: 96.67 Final Test: 78.20
5 runs: Highest Train: 100.00 ± 0.00 Highest val epoch:37
Highest Test: 79.68 ± 0.79 Final Test: 78.68 ± 0.93
