Namespace(data_dir='../data/', dataset='pubmed', device=0, seed=123, cpu=False, epochs=500, runs=5, train_prop=0.5, valid_prop=0.25, protocol='semi', rand_split=False, rand_split_class=True, label_num_per_class=20, valid_num=500, test_num=1000, directed=False, method='pcgt', hidden_channels=64, num_layers=4, num_heads=1, alpha=0.5, use_bn=False, use_residual=True, use_graph=True, use_weight=False, use_init=False, use_act=False, attention='gcn', lr=0.005, weight_decay=0.0005, dropout=0.5, display_step=50, no_feat_norm=True, patience=200, graph_weight=0.9, ours_weight_decay=0.01, ours_use_weight=False, ours_use_residual=False, ours_use_act=False, backbone='gcn', ours_layers=1, ours_dropout=0.3, aggregate='add', hops=1, gat_heads=8, out_heads=1, lamda=0.1, num_elayers=2, encoder_emdim=768, num_partitions=10, num_reps=4, partition_method='metis', no_pse=False, local_only=False, global_only=False)
pubmed
Num nodes: 19717
train:torch.Size([60]), valid:torch.Size([500]), test:torch.Size([1000])
features shape=torch.Size([19717, 500])
num nodes 19717 | num classes 3 | num node feats 500
Computing 10 partitions using metis...
Partitions: 10, Boundary nodes: 5237/19717 (26.6%)
Intra-partition edges: 75568/88648 (85.2%)
Epoch: 00, Loss: 1.0993, Train: 51.67%, Valid: 40.80%, Test: 44.30% [α=0.50,β=1.00]
Epoch: 50, Loss: 0.0403, Train: 98.33%, Valid: 74.40%, Test: 77.20% [α=0.52,β=0.81]
Epoch: 100, Loss: 0.0010, Train: 100.00%, Valid: 74.20%, Test: 77.40% [α=0.50,β=0.53]
Epoch: 150, Loss: 0.1313, Train: 100.00%, Valid: 74.60%, Test: 78.60% [α=0.50,β=0.34]
Epoch: 200, Loss: 0.0029, Train: 100.00%, Valid: 74.40%, Test: 78.10% [α=0.50,β=0.20]
Epoch: 250, Loss: 0.0040, Train: 100.00%, Valid: 72.20%, Test: 74.00% [α=0.50,β=0.11]
Epoch: 300, Loss: 0.0025, Train: 100.00%, Valid: 76.60%, Test: 77.90% [α=0.50,β=0.06]
Epoch: 350, Loss: 0.0051, Train: 100.00%, Valid: 73.40%, Test: 76.20% [α=0.50,β=0.03]
Epoch: 400, Loss: 0.0015, Train: 100.00%, Valid: 73.80%, Test: 74.70% [α=0.50,β=0.01]
Epoch: 450, Loss: 0.0112, Train: 100.00%, Valid: 75.60%, Test: 77.40% [α=0.50,β=0.00]
Run 01:Highest Train: 100.00 Highest Valid: 78.00 Highest Test: 80.30 Chosen epoch: 268
Final Train: 100.00 Final Test: 80.00
Epoch: 00, Loss: 1.0986, Train: 41.67%, Valid: 50.00%, Test: 45.10% [α=0.50,β=1.00]
Epoch: 50, Loss: 0.0136, Train: 100.00%, Valid: 78.00%, Test: 79.50% [α=0.50,β=0.68]
Epoch: 100, Loss: 0.0038, Train: 100.00%, Valid: 72.80%, Test: 73.60% [α=0.50,β=0.33]
Epoch: 150, Loss: 0.0105, Train: 98.33%, Valid: 70.80%, Test: 73.10% [α=0.50,β=0.16]
Epoch: 200, Loss: 0.0022, Train: 100.00%, Valid: 75.60%, Test: 76.70% [α=0.50,β=0.07]
Run 02:Highest Train: 100.00 Highest Valid: 79.40 Highest Test: 80.50 Chosen epoch: 24
Final Train: 96.67 Final Test: 80.50
Epoch: 00, Loss: 1.1021, Train: 33.33%, Valid: 35.00%, Test: 39.70% [α=0.50,β=1.00]
Epoch: 50, Loss: 0.0771, Train: 96.67%, Valid: 76.00%, Test: 79.50% [α=0.56,β=1.01]
Epoch: 100, Loss: 0.0033, Train: 100.00%, Valid: 75.60%, Test: 77.50% [α=0.50,β=0.56]
Epoch: 150, Loss: 0.0030, Train: 100.00%, Valid: 74.20%, Test: 76.00% [α=0.50,β=0.29]
Epoch: 200, Loss: 0.0019, Train: 100.00%, Valid: 74.40%, Test: 77.00% [α=0.50,β=0.15]
Epoch: 250, Loss: 0.0050, Train: 100.00%, Valid: 74.80%, Test: 76.20% [α=0.50,β=0.07]
Run 03:Highest Train: 100.00 Highest Valid: 77.80 Highest Test: 80.40 Chosen epoch: 87
Final Train: 100.00 Final Test: 79.40
Epoch: 00, Loss: 1.1007, Train: 33.33%, Valid: 35.00%, Test: 39.70% [α=0.50,β=1.00]
Epoch: 50, Loss: 0.4101, Train: 85.00%, Valid: 64.20%, Test: 61.10% [α=0.59,β=1.13]
Epoch: 100, Loss: 0.0031, Train: 100.00%, Valid: 78.60%, Test: 78.90% [α=0.50,β=0.80]
Epoch: 150, Loss: 0.0017, Train: 100.00%, Valid: 74.20%, Test: 74.40% [α=0.50,β=0.45]
Epoch: 200, Loss: 0.0011, Train: 100.00%, Valid: 75.20%, Test: 74.80% [α=0.50,β=0.25]
Epoch: 250, Loss: 0.0022, Train: 100.00%, Valid: 75.20%, Test: 75.60% [α=0.50,β=0.14]
Run 04:Highest Train: 100.00 Highest Valid: 79.00 Highest Test: 80.40 Chosen epoch: 61
Final Train: 96.67 Final Test: 80.40
Epoch: 00, Loss: 1.1008, Train: 33.33%, Valid: 23.20%, Test: 21.50% [α=0.50,β=1.00]
Epoch: 50, Loss: 0.1952, Train: 100.00%, Valid: 76.60%, Test: 78.10% [α=0.62,β=1.24]
Epoch: 100, Loss: 0.0196, Train: 100.00%, Valid: 71.80%, Test: 74.10% [α=0.51,β=0.87]
Epoch: 150, Loss: 0.0052, Train: 100.00%, Valid: 75.80%, Test: 78.40% [α=0.50,β=0.55]
Epoch: 200, Loss: 0.0027, Train: 100.00%, Valid: 76.60%, Test: 77.90% [α=0.50,β=0.34]
Epoch: 250, Loss: 0.0148, Train: 100.00%, Valid: 74.20%, Test: 76.10% [α=0.50,β=0.21]
Run 05:Highest Train: 100.00 Highest Valid: 78.60 Highest Test: 79.90 Chosen epoch: 96
Final Train: 100.00 Final Test: 79.20
5 runs: Highest Train: 100.00 ± 0.00 Highest val epoch:95
Highest Test: 80.30 ± 0.23 Final Test: 79.90 ± 0.58
