Namespace(data_dir='../data/', dataset='pubmed', device=0, seed=123, cpu=False, epochs=500, runs=5, train_prop=0.5, valid_prop=0.25, protocol='semi', rand_split=False, rand_split_class=True, label_num_per_class=20, valid_num=500, test_num=1000, directed=False, method='pcgt', hidden_channels=64, num_layers=4, num_heads=1, alpha=0.5, use_bn=False, use_residual=True, use_graph=True, use_weight=False, use_init=False, use_act=False, attention='gcn', lr=0.005, weight_decay=0.0005, dropout=0.5, display_step=50, no_feat_norm=True, patience=200, graph_weight=0.7, ours_weight_decay=0.01, ours_use_weight=False, ours_use_residual=False, ours_use_act=False, backbone='gcn', ours_layers=1, ours_dropout=0.3, aggregate='add', hops=1, gat_heads=8, out_heads=1, lamda=0.1, num_elayers=2, encoder_emdim=768, num_partitions=20, num_reps=4, partition_method='metis', no_pse=False, local_only=False, global_only=False)
pubmed
Num nodes: 19717
train:torch.Size([60]), valid:torch.Size([500]), test:torch.Size([1000])
features shape=torch.Size([19717, 500])
num nodes 19717 | num classes 3 | num node feats 500
Computing 20 partitions using metis...
Partitions: 20, Boundary nodes: 6059/19717 (30.7%)
Intra-partition edges: 72312/88648 (81.6%)
Epoch: 00, Loss: 1.0986, Train: 41.67%, Valid: 37.80%, Test: 42.70% [α=0.50,β=1.00]
Epoch: 50, Loss: 0.0281, Train: 100.00%, Valid: 77.80%, Test: 78.30% [α=0.55,β=1.13]
Epoch: 100, Loss: 0.0098, Train: 100.00%, Valid: 76.20%, Test: 77.70% [α=0.53,β=1.04]
Epoch: 150, Loss: 0.0027, Train: 100.00%, Valid: 75.20%, Test: 77.60% [α=0.52,β=0.90]
Epoch: 200, Loss: 0.0061, Train: 100.00%, Valid: 75.00%, Test: 77.10% [α=0.51,β=0.77]
Run 01:Highest Train: 100.00 Highest Valid: 77.80 Highest Test: 80.30 Chosen epoch: 31
Final Train: 100.00 Final Test: 79.30
Epoch: 00, Loss: 1.1026, Train: 33.33%, Valid: 41.80%, Test: 38.80% [α=0.50,β=1.00]
Epoch: 50, Loss: 0.0286, Train: 100.00%, Valid: 72.60%, Test: 73.80% [α=0.57,β=1.21]
Epoch: 100, Loss: 0.0047, Train: 100.00%, Valid: 75.60%, Test: 77.20% [α=0.54,β=1.09]
Epoch: 150, Loss: 0.0026, Train: 100.00%, Valid: 74.80%, Test: 77.30% [α=0.52,β=0.94]
Epoch: 200, Loss: 0.0123, Train: 100.00%, Valid: 74.60%, Test: 76.00% [α=0.51,β=0.80]
Epoch: 250, Loss: 0.0076, Train: 100.00%, Valid: 72.60%, Test: 74.80% [α=0.50,β=0.68]
Run 02:Highest Train: 100.00 Highest Valid: 77.60 Highest Test: 79.30 Chosen epoch: 71
Final Train: 100.00 Final Test: 79.00
Epoch: 00, Loss: 1.0976, Train: 33.33%, Valid: 35.20%, Test: 40.00% [α=0.50,β=1.00]
Epoch: 50, Loss: 0.0358, Train: 100.00%, Valid: 74.40%, Test: 78.70% [α=0.61,β=1.39]
Epoch: 100, Loss: 0.0038, Train: 100.00%, Valid: 72.40%, Test: 74.60% [α=0.57,β=1.31]
Epoch: 150, Loss: 0.0090, Train: 100.00%, Valid: 71.20%, Test: 75.40% [α=0.54,β=1.15]
Epoch: 200, Loss: 0.0039, Train: 100.00%, Valid: 73.60%, Test: 76.40% [α=0.52,β=1.00]
Epoch: 250, Loss: 0.0038, Train: 100.00%, Valid: 74.60%, Test: 77.80% [α=0.51,β=0.87]
Epoch: 300, Loss: 0.0014, Train: 100.00%, Valid: 74.20%, Test: 77.00% [α=0.50,β=0.75]
Epoch: 350, Loss: 0.0026, Train: 100.00%, Valid: 70.80%, Test: 75.00% [α=0.50,β=0.64]
Run 03:Highest Train: 100.00 Highest Valid: 76.20 Highest Test: 78.70 Chosen epoch: 188
Final Train: 100.00 Final Test: 77.70
Epoch: 00, Loss: 1.1027, Train: 30.00%, Valid: 31.80%, Test: 38.50% [α=0.50,β=1.00]
Epoch: 50, Loss: 0.0590, Train: 98.33%, Valid: 74.20%, Test: 73.60% [α=0.62,β=1.44]
Epoch: 100, Loss: 0.0010, Train: 100.00%, Valid: 74.00%, Test: 75.10% [α=0.59,β=1.38]
Epoch: 150, Loss: 0.0012, Train: 100.00%, Valid: 76.40%, Test: 78.50% [α=0.55,β=1.21]
Epoch: 200, Loss: 0.0022, Train: 100.00%, Valid: 73.20%, Test: 75.20% [α=0.52,β=1.07]
Epoch: 250, Loss: 0.0116, Train: 100.00%, Valid: 77.60%, Test: 78.10% [α=0.51,β=0.94]
Epoch: 300, Loss: 0.0022, Train: 100.00%, Valid: 76.60%, Test: 77.60% [α=0.51,β=0.83]
Run 04:Highest Train: 100.00 Highest Valid: 78.20 Highest Test: 79.90 Chosen epoch: 149
Final Train: 100.00 Final Test: 79.50
Epoch: 00, Loss: 1.0982, Train: 33.33%, Valid: 35.00%, Test: 39.70% [α=0.50,β=1.00]
Epoch: 50, Loss: 0.2691, Train: 91.67%, Valid: 73.40%, Test: 73.70% [α=0.62,β=1.51]
Epoch: 100, Loss: 0.0089, Train: 100.00%, Valid: 73.00%, Test: 74.30% [α=0.61,β=1.61]
Epoch: 150, Loss: 0.0067, Train: 100.00%, Valid: 76.20%, Test: 77.00% [α=0.57,β=1.45]
Epoch: 200, Loss: 0.0016, Train: 100.00%, Valid: 75.80%, Test: 76.80% [α=0.54,β=1.30]
Epoch: 250, Loss: 0.0019, Train: 100.00%, Valid: 72.60%, Test: 74.80% [α=0.52,β=1.16]
Run 05:Highest Train: 100.00 Highest Valid: 77.60 Highest Test: 78.60 Chosen epoch: 75
Final Train: 100.00 Final Test: 78.00
5 runs: Highest Train: 100.00 ± 0.00 Highest val epoch:74
Highest Test: 79.36 ± 0.74 Final Test: 78.70 ± 0.80
