Namespace(data_dir='../data/', dataset='pubmed', device=0, seed=123, cpu=False, epochs=500, runs=5, train_prop=0.5, valid_prop=0.25, protocol='semi', rand_split=False, rand_split_class=True, label_num_per_class=20, valid_num=500, test_num=1000, directed=False, method='pcgt', hidden_channels=64, num_layers=4, num_heads=1, alpha=0.5, use_bn=False, use_residual=True, use_graph=True, use_weight=False, use_init=False, use_act=False, attention='gcn', lr=0.005, weight_decay=0.0005, dropout=0.5, display_step=50, no_feat_norm=True, patience=200, graph_weight=0.9, ours_weight_decay=0.01, ours_use_weight=False, ours_use_residual=False, ours_use_act=False, backbone='gcn', ours_layers=1, ours_dropout=0.3, aggregate='add', hops=1, gat_heads=8, out_heads=1, lamda=0.1, num_elayers=2, encoder_emdim=768, num_partitions=15, num_reps=4, partition_method='metis', no_pse=False, local_only=False, global_only=False)
pubmed
Num nodes: 19717
train:torch.Size([60]), valid:torch.Size([500]), test:torch.Size([1000])
features shape=torch.Size([19717, 500])
num nodes 19717 | num classes 3 | num node feats 500
Computing 15 partitions using metis...
Partitions: 15, Boundary nodes: 5647/19717 (28.6%)
Intra-partition edges: 74000/88648 (83.5%)
Epoch: 00, Loss: 1.0994, Train: 50.00%, Valid: 40.20%, Test: 38.60% [α=0.50,β=1.00]
Epoch: 50, Loss: 0.0067, Train: 100.00%, Valid: 76.20%, Test: 75.90% [α=0.52,β=0.83]
Epoch: 100, Loss: 0.0035, Train: 100.00%, Valid: 73.00%, Test: 75.80% [α=0.50,β=0.56]
Epoch: 150, Loss: 0.0031, Train: 100.00%, Valid: 73.80%, Test: 77.10% [α=0.50,β=0.36]
Epoch: 200, Loss: 0.0213, Train: 100.00%, Valid: 76.20%, Test: 78.20% [α=0.50,β=0.22]
Run 01:Highest Train: 100.00 Highest Valid: 77.00 Highest Test: 79.10 Chosen epoch: 30
Final Train: 100.00 Final Test: 77.50
Epoch: 00, Loss: 1.0986, Train: 41.67%, Valid: 44.40%, Test: 43.20% [α=0.50,β=1.00]
Epoch: 50, Loss: 0.0092, Train: 100.00%, Valid: 77.20%, Test: 79.30% [α=0.52,β=0.83]
Epoch: 100, Loss: 0.0015, Train: 100.00%, Valid: 76.80%, Test: 76.20% [α=0.50,β=0.52]
Epoch: 150, Loss: 0.0096, Train: 100.00%, Valid: 74.20%, Test: 73.70% [α=0.50,β=0.32]
Epoch: 200, Loss: 0.0016, Train: 100.00%, Valid: 77.20%, Test: 76.50% [α=0.50,β=0.19]
Run 02:Highest Train: 100.00 Highest Valid: 79.40 Highest Test: 81.00 Chosen epoch: 29
Final Train: 96.67 Final Test: 81.00
Epoch: 00, Loss: 1.1008, Train: 33.33%, Valid: 35.00%, Test: 39.70% [α=0.50,β=1.00]
Epoch: 50, Loss: 0.0206, Train: 98.33%, Valid: 75.40%, Test: 76.10% [α=0.55,β=0.96]
Epoch: 100, Loss: 0.0066, Train: 100.00%, Valid: 74.80%, Test: 76.40% [α=0.50,β=0.61]
Epoch: 150, Loss: 0.0021, Train: 100.00%, Valid: 75.60%, Test: 76.50% [α=0.50,β=0.37]
Epoch: 200, Loss: 0.0039, Train: 100.00%, Valid: 74.00%, Test: 75.30% [α=0.50,β=0.22]
Epoch: 250, Loss: 0.0019, Train: 100.00%, Valid: 75.40%, Test: 75.70% [α=0.50,β=0.13]
Epoch: 300, Loss: 0.0043, Train: 100.00%, Valid: 75.00%, Test: 76.20% [α=0.50,β=0.07]
Run 03:Highest Train: 100.00 Highest Valid: 77.20 Highest Test: 78.00 Chosen epoch: 108
Final Train: 100.00 Final Test: 78.00
Epoch: 00, Loss: 1.0993, Train: 33.33%, Valid: 41.80%, Test: 38.80% [α=0.50,β=1.00]
Epoch: 50, Loss: 0.4133, Train: 80.00%, Valid: 61.00%, Test: 58.80% [α=0.59,β=1.15]
Epoch: 100, Loss: 0.0024, Train: 100.00%, Valid: 72.40%, Test: 75.50% [α=0.51,β=0.98]
Epoch: 150, Loss: 0.0089, Train: 98.33%, Valid: 74.40%, Test: 77.80% [α=0.50,β=0.61]
Epoch: 200, Loss: 0.0017, Train: 100.00%, Valid: 72.40%, Test: 75.20% [α=0.50,β=0.38]
Epoch: 250, Loss: 0.0018, Train: 100.00%, Valid: 73.40%, Test: 76.40% [α=0.50,β=0.23]
Run 04:Highest Train: 100.00 Highest Valid: 75.40 Highest Test: 78.60 Chosen epoch: 69
Final Train: 100.00 Final Test: 76.60
Epoch: 00, Loss: 1.1015, Train: 33.33%, Valid: 35.00%, Test: 39.70% [α=0.50,β=1.00]
Epoch: 50, Loss: 0.4024, Train: 78.33%, Valid: 57.20%, Test: 55.10% [α=0.58,β=1.07]
Epoch: 100, Loss: 0.0055, Train: 100.00%, Valid: 72.20%, Test: 75.90% [α=0.52,β=0.92]
Epoch: 150, Loss: 0.0009, Train: 100.00%, Valid: 75.20%, Test: 76.10% [α=0.50,β=0.58]
Epoch: 200, Loss: 0.0011, Train: 100.00%, Valid: 74.00%, Test: 75.10% [α=0.50,β=0.36]
Epoch: 250, Loss: 0.0105, Train: 100.00%, Valid: 74.20%, Test: 76.10% [α=0.50,β=0.22]
Run 05:Highest Train: 100.00 Highest Valid: 77.40 Highest Test: 78.00 Chosen epoch: 93
Final Train: 98.33 Final Test: 77.40
5 runs: Highest Train: 100.00 ± 0.00 Highest val epoch:92
Highest Test: 78.94 ± 1.24 Final Test: 78.10 ± 1.70
