Namespace(data_dir='../data/', dataset='pubmed', device=0, seed=123, cpu=False, epochs=500, runs=5, train_prop=0.5, valid_prop=0.25, protocol='semi', rand_split=False, rand_split_class=True, label_num_per_class=20, valid_num=500, test_num=1000, directed=False, method='pcgt', hidden_channels=64, num_layers=4, num_heads=1, alpha=0.5, use_bn=False, use_residual=True, use_graph=True, use_weight=False, use_init=False, use_act=False, attention='gcn', lr=0.005, weight_decay=0.0005, dropout=0.5, display_step=50, no_feat_norm=True, patience=200, graph_weight=0.9, ours_weight_decay=0.01, ours_use_weight=False, ours_use_residual=False, ours_use_act=False, backbone='gcn', ours_layers=1, ours_dropout=0.3, aggregate='add', hops=1, gat_heads=8, out_heads=1, lamda=0.1, num_elayers=2, encoder_emdim=768, num_partitions=5, num_reps=4, partition_method='metis', no_pse=False, local_only=False, global_only=False)
pubmed
Num nodes: 19717
train:torch.Size([60]), valid:torch.Size([500]), test:torch.Size([1000])
features shape=torch.Size([19717, 500])
num nodes 19717 | num classes 3 | num node feats 500
Computing 5 partitions using metis...
Partitions: 5, Boundary nodes: 3752/19717 (19.0%)
Intra-partition edges: 81208/88648 (91.6%)
Epoch: 00, Loss: 1.0992, Train: 50.00%, Valid: 44.80%, Test: 45.80% [α=0.50,β=1.00]
Epoch: 50, Loss: 0.0731, Train: 98.33%, Valid: 74.60%, Test: 77.90% [α=0.52,β=0.84]
Epoch: 100, Loss: 0.0055, Train: 100.00%, Valid: 74.20%, Test: 77.40% [α=0.50,β=0.57]
Epoch: 150, Loss: 0.0093, Train: 100.00%, Valid: 75.20%, Test: 78.60% [α=0.50,β=0.37]
Epoch: 200, Loss: 0.0043, Train: 100.00%, Valid: 73.60%, Test: 75.80% [α=0.50,β=0.23]
Run 01:Highest Train: 100.00 Highest Valid: 77.20 Highest Test: 79.70 Chosen epoch: 31
Final Train: 98.33 Final Test: 77.20
Epoch: 00, Loss: 1.1000, Train: 33.33%, Valid: 23.20%, Test: 21.50% [α=0.50,β=1.00]
Epoch: 50, Loss: 0.0149, Train: 100.00%, Valid: 75.20%, Test: 74.80% [α=0.51,β=0.78]
Epoch: 100, Loss: 0.0193, Train: 100.00%, Valid: 75.60%, Test: 77.30% [α=0.50,β=0.48]
Epoch: 150, Loss: 0.0023, Train: 100.00%, Valid: 74.80%, Test: 76.70% [α=0.50,β=0.29]
Epoch: 200, Loss: 0.0027, Train: 100.00%, Valid: 74.40%, Test: 77.40% [α=0.50,β=0.17]
Run 02:Highest Train: 100.00 Highest Valid: 80.60 Highest Test: 80.60 Chosen epoch: 19
Final Train: 93.33 Final Test: 80.60
Epoch: 00, Loss: 1.0990, Train: 33.33%, Valid: 23.20%, Test: 21.50% [α=0.50,β=1.00]
Epoch: 50, Loss: 0.0736, Train: 100.00%, Valid: 76.60%, Test: 78.60% [α=0.55,β=0.96]
Epoch: 100, Loss: 0.0222, Train: 100.00%, Valid: 74.40%, Test: 76.20% [α=0.50,β=0.61]
Epoch: 150, Loss: 0.0012, Train: 100.00%, Valid: 72.60%, Test: 75.40% [α=0.50,β=0.36]
Epoch: 200, Loss: 0.0043, Train: 100.00%, Valid: 73.40%, Test: 75.90% [α=0.50,β=0.21]
Run 03:Highest Train: 100.00 Highest Valid: 77.20 Highest Test: 79.50 Chosen epoch: 47
Final Train: 98.33 Final Test: 78.40
Epoch: 00, Loss: 1.0983, Train: 40.00%, Valid: 41.60%, Test: 42.40% [α=0.50,β=1.00]
Epoch: 50, Loss: 0.3642, Train: 85.00%, Valid: 63.60%, Test: 65.20% [α=0.63,β=1.33]
Epoch: 100, Loss: 0.0105, Train: 100.00%, Valid: 73.20%, Test: 77.10% [α=0.54,β=1.23]
Epoch: 150, Loss: 0.0233, Train: 100.00%, Valid: 71.40%, Test: 75.40% [α=0.50,β=0.85]
Epoch: 200, Loss: 0.0027, Train: 100.00%, Valid: 71.60%, Test: 75.90% [α=0.50,β=0.59]
Run 04:Highest Train: 100.00 Highest Valid: 76.20 Highest Test: 78.30 Chosen epoch: 39
Final Train: 88.33 Final Test: 75.70
Epoch: 00, Loss: 1.1007, Train: 33.33%, Valid: 23.20%, Test: 21.50% [α=0.50,β=1.00]
Epoch: 50, Loss: 0.3623, Train: 86.67%, Valid: 71.40%, Test: 68.40% [α=0.62,β=1.27]
Epoch: 100, Loss: 0.0065, Train: 100.00%, Valid: 75.00%, Test: 77.10% [α=0.56,β=1.24]
Epoch: 150, Loss: 0.0023, Train: 100.00%, Valid: 75.80%, Test: 77.40% [α=0.51,β=0.92]
Epoch: 200, Loss: 0.0020, Train: 100.00%, Valid: 75.60%, Test: 77.50% [α=0.50,β=0.68]
Run 05:Highest Train: 100.00 Highest Valid: 77.80 Highest Test: 79.10 Chosen epoch: 41
Final Train: 88.33 Final Test: 75.80
5 runs: Highest Train: 100.00 ± 0.00 Highest val epoch:40
Highest Test: 79.44 ± 0.84 Final Test: 77.54 ± 2.04
