Namespace(data_dir='../data/', dataset='pubmed', device=0, seed=123, cpu=False, epochs=500, runs=5, train_prop=0.5, valid_prop=0.25, protocol='semi', rand_split=False, rand_split_class=True, label_num_per_class=20, valid_num=500, test_num=1000, directed=False, method='pcgt', hidden_channels=64, num_layers=4, num_heads=1, alpha=0.5, use_bn=False, use_residual=True, use_graph=True, use_weight=False, use_init=False, use_act=False, attention='gcn', lr=0.005, weight_decay=0.0005, dropout=0.5, display_step=50, no_feat_norm=True, patience=200, graph_weight=0.7, ours_weight_decay=0.01, ours_use_weight=False, ours_use_residual=False, ours_use_act=False, backbone='gcn', ours_layers=1, ours_dropout=0.3, aggregate='add', hops=1, gat_heads=8, out_heads=1, lamda=0.1, num_elayers=2, encoder_emdim=768, num_partitions=10, num_reps=4, partition_method='metis', no_pse=False, local_only=False, global_only=False)
pubmed
Num nodes: 19717
train:torch.Size([60]), valid:torch.Size([500]), test:torch.Size([1000])
features shape=torch.Size([19717, 500])
num nodes 19717 | num classes 3 | num node feats 500
Computing 10 partitions using metis...
Partitions: 10, Boundary nodes: 5237/19717 (26.6%)
Intra-partition edges: 75568/88648 (85.2%)
Epoch: 00, Loss: 1.0992, Train: 48.33%, Valid: 38.80%, Test: 42.80% [α=0.50,β=1.00]
Epoch: 50, Loss: 0.0193, Train: 100.00%, Valid: 74.80%, Test: 77.00% [α=0.55,β=1.12]
Epoch: 100, Loss: 0.0016, Train: 100.00%, Valid: 73.40%, Test: 75.10% [α=0.53,β=1.00]
Epoch: 150, Loss: 0.1274, Train: 100.00%, Valid: 70.80%, Test: 74.40% [α=0.51,β=0.85]
Epoch: 200, Loss: 0.0012, Train: 100.00%, Valid: 75.40%, Test: 77.70% [α=0.50,β=0.71]
Epoch: 250, Loss: 0.0033, Train: 100.00%, Valid: 72.40%, Test: 76.50% [α=0.50,β=0.58]
Epoch: 300, Loss: 0.0026, Train: 100.00%, Valid: 74.80%, Test: 78.10% [α=0.50,β=0.46]
Epoch: 350, Loss: 0.0117, Train: 100.00%, Valid: 73.80%, Test: 75.80% [α=0.50,β=0.36]
Run 01:Highest Train: 100.00 Highest Valid: 77.40 Highest Test: 79.30 Chosen epoch: 174
Final Train: 100.00 Final Test: 79.30
Epoch: 00, Loss: 1.1000, Train: 33.33%, Valid: 23.20%, Test: 21.50% [α=0.50,β=1.00]
Epoch: 50, Loss: 0.0095, Train: 100.00%, Valid: 72.60%, Test: 75.90% [α=0.57,β=1.24]
Epoch: 100, Loss: 0.0238, Train: 100.00%, Valid: 71.80%, Test: 75.20% [α=0.53,β=1.04]
Epoch: 150, Loss: 0.0090, Train: 100.00%, Valid: 73.00%, Test: 76.30% [α=0.51,β=0.84]
Epoch: 200, Loss: 0.0019, Train: 100.00%, Valid: 72.80%, Test: 75.70% [α=0.50,β=0.67]
Epoch: 250, Loss: 0.0115, Train: 100.00%, Valid: 72.60%, Test: 75.80% [α=0.50,β=0.53]
Epoch: 300, Loss: 0.0054, Train: 100.00%, Valid: 72.20%, Test: 76.70% [α=0.50,β=0.42]
Run 02:Highest Train: 100.00 Highest Valid: 75.20 Highest Test: 78.40 Chosen epoch: 116
Final Train: 98.33 Final Test: 76.70
Epoch: 00, Loss: 1.1002, Train: 45.00%, Valid: 46.00%, Test: 42.90% [α=0.50,β=1.00]
Epoch: 50, Loss: 0.1455, Train: 96.67%, Valid: 70.20%, Test: 73.00% [α=0.62,β=1.40]
Epoch: 100, Loss: 0.0032, Train: 100.00%, Valid: 73.00%, Test: 75.00% [α=0.56,β=1.29]
Epoch: 150, Loss: 0.0028, Train: 100.00%, Valid: 73.00%, Test: 75.70% [α=0.52,β=1.07]
Epoch: 200, Loss: 0.0036, Train: 100.00%, Valid: 72.20%, Test: 75.70% [α=0.51,β=0.88]
Epoch: 250, Loss: 0.0048, Train: 100.00%, Valid: 73.20%, Test: 75.70% [α=0.50,β=0.72]
Epoch: 300, Loss: 0.0014, Train: 100.00%, Valid: 73.00%, Test: 75.90% [α=0.50,β=0.58]
Epoch: 350, Loss: 0.0024, Train: 100.00%, Valid: 72.80%, Test: 75.40% [α=0.50,β=0.47]
Epoch: 400, Loss: 0.0010, Train: 100.00%, Valid: 75.60%, Test: 76.80% [α=0.50,β=0.38]
Epoch: 450, Loss: 0.0056, Train: 100.00%, Valid: 72.80%, Test: 75.50% [α=0.50,β=0.30]
Run 03:Highest Train: 100.00 Highest Valid: 76.00 Highest Test: 78.40 Chosen epoch: 404
Final Train: 100.00 Final Test: 76.80
Epoch: 00, Loss: 1.0964, Train: 33.33%, Valid: 23.20%, Test: 21.50% [α=0.50,β=1.00]
Epoch: 50, Loss: 0.0614, Train: 100.00%, Valid: 71.00%, Test: 74.40% [α=0.62,β=1.49]
Epoch: 100, Loss: 0.0152, Train: 100.00%, Valid: 73.20%, Test: 77.30% [α=0.56,β=1.36]
Epoch: 150, Loss: 0.0027, Train: 100.00%, Valid: 71.00%, Test: 75.20% [α=0.53,β=1.15]
Epoch: 200, Loss: 0.0045, Train: 100.00%, Valid: 71.20%, Test: 75.60% [α=0.51,β=0.98]
Epoch: 250, Loss: 0.0235, Train: 100.00%, Valid: 74.20%, Test: 76.10% [α=0.50,β=0.82]
Epoch: 300, Loss: 0.0020, Train: 100.00%, Valid: 71.40%, Test: 73.90% [α=0.50,β=0.69]
Epoch: 350, Loss: 0.0066, Train: 100.00%, Valid: 73.60%, Test: 74.90% [α=0.50,β=0.58]
Epoch: 400, Loss: 0.0019, Train: 100.00%, Valid: 75.00%, Test: 77.70% [α=0.50,β=0.48]
Epoch: 450, Loss: 0.0026, Train: 100.00%, Valid: 74.60%, Test: 77.60% [α=0.50,β=0.40]
Run 04:Highest Train: 100.00 Highest Valid: 77.20 Highest Test: 79.10 Chosen epoch: 333
Final Train: 100.00 Final Test: 79.10
Epoch: 00, Loss: 1.1017, Train: 33.33%, Valid: 23.20%, Test: 21.50% [α=0.50,β=1.00]
Epoch: 50, Loss: 0.2185, Train: 91.67%, Valid: 70.20%, Test: 72.10% [α=0.61,β=1.46]
Epoch: 100, Loss: 0.0124, Train: 100.00%, Valid: 69.60%, Test: 74.30% [α=0.57,β=1.44]
Epoch: 150, Loss: 0.0025, Train: 100.00%, Valid: 71.20%, Test: 76.00% [α=0.53,β=1.24]
Epoch: 200, Loss: 0.0014, Train: 100.00%, Valid: 73.20%, Test: 76.80% [α=0.51,β=1.06]
Epoch: 250, Loss: 0.0026, Train: 100.00%, Valid: 73.40%, Test: 75.40% [α=0.50,β=0.90]
Run 05:Highest Train: 100.00 Highest Valid: 75.20 Highest Test: 78.00 Chosen epoch: 65
Final Train: 100.00 Final Test: 76.40
5 runs: Highest Train: 100.00 ± 0.00 Highest val epoch:64
Highest Test: 78.64 ± 0.54 Final Test: 77.66 ± 1.42
