Namespace(data_dir='../data/', dataset='pubmed', device=0, seed=123, cpu=False, epochs=500, runs=5, train_prop=0.5, valid_prop=0.25, protocol='semi', rand_split=False, rand_split_class=True, label_num_per_class=20, valid_num=500, test_num=1000, directed=False, method='pcgt', hidden_channels=64, num_layers=4, num_heads=1, alpha=0.5, use_bn=False, use_residual=True, use_graph=True, use_weight=False, use_init=False, use_act=False, attention='gcn', lr=0.005, weight_decay=0.0005, dropout=0.5, display_step=50, no_feat_norm=True, patience=200, graph_weight=0.9, ours_weight_decay=0.01, ours_use_weight=False, ours_use_residual=False, ours_use_act=False, backbone='gcn', ours_layers=1, ours_dropout=0.3, aggregate='add', hops=1, gat_heads=8, out_heads=1, lamda=0.1, num_elayers=2, encoder_emdim=768, num_partitions=20, num_reps=4, partition_method='metis', no_pse=False, local_only=False, global_only=False)
pubmed
Num nodes: 19717
train:torch.Size([60]), valid:torch.Size([500]), test:torch.Size([1000])
features shape=torch.Size([19717, 500])
num nodes 19717 | num classes 3 | num node feats 500
Computing 20 partitions using metis...
Partitions: 20, Boundary nodes: 6059/19717 (30.7%)
Intra-partition edges: 72312/88648 (81.6%)
Epoch: 00, Loss: 1.0989, Train: 56.67%, Valid: 42.20%, Test: 46.90% [α=0.50,β=1.00]
Epoch: 50, Loss: 0.0360, Train: 100.00%, Valid: 76.60%, Test: 79.00% [α=0.53,β=0.83]
Epoch: 100, Loss: 0.0058, Train: 100.00%, Valid: 75.20%, Test: 77.80% [α=0.50,β=0.55]
Epoch: 150, Loss: 0.0019, Train: 100.00%, Valid: 75.00%, Test: 77.00% [α=0.50,β=0.36]
Epoch: 200, Loss: 0.0041, Train: 100.00%, Valid: 75.40%, Test: 77.40% [α=0.50,β=0.22]
Run 01:Highest Train: 100.00 Highest Valid: 79.00 Highest Test: 80.30 Chosen epoch: 48
Final Train: 100.00 Final Test: 79.90
Epoch: 00, Loss: 1.1018, Train: 51.67%, Valid: 34.80%, Test: 33.90% [α=0.50,β=1.00]
Epoch: 50, Loss: 0.0298, Train: 98.33%, Valid: 75.20%, Test: 78.60% [α=0.52,β=0.80]
Epoch: 100, Loss: 0.0047, Train: 100.00%, Valid: 75.00%, Test: 78.30% [α=0.50,β=0.48]
Epoch: 150, Loss: 0.0075, Train: 100.00%, Valid: 75.40%, Test: 78.20% [α=0.50,β=0.28]
Epoch: 200, Loss: 0.0020, Train: 100.00%, Valid: 75.00%, Test: 76.40% [α=0.50,β=0.16]
Run 02:Highest Train: 100.00 Highest Valid: 78.40 Highest Test: 80.10 Chosen epoch: 29
Final Train: 100.00 Final Test: 79.90
Epoch: 00, Loss: 1.0993, Train: 33.33%, Valid: 41.80%, Test: 38.80% [α=0.50,β=1.00]
Epoch: 50, Loss: 0.3312, Train: 88.33%, Valid: 66.80%, Test: 68.10% [α=0.56,β=0.97]
Epoch: 100, Loss: 0.0122, Train: 100.00%, Valid: 71.80%, Test: 74.60% [α=0.50,β=0.66]
Epoch: 150, Loss: 0.0019, Train: 100.00%, Valid: 75.00%, Test: 77.60% [α=0.50,β=0.38]
Epoch: 200, Loss: 0.0128, Train: 100.00%, Valid: 73.00%, Test: 76.80% [α=0.50,β=0.22]
Epoch: 250, Loss: 0.0051, Train: 100.00%, Valid: 73.00%, Test: 75.60% [α=0.50,β=0.12]
Run 03:Highest Train: 100.00 Highest Valid: 75.20 Highest Test: 78.70 Chosen epoch: 65
Final Train: 98.33 Final Test: 77.20
Epoch: 00, Loss: 1.0995, Train: 33.33%, Valid: 41.80%, Test: 38.80% [α=0.50,β=1.00]
Epoch: 50, Loss: 0.0561, Train: 95.00%, Valid: 71.80%, Test: 73.00% [α=0.59,β=1.13]
Epoch: 100, Loss: 0.0024, Train: 100.00%, Valid: 74.20%, Test: 74.30% [α=0.50,β=0.74]
Epoch: 150, Loss: 0.0093, Train: 100.00%, Valid: 75.00%, Test: 76.50% [α=0.50,β=0.45]
Epoch: 200, Loss: 0.0059, Train: 100.00%, Valid: 75.80%, Test: 78.20% [α=0.50,β=0.27]
Epoch: 250, Loss: 0.0019, Train: 100.00%, Valid: 75.60%, Test: 76.60% [α=0.50,β=0.16]
Epoch: 300, Loss: 0.0060, Train: 100.00%, Valid: 75.80%, Test: 76.40% [α=0.50,β=0.09]
Epoch: 350, Loss: 0.0035, Train: 100.00%, Valid: 75.20%, Test: 76.90% [α=0.50,β=0.05]
Epoch: 400, Loss: 0.0052, Train: 100.00%, Valid: 73.40%, Test: 73.80% [α=0.50,β=0.03]
Run 04:Highest Train: 100.00 Highest Valid: 77.60 Highest Test: 78.90 Chosen epoch: 205
Final Train: 100.00 Final Test: 78.00
Epoch: 00, Loss: 1.0996, Train: 33.33%, Valid: 41.80%, Test: 38.80% [α=0.50,β=1.00]
Epoch: 50, Loss: 0.4330, Train: 83.33%, Valid: 61.20%, Test: 64.70% [α=0.60,β=1.17]
Epoch: 100, Loss: 0.0222, Train: 100.00%, Valid: 72.40%, Test: 76.30% [α=0.52,β=1.02]
Epoch: 150, Loss: 0.0018, Train: 100.00%, Valid: 73.00%, Test: 77.10% [α=0.50,β=0.62]
Epoch: 200, Loss: 0.0045, Train: 100.00%, Valid: 72.60%, Test: 76.40% [α=0.50,β=0.37]
Epoch: 250, Loss: 0.0041, Train: 100.00%, Valid: 71.40%, Test: 75.90% [α=0.50,β=0.22]
Epoch: 300, Loss: 0.0029, Train: 100.00%, Valid: 71.80%, Test: 75.50% [α=0.50,β=0.13]
Epoch: 350, Loss: 0.0124, Train: 100.00%, Valid: 72.60%, Test: 76.30% [α=0.50,β=0.08]
Epoch: 400, Loss: 0.0049, Train: 100.00%, Valid: 70.00%, Test: 72.10% [α=0.50,β=0.04]
Run 05:Highest Train: 100.00 Highest Valid: 76.00 Highest Test: 79.10 Chosen epoch: 242
Final Train: 100.00 Final Test: 78.20
5 runs: Highest Train: 100.00 ± 0.00 Highest val epoch:241
Highest Test: 79.42 ± 0.73 Final Test: 78.64 ± 1.21
