Namespace(data_dir='../data/', dataset='pubmed', device=0, seed=123, cpu=False, epochs=500, runs=5, train_prop=0.5, valid_prop=0.25, protocol='semi', rand_split=False, rand_split_class=True, label_num_per_class=20, valid_num=500, test_num=1000, directed=False, method='pcgt', hidden_channels=64, num_layers=4, num_heads=1, alpha=0.5, use_bn=False, use_residual=True, use_graph=True, use_weight=False, use_init=False, use_act=False, attention='gcn', lr=0.005, weight_decay=0.0005, dropout=0.5, display_step=50, no_feat_norm=True, patience=200, graph_weight=0.8, ours_weight_decay=0.01, ours_use_weight=False, ours_use_residual=False, ours_use_act=False, backbone='gcn', ours_layers=1, ours_dropout=0.3, aggregate='add', hops=1, gat_heads=8, out_heads=1, lamda=0.1, num_elayers=2, encoder_emdim=768, num_partitions=15, num_reps=4, partition_method='metis', no_pse=False, local_only=False, global_only=False)
pubmed
Num nodes: 19717
train:torch.Size([60]), valid:torch.Size([500]), test:torch.Size([1000])
features shape=torch.Size([19717, 500])
num nodes 19717 | num classes 3 | num node feats 500
Computing 15 partitions using metis...
Partitions: 15, Boundary nodes: 5647/19717 (28.6%)
Intra-partition edges: 74000/88648 (83.5%)
Epoch: 00, Loss: 1.0996, Train: 45.00%, Valid: 41.20%, Test: 44.50% [α=0.50,β=1.00]
Epoch: 50, Loss: 0.0080, Train: 100.00%, Valid: 75.00%, Test: 75.60% [α=0.54,β=1.05]
Epoch: 100, Loss: 0.0061, Train: 100.00%, Valid: 72.80%, Test: 74.20% [α=0.52,β=0.86]
Epoch: 150, Loss: 0.0037, Train: 100.00%, Valid: 72.20%, Test: 75.10% [α=0.50,β=0.68]
Epoch: 200, Loss: 0.0951, Train: 98.33%, Valid: 71.20%, Test: 71.30% [α=0.50,β=0.52]
Run 01:Highest Train: 100.00 Highest Valid: 77.60 Highest Test: 79.20 Chosen epoch: 22
Final Train: 93.33 Final Test: 76.90
Epoch: 00, Loss: 1.1020, Train: 33.33%, Valid: 41.80%, Test: 38.80% [α=0.50,β=1.00]
Epoch: 50, Loss: 0.1230, Train: 100.00%, Valid: 74.80%, Test: 76.80% [α=0.58,β=1.18]
Epoch: 100, Loss: 0.0051, Train: 100.00%, Valid: 74.40%, Test: 75.00% [α=0.53,β=0.98]
Epoch: 150, Loss: 0.0095, Train: 100.00%, Valid: 74.60%, Test: 75.40% [α=0.51,β=0.76]
Epoch: 200, Loss: 0.0025, Train: 100.00%, Valid: 74.40%, Test: 76.80% [α=0.50,β=0.57]
Epoch: 250, Loss: 0.0053, Train: 100.00%, Valid: 72.40%, Test: 76.30% [α=0.50,β=0.43]
Epoch: 300, Loss: 0.0073, Train: 100.00%, Valid: 75.00%, Test: 77.00% [α=0.50,β=0.32]
Epoch: 350, Loss: 0.0024, Train: 100.00%, Valid: 75.20%, Test: 77.00% [α=0.50,β=0.23]
Epoch: 400, Loss: 0.0082, Train: 100.00%, Valid: 76.20%, Test: 77.50% [α=0.50,β=0.16]
Epoch: 450, Loss: 0.0037, Train: 100.00%, Valid: 73.80%, Test: 77.50% [α=0.50,β=0.11]
Run 02:Highest Train: 100.00 Highest Valid: 76.20 Highest Test: 78.30 Chosen epoch: 297
Final Train: 100.00 Final Test: 78.00
Epoch: 00, Loss: 1.0995, Train: 33.33%, Valid: 35.00%, Test: 39.70% [α=0.50,β=1.00]
Epoch: 50, Loss: 0.0701, Train: 100.00%, Valid: 73.80%, Test: 76.20% [α=0.62,β=1.41]
Epoch: 100, Loss: 0.0040, Train: 100.00%, Valid: 73.20%, Test: 75.90% [α=0.54,β=1.16]
Epoch: 150, Loss: 0.0062, Train: 100.00%, Valid: 74.40%, Test: 75.80% [α=0.51,β=0.88]
Epoch: 200, Loss: 0.0052, Train: 100.00%, Valid: 73.00%, Test: 74.50% [α=0.50,β=0.67]
Epoch: 250, Loss: 0.0013, Train: 100.00%, Valid: 75.80%, Test: 78.10% [α=0.50,β=0.51]
Run 03:Highest Train: 100.00 Highest Valid: 77.60 Highest Test: 78.50 Chosen epoch: 70
Final Train: 100.00 Final Test: 78.00
Epoch: 00, Loss: 1.0992, Train: 33.33%, Valid: 23.20%, Test: 21.50% [α=0.50,β=1.00]
Epoch: 50, Loss: 0.1072, Train: 98.33%, Valid: 77.00%, Test: 78.10% [α=0.66,β=1.61]
Epoch: 100, Loss: 0.0016, Train: 100.00%, Valid: 76.60%, Test: 78.20% [α=0.61,β=1.53]
Epoch: 150, Loss: 0.0023, Train: 100.00%, Valid: 76.00%, Test: 78.00% [α=0.55,β=1.33]
Epoch: 200, Loss: 0.0013, Train: 100.00%, Valid: 75.80%, Test: 76.30% [α=0.53,β=1.16]
Epoch: 250, Loss: 0.0012, Train: 100.00%, Valid: 75.80%, Test: 77.90% [α=0.51,β=1.00]
Run 04:Highest Train: 100.00 Highest Valid: 78.20 Highest Test: 79.20 Chosen epoch: 62
Final Train: 98.33 Final Test: 78.10
Epoch: 00, Loss: 1.1011, Train: 33.33%, Valid: 35.00%, Test: 39.70% [α=0.50,β=1.00]
Epoch: 50, Loss: 0.0388, Train: 100.00%, Valid: 73.80%, Test: 75.50% [α=0.61,β=1.37]
Epoch: 100, Loss: 0.0047, Train: 100.00%, Valid: 72.00%, Test: 74.10% [α=0.57,β=1.28]
Epoch: 150, Loss: 0.0004, Train: 100.00%, Valid: 74.60%, Test: 77.20% [α=0.54,β=1.13]
Epoch: 200, Loss: 0.0029, Train: 100.00%, Valid: 74.40%, Test: 75.80% [α=0.52,β=0.99]
Epoch: 250, Loss: 0.0043, Train: 100.00%, Valid: 75.00%, Test: 76.80% [α=0.51,β=0.87]
Epoch: 300, Loss: 0.0029, Train: 100.00%, Valid: 73.00%, Test: 76.40% [α=0.51,β=0.76]
Epoch: 350, Loss: 0.0036, Train: 100.00%, Valid: 75.20%, Test: 77.30% [α=0.50,β=0.66]
Epoch: 400, Loss: 0.0021, Train: 100.00%, Valid: 75.00%, Test: 76.20% [α=0.50,β=0.58]
Epoch: 450, Loss: 0.0097, Train: 100.00%, Valid: 74.60%, Test: 76.10% [α=0.50,β=0.50]
Run 05:Highest Train: 100.00 Highest Valid: 76.40 Highest Test: 79.10 Chosen epoch: 283
Final Train: 100.00 Final Test: 78.00
5 runs: Highest Train: 100.00 ± 0.00 Highest val epoch:282
Highest Test: 78.86 ± 0.43 Final Test: 77.80 ± 0.50
