Namespace(data_dir='../data/', dataset='squirrel', device=0, seed=42, cpu=False, epochs=500, runs=5, train_prop=0.5, valid_prop=0.25, protocol='semi', rand_split=False, rand_split_class=False, label_num_per_class=20, valid_num=500, test_num=500, directed=False, method='pcgt', hidden_channels=64, num_layers=8, num_heads=1, alpha=0.5, use_bn=False, use_residual=False, use_graph=True, use_weight=False, use_init=False, use_act=False, attention='gcn', lr=0.001, weight_decay=0.0005, dropout=0.3, display_step=50, no_feat_norm=False, patience=200, graph_weight=0.6, ours_weight_decay=0.0005, ours_use_weight=False, ours_use_residual=True, ours_use_act=True, backbone='gcn', ours_layers=1, ours_dropout=0.3, aggregate='add', hops=1, gat_heads=8, out_heads=1, lamda=0.1, num_elayers=2, encoder_emdim=768, num_partitions=20, num_reps=4, partition_method='metis', no_pse=False, local_only=False, global_only=False)
squirrel
features shape=torch.Size([2223, 2089])
num nodes 2223 | num classes 5 | num node feats 2089
Computing 20 partitions using metis...
Partitions: 20, Boundary nodes: 1890/2223 (85.0%)
Intra-partition edges: 41604/93996 (44.3%)
Epoch: 00, Loss: 1.6316, Train: 10.16%, Valid: 11.14%, Test: 10.18% [α=0.50,β=1.00]
Epoch: 50, Loss: 1.5326, Train: 32.95%, Valid: 35.10%, Test: 34.73% [α=0.51,β=1.05]
Epoch: 100, Loss: 1.3983, Train: 41.88%, Valid: 37.74%, Test: 36.50% [α=0.53,β=1.13]
Epoch: 150, Loss: 1.3048, Train: 46.06%, Valid: 39.42%, Test: 39.38% [α=0.55,β=1.20]
Epoch: 200, Loss: 1.2446, Train: 49.86%, Valid: 40.11%, Test: 39.38% [α=0.56,β=1.27]
Epoch: 250, Loss: 1.1958, Train: 52.90%, Valid: 40.81%, Test: 38.05% [α=0.57,β=1.34]
Epoch: 300, Loss: 1.1524, Train: 54.61%, Valid: 41.23%, Test: 38.72% [α=0.57,β=1.41]
Epoch: 350, Loss: 1.1182, Train: 58.02%, Valid: 40.67%, Test: 39.16% [α=0.57,β=1.48]
Epoch: 400, Loss: 1.0853, Train: 61.44%, Valid: 39.55%, Test: 40.04% [α=0.56,β=1.55]
Epoch: 450, Loss: 1.0379, Train: 63.15%, Valid: 38.86%, Test: 39.60% [α=0.56,β=1.62]
Run 01:Highest Train: 64.86 Highest Valid: 41.50 Highest Test: 40.93 Chosen epoch: 268
Final Train: 52.90 Final Test: 39.16
Epoch: 00, Loss: 1.6039, Train: 32.22%, Valid: 35.57%, Test: 35.89% [α=0.50,β=1.00]
Epoch: 50, Loss: 1.5280, Train: 34.72%, Valid: 37.29%, Test: 36.79% [α=0.50,β=1.02]
Epoch: 100, Loss: 1.4111, Train: 38.98%, Valid: 38.43%, Test: 37.92% [α=0.52,β=1.03]
Epoch: 150, Loss: 1.3384, Train: 43.43%, Valid: 41.86%, Test: 39.28% [α=0.54,β=1.06]
Epoch: 200, Loss: 1.2891, Train: 46.20%, Valid: 42.71%, Test: 42.21% [α=0.56,β=1.09]
Epoch: 250, Loss: 1.2461, Train: 48.52%, Valid: 43.43%, Test: 42.66% [α=0.58,β=1.12]
Epoch: 300, Loss: 1.2256, Train: 51.30%, Valid: 42.29%, Test: 43.34% [α=0.58,β=1.17]
Epoch: 350, Loss: 1.1896, Train: 52.96%, Valid: 42.00%, Test: 42.44% [α=0.59,β=1.22]
Epoch: 400, Loss: 1.1665, Train: 55.46%, Valid: 42.00%, Test: 42.89% [α=0.59,β=1.28]
Run 02:Highest Train: 58.06 Highest Valid: 43.57 Highest Test: 43.79 Chosen epoch: 238
Final Train: 47.69 Final Test: 42.44
Epoch: 00, Loss: 1.6006, Train: 13.37%, Valid: 14.19%, Test: 12.89% [α=0.50,β=1.00]
Epoch: 50, Loss: 1.5090, Train: 33.91%, Valid: 33.88%, Test: 37.56% [α=0.50,β=1.02]
Epoch: 100, Loss: 1.3791, Train: 38.87%, Valid: 36.23%, Test: 39.11% [α=0.51,β=1.03]
Epoch: 150, Loss: 1.3113, Train: 46.04%, Valid: 40.36%, Test: 44.00% [α=0.53,β=1.06]
Epoch: 200, Loss: 1.2577, Train: 48.42%, Valid: 39.53%, Test: 42.67% [α=0.55,β=1.09]
Epoch: 250, Loss: 1.2305, Train: 50.05%, Valid: 38.98%, Test: 42.00% [α=0.56,β=1.13]
Epoch: 300, Loss: 1.2065, Train: 52.34%, Valid: 38.15%, Test: 40.89% [α=0.56,β=1.18]
Epoch: 350, Loss: 1.1792, Train: 55.78%, Valid: 37.47%, Test: 41.11% [α=0.56,β=1.24]
Run 03:Highest Train: 56.16 Highest Valid: 40.50 Highest Test: 44.67 Chosen epoch: 160
Final Train: 46.80 Final Test: 43.56
Epoch: 00, Loss: 1.5993, Train: 18.30%, Valid: 18.79%, Test: 15.78% [α=0.50,β=1.00]
Epoch: 50, Loss: 1.5073, Train: 33.30%, Valid: 34.08%, Test: 35.56% [α=0.50,β=1.02]
Epoch: 100, Loss: 1.3826, Train: 42.74%, Valid: 36.19%, Test: 43.11% [α=0.52,β=1.04]
Epoch: 150, Loss: 1.3112, Train: 45.19%, Valid: 40.67%, Test: 44.89% [α=0.54,β=1.07]
Epoch: 200, Loss: 1.2749, Train: 47.26%, Valid: 40.39%, Test: 45.56% [α=0.56,β=1.10]
Epoch: 250, Loss: 1.2382, Train: 49.06%, Valid: 41.09%, Test: 45.33% [α=0.57,β=1.14]
Epoch: 300, Loss: 1.2119, Train: 50.47%, Valid: 40.81%, Test: 44.00% [α=0.58,β=1.19]
Epoch: 350, Loss: 1.1728, Train: 52.74%, Valid: 41.23%, Test: 43.11% [α=0.58,β=1.24]
Epoch: 400, Loss: 1.1617, Train: 54.81%, Valid: 40.25%, Test: 44.67% [α=0.57,β=1.31]
Epoch: 450, Loss: 1.1214, Train: 57.64%, Valid: 39.69%, Test: 43.11% [α=0.57,β=1.38]
Run 04:Highest Train: 61.13 Highest Valid: 41.80 Highest Test: 46.67 Chosen epoch: 361
Final Train: 53.68 Final Test: 43.33
Epoch: 00, Loss: 1.6141, Train: 14.22%, Valid: 14.74%, Test: 14.48% [α=0.50,β=1.00]
Epoch: 50, Loss: 1.5141, Train: 34.12%, Valid: 32.82%, Test: 35.63% [α=0.50,β=1.02]
Epoch: 100, Loss: 1.3821, Train: 42.65%, Valid: 38.25%, Test: 38.98% [α=0.52,β=1.04]
Epoch: 150, Loss: 1.3081, Train: 47.39%, Valid: 38.39%, Test: 40.31% [α=0.54,β=1.07]
Epoch: 200, Loss: 1.2671, Train: 47.11%, Valid: 38.94%, Test: 42.09% [α=0.55,β=1.10]
Epoch: 250, Loss: 1.2323, Train: 48.25%, Valid: 38.53%, Test: 42.98% [α=0.56,β=1.15]
Epoch: 300, Loss: 1.1978, Train: 51.09%, Valid: 39.22%, Test: 43.43% [α=0.56,β=1.19]
Epoch: 350, Loss: 1.1640, Train: 53.93%, Valid: 39.08%, Test: 43.43% [α=0.56,β=1.25]
Run 05:Highest Train: 56.68 Highest Valid: 39.36 Highest Test: 44.32 Chosen epoch: 198
Final Train: 47.20 Final Test: 42.09
5 runs: Highest Train: 59.38 ± 3.62 Highest val epoch:197
Highest Test: 44.08 ± 2.07 Final Test: 42.12 ± 1.76
