Namespace(data_dir='../data/', dataset='squirrel', device=0, seed=42, cpu=False, epochs=500, runs=5, train_prop=0.5, valid_prop=0.25, protocol='semi', rand_split=False, rand_split_class=False, label_num_per_class=20, valid_num=500, test_num=500, directed=False, method='pcgt', hidden_channels=64, num_layers=8, num_heads=1, alpha=0.5, use_bn=False, use_residual=False, use_graph=True, use_weight=False, use_init=False, use_act=False, attention='gcn', lr=0.001, weight_decay=0.0005, dropout=0.3, display_step=50, no_feat_norm=False, patience=200, graph_weight=0.6, ours_weight_decay=0.0005, ours_use_weight=False, ours_use_residual=True, ours_use_act=True, backbone='gcn', ours_layers=1, ours_dropout=0.3, aggregate='add', hops=1, gat_heads=8, out_heads=1, lamda=0.1, num_elayers=2, encoder_emdim=768, num_partitions=5, num_reps=4, partition_method='metis', no_pse=False, local_only=False, global_only=False)
squirrel
features shape=torch.Size([2223, 2089])
num nodes 2223 | num classes 5 | num node feats 2089
Computing 5 partitions using metis...
Partitions: 5, Boundary nodes: 1738/2223 (78.2%)
Intra-partition edges: 77386/93996 (82.3%)
Epoch: 00, Loss: 1.6318, Train: 10.16%, Valid: 11.14%, Test: 10.18% [α=0.50,β=1.00]
Epoch: 50, Loss: 1.5364, Train: 32.95%, Valid: 35.10%, Test: 34.73% [α=0.52,β=1.05]
Epoch: 100, Loss: 1.4158, Train: 38.18%, Valid: 38.02%, Test: 35.62% [α=0.53,β=1.13]
Epoch: 150, Loss: 1.3454, Train: 43.11%, Valid: 39.97%, Test: 39.16% [α=0.55,β=1.20]
Epoch: 200, Loss: 1.2992, Train: 47.48%, Valid: 43.45%, Test: 40.27% [α=0.55,β=1.26]
Epoch: 250, Loss: 1.2583, Train: 50.90%, Valid: 43.04%, Test: 39.16% [α=0.55,β=1.33]
Epoch: 300, Loss: 1.2268, Train: 51.76%, Valid: 44.57%, Test: 41.37% [α=0.55,β=1.40]
Epoch: 350, Loss: 1.1829, Train: 58.02%, Valid: 41.09%, Test: 40.27% [α=0.55,β=1.47]
Epoch: 400, Loss: 1.1278, Train: 60.02%, Valid: 42.76%, Test: 41.15% [α=0.54,β=1.54]
Epoch: 450, Loss: 1.0693, Train: 62.58%, Valid: 41.92%, Test: 43.58% [α=0.54,β=1.62]
Run 01:Highest Train: 63.82 Highest Valid: 45.26 Highest Test: 43.58 Chosen epoch: 270
Final Train: 51.09 Final Test: 40.49
Epoch: 00, Loss: 1.6353, Train: 10.74%, Valid: 9.86%, Test: 10.84% [α=0.50,β=1.00]
Epoch: 50, Loss: 1.5315, Train: 32.50%, Valid: 35.57%, Test: 35.89% [α=0.51,β=1.02]
Epoch: 100, Loss: 1.4237, Train: 38.70%, Valid: 39.14%, Test: 36.57% [α=0.53,β=1.04]
Epoch: 150, Loss: 1.3735, Train: 40.93%, Valid: 40.00%, Test: 37.70% [α=0.55,β=1.07]
Epoch: 200, Loss: 1.3418, Train: 43.24%, Valid: 40.71%, Test: 40.86% [α=0.55,β=1.09]
Epoch: 250, Loss: 1.3137, Train: 45.37%, Valid: 40.14%, Test: 43.34% [α=0.55,β=1.12]
Epoch: 300, Loss: 1.2865, Train: 47.31%, Valid: 41.00%, Test: 42.89% [α=0.55,β=1.16]
Epoch: 350, Loss: 1.2477, Train: 49.07%, Valid: 42.43%, Test: 40.41% [α=0.54,β=1.21]
Epoch: 400, Loss: 1.1892, Train: 55.37%, Valid: 41.86%, Test: 41.53% [α=0.54,β=1.26]
Epoch: 450, Loss: 1.1455, Train: 54.72%, Valid: 42.71%, Test: 38.60% [α=0.54,β=1.32]
Run 02:Highest Train: 59.63 Highest Valid: 43.43 Highest Test: 43.79 Chosen epoch: 412
Final Train: 53.33 Final Test: 41.76
Epoch: 00, Loss: 1.6223, Train: 13.56%, Valid: 15.98%, Test: 14.00% [α=0.50,β=1.00]
Epoch: 50, Loss: 1.5256, Train: 33.14%, Valid: 33.20%, Test: 37.33% [α=0.50,β=1.02]
Epoch: 100, Loss: 1.4284, Train: 36.68%, Valid: 35.12%, Test: 37.11% [α=0.52,β=1.03]
Epoch: 150, Loss: 1.3822, Train: 39.16%, Valid: 36.36%, Test: 40.22% [α=0.53,β=1.06]
Epoch: 200, Loss: 1.3451, Train: 41.93%, Valid: 38.57%, Test: 42.67% [α=0.53,β=1.08]
Epoch: 250, Loss: 1.2937, Train: 47.18%, Valid: 41.18%, Test: 42.44% [α=0.53,β=1.11]
Epoch: 300, Loss: 1.2350, Train: 51.67%, Valid: 41.74%, Test: 46.44% [α=0.53,β=1.14]
Epoch: 350, Loss: 1.2424, Train: 51.67%, Valid: 41.05%, Test: 45.33% [α=0.53,β=1.18]
Epoch: 400, Loss: 1.1872, Train: 54.54%, Valid: 43.11%, Test: 46.89% [α=0.53,β=1.23]
Epoch: 450, Loss: 1.1343, Train: 58.17%, Valid: 42.70%, Test: 42.67% [α=0.53,β=1.29]
Run 03:Highest Train: 61.03 Highest Valid: 44.77 Highest Test: 47.56 Chosen epoch: 352
Final Train: 52.05 Final Test: 44.67
Epoch: 00, Loss: 1.6268, Train: 15.57%, Valid: 14.31%, Test: 14.44% [α=0.50,β=1.00]
Epoch: 50, Loss: 1.5400, Train: 33.30%, Valid: 34.08%, Test: 35.56% [α=0.50,β=1.01]
Epoch: 100, Loss: 1.4632, Train: 37.64%, Valid: 34.64%, Test: 38.67% [α=0.52,β=1.03]
Epoch: 150, Loss: 1.3747, Train: 41.60%, Valid: 38.29%, Test: 43.56% [α=0.54,β=1.06]
Epoch: 200, Loss: 1.3399, Train: 45.19%, Valid: 37.87%, Test: 43.11% [α=0.54,β=1.08]
Epoch: 250, Loss: 1.2849, Train: 49.72%, Valid: 38.29%, Test: 42.00% [α=0.54,β=1.11]
Epoch: 300, Loss: 1.2502, Train: 48.96%, Valid: 39.69%, Test: 42.00% [α=0.54,β=1.16]
Epoch: 350, Loss: 1.1922, Train: 52.64%, Valid: 41.94%, Test: 41.33% [α=0.54,β=1.21]
Epoch: 400, Loss: 1.1733, Train: 54.62%, Valid: 41.37%, Test: 43.56% [α=0.54,β=1.27]
Epoch: 450, Loss: 1.1168, Train: 57.36%, Valid: 41.65%, Test: 41.78% [α=0.54,β=1.33]
Run 04:Highest Train: 61.70 Highest Valid: 43.48 Highest Test: 44.89 Chosen epoch: 397
Final Train: 55.19 Final Test: 42.00
Epoch: 00, Loss: 1.6127, Train: 22.18%, Valid: 21.70%, Test: 20.49% [α=0.50,β=1.00]
Epoch: 50, Loss: 1.5391, Train: 34.12%, Valid: 32.82%, Test: 35.63% [α=0.50,β=1.01]
Epoch: 100, Loss: 1.4519, Train: 38.29%, Valid: 35.33%, Test: 38.08% [α=0.52,β=1.03]
Epoch: 150, Loss: 1.3777, Train: 41.52%, Valid: 38.53%, Test: 38.98% [α=0.54,β=1.05]
Epoch: 200, Loss: 1.3449, Train: 43.13%, Valid: 39.36%, Test: 40.98% [α=0.54,β=1.08]
Epoch: 250, Loss: 1.3154, Train: 45.21%, Valid: 39.36%, Test: 40.98% [α=0.54,β=1.11]
Epoch: 300, Loss: 1.2885, Train: 45.97%, Valid: 39.78%, Test: 41.43% [α=0.54,β=1.14]
Epoch: 350, Loss: 1.2465, Train: 49.38%, Valid: 39.78%, Test: 41.65% [α=0.53,β=1.19]
Epoch: 400, Loss: 1.2157, Train: 51.56%, Valid: 39.78%, Test: 42.98% [α=0.53,β=1.25]
Epoch: 450, Loss: 1.1818, Train: 54.41%, Valid: 38.94%, Test: 42.76% [α=0.53,β=1.32]
Run 05:Highest Train: 58.77 Highest Valid: 40.75 Highest Test: 44.54 Chosen epoch: 377
Final Train: 49.95 Final Test: 42.32
5 runs: Highest Train: 60.99 ± 1.95 Highest val epoch:376
Highest Test: 44.87 ± 1.59 Final Test: 42.25 ± 1.52
