Namespace(data_dir='../data/', dataset='squirrel', device=0, seed=42, cpu=False, epochs=500, runs=5, train_prop=0.5, valid_prop=0.25, protocol='semi', rand_split=False, rand_split_class=False, label_num_per_class=20, valid_num=500, test_num=500, directed=False, method='pcgt', hidden_channels=64, num_layers=8, num_heads=1, alpha=0.5, use_bn=False, use_residual=False, use_graph=True, use_weight=False, use_init=False, use_act=False, attention='gcn', lr=0.001, weight_decay=0.0005, dropout=0.3, display_step=50, no_feat_norm=False, patience=200, graph_weight=0.4, ours_weight_decay=0.0005, ours_use_weight=False, ours_use_residual=True, ours_use_act=True, backbone='gcn', ours_layers=1, ours_dropout=0.3, aggregate='add', hops=1, gat_heads=8, out_heads=1, lamda=0.1, num_elayers=2, encoder_emdim=768, num_partitions=20, num_reps=4, partition_method='metis', no_pse=False, local_only=False, global_only=False)
squirrel
features shape=torch.Size([2223, 2089])
num nodes 2223 | num classes 5 | num node feats 2089
Computing 20 partitions using metis...
Partitions: 20, Boundary nodes: 1890/2223 (85.0%)
Intra-partition edges: 41604/93996 (44.3%)
Epoch: 00, Loss: 1.6317, Train: 10.16%, Valid: 11.14%, Test: 10.18% [α=0.50,β=1.00]
Epoch: 50, Loss: 1.5183, Train: 33.05%, Valid: 35.10%, Test: 34.73% [α=0.51,β=1.05]
Epoch: 100, Loss: 1.3666, Train: 43.68%, Valid: 36.77%, Test: 35.62% [α=0.53,β=1.13]
Epoch: 150, Loss: 1.2568, Train: 50.90%, Valid: 37.74%, Test: 37.61% [α=0.54,β=1.21]
Epoch: 200, Loss: 1.1793, Train: 55.75%, Valid: 39.00%, Test: 38.05% [α=0.55,β=1.27]
Epoch: 250, Loss: 1.1125, Train: 61.44%, Valid: 38.44%, Test: 38.50% [α=0.55,β=1.34]
Epoch: 300, Loss: 1.0498, Train: 64.39%, Valid: 38.72%, Test: 38.94% [α=0.55,β=1.41]
Epoch: 350, Loss: 0.9950, Train: 68.09%, Valid: 39.00%, Test: 39.16% [α=0.54,β=1.48]
Epoch: 400, Loss: 0.9496, Train: 71.51%, Valid: 38.86%, Test: 37.39% [α=0.53,β=1.55]
Epoch: 450, Loss: 0.8858, Train: 74.45%, Valid: 38.02%, Test: 37.61% [α=0.53,β=1.63]
Run 01:Highest Train: 77.30 Highest Valid: 39.69 Highest Test: 40.04 Chosen epoch: 340
Final Train: 68.09 Final Test: 39.16
Epoch: 00, Loss: 1.6040, Train: 32.22%, Valid: 35.57%, Test: 35.89% [α=0.50,β=1.00]
Epoch: 50, Loss: 1.5031, Train: 34.91%, Valid: 36.43%, Test: 35.44% [α=0.51,β=1.02]
Epoch: 100, Loss: 1.3791, Train: 40.74%, Valid: 39.14%, Test: 38.60% [α=0.53,β=1.03]
Epoch: 150, Loss: 1.3115, Train: 45.83%, Valid: 40.86%, Test: 40.86% [α=0.55,β=1.05]
Epoch: 200, Loss: 1.2626, Train: 48.89%, Valid: 42.71%, Test: 42.89% [α=0.56,β=1.08]
Epoch: 250, Loss: 1.2155, Train: 52.50%, Valid: 41.71%, Test: 41.99% [α=0.56,β=1.11]
Epoch: 300, Loss: 1.1755, Train: 56.30%, Valid: 41.43%, Test: 41.76% [α=0.56,β=1.15]
Epoch: 350, Loss: 1.1333, Train: 58.98%, Valid: 42.00%, Test: 41.76% [α=0.56,β=1.20]
Epoch: 400, Loss: 1.0821, Train: 63.15%, Valid: 40.57%, Test: 39.95% [α=0.55,β=1.26]
Run 02:Highest Train: 64.17 Highest Valid: 43.29 Highest Test: 43.12 Chosen epoch: 228
Final Train: 50.56 Final Test: 43.12
Epoch: 00, Loss: 1.6094, Train: 13.56%, Valid: 15.98%, Test: 14.00% [α=0.50,β=1.00]
Epoch: 50, Loss: 1.5171, Train: 33.14%, Valid: 33.20%, Test: 37.33% [α=0.50,β=1.01]
Epoch: 100, Loss: 1.3893, Train: 41.74%, Valid: 36.64%, Test: 37.11% [α=0.52,β=1.03]
Epoch: 150, Loss: 1.2841, Train: 47.76%, Valid: 38.43%, Test: 39.11% [α=0.53,β=1.05]
Epoch: 200, Loss: 1.2324, Train: 50.62%, Valid: 39.12%, Test: 39.78% [α=0.54,β=1.08]
Epoch: 250, Loss: 1.1864, Train: 53.10%, Valid: 39.53%, Test: 40.00% [α=0.54,β=1.12]
Epoch: 300, Loss: 1.1442, Train: 58.64%, Valid: 37.60%, Test: 39.56% [α=0.54,β=1.17]
Epoch: 350, Loss: 1.1092, Train: 62.37%, Valid: 38.02%, Test: 38.89% [α=0.54,β=1.23]
Epoch: 400, Loss: 1.0398, Train: 65.62%, Valid: 37.47%, Test: 37.11% [α=0.54,β=1.29]
Run 03:Highest Train: 67.43 Highest Valid: 39.67 Highest Test: 41.56 Chosen epoch: 229
Final Train: 51.38 Final Test: 39.56
Epoch: 00, Loss: 1.6144, Train: 16.51%, Valid: 16.83%, Test: 15.33% [α=0.50,β=1.00]
Epoch: 50, Loss: 1.5018, Train: 33.30%, Valid: 34.08%, Test: 35.56% [α=0.50,β=1.02]
Epoch: 100, Loss: 1.3815, Train: 43.30%, Valid: 34.92%, Test: 42.00% [α=0.53,β=1.04]
Epoch: 150, Loss: 1.2912, Train: 47.45%, Valid: 38.71%, Test: 43.33% [α=0.55,β=1.06]
Epoch: 200, Loss: 1.2221, Train: 50.19%, Valid: 38.99%, Test: 43.33% [α=0.56,β=1.10]
Epoch: 250, Loss: 1.1666, Train: 53.87%, Valid: 37.73%, Test: 42.00% [α=0.56,β=1.15]
Epoch: 300, Loss: 1.1075, Train: 59.25%, Valid: 37.45%, Test: 42.44% [α=0.56,β=1.20]
Epoch: 350, Loss: 1.0582, Train: 63.40%, Valid: 38.43%, Test: 42.00% [α=0.55,β=1.27]
Epoch: 400, Loss: 1.0189, Train: 66.89%, Valid: 38.01%, Test: 40.89% [α=0.55,β=1.34]
Run 04:Highest Train: 68.58 Highest Valid: 39.97 Highest Test: 44.67 Chosen epoch: 218
Final Train: 51.32 Final Test: 42.44
Epoch: 00, Loss: 1.6036, Train: 16.68%, Valid: 19.75%, Test: 17.59% [α=0.50,β=1.00]
Epoch: 50, Loss: 1.5239, Train: 34.12%, Valid: 32.82%, Test: 35.63% [α=0.50,β=1.02]
Epoch: 100, Loss: 1.3987, Train: 42.56%, Valid: 35.47%, Test: 37.86% [α=0.52,β=1.03]
Epoch: 150, Loss: 1.3068, Train: 46.64%, Valid: 38.66%, Test: 40.31% [α=0.54,β=1.05]
Epoch: 200, Loss: 1.2460, Train: 49.00%, Valid: 38.11%, Test: 41.87% [α=0.55,β=1.08]
Epoch: 250, Loss: 1.1997, Train: 52.32%, Valid: 38.80%, Test: 42.09% [α=0.56,β=1.12]
Epoch: 300, Loss: 1.1524, Train: 56.68%, Valid: 38.80%, Test: 42.32% [α=0.56,β=1.17]
Epoch: 350, Loss: 1.1067, Train: 60.28%, Valid: 38.11%, Test: 42.76% [α=0.55,β=1.22]
Epoch: 400, Loss: 1.0548, Train: 64.45%, Valid: 37.97%, Test: 42.54% [α=0.54,β=1.29]
Epoch: 450, Loss: 1.0073, Train: 69.38%, Valid: 38.39%, Test: 40.09% [α=0.53,β=1.36]
Run 05:Highest Train: 70.90 Highest Valid: 39.22 Highest Test: 43.65 Chosen epoch: 282
Final Train: 54.60 Final Test: 42.09
5 runs: Highest Train: 69.68 ± 4.91 Highest val epoch:281
Highest Test: 42.61 ± 1.82 Final Test: 41.27 ± 1.79
