Namespace(data_dir='../data/', dataset='squirrel', device=0, seed=42, cpu=False, epochs=500, runs=5, train_prop=0.5, valid_prop=0.25, protocol='semi', rand_split=False, rand_split_class=False, label_num_per_class=20, valid_num=500, test_num=500, directed=False, method='pcgt', hidden_channels=64, num_layers=8, num_heads=1, alpha=0.5, use_bn=False, use_residual=False, use_graph=True, use_weight=False, use_init=False, use_act=False, attention='gcn', lr=0.001, weight_decay=0.0005, dropout=0.3, display_step=50, no_feat_norm=False, patience=200, graph_weight=0.4, ours_weight_decay=0.0005, ours_use_weight=False, ours_use_residual=True, ours_use_act=True, backbone='gcn', ours_layers=1, ours_dropout=0.3, aggregate='add', hops=1, gat_heads=8, out_heads=1, lamda=0.1, num_elayers=2, encoder_emdim=768, num_partitions=10, num_reps=4, partition_method='metis', no_pse=False, local_only=False, global_only=False)
squirrel
features shape=torch.Size([2223, 2089])
num nodes 2223 | num classes 5 | num node feats 2089
Computing 10 partitions using metis...
Partitions: 10, Boundary nodes: 1850/2223 (83.2%)
Intra-partition edges: 58952/93996 (62.7%)
Epoch: 00, Loss: 1.6315, Train: 10.16%, Valid: 11.14%, Test: 10.18% [α=0.50,β=1.00]
Epoch: 50, Loss: 1.5222, Train: 32.95%, Valid: 35.10%, Test: 34.73% [α=0.51,β=1.05]
Epoch: 100, Loss: 1.3831, Train: 40.46%, Valid: 38.02%, Test: 36.73% [α=0.53,β=1.13]
Epoch: 150, Loss: 1.2933, Train: 49.00%, Valid: 41.64%, Test: 38.05% [α=0.53,β=1.20]
Epoch: 200, Loss: 1.2060, Train: 54.80%, Valid: 41.64%, Test: 37.39% [α=0.54,β=1.27]
Epoch: 250, Loss: 1.1495, Train: 58.97%, Valid: 40.53%, Test: 38.27% [α=0.53,β=1.35]
Epoch: 300, Loss: 1.0841, Train: 62.30%, Valid: 40.53%, Test: 35.62% [α=0.53,β=1.42]
Epoch: 350, Loss: 1.0300, Train: 66.86%, Valid: 39.55%, Test: 35.18% [α=0.52,β=1.50]
Run 01:Highest Train: 70.09 Highest Valid: 42.06 Highest Test: 38.72 Chosen epoch: 188
Final Train: 53.18 Final Test: 37.17
Epoch: 00, Loss: 1.6101, Train: 11.76%, Valid: 11.86%, Test: 13.54% [α=0.50,β=1.00]
Epoch: 50, Loss: 1.5131, Train: 35.09%, Valid: 36.86%, Test: 36.79% [α=0.51,β=1.02]
Epoch: 100, Loss: 1.3943, Train: 40.28%, Valid: 40.29%, Test: 37.70% [α=0.53,β=1.04]
Epoch: 150, Loss: 1.3321, Train: 43.98%, Valid: 40.29%, Test: 39.50% [α=0.54,β=1.06]
Epoch: 200, Loss: 1.2904, Train: 46.85%, Valid: 40.86%, Test: 40.86% [α=0.54,β=1.09]
Epoch: 250, Loss: 1.2533, Train: 49.72%, Valid: 40.71%, Test: 40.86% [α=0.53,β=1.12]
Epoch: 300, Loss: 1.1951, Train: 52.87%, Valid: 40.43%, Test: 40.18% [α=0.53,β=1.17]
Epoch: 350, Loss: 1.1697, Train: 57.78%, Valid: 40.14%, Test: 38.83% [α=0.52,β=1.23]
Run 02:Highest Train: 58.52 Highest Valid: 41.57 Highest Test: 41.99 Chosen epoch: 156
Final Train: 44.26 Final Test: 39.73
Epoch: 00, Loss: 1.6355, Train: 13.56%, Valid: 15.98%, Test: 14.00% [α=0.50,β=1.00]
Epoch: 50, Loss: 1.5238, Train: 33.14%, Valid: 33.20%, Test: 37.33% [α=0.50,β=1.02]
Epoch: 100, Loss: 1.3999, Train: 40.21%, Valid: 34.30%, Test: 35.33% [α=0.52,β=1.03]
Epoch: 150, Loss: 1.3213, Train: 44.60%, Valid: 36.50%, Test: 38.00% [α=0.54,β=1.06]
Epoch: 200, Loss: 1.2671, Train: 49.00%, Valid: 37.05%, Test: 40.00% [α=0.54,β=1.10]
Epoch: 250, Loss: 1.2227, Train: 51.29%, Valid: 37.19%, Test: 39.11% [α=0.53,β=1.14]
Epoch: 300, Loss: 1.1729, Train: 55.40%, Valid: 36.64%, Test: 40.44% [α=0.53,β=1.20]
Epoch: 350, Loss: 1.1263, Train: 59.60%, Valid: 34.85%, Test: 39.33% [α=0.52,β=1.26]
Epoch: 400, Loss: 1.0796, Train: 64.18%, Valid: 35.12%, Test: 40.89% [α=0.52,β=1.34]
Run 03:Highest Train: 65.14 Highest Valid: 37.60 Highest Test: 41.11 Chosen epoch: 212
Final Train: 49.09 Final Test: 40.44
Epoch: 00, Loss: 1.6334, Train: 18.11%, Valid: 18.79%, Test: 15.78% [α=0.50,β=1.00]
Epoch: 50, Loss: 1.5105, Train: 33.30%, Valid: 34.08%, Test: 35.56% [α=0.51,β=1.02]
Epoch: 100, Loss: 1.4024, Train: 42.26%, Valid: 38.43%, Test: 45.11% [α=0.53,β=1.04]
Epoch: 150, Loss: 1.3177, Train: 46.23%, Valid: 38.29%, Test: 45.11% [α=0.53,β=1.06]
Epoch: 200, Loss: 1.2667, Train: 49.15%, Valid: 39.13%, Test: 44.89% [α=0.54,β=1.10]
Epoch: 250, Loss: 1.2285, Train: 54.53%, Valid: 38.15%, Test: 46.44% [α=0.54,β=1.14]
Epoch: 300, Loss: 1.1821, Train: 57.64%, Valid: 37.59%, Test: 44.00% [α=0.54,β=1.20]
Epoch: 350, Loss: 1.1331, Train: 59.91%, Valid: 37.31%, Test: 44.00% [α=0.53,β=1.26]
Run 04:Highest Train: 61.42 Highest Valid: 39.83 Highest Test: 47.56 Chosen epoch: 164
Final Train: 46.70 Final Test: 45.33
Epoch: 00, Loss: 1.6076, Train: 21.14%, Valid: 18.92%, Test: 19.15% [α=0.50,β=1.00]
Epoch: 50, Loss: 1.5132, Train: 34.12%, Valid: 32.82%, Test: 35.63% [α=0.51,β=1.02]
Epoch: 100, Loss: 1.4126, Train: 41.61%, Valid: 35.88%, Test: 38.53% [α=0.53,β=1.04]
Epoch: 150, Loss: 1.3250, Train: 45.31%, Valid: 35.74%, Test: 40.98% [α=0.54,β=1.06]
Epoch: 200, Loss: 1.2650, Train: 48.63%, Valid: 37.55%, Test: 42.09% [α=0.54,β=1.09]
Epoch: 250, Loss: 1.2281, Train: 52.61%, Valid: 37.55%, Test: 42.76% [α=0.53,β=1.14]
Epoch: 300, Loss: 1.1709, Train: 56.11%, Valid: 37.69%, Test: 42.09% [α=0.53,β=1.20]
Epoch: 350, Loss: 1.1231, Train: 61.04%, Valid: 36.72%, Test: 42.32% [α=0.52,β=1.27]
Epoch: 400, Loss: 1.0642, Train: 64.83%, Valid: 36.86%, Test: 42.09% [α=0.51,β=1.35]
Run 05:Highest Train: 68.91 Highest Valid: 38.11 Highest Test: 44.10 Chosen epoch: 249
Final Train: 52.23 Final Test: 42.98
5 runs: Highest Train: 64.81 ± 4.90 Highest val epoch:248
Highest Test: 42.69 ± 3.33 Final Test: 41.13 ± 3.13
