Namespace(data_dir='../data/', dataset='squirrel', device=0, seed=42, cpu=False, epochs=500, runs=5, train_prop=0.5, valid_prop=0.25, protocol='semi', rand_split=False, rand_split_class=False, label_num_per_class=20, valid_num=500, test_num=500, directed=False, method='pcgt', hidden_channels=64, num_layers=8, num_heads=1, alpha=0.5, use_bn=False, use_residual=False, use_graph=True, use_weight=False, use_init=False, use_act=False, attention='gcn', lr=0.001, weight_decay=0.0005, dropout=0.3, display_step=50, no_feat_norm=False, patience=200, graph_weight=0.4, ours_weight_decay=0.0005, ours_use_weight=False, ours_use_residual=True, ours_use_act=True, backbone='gcn', ours_layers=1, ours_dropout=0.3, aggregate='add', hops=1, gat_heads=8, out_heads=1, lamda=0.1, num_elayers=2, encoder_emdim=768, num_partitions=15, num_reps=4, partition_method='metis', no_pse=False, local_only=False, global_only=False)
squirrel
features shape=torch.Size([2223, 2089])
num nodes 2223 | num classes 5 | num node feats 2089
Computing 15 partitions using metis...
Partitions: 15, Boundary nodes: 1885/2223 (84.8%)
Intra-partition edges: 49144/93996 (52.3%)
Epoch: 00, Loss: 1.6315, Train: 10.16%, Valid: 11.14%, Test: 10.18% [α=0.50,β=1.00]
Epoch: 50, Loss: 1.5233, Train: 32.95%, Valid: 35.10%, Test: 34.73% [α=0.51,β=1.05]
Epoch: 100, Loss: 1.3846, Train: 42.74%, Valid: 37.60%, Test: 36.06% [α=0.53,β=1.13]
Epoch: 150, Loss: 1.2735, Train: 49.29%, Valid: 38.58%, Test: 36.06% [α=0.54,β=1.21]
Epoch: 200, Loss: 1.1881, Train: 55.08%, Valid: 38.58%, Test: 40.27% [α=0.55,β=1.28]
Epoch: 250, Loss: 1.1276, Train: 59.92%, Valid: 39.42%, Test: 40.93% [α=0.55,β=1.35]
Epoch: 300, Loss: 1.0713, Train: 63.63%, Valid: 38.72%, Test: 39.82% [α=0.55,β=1.42]
Epoch: 350, Loss: 1.0088, Train: 67.43%, Valid: 37.88%, Test: 38.50% [α=0.54,β=1.49]
Epoch: 400, Loss: 0.9697, Train: 70.85%, Valid: 38.72%, Test: 38.05% [α=0.53,β=1.56]
Run 01:Highest Train: 73.60 Highest Valid: 39.69 Highest Test: 40.93 Chosen epoch: 236
Final Train: 58.78 Final Test: 39.60
Epoch: 00, Loss: 1.6132, Train: 31.76%, Valid: 34.71%, Test: 35.21% [α=0.50,β=1.00]
Epoch: 50, Loss: 1.5027, Train: 34.72%, Valid: 36.57%, Test: 35.21% [α=0.51,β=1.02]
Epoch: 100, Loss: 1.3904, Train: 40.74%, Valid: 38.86%, Test: 37.25% [α=0.53,β=1.04]
Epoch: 150, Loss: 1.3133, Train: 45.93%, Valid: 41.71%, Test: 39.95% [α=0.54,β=1.06]
Epoch: 200, Loss: 1.2676, Train: 48.33%, Valid: 42.29%, Test: 41.53% [α=0.54,β=1.09]
Epoch: 250, Loss: 1.2127, Train: 51.67%, Valid: 40.86%, Test: 41.31% [α=0.54,β=1.13]
Epoch: 300, Loss: 1.1757, Train: 55.09%, Valid: 40.71%, Test: 40.63% [α=0.54,β=1.18]
Epoch: 350, Loss: 1.1229, Train: 60.28%, Valid: 40.00%, Test: 40.18% [α=0.53,β=1.24]
Run 02:Highest Train: 62.59 Highest Valid: 42.57 Highest Test: 41.99 Chosen epoch: 182
Final Train: 47.59 Final Test: 41.53
Epoch: 00, Loss: 1.6346, Train: 12.99%, Valid: 14.19%, Test: 11.11% [α=0.50,β=1.00]
Epoch: 50, Loss: 1.5287, Train: 33.14%, Valid: 33.20%, Test: 37.33% [α=0.50,β=1.01]
Epoch: 100, Loss: 1.4038, Train: 39.73%, Valid: 37.33%, Test: 37.33% [α=0.52,β=1.03]
Epoch: 150, Loss: 1.3148, Train: 44.99%, Valid: 37.74%, Test: 42.00% [α=0.53,β=1.05]
Epoch: 200, Loss: 1.2663, Train: 49.86%, Valid: 36.91%, Test: 42.44% [α=0.55,β=1.09]
Epoch: 250, Loss: 1.1912, Train: 53.68%, Valid: 37.19%, Test: 42.89% [α=0.55,β=1.13]
Epoch: 300, Loss: 1.1639, Train: 58.93%, Valid: 37.47%, Test: 40.00% [α=0.54,β=1.18]
Epoch: 350, Loss: 1.1057, Train: 62.37%, Valid: 38.15%, Test: 39.56% [α=0.54,β=1.24]
Run 03:Highest Train: 63.42 Highest Valid: 38.98 Highest Test: 43.78 Chosen epoch: 156
Final Train: 46.23 Final Test: 42.22
Epoch: 00, Loss: 1.6333, Train: 15.00%, Valid: 17.81%, Test: 14.67% [α=0.50,β=1.00]
Epoch: 50, Loss: 1.5187, Train: 33.30%, Valid: 34.08%, Test: 35.56% [α=0.50,β=1.02]
Epoch: 100, Loss: 1.4003, Train: 40.38%, Valid: 37.03%, Test: 41.56% [α=0.53,β=1.03]
Epoch: 150, Loss: 1.3201, Train: 46.13%, Valid: 38.99%, Test: 43.11% [α=0.54,β=1.06]
Epoch: 200, Loss: 1.2458, Train: 48.77%, Valid: 40.25%, Test: 42.67% [α=0.56,β=1.10]
Epoch: 250, Loss: 1.2046, Train: 51.42%, Valid: 40.95%, Test: 42.44% [α=0.57,β=1.14]
Epoch: 300, Loss: 1.1503, Train: 55.19%, Valid: 39.13%, Test: 41.78% [α=0.56,β=1.20]
Epoch: 350, Loss: 1.1102, Train: 59.25%, Valid: 38.43%, Test: 43.33% [α=0.55,β=1.27]
Epoch: 400, Loss: 1.0675, Train: 63.49%, Valid: 37.31%, Test: 42.00% [α=0.54,β=1.34]
Epoch: 450, Loss: 0.9988, Train: 67.17%, Valid: 36.61%, Test: 42.00% [α=0.53,β=1.42]
Run 04:Highest Train: 68.58 Highest Valid: 41.23 Highest Test: 43.78 Chosen epoch: 257
Final Train: 52.74 Final Test: 41.78
Epoch: 00, Loss: 1.5884, Train: 34.12%, Valid: 32.82%, Test: 35.63% [α=0.50,β=1.00]
Epoch: 50, Loss: 1.5249, Train: 34.12%, Valid: 32.82%, Test: 35.63% [α=0.50,β=1.02]
Epoch: 100, Loss: 1.4371, Train: 37.73%, Valid: 34.49%, Test: 35.19% [α=0.52,β=1.03]
Epoch: 150, Loss: 1.3220, Train: 45.40%, Valid: 36.72%, Test: 39.64% [α=0.55,β=1.06]
Epoch: 200, Loss: 1.2609, Train: 50.24%, Valid: 37.27%, Test: 41.65% [α=0.55,β=1.09]
Epoch: 250, Loss: 1.1901, Train: 55.45%, Valid: 37.83%, Test: 42.09% [α=0.55,β=1.14]
Epoch: 300, Loss: 1.1450, Train: 58.96%, Valid: 37.13%, Test: 42.76% [α=0.54,β=1.19]
Epoch: 350, Loss: 1.0880, Train: 62.56%, Valid: 36.44%, Test: 42.09% [α=0.54,β=1.26]
Epoch: 400, Loss: 1.0268, Train: 67.01%, Valid: 35.19%, Test: 40.76% [α=0.53,β=1.34]
Epoch: 450, Loss: 0.9778, Train: 69.57%, Valid: 35.19%, Test: 40.31% [α=0.52,β=1.42]
Run 05:Highest Train: 71.28 Highest Valid: 38.25 Highest Test: 42.98 Chosen epoch: 255
Final Train: 54.03 Final Test: 42.54
5 runs: Highest Train: 67.90 ± 4.81 Highest val epoch:254
Highest Test: 42.69 ± 1.23 Final Test: 41.54 ± 1.15
