Namespace(data_dir='../data/', dataset='squirrel', device=0, seed=42, cpu=False, epochs=500, runs=5, train_prop=0.5, valid_prop=0.25, protocol='semi', rand_split=False, rand_split_class=False, label_num_per_class=20, valid_num=500, test_num=500, directed=False, method='pcgt', hidden_channels=64, num_layers=8, num_heads=1, alpha=0.5, use_bn=False, use_residual=False, use_graph=True, use_weight=False, use_init=False, use_act=False, attention='gcn', lr=0.001, weight_decay=0.0005, dropout=0.3, display_step=50, no_feat_norm=False, patience=200, graph_weight=0.5, ours_weight_decay=0.0005, ours_use_weight=False, ours_use_residual=True, ours_use_act=True, backbone='gcn', ours_layers=1, ours_dropout=0.3, aggregate='add', hops=1, gat_heads=8, out_heads=1, lamda=0.1, num_elayers=2, encoder_emdim=768, num_partitions=5, num_reps=4, partition_method='metis', no_pse=False, local_only=False, global_only=False)
squirrel
features shape=torch.Size([2223, 2089])
num nodes 2223 | num classes 5 | num node feats 2089
Computing 5 partitions using metis...
Partitions: 5, Boundary nodes: 1738/2223 (78.2%)
Intra-partition edges: 77386/93996 (82.3%)
Epoch: 00, Loss: 1.6319, Train: 10.16%, Valid: 11.14%, Test: 10.18% [α=0.50,β=1.00]
Epoch: 50, Loss: 1.5308, Train: 32.95%, Valid: 35.10%, Test: 34.73% [α=0.52,β=1.05]
Epoch: 100, Loss: 1.4054, Train: 38.27%, Valid: 38.72%, Test: 36.06% [α=0.53,β=1.13]
Epoch: 150, Loss: 1.3288, Train: 43.97%, Valid: 39.69%, Test: 38.72% [α=0.55,β=1.20]
Epoch: 200, Loss: 1.2724, Train: 51.47%, Valid: 43.59%, Test: 40.71% [α=0.55,β=1.27]
Epoch: 250, Loss: 1.2161, Train: 54.51%, Valid: 44.57%, Test: 39.38% [α=0.55,β=1.34]
Epoch: 300, Loss: 1.1741, Train: 57.45%, Valid: 44.29%, Test: 38.94% [α=0.55,β=1.41]
Epoch: 350, Loss: 1.1202, Train: 62.30%, Valid: 42.06%, Test: 39.60% [α=0.55,β=1.49]
Epoch: 400, Loss: 1.0570, Train: 65.81%, Valid: 42.48%, Test: 40.93% [α=0.55,β=1.56]
Epoch: 450, Loss: 0.9885, Train: 69.71%, Valid: 42.90%, Test: 41.59% [α=0.55,β=1.63]
Run 01:Highest Train: 69.80 Highest Valid: 44.99 Highest Test: 42.70 Chosen epoch: 255
Final Train: 55.27 Final Test: 39.38
Epoch: 00, Loss: 1.6275, Train: 14.44%, Valid: 11.86%, Test: 14.00% [α=0.50,β=1.00]
Epoch: 50, Loss: 1.5432, Train: 32.22%, Valid: 35.57%, Test: 35.89% [α=0.50,β=1.02]
Epoch: 100, Loss: 1.4345, Train: 38.06%, Valid: 38.86%, Test: 37.92% [α=0.53,β=1.03]
Epoch: 150, Loss: 1.3802, Train: 41.67%, Valid: 39.86%, Test: 38.60% [α=0.54,β=1.05]
Epoch: 200, Loss: 1.3347, Train: 45.28%, Valid: 40.71%, Test: 41.08% [α=0.55,β=1.08]
Epoch: 250, Loss: 1.2956, Train: 47.31%, Valid: 41.43%, Test: 41.99% [α=0.55,β=1.11]
Epoch: 300, Loss: 1.2771, Train: 49.26%, Valid: 40.71%, Test: 41.76% [α=0.55,β=1.15]
Epoch: 350, Loss: 1.2406, Train: 52.04%, Valid: 41.71%, Test: 41.08% [α=0.54,β=1.19]
Epoch: 400, Loss: 1.1773, Train: 57.22%, Valid: 41.71%, Test: 41.53% [α=0.54,β=1.25]
Epoch: 450, Loss: 1.1241, Train: 59.44%, Valid: 41.00%, Test: 41.31% [α=0.53,β=1.31]
Run 02:Highest Train: 63.61 Highest Valid: 42.43 Highest Test: 43.34 Chosen epoch: 444
Final Train: 57.78 Final Test: 39.28
Epoch: 00, Loss: 1.6226, Train: 13.18%, Valid: 15.70%, Test: 16.00% [α=0.50,β=1.00]
Epoch: 50, Loss: 1.5129, Train: 33.14%, Valid: 33.20%, Test: 37.33% [α=0.51,β=1.02]
Epoch: 100, Loss: 1.3970, Train: 39.54%, Valid: 35.81%, Test: 39.78% [α=0.52,β=1.04]
Epoch: 150, Loss: 1.3371, Train: 43.27%, Valid: 37.74%, Test: 42.44% [α=0.53,β=1.07]
Epoch: 200, Loss: 1.2974, Train: 46.04%, Valid: 38.98%, Test: 42.22% [α=0.53,β=1.10]
Epoch: 250, Loss: 1.2773, Train: 49.28%, Valid: 40.08%, Test: 42.67% [α=0.53,β=1.14]
Epoch: 300, Loss: 1.2326, Train: 53.01%, Valid: 40.08%, Test: 42.00% [α=0.53,β=1.19]
Epoch: 350, Loss: 1.1910, Train: 56.64%, Valid: 37.60%, Test: 42.44% [α=0.53,β=1.25]
Epoch: 400, Loss: 1.1513, Train: 59.69%, Valid: 38.84%, Test: 40.22% [α=0.53,β=1.32]
Run 03:Highest Train: 62.27 Highest Valid: 40.36 Highest Test: 43.56 Chosen epoch: 226
Final Train: 48.14 Final Test: 42.22
Epoch: 00, Loss: 1.6504, Train: 13.02%, Valid: 15.99%, Test: 15.11% [α=0.50,β=1.00]
Epoch: 50, Loss: 1.5263, Train: 33.30%, Valid: 34.08%, Test: 35.56% [α=0.50,β=1.02]
Epoch: 100, Loss: 1.4328, Train: 38.30%, Valid: 34.92%, Test: 39.78% [α=0.53,β=1.03]
Epoch: 150, Loss: 1.3623, Train: 42.55%, Valid: 38.43%, Test: 43.78% [α=0.54,β=1.05]
Epoch: 200, Loss: 1.3357, Train: 45.94%, Valid: 38.85%, Test: 43.56% [α=0.54,β=1.08]
Epoch: 250, Loss: 1.2602, Train: 49.62%, Valid: 41.65%, Test: 40.67% [α=0.53,β=1.11]
Epoch: 300, Loss: 1.1880, Train: 53.21%, Valid: 41.80%, Test: 40.67% [α=0.53,β=1.15]
Epoch: 350, Loss: 1.1555, Train: 54.91%, Valid: 42.92%, Test: 41.11% [α=0.54,β=1.20]
Epoch: 400, Loss: 1.1259, Train: 58.02%, Valid: 42.78%, Test: 42.44% [α=0.54,β=1.25]
Epoch: 450, Loss: 1.0852, Train: 58.40%, Valid: 41.51%, Test: 41.56% [α=0.54,β=1.31]
Run 04:Highest Train: 65.09 Highest Valid: 44.04 Highest Test: 44.67 Chosen epoch: 357
Final Train: 56.79 Final Test: 40.67
Epoch: 00, Loss: 1.6203, Train: 16.68%, Valid: 19.75%, Test: 17.59% [α=0.50,β=1.00]
Epoch: 50, Loss: 1.5241, Train: 34.12%, Valid: 32.82%, Test: 35.63% [α=0.50,β=1.02]
Epoch: 100, Loss: 1.4454, Train: 38.10%, Valid: 35.61%, Test: 37.86% [α=0.53,β=1.03]
Epoch: 150, Loss: 1.3602, Train: 43.41%, Valid: 37.00%, Test: 38.31% [α=0.53,β=1.05]
Epoch: 200, Loss: 1.3347, Train: 45.40%, Valid: 38.39%, Test: 40.98% [α=0.52,β=1.08]
Epoch: 250, Loss: 1.2739, Train: 47.87%, Valid: 39.22%, Test: 41.20% [α=0.52,β=1.12]
Epoch: 300, Loss: 1.2055, Train: 52.99%, Valid: 38.80%, Test: 41.65% [α=0.52,β=1.16]
Epoch: 350, Loss: 1.1387, Train: 58.10%, Valid: 38.66%, Test: 44.10% [α=0.52,β=1.22]
Epoch: 400, Loss: 1.0877, Train: 60.57%, Valid: 39.08%, Test: 41.20% [α=0.52,β=1.28]
Epoch: 450, Loss: 1.1064, Train: 59.43%, Valid: 38.25%, Test: 42.98% [α=0.52,β=1.35]
Run 05:Highest Train: 66.16 Highest Valid: 40.75 Highest Test: 45.21 Chosen epoch: 392
Final Train: 61.14 Final Test: 41.65
5 runs: Highest Train: 65.39 ± 2.87 Highest val epoch:391
Highest Test: 43.89 ± 1.02 Final Test: 40.64 ± 1.32
