Namespace(data_dir='../data/', dataset='squirrel', device=0, seed=42, cpu=False, epochs=500, runs=5, train_prop=0.5, valid_prop=0.25, protocol='semi', rand_split=False, rand_split_class=False, label_num_per_class=20, valid_num=500, test_num=500, directed=False, method='pcgt', hidden_channels=64, num_layers=8, num_heads=1, alpha=0.5, use_bn=False, use_residual=False, use_graph=True, use_weight=False, use_init=False, use_act=False, attention='gcn', lr=0.001, weight_decay=0.0005, dropout=0.3, display_step=50, no_feat_norm=False, patience=200, graph_weight=0.5, ours_weight_decay=0.0005, ours_use_weight=False, ours_use_residual=True, ours_use_act=True, backbone='gcn', ours_layers=1, ours_dropout=0.3, aggregate='add', hops=1, gat_heads=8, out_heads=1, lamda=0.1, num_elayers=2, encoder_emdim=768, num_partitions=10, num_reps=4, partition_method='metis', no_pse=False, local_only=False, global_only=False)
squirrel
features shape=torch.Size([2223, 2089])
num nodes 2223 | num classes 5 | num node feats 2089
Computing 10 partitions using metis...
Partitions: 10, Boundary nodes: 1850/2223 (83.2%)
Intra-partition edges: 58952/93996 (62.7%)
Epoch: 00, Loss: 1.6315, Train: 10.16%, Valid: 11.14%, Test: 10.18% [α=0.50,β=1.00]
Epoch: 50, Loss: 1.5280, Train: 32.95%, Valid: 35.10%, Test: 34.73% [α=0.51,β=1.05]
Epoch: 100, Loss: 1.3946, Train: 39.98%, Valid: 38.58%, Test: 37.39% [α=0.53,β=1.13]
Epoch: 150, Loss: 1.3144, Train: 46.44%, Valid: 40.95%, Test: 37.61% [α=0.54,β=1.20]
Epoch: 200, Loss: 1.2403, Train: 51.47%, Valid: 41.09%, Test: 38.72% [α=0.54,β=1.27]
Epoch: 250, Loss: 1.1959, Train: 55.27%, Valid: 41.23%, Test: 38.05% [α=0.54,β=1.34]
Epoch: 300, Loss: 1.1399, Train: 56.79%, Valid: 40.95%, Test: 36.50% [α=0.54,β=1.41]
Epoch: 350, Loss: 1.0979, Train: 61.92%, Valid: 40.95%, Test: 35.18% [α=0.53,β=1.49]
Run 01:Highest Train: 63.82 Highest Valid: 42.62 Highest Test: 39.60 Chosen epoch: 168
Final Train: 48.72 Final Test: 38.72
Epoch: 00, Loss: 1.6090, Train: 16.30%, Valid: 13.14%, Test: 11.96% [α=0.50,β=1.00]
Epoch: 50, Loss: 1.5283, Train: 32.22%, Valid: 35.57%, Test: 35.89% [α=0.50,β=1.02]
Epoch: 100, Loss: 1.4045, Train: 39.63%, Valid: 39.71%, Test: 38.15% [α=0.53,β=1.04]
Epoch: 150, Loss: 1.3299, Train: 43.43%, Valid: 40.43%, Test: 39.28% [α=0.54,β=1.07]
Epoch: 200, Loss: 1.3042, Train: 45.83%, Valid: 41.29%, Test: 40.18% [α=0.54,β=1.10]
Epoch: 250, Loss: 1.2555, Train: 49.07%, Valid: 41.57%, Test: 40.86% [α=0.54,β=1.15]
Epoch: 300, Loss: 1.2229, Train: 52.31%, Valid: 40.29%, Test: 39.73% [α=0.54,β=1.20]
Epoch: 350, Loss: 1.1793, Train: 55.19%, Valid: 40.57%, Test: 38.37% [α=0.53,β=1.26]
Epoch: 400, Loss: 1.1239, Train: 58.80%, Valid: 40.29%, Test: 39.28% [α=0.53,β=1.34]
Run 02:Highest Train: 63.24 Highest Valid: 41.86 Highest Test: 41.53 Chosen epoch: 250
Final Train: 49.17 Final Test: 41.08
Epoch: 00, Loss: 1.6093, Train: 19.68%, Valid: 16.94%, Test: 16.89% [α=0.50,β=1.00]
Epoch: 50, Loss: 1.5195, Train: 33.14%, Valid: 33.20%, Test: 37.33% [α=0.50,β=1.02]
Epoch: 100, Loss: 1.3926, Train: 39.35%, Valid: 35.26%, Test: 37.78% [α=0.52,β=1.03]
Epoch: 150, Loss: 1.3258, Train: 42.50%, Valid: 38.02%, Test: 40.00% [α=0.54,β=1.06]
Epoch: 200, Loss: 1.2945, Train: 45.56%, Valid: 37.60%, Test: 41.11% [α=0.54,β=1.08]
Epoch: 250, Loss: 1.2570, Train: 47.76%, Valid: 38.57%, Test: 41.11% [α=0.54,β=1.11]
Epoch: 300, Loss: 1.2298, Train: 50.05%, Valid: 37.60%, Test: 40.00% [α=0.54,β=1.16]
Epoch: 350, Loss: 1.1927, Train: 53.01%, Valid: 37.05%, Test: 39.11% [α=0.53,β=1.21]
Epoch: 400, Loss: 1.1457, Train: 56.73%, Valid: 36.23%, Test: 39.11% [α=0.53,β=1.28]
Epoch: 450, Loss: 1.1029, Train: 60.55%, Valid: 35.26%, Test: 40.00% [α=0.52,β=1.35]
Run 03:Highest Train: 61.32 Highest Valid: 39.53 Highest Test: 41.78 Chosen epoch: 260
Final Train: 47.95 Final Test: 40.22
Epoch: 00, Loss: 1.5935, Train: 33.30%, Valid: 34.08%, Test: 35.56% [α=0.50,β=1.00]
Epoch: 50, Loss: 1.5086, Train: 33.30%, Valid: 34.08%, Test: 35.56% [α=0.51,β=1.02]
Epoch: 100, Loss: 1.3981, Train: 40.00%, Valid: 35.90%, Test: 41.11% [α=0.53,β=1.04]
Epoch: 150, Loss: 1.3283, Train: 45.09%, Valid: 39.13%, Test: 43.78% [α=0.55,β=1.06]
Epoch: 200, Loss: 1.2906, Train: 48.30%, Valid: 38.57%, Test: 45.33% [α=0.55,β=1.10]
Epoch: 250, Loss: 1.2374, Train: 52.08%, Valid: 38.43%, Test: 44.00% [α=0.54,β=1.14]
Epoch: 300, Loss: 1.1956, Train: 54.43%, Valid: 38.29%, Test: 43.56% [α=0.54,β=1.19]
Epoch: 350, Loss: 1.1410, Train: 58.77%, Valid: 39.55%, Test: 44.00% [α=0.53,β=1.26]
Epoch: 400, Loss: 1.0767, Train: 62.17%, Valid: 40.53%, Test: 44.67% [α=0.52,β=1.33]
Epoch: 450, Loss: 1.0106, Train: 66.60%, Valid: 38.71%, Test: 42.67% [α=0.52,β=1.41]
Run 04:Highest Train: 69.91 Highest Valid: 40.67 Highest Test: 46.22 Chosen epoch: 399
Final Train: 62.26 Final Test: 43.78
Epoch: 00, Loss: 1.6364, Train: 16.68%, Valid: 19.75%, Test: 17.59% [α=0.50,β=1.00]
Epoch: 50, Loss: 1.5229, Train: 34.12%, Valid: 32.82%, Test: 35.63% [α=0.51,β=1.02]
Epoch: 100, Loss: 1.3989, Train: 41.71%, Valid: 37.13%, Test: 38.31% [α=0.53,β=1.03]
Epoch: 150, Loss: 1.3221, Train: 44.74%, Valid: 37.27%, Test: 42.54% [α=0.54,β=1.06]
Epoch: 200, Loss: 1.2788, Train: 46.82%, Valid: 37.27%, Test: 40.98% [α=0.54,β=1.08]
Epoch: 250, Loss: 1.2613, Train: 48.15%, Valid: 37.83%, Test: 41.87% [α=0.54,β=1.12]
Epoch: 300, Loss: 1.2130, Train: 50.90%, Valid: 37.97%, Test: 42.32% [α=0.53,β=1.16]
Epoch: 350, Loss: 1.1847, Train: 55.55%, Valid: 37.97%, Test: 42.76% [α=0.53,β=1.21]
Epoch: 400, Loss: 1.1499, Train: 58.86%, Valid: 37.13%, Test: 42.54% [α=0.52,β=1.28]
Run 05:Highest Train: 61.99 Highest Valid: 38.25 Highest Test: 43.88 Chosen epoch: 246
Final Train: 47.96 Final Test: 42.09
5 runs: Highest Train: 64.05 ± 3.42 Highest val epoch:245
Highest Test: 42.60 ± 2.53 Final Test: 41.18 ± 1.91
