Namespace(data_dir='../data/', dataset='squirrel', device=0, seed=42, cpu=False, epochs=500, runs=5, train_prop=0.5, valid_prop=0.25, protocol='semi', rand_split=False, rand_split_class=False, label_num_per_class=20, valid_num=500, test_num=500, directed=False, method='pcgt', hidden_channels=64, num_layers=8, num_heads=1, alpha=0.5, use_bn=False, use_residual=False, use_graph=True, use_weight=False, use_init=False, use_act=False, attention='gcn', lr=0.001, weight_decay=0.0005, dropout=0.3, display_step=50, no_feat_norm=False, patience=200, graph_weight=0.4, ours_weight_decay=0.0005, ours_use_weight=False, ours_use_residual=True, ours_use_act=True, backbone='gcn', ours_layers=1, ours_dropout=0.3, aggregate='add', hops=1, gat_heads=8, out_heads=1, lamda=0.1, num_elayers=2, encoder_emdim=768, num_partitions=5, num_reps=4, partition_method='metis', no_pse=False, local_only=False, global_only=False)
squirrel
features shape=torch.Size([2223, 2089])
num nodes 2223 | num classes 5 | num node feats 2089
Computing 5 partitions using metis...
Partitions: 5, Boundary nodes: 1738/2223 (78.2%)
Intra-partition edges: 77386/93996 (82.3%)
Epoch: 00, Loss: 1.6320, Train: 10.16%, Valid: 11.14%, Test: 10.18% [α=0.50,β=1.00]
Epoch: 50, Loss: 1.5252, Train: 32.95%, Valid: 35.10%, Test: 34.73% [α=0.52,β=1.05]
Epoch: 100, Loss: 1.3956, Train: 39.70%, Valid: 39.28%, Test: 36.06% [α=0.53,β=1.13]
Epoch: 150, Loss: 1.3142, Train: 46.72%, Valid: 40.11%, Test: 37.83% [α=0.54,β=1.20]
Epoch: 200, Loss: 1.2473, Train: 53.94%, Valid: 43.18%, Test: 39.38% [α=0.55,β=1.27]
Epoch: 250, Loss: 1.1791, Train: 58.02%, Valid: 43.73%, Test: 38.72% [α=0.55,β=1.34]
Epoch: 300, Loss: 1.1261, Train: 61.16%, Valid: 43.31%, Test: 38.27% [α=0.55,β=1.42]
Epoch: 350, Loss: 1.0653, Train: 67.14%, Valid: 42.48%, Test: 39.38% [α=0.55,β=1.49]
Epoch: 400, Loss: 1.0098, Train: 71.32%, Valid: 40.95%, Test: 38.72% [α=0.55,β=1.57]
Run 01:Highest Train: 72.74 Highest Valid: 44.71 Highest Test: 41.59 Chosen epoch: 225
Final Train: 56.03 Final Test: 38.50
Epoch: 00, Loss: 1.6127, Train: 22.59%, Valid: 19.71%, Test: 22.80% [α=0.50,β=1.00]
Epoch: 50, Loss: 1.5120, Train: 32.22%, Valid: 35.57%, Test: 35.89% [α=0.51,β=1.02]
Epoch: 100, Loss: 1.3909, Train: 40.37%, Valid: 39.71%, Test: 35.89% [α=0.53,β=1.04]
Epoch: 150, Loss: 1.3368, Train: 44.26%, Valid: 39.71%, Test: 38.60% [α=0.53,β=1.06]
Epoch: 200, Loss: 1.2910, Train: 48.70%, Valid: 38.86%, Test: 39.28% [α=0.53,β=1.09]
Epoch: 250, Loss: 1.2486, Train: 51.94%, Valid: 38.71%, Test: 40.41% [α=0.53,β=1.14]
Epoch: 300, Loss: 1.2032, Train: 55.09%, Valid: 39.71%, Test: 40.63% [α=0.54,β=1.19]
Run 02:Highest Train: 56.85 Highest Valid: 40.43 Highest Test: 41.31 Chosen epoch: 102
Final Train: 40.83 Final Test: 35.89
Epoch: 00, Loss: 1.6109, Train: 18.62%, Valid: 18.04%, Test: 17.78% [α=0.50,β=1.00]
Epoch: 50, Loss: 1.5119, Train: 33.14%, Valid: 33.20%, Test: 37.33% [α=0.51,β=1.02]
Epoch: 100, Loss: 1.4076, Train: 38.49%, Valid: 34.99%, Test: 38.00% [α=0.52,β=1.03]
Epoch: 150, Loss: 1.3525, Train: 41.45%, Valid: 37.60%, Test: 39.78% [α=0.53,β=1.06]
Epoch: 200, Loss: 1.3031, Train: 46.42%, Valid: 38.29%, Test: 41.78% [α=0.53,β=1.09]
Epoch: 250, Loss: 1.2560, Train: 50.62%, Valid: 39.53%, Test: 42.67% [α=0.53,β=1.13]
Epoch: 300, Loss: 1.2010, Train: 56.16%, Valid: 39.94%, Test: 42.44% [α=0.53,β=1.18]
Epoch: 350, Loss: 1.1610, Train: 59.69%, Valid: 38.57%, Test: 41.11% [α=0.53,β=1.24]
Epoch: 400, Loss: 1.0758, Train: 61.70%, Valid: 37.88%, Test: 43.11% [α=0.54,β=1.31]
Epoch: 450, Loss: 1.0522, Train: 68.48%, Valid: 40.77%, Test: 42.00% [α=0.54,β=1.38]
Run 03:Highest Train: 72.11 Highest Valid: 42.01 Highest Test: 45.11 Chosen epoch: 427
Final Train: 66.09 Final Test: 40.44
Epoch: 00, Loss: 1.6057, Train: 25.00%, Valid: 21.32%, Test: 22.00% [α=0.50,β=1.00]
Epoch: 50, Loss: 1.5063, Train: 33.30%, Valid: 34.08%, Test: 35.56% [α=0.51,β=1.02]
Epoch: 100, Loss: 1.4162, Train: 40.85%, Valid: 36.47%, Test: 41.11% [α=0.53,β=1.03]
Epoch: 150, Loss: 1.3326, Train: 46.98%, Valid: 37.03%, Test: 44.22% [α=0.53,β=1.06]
Epoch: 200, Loss: 1.2789, Train: 51.51%, Valid: 37.17%, Test: 43.56% [α=0.53,β=1.10]
Epoch: 250, Loss: 1.2275, Train: 54.91%, Valid: 37.45%, Test: 44.00% [α=0.53,β=1.14]
Epoch: 300, Loss: 1.1794, Train: 58.40%, Valid: 37.87%, Test: 42.44% [α=0.54,β=1.20]
Run 04:Highest Train: 61.79 Highest Valid: 38.43 Highest Test: 45.11 Chosen epoch: 130
Final Train: 44.06 Final Test: 43.33
Epoch: 00, Loss: 1.6004, Train: 34.12%, Valid: 32.82%, Test: 35.63% [α=0.50,β=1.00]
Epoch: 50, Loss: 1.5188, Train: 34.12%, Valid: 32.82%, Test: 35.63% [α=0.51,β=1.02]
Epoch: 100, Loss: 1.4012, Train: 40.85%, Valid: 36.58%, Test: 39.42% [α=0.52,β=1.03]
Epoch: 150, Loss: 1.3409, Train: 43.51%, Valid: 38.80%, Test: 40.31% [α=0.52,β=1.05]
Epoch: 200, Loss: 1.2808, Train: 47.39%, Valid: 39.78%, Test: 41.65% [α=0.53,β=1.08]
Epoch: 250, Loss: 1.2571, Train: 49.76%, Valid: 39.78%, Test: 41.87% [α=0.53,β=1.12]
Epoch: 300, Loss: 1.2057, Train: 52.99%, Valid: 39.50%, Test: 43.21% [α=0.53,β=1.17]
Epoch: 350, Loss: 1.1352, Train: 59.81%, Valid: 37.41%, Test: 43.43% [α=0.53,β=1.24]
Epoch: 400, Loss: 1.0664, Train: 64.08%, Valid: 37.83%, Test: 42.54% [α=0.53,β=1.31]
Epoch: 450, Loss: 1.0000, Train: 66.64%, Valid: 38.25%, Test: 42.54% [α=0.54,β=1.38]
Run 05:Highest Train: 69.95 Highest Valid: 40.61 Highest Test: 45.43 Chosen epoch: 280
Final Train: 51.85 Final Test: 41.87
5 runs: Highest Train: 66.69 ± 7.03 Highest val epoch:279
Highest Test: 43.71 ± 2.07 Final Test: 40.01 ± 2.91
