Namespace(data_dir='../data/', dataset='squirrel', device=0, seed=42, cpu=False, epochs=500, runs=5, train_prop=0.5, valid_prop=0.25, protocol='semi', rand_split=False, rand_split_class=False, label_num_per_class=20, valid_num=500, test_num=500, directed=False, method='pcgt', hidden_channels=64, num_layers=8, num_heads=1, alpha=0.5, use_bn=False, use_residual=False, use_graph=True, use_weight=False, use_init=False, use_act=False, attention='gcn', lr=0.001, weight_decay=0.0005, dropout=0.3, display_step=50, no_feat_norm=False, patience=200, graph_weight=0.6, ours_weight_decay=0.0005, ours_use_weight=False, ours_use_residual=True, ours_use_act=True, backbone='gcn', ours_layers=1, ours_dropout=0.3, aggregate='add', hops=1, gat_heads=8, out_heads=1, lamda=0.1, num_elayers=2, encoder_emdim=768, num_partitions=10, num_reps=4, partition_method='metis', no_pse=False, local_only=False, global_only=False)
squirrel
features shape=torch.Size([2223, 2089])
num nodes 2223 | num classes 5 | num node feats 2089
Computing 10 partitions using metis...
Partitions: 10, Boundary nodes: 1850/2223 (83.2%)
Intra-partition edges: 58952/93996 (62.7%)
Epoch: 00, Loss: 1.6315, Train: 10.16%, Valid: 11.14%, Test: 10.18% [α=0.50,β=1.00]
Epoch: 50, Loss: 1.5346, Train: 32.95%, Valid: 35.10%, Test: 34.73% [α=0.51,β=1.05]
Epoch: 100, Loss: 1.4071, Train: 39.22%, Valid: 38.44%, Test: 37.39% [α=0.53,β=1.13]
Epoch: 150, Loss: 1.3327, Train: 44.63%, Valid: 41.09%, Test: 38.94% [α=0.54,β=1.20]
Epoch: 200, Loss: 1.2724, Train: 48.34%, Valid: 41.92%, Test: 39.60% [α=0.55,β=1.26]
Epoch: 250, Loss: 1.2422, Train: 51.19%, Valid: 40.53%, Test: 38.27% [α=0.55,β=1.33]
Epoch: 300, Loss: 1.1995, Train: 53.66%, Valid: 40.95%, Test: 37.61% [α=0.54,β=1.40]
Epoch: 350, Loss: 1.1684, Train: 55.94%, Valid: 40.67%, Test: 37.39% [α=0.54,β=1.48]
Run 01:Highest Train: 57.17 Highest Valid: 42.20 Highest Test: 40.27 Chosen epoch: 171
Final Train: 47.39 Final Test: 39.16
Epoch: 00, Loss: 1.6154, Train: 23.52%, Valid: 22.14%, Test: 24.15% [α=0.50,β=1.00]
Epoch: 50, Loss: 1.5241, Train: 32.22%, Valid: 35.57%, Test: 35.89% [α=0.51,β=1.02]
Epoch: 100, Loss: 1.4031, Train: 40.00%, Valid: 40.29%, Test: 38.83% [α=0.53,β=1.05]
Epoch: 150, Loss: 1.3460, Train: 43.15%, Valid: 41.86%, Test: 40.18% [α=0.54,β=1.07]
Epoch: 200, Loss: 1.3185, Train: 43.61%, Valid: 41.43%, Test: 40.18% [α=0.54,β=1.10]
Epoch: 250, Loss: 1.3030, Train: 45.09%, Valid: 41.71%, Test: 40.86% [α=0.55,β=1.13]
Epoch: 300, Loss: 1.2918, Train: 46.11%, Valid: 41.29%, Test: 41.99% [α=0.55,β=1.17]
Epoch: 350, Loss: 1.2602, Train: 48.15%, Valid: 40.57%, Test: 41.76% [α=0.55,β=1.23]
Run 02:Highest Train: 48.43 Highest Valid: 42.29 Highest Test: 42.89 Chosen epoch: 159
Final Train: 43.06 Final Test: 39.73
Epoch: 00, Loss: 1.6073, Train: 18.43%, Valid: 16.80%, Test: 18.22% [α=0.50,β=1.00]
Epoch: 50, Loss: 1.5159, Train: 33.14%, Valid: 33.20%, Test: 37.33% [α=0.50,β=1.01]
Epoch: 100, Loss: 1.3893, Train: 41.45%, Valid: 36.09%, Test: 37.78% [α=0.52,β=1.04]
Epoch: 150, Loss: 1.3341, Train: 42.88%, Valid: 38.43%, Test: 41.11% [α=0.53,β=1.07]
Epoch: 200, Loss: 1.2909, Train: 45.85%, Valid: 37.33%, Test: 40.67% [α=0.54,β=1.11]
Epoch: 250, Loss: 1.2545, Train: 47.37%, Valid: 38.02%, Test: 40.89% [α=0.54,β=1.16]
Epoch: 300, Loss: 1.2307, Train: 49.09%, Valid: 37.33%, Test: 40.00% [α=0.54,β=1.22]
Run 03:Highest Train: 52.05 Highest Valid: 38.84 Highest Test: 41.78 Chosen epoch: 139
Final Train: 42.50 Final Test: 39.78
Epoch: 00, Loss: 1.6012, Train: 25.00%, Valid: 21.32%, Test: 22.00% [α=0.50,β=1.00]
Epoch: 50, Loss: 1.5110, Train: 33.30%, Valid: 34.08%, Test: 35.56% [α=0.50,β=1.02]
Epoch: 100, Loss: 1.3971, Train: 40.09%, Valid: 36.33%, Test: 41.78% [α=0.53,β=1.05]
Epoch: 150, Loss: 1.3370, Train: 44.91%, Valid: 38.15%, Test: 46.67% [α=0.54,β=1.09]
Epoch: 200, Loss: 1.3093, Train: 47.08%, Valid: 39.27%, Test: 46.00% [α=0.55,β=1.13]
Epoch: 250, Loss: 1.2624, Train: 49.91%, Valid: 39.97%, Test: 46.00% [α=0.55,β=1.19]
Epoch: 300, Loss: 1.2356, Train: 53.77%, Valid: 38.43%, Test: 46.00% [α=0.55,β=1.26]
Epoch: 350, Loss: 1.1655, Train: 55.66%, Valid: 38.99%, Test: 45.11% [α=0.54,β=1.34]
Epoch: 400, Loss: 1.1152, Train: 59.43%, Valid: 40.39%, Test: 44.00% [α=0.54,β=1.43]
Epoch: 450, Loss: 1.0472, Train: 63.21%, Valid: 41.09%, Test: 41.56% [α=0.53,β=1.52]
Run 04:Highest Train: 65.94 Highest Valid: 41.65 Highest Test: 47.11 Chosen epoch: 474
Final Train: 64.34 Final Test: 42.67
Epoch: 00, Loss: 1.6361, Train: 16.68%, Valid: 19.75%, Test: 17.59% [α=0.50,β=1.00]
Epoch: 50, Loss: 1.5293, Train: 34.12%, Valid: 32.82%, Test: 35.63% [α=0.50,β=1.02]
Epoch: 100, Loss: 1.4109, Train: 41.14%, Valid: 37.97%, Test: 37.42% [α=0.53,β=1.04]
Epoch: 150, Loss: 1.3375, Train: 43.79%, Valid: 38.11%, Test: 41.87% [α=0.54,β=1.06]
Epoch: 200, Loss: 1.3078, Train: 45.31%, Valid: 38.66%, Test: 42.76% [α=0.55,β=1.09]
Epoch: 250, Loss: 1.2807, Train: 47.39%, Valid: 39.08%, Test: 42.98% [α=0.55,β=1.12]
Epoch: 300, Loss: 1.2479, Train: 48.82%, Valid: 37.97%, Test: 42.76% [α=0.54,β=1.17]
Epoch: 350, Loss: 1.2133, Train: 50.71%, Valid: 37.97%, Test: 43.21% [α=0.54,β=1.22]
Epoch: 400, Loss: 1.1883, Train: 53.65%, Valid: 38.94%, Test: 43.43% [α=0.53,β=1.28]
Epoch: 450, Loss: 1.1470, Train: 55.83%, Valid: 38.94%, Test: 43.65% [α=0.53,β=1.35]
Run 05:Highest Train: 56.97 Highest Valid: 39.50 Highest Test: 44.77 Chosen epoch: 261
Final Train: 47.20 Final Test: 42.09
5 runs: Highest Train: 56.11 ± 6.60 Highest val epoch:260
Highest Test: 43.36 ± 2.66 Final Test: 40.69 ± 1.58
