Namespace(data_dir='../data/', dataset='squirrel', device=0, seed=42, cpu=False, epochs=500, runs=5, train_prop=0.5, valid_prop=0.25, protocol='semi', rand_split=False, rand_split_class=False, label_num_per_class=20, valid_num=500, test_num=500, directed=False, method='pcgt', hidden_channels=64, num_layers=8, num_heads=1, alpha=0.5, use_bn=False, use_residual=False, use_graph=True, use_weight=False, use_init=False, use_act=False, attention='gcn', lr=0.001, weight_decay=0.0005, dropout=0.3, display_step=50, no_feat_norm=False, patience=200, graph_weight=0.5, ours_weight_decay=0.0005, ours_use_weight=False, ours_use_residual=True, ours_use_act=True, backbone='gcn', ours_layers=1, ours_dropout=0.3, aggregate='add', hops=1, gat_heads=8, out_heads=1, lamda=0.1, num_elayers=2, encoder_emdim=768, num_partitions=15, num_reps=4, partition_method='metis', no_pse=False, local_only=False, global_only=False)
squirrel
features shape=torch.Size([2223, 2089])
num nodes 2223 | num classes 5 | num node feats 2089
Computing 15 partitions using metis...
Partitions: 15, Boundary nodes: 1885/2223 (84.8%)
Intra-partition edges: 49144/93996 (52.3%)
Epoch: 00, Loss: 1.6314, Train: 10.16%, Valid: 11.14%, Test: 10.18% [α=0.50,β=1.00]
Epoch: 50, Loss: 1.5298, Train: 32.95%, Valid: 35.10%, Test: 34.73% [α=0.51,β=1.05]
Epoch: 100, Loss: 1.3987, Train: 41.60%, Valid: 37.60%, Test: 35.18% [α=0.53,β=1.13]
Epoch: 150, Loss: 1.2966, Train: 47.48%, Valid: 39.14%, Test: 36.95% [α=0.54,β=1.21]
Epoch: 200, Loss: 1.2203, Train: 51.47%, Valid: 39.83%, Test: 38.50% [α=0.55,β=1.27]
Epoch: 250, Loss: 1.1697, Train: 55.84%, Valid: 39.69%, Test: 40.04% [α=0.56,β=1.34]
Epoch: 300, Loss: 1.1260, Train: 59.83%, Valid: 39.97%, Test: 39.38% [α=0.56,β=1.41]
Epoch: 350, Loss: 1.0708, Train: 62.58%, Valid: 39.28%, Test: 40.04% [α=0.55,β=1.49]
Run 01:Highest Train: 63.91 Highest Valid: 40.67 Highest Test: 40.71 Chosen epoch: 168
Final Train: 49.76 Final Test: 39.16
Epoch: 00, Loss: 1.6059, Train: 32.22%, Valid: 35.57%, Test: 35.89% [α=0.50,β=1.00]
Epoch: 50, Loss: 1.5198, Train: 34.26%, Valid: 35.71%, Test: 36.12% [α=0.50,β=1.02]
Epoch: 100, Loss: 1.3971, Train: 40.37%, Valid: 39.14%, Test: 38.15% [α=0.53,β=1.04]
Epoch: 150, Loss: 1.3267, Train: 42.96%, Valid: 41.57%, Test: 40.63% [α=0.54,β=1.07]
Epoch: 200, Loss: 1.2896, Train: 45.83%, Valid: 42.71%, Test: 41.08% [α=0.55,β=1.11]
Epoch: 250, Loss: 1.2539, Train: 49.26%, Valid: 40.57%, Test: 40.63% [α=0.55,β=1.15]
Epoch: 300, Loss: 1.1968, Train: 51.39%, Valid: 40.86%, Test: 41.31% [α=0.55,β=1.20]
Epoch: 350, Loss: 1.1801, Train: 55.83%, Valid: 41.00%, Test: 40.18% [α=0.55,β=1.27]
Run 02:Highest Train: 58.98 Highest Valid: 42.71 Highest Test: 41.99 Chosen epoch: 193
Final Train: 45.46 Final Test: 41.76
Epoch: 00, Loss: 1.6126, Train: 24.93%, Valid: 22.31%, Test: 20.67% [α=0.50,β=1.00]
Epoch: 50, Loss: 1.5262, Train: 33.14%, Valid: 33.20%, Test: 37.33% [α=0.50,β=1.02]
Epoch: 100, Loss: 1.4077, Train: 38.49%, Valid: 35.40%, Test: 37.78% [α=0.51,β=1.03]
Epoch: 150, Loss: 1.3244, Train: 44.79%, Valid: 37.74%, Test: 40.00% [α=0.53,β=1.06]
Epoch: 200, Loss: 1.2799, Train: 47.09%, Valid: 37.88%, Test: 42.44% [α=0.55,β=1.10]
Epoch: 250, Loss: 1.2330, Train: 50.91%, Valid: 37.60%, Test: 43.11% [α=0.55,β=1.14]
Epoch: 300, Loss: 1.2005, Train: 54.82%, Valid: 37.05%, Test: 41.33% [α=0.55,β=1.19]
Epoch: 350, Loss: 1.1623, Train: 58.26%, Valid: 37.74%, Test: 39.78% [α=0.55,β=1.25]
Run 03:Highest Train: 60.36 Highest Valid: 38.43 Highest Test: 43.78 Chosen epoch: 171
Final Train: 45.65 Final Test: 41.56
Epoch: 00, Loss: 1.6181, Train: 13.02%, Valid: 16.13%, Test: 15.11% [α=0.50,β=1.00]
Epoch: 50, Loss: 1.4979, Train: 33.49%, Valid: 34.22%, Test: 35.56% [α=0.50,β=1.02]
Epoch: 100, Loss: 1.3714, Train: 42.26%, Valid: 36.89%, Test: 41.56% [α=0.52,β=1.05]
Epoch: 150, Loss: 1.3039, Train: 46.32%, Valid: 38.57%, Test: 42.44% [α=0.54,β=1.08]
Epoch: 200, Loss: 1.2525, Train: 49.72%, Valid: 39.97%, Test: 42.22% [α=0.55,β=1.13]
Epoch: 250, Loss: 1.2003, Train: 50.94%, Valid: 40.25%, Test: 42.22% [α=0.56,β=1.18]
Epoch: 300, Loss: 1.1655, Train: 53.40%, Valid: 39.27%, Test: 42.67% [α=0.56,β=1.24]
Epoch: 350, Loss: 1.1200, Train: 59.15%, Valid: 38.29%, Test: 40.67% [α=0.55,β=1.31]
Epoch: 400, Loss: 1.0739, Train: 60.75%, Valid: 38.85%, Test: 42.22% [α=0.54,β=1.39]
Run 04:Highest Train: 64.43 Highest Valid: 41.23 Highest Test: 44.67 Chosen epoch: 231
Final Train: 50.09 Final Test: 42.00
Epoch: 00, Loss: 1.6286, Train: 11.56%, Valid: 9.74%, Test: 9.13% [α=0.50,β=1.00]
Epoch: 50, Loss: 1.5220, Train: 34.12%, Valid: 32.82%, Test: 35.63% [α=0.50,β=1.02]
Epoch: 100, Loss: 1.4089, Train: 39.72%, Valid: 35.88%, Test: 36.30% [α=0.53,β=1.04]
Epoch: 150, Loss: 1.3198, Train: 44.93%, Valid: 38.11%, Test: 40.53% [α=0.54,β=1.06]
Epoch: 200, Loss: 1.2831, Train: 48.53%, Valid: 38.25%, Test: 43.21% [α=0.55,β=1.10]
Epoch: 250, Loss: 1.2310, Train: 50.81%, Valid: 36.44%, Test: 43.21% [α=0.56,β=1.14]
Epoch: 300, Loss: 1.1894, Train: 53.27%, Valid: 36.44%, Test: 42.98% [α=0.56,β=1.19]
Epoch: 350, Loss: 1.1511, Train: 56.59%, Valid: 37.27%, Test: 43.88% [α=0.55,β=1.25]
Run 05:Highest Train: 57.35 Highest Valid: 38.94 Highest Test: 44.77 Chosen epoch: 157
Final Train: 45.69 Final Test: 40.98
5 runs: Highest Train: 61.01 ± 3.09 Highest val epoch:156
Highest Test: 43.18 ± 1.78 Final Test: 41.09 ± 1.14
