Namespace(data_dir='../data/', dataset='squirrel', device=0, seed=42, cpu=False, epochs=500, runs=5, train_prop=0.5, valid_prop=0.25, protocol='semi', rand_split=False, rand_split_class=False, label_num_per_class=20, valid_num=500, test_num=500, directed=False, method='pcgt', hidden_channels=64, num_layers=8, num_heads=1, alpha=0.5, use_bn=False, use_residual=False, use_graph=True, use_weight=False, use_init=False, use_act=False, attention='gcn', lr=0.001, weight_decay=0.0005, dropout=0.3, display_step=50, no_feat_norm=False, patience=200, graph_weight=0.6, ours_weight_decay=0.0005, ours_use_weight=False, ours_use_residual=True, ours_use_act=True, backbone='gcn', ours_layers=1, ours_dropout=0.3, aggregate='add', hops=1, gat_heads=8, out_heads=1, lamda=0.1, num_elayers=2, encoder_emdim=768, num_partitions=15, num_reps=4, partition_method='metis', no_pse=False, local_only=False, global_only=False)
squirrel
features shape=torch.Size([2223, 2089])
num nodes 2223 | num classes 5 | num node feats 2089
Computing 15 partitions using metis...
Partitions: 15, Boundary nodes: 1885/2223 (84.8%)
Intra-partition edges: 49144/93996 (52.3%)
Epoch: 00, Loss: 1.6314, Train: 10.16%, Valid: 11.14%, Test: 10.18% [α=0.50,β=1.00]
Epoch: 50, Loss: 1.5360, Train: 32.95%, Valid: 35.10%, Test: 34.73% [α=0.51,β=1.05]
Epoch: 100, Loss: 1.4106, Train: 39.60%, Valid: 37.60%, Test: 36.28% [α=0.53,β=1.13]
Epoch: 150, Loss: 1.3156, Train: 45.77%, Valid: 39.97%, Test: 37.61% [α=0.55,β=1.21]
Epoch: 200, Loss: 1.2503, Train: 49.76%, Valid: 40.39%, Test: 38.94% [α=0.56,β=1.27]
Epoch: 250, Loss: 1.2095, Train: 51.85%, Valid: 39.42%, Test: 39.82% [α=0.57,β=1.34]
Epoch: 300, Loss: 1.1730, Train: 54.61%, Valid: 39.83%, Test: 40.27% [α=0.57,β=1.41]
Epoch: 350, Loss: 1.1274, Train: 57.17%, Valid: 39.97%, Test: 40.04% [α=0.57,β=1.48]
Run 01:Highest Train: 59.54 Highest Valid: 41.09 Highest Test: 40.71 Chosen epoch: 180
Final Train: 47.67 Final Test: 38.72
Epoch: 00, Loss: 1.5922, Train: 32.22%, Valid: 35.57%, Test: 35.89% [α=0.50,β=1.00]
Epoch: 50, Loss: 1.5299, Train: 32.22%, Valid: 35.57%, Test: 35.89% [α=0.50,β=1.02]
Epoch: 100, Loss: 1.4132, Train: 38.43%, Valid: 39.29%, Test: 38.37% [α=0.52,β=1.04]
Epoch: 150, Loss: 1.3390, Train: 42.13%, Valid: 40.29%, Test: 40.41% [α=0.54,β=1.07]
Epoch: 200, Loss: 1.2934, Train: 44.44%, Valid: 40.86%, Test: 42.21% [α=0.55,β=1.11]
Epoch: 250, Loss: 1.2721, Train: 46.39%, Valid: 41.29%, Test: 42.21% [α=0.56,β=1.15]
Epoch: 300, Loss: 1.2431, Train: 48.80%, Valid: 41.29%, Test: 41.53% [α=0.56,β=1.20]
Epoch: 350, Loss: 1.2018, Train: 51.20%, Valid: 41.29%, Test: 40.86% [α=0.56,β=1.26]
Epoch: 400, Loss: 1.1799, Train: 53.80%, Valid: 41.71%, Test: 40.41% [α=0.55,β=1.33]
Run 02:Highest Train: 55.93 Highest Valid: 42.00 Highest Test: 42.66 Chosen epoch: 231
Final Train: 45.93 Final Test: 42.21
Epoch: 00, Loss: 1.5923, Train: 33.14%, Valid: 33.20%, Test: 37.33% [α=0.50,β=1.00]
Epoch: 50, Loss: 1.5237, Train: 33.14%, Valid: 33.20%, Test: 37.33% [α=0.50,β=1.01]
Epoch: 100, Loss: 1.4133, Train: 37.82%, Valid: 36.23%, Test: 38.67% [α=0.51,β=1.03]
Epoch: 150, Loss: 1.3394, Train: 42.02%, Valid: 38.84%, Test: 40.89% [α=0.53,β=1.05]
Epoch: 200, Loss: 1.2985, Train: 44.13%, Valid: 39.67%, Test: 45.33% [α=0.55,β=1.07]
Epoch: 250, Loss: 1.2842, Train: 45.85%, Valid: 39.67%, Test: 44.44% [α=0.56,β=1.10]
Epoch: 300, Loss: 1.2560, Train: 48.33%, Valid: 38.43%, Test: 42.44% [α=0.57,β=1.14]
Epoch: 350, Loss: 1.2341, Train: 50.05%, Valid: 37.74%, Test: 42.89% [α=0.57,β=1.19]
Run 03:Highest Train: 53.30 Highest Valid: 40.36 Highest Test: 45.33 Chosen epoch: 194
Final Train: 44.03 Final Test: 45.33
Epoch: 00, Loss: 1.6057, Train: 18.11%, Valid: 18.79%, Test: 15.78% [α=0.50,β=1.00]
Epoch: 50, Loss: 1.5174, Train: 33.30%, Valid: 34.08%, Test: 35.56% [α=0.50,β=1.02]
Epoch: 100, Loss: 1.3996, Train: 41.23%, Valid: 35.90%, Test: 42.89% [α=0.52,β=1.04]
Epoch: 150, Loss: 1.3332, Train: 44.53%, Valid: 39.97%, Test: 43.78% [α=0.54,β=1.07]
Epoch: 200, Loss: 1.2906, Train: 46.04%, Valid: 40.81%, Test: 42.89% [α=0.56,β=1.11]
Epoch: 250, Loss: 1.2345, Train: 48.49%, Valid: 39.69%, Test: 40.67% [α=0.57,β=1.16]
Epoch: 300, Loss: 1.2172, Train: 50.19%, Valid: 40.39%, Test: 41.33% [α=0.57,β=1.22]
Epoch: 350, Loss: 1.1597, Train: 54.06%, Valid: 40.39%, Test: 40.67% [α=0.56,β=1.28]
Epoch: 400, Loss: 1.0925, Train: 59.06%, Valid: 39.55%, Test: 41.11% [α=0.56,β=1.36]
Epoch: 450, Loss: 1.0439, Train: 61.98%, Valid: 41.51%, Test: 40.44% [α=0.55,β=1.44]
Run 04:Highest Train: 65.28 Highest Valid: 42.22 Highest Test: 44.00 Chosen epoch: 343
Final Train: 52.55 Final Test: 42.44
Epoch: 00, Loss: 1.6086, Train: 22.27%, Valid: 21.42%, Test: 21.60% [α=0.50,β=1.00]
Epoch: 50, Loss: 1.5175, Train: 34.12%, Valid: 32.82%, Test: 35.63% [α=0.50,β=1.02]
Epoch: 100, Loss: 1.3958, Train: 40.19%, Valid: 38.11%, Test: 38.31% [α=0.53,β=1.04]
Epoch: 150, Loss: 1.3177, Train: 45.02%, Valid: 38.94%, Test: 41.65% [α=0.55,β=1.07]
Epoch: 200, Loss: 1.2806, Train: 47.39%, Valid: 37.97%, Test: 43.65% [α=0.56,β=1.10]
Epoch: 250, Loss: 1.2395, Train: 49.67%, Valid: 35.74%, Test: 44.10% [α=0.56,β=1.14]
Epoch: 300, Loss: 1.2142, Train: 50.90%, Valid: 36.02%, Test: 43.43% [α=0.57,β=1.19]
Run 05:Highest Train: 53.27 Highest Valid: 39.36 Highest Test: 44.77 Chosen epoch: 148
Final Train: 44.36 Final Test: 39.20
5 runs: Highest Train: 57.46 ± 5.07 Highest val epoch:147
Highest Test: 43.49 ± 1.85 Final Test: 41.58 ± 2.70
