Namespace(data_dir='../data/', dataset='squirrel', device=0, seed=42, cpu=False, epochs=500, runs=5, train_prop=0.5, valid_prop=0.25, protocol='semi', rand_split=False, rand_split_class=False, label_num_per_class=20, valid_num=500, test_num=500, directed=False, method='pcgt', hidden_channels=64, num_layers=8, num_heads=1, alpha=0.5, use_bn=False, use_residual=False, use_graph=True, use_weight=False, use_init=False, use_act=False, attention='gcn', lr=0.001, weight_decay=0.0005, dropout=0.3, display_step=50, no_feat_norm=False, patience=200, graph_weight=0.5, ours_weight_decay=0.0005, ours_use_weight=False, ours_use_residual=True, ours_use_act=True, backbone='gcn', ours_layers=1, ours_dropout=0.3, aggregate='add', hops=1, gat_heads=8, out_heads=1, lamda=0.1, num_elayers=2, encoder_emdim=768, num_partitions=20, num_reps=4, partition_method='metis', no_pse=False, local_only=False, global_only=False)
squirrel
features shape=torch.Size([2223, 2089])
num nodes 2223 | num classes 5 | num node feats 2089
Computing 20 partitions using metis...
Partitions: 20, Boundary nodes: 1890/2223 (85.0%)
Intra-partition edges: 41604/93996 (44.3%)
Epoch: 00, Loss: 1.6316, Train: 10.16%, Valid: 11.14%, Test: 10.18% [α=0.50,β=1.00]
Epoch: 50, Loss: 1.5259, Train: 32.95%, Valid: 35.10%, Test: 34.73% [α=0.51,β=1.05]
Epoch: 100, Loss: 1.3824, Train: 42.36%, Valid: 37.05%, Test: 35.84% [α=0.53,β=1.13]
Epoch: 150, Loss: 1.2811, Train: 47.86%, Valid: 38.30%, Test: 38.50% [α=0.54,β=1.21]
Epoch: 200, Loss: 1.2121, Train: 53.09%, Valid: 39.69%, Test: 39.38% [α=0.55,β=1.27]
Epoch: 250, Loss: 1.1524, Train: 56.51%, Valid: 39.14%, Test: 38.50% [α=0.56,β=1.34]
Epoch: 300, Loss: 1.1000, Train: 60.68%, Valid: 39.28%, Test: 38.05% [α=0.56,β=1.41]
Epoch: 350, Loss: 1.0525, Train: 63.25%, Valid: 38.72%, Test: 39.60% [α=0.55,β=1.48]
Epoch: 400, Loss: 1.0118, Train: 67.05%, Valid: 39.14%, Test: 39.60% [α=0.55,β=1.55]
Run 01:Highest Train: 69.90 Highest Valid: 40.25 Highest Test: 40.93 Chosen epoch: 243
Final Train: 55.84 Final Test: 39.16
Epoch: 00, Loss: 1.6048, Train: 28.98%, Valid: 30.57%, Test: 31.15% [α=0.50,β=1.00]
Epoch: 50, Loss: 1.5159, Train: 36.39%, Valid: 38.57%, Test: 36.79% [α=0.50,β=1.02]
Epoch: 100, Loss: 1.4012, Train: 41.11%, Valid: 40.00%, Test: 39.50% [α=0.52,β=1.03]
Epoch: 150, Loss: 1.3264, Train: 44.81%, Valid: 42.29%, Test: 40.86% [α=0.55,β=1.06]
Epoch: 200, Loss: 1.2718, Train: 47.41%, Valid: 42.14%, Test: 42.44% [α=0.56,β=1.09]
Epoch: 250, Loss: 1.2404, Train: 50.19%, Valid: 42.29%, Test: 42.89% [α=0.57,β=1.12]
Epoch: 300, Loss: 1.2136, Train: 52.69%, Valid: 42.00%, Test: 42.44% [α=0.57,β=1.16]
Epoch: 350, Loss: 1.1634, Train: 55.65%, Valid: 41.71%, Test: 42.66% [α=0.57,β=1.21]
Epoch: 400, Loss: 1.1201, Train: 58.80%, Valid: 41.71%, Test: 41.53% [α=0.57,β=1.27]
Run 02:Highest Train: 61.02 Highest Valid: 43.57 Highest Test: 43.57 Chosen epoch: 231
Final Train: 48.06 Final Test: 41.99
Epoch: 00, Loss: 1.5963, Train: 18.43%, Valid: 16.80%, Test: 18.22% [α=0.50,β=1.00]
Epoch: 50, Loss: 1.5206, Train: 33.14%, Valid: 33.20%, Test: 37.33% [α=0.50,β=1.01]
Epoch: 100, Loss: 1.4001, Train: 38.78%, Valid: 35.81%, Test: 39.33% [α=0.51,β=1.03]
Epoch: 150, Loss: 1.3210, Train: 45.46%, Valid: 38.84%, Test: 39.78% [α=0.53,β=1.05]
Epoch: 200, Loss: 1.2663, Train: 49.95%, Valid: 38.98%, Test: 40.44% [α=0.54,β=1.09]
Epoch: 250, Loss: 1.2404, Train: 51.29%, Valid: 38.98%, Test: 39.78% [α=0.55,β=1.13]
Epoch: 300, Loss: 1.1729, Train: 54.63%, Valid: 37.60%, Test: 40.89% [α=0.55,β=1.17]
Epoch: 350, Loss: 1.1481, Train: 58.45%, Valid: 38.02%, Test: 39.56% [α=0.55,β=1.23]
Run 03:Highest Train: 61.51 Highest Valid: 39.81 Highest Test: 41.33 Chosen epoch: 190
Final Train: 49.19 Final Test: 40.67
Epoch: 00, Loss: 1.6136, Train: 25.00%, Valid: 21.32%, Test: 22.00% [α=0.50,β=1.00]
Epoch: 50, Loss: 1.5043, Train: 33.30%, Valid: 34.08%, Test: 35.56% [α=0.50,β=1.02]
Epoch: 100, Loss: 1.3587, Train: 45.00%, Valid: 36.33%, Test: 41.78% [α=0.53,β=1.04]
Epoch: 150, Loss: 1.2818, Train: 47.64%, Valid: 40.25%, Test: 43.33% [α=0.55,β=1.07]
Epoch: 200, Loss: 1.2300, Train: 49.81%, Valid: 40.25%, Test: 44.67% [α=0.56,β=1.12]
Epoch: 250, Loss: 1.1811, Train: 52.55%, Valid: 40.25%, Test: 44.44% [α=0.57,β=1.17]
Epoch: 300, Loss: 1.1257, Train: 55.75%, Valid: 38.85%, Test: 43.78% [α=0.57,β=1.23]
Epoch: 350, Loss: 1.0945, Train: 59.34%, Valid: 38.99%, Test: 42.67% [α=0.56,β=1.30]
Epoch: 400, Loss: 1.0397, Train: 63.68%, Valid: 39.41%, Test: 41.78% [α=0.55,β=1.37]
Run 04:Highest Train: 66.51 Highest Valid: 41.37 Highest Test: 45.33 Chosen epoch: 234
Final Train: 52.36 Final Test: 44.89
Epoch: 00, Loss: 1.6137, Train: 16.68%, Valid: 19.75%, Test: 17.59% [α=0.50,β=1.00]
Epoch: 50, Loss: 1.5231, Train: 34.12%, Valid: 32.82%, Test: 35.63% [α=0.50,β=1.02]
Epoch: 100, Loss: 1.4003, Train: 41.61%, Valid: 37.55%, Test: 38.98% [α=0.52,β=1.03]
Epoch: 150, Loss: 1.3047, Train: 47.01%, Valid: 37.97%, Test: 40.53% [α=0.54,β=1.06]
Epoch: 200, Loss: 1.2550, Train: 48.34%, Valid: 38.66%, Test: 42.54% [α=0.55,β=1.09]
Epoch: 250, Loss: 1.2094, Train: 50.81%, Valid: 38.94%, Test: 42.98% [α=0.56,β=1.13]
Epoch: 300, Loss: 1.1818, Train: 54.41%, Valid: 38.94%, Test: 43.43% [α=0.56,β=1.18]
Epoch: 350, Loss: 1.1348, Train: 57.35%, Valid: 38.66%, Test: 43.65% [α=0.56,β=1.24]
Epoch: 400, Loss: 1.0998, Train: 60.19%, Valid: 38.80%, Test: 43.65% [α=0.55,β=1.30]
Epoch: 450, Loss: 1.0583, Train: 64.55%, Valid: 38.11%, Test: 41.65% [α=0.54,β=1.38]
Run 05:Highest Train: 64.83 Highest Valid: 39.50 Highest Test: 44.10 Chosen epoch: 253
Final Train: 50.33 Final Test: 42.98
5 runs: Highest Train: 64.75 ± 3.67 Highest val epoch:252
Highest Test: 43.05 ± 1.87 Final Test: 41.94 ± 2.19
