Namespace(data_dir='../data', dataset='deezer-europe', device=0, seed=123, cpu=True, epochs=500, runs=10, train_prop=0.5, valid_prop=0.25, protocol='semi', rand_split=True, rand_split_class=False, label_num_per_class=20, valid_num=500, test_num=500, directed=False, method='graphgps', hidden_channels=96, num_layers=2, num_heads=4, alpha=0.5, use_bn=True, use_residual=False, use_graph=False, use_weight=False, use_init=False, use_act=False, attention='gcn', lr=0.01, weight_decay=5e-05, dropout=0.4, display_step=50, no_feat_norm=False, patience=200, graph_weight=0.8, learn_graph_weight=False, ours_weight_decay=None, ours_use_weight=False, ours_use_residual=False, ours_use_act=False, backbone='gcn', ours_layers=2, ours_dropout=None, aggregate='add', hops=1, gat_heads=8, out_heads=1, lamda=0.1, num_elayers=2, encoder_emdim=768, num_partitions=10, num_reps=4, partition_method='metis', no_pse=False, local_only=False, global_only=False)
deezer-europe
features shape=torch.Size([28281, 31241])
num nodes 28281 | num classes 2 | num node feats 31241
Epoch: 00, Loss: 0.7310, Train: 65.62%, Valid: 63.21%, Test: 61.29%
Epoch: 50, Loss: 0.0422, Train: 99.49%, Valid: 65.13%, Test: 63.63%
Epoch: 100, Loss: 0.0370, Train: 99.65%, Valid: 64.60%, Test: 63.87%
Epoch: 150, Loss: 0.0298, Train: 99.66%, Valid: 64.70%, Test: 64.15%
Epoch: 200, Loss: 0.0283, Train: 99.67%, Valid: 64.81%, Test: 64.06%
Run 01:Highest Train: 99.69 Highest Valid: 67.34 Highest Test: 66.45 Chosen epoch: 7
Final Train: 83.00 Final Test: 66.31
Epoch: 00, Loss: 0.7352, Train: 65.63%, Valid: 59.22%, Test: 60.26%
Epoch: 50, Loss: 0.0593, Train: 99.20%, Valid: 64.50%, Test: 64.33%
Epoch: 100, Loss: 0.0400, Train: 99.58%, Valid: 64.26%, Test: 64.28%
Epoch: 150, Loss: 0.0344, Train: 99.57%, Valid: 64.06%, Test: 64.43%
Epoch: 200, Loss: 0.0308, Train: 99.57%, Valid: 63.38%, Test: 64.33%
Run 02:Highest Train: 99.58 Highest Valid: 67.03 Highest Test: 66.81 Chosen epoch: 8
Final Train: 77.77 Final Test: 66.64
Epoch: 00, Loss: 0.7289, Train: 66.90%, Valid: 61.10%, Test: 61.29%
Epoch: 50, Loss: 0.0620, Train: 99.04%, Valid: 63.80%, Test: 64.18%
Epoch: 100, Loss: 0.0397, Train: 99.57%, Valid: 64.31%, Test: 63.77%
Epoch: 150, Loss: 0.0338, Train: 99.55%, Valid: 64.31%, Test: 64.29%
Epoch: 200, Loss: 0.0325, Train: 99.60%, Valid: 64.31%, Test: 64.01%
Run 03:Highest Train: 99.63 Highest Valid: 65.42 Highest Test: 66.91 Chosen epoch: 4
Final Train: 72.26 Final Test: 66.91
Epoch: 00, Loss: 0.7351, Train: 68.40%, Valid: 64.64%, Test: 64.72%
Epoch: 50, Loss: 0.0598, Train: 98.97%, Valid: 65.04%, Test: 65.18%
Epoch: 100, Loss: 0.0378, Train: 99.58%, Valid: 64.87%, Test: 64.72%
Epoch: 150, Loss: 0.0298, Train: 99.62%, Valid: 65.05%, Test: 64.60%
Epoch: 200, Loss: 0.0290, Train: 99.63%, Valid: 64.91%, Test: 63.88%
Run 04:Highest Train: 99.65 Highest Valid: 68.09 Highest Test: 68.56 Chosen epoch: 16
Final Train: 86.58 Final Test: 68.25
Epoch: 00, Loss: 0.7224, Train: 68.88%, Valid: 63.31%, Test: 63.99%
Epoch: 50, Loss: 0.0578, Train: 99.26%, Valid: 62.81%, Test: 63.40%
Epoch: 100, Loss: 0.0497, Train: 99.51%, Valid: 63.17%, Test: 63.44%
Epoch: 150, Loss: 0.0312, Train: 99.59%, Valid: 62.72%, Test: 63.36%
Epoch: 200, Loss: 0.0319, Train: 99.63%, Valid: 64.19%, Test: 63.89%
Run 05:Highest Train: 99.63 Highest Valid: 66.49 Highest Test: 66.89 Chosen epoch: 12
Final Train: 83.08 Final Test: 66.89
Epoch: 00, Loss: 0.7274, Train: 65.56%, Valid: 63.22%, Test: 64.15%
Epoch: 50, Loss: 0.0607, Train: 99.10%, Valid: 63.86%, Test: 64.74%
Epoch: 100, Loss: 0.0371, Train: 99.65%, Valid: 63.72%, Test: 65.10%
Epoch: 150, Loss: 0.0335, Train: 99.64%, Valid: 64.31%, Test: 65.17%
Epoch: 200, Loss: 0.0243, Train: 99.68%, Valid: 64.19%, Test: 65.45%
Run 06:Highest Train: 99.70 Highest Valid: 65.80 Highest Test: 66.50 Chosen epoch: 9
Final Train: 76.79 Final Test: 66.07
Epoch: 00, Loss: 0.7328, Train: 68.15%, Valid: 64.26%, Test: 64.29%
Epoch: 50, Loss: 0.0712, Train: 98.84%, Valid: 64.20%, Test: 64.56%
Epoch: 100, Loss: 0.0458, Train: 99.58%, Valid: 64.44%, Test: 64.35%
Epoch: 150, Loss: 0.0340, Train: 99.63%, Valid: 64.26%, Test: 64.83%
Epoch: 200, Loss: 0.0342, Train: 99.64%, Valid: 65.32%, Test: 65.31%
Run 07:Highest Train: 99.65 Highest Valid: 67.74 Highest Test: 67.11 Chosen epoch: 18
Final Train: 87.23 Final Test: 67.11
Epoch: 00, Loss: 0.7345, Train: 62.44%, Valid: 57.75%, Test: 57.47%
Epoch: 50, Loss: 0.0552, Train: 99.06%, Valid: 64.82%, Test: 64.97%
Epoch: 100, Loss: 0.0382, Train: 99.58%, Valid: 65.05%, Test: 64.64%
Epoch: 150, Loss: 0.0276, Train: 99.64%, Valid: 64.99%, Test: 64.12%
Epoch: 200, Loss: 0.0278, Train: 99.62%, Valid: 65.42%, Test: 63.60%
Run 08:Highest Train: 99.65 Highest Valid: 68.03 Highest Test: 67.80 Chosen epoch: 19
Final Train: 89.52 Final Test: 67.19
Epoch: 00, Loss: 0.7311, Train: 69.62%, Valid: 65.43%, Test: 65.76%
Epoch: 50, Loss: 0.0746, Train: 98.91%, Valid: 63.75%, Test: 64.06%
Epoch: 100, Loss: 0.0383, Train: 99.57%, Valid: 64.12%, Test: 64.26%
Epoch: 150, Loss: 0.0330, Train: 99.62%, Valid: 64.12%, Test: 64.21%
Epoch: 200, Loss: 0.0267, Train: 99.62%, Valid: 63.97%, Test: 64.72%
Run 09:Highest Train: 99.64 Highest Valid: 67.20 Highest Test: 67.03 Chosen epoch: 14
Final Train: 82.69 Final Test: 67.03
Epoch: 00, Loss: 0.7269, Train: 66.85%, Valid: 64.37%, Test: 65.27%
Epoch: 50, Loss: 0.0662, Train: 98.88%, Valid: 65.39%, Test: 65.35%
Epoch: 100, Loss: 0.0440, Train: 99.56%, Valid: 64.74%, Test: 64.35%
Epoch: 150, Loss: 0.0291, Train: 99.60%, Valid: 64.55%, Test: 64.40%
Epoch: 200, Loss: 0.0288, Train: 99.62%, Valid: 65.57%, Test: 64.16%
Run 10:Highest Train: 99.63 Highest Valid: 67.34 Highest Test: 68.07 Chosen epoch: 13
Final Train: 82.15 Final Test: 67.87
10 runs: Highest Train: 99.64 ± 0.03 Highest val epoch:12
Highest Test: 67.21 ± 0.70 Final Test: 67.03 ± 0.65
