Namespace(data_dir='../data/', dataset='cora', device=0, seed=123, cpu=False, epochs=500, runs=10, train_prop=0.5, valid_prop=0.25, protocol='semi', rand_split=False, rand_split_class=True, label_num_per_class=20, valid_num=500, test_num=1000, directed=False, method='sgformer', hidden_channels=64, num_layers=4, num_heads=1, alpha=0.5, use_bn=False, use_residual=True, use_graph=True, use_weight=False, use_init=False, use_act=False, attention='gcn', lr=0.01, weight_decay=0.0005, dropout=0.5, display_step=100, no_feat_norm=True, patience=200, graph_weight=0.8, learn_graph_weight=False, ours_weight_decay=0.001, ours_use_weight=False, ours_use_residual=False, ours_use_act=False, backbone='gcn', ours_layers=1, ours_dropout=0.2, aggregate='add', hops=1, gat_heads=8, out_heads=1, lamda=0.1, num_elayers=2, encoder_emdim=768, num_partitions=10, num_reps=4, partition_method='metis', no_pse=False, local_only=False, global_only=False)
cora
Num nodes: 2708
train:torch.Size([140]), valid:torch.Size([500]), test:torch.Size([1000])
features shape=torch.Size([2708, 1433])
num nodes 2708 | num classes 7 | num node feats 1433
Epoch: 00, Loss: 1.9510, Train: 33.57%, Valid: 20.20%, Test: 22.20%
Epoch: 100, Loss: 0.0091, Train: 100.00%, Valid: 76.20%, Test: 78.70%
Epoch: 200, Loss: 0.0058, Train: 100.00%, Valid: 74.60%, Test: 77.90%
Run 01:Highest Train: 100.00 Highest Valid: 81.20 Highest Test: 83.70 Chosen epoch: 25
Final Train: 100.00 Final Test: 81.80
Epoch: 00, Loss: 1.9657, Train: 37.14%, Valid: 32.00%, Test: 31.80%
Epoch: 100, Loss: 0.0240, Train: 100.00%, Valid: 78.80%, Test: 80.60%
Epoch: 200, Loss: 0.0086, Train: 100.00%, Valid: 76.40%, Test: 80.40%
Epoch: 300, Loss: 0.0052, Train: 100.00%, Valid: 76.80%, Test: 78.90%
Run 02:Highest Train: 100.00 Highest Valid: 81.00 Highest Test: 83.90 Chosen epoch: 140
Final Train: 100.00 Final Test: 80.50
Epoch: 00, Loss: 1.9653, Train: 40.71%, Valid: 29.60%, Test: 30.50%
Epoch: 100, Loss: 0.0151, Train: 100.00%, Valid: 78.20%, Test: 81.40%
Epoch: 200, Loss: 0.0068, Train: 100.00%, Valid: 77.20%, Test: 80.80%
Run 03:Highest Train: 100.00 Highest Valid: 80.00 Highest Test: 83.20 Chosen epoch: 26
Final Train: 100.00 Final Test: 81.70
Epoch: 00, Loss: 1.9735, Train: 23.57%, Valid: 29.00%, Test: 30.00%
Epoch: 100, Loss: 0.0126, Train: 100.00%, Valid: 77.40%, Test: 83.90%
Epoch: 200, Loss: 0.0384, Train: 100.00%, Valid: 77.40%, Test: 79.60%
Epoch: 300, Loss: 0.0140, Train: 100.00%, Valid: 76.60%, Test: 81.70%
Run 04:Highest Train: 100.00 Highest Valid: 82.20 Highest Test: 83.90 Chosen epoch: 143
Final Train: 100.00 Final Test: 82.40
Epoch: 00, Loss: 1.9787, Train: 32.14%, Valid: 29.40%, Test: 29.80%
Epoch: 100, Loss: 0.0085, Train: 100.00%, Valid: 76.60%, Test: 76.80%
Epoch: 200, Loss: 0.0178, Train: 100.00%, Valid: 73.40%, Test: 78.40%
Run 05:Highest Train: 100.00 Highest Valid: 82.80 Highest Test: 83.80 Chosen epoch: 36
Final Train: 100.00 Final Test: 83.80
Epoch: 00, Loss: 1.9744, Train: 43.57%, Valid: 34.20%, Test: 32.40%
Epoch: 100, Loss: 0.0112, Train: 100.00%, Valid: 77.40%, Test: 79.70%
Epoch: 200, Loss: 0.0136, Train: 100.00%, Valid: 77.20%, Test: 79.80%
Run 06:Highest Train: 100.00 Highest Valid: 82.00 Highest Test: 84.30 Chosen epoch: 75
Final Train: 100.00 Final Test: 83.20
Epoch: 00, Loss: 1.9622, Train: 46.43%, Valid: 29.80%, Test: 28.70%
Epoch: 100, Loss: 0.0153, Train: 100.00%, Valid: 79.80%, Test: 82.00%
Epoch: 200, Loss: 0.0189, Train: 100.00%, Valid: 80.40%, Test: 81.10%
Run 07:Highest Train: 100.00 Highest Valid: 82.20 Highest Test: 83.90 Chosen epoch: 62
Final Train: 100.00 Final Test: 82.60
Epoch: 00, Loss: 2.0075, Train: 42.14%, Valid: 30.40%, Test: 31.70%
Epoch: 100, Loss: 0.0102, Train: 99.29%, Valid: 75.60%, Test: 78.50%
Epoch: 200, Loss: 0.0043, Train: 100.00%, Valid: 77.60%, Test: 81.10%
Epoch: 300, Loss: 0.0038, Train: 100.00%, Valid: 76.80%, Test: 82.20%
Run 08:Highest Train: 100.00 Highest Valid: 80.40 Highest Test: 83.40 Chosen epoch: 184
Final Train: 100.00 Final Test: 82.80
Epoch: 00, Loss: 2.0038, Train: 25.00%, Valid: 28.80%, Test: 29.50%
Epoch: 100, Loss: 0.0154, Train: 100.00%, Valid: 77.40%, Test: 83.00%
Epoch: 200, Loss: 0.0875, Train: 100.00%, Valid: 77.60%, Test: 81.60%
Epoch: 300, Loss: 0.0087, Train: 100.00%, Valid: 76.00%, Test: 78.80%
Run 09:Highest Train: 100.00 Highest Valid: 82.00 Highest Test: 84.00 Chosen epoch: 166
Final Train: 100.00 Final Test: 82.60
Epoch: 00, Loss: 1.9969, Train: 35.00%, Valid: 30.20%, Test: 31.40%
Epoch: 100, Loss: 0.0060, Train: 100.00%, Valid: 78.40%, Test: 83.20%
Epoch: 200, Loss: 0.0123, Train: 100.00%, Valid: 79.40%, Test: 81.50%
Epoch: 300, Loss: 0.0087, Train: 100.00%, Valid: 76.20%, Test: 82.40%
Run 10:Highest Train: 100.00 Highest Valid: 81.00 Highest Test: 84.10 Chosen epoch: 200
Final Train: 100.00 Final Test: 82.60
10 runs: Highest Train: 100.00 ± 0.00 Highest val epoch:199
Highest Test: 83.82 ± 0.32 Final Test: 82.40 ± 0.90
