Namespace(data_dir='../data/', dataset='pubmed', device=0, seed=123, cpu=False, epochs=500, runs=10, train_prop=0.5, valid_prop=0.25, protocol='semi', rand_split=False, rand_split_class=True, label_num_per_class=20, valid_num=500, test_num=1000, directed=False, method='sgformer', hidden_channels=64, num_layers=4, num_heads=1, alpha=0.5, use_bn=False, use_residual=True, use_graph=True, use_weight=False, use_init=False, use_act=False, attention='gcn', lr=0.005, weight_decay=0.0005, dropout=0.5, display_step=100, no_feat_norm=True, patience=200, graph_weight=0.8, learn_graph_weight=False, ours_weight_decay=0.01, ours_use_weight=False, ours_use_residual=False, ours_use_act=False, backbone='gcn', ours_layers=1, ours_dropout=0.3, aggregate='add', hops=1, gat_heads=8, out_heads=1, lamda=0.1, num_elayers=2, encoder_emdim=768, num_partitions=10, num_reps=4, partition_method='metis', no_pse=False, local_only=False, global_only=False)
pubmed
Num nodes: 19717
train:torch.Size([60]), valid:torch.Size([500]), test:torch.Size([1000])
features shape=torch.Size([19717, 500])
num nodes 19717 | num classes 3 | num node feats 500
Epoch: 00, Loss: 1.0984, Train: 33.33%, Valid: 23.20%, Test: 21.60%
Epoch: 100, Loss: 0.0028, Train: 100.00%, Valid: 76.60%, Test: 78.70%
Epoch: 200, Loss: 0.0070, Train: 100.00%, Valid: 75.40%, Test: 75.90%
Run 01:Highest Train: 100.00 Highest Valid: 79.60 Highest Test: 80.50 Chosen epoch: 31
Final Train: 95.00 Final Test: 80.30
Epoch: 00, Loss: 1.1109, Train: 33.33%, Valid: 41.80%, Test: 38.80%
Epoch: 100, Loss: 0.0015, Train: 100.00%, Valid: 75.00%, Test: 76.00%
Epoch: 200, Loss: 0.0061, Train: 100.00%, Valid: 74.00%, Test: 74.90%
Run 02:Highest Train: 100.00 Highest Valid: 78.00 Highest Test: 79.70 Chosen epoch: 45
Final Train: 100.00 Final Test: 79.40
Epoch: 00, Loss: 1.1380, Train: 33.33%, Valid: 41.80%, Test: 38.80%
Epoch: 100, Loss: 0.0014, Train: 100.00%, Valid: 75.60%, Test: 78.20%
Epoch: 200, Loss: 0.0019, Train: 100.00%, Valid: 74.60%, Test: 77.20%
Run 03:Highest Train: 100.00 Highest Valid: 79.20 Highest Test: 79.80 Chosen epoch: 33
Final Train: 98.33 Final Test: 77.60
Epoch: 00, Loss: 1.1911, Train: 33.33%, Valid: 41.80%, Test: 38.80%
Epoch: 100, Loss: 0.0010, Train: 100.00%, Valid: 76.60%, Test: 77.30%
Epoch: 200, Loss: 0.0026, Train: 100.00%, Valid: 76.60%, Test: 77.60%
Run 04:Highest Train: 100.00 Highest Valid: 77.20 Highest Test: 78.80 Chosen epoch: 29
Final Train: 98.33 Final Test: 78.60
Epoch: 00, Loss: 1.2188, Train: 33.33%, Valid: 41.80%, Test: 38.80%
Epoch: 100, Loss: 0.0008, Train: 100.00%, Valid: 75.20%, Test: 76.20%
Epoch: 200, Loss: 0.0010, Train: 100.00%, Valid: 75.60%, Test: 77.60%
Run 05:Highest Train: 100.00 Highest Valid: 77.20 Highest Test: 79.30 Chosen epoch: 38
Final Train: 98.33 Final Test: 78.60
Epoch: 00, Loss: 1.2852, Train: 33.33%, Valid: 41.80%, Test: 38.80%
Epoch: 100, Loss: 0.0013, Train: 100.00%, Valid: 77.20%, Test: 78.80%
Epoch: 200, Loss: 0.0010, Train: 100.00%, Valid: 73.80%, Test: 75.80%
Run 06:Highest Train: 100.00 Highest Valid: 80.00 Highest Test: 80.70 Chosen epoch: 45
Final Train: 96.67 Final Test: 80.10
Epoch: 00, Loss: 1.2915, Train: 33.33%, Valid: 41.80%, Test: 38.80%
Epoch: 100, Loss: 0.0023, Train: 100.00%, Valid: 75.40%, Test: 77.60%
Epoch: 200, Loss: 0.0033, Train: 100.00%, Valid: 74.80%, Test: 76.60%
Run 07:Highest Train: 100.00 Highest Valid: 77.00 Highest Test: 79.60 Chosen epoch: 50
Final Train: 98.33 Final Test: 77.00
Epoch: 00, Loss: 1.3258, Train: 33.33%, Valid: 41.80%, Test: 38.80%
Epoch: 100, Loss: 0.0027, Train: 100.00%, Valid: 73.60%, Test: 76.90%
Epoch: 200, Loss: 0.0029, Train: 100.00%, Valid: 72.60%, Test: 75.10%
Run 08:Highest Train: 100.00 Highest Valid: 77.20 Highest Test: 78.70 Chosen epoch: 54
Final Train: 96.67 Final Test: 77.00
Epoch: 00, Loss: 1.4117, Train: 33.33%, Valid: 41.80%, Test: 38.80%
Epoch: 100, Loss: 0.0128, Train: 100.00%, Valid: 76.80%, Test: 77.50%
Epoch: 200, Loss: 0.0177, Train: 100.00%, Valid: 73.00%, Test: 72.90%
Epoch: 300, Loss: 0.0011, Train: 100.00%, Valid: 74.40%, Test: 76.60%
Run 09:Highest Train: 100.00 Highest Valid: 77.20 Highest Test: 79.30 Chosen epoch: 102
Final Train: 100.00 Final Test: 77.90
Epoch: 00, Loss: 1.4475, Train: 33.33%, Valid: 41.80%, Test: 38.80%
Epoch: 100, Loss: 0.0035, Train: 100.00%, Valid: 72.20%, Test: 74.50%
Epoch: 200, Loss: 0.0040, Train: 100.00%, Valid: 71.60%, Test: 75.10%
Run 10:Highest Train: 100.00 Highest Valid: 74.60 Highest Test: 77.10 Chosen epoch: 61
Final Train: 98.33 Final Test: 75.40
10 runs: Highest Train: 100.00 ± 0.00 Highest val epoch:60
Highest Test: 79.35 ± 1.02 Final Test: 78.19 ± 1.53
