
╔═══════════════════════════════════════════════════╗
║  PHASE 2: SGFormer RE-RUN (7 datasets parallel)  ║
╚═══════════════════════════════════════════════════╝
Start: Tue Apr 21 09:28:44 UTC 2026
  Launched 7 SGFormer jobs: PIDs 84544 84545 84546 84547 84548 84549 84550
  Waiting for all to finish...
  All done: Tue Apr 21 09:32:49 UTC 2026

════════════════════════════════════════════════════════════
METRIC COMPARISON: SGFormer Highest Test vs Final Test
════════════════════════════════════════════════════════════
Dataset      SGF Highest            SGF Final              PCGT Highest           PCGT Final            
cora         83.82 ± 0.32
82.40 ± 0.90 83.82 ± 0.32
82.40 ± 0.90 84.30 ± 0.37
83.81 ± 0.76 84.30 ± 0.37
83.81 ± 0.76
citeseer     69.32 ± 0.41
67.95 ± 1.03 69.32 ± 0.41
67.95 ± 1.03 73.12 ± 0.42
72.15 ± 0.47 73.12 ± 0.42
72.15 ± 0.47
pubmed       79.35 ± 1.02
78.19 ± 1.53 79.35 ± 1.02
78.19 ± 1.53 81.00 ± 0.63
80.32 ± 1.28 81.00 ± 0.63
80.32 ± 1.28
film         29.49 ± 4.06
29.00 ± 4.17 29.49 ± 4.06
29.00 ± 4.17 38.00 ± 0.90
36.28 ± 1.37 38.00 ± 0.90
36.28 ± 1.37
squirrel     43.04 ± 1.68
40.47 ± 1.92 43.04 ± 1.68
40.47 ± 1.92 45.49 ± 2.71
43.40 ± 3.30 45.49 ± 2.71
43.40 ± 3.30
chameleon    48.67 ± 3.03
44.08 ± 2.63 48.67 ± 3.03
44.08 ± 2.63 49.03 ± 2.79
44.39 ± 5.18 49.03 ± 2.79
44.39 ± 5.18
deezer       67.15 ± 0.48
66.90 ± 0.49 67.15 ± 0.48
66.90 ± 0.49 67.16 ± 0.66
66.81 ± 0.65 67.16 ± 0.66
66.81 ± 0.65
