
╔═══════════════════════════════════════════════════╗
║  PHASE 1: ABLATION (5 runs, 3 datasets parallel) ║
╚═══════════════════════════════════════════════════╝
Start: Tue Apr 21 09:22:46 UTC 2026
── full_pcgt (3 datasets parallel) — 09:22:46 ──
    cora: 83.90 ± 0.66
82.78 ± 0.73
    chameleon: 48.01 ± 2.23
44.13 ± 2.88
    squirrel: 47.19 ± 2.45
44.86 ± 3.73
── local_only (3 datasets parallel) — 09:23:43 ──
    cora: 83.58 ± 0.66
82.80 ± 0.82
    chameleon: 48.84 ± 3.18
44.11 ± 1.86
    squirrel: 46.03 ± 2.09
43.04 ± 1.63
── global_only (3 datasets parallel) — 09:24:29 ──
    cora: 83.64 ± 0.62
81.94 ± 1.04
    chameleon: 48.66 ± 2.64
43.67 ± 2.86
    squirrel: 46.07 ± 1.95
43.72 ± 1.47
── no_pse (3 datasets parallel) — 09:25:19 ──
    cora: 83.74 ± 0.69
82.50 ± 1.32
    chameleon: 47.66 ± 2.14
42.96 ± 2.56
    squirrel: 47.01 ± 1.51
44.48 ± 1.92
── no_gcn (3 datasets parallel) — 09:26:12 ──
    cora: 68.72 ± 1.30
67.72 ± 1.60
    chameleon: 42.63 ± 2.90
39.85 ± 3.11
    squirrel: 39.31 ± 1.52
38.15 ± 2.09
── random_part (3 datasets parallel) — 09:26:50 ──
    cora: 83.90 ± 0.59
82.86 ± 0.81
    chameleon: 48.08 ± 3.16
43.57 ± 2.62
    squirrel: 45.85 ± 0.94
43.53 ± 1.75
── pure_gcn (3 datasets parallel) — 09:27:43 ──
    cora: 84.14 ± 0.62
82.70 ± 0.70
    chameleon: 45.94 ± 3.18
42.53 ± 4.33
    squirrel: 42.43 ± 1.20
40.19 ± 2.01
── sgformer (3 datasets parallel) — 09:28:12 ──
    cora: 84.78 ± 1.10
83.62 ± 1.82
    chameleon: 48.00 ± 2.63
42.27 ± 0.96
    squirrel: 46.61 ± 1.74
44.38 ± 2.53

Phase 1 complete: Tue Apr 21 09:28:44 UTC 2026
────────────────────────────────────────
Variant            Cora                   Chameleon              Squirrel              
full_pcgt          83.90 ± 0.66
82.78 ± 0.73 48.01 ± 2.23
44.13 ± 2.88 47.19 ± 2.45
44.86 ± 3.73
local_only         83.58 ± 0.66
82.80 ± 0.82 48.84 ± 3.18
44.11 ± 1.86 46.03 ± 2.09
43.04 ± 1.63
global_only        83.64 ± 0.62
81.94 ± 1.04 48.66 ± 2.64
43.67 ± 2.86 46.07 ± 1.95
43.72 ± 1.47
no_pse             83.74 ± 0.69
82.50 ± 1.32 47.66 ± 2.14
42.96 ± 2.56 47.01 ± 1.51
44.48 ± 1.92
no_gcn             68.72 ± 1.30
67.72 ± 1.60 42.63 ± 2.90
39.85 ± 3.11 39.31 ± 1.52
38.15 ± 2.09
random_part        83.90 ± 0.59
82.86 ± 0.81 48.08 ± 3.16
43.57 ± 2.62 45.85 ± 0.94
43.53 ± 1.75
pure_gcn           84.14 ± 0.62
82.70 ± 0.70 45.94 ± 3.18
42.53 ± 4.33 42.43 ± 1.20
40.19 ± 2.01
sgformer           84.78 ± 1.10
83.62 ± 1.82 48.00 ± 2.63
42.27 ± 0.96 46.61 ± 1.74
44.38 ± 2.53
