Namespace(data_dir='../data/', dataset='chameleon', device=0, seed=123, cpu=False, epochs=500, runs=5, train_prop=0.5, valid_prop=0.25, protocol='semi', rand_split=False, rand_split_class=False, label_num_per_class=20, valid_num=500, test_num=500, directed=False, method='pcgt', hidden_channels=64, num_layers=2, num_heads=1, alpha=0.5, use_bn=False, use_residual=True, use_graph=True, use_weight=False, use_init=False, use_act=False, attention='gcn', lr=0.01, weight_decay=0.001, dropout=0.5, display_step=100, no_feat_norm=True, patience=200, graph_weight=0.8, learn_graph_weight=False, ours_weight_decay=0.01, ours_use_weight=False, ours_use_residual=False, ours_use_act=False, backbone='gcn', ours_layers=1, ours_dropout=0.3, aggregate='add', hops=1, gat_heads=8, out_heads=1, lamda=0.1, num_elayers=2, encoder_emdim=768, num_partitions=10, num_reps=4, partition_method='metis', no_pse=True, local_only=False, global_only=False)
chameleon
features shape=torch.Size([890, 2325])
num nodes 890 | num classes 5 | num node feats 2325
Computing 10 partitions using metis...
Partitions: 10, Boundary nodes: 549/890 (61.7%)
Intra-partition edges: 13982/17708 (79.0%)
Epoch: 00, Loss: 1.6087, Train: 30.32%, Valid: 23.00%, Test: 27.32% [α=0.50,β=0.99]
Epoch: 100, Loss: 0.2243, Train: 97.31%, Valid: 42.86%, Test: 41.75% [α=0.49,β=2.02]
Epoch: 200, Loss: 0.1469, Train: 99.51%, Valid: 46.69%, Test: 43.30% [α=0.49,β=2.63]
Epoch: 300, Loss: 0.1100, Train: 99.76%, Valid: 47.39%, Test: 45.36% [α=0.50,β=2.98]
Epoch: 400, Loss: 0.0992, Train: 99.27%, Valid: 45.64%, Test: 44.85% [α=0.50,β=3.20]
Run 01:Highest Train: 100.00 Highest Valid: 50.52 Highest Test: 48.97 Chosen epoch: 465
Final Train: 99.76 Final Test: 45.88
Epoch: 00, Loss: 1.6001, Train: 32.55%, Valid: 24.17%, Test: 26.71% [α=0.50,β=1.00]
Epoch: 100, Loss: 0.1546, Train: 99.30%, Valid: 39.40%, Test: 42.86% [α=0.50,β=2.36]
Epoch: 200, Loss: 0.1040, Train: 100.00%, Valid: 40.73%, Test: 41.61% [α=0.50,β=2.95]
Epoch: 300, Loss: 0.1015, Train: 99.53%, Valid: 38.74%, Test: 41.61% [α=0.50,β=3.18]
Epoch: 400, Loss: 0.1196, Train: 99.06%, Valid: 38.08%, Test: 39.13% [α=0.50,β=3.31]
Run 02:Highest Train: 100.00 Highest Valid: 43.05 Highest Test: 46.58 Chosen epoch: 211
Final Train: 100.00 Final Test: 41.61
Epoch: 00, Loss: 1.5964, Train: 31.04%, Valid: 26.55%, Test: 23.60% [α=0.50,β=1.00]
Epoch: 100, Loss: 0.1344, Train: 99.76%, Valid: 47.93%, Test: 38.76% [α=0.50,β=2.44]
Epoch: 200, Loss: 0.0968, Train: 100.00%, Valid: 45.17%, Test: 37.64% [α=0.50,β=2.94]
Run 03:Highest Train: 100.00 Highest Valid: 49.31 Highest Test: 44.38 Chosen epoch: 66
Final Train: 97.87 Final Test: 39.33
Epoch: 00, Loss: 1.6116, Train: 26.94%, Valid: 26.53%, Test: 28.80% [α=0.50,β=1.00]
Epoch: 100, Loss: 0.1587, Train: 99.27%, Valid: 45.24%, Test: 45.11% [α=0.50,β=2.39]
Epoch: 200, Loss: 0.1047, Train: 99.51%, Valid: 42.18%, Test: 47.28% [α=0.50,β=2.93]
Epoch: 300, Loss: 0.1191, Train: 99.27%, Valid: 42.18%, Test: 43.48% [α=0.50,β=3.16]
Run 04:Highest Train: 100.00 Highest Valid: 47.28 Highest Test: 48.91 Chosen epoch: 117
Final Train: 99.76 Final Test: 43.48
Epoch: 00, Loss: 1.6178, Train: 17.50%, Valid: 13.06%, Test: 12.09% [α=0.50,β=1.00]
Epoch: 100, Loss: 0.1511, Train: 98.18%, Valid: 45.52%, Test: 43.41% [α=0.50,β=2.35]
Epoch: 200, Loss: 0.1144, Train: 99.77%, Valid: 45.52%, Test: 47.80% [α=0.50,β=2.93]
Run 05:Highest Train: 100.00 Highest Valid: 47.39 Highest Test: 49.45 Chosen epoch: 57
Final Train: 93.41 Final Test: 44.51
5 runs: Highest Train: 100.00 ± 0.00 Highest val epoch:56
Highest Test: 47.66 ± 2.14 Final Test: 42.96 ± 2.56
