Namespace(data_dir='../data/', dataset='chameleon', device=0, seed=123, cpu=False, epochs=500, runs=5, train_prop=0.5, valid_prop=0.25, protocol='semi', rand_split=False, rand_split_class=False, label_num_per_class=20, valid_num=500, test_num=500, directed=False, method='pcgt', hidden_channels=64, num_layers=2, num_heads=1, alpha=0.5, use_bn=False, use_residual=True, use_graph=True, use_weight=False, use_init=False, use_act=False, attention='gcn', lr=0.01, weight_decay=0.001, dropout=0.5, display_step=100, no_feat_norm=True, patience=200, graph_weight=0.8, learn_graph_weight=False, ours_weight_decay=0.01, ours_use_weight=False, ours_use_residual=False, ours_use_act=False, backbone='gcn', ours_layers=1, ours_dropout=0.3, aggregate='add', hops=1, gat_heads=8, out_heads=1, lamda=0.1, num_elayers=2, encoder_emdim=768, num_partitions=10, num_reps=4, partition_method='metis', no_pse=False, local_only=False, global_only=True)
chameleon
features shape=torch.Size([890, 2325])
num nodes 890 | num classes 5 | num node feats 2325
Computing 10 partitions using metis...
Partitions: 10, Boundary nodes: 549/890 (61.7%)
Intra-partition edges: 13982/17708 (79.0%)
Epoch: 00, Loss: 1.6087, Train: 30.07%, Valid: 23.34%, Test: 27.32% [α=0.50,β=0.99]
Epoch: 100, Loss: 0.2120, Train: 96.82%, Valid: 40.77%, Test: 41.24% [α=0.50,β=2.01]
Epoch: 200, Loss: 0.1148, Train: 99.02%, Valid: 46.69%, Test: 45.36% [α=0.50,β=2.62]
Epoch: 300, Loss: 0.0976, Train: 99.51%, Valid: 45.30%, Test: 42.27% [α=0.50,β=2.97]
Epoch: 400, Loss: 0.0985, Train: 99.76%, Valid: 46.69%, Test: 45.88% [α=0.50,β=3.19]
Run 01:Highest Train: 100.00 Highest Valid: 50.52 Highest Test: 51.55 Chosen epoch: 436
Final Train: 99.76 Final Test: 43.81
Epoch: 00, Loss: 1.5994, Train: 31.62%, Valid: 23.84%, Test: 26.09% [α=0.50,β=1.00]
Epoch: 100, Loss: 0.1634, Train: 98.83%, Valid: 39.40%, Test: 45.34% [α=0.50,β=2.39]
Epoch: 200, Loss: 0.1069, Train: 99.77%, Valid: 39.07%, Test: 42.24% [α=0.50,β=2.97]
Run 02:Highest Train: 100.00 Highest Valid: 42.38 Highest Test: 48.45 Chosen epoch: 87
Final Train: 98.59 Final Test: 42.86
Epoch: 00, Loss: 1.6082, Train: 18.25%, Valid: 12.76%, Test: 13.48% [α=0.50,β=1.00]
Epoch: 100, Loss: 0.1576, Train: 99.29%, Valid: 46.21%, Test: 40.45% [α=0.50,β=2.36]
Epoch: 200, Loss: 0.1053, Train: 99.29%, Valid: 43.79%, Test: 41.57% [α=0.50,β=2.89]
Run 03:Highest Train: 100.00 Highest Valid: 50.00 Highest Test: 44.38 Chosen epoch: 87
Final Train: 98.82 Final Test: 39.33
Epoch: 00, Loss: 1.6115, Train: 15.05%, Valid: 14.97%, Test: 16.30% [α=0.50,β=1.00]
Epoch: 100, Loss: 0.1384, Train: 99.27%, Valid: 42.86%, Test: 45.11% [α=0.50,β=2.35]
Epoch: 200, Loss: 0.1096, Train: 99.76%, Valid: 42.86%, Test: 41.85% [α=0.50,β=2.90]
Run 04:Highest Train: 100.00 Highest Valid: 46.26 Highest Test: 49.46 Chosen epoch: 35
Final Train: 77.91 Final Test: 46.74
Epoch: 00, Loss: 1.6043, Train: 25.68%, Valid: 26.12%, Test: 32.42% [α=0.50,β=1.00]
Epoch: 100, Loss: 0.1471, Train: 99.32%, Valid: 40.67%, Test: 45.05% [α=0.50,β=2.28]
Epoch: 200, Loss: 0.1208, Train: 99.77%, Valid: 45.15%, Test: 45.60% [α=0.50,β=2.87]
Epoch: 300, Loss: 0.1048, Train: 99.32%, Valid: 42.54%, Test: 43.96% [α=0.50,β=3.12]
Run 05:Highest Train: 100.00 Highest Valid: 47.39 Highest Test: 49.45 Chosen epoch: 116
Final Train: 97.50 Final Test: 45.60
5 runs: Highest Train: 100.00 ± 0.00 Highest val epoch:115
Highest Test: 48.66 ± 2.64 Final Test: 43.67 ± 2.86
