Namespace(data_dir='../data/', dataset='chameleon', device=0, seed=123, cpu=False, epochs=500, runs=5, train_prop=0.5, valid_prop=0.25, protocol='semi', rand_split=False, rand_split_class=False, label_num_per_class=20, valid_num=500, test_num=500, directed=False, method='pcgt', hidden_channels=64, num_layers=2, num_heads=1, alpha=0.5, use_bn=False, use_residual=True, use_graph=True, use_weight=False, use_init=False, use_act=False, attention='gcn', lr=0.01, weight_decay=0.001, dropout=0.5, display_step=100, no_feat_norm=True, patience=200, graph_weight=0.8, learn_graph_weight=False, ours_weight_decay=0.01, ours_use_weight=False, ours_use_residual=False, ours_use_act=False, backbone='gcn', ours_layers=1, ours_dropout=0.3, aggregate='add', hops=1, gat_heads=8, out_heads=1, lamda=0.1, num_elayers=2, encoder_emdim=768, num_partitions=10, num_reps=4, partition_method='metis', no_pse=False, local_only=True, global_only=False)
chameleon
features shape=torch.Size([890, 2325])
num nodes 890 | num classes 5 | num node feats 2325
Computing 10 partitions using metis...
Partitions: 10, Boundary nodes: 549/890 (61.7%)
Intra-partition edges: 13982/17708 (79.0%)
Epoch: 00, Loss: 1.6086, Train: 38.88%, Valid: 29.62%, Test: 35.57% [α=0.50,β=0.99]
Epoch: 100, Loss: 0.2094, Train: 97.31%, Valid: 42.51%, Test: 43.30% [α=0.50,β=2.02]
Epoch: 200, Loss: 0.1171, Train: 99.27%, Valid: 43.90%, Test: 43.30% [α=0.50,β=2.63]
Epoch: 300, Loss: 0.0978, Train: 99.76%, Valid: 47.04%, Test: 44.85% [α=0.50,β=2.98]
Epoch: 400, Loss: 0.1034, Train: 99.27%, Valid: 46.34%, Test: 45.36% [α=0.50,β=3.19]
Run 01:Highest Train: 100.00 Highest Valid: 51.57 Highest Test: 53.09 Chosen epoch: 231
Final Train: 99.51 Final Test: 44.85
Epoch: 00, Loss: 1.6116, Train: 17.10%, Valid: 20.53%, Test: 18.01% [α=0.50,β=1.00]
Epoch: 100, Loss: 0.1664, Train: 97.66%, Valid: 39.40%, Test: 45.34% [α=0.50,β=2.33]
Epoch: 200, Loss: 0.1053, Train: 99.77%, Valid: 42.05%, Test: 42.86% [α=0.50,β=2.91]
Run 02:Highest Train: 100.00 Highest Valid: 43.05 Highest Test: 47.83 Chosen epoch: 87
Final Train: 98.59 Final Test: 42.86
Epoch: 00, Loss: 1.6117, Train: 17.06%, Valid: 15.17%, Test: 26.40% [α=0.50,β=1.00]
Epoch: 100, Loss: 0.1542, Train: 98.34%, Valid: 41.38%, Test: 38.76% [α=0.50,β=2.35]
Epoch: 200, Loss: 0.1287, Train: 99.29%, Valid: 44.83%, Test: 39.33% [α=0.50,β=2.86]
Run 03:Highest Train: 100.00 Highest Valid: 50.00 Highest Test: 44.38 Chosen epoch: 65
Final Train: 97.63 Final Test: 41.57
Epoch: 00, Loss: 1.6066, Train: 27.67%, Valid: 27.21%, Test: 28.80% [α=0.50,β=1.00]
Epoch: 100, Loss: 0.1409, Train: 98.06%, Valid: 43.88%, Test: 44.57% [α=0.50,β=2.34]
Epoch: 200, Loss: 0.1021, Train: 99.51%, Valid: 40.48%, Test: 41.85% [α=0.50,β=2.88]
Epoch: 300, Loss: 0.1189, Train: 99.27%, Valid: 42.18%, Test: 44.02% [α=0.50,β=3.11]
Run 04:Highest Train: 100.00 Highest Valid: 46.26 Highest Test: 48.91 Chosen epoch: 138
Final Train: 99.27 Final Test: 46.20
Epoch: 00, Loss: 1.6103, Train: 34.77%, Valid: 36.19%, Test: 39.56% [α=0.50,β=1.00]
Epoch: 100, Loss: 0.1502, Train: 97.95%, Valid: 47.01%, Test: 46.15% [α=0.50,β=2.32]
Epoch: 200, Loss: 0.1183, Train: 99.77%, Valid: 44.03%, Test: 44.51% [α=0.50,β=2.87]
Epoch: 300, Loss: 0.0932, Train: 99.77%, Valid: 43.66%, Test: 46.15% [α=0.50,β=3.11]
Run 05:Highest Train: 100.00 Highest Valid: 47.39 Highest Test: 50.00 Chosen epoch: 178
Final Train: 98.64 Final Test: 45.05
5 runs: Highest Train: 100.00 ± 0.00 Highest val epoch:177
Highest Test: 48.84 ± 3.18 Final Test: 44.11 ± 1.86
