Namespace(data_dir='../data/', dataset='chameleon', device=0, seed=123, cpu=False, epochs=500, runs=5, train_prop=0.5, valid_prop=0.25, protocol='semi', rand_split=False, rand_split_class=False, label_num_per_class=20, valid_num=500, test_num=500, directed=False, method='gcn', hidden_channels=64, num_layers=2, num_heads=1, alpha=0.5, use_bn=False, use_residual=False, use_graph=False, use_weight=False, use_init=False, use_act=False, attention='gcn', lr=0.01, weight_decay=0.001, dropout=0.5, display_step=100, no_feat_norm=True, patience=200, graph_weight=0.8, learn_graph_weight=False, ours_weight_decay=None, ours_use_weight=False, ours_use_residual=False, ours_use_act=False, backbone='gcn', ours_layers=2, ours_dropout=None, aggregate='add', hops=1, gat_heads=8, out_heads=1, lamda=0.1, num_elayers=2, encoder_emdim=768, num_partitions=10, num_reps=4, partition_method='metis', no_pse=False, local_only=False, global_only=False)
chameleon
features shape=torch.Size([890, 2325])
num nodes 890 | num classes 5 | num node feats 2325
Epoch: 00, Loss: 1.6097, Train: 35.94%, Valid: 25.44%, Test: 30.93%
Epoch: 100, Loss: 0.7052, Train: 79.46%, Valid: 40.77%, Test: 47.42%
Epoch: 200, Loss: 0.6337, Train: 79.71%, Valid: 41.46%, Test: 43.30%
Epoch: 300, Loss: 0.5963, Train: 83.13%, Valid: 43.90%, Test: 42.78%
Epoch: 400, Loss: 0.5865, Train: 84.60%, Valid: 43.90%, Test: 44.33%
Run 01:Highest Train: 84.84 Highest Valid: 46.69 Highest Test: 48.97 Chosen epoch: 327
Final Train: 84.60 Final Test: 45.88
Epoch: 00, Loss: 1.6071, Train: 24.36%, Valid: 23.51%, Test: 21.12%
Epoch: 100, Loss: 0.6768, Train: 78.45%, Valid: 37.09%, Test: 38.51%
Epoch: 200, Loss: 0.6330, Train: 81.26%, Valid: 36.75%, Test: 39.75%
Run 02:Highest Train: 83.37 Highest Valid: 39.07 Highest Test: 44.10 Chosen epoch: 36
Final Train: 70.96 Final Test: 37.89
Epoch: 00, Loss: 1.6052, Train: 34.36%, Valid: 28.62%, Test: 25.84%
Epoch: 100, Loss: 0.6851, Train: 78.67%, Valid: 43.45%, Test: 37.64%
Epoch: 200, Loss: 0.5966, Train: 84.12%, Valid: 41.72%, Test: 33.71%
Epoch: 300, Loss: 0.5628, Train: 80.81%, Valid: 41.72%, Test: 35.96%
Epoch: 400, Loss: 0.5408, Train: 81.04%, Valid: 42.07%, Test: 37.08%
Run 03:Highest Train: 86.49 Highest Valid: 47.59 Highest Test: 41.57 Chosen epoch: 348
Final Train: 84.36 Final Test: 38.20
Epoch: 00, Loss: 1.6113, Train: 33.98%, Valid: 30.61%, Test: 29.35%
Epoch: 100, Loss: 0.6823, Train: 79.13%, Valid: 40.82%, Test: 45.65%
Epoch: 200, Loss: 0.6102, Train: 80.10%, Valid: 42.86%, Test: 47.28%
Epoch: 300, Loss: 0.5798, Train: 85.44%, Valid: 42.86%, Test: 44.02%
Run 04:Highest Train: 85.92 Highest Valid: 44.90 Highest Test: 48.91 Chosen epoch: 181
Final Train: 83.50 Final Test: 47.28
Epoch: 00, Loss: 1.6098, Train: 35.00%, Valid: 33.21%, Test: 36.26%
Epoch: 100, Loss: 0.6860, Train: 79.77%, Valid: 42.16%, Test: 41.76%
Epoch: 200, Loss: 0.6063, Train: 81.59%, Valid: 43.66%, Test: 41.76%
Epoch: 300, Loss: 0.5701, Train: 78.41%, Valid: 43.66%, Test: 41.76%
Epoch: 400, Loss: 0.5924, Train: 83.41%, Valid: 45.52%, Test: 42.31%
Run 05:Highest Train: 84.55 Highest Valid: 47.39 Highest Test: 46.15 Chosen epoch: 224
Final Train: 82.27 Final Test: 43.41
5 runs: Highest Train: 85.03 ± 1.22 Highest val epoch:223
Highest Test: 45.94 ± 3.18 Final Test: 42.53 ± 4.33
