Namespace(data_dir='../data/', dataset='chameleon', device=0, seed=123, cpu=False, epochs=500, runs=5, train_prop=0.5, valid_prop=0.25, protocol='semi', rand_split=False, rand_split_class=False, label_num_per_class=20, valid_num=500, test_num=500, directed=False, method='pcgt', hidden_channels=64, num_layers=2, num_heads=1, alpha=0.5, use_bn=False, use_residual=True, use_graph=True, use_weight=False, use_init=False, use_act=False, attention='gcn', lr=0.01, weight_decay=0.001, dropout=0.5, display_step=100, no_feat_norm=True, patience=200, graph_weight=0.8, learn_graph_weight=False, ours_weight_decay=0.01, ours_use_weight=False, ours_use_residual=False, ours_use_act=False, backbone='gcn', ours_layers=1, ours_dropout=0.3, aggregate='add', hops=1, gat_heads=8, out_heads=1, lamda=0.1, num_elayers=2, encoder_emdim=768, num_partitions=10, num_reps=4, partition_method='random', no_pse=False, local_only=False, global_only=False)
chameleon
features shape=torch.Size([890, 2325])
num nodes 890 | num classes 5 | num node feats 2325
Computing 10 partitions using random...
Partitions: 10, Boundary nodes: 888/890 (99.8%)
Intra-partition edges: 1700/17708 (9.6%)
Epoch: 00, Loss: 1.6091, Train: 33.25%, Valid: 24.04%, Test: 27.32% [α=0.50,β=0.99]
Epoch: 100, Loss: 0.1948, Train: 98.04%, Valid: 43.55%, Test: 44.85% [α=0.52,β=2.00]
Epoch: 200, Loss: 0.1302, Train: 99.51%, Valid: 44.25%, Test: 42.78% [α=0.51,β=2.60]
Epoch: 300, Loss: 0.0878, Train: 100.00%, Valid: 43.21%, Test: 43.81% [α=0.50,β=2.93]
Run 01:Highest Train: 100.00 Highest Valid: 45.64 Highest Test: 52.06 Chosen epoch: 159
Final Train: 99.27 Final Test: 43.81
Epoch: 00, Loss: 1.5946, Train: 30.44%, Valid: 24.50%, Test: 26.09% [α=0.50,β=1.00]
Epoch: 100, Loss: 0.1759, Train: 99.53%, Valid: 39.74%, Test: 42.86% [α=0.52,β=2.22]
Epoch: 200, Loss: 0.0972, Train: 99.77%, Valid: 38.41%, Test: 43.48% [α=0.51,β=2.80]
Epoch: 300, Loss: 0.0979, Train: 100.00%, Valid: 39.07%, Test: 39.75% [α=0.51,β=3.06]
Epoch: 400, Loss: 0.0845, Train: 100.00%, Valid: 37.75%, Test: 41.61% [α=0.51,β=3.21]
Run 02:Highest Train: 100.00 Highest Valid: 42.38 Highest Test: 47.83 Chosen epoch: 405
Final Train: 100.00 Final Test: 43.48
Epoch: 00, Loss: 1.6049, Train: 30.09%, Valid: 26.21%, Test: 23.03% [α=0.50,β=1.00]
Epoch: 100, Loss: 0.1135, Train: 99.53%, Valid: 45.17%, Test: 39.33% [α=0.51,β=2.39]
Epoch: 200, Loss: 0.0972, Train: 99.76%, Valid: 45.52%, Test: 38.76% [α=0.51,β=2.90]
Run 03:Highest Train: 100.00 Highest Valid: 50.00 Highest Test: 43.26 Chosen epoch: 61
Final Train: 97.39 Final Test: 39.89
Epoch: 00, Loss: 1.6035, Train: 23.79%, Valid: 23.13%, Test: 23.37% [α=0.50,β=1.00]
Epoch: 100, Loss: 0.1435, Train: 99.27%, Valid: 43.20%, Test: 44.02% [α=0.51,β=2.39]
Epoch: 200, Loss: 0.1079, Train: 99.76%, Valid: 43.20%, Test: 43.48% [α=0.50,β=2.91]
Run 04:Highest Train: 100.00 Highest Valid: 46.94 Highest Test: 48.37 Chosen epoch: 35
Final Train: 82.52 Final Test: 47.28
Epoch: 00, Loss: 1.6094, Train: 19.09%, Valid: 19.03%, Test: 15.93% [α=0.50,β=1.00]
Epoch: 100, Loss: 0.1531, Train: 99.09%, Valid: 44.78%, Test: 45.05% [α=0.51,β=2.27]
Epoch: 200, Loss: 0.1199, Train: 99.55%, Valid: 45.90%, Test: 47.25% [α=0.50,β=2.85]
Run 05:Highest Train: 100.00 Highest Valid: 47.76 Highest Test: 48.90 Chosen epoch: 80
Final Train: 97.73 Final Test: 43.41
5 runs: Highest Train: 100.00 ± 0.00 Highest val epoch:79
Highest Test: 48.08 ± 3.16 Final Test: 43.57 ± 2.62
