Namespace(data_dir='../data/', dataset='chameleon', device=0, seed=123, cpu=False, epochs=500, runs=5, train_prop=0.5, valid_prop=0.25, protocol='semi', rand_split=False, rand_split_class=False, label_num_per_class=20, valid_num=500, test_num=500, directed=False, method='sgformer', hidden_channels=64, num_layers=2, num_heads=1, alpha=0.5, use_bn=False, use_residual=True, use_graph=True, use_weight=False, use_init=False, use_act=False, attention='gcn', lr=0.01, weight_decay=0.001, dropout=0.5, display_step=100, no_feat_norm=True, patience=200, graph_weight=0.8, learn_graph_weight=False, ours_weight_decay=0.01, ours_use_weight=False, ours_use_residual=False, ours_use_act=False, backbone='gcn', ours_layers=1, ours_dropout=0.3, aggregate='add', hops=1, gat_heads=8, out_heads=1, lamda=0.1, num_elayers=2, encoder_emdim=768, num_partitions=10, num_reps=4, partition_method='metis', no_pse=False, local_only=False, global_only=False)
chameleon
features shape=torch.Size([890, 2325])
num nodes 890 | num classes 5 | num node feats 2325
Epoch: 00, Loss: 1.6170, Train: 44.74%, Valid: 35.19%, Test: 35.05%
Epoch: 100, Loss: 0.3032, Train: 96.09%, Valid: 42.86%, Test: 39.69%
Epoch: 200, Loss: 0.2084, Train: 97.80%, Valid: 46.34%, Test: 42.27%
Epoch: 300, Loss: 0.1854, Train: 97.07%, Valid: 43.21%, Test: 43.81%
Run 01:Highest Train: 99.76 Highest Valid: 47.74 Highest Test: 48.97 Chosen epoch: 158
Final Train: 91.44 Final Test: 41.75
Epoch: 00, Loss: 1.6178, Train: 60.89%, Valid: 35.43%, Test: 43.48%
Epoch: 100, Loss: 0.1929, Train: 97.42%, Valid: 37.42%, Test: 39.13%
Epoch: 200, Loss: 0.1921, Train: 98.36%, Valid: 39.40%, Test: 44.10%
Run 02:Highest Train: 99.06 Highest Valid: 41.72 Highest Test: 47.20 Chosen epoch: 48
Final Train: 97.89 Final Test: 42.24
Epoch: 00, Loss: 1.6185, Train: 60.66%, Valid: 38.62%, Test: 31.46%
Epoch: 100, Loss: 0.1982, Train: 99.05%, Valid: 46.55%, Test: 37.08%
Epoch: 200, Loss: 0.1683, Train: 96.92%, Valid: 43.45%, Test: 36.52%
Run 03:Highest Train: 100.00 Highest Valid: 50.00 Highest Test: 43.82 Chosen epoch: 81
Final Train: 96.92 Final Test: 41.01
Epoch: 00, Loss: 1.6590, Train: 53.40%, Valid: 37.76%, Test: 42.39%
Epoch: 100, Loss: 0.1868, Train: 97.33%, Valid: 40.48%, Test: 45.65%
Epoch: 200, Loss: 0.1565, Train: 97.82%, Valid: 42.86%, Test: 44.57%
Epoch: 300, Loss: 0.1875, Train: 98.06%, Valid: 39.80%, Test: 44.57%
Epoch: 400, Loss: 0.1821, Train: 98.54%, Valid: 45.58%, Test: 42.93%
Run 04:Highest Train: 99.76 Highest Valid: 46.60 Highest Test: 50.54 Chosen epoch: 220
Final Train: 99.03 Final Test: 43.48
Epoch: 00, Loss: 1.6598, Train: 53.41%, Valid: 40.30%, Test: 43.41%
Epoch: 100, Loss: 0.2056, Train: 96.59%, Valid: 42.54%, Test: 42.86%
Epoch: 200, Loss: 0.1809, Train: 98.41%, Valid: 46.27%, Test: 44.51%
Run 05:Highest Train: 99.55 Highest Valid: 48.13 Highest Test: 49.45 Chosen epoch: 74
Final Train: 98.41 Final Test: 42.86
5 runs: Highest Train: 99.62 ± 0.35 Highest val epoch:73
Highest Test: 48.00 ± 2.63 Final Test: 42.27 ± 0.96
