Namespace(data_dir='../data', dataset='cora', device=0, seed=123, cpu=False, epochs=500, runs=5, train_prop=0.5, valid_prop=0.25, protocol='semi', rand_split=False, rand_split_class=True, label_num_per_class=20, valid_num=500, test_num=1000, directed=False, method='pcgt', hidden_channels=64, num_layers=4, num_heads=1, alpha=0.5, use_bn=False, use_residual=True, use_graph=True, use_weight=False, use_init=False, use_act=False, attention='gcn', lr=0.01, weight_decay=0.0005, dropout=0.4, display_step=100, no_feat_norm=True, patience=200, graph_weight=0.8, learn_graph_weight=False, ours_weight_decay=0.001, ours_use_weight=False, ours_use_residual=False, ours_use_act=False, backbone='gcn', ours_layers=1, ours_dropout=0.2, aggregate='add', hops=1, gat_heads=8, out_heads=1, lamda=0.1, num_elayers=2, encoder_emdim=768, num_partitions=7, num_reps=4, partition_method='metis', no_pse=False, local_only=False, global_only=True)
cora
Num nodes: 2708
train:torch.Size([140]), valid:torch.Size([500]), test:torch.Size([1000])
features shape=torch.Size([2708, 1433])
num nodes 2708 | num classes 7 | num node feats 1433
Computing 7 partitions using metis...
Partitions: 7, Boundary nodes: 589/2708 (21.8%)
Intra-partition edges: 9538/10556 (90.4%)
Epoch: 00, Loss: 1.9507, Train: 15.71%, Valid: 14.80%, Test: 18.10% [α=0.50,β=0.99]
Epoch: 100, Loss: 0.0259, Train: 100.00%, Valid: 75.60%, Test: 79.10% [α=0.50,β=1.32]
Epoch: 200, Loss: 0.0072, Train: 100.00%, Valid: 74.80%, Test: 79.20% [α=0.50,β=1.42]
Epoch: 300, Loss: 0.0076, Train: 100.00%, Valid: 73.20%, Test: 77.10% [α=0.50,β=1.56]
Epoch: 400, Loss: 0.0041, Train: 100.00%, Valid: 77.20%, Test: 81.00% [α=0.50,β=1.64]
Run 01:Highest Train: 100.00 Highest Valid: 79.60 Highest Test: 83.10 Chosen epoch: 217
Final Train: 100.00 Final Test: 80.60
Epoch: 00, Loss: 1.9456, Train: 15.00%, Valid: 7.60%, Test: 6.20% [α=0.50,β=1.00]
Epoch: 100, Loss: 0.0126, Train: 100.00%, Valid: 77.20%, Test: 81.40% [α=0.50,β=2.09]
Epoch: 200, Loss: 0.0087, Train: 100.00%, Valid: 78.40%, Test: 81.80% [α=0.50,β=2.17]
Epoch: 300, Loss: 0.0034, Train: 100.00%, Valid: 78.60%, Test: 81.70% [α=0.50,β=2.22]
Epoch: 400, Loss: 0.0158, Train: 100.00%, Valid: 78.40%, Test: 80.80% [α=0.50,β=2.25]
Run 02:Highest Train: 100.00 Highest Valid: 80.40 Highest Test: 83.60 Chosen epoch: 288
Final Train: 100.00 Final Test: 82.60
Epoch: 00, Loss: 1.9463, Train: 14.29%, Valid: 12.00%, Test: 11.40% [α=0.50,β=1.00]
Epoch: 100, Loss: 0.0398, Train: 100.00%, Valid: 78.00%, Test: 81.60% [α=0.50,β=1.96]
Epoch: 200, Loss: 0.0035, Train: 100.00%, Valid: 74.80%, Test: 78.30% [α=0.50,β=2.04]
Run 03:Highest Train: 100.00 Highest Valid: 81.80 Highest Test: 84.70 Chosen epoch: 21
Final Train: 100.00 Final Test: 81.50
Epoch: 00, Loss: 1.9469, Train: 14.29%, Valid: 29.00%, Test: 29.30% [α=0.50,β=1.00]
Epoch: 100, Loss: 0.0150, Train: 100.00%, Valid: 78.00%, Test: 80.40% [α=0.50,β=2.16]
Epoch: 200, Loss: 0.0079, Train: 100.00%, Valid: 79.60%, Test: 82.70% [α=0.50,β=2.30]
Epoch: 300, Loss: 0.0278, Train: 100.00%, Valid: 77.60%, Test: 81.50% [α=0.50,β=2.36]
Epoch: 400, Loss: 0.0083, Train: 100.00%, Valid: 77.00%, Test: 81.40% [α=0.50,β=2.39]
Run 04:Highest Train: 100.00 Highest Valid: 81.60 Highest Test: 83.40 Chosen epoch: 244
Final Train: 100.00 Final Test: 81.70
Epoch: 00, Loss: 1.9491, Train: 20.00%, Valid: 11.40%, Test: 9.30% [α=0.50,β=1.00]
Epoch: 100, Loss: 0.0044, Train: 100.00%, Valid: 76.20%, Test: 80.70% [α=0.50,β=1.76]
Epoch: 200, Loss: 0.0140, Train: 100.00%, Valid: 75.80%, Test: 80.50% [α=0.50,β=1.81]
Run 05:Highest Train: 100.00 Highest Valid: 79.60 Highest Test: 83.40 Chosen epoch: 21
Final Train: 99.29 Final Test: 83.30
5 runs: Highest Train: 100.00 ± 0.00 Highest val epoch:20
Highest Test: 83.64 ± 0.62 Final Test: 81.94 ± 1.04
