Namespace(data_dir='../data', dataset='cora', device=0, seed=123, cpu=False, epochs=500, runs=5, train_prop=0.5, valid_prop=0.25, protocol='semi', rand_split=False, rand_split_class=True, label_num_per_class=20, valid_num=500, test_num=1000, directed=False, method='pcgt', hidden_channels=64, num_layers=4, num_heads=1, alpha=0.5, use_bn=False, use_residual=True, use_graph=True, use_weight=False, use_init=False, use_act=False, attention='gcn', lr=0.01, weight_decay=0.0005, dropout=0.4, display_step=100, no_feat_norm=True, patience=200, graph_weight=0.8, learn_graph_weight=False, ours_weight_decay=0.001, ours_use_weight=False, ours_use_residual=False, ours_use_act=False, backbone='gcn', ours_layers=1, ours_dropout=0.2, aggregate='add', hops=1, gat_heads=8, out_heads=1, lamda=0.1, num_elayers=2, encoder_emdim=768, num_partitions=7, num_reps=4, partition_method='metis', no_pse=False, local_only=True, global_only=False)
cora
Num nodes: 2708
train:torch.Size([140]), valid:torch.Size([500]), test:torch.Size([1000])
features shape=torch.Size([2708, 1433])
num nodes 2708 | num classes 7 | num node feats 1433
Computing 7 partitions using metis...
Partitions: 7, Boundary nodes: 589/2708 (21.8%)
Intra-partition edges: 9538/10556 (90.4%)
Epoch: 00, Loss: 1.9506, Train: 26.43%, Valid: 16.40%, Test: 19.70% [α=0.50,β=0.99]
Epoch: 100, Loss: 0.0478, Train: 100.00%, Valid: 76.80%, Test: 80.70% [α=0.50,β=1.31]
Epoch: 200, Loss: 0.0090, Train: 100.00%, Valid: 77.60%, Test: 81.50% [α=0.50,β=1.42]
Run 01:Highest Train: 100.00 Highest Valid: 79.80 Highest Test: 83.10 Chosen epoch: 9
Final Train: 98.57 Final Test: 82.90
Epoch: 00, Loss: 1.9480, Train: 31.43%, Valid: 31.60%, Test: 31.90% [α=0.50,β=1.00]
Epoch: 100, Loss: 0.0029, Train: 100.00%, Valid: 78.60%, Test: 81.50% [α=0.50,β=1.63]
Epoch: 200, Loss: 0.0034, Train: 100.00%, Valid: 75.20%, Test: 81.60% [α=0.50,β=1.75]
Epoch: 300, Loss: 0.0029, Train: 100.00%, Valid: 76.80%, Test: 81.80% [α=0.50,β=1.84]
Run 02:Highest Train: 100.00 Highest Valid: 82.40 Highest Test: 84.20 Chosen epoch: 109
Final Train: 100.00 Final Test: 84.10
Epoch: 00, Loss: 1.9509, Train: 35.71%, Valid: 19.80%, Test: 19.10% [α=0.50,β=1.00]
Epoch: 100, Loss: 0.0139, Train: 100.00%, Valid: 77.60%, Test: 81.00% [α=0.50,β=1.74]
Epoch: 200, Loss: 0.0047, Train: 100.00%, Valid: 79.60%, Test: 82.70% [α=0.50,β=1.86]
Epoch: 300, Loss: 0.0794, Train: 98.57%, Valid: 74.20%, Test: 78.40% [α=0.50,β=1.95]
Run 03:Highest Train: 100.00 Highest Valid: 80.80 Highest Test: 84.40 Chosen epoch: 107
Final Train: 100.00 Final Test: 82.10
Epoch: 00, Loss: 1.9515, Train: 16.43%, Valid: 17.00%, Test: 16.30% [α=0.50,β=1.00]
Epoch: 100, Loss: 0.0264, Train: 100.00%, Valid: 73.00%, Test: 79.70% [α=0.50,β=1.83]
Epoch: 200, Loss: 0.0026, Train: 100.00%, Valid: 75.80%, Test: 79.80% [α=0.50,β=1.91]
Run 04:Highest Train: 100.00 Highest Valid: 77.00 Highest Test: 83.00 Chosen epoch: 19
Final Train: 100.00 Final Test: 82.80
Epoch: 00, Loss: 1.9508, Train: 15.00%, Valid: 6.80%, Test: 8.10% [α=0.50,β=1.00]
Epoch: 100, Loss: 0.0127, Train: 100.00%, Valid: 76.40%, Test: 81.00% [α=0.50,β=2.04]
Epoch: 200, Loss: 0.0046, Train: 100.00%, Valid: 76.00%, Test: 81.70% [α=0.50,β=2.13]
Epoch: 300, Loss: 0.0049, Train: 100.00%, Valid: 77.80%, Test: 81.40% [α=0.50,β=2.18]
Run 05:Highest Train: 100.00 Highest Valid: 79.40 Highest Test: 83.20 Chosen epoch: 157
Final Train: 100.00 Final Test: 82.10
5 runs: Highest Train: 100.00 ± 0.00 Highest val epoch:156
Highest Test: 83.58 ± 0.66 Final Test: 82.80 ± 0.82
