Namespace(data_dir='../data', dataset='cora', device=0, seed=123, cpu=False, epochs=500, runs=5, train_prop=0.5, valid_prop=0.25, protocol='semi', rand_split=False, rand_split_class=True, label_num_per_class=20, valid_num=500, test_num=1000, directed=False, method='gcn', hidden_channels=64, num_layers=4, num_heads=1, alpha=0.5, use_bn=False, use_residual=False, use_graph=False, use_weight=False, use_init=False, use_act=False, attention='gcn', lr=0.01, weight_decay=0.0005, dropout=0.4, display_step=100, no_feat_norm=True, patience=200, graph_weight=0.8, learn_graph_weight=False, ours_weight_decay=None, ours_use_weight=False, ours_use_residual=False, ours_use_act=False, backbone='gcn', ours_layers=2, ours_dropout=None, aggregate='add', hops=1, gat_heads=8, out_heads=1, lamda=0.1, num_elayers=2, encoder_emdim=768, num_partitions=10, num_reps=4, partition_method='metis', no_pse=False, local_only=False, global_only=False)
cora
Num nodes: 2708
train:torch.Size([140]), valid:torch.Size([500]), test:torch.Size([1000])
features shape=torch.Size([2708, 1433])
num nodes 2708 | num classes 7 | num node feats 1433
Epoch: 00, Loss: 1.9439, Train: 50.71%, Valid: 41.60%, Test: 44.20%
Epoch: 100, Loss: 0.0145, Train: 99.29%, Valid: 75.20%, Test: 80.50%
Epoch: 200, Loss: 0.0040, Train: 100.00%, Valid: 75.60%, Test: 77.90%
Run 01:Highest Train: 100.00 Highest Valid: 79.80 Highest Test: 84.10 Chosen epoch: 6
Final Train: 93.57 Final Test: 82.90
Epoch: 00, Loss: 1.9486, Train: 31.43%, Valid: 21.60%, Test: 20.40%
Epoch: 100, Loss: 0.0114, Train: 100.00%, Valid: 78.00%, Test: 82.20%
Epoch: 200, Loss: 0.0330, Train: 100.00%, Valid: 77.20%, Test: 81.50%
Run 02:Highest Train: 100.00 Highest Valid: 79.40 Highest Test: 83.20 Chosen epoch: 17
Final Train: 99.29 Final Test: 82.30
Epoch: 00, Loss: 1.9479, Train: 25.71%, Valid: 14.20%, Test: 17.50%
Epoch: 100, Loss: 0.0034, Train: 100.00%, Valid: 77.60%, Test: 81.50%
Epoch: 200, Loss: 0.0099, Train: 100.00%, Valid: 78.80%, Test: 82.10%
Run 03:Highest Train: 100.00 Highest Valid: 81.20 Highest Test: 84.90 Chosen epoch: 15
Final Train: 97.14 Final Test: 83.20
Epoch: 00, Loss: 1.9460, Train: 24.29%, Valid: 20.60%, Test: 20.60%
Epoch: 100, Loss: 0.0288, Train: 100.00%, Valid: 78.60%, Test: 81.90%
Epoch: 200, Loss: 0.0058, Train: 100.00%, Valid: 79.40%, Test: 82.40%
Run 04:Highest Train: 100.00 Highest Valid: 80.80 Highest Test: 84.40 Chosen epoch: 32
Final Train: 100.00 Final Test: 83.40
Epoch: 00, Loss: 1.9424, Train: 32.14%, Valid: 26.00%, Test: 24.70%
Epoch: 100, Loss: 0.0071, Train: 100.00%, Valid: 74.80%, Test: 78.80%
Epoch: 200, Loss: 0.0020, Train: 100.00%, Valid: 77.60%, Test: 82.20%
Run 05:Highest Train: 100.00 Highest Valid: 80.00 Highest Test: 84.10 Chosen epoch: 94
Final Train: 100.00 Final Test: 81.70
5 runs: Highest Train: 100.00 ± 0.00 Highest val epoch:93
Highest Test: 84.14 ± 0.62 Final Test: 82.70 ± 0.70
