Namespace(data_dir='../data', dataset='cora', device=0, seed=123, cpu=False, epochs=500, runs=5, train_prop=0.5, valid_prop=0.25, protocol='semi', rand_split=False, rand_split_class=True, label_num_per_class=20, valid_num=500, test_num=1000, directed=False, method='pcgt', hidden_channels=64, num_layers=4, num_heads=1, alpha=0.5, use_bn=False, use_residual=True, use_graph=True, use_weight=False, use_init=False, use_act=False, attention='gcn', lr=0.01, weight_decay=0.0005, dropout=0.4, display_step=100, no_feat_norm=True, patience=200, graph_weight=0.8, learn_graph_weight=False, ours_weight_decay=0.001, ours_use_weight=False, ours_use_residual=False, ours_use_act=False, backbone='gcn', ours_layers=1, ours_dropout=0.2, aggregate='add', hops=1, gat_heads=8, out_heads=1, lamda=0.1, num_elayers=2, encoder_emdim=768, num_partitions=7, num_reps=4, partition_method='random', no_pse=False, local_only=False, global_only=False)
cora
Num nodes: 2708
train:torch.Size([140]), valid:torch.Size([500]), test:torch.Size([1000])
features shape=torch.Size([2708, 1433])
num nodes 2708 | num classes 7 | num node feats 1433
Computing 7 partitions using random...
Partitions: 7, Boundary nodes: 2621/2708 (96.8%)
Intra-partition edges: 1592/10556 (15.1%)
Epoch: 00, Loss: 1.9510, Train: 15.71%, Valid: 14.80%, Test: 18.10% [α=0.50,β=0.99]
Epoch: 100, Loss: 0.0224, Train: 100.00%, Valid: 77.20%, Test: 82.00% [α=0.54,β=1.30]
Epoch: 200, Loss: 0.0057, Train: 100.00%, Valid: 76.80%, Test: 78.00% [α=0.54,β=1.40]
Run 01:Highest Train: 100.00 Highest Valid: 80.40 Highest Test: 83.00 Chosen epoch: 9
Final Train: 96.43 Final Test: 83.00
Epoch: 00, Loss: 1.9468, Train: 31.43%, Valid: 28.60%, Test: 26.10% [α=0.50,β=1.00]
Epoch: 100, Loss: 0.0567, Train: 100.00%, Valid: 75.80%, Test: 79.70% [α=0.60,β=1.63]
Epoch: 200, Loss: 0.0041, Train: 100.00%, Valid: 75.40%, Test: 78.70% [α=0.56,β=1.75]
Run 02:Highest Train: 100.00 Highest Valid: 81.00 Highest Test: 83.60 Chosen epoch: 74
Final Train: 100.00 Final Test: 82.20
Epoch: 00, Loss: 1.9484, Train: 17.14%, Valid: 7.60%, Test: 6.40% [α=0.50,β=1.00]
Epoch: 100, Loss: 0.0071, Train: 100.00%, Valid: 81.20%, Test: 83.60% [α=0.59,β=1.90]
Epoch: 200, Loss: 0.0023, Train: 100.00%, Valid: 77.80%, Test: 79.80% [α=0.57,β=2.01]
Epoch: 300, Loss: 0.0060, Train: 100.00%, Valid: 80.20%, Test: 83.10% [α=0.56,β=2.06]
Run 03:Highest Train: 100.00 Highest Valid: 83.00 Highest Test: 84.30 Chosen epoch: 126
Final Train: 100.00 Final Test: 83.30
Epoch: 00, Loss: 1.9491, Train: 14.29%, Valid: 12.00%, Test: 11.40% [α=0.50,β=1.00]
Epoch: 100, Loss: 0.0148, Train: 100.00%, Valid: 74.80%, Test: 77.90% [α=0.59,β=1.75]
Epoch: 200, Loss: 0.0055, Train: 100.00%, Valid: 80.20%, Test: 82.60% [α=0.57,β=1.82]
Epoch: 300, Loss: 0.0041, Train: 100.00%, Valid: 76.40%, Test: 80.40% [α=0.55,β=1.85]
Epoch: 400, Loss: 0.0024, Train: 100.00%, Valid: 75.40%, Test: 79.90% [α=0.54,β=1.88]
Run 04:Highest Train: 100.00 Highest Valid: 82.20 Highest Test: 84.40 Chosen epoch: 289
Final Train: 98.57 Final Test: 81.90
Epoch: 00, Loss: 1.9492, Train: 20.00%, Valid: 13.40%, Test: 15.00% [α=0.50,β=1.00]
Epoch: 100, Loss: 0.0588, Train: 100.00%, Valid: 80.00%, Test: 81.40% [α=0.54,β=1.89]
Epoch: 200, Loss: 0.0135, Train: 100.00%, Valid: 79.40%, Test: 83.70% [α=0.54,β=1.97]
Epoch: 300, Loss: 0.0027, Train: 100.00%, Valid: 80.00%, Test: 82.30% [α=0.53,β=2.04]
Epoch: 400, Loss: 0.0173, Train: 100.00%, Valid: 78.60%, Test: 83.10% [α=0.53,β=2.06]
Run 05:Highest Train: 100.00 Highest Valid: 80.80 Highest Test: 84.20 Chosen epoch: 249
Final Train: 100.00 Final Test: 83.90
5 runs: Highest Train: 100.00 ± 0.00 Highest val epoch:248
Highest Test: 83.90 ± 0.59 Final Test: 82.86 ± 0.81
