Namespace(data_dir='../data', dataset='cora', device=0, seed=123, cpu=False, epochs=500, runs=5, train_prop=0.5, valid_prop=0.25, protocol='semi', rand_split=False, rand_split_class=True, label_num_per_class=20, valid_num=500, test_num=1000, directed=False, method='pcgt', hidden_channels=64, num_layers=4, num_heads=1, alpha=0.5, use_bn=False, use_residual=True, use_graph=True, use_weight=False, use_init=False, use_act=False, attention='gcn', lr=0.01, weight_decay=0.0005, dropout=0.4, display_step=100, no_feat_norm=True, patience=200, graph_weight=0.8, learn_graph_weight=False, ours_weight_decay=0.001, ours_use_weight=False, ours_use_residual=False, ours_use_act=False, backbone='gcn', ours_layers=1, ours_dropout=0.2, aggregate='add', hops=1, gat_heads=8, out_heads=1, lamda=0.1, num_elayers=2, encoder_emdim=768, num_partitions=7, num_reps=4, partition_method='metis', no_pse=False, local_only=False, global_only=False)
cora
Num nodes: 2708
train:torch.Size([140]), valid:torch.Size([500]), test:torch.Size([1000])
features shape=torch.Size([2708, 1433])
num nodes 2708 | num classes 7 | num node feats 1433
Computing 7 partitions using metis...
Partitions: 7, Boundary nodes: 589/2708 (21.8%)
Intra-partition edges: 9538/10556 (90.4%)
Epoch: 00, Loss: 1.9506, Train: 22.14%, Valid: 15.00%, Test: 18.20% [α=0.50,β=0.99]
Epoch: 100, Loss: 0.0117, Train: 100.00%, Valid: 76.20%, Test: 78.70% [α=0.54,β=1.32]
Epoch: 200, Loss: 0.0120, Train: 100.00%, Valid: 74.60%, Test: 79.40% [α=0.53,β=1.45]
Run 01:Highest Train: 100.00 Highest Valid: 79.40 Highest Test: 82.80 Chosen epoch: 18
Final Train: 99.29 Final Test: 82.80
Epoch: 00, Loss: 1.9484, Train: 16.43%, Valid: 12.00%, Test: 11.80% [α=0.50,β=1.00]
Epoch: 100, Loss: 0.0291, Train: 100.00%, Valid: 77.00%, Test: 80.70% [α=0.64,β=1.70]
Epoch: 200, Loss: 0.0029, Train: 100.00%, Valid: 81.60%, Test: 82.90% [α=0.60,β=1.78]
Epoch: 300, Loss: 0.0053, Train: 100.00%, Valid: 78.40%, Test: 81.90% [α=0.57,β=1.81]
Epoch: 400, Loss: 0.0033, Train: 100.00%, Valid: 79.80%, Test: 83.70% [α=0.56,β=1.98]
Run 02:Highest Train: 100.00 Highest Valid: 81.80 Highest Test: 83.90 Chosen epoch: 203
Final Train: 100.00 Final Test: 82.90
Epoch: 00, Loss: 1.9472, Train: 22.14%, Valid: 17.40%, Test: 16.70% [α=0.50,β=1.00]
Epoch: 100, Loss: 0.0062, Train: 100.00%, Valid: 78.40%, Test: 82.00% [α=0.53,β=1.86]
Epoch: 200, Loss: 0.0034, Train: 100.00%, Valid: 78.40%, Test: 82.00% [α=0.53,β=1.93]
Run 03:Highest Train: 100.00 Highest Valid: 80.20 Highest Test: 84.50 Chosen epoch: 68
Final Train: 100.00 Final Test: 83.60
Epoch: 00, Loss: 1.9494, Train: 15.00%, Valid: 16.80%, Test: 16.10% [α=0.50,β=1.00]
Epoch: 100, Loss: 0.0238, Train: 100.00%, Valid: 79.60%, Test: 84.30% [α=0.58,β=1.78]
Epoch: 200, Loss: 0.0044, Train: 100.00%, Valid: 78.40%, Test: 82.70% [α=0.57,β=1.86]
Epoch: 300, Loss: 0.0050, Train: 100.00%, Valid: 78.80%, Test: 82.00% [α=0.56,β=1.92]
Epoch: 400, Loss: 0.0026, Train: 100.00%, Valid: 77.80%, Test: 82.10% [α=0.54,β=1.94]
Run 04:Highest Train: 100.00 Highest Valid: 81.00 Highest Test: 84.30 Chosen epoch: 327
Final Train: 100.00 Final Test: 81.60
Epoch: 00, Loss: 1.9496, Train: 15.71%, Valid: 15.80%, Test: 15.70% [α=0.50,β=1.00]
Epoch: 100, Loss: 0.0044, Train: 100.00%, Valid: 78.00%, Test: 82.30% [α=0.62,β=1.90]
Epoch: 200, Loss: 0.0088, Train: 100.00%, Valid: 77.00%, Test: 82.00% [α=0.59,β=2.00]
Epoch: 300, Loss: 0.0089, Train: 100.00%, Valid: 78.40%, Test: 82.10% [α=0.57,β=2.06]
Epoch: 400, Loss: 0.0044, Train: 100.00%, Valid: 78.00%, Test: 83.10% [α=0.56,β=2.09]
Run 05:Highest Train: 100.00 Highest Valid: 79.80 Highest Test: 84.00 Chosen epoch: 303
Final Train: 100.00 Final Test: 83.00
5 runs: Highest Train: 100.00 ± 0.00 Highest val epoch:302
Highest Test: 83.90 ± 0.66 Final Test: 82.78 ± 0.73
