Namespace(data_dir='../data', dataset='cora', device=0, seed=123, cpu=False, epochs=500, runs=5, train_prop=0.5, valid_prop=0.25, protocol='semi', rand_split=False, rand_split_class=True, label_num_per_class=20, valid_num=500, test_num=1000, directed=False, method='sgformer', hidden_channels=64, num_layers=4, num_heads=1, alpha=0.5, use_bn=False, use_residual=True, use_graph=True, use_weight=False, use_init=False, use_act=False, attention='gcn', lr=0.01, weight_decay=0.0005, dropout=0.4, display_step=100, no_feat_norm=True, patience=200, graph_weight=0.8, learn_graph_weight=False, ours_weight_decay=0.001, ours_use_weight=False, ours_use_residual=False, ours_use_act=False, backbone='gcn', ours_layers=1, ours_dropout=0.2, aggregate='add', hops=1, gat_heads=8, out_heads=1, lamda=0.1, num_elayers=2, encoder_emdim=768, num_partitions=10, num_reps=4, partition_method='metis', no_pse=False, local_only=False, global_only=False)
cora
Num nodes: 2708
train:torch.Size([140]), valid:torch.Size([500]), test:torch.Size([1000])
features shape=torch.Size([2708, 1433])
num nodes 2708 | num classes 7 | num node feats 1433
Epoch: 00, Loss: 1.9508, Train: 37.86%, Valid: 20.40%, Test: 22.40%
Epoch: 100, Loss: 0.0483, Train: 99.29%, Valid: 77.00%, Test: 79.20%
Epoch: 200, Loss: 0.0051, Train: 100.00%, Valid: 77.20%, Test: 80.30%
Epoch: 300, Loss: 0.0062, Train: 100.00%, Valid: 73.80%, Test: 78.30%
Epoch: 400, Loss: 0.0024, Train: 100.00%, Valid: 77.00%, Test: 81.30%
Run 01:Highest Train: 100.00 Highest Valid: 80.60 Highest Test: 83.50 Chosen epoch: 221
Final Train: 100.00 Final Test: 80.60
Epoch: 00, Loss: 1.9626, Train: 32.14%, Valid: 32.40%, Test: 31.30%
Epoch: 100, Loss: 0.0110, Train: 100.00%, Valid: 74.80%, Test: 78.20%
Epoch: 200, Loss: 0.0028, Train: 100.00%, Valid: 79.00%, Test: 79.80%
Run 02:Highest Train: 100.00 Highest Valid: 81.80 Highest Test: 86.40 Chosen epoch: 37
Final Train: 100.00 Final Test: 85.30
Epoch: 00, Loss: 1.9733, Train: 40.00%, Valid: 35.80%, Test: 36.90%
Epoch: 100, Loss: 0.0029, Train: 100.00%, Valid: 78.60%, Test: 83.30%
Epoch: 200, Loss: 0.0166, Train: 100.00%, Valid: 79.00%, Test: 81.80%
Run 03:Highest Train: 100.00 Highest Valid: 82.20 Highest Test: 85.20 Chosen epoch: 54
Final Train: 100.00 Final Test: 84.40
Epoch: 00, Loss: 1.9788, Train: 35.71%, Valid: 31.60%, Test: 32.60%
Epoch: 100, Loss: 0.0045, Train: 100.00%, Valid: 79.80%, Test: 83.10%
Epoch: 200, Loss: 0.0175, Train: 100.00%, Valid: 77.40%, Test: 79.50%
Epoch: 300, Loss: 0.0034, Train: 100.00%, Valid: 80.40%, Test: 80.90%
Run 04:Highest Train: 100.00 Highest Valid: 81.00 Highest Test: 84.20 Chosen epoch: 115
Final Train: 100.00 Final Test: 83.40
Epoch: 00, Loss: 1.9787, Train: 35.00%, Valid: 28.00%, Test: 29.40%
Epoch: 100, Loss: 0.0047, Train: 100.00%, Valid: 79.00%, Test: 82.00%
Epoch: 200, Loss: 0.0024, Train: 100.00%, Valid: 78.60%, Test: 82.10%
Run 05:Highest Train: 100.00 Highest Valid: 81.00 Highest Test: 84.60 Chosen epoch: 86
Final Train: 100.00 Final Test: 84.40
5 runs: Highest Train: 100.00 ± 0.00 Highest val epoch:85
Highest Test: 84.78 ± 1.10 Final Test: 83.62 ± 1.82
