Namespace(data_dir='../data', dataset='cora', device=0, seed=123, cpu=False, epochs=500, runs=5, train_prop=0.5, valid_prop=0.25, protocol='semi', rand_split=False, rand_split_class=True, label_num_per_class=20, valid_num=500, test_num=1000, directed=False, method='pcgt', hidden_channels=64, num_layers=4, num_heads=1, alpha=0.5, use_bn=False, use_residual=True, use_graph=False, use_weight=False, use_init=False, use_act=False, attention='gcn', lr=0.01, weight_decay=0.0005, dropout=0.4, display_step=100, no_feat_norm=True, patience=200, graph_weight=0.0, learn_graph_weight=False, ours_weight_decay=0.001, ours_use_weight=False, ours_use_residual=False, ours_use_act=False, backbone='gcn', ours_layers=1, ours_dropout=0.2, aggregate='add', hops=1, gat_heads=8, out_heads=1, lamda=0.1, num_elayers=2, encoder_emdim=768, num_partitions=7, num_reps=4, partition_method='metis', no_pse=False, local_only=False, global_only=False)
cora
Num nodes: 2708
train:torch.Size([140]), valid:torch.Size([500]), test:torch.Size([1000])
features shape=torch.Size([2708, 1433])
num nodes 2708 | num classes 7 | num node feats 1433
Computing 7 partitions using metis...
Partitions: 7, Boundary nodes: 589/2708 (21.8%)
Intra-partition edges: 9538/10556 (90.4%)
Epoch: 00, Loss: 1.9452, Train: 77.86%, Valid: 44.80%, Test: 47.80% [α=0.50,β=0.99]
Epoch: 100, Loss: 0.0074, Train: 100.00%, Valid: 65.40%, Test: 67.40% [α=0.53,β=1.24]
Epoch: 200, Loss: 0.0033, Train: 100.00%, Valid: 62.20%, Test: 67.30% [α=0.56,β=1.36]
Epoch: 300, Loss: 0.0028, Train: 100.00%, Valid: 64.40%, Test: 68.00% [α=0.57,β=1.52]
Epoch: 400, Loss: 0.0026, Train: 100.00%, Valid: 62.60%, Test: 67.30% [α=0.57,β=1.67]
Run 01:Highest Train: 100.00 Highest Valid: 66.60 Highest Test: 69.60 Chosen epoch: 356
Final Train: 100.00 Final Test: 68.00
Epoch: 00, Loss: 1.9558, Train: 59.29%, Valid: 26.40%, Test: 27.20% [α=0.50,β=1.00]
Epoch: 100, Loss: 0.0007, Train: 100.00%, Valid: 61.40%, Test: 65.60% [α=0.44,β=1.61]
Epoch: 200, Loss: 0.0021, Train: 100.00%, Valid: 62.40%, Test: 63.90% [α=0.44,β=1.68]
Run 02:Highest Train: 100.00 Highest Valid: 63.40 Highest Test: 66.60 Chosen epoch: 5
Final Train: 96.43 Final Test: 65.10
Epoch: 00, Loss: 1.9469, Train: 49.29%, Valid: 26.40%, Test: 28.20% [α=0.50,β=1.00]
Epoch: 100, Loss: 0.0020, Train: 100.00%, Valid: 64.60%, Test: 68.70% [α=0.51,β=1.49]
Epoch: 200, Loss: 0.0041, Train: 100.00%, Valid: 63.60%, Test: 66.50% [α=0.51,β=1.61]
Run 03:Highest Train: 100.00 Highest Valid: 65.60 Highest Test: 69.80 Chosen epoch: 93
Final Train: 100.00 Final Test: 69.50
Epoch: 00, Loss: 1.9570, Train: 57.14%, Valid: 29.60%, Test: 31.20% [α=0.50,β=1.00]
Epoch: 100, Loss: 0.0035, Train: 100.00%, Valid: 60.20%, Test: 65.70% [α=0.53,β=1.51]
Epoch: 200, Loss: 0.0023, Train: 100.00%, Valid: 62.60%, Test: 67.40% [α=0.53,β=1.64]
Run 04:Highest Train: 100.00 Highest Valid: 65.60 Highest Test: 68.40 Chosen epoch: 11
Final Train: 100.00 Final Test: 67.90
Epoch: 00, Loss: 1.9479, Train: 64.29%, Valid: 32.20%, Test: 34.70% [α=0.50,β=1.00]
Epoch: 100, Loss: 0.0146, Train: 100.00%, Valid: 61.60%, Test: 67.10% [α=0.52,β=1.50]
Epoch: 200, Loss: 0.0056, Train: 100.00%, Valid: 64.00%, Test: 67.30% [α=0.52,β=1.63]
Run 05:Highest Train: 100.00 Highest Valid: 66.80 Highest Test: 69.20 Chosen epoch: 30
Final Train: 100.00 Final Test: 68.10
5 runs: Highest Train: 100.00 ± 0.00 Highest val epoch:29
Highest Test: 68.72 ± 1.30 Final Test: 67.72 ± 1.60
