Namespace(data_dir='../data/', dataset='squirrel', device=0, seed=123, cpu=False, epochs=500, runs=5, train_prop=0.5, valid_prop=0.25, protocol='semi', rand_split=False, rand_split_class=False, label_num_per_class=20, valid_num=500, test_num=500, directed=False, method='pcgt', hidden_channels=64, num_layers=4, num_heads=1, alpha=0.5, use_bn=False, use_residual=True, use_graph=True, use_weight=False, use_init=False, use_act=False, attention='gcn', lr=0.01, weight_decay=0.0005, dropout=0.5, display_step=100, no_feat_norm=True, patience=200, graph_weight=0.8, learn_graph_weight=False, ours_weight_decay=0.01, ours_use_weight=False, ours_use_residual=False, ours_use_act=False, backbone='gcn', ours_layers=1, ours_dropout=0.3, aggregate='add', hops=1, gat_heads=8, out_heads=1, lamda=0.1, num_elayers=2, encoder_emdim=768, num_partitions=10, num_reps=4, partition_method='metis', no_pse=True, local_only=False, global_only=False)
squirrel
features shape=torch.Size([2223, 2089])
num nodes 2223 | num classes 5 | num node feats 2089
Computing 10 partitions using metis...
Partitions: 10, Boundary nodes: 1850/2223 (83.2%)
Intra-partition edges: 58952/93996 (62.7%)
Epoch: 00, Loss: 1.6283, Train: 16.33%, Valid: 9.61%, Test: 9.29% [α=0.50,β=0.99]
Epoch: 100, Loss: 0.5295, Train: 91.36%, Valid: 42.06%, Test: 43.14% [α=0.49,β=2.10]
Epoch: 200, Loss: 0.2858, Train: 97.34%, Valid: 39.69%, Test: 42.26% [α=0.49,β=2.90]
Run 01:Highest Train: 98.10 Highest Valid: 45.26 Highest Test: 49.12 Chosen epoch: 62
Final Train: 77.21 Final Test: 44.25
Epoch: 00, Loss: 1.5927, Train: 32.22%, Valid: 35.57%, Test: 35.89% [α=0.50,β=1.00]
Epoch: 100, Loss: 0.8895, Train: 73.80%, Valid: 44.14%, Test: 42.21% [α=0.48,β=1.57]
Epoch: 200, Loss: 0.3353, Train: 95.93%, Valid: 40.29%, Test: 44.02% [α=0.49,β=2.78]
Epoch: 300, Loss: 0.2688, Train: 97.87%, Valid: 40.00%, Test: 41.08% [α=0.50,β=3.33]
Run 02:Highest Train: 98.43 Highest Valid: 45.00 Highest Test: 46.50 Chosen epoch: 102
Final Train: 79.54 Final Test: 46.50
Epoch: 00, Loss: 1.6267, Train: 9.93%, Valid: 11.29%, Test: 9.78% [α=0.50,β=1.00]
Epoch: 100, Loss: 0.9204, Train: 78.89%, Valid: 43.66%, Test: 44.67% [α=0.49,β=1.58]
Epoch: 200, Loss: 0.3539, Train: 94.27%, Valid: 38.98%, Test: 41.78% [α=0.50,β=2.82]
Run 03:Highest Train: 98.19 Highest Valid: 43.80 Highest Test: 47.56 Chosen epoch: 98
Final Train: 77.65 Final Test: 46.00
Epoch: 00, Loss: 1.6031, Train: 22.64%, Valid: 20.34%, Test: 21.33% [α=0.50,β=1.00]
Epoch: 100, Loss: 1.0045, Train: 67.08%, Valid: 43.20%, Test: 42.44% [α=0.49,β=1.40]
Epoch: 200, Loss: 0.3800, Train: 94.91%, Valid: 40.81%, Test: 40.44% [α=0.50,β=2.76]
Run 04:Highest Train: 97.36 Highest Valid: 44.74 Highest Test: 46.89 Chosen epoch: 96
Final Train: 65.85 Final Test: 44.00
Epoch: 00, Loss: 1.6044, Train: 14.12%, Valid: 14.74%, Test: 14.25% [α=0.50,β=1.00]
Epoch: 100, Loss: 0.8272, Train: 78.77%, Valid: 38.11%, Test: 43.21% [α=0.49,β=1.55]
Epoch: 200, Loss: 0.3820, Train: 94.22%, Valid: 36.30%, Test: 41.20% [α=0.50,β=2.76]
Run 05:Highest Train: 97.06 Highest Valid: 40.89 Highest Test: 44.99 Chosen epoch: 63
Final Train: 60.85 Final Test: 41.65
5 runs: Highest Train: 97.83 ± 0.58 Highest val epoch:62
Highest Test: 47.01 ± 1.51 Final Test: 44.48 ± 1.92
