Namespace(data_dir='../data/', dataset='squirrel', device=0, seed=123, cpu=False, epochs=500, runs=5, train_prop=0.5, valid_prop=0.25, protocol='semi', rand_split=False, rand_split_class=False, label_num_per_class=20, valid_num=500, test_num=500, directed=False, method='pcgt', hidden_channels=64, num_layers=4, num_heads=1, alpha=0.5, use_bn=False, use_residual=True, use_graph=True, use_weight=False, use_init=False, use_act=False, attention='gcn', lr=0.01, weight_decay=0.0005, dropout=0.5, display_step=100, no_feat_norm=True, patience=200, graph_weight=0.8, learn_graph_weight=False, ours_weight_decay=0.01, ours_use_weight=False, ours_use_residual=False, ours_use_act=False, backbone='gcn', ours_layers=1, ours_dropout=0.3, aggregate='add', hops=1, gat_heads=8, out_heads=1, lamda=0.1, num_elayers=2, encoder_emdim=768, num_partitions=10, num_reps=4, partition_method='random', no_pse=False, local_only=False, global_only=False)
squirrel
features shape=torch.Size([2223, 2089])
num nodes 2223 | num classes 5 | num node feats 2089
Computing 10 partitions using random...
Partitions: 10, Boundary nodes: 2214/2223 (99.6%)
Intra-partition edges: 9438/93996 (10.0%)
Epoch: 00, Loss: 1.6279, Train: 20.51%, Valid: 12.53%, Test: 11.95% [α=0.50,β=0.99]
Epoch: 100, Loss: 0.5065, Train: 91.93%, Valid: 41.64%, Test: 42.04% [α=0.50,β=2.10]
Epoch: 200, Loss: 0.2822, Train: 97.34%, Valid: 42.48%, Test: 41.37% [α=0.50,β=2.87]
Run 01:Highest Train: 98.10 Highest Valid: 44.57 Highest Test: 47.12 Chosen epoch: 39
Final Train: 68.85 Final Test: 44.47
Epoch: 00, Loss: 1.6072, Train: 32.96%, Valid: 34.14%, Test: 34.54% [α=0.50,β=1.00]
Epoch: 100, Loss: 0.7863, Train: 78.52%, Valid: 43.86%, Test: 43.12% [α=0.51,β=1.61]
Epoch: 200, Loss: 0.3182, Train: 96.39%, Valid: 39.43%, Test: 41.76% [α=0.50,β=2.76]
Run 02:Highest Train: 98.06 Highest Valid: 45.00 Highest Test: 45.60 Chosen epoch: 80
Final Train: 69.26 Final Test: 41.99
Epoch: 00, Loss: 1.6383, Train: 9.74%, Valid: 11.85%, Test: 9.78% [α=0.50,β=1.00]
Epoch: 100, Loss: 0.8046, Train: 74.40%, Valid: 42.42%, Test: 45.11% [α=0.51,β=1.59]
Epoch: 200, Loss: 0.3613, Train: 96.08%, Valid: 38.84%, Test: 38.22% [α=0.50,β=2.78]
Run 03:Highest Train: 98.28 Highest Valid: 44.90 Highest Test: 46.22 Chosen epoch: 75
Final Train: 65.71 Final Test: 45.56
Epoch: 00, Loss: 1.6041, Train: 30.94%, Valid: 31.70%, Test: 33.56% [α=0.50,β=1.00]
Epoch: 100, Loss: 0.8094, Train: 78.11%, Valid: 41.65%, Test: 44.89% [α=0.52,β=1.59]
Epoch: 200, Loss: 0.3392, Train: 95.09%, Valid: 38.71%, Test: 41.56% [α=0.50,β=2.80]
Run 04:Highest Train: 97.92 Highest Valid: 44.18 Highest Test: 45.78 Chosen epoch: 82
Final Train: 68.30 Final Test: 44.22
Epoch: 00, Loss: 1.5946, Train: 34.12%, Valid: 32.82%, Test: 35.63% [α=0.50,β=1.00]
Epoch: 100, Loss: 0.7851, Train: 80.76%, Valid: 36.58%, Test: 41.65% [α=0.51,β=1.58]
Epoch: 200, Loss: 0.3495, Train: 95.55%, Valid: 33.80%, Test: 37.42% [α=0.50,β=2.74]
Run 05:Highest Train: 97.44 Highest Valid: 40.89 Highest Test: 44.54 Chosen epoch: 76
Final Train: 65.59 Final Test: 41.43
5 runs: Highest Train: 97.96 ± 0.32 Highest val epoch:75
Highest Test: 45.85 ± 0.94 Final Test: 43.53 ± 1.75
