Namespace(data_dir='../data/', dataset='squirrel', device=0, seed=123, cpu=False, epochs=500, runs=5, train_prop=0.5, valid_prop=0.25, protocol='semi', rand_split=False, rand_split_class=False, label_num_per_class=20, valid_num=500, test_num=500, directed=False, method='pcgt', hidden_channels=64, num_layers=4, num_heads=1, alpha=0.5, use_bn=False, use_residual=True, use_graph=True, use_weight=False, use_init=False, use_act=False, attention='gcn', lr=0.01, weight_decay=0.0005, dropout=0.5, display_step=100, no_feat_norm=True, patience=200, graph_weight=0.8, learn_graph_weight=False, ours_weight_decay=0.01, ours_use_weight=False, ours_use_residual=False, ours_use_act=False, backbone='gcn', ours_layers=1, ours_dropout=0.3, aggregate='add', hops=1, gat_heads=8, out_heads=1, lamda=0.1, num_elayers=2, encoder_emdim=768, num_partitions=10, num_reps=4, partition_method='metis', no_pse=False, local_only=False, global_only=True)
squirrel
features shape=torch.Size([2223, 2089])
num nodes 2223 | num classes 5 | num node feats 2089
Computing 10 partitions using metis...
Partitions: 10, Boundary nodes: 1850/2223 (83.2%)
Intra-partition edges: 58952/93996 (62.7%)
Epoch: 00, Loss: 1.6278, Train: 18.52%, Valid: 11.98%, Test: 12.39% [α=0.50,β=0.99]
Epoch: 100, Loss: 0.5041, Train: 89.84%, Valid: 40.11%, Test: 44.91% [α=0.50,β=2.11]
Epoch: 200, Loss: 0.2750, Train: 97.44%, Valid: 41.36%, Test: 44.91% [α=0.50,β=2.89]
Run 01:Highest Train: 98.48 Highest Valid: 45.13 Highest Test: 49.12 Chosen epoch: 78
Final Train: 86.89 Final Test: 44.91
Epoch: 00, Loss: 1.6206, Train: 17.22%, Valid: 19.29%, Test: 17.16% [α=0.50,β=1.00]
Epoch: 100, Loss: 0.7677, Train: 82.13%, Valid: 42.14%, Test: 43.57% [α=0.50,β=1.62]
Epoch: 200, Loss: 0.3275, Train: 96.94%, Valid: 38.57%, Test: 42.21% [α=0.50,β=2.82]
Epoch: 300, Loss: 0.2465, Train: 98.06%, Valid: 38.57%, Test: 40.18% [α=0.50,β=3.37]
Run 02:Highest Train: 98.24 Highest Valid: 43.29 Highest Test: 46.05 Chosen epoch: 108
Final Train: 85.56 Final Test: 44.24
Epoch: 00, Loss: 1.5922, Train: 33.14%, Valid: 33.20%, Test: 37.33% [α=0.50,β=1.00]
Epoch: 100, Loss: 0.7461, Train: 82.33%, Valid: 40.36%, Test: 43.78% [α=0.50,β=1.65]
Epoch: 200, Loss: 0.3130, Train: 94.75%, Valid: 38.71%, Test: 41.11% [α=0.50,β=2.89]
Run 03:Highest Train: 97.80 Highest Valid: 43.39 Highest Test: 46.44 Chosen epoch: 83
Final Train: 73.07 Final Test: 44.89
Epoch: 00, Loss: 1.5908, Train: 33.30%, Valid: 34.08%, Test: 35.56% [α=0.50,β=1.00]
Epoch: 100, Loss: 0.8778, Train: 77.08%, Valid: 44.32%, Test: 43.56% [α=0.50,β=1.50]
Epoch: 200, Loss: 0.3427, Train: 94.53%, Valid: 40.11%, Test: 39.78% [α=0.50,β=2.81]
Run 04:Highest Train: 97.64 Highest Valid: 44.88 Highest Test: 44.67 Chosen epoch: 97
Final Train: 73.87 Final Test: 43.11
Epoch: 00, Loss: 1.6270, Train: 16.30%, Valid: 15.44%, Test: 14.25% [α=0.50,β=1.00]
Epoch: 100, Loss: 0.7771, Train: 77.54%, Valid: 39.22%, Test: 42.09% [α=0.50,β=1.57]
Epoch: 200, Loss: 0.3318, Train: 91.75%, Valid: 38.66%, Test: 40.31% [α=0.50,β=2.73]
Run 05:Highest Train: 96.87 Highest Valid: 41.31 Highest Test: 44.10 Chosen epoch: 61
Final Train: 58.96 Final Test: 41.43
5 runs: Highest Train: 97.81 ± 0.62 Highest val epoch:60
Highest Test: 46.07 ± 1.95 Final Test: 43.72 ± 1.47
