Namespace(data_dir='../data/', dataset='squirrel', device=0, seed=123, cpu=False, epochs=500, runs=5, train_prop=0.5, valid_prop=0.25, protocol='semi', rand_split=False, rand_split_class=False, label_num_per_class=20, valid_num=500, test_num=500, directed=False, method='sgformer', hidden_channels=64, num_layers=4, num_heads=1, alpha=0.5, use_bn=False, use_residual=True, use_graph=True, use_weight=False, use_init=False, use_act=False, attention='gcn', lr=0.01, weight_decay=0.0005, dropout=0.5, display_step=100, no_feat_norm=True, patience=200, graph_weight=0.8, learn_graph_weight=False, ours_weight_decay=0.01, ours_use_weight=False, ours_use_residual=False, ours_use_act=False, backbone='gcn', ours_layers=1, ours_dropout=0.3, aggregate='add', hops=1, gat_heads=8, out_heads=1, lamda=0.1, num_elayers=2, encoder_emdim=768, num_partitions=10, num_reps=4, partition_method='metis', no_pse=False, local_only=False, global_only=False)
squirrel
features shape=torch.Size([2223, 2089])
num nodes 2223 | num classes 5 | num node feats 2089
Epoch: 00, Loss: 1.6190, Train: 30.10%, Valid: 31.48%, Test: 31.19%
Epoch: 100, Loss: 0.8173, Train: 74.83%, Valid: 43.45%, Test: 43.58%
Epoch: 200, Loss: 0.5689, Train: 86.80%, Valid: 41.92%, Test: 44.47%
Run 01:Highest Train: 90.12 Highest Valid: 45.96 Highest Test: 49.56 Chosen epoch: 61
Final Train: 67.33 Final Test: 48.45
Epoch: 00, Loss: 1.5815, Train: 42.31%, Valid: 37.43%, Test: 39.28%
Epoch: 100, Loss: 0.5280, Train: 87.04%, Valid: 41.71%, Test: 42.89%
Epoch: 200, Loss: 0.4806, Train: 89.72%, Valid: 41.71%, Test: 41.53%
Run 02:Highest Train: 94.35 Highest Valid: 45.00 Highest Test: 46.50 Chosen epoch: 80
Final Train: 88.89 Final Test: 44.92
Epoch: 00, Loss: 1.5625, Train: 25.02%, Valid: 22.31%, Test: 20.67%
Epoch: 100, Loss: 0.4780, Train: 90.16%, Valid: 38.98%, Test: 42.67%
Epoch: 200, Loss: 0.4438, Train: 91.02%, Valid: 39.26%, Test: 44.67%
Run 03:Highest Train: 93.79 Highest Valid: 43.39 Highest Test: 46.00 Chosen epoch: 29
Final Train: 84.72 Final Test: 43.78
Epoch: 00, Loss: 1.5384, Train: 53.96%, Valid: 30.72%, Test: 31.33%
Epoch: 100, Loss: 0.4549, Train: 92.08%, Valid: 40.11%, Test: 41.78%
Epoch: 200, Loss: 0.4234, Train: 91.98%, Valid: 41.65%, Test: 44.89%
Epoch: 300, Loss: 0.4285, Train: 93.58%, Valid: 39.27%, Test: 40.67%
Run 04:Highest Train: 95.19 Highest Valid: 43.76 Highest Test: 46.00 Chosen epoch: 181
Final Train: 93.96 Final Test: 42.00
Epoch: 00, Loss: 1.5422, Train: 46.64%, Valid: 35.19%, Test: 38.75%
Epoch: 100, Loss: 0.4666, Train: 91.56%, Valid: 38.39%, Test: 39.87%
Epoch: 200, Loss: 0.4346, Train: 90.24%, Valid: 36.86%, Test: 41.20%
Run 05:Highest Train: 95.17 Highest Valid: 40.47 Highest Test: 44.99 Chosen epoch: 96
Final Train: 87.87 Final Test: 42.76
5 runs: Highest Train: 93.72 ± 2.10 Highest val epoch:95
Highest Test: 46.61 ± 1.74 Final Test: 44.38 ± 2.53
