Namespace(data_dir='../data/', dataset='squirrel', device=0, seed=123, cpu=False, epochs=500, runs=5, train_prop=0.5, valid_prop=0.25, protocol='semi', rand_split=False, rand_split_class=False, label_num_per_class=20, valid_num=500, test_num=500, directed=False, method='gcn', hidden_channels=64, num_layers=4, num_heads=1, alpha=0.5, use_bn=False, use_residual=False, use_graph=False, use_weight=False, use_init=False, use_act=False, attention='gcn', lr=0.01, weight_decay=0.0005, dropout=0.5, display_step=100, no_feat_norm=True, patience=200, graph_weight=0.8, learn_graph_weight=False, ours_weight_decay=None, ours_use_weight=False, ours_use_residual=False, ours_use_act=False, backbone='gcn', ours_layers=2, ours_dropout=None, aggregate='add', hops=1, gat_heads=8, out_heads=1, lamda=0.1, num_elayers=2, encoder_emdim=768, num_partitions=10, num_reps=4, partition_method='metis', no_pse=False, local_only=False, global_only=False)
squirrel
features shape=torch.Size([2223, 2089])
num nodes 2223 | num classes 5 | num node feats 2089
Epoch: 00, Loss: 1.6096, Train: 34.19%, Valid: 34.40%, Test: 35.62%
Epoch: 100, Loss: 1.1825, Train: 50.71%, Valid: 35.38%, Test: 35.40%
Epoch: 200, Loss: 1.0496, Train: 59.16%, Valid: 36.63%, Test: 37.39%
Epoch: 300, Loss: 0.9807, Train: 61.73%, Valid: 37.19%, Test: 37.61%
Epoch: 400, Loss: 0.9417, Train: 66.19%, Valid: 38.02%, Test: 37.39%
Run 01:Highest Train: 67.62 Highest Valid: 40.95 Highest Test: 41.59 Chosen epoch: 276
Final Train: 61.92 Final Test: 41.59
Epoch: 00, Loss: 1.6096, Train: 34.07%, Valid: 34.86%, Test: 37.70%
Epoch: 100, Loss: 1.2514, Train: 49.63%, Valid: 39.14%, Test: 36.79%
Epoch: 200, Loss: 1.1097, Train: 54.81%, Valid: 39.29%, Test: 37.25%
Epoch: 300, Loss: 1.0387, Train: 60.37%, Valid: 40.29%, Test: 40.18%
Epoch: 400, Loss: 0.9703, Train: 60.46%, Valid: 38.71%, Test: 38.15%
Run 02:Highest Train: 66.39 Highest Valid: 43.14 Highest Test: 43.12 Chosen epoch: 379
Final Train: 61.67 Final Test: 39.73
Epoch: 00, Loss: 1.6098, Train: 32.86%, Valid: 33.88%, Test: 37.56%
Epoch: 100, Loss: 1.2439, Train: 53.49%, Valid: 37.33%, Test: 37.11%
Epoch: 200, Loss: 1.1030, Train: 55.11%, Valid: 35.67%, Test: 38.00%
Run 03:Highest Train: 63.32 Highest Valid: 39.81 Highest Test: 42.44 Chosen epoch: 72
Final Train: 51.29 Final Test: 36.89
Epoch: 00, Loss: 1.6084, Train: 30.94%, Valid: 26.37%, Test: 28.44%
Epoch: 100, Loss: 1.2101, Train: 51.32%, Valid: 35.76%, Test: 37.78%
Epoch: 200, Loss: 1.0693, Train: 58.96%, Valid: 38.01%, Test: 40.44%
Epoch: 300, Loss: 1.0205, Train: 60.28%, Valid: 37.87%, Test: 41.56%
Epoch: 400, Loss: 0.9283, Train: 63.30%, Valid: 35.76%, Test: 38.44%
Run 04:Highest Train: 68.77 Highest Valid: 42.36 Highest Test: 44.00 Chosen epoch: 377
Final Train: 64.91 Final Test: 41.78
Epoch: 00, Loss: 1.6089, Train: 34.12%, Valid: 32.82%, Test: 35.63%
Epoch: 100, Loss: 1.2852, Train: 51.37%, Valid: 39.22%, Test: 40.98%
Epoch: 200, Loss: 1.0517, Train: 60.09%, Valid: 33.38%, Test: 38.08%
Run 05:Highest Train: 64.93 Highest Valid: 39.22 Highest Test: 40.98 Chosen epoch: 101
Final Train: 51.37 Final Test: 40.98
5 runs: Highest Train: 66.21 ± 2.15 Highest val epoch:100
Highest Test: 42.43 ± 1.20 Final Test: 40.19 ± 2.01
