Namespace(data_dir='../data/', dataset='squirrel', device=0, seed=123, cpu=False, epochs=500, runs=5, train_prop=0.5, valid_prop=0.25, protocol='semi', rand_split=False, rand_split_class=False, label_num_per_class=20, valid_num=500, test_num=500, directed=False, method='pcgt', hidden_channels=64, num_layers=4, num_heads=1, alpha=0.5, use_bn=False, use_residual=True, use_graph=True, use_weight=False, use_init=False, use_act=False, attention='gcn', lr=0.01, weight_decay=0.0005, dropout=0.5, display_step=100, no_feat_norm=True, patience=200, graph_weight=0.8, learn_graph_weight=False, ours_weight_decay=0.01, ours_use_weight=False, ours_use_residual=False, ours_use_act=False, backbone='gcn', ours_layers=1, ours_dropout=0.3, aggregate='add', hops=1, gat_heads=8, out_heads=1, lamda=0.1, num_elayers=2, encoder_emdim=768, num_partitions=10, num_reps=4, partition_method='metis', no_pse=False, local_only=True, global_only=False)
squirrel
features shape=torch.Size([2223, 2089])
num nodes 2223 | num classes 5 | num node feats 2089
Computing 10 partitions using metis...
Partitions: 10, Boundary nodes: 1850/2223 (83.2%)
Intra-partition edges: 58952/93996 (62.7%)
Epoch: 00, Loss: 1.6276, Train: 17.47%, Valid: 11.42%, Test: 14.16% [α=0.50,β=0.99]
Epoch: 100, Loss: 0.4925, Train: 91.74%, Valid: 43.04%, Test: 46.46% [α=0.50,β=2.11]
Epoch: 200, Loss: 0.3072, Train: 98.01%, Valid: 40.81%, Test: 42.92% [α=0.50,β=2.89]
Run 01:Highest Train: 98.10 Highest Valid: 44.71 Highest Test: 49.34 Chosen epoch: 46
Final Train: 72.65 Final Test: 43.81
Epoch: 00, Loss: 1.6168, Train: 10.74%, Valid: 9.86%, Test: 10.84% [α=0.50,β=1.00]
Epoch: 100, Loss: 0.7856, Train: 75.28%, Valid: 43.00%, Test: 43.12% [α=0.50,β=1.64]
Epoch: 200, Loss: 0.3091, Train: 95.93%, Valid: 39.43%, Test: 44.02% [α=0.50,β=2.79]
Run 02:Highest Train: 97.87 Highest Valid: 44.14 Highest Test: 45.82 Chosen epoch: 69
Final Train: 62.50 Final Test: 40.63
Epoch: 00, Loss: 1.6303, Train: 9.93%, Valid: 11.71%, Test: 9.78% [α=0.50,β=1.00]
Epoch: 100, Loss: 0.6829, Train: 82.43%, Valid: 37.60%, Test: 39.56% [α=0.50,β=1.75]
Epoch: 200, Loss: 0.3069, Train: 96.66%, Valid: 36.78%, Test: 41.56% [α=0.50,β=2.83]
Run 03:Highest Train: 98.28 Highest Valid: 42.98 Highest Test: 46.22 Chosen epoch: 66
Final Train: 66.09 Final Test: 44.89
Epoch: 00, Loss: 1.6032, Train: 25.00%, Valid: 21.32%, Test: 22.00% [α=0.50,β=1.00]
Epoch: 100, Loss: 0.7435, Train: 80.75%, Valid: 42.78%, Test: 42.67% [α=0.50,β=1.64]
Epoch: 200, Loss: 0.3086, Train: 95.66%, Valid: 39.13%, Test: 41.33% [α=0.50,β=2.85]
Run 04:Highest Train: 97.74 Highest Valid: 44.32 Highest Test: 45.11 Chosen epoch: 91
Final Train: 74.81 Final Test: 43.56
Epoch: 00, Loss: 1.5897, Train: 34.12%, Valid: 32.82%, Test: 35.63% [α=0.50,β=1.00]
Epoch: 100, Loss: 0.7432, Train: 77.35%, Valid: 39.08%, Test: 39.42% [α=0.50,β=1.66]
Epoch: 200, Loss: 0.3361, Train: 96.02%, Valid: 35.05%, Test: 38.75% [α=0.50,β=2.81]
Run 05:Highest Train: 97.73 Highest Valid: 40.61 Highest Test: 43.65 Chosen epoch: 83
Final Train: 74.31 Final Test: 42.32
5 runs: Highest Train: 97.94 ± 0.24 Highest val epoch:82
Highest Test: 46.03 ± 2.09 Final Test: 43.04 ± 1.63
