Namespace(data_dir='../data/', dataset='squirrel', device=0, seed=123, cpu=False, epochs=500, runs=5, train_prop=0.5, valid_prop=0.25, protocol='semi', rand_split=False, rand_split_class=False, label_num_per_class=20, valid_num=500, test_num=500, directed=False, method='pcgt', hidden_channels=64, num_layers=4, num_heads=1, alpha=0.5, use_bn=False, use_residual=True, use_graph=True, use_weight=False, use_init=False, use_act=False, attention='gcn', lr=0.01, weight_decay=0.0005, dropout=0.5, display_step=100, no_feat_norm=True, patience=200, graph_weight=0.8, learn_graph_weight=False, ours_weight_decay=0.01, ours_use_weight=False, ours_use_residual=False, ours_use_act=False, backbone='gcn', ours_layers=1, ours_dropout=0.3, aggregate='add', hops=1, gat_heads=8, out_heads=1, lamda=0.1, num_elayers=2, encoder_emdim=768, num_partitions=10, num_reps=4, partition_method='metis', no_pse=False, local_only=False, global_only=False)
squirrel
features shape=torch.Size([2223, 2089])
num nodes 2223 | num classes 5 | num node feats 2089
Computing 10 partitions using metis...
Partitions: 10, Boundary nodes: 1850/2223 (83.2%)
Intra-partition edges: 58952/93996 (62.7%)
Epoch: 00, Loss: 1.6277, Train: 18.90%, Valid: 11.56%, Test: 12.83% [α=0.50,β=0.99]
Epoch: 100, Loss: 0.6098, Train: 86.51%, Valid: 40.25%, Test: 45.35% [α=0.50,β=2.12]
Epoch: 200, Loss: 0.2964, Train: 95.73%, Valid: 40.81%, Test: 43.14% [α=0.50,β=2.91]
Run 01:Highest Train: 98.39 Highest Valid: 45.54 Highest Test: 51.11 Chosen epoch: 71
Final Train: 82.62 Final Test: 51.11
Epoch: 00, Loss: 1.5936, Train: 32.22%, Valid: 35.57%, Test: 35.89% [α=0.50,β=1.00]
Epoch: 100, Loss: 0.8671, Train: 78.80%, Valid: 40.86%, Test: 43.57% [α=0.51,β=1.52]
Epoch: 200, Loss: 0.3269, Train: 96.76%, Valid: 38.57%, Test: 41.53% [α=0.49,β=2.78]
Run 02:Highest Train: 98.06 Highest Valid: 43.71 Highest Test: 46.73 Chosen epoch: 91
Final Train: 71.48 Final Test: 41.53
Epoch: 00, Loss: 1.5875, Train: 33.14%, Valid: 33.20%, Test: 37.33% [α=0.50,β=1.00]
Epoch: 100, Loss: 0.8709, Train: 76.60%, Valid: 42.70%, Test: 44.67% [α=0.51,β=1.52]
Epoch: 200, Loss: 0.3964, Train: 94.17%, Valid: 40.36%, Test: 42.44% [α=0.50,β=2.75]
Run 03:Highest Train: 97.33 Highest Valid: 43.11 Highest Test: 47.11 Chosen epoch: 73
Final Train: 63.71 Final Test: 43.78
Epoch: 00, Loss: 1.6185, Train: 16.42%, Valid: 17.11%, Test: 16.44% [α=0.50,β=1.00]
Epoch: 100, Loss: 0.8542, Train: 70.94%, Valid: 42.08%, Test: 43.56% [α=0.51,β=1.54]
Epoch: 200, Loss: 0.3865, Train: 95.75%, Valid: 38.57%, Test: 43.11% [α=0.50,β=2.78]
Run 04:Highest Train: 97.36 Highest Valid: 45.44 Highest Test: 46.67 Chosen epoch: 76
Final Train: 65.94 Final Test: 45.11
Epoch: 00, Loss: 1.6210, Train: 14.22%, Valid: 12.52%, Test: 11.80% [α=0.50,β=1.00]
Epoch: 100, Loss: 0.8698, Train: 74.22%, Valid: 38.66%, Test: 40.31% [α=0.50,β=1.53]
Epoch: 200, Loss: 0.4081, Train: 93.93%, Valid: 37.27%, Test: 41.87% [α=0.50,β=2.71]
Run 05:Highest Train: 96.97 Highest Valid: 41.31 Highest Test: 44.32 Chosen epoch: 74
Final Train: 66.45 Final Test: 42.76
5 runs: Highest Train: 97.62 ± 0.58 Highest val epoch:73
Highest Test: 47.19 ± 2.45 Final Test: 44.86 ± 3.73
