Namespace(data_dir='../data/', dataset='squirrel', device=0, seed=123, cpu=False, epochs=500, runs=5, train_prop=0.5, valid_prop=0.25, protocol='semi', rand_split=False, rand_split_class=False, label_num_per_class=20, valid_num=500, test_num=500, directed=False, method='pcgt', hidden_channels=64, num_layers=4, num_heads=1, alpha=0.5, use_bn=False, use_residual=True, use_graph=False, use_weight=False, use_init=False, use_act=False, attention='gcn', lr=0.01, weight_decay=0.0005, dropout=0.5, display_step=100, no_feat_norm=True, patience=200, graph_weight=0.0, learn_graph_weight=False, ours_weight_decay=0.01, ours_use_weight=False, ours_use_residual=False, ours_use_act=False, backbone='gcn', ours_layers=1, ours_dropout=0.3, aggregate='add', hops=1, gat_heads=8, out_heads=1, lamda=0.1, num_elayers=2, encoder_emdim=768, num_partitions=10, num_reps=4, partition_method='metis', no_pse=False, local_only=False, global_only=False)
squirrel
features shape=torch.Size([2223, 2089])
num nodes 2223 | num classes 5 | num node feats 2089
Computing 10 partitions using metis...
Partitions: 10, Boundary nodes: 1850/2223 (83.2%)
Intra-partition edges: 58952/93996 (62.7%)
Epoch: 00, Loss: 1.6251, Train: 36.47%, Valid: 34.82%, Test: 33.41% [α=0.50,β=0.99]
Epoch: 100, Loss: 0.0765, Train: 98.77%, Valid: 29.94%, Test: 32.30% [α=0.61,β=1.55]
Epoch: 200, Loss: 0.0642, Train: 98.77%, Valid: 31.06%, Test: 34.07% [α=0.64,β=1.90]
Run 01:Highest Train: 98.77 Highest Valid: 36.49 Highest Test: 38.05 Chosen epoch: 8
Final Train: 71.98 Final Test: 37.39
Epoch: 00, Loss: 1.5950, Train: 32.96%, Valid: 33.29%, Test: 33.41% [α=0.50,β=1.00]
Epoch: 100, Loss: 0.0796, Train: 98.24%, Valid: 30.43%, Test: 32.96% [α=0.50,β=1.91]
Epoch: 200, Loss: 0.0701, Train: 98.24%, Valid: 28.00%, Test: 34.31% [α=0.50,β=2.27]
Run 02:Highest Train: 98.24 Highest Valid: 37.57 Highest Test: 41.31 Chosen epoch: 16
Final Train: 75.74 Final Test: 40.86
Epoch: 00, Loss: 1.6497, Train: 16.14%, Valid: 14.60%, Test: 11.78% [α=0.50,β=1.00]
Epoch: 100, Loss: 0.0875, Train: 98.19%, Valid: 32.51%, Test: 30.89% [α=0.50,β=1.90]
Epoch: 200, Loss: 0.0842, Train: 98.19%, Valid: 31.96%, Test: 29.56% [α=0.50,β=2.26]
Run 03:Highest Train: 98.28 Highest Valid: 37.88 Highest Test: 37.56 Chosen epoch: 13
Final Train: 69.34 Final Test: 36.89
Epoch: 00, Loss: 1.6165, Train: 20.66%, Valid: 16.13%, Test: 18.22% [α=0.50,β=1.00]
Epoch: 100, Loss: 0.0972, Train: 97.92%, Valid: 29.59%, Test: 30.67% [α=0.50,β=1.91]
Epoch: 200, Loss: 0.0871, Train: 97.92%, Valid: 28.89%, Test: 30.44% [α=0.49,β=2.27]
Run 04:Highest Train: 98.02 Highest Valid: 36.33 Highest Test: 39.78 Chosen epoch: 10
Final Train: 62.64 Final Test: 39.78
Epoch: 00, Loss: 1.6221, Train: 23.89%, Valid: 22.39%, Test: 23.83% [α=0.50,β=1.00]
Epoch: 100, Loss: 0.1010, Train: 97.91%, Valid: 30.18%, Test: 32.96% [α=0.49,β=1.95]
Epoch: 200, Loss: 0.0979, Train: 97.91%, Valid: 28.37%, Test: 31.18% [α=0.45,β=2.32]
Run 05:Highest Train: 98.01 Highest Valid: 36.58 Highest Test: 39.87 Chosen epoch: 19
Final Train: 84.08 Final Test: 35.86
5 runs: Highest Train: 98.26 ± 0.31 Highest val epoch:18
Highest Test: 39.31 ± 1.52 Final Test: 38.15 ± 2.09
