Namespace(data_dir='../data', dataset='film', device=0, seed=123, cpu=False, epochs=500, runs=3, train_prop=0.5, valid_prop=0.25, protocol='semi', rand_split=False, rand_split_class=False, label_num_per_class=20, valid_num=500, test_num=500, directed=False, method='gcn', hidden_channels=64, num_layers=4, num_heads=1, alpha=0.5, use_bn=False, use_residual=False, use_graph=False, use_weight=False, use_init=False, use_act=False, attention='gcn', lr=0.01, weight_decay=0.0005, dropout=0.5, display_step=50, no_feat_norm=False, patience=200, graph_weight=0.8, ours_weight_decay=None, ours_use_weight=False, ours_use_residual=False, ours_use_act=False, backbone='gcn', ours_layers=2, ours_dropout=None, aggregate='add', hops=1, gat_heads=8, out_heads=1, lamda=0.1, num_elayers=2, encoder_emdim=768, num_partitions=10, num_reps=4, partition_method='metis', no_pse=False, local_only=False, global_only=False)
film
(7600, 932)
Num nodes: 7600
features shape=torch.Size([7600, 932])
num nodes 7600 | num classes 5 | num node feats 932
Epoch: 00, Loss: 1.6095, Train: 23.68%, Valid: 24.26%, Test: 24.93%
Epoch: 50, Loss: 1.5781, Train: 26.04%, Valid: 25.82%, Test: 25.46%
Epoch: 100, Loss: 1.5772, Train: 26.04%, Valid: 25.82%, Test: 25.46%
Epoch: 150, Loss: 1.5771, Train: 26.04%, Valid: 25.82%, Test: 25.46%
Epoch: 200, Loss: 1.5774, Train: 26.04%, Valid: 25.82%, Test: 25.46%
Run 01:Highest Train: 26.04 Highest Valid: 25.82 Highest Test: 25.46 Chosen epoch: 4
Final Train: 26.04 Final Test: 25.46
Epoch: 00, Loss: 1.6090, Train: 23.27%, Valid: 24.67%, Test: 24.08%
Epoch: 50, Loss: 1.5751, Train: 25.99%, Valid: 26.32%, Test: 24.80%
Epoch: 100, Loss: 1.5749, Train: 25.99%, Valid: 26.32%, Test: 24.80%
Epoch: 150, Loss: 1.5747, Train: 25.99%, Valid: 26.32%, Test: 24.80%
Epoch: 200, Loss: 1.5747, Train: 25.99%, Valid: 26.32%, Test: 24.80%
Run 02:Highest Train: 25.99 Highest Valid: 26.32 Highest Test: 24.80 Chosen epoch: 3
Final Train: 25.99 Final Test: 24.80
Epoch: 00, Loss: 1.6091, Train: 25.82%, Valid: 25.53%, Test: 26.45%
Epoch: 50, Loss: 1.5753, Train: 25.88%, Valid: 25.49%, Test: 26.32%
Epoch: 100, Loss: 1.5742, Train: 25.82%, Valid: 25.53%, Test: 26.45%
Epoch: 150, Loss: 1.5745, Train: 25.85%, Valid: 25.53%, Test: 26.45%
Run 03:Highest Train: 26.10 Highest Valid: 25.53 Highest Test: 26.45 Chosen epoch: 1
Final Train: 25.82 Final Test: 26.45
3 runs: Highest Train: 26.04 ± 0.05 Highest val epoch:0
Highest Test: 25.57 ± 0.83 Final Test: 25.57 ± 0.83
