Namespace(data_dir='data', dataset='coauthor-physics', device=0, seed=123, cpu=False, epochs=500, runs=3, train_prop=0.5, valid_prop=0.25, protocol='semi', rand_split=True, rand_split_class=False, label_num_per_class=20, valid_num=500, test_num=500, directed=False, method='gcn', hidden_channels=64, num_layers=4, num_heads=1, alpha=0.5, use_bn=False, use_residual=False, use_graph=False, use_weight=False, use_init=False, use_act=False, attention='gcn', lr=0.01, weight_decay=0.0005, dropout=0.5, display_step=50, no_feat_norm=False, patience=200, graph_weight=0.8, ours_weight_decay=None, ours_use_weight=False, ours_use_residual=False, ours_use_act=False, backbone='gcn', ours_layers=2, ours_dropout=None, aggregate='add', hops=1, gat_heads=8, out_heads=1, lamda=0.1, num_elayers=2, encoder_emdim=768, num_partitions=10, num_reps=4, partition_method='metis', no_pse=False, local_only=False, global_only=False)
coauthor-physics
coauthor-physics: nodes=34493, edges=495924, feats=8415, classes=5
features shape=torch.Size([34493, 8415])
num nodes 34493 | num classes 5 | num node feats 8415
Epoch: 00, Loss: 1.6094, Train: 50.53%, Valid: 50.82%, Test: 50.21%
Epoch: 50, Loss: 0.4584, Train: 82.22%, Valid: 82.64%, Test: 81.57%
Epoch: 100, Loss: 0.1604, Train: 95.87%, Valid: 95.18%, Test: 95.21%
Epoch: 150, Loss: 0.1388, Train: 96.24%, Valid: 95.52%, Test: 95.37%
Epoch: 200, Loss: 0.1307, Train: 96.53%, Valid: 95.71%, Test: 95.72%
Epoch: 250, Loss: 0.1251, Train: 96.52%, Valid: 95.48%, Test: 95.69%
Epoch: 300, Loss: 0.1231, Train: 96.43%, Valid: 95.52%, Test: 95.63%
Epoch: 350, Loss: 0.1231, Train: 96.49%, Valid: 95.40%, Test: 95.63%
Epoch: 400, Loss: 0.1199, Train: 96.61%, Valid: 95.67%, Test: 95.74%
Epoch: 450, Loss: 0.1182, Train: 96.53%, Valid: 95.71%, Test: 95.70%
Run 01:Highest Train: 96.71 Highest Valid: 95.80 Highest Test: 95.85 Chosen epoch: 274
Final Train: 96.59 Final Test: 95.74
Epoch: 00, Loss: 1.6096, Train: 50.68%, Valid: 50.89%, Test: 49.84%
Epoch: 50, Loss: 0.1762, Train: 95.36%, Valid: 95.22%, Test: 94.69%
Epoch: 100, Loss: 0.1329, Train: 96.15%, Valid: 96.08%, Test: 95.35%
Epoch: 150, Loss: 0.1333, Train: 96.17%, Valid: 96.01%, Test: 95.35%
Epoch: 200, Loss: 0.1308, Train: 96.36%, Valid: 96.06%, Test: 95.20%
Epoch: 250, Loss: 0.1248, Train: 96.28%, Valid: 96.14%, Test: 95.34%
Epoch: 300, Loss: 0.1249, Train: 96.42%, Valid: 96.22%, Test: 95.41%
Epoch: 350, Loss: 0.1238, Train: 96.37%, Valid: 95.95%, Test: 95.30%
Epoch: 400, Loss: 0.1217, Train: 96.34%, Valid: 96.10%, Test: 95.22%
Epoch: 450, Loss: 0.1200, Train: 96.42%, Valid: 96.10%, Test: 95.30%
Run 02:Highest Train: 96.50 Highest Valid: 96.34 Highest Test: 95.52 Chosen epoch: 452
Final Train: 96.38 Final Test: 95.40
Epoch: 00, Loss: 1.6095, Train: 50.19%, Valid: 51.25%, Test: 50.45%
Epoch: 50, Loss: 0.1684, Train: 95.50%, Valid: 95.25%, Test: 94.97%
Epoch: 100, Loss: 0.1455, Train: 96.04%, Valid: 95.69%, Test: 95.28%
Epoch: 150, Loss: 0.1375, Train: 96.11%, Valid: 95.93%, Test: 95.43%
Epoch: 200, Loss: 0.1289, Train: 96.15%, Valid: 95.83%, Test: 95.55%
Epoch: 250, Loss: 0.1279, Train: 96.35%, Valid: 96.03%, Test: 95.59%
Epoch: 300, Loss: 0.1256, Train: 96.41%, Valid: 96.02%, Test: 95.45%
Epoch: 350, Loss: 0.1230, Train: 96.44%, Valid: 96.05%, Test: 95.57%
Epoch: 400, Loss: 0.1269, Train: 96.37%, Valid: 95.93%, Test: 95.38%
Epoch: 450, Loss: 0.1232, Train: 96.32%, Valid: 95.91%, Test: 95.70%
Run 03:Highest Train: 96.57 Highest Valid: 96.14 Highest Test: 95.79 Chosen epoch: 333
Final Train: 96.45 Final Test: 95.56
3 runs: Highest Train: 96.59 ± 0.10 Highest val epoch:332
Highest Test: 95.72 ± 0.17 Final Test: 95.57 ± 0.17
