Namespace(data_dir='../data', dataset='chameleon', device=0, seed=123, cpu=False, epochs=500, runs=3, train_prop=0.5, valid_prop=0.25, protocol='semi', rand_split=False, rand_split_class=False, label_num_per_class=20, valid_num=500, test_num=500, directed=False, method='gcn', hidden_channels=64, num_layers=2, num_heads=1, alpha=0.5, use_bn=False, use_residual=False, use_graph=False, use_weight=False, use_init=False, use_act=False, attention='gcn', lr=0.01, weight_decay=0.001, dropout=0.5, display_step=50, no_feat_norm=False, patience=200, graph_weight=0.8, ours_weight_decay=None, ours_use_weight=False, ours_use_residual=False, ours_use_act=False, backbone='gcn', ours_layers=2, ours_dropout=None, aggregate='add', hops=1, gat_heads=8, out_heads=1, lamda=0.1, num_elayers=2, encoder_emdim=768, num_partitions=10, num_reps=4, partition_method='metis', no_pse=False, local_only=False, global_only=False)
chameleon
features shape=torch.Size([890, 2325])
num nodes 890 | num classes 5 | num node feats 2325
Epoch: 00, Loss: 1.6099, Train: 36.43%, Valid: 33.80%, Test: 29.90%
Epoch: 50, Loss: 1.3085, Train: 49.63%, Valid: 40.77%, Test: 38.14%
Epoch: 100, Loss: 1.1970, Train: 57.95%, Valid: 44.60%, Test: 44.33%
Epoch: 150, Loss: 1.1469, Train: 60.15%, Valid: 46.34%, Test: 46.91%
Epoch: 200, Loss: 1.1131, Train: 61.86%, Valid: 47.74%, Test: 46.91%
Epoch: 250, Loss: 1.1106, Train: 62.84%, Valid: 47.04%, Test: 47.42%
Epoch: 300, Loss: 1.0943, Train: 60.64%, Valid: 46.69%, Test: 47.94%
Epoch: 350, Loss: 1.0915, Train: 61.37%, Valid: 45.30%, Test: 45.36%
Epoch: 400, Loss: 1.0861, Train: 62.59%, Valid: 45.99%, Test: 49.48%
Epoch: 450, Loss: 1.0898, Train: 62.84%, Valid: 45.99%, Test: 45.36%
Run 01:Highest Train: 64.79 Highest Valid: 49.48 Highest Test: 51.55 Chosen epoch: 348
Final Train: 63.08 Final Test: 50.52
Epoch: 00, Loss: 1.6099, Train: 25.76%, Valid: 24.50%, Test: 24.22%
Epoch: 50, Loss: 1.1743, Train: 56.67%, Valid: 37.75%, Test: 42.86%
Epoch: 100, Loss: 1.0734, Train: 63.00%, Valid: 36.09%, Test: 44.10%
Epoch: 150, Loss: 1.0334, Train: 65.34%, Valid: 36.09%, Test: 42.24%
Epoch: 200, Loss: 1.0369, Train: 65.11%, Valid: 36.09%, Test: 41.61%
Epoch: 250, Loss: 1.0265, Train: 64.64%, Valid: 35.43%, Test: 40.99%
Run 02:Highest Train: 67.92 Highest Valid: 39.40 Highest Test: 45.96 Chosen epoch: 68
Final Train: 60.89 Final Test: 40.99
Epoch: 00, Loss: 1.6096, Train: 30.09%, Valid: 26.55%, Test: 22.47%
Epoch: 50, Loss: 1.2287, Train: 54.03%, Valid: 43.10%, Test: 35.96%
Epoch: 100, Loss: 1.1085, Train: 59.24%, Valid: 45.17%, Test: 37.64%
Epoch: 150, Loss: 1.0760, Train: 62.32%, Valid: 44.83%, Test: 40.45%
Epoch: 200, Loss: 1.0721, Train: 61.61%, Valid: 42.41%, Test: 39.89%
Run 03:Highest Train: 63.74 Highest Valid: 46.55 Highest Test: 42.70 Chosen epoch: 32
Final Train: 51.42 Final Test: 33.71
3 runs: Highest Train: 65.48 ± 2.17 Highest val epoch:31
Highest Test: 46.74 ± 4.48 Final Test: 41.74 ± 8.43
