/teamspace/studios/this_studio/PCGT/large/logger.py:76: SyntaxWarning: invalid escape sequence '\p'
  f"{results.mean():.2f} $\pm$ {results.std():.2f} \n")
Namespace(dataset='pokec', sub_dataset='', data_dir='../data', device=0, seed=123, cpu=False, epochs=1000, runs=3, directed=False, train_prop=0.5, valid_prop=0.25, protocol='semi', rand_split=True, rand_split_class=False, label_num_per_class=20, metric='acc', method='pcgt', hidden_channels=64, use_graph=True, aggregate='add', graph_weight=0.5, gnn_use_bn=True, gnn_use_residual=True, gnn_use_weight=True, gnn_use_init=True, gnn_use_act=True, gnn_num_layers=2, gnn_dropout=0.0, gnn_weight_decay=0.0, trans_num_heads=1, trans_use_weight=True, trans_use_bn=True, trans_use_residual=True, trans_use_act=False, trans_num_layers=1, trans_dropout=0.0, trans_weight_decay=0.0, lr=0.01, batch_size=100000, patience=200, display_step=1, eval_step=9, cached=False, print_prop=False, save_result=False, save_model=False, use_pretrained=False, save_att=False, model_dir='../../model/', hops=2, gat_heads=4, out_heads=1, num_partitions=500, partition_method='metis')
pokec
dataset pokec | num nodes 1632803 | num edge 30622564 | num node feats 65 | num classes 2
Computing 500 partitions using metis...
Partitions: 500, avg size: 3266, max size: 3363, boundary: 1386760/1632803 (84.9%)
MODEL: PCGTFormer(
  (pcgt_conv): PCGTConv(
    (fcs): ModuleList(
      (0): Linear(in_features=65, out_features=64, bias=True)
    )
    (bns): ModuleList(
      (0-1): 2 x LayerNorm((64,), eps=1e-05, elementwise_affine=True)
    )
    (partition_pe): Embedding(500, 64)
    (convs): ModuleList(
      (0): PCGTConvLayer(
        (Wq): Linear(in_features=64, out_features=64, bias=True)
        (Wk): Linear(in_features=64, out_features=64, bias=True)
        (Wv): Linear(in_features=64, out_features=64, bias=True)
      )
    )
  )
  (graph_conv): GraphConv(
    (convs): ModuleList(
      (0-1): 2 x GraphConvLayer(
        (W): Linear(in_features=128, out_features=64, bias=True)
      )
    )
    (fcs): ModuleList(
      (0): Linear(in_features=65, out_features=64, bias=True)
    )
    (bns): ModuleList(
      (0-2): 3 x BatchNorm1d(64, eps=1e-05, momentum=0.1, affine=True, track_running_stats=True)
    )
  )
  (fc): Linear(in_features=64, out_features=2, bias=True)
)
Epoch: 00, Loss: 0.6554, Train: 57.45%, Valid: 57.53%, Test: 57.63%
Epoch: 09, Loss: 0.6223, Train: 69.12%, Valid: 68.92%, Test: 68.99%
Epoch: 18, Loss: 0.6206, Train: 71.51%, Valid: 71.37%, Test: 71.31%
Epoch: 27, Loss: 0.6156, Train: 72.40%, Valid: 72.12%, Test: 72.16%
Epoch: 36, Loss: 0.6117, Train: 72.80%, Valid: 72.43%, Test: 72.54%
Epoch: 45, Loss: 0.6103, Train: 72.29%, Valid: 71.87%, Test: 71.95%
Epoch: 54, Loss: 0.6087, Train: 74.04%, Valid: 73.50%, Test: 73.63%
Epoch: 63, Loss: 0.6039, Train: 73.74%, Valid: 73.16%, Test: 73.28%
Epoch: 72, Loss: 0.6067, Train: 71.83%, Valid: 71.30%, Test: 71.39%
Epoch: 81, Loss: 0.6033, Train: 73.79%, Valid: 73.14%, Test: 73.23%
Epoch: 90, Loss: 0.6056, Train: 74.30%, Valid: 73.55%, Test: 73.73%
Epoch: 99, Loss: 0.6054, Train: 74.61%, Valid: 73.89%, Test: 74.04%
Epoch: 108, Loss: 0.6036, Train: 73.90%, Valid: 73.16%, Test: 73.33%
Epoch: 117, Loss: 0.6011, Train: 72.98%, Valid: 72.24%, Test: 72.33%
Epoch: 126, Loss: 0.6010, Train: 74.91%, Valid: 74.07%, Test: 74.15%
Epoch: 135, Loss: 0.6010, Train: 74.37%, Valid: 73.50%, Test: 73.54%
Epoch: 144, Loss: 0.6046, Train: 74.03%, Valid: 73.23%, Test: 73.34%
Epoch: 153, Loss: 0.6007, Train: 74.33%, Valid: 73.51%, Test: 73.53%
Epoch: 162, Loss: 0.5998, Train: 74.65%, Valid: 73.76%, Test: 73.73%
Epoch: 171, Loss: 0.6019, Train: 75.11%, Valid: 74.06%, Test: 74.13%
Epoch: 180, Loss: 0.6010, Train: 75.25%, Valid: 74.24%, Test: 74.32%
Epoch: 189, Loss: 0.6037, Train: 74.97%, Valid: 73.85%, Test: 73.98%
Epoch: 198, Loss: 0.5939, Train: 75.01%, Valid: 73.91%, Test: 73.99%
Epoch: 207, Loss: 0.6023, Train: 75.08%, Valid: 73.90%, Test: 74.07%
Epoch: 216, Loss: 0.5995, Train: 75.19%, Valid: 74.02%, Test: 74.09%
Epoch: 225, Loss: 0.6020, Train: 74.73%, Valid: 73.60%, Test: 73.66%
Epoch: 234, Loss: 0.6001, Train: 75.35%, Valid: 74.16%, Test: 74.23%
Epoch: 243, Loss: 0.5969, Train: 75.63%, Valid: 74.37%, Test: 74.46%
Epoch: 252, Loss: 0.6004, Train: 75.58%, Valid: 74.33%, Test: 74.37%
Epoch: 261, Loss: 0.6010, Train: 75.51%, Valid: 74.34%, Test: 74.39%
Epoch: 270, Loss: 0.5946, Train: 75.67%, Valid: 74.40%, Test: 74.41%
Epoch: 279, Loss: 0.5909, Train: 75.38%, Valid: 74.11%, Test: 74.11%
Epoch: 288, Loss: 0.6007, Train: 75.64%, Valid: 74.39%, Test: 74.46%
Epoch: 297, Loss: 0.5926, Train: 75.73%, Valid: 74.38%, Test: 74.45%
Epoch: 306, Loss: 0.5912, Train: 75.93%, Valid: 74.64%, Test: 74.74%
Epoch: 315, Loss: 0.5951, Train: 75.92%, Valid: 74.60%, Test: 74.67%
Epoch: 324, Loss: 0.5939, Train: 75.52%, Valid: 74.28%, Test: 74.29%
Epoch: 333, Loss: 0.5957, Train: 75.55%, Valid: 74.29%, Test: 74.23%
Epoch: 342, Loss: 0.5939, Train: 74.98%, Valid: 73.71%, Test: 73.70%
Epoch: 351, Loss: 0.5925, Train: 75.87%, Valid: 74.66%, Test: 74.66%
Epoch: 360, Loss: 0.5971, Train: 75.96%, Valid: 74.71%, Test: 74.69%
Epoch: 369, Loss: 0.5936, Train: 71.73%, Valid: 70.55%, Test: 70.54%
Epoch: 378, Loss: 0.5959, Train: 75.97%, Valid: 74.70%, Test: 74.75%
Epoch: 387, Loss: 0.5962, Train: 74.93%, Valid: 73.56%, Test: 73.66%
Epoch: 396, Loss: 0.5888, Train: 75.33%, Valid: 74.07%, Test: 74.09%
Epoch: 405, Loss: 0.5971, Train: 75.84%, Valid: 74.54%, Test: 74.56%
Epoch: 414, Loss: 0.5964, Train: 75.66%, Valid: 74.33%, Test: 74.38%
Epoch: 423, Loss: 0.5891, Train: 75.73%, Valid: 74.53%, Test: 74.58%
Epoch: 432, Loss: 0.5944, Train: 75.18%, Valid: 74.01%, Test: 74.07%
Epoch: 441, Loss: 0.5953, Train: 74.98%, Valid: 73.72%, Test: 73.71%
Epoch: 450, Loss: 0.5975, Train: 75.47%, Valid: 74.19%, Test: 74.14%
Epoch: 459, Loss: 0.5932, Train: 75.61%, Valid: 74.30%, Test: 74.33%
Epoch: 468, Loss: 0.5995, Train: 75.41%, Valid: 74.21%, Test: 74.22%
Epoch: 477, Loss: 0.5928, Train: 75.75%, Valid: 74.55%, Test: 74.56%
Epoch: 486, Loss: 0.5965, Train: 75.43%, Valid: 74.19%, Test: 74.24%
Epoch: 495, Loss: 0.5962, Train: 75.74%, Valid: 74.48%, Test: 74.53%
Epoch: 504, Loss: 0.5947, Train: 75.23%, Valid: 73.96%, Test: 74.06%
Epoch: 513, Loss: 0.5962, Train: 75.82%, Valid: 74.66%, Test: 74.72%
Epoch: 522, Loss: 0.5999, Train: 76.03%, Valid: 74.82%, Test: 74.84%
Epoch: 531, Loss: 0.6017, Train: 75.84%, Valid: 74.57%, Test: 74.62%
Epoch: 540, Loss: 0.5960, Train: 75.93%, Valid: 74.77%, Test: 74.78%
Epoch: 549, Loss: 0.5917, Train: 75.82%, Valid: 74.66%, Test: 74.66%
Epoch: 558, Loss: 0.5920, Train: 75.87%, Valid: 74.68%, Test: 74.71%
Epoch: 567, Loss: 0.5935, Train: 75.21%, Valid: 74.04%, Test: 74.16%
Epoch: 576, Loss: 0.5939, Train: 75.95%, Valid: 74.76%, Test: 74.75%
Epoch: 585, Loss: 0.5928, Train: 75.37%, Valid: 74.26%, Test: 74.31%
Epoch: 594, Loss: 0.5957, Train: 75.75%, Valid: 74.65%, Test: 74.69%
Epoch: 603, Loss: 0.5945, Train: 75.41%, Valid: 74.21%, Test: 74.23%
Epoch: 612, Loss: 0.5886, Train: 75.62%, Valid: 74.41%, Test: 74.41%
Epoch: 621, Loss: 0.5975, Train: 75.90%, Valid: 74.72%, Test: 74.70%
Epoch: 630, Loss: 0.5992, Train: 76.12%, Valid: 74.93%, Test: 74.90%
Epoch: 639, Loss: 0.5908, Train: 75.40%, Valid: 74.22%, Test: 74.23%
Epoch: 648, Loss: 0.6011, Train: 74.55%, Valid: 73.49%, Test: 73.53%
Epoch: 657, Loss: 0.5932, Train: 76.04%, Valid: 74.94%, Test: 74.93%
Epoch: 666, Loss: 0.5929, Train: 75.88%, Valid: 74.64%, Test: 74.69%
Epoch: 675, Loss: 0.5934, Train: 75.44%, Valid: 74.34%, Test: 74.31%
Epoch: 684, Loss: 0.5969, Train: 76.05%, Valid: 74.90%, Test: 74.99%
Epoch: 693, Loss: 0.5904, Train: 75.73%, Valid: 74.56%, Test: 74.63%
Epoch: 702, Loss: 0.5968, Train: 75.93%, Valid: 74.76%, Test: 74.76%
Epoch: 711, Loss: 0.6028, Train: 75.66%, Valid: 74.53%, Test: 74.56%
Epoch: 720, Loss: 0.5949, Train: 75.95%, Valid: 74.87%, Test: 74.85%
Epoch: 729, Loss: 0.5939, Train: 75.15%, Valid: 74.05%, Test: 74.00%
Epoch: 738, Loss: 0.5955, Train: 75.79%, Valid: 74.65%, Test: 74.70%
Epoch: 747, Loss: 0.5907, Train: 75.57%, Valid: 74.53%, Test: 74.58%
Epoch: 756, Loss: 0.5943, Train: 75.49%, Valid: 74.45%, Test: 74.48%
Epoch: 765, Loss: 0.5961, Train: 75.16%, Valid: 74.15%, Test: 74.17%
Epoch: 774, Loss: 0.5910, Train: 75.69%, Valid: 74.53%, Test: 74.54%
Epoch: 783, Loss: 0.5923, Train: 75.72%, Valid: 74.62%, Test: 74.61%
Epoch: 792, Loss: 0.5880, Train: 75.82%, Valid: 74.63%, Test: 74.70%
Epoch: 801, Loss: 0.5937, Train: 75.78%, Valid: 74.63%, Test: 74.67%
